Query #9:
Connected to Database: "schema3"

Running Query:
 select s.sname
from sailors s, reserves r, boat b
where
s.sid = r.sid 
and 
r.bid = b.bid 
and 
b.color = 'red'
and 
s.sid in ( select s2.sid
from sailors s2, boat b2, reserves r2
where s2.sid = r2.sid 
and 
r2.bid = b2.bid
and 
b2.color = 'green');

Query Result Set:

------------------------------

sname                         
Sailor3                       
Sailor6                       
Sailor9                       
Sailor12                      
Sailor15                      
Sailor18                      
Sailor21                      
Sailor24                      
Sailor27                      
Sailor30                      
Sailor33                      
Sailor36                      
Sailor39                      
Sailor42                      
Sailor45                      
Sailor48                      
Sailor51                      
Sailor54                      
Sailor57                      
Sailor60                      
Sailor63                      
Sailor66                      
Sailor69                      
Sailor72                      
Sailor75                      
Sailor78                      
Sailor81                      
Sailor84                      
Sailor87                      
Sailor90                      
Sailor93                      
Sailor96                      
Sailor99                      
Sailor102                     
Sailor105                     
Sailor108                     
Sailor111                     
Sailor114                     
Sailor117                     
Sailor120                     
Sailor123                     
Sailor126                     
Sailor129                     
Sailor132                     
Sailor135                     
Sailor138                     
Sailor141                     
Sailor144                     
Sailor147                     
Sailor150                     
Sailor153                     
Sailor156                     
Sailor159                     
Sailor162                     
Sailor165                     
Sailor168                     
Sailor171                     
Sailor174                     
Sailor177                     
Sailor180                     
Sailor183                     
Sailor186                     
Sailor189                     
Sailor192                     
Sailor195                     
Sailor198                     
Sailor201                     
Sailor204                     
Sailor207                     
Sailor210                     
Sailor213                     
Sailor216                     
Sailor219                     
Sailor222                     
Sailor225                     
Sailor228                     
Sailor231                     
Sailor234                     
Sailor237                     
Sailor240                     
Sailor243                     
Sailor246                     
Sailor249                     
Sailor252                     
Sailor255                     
Sailor258                     
Sailor261                     
Sailor264                     
Sailor267                     
Sailor270                     
Sailor273                     
Sailor276                     
Sailor279                     
Sailor282                     
Sailor285                     
Sailor288                     
Sailor291                     
Sailor294                     
Sailor297                     
Sailor300                     
Sailor303                     
Sailor306                     
Sailor309                     
Sailor312                     
Sailor315                     
Sailor318                     
Sailor321                     
Sailor324                     
Sailor327                     
Sailor330                     
Sailor333                     
Sailor336                     
Sailor339                     
Sailor342                     
Sailor345                     
Sailor348                     
Sailor351                     
Sailor354                     
Sailor357                     
Sailor360                     
Sailor363                     
Sailor366                     
Sailor369                     
Sailor372                     
Sailor375                     
Sailor378                     
Sailor381                     
Sailor384                     
Sailor387                     
Sailor390                     
Sailor393                     
Sailor396                     
Sailor399                     
Sailor402                     
Sailor405                     
Sailor408                     
Sailor411                     
Sailor414                     
Sailor417                     
Sailor420                     
Sailor423                     
Sailor426                     
Sailor429                     
Sailor432                     
Sailor435                     
Sailor438                     
Sailor441                     
Sailor444                     
Sailor447                     
Sailor450                     
Sailor453                     
Sailor456                     
Sailor459                     
Sailor462                     
Sailor465                     
Sailor468                     
Sailor471                     
Sailor474                     
Sailor477                     
Sailor480                     
Sailor483                     
Sailor486                     
Sailor489                     
Sailor492                     
Sailor495                     
Sailor498                     
Sailor501                     
Sailor504                     
Sailor507                     
Sailor510                     
Sailor513                     
Sailor516                     
Sailor519                     
Sailor522                     
Sailor525                     
Sailor528                     
Sailor531                     
Sailor534                     
Sailor537                     
Sailor540                     
Sailor543                     
Sailor546                     
Sailor549                     
Sailor552                     
Sailor555                     
Sailor558                     
Sailor561                     
Sailor564                     
Sailor567                     
Sailor570                     
Sailor573                     
Sailor576                     
Sailor579                     
Sailor582                     
Sailor585                     
Sailor588                     
Sailor591                     
Sailor594                     
Sailor597                     
Sailor600                     
Sailor603                     
Sailor606                     
Sailor609                     
Sailor612                     
Sailor615                     
Sailor618                     
Sailor621                     
Sailor624                     
Sailor627                     
Sailor630                     
Sailor633                     
Sailor636                     
Sailor639                     
Sailor642                     
Sailor645                     
Sailor648                     
Sailor651                     
Sailor654                     
Sailor657                     
Sailor660                     
Sailor663                     
Sailor666                     
Sailor669                     
Sailor672                     
Sailor675                     
Sailor678                     
Sailor681                     
Sailor684                     
Sailor687                     
Sailor690                     
Sailor693                     
Sailor696                     
Sailor699                     
Sailor702                     
Sailor705                     
Sailor708                     
Sailor711                     
Sailor714                     
Sailor717                     
Sailor720                     
Sailor723                     
Sailor726                     
Sailor729                     
Sailor732                     
Sailor735                     
Sailor738                     
Sailor741                     
Sailor744                     
Sailor747                     
Sailor750                     
Sailor753                     
Sailor756                     
Sailor759                     
Sailor762                     
Sailor765                     
Sailor768                     
Sailor771                     
Sailor774                     
Sailor777                     
Sailor780                     
Sailor783                     
Sailor786                     
Sailor789                     
Sailor792                     
Sailor795                     
Sailor798                     
Sailor801                     
Sailor804                     
Sailor807                     
Sailor810                     
Sailor813                     
Sailor816                     
Sailor819                     
Sailor822                     
Sailor825                     
Sailor828                     
Sailor831                     
Sailor834                     
Sailor837                     
Sailor840                     
Sailor843                     
Sailor846                     
Sailor849                     
Sailor852                     
Sailor855                     
Sailor858                     
Sailor861                     
Sailor864                     
Sailor867                     
Sailor870                     
Sailor873                     
Sailor876                     
Sailor879                     
Sailor882                     
Sailor885                     
Sailor888                     
Sailor891                     
Sailor894                     
Sailor897                     
Sailor900                     
Sailor903                     
Sailor906                     
Sailor909                     
Sailor912                     
Sailor915                     
Sailor918                     
Sailor921                     
Sailor924                     
Sailor927                     
Sailor930                     
Sailor933                     
Sailor936                     
Sailor939                     
Sailor942                     
Sailor945                     
Sailor948                     
Sailor951                     
Sailor954                     
Sailor957                     
Sailor960                     
Sailor963                     
Sailor966                     
Sailor969                     
Sailor972                     
Sailor975                     
Sailor978                     
Sailor981                     
Sailor984                     
Sailor987                     
Sailor990                     
Sailor993                     
Sailor996                     
Sailor999                     
Sailor1002                    
Sailor1005                    
Sailor1008                    
Sailor1011                    
Sailor1014                    
Sailor1017                    
Sailor1020                    
Sailor1023                    
Sailor1026                    
Sailor1029                    
Sailor1032                    
Sailor1035                    
Sailor1038                    
Sailor1041                    
Sailor1044                    
Sailor1047                    
Sailor1050                    
Sailor1053                    
Sailor1056                    
Sailor1059                    
Sailor1062                    
Sailor1065                    
Sailor1068                    
Sailor1071                    
Sailor1074                    
Sailor1077                    
Sailor1080                    
Sailor1083                    
Sailor1086                    
Sailor1089                    
Sailor1092                    
Sailor1095                    
Sailor1098                    
Sailor1101                    
Sailor1104                    
Sailor1107                    
Sailor1110                    
Sailor1113                    
Sailor1116                    
Sailor1119                    
Sailor1122                    
Sailor1125                    
Sailor1128                    
Sailor1131                    
Sailor1134                    
Sailor1137                    
Sailor1140                    
Sailor1143                    
Sailor1146                    
Sailor1149                    
Sailor1152                    
Sailor1155                    
Sailor1158                    
Sailor1161                    
Sailor1164                    
Sailor1167                    
Sailor1170                    
Sailor1173                    
Sailor1176                    
Sailor1179                    
Sailor1182                    
Sailor1185                    
Sailor1188                    
Sailor1191                    
Sailor1194                    
Sailor1197                    
Sailor1200                    
Sailor1203                    
Sailor1206                    
Sailor1209                    
Sailor1212                    
Sailor1215                    
Sailor1218                    
Sailor1221                    
Sailor1224                    
Sailor1227                    
Sailor1230                    
Sailor1233                    
Sailor1236                    
Sailor1239                    
Sailor1242                    
Sailor1245                    
Sailor1248                    
Sailor1251                    
Sailor1254                    
Sailor1257                    
Sailor1260                    
Sailor1263                    
Sailor1266                    
Sailor1269                    
Sailor1272                    
Sailor1275                    
Sailor1278                    
Sailor1281                    
Sailor1284                    
Sailor1287                    
Sailor1290                    
Sailor1293                    
Sailor1296                    
Sailor1299                    
Sailor1302                    
Sailor1305                    
Sailor1308                    
Sailor1311                    
Sailor1314                    
Sailor1317                    
Sailor1320                    
Sailor1323                    
Sailor1326                    
Sailor1329                    
Sailor1332                    
Sailor1335                    
Sailor1338                    
Sailor1341                    
Sailor1344                    
Sailor1347                    
Sailor1350                    
Sailor1353                    
Sailor1356                    
Sailor1359                    
Sailor1362                    
Sailor1365                    
Sailor1368                    
Sailor1371                    
Sailor1374                    
Sailor1377                    
Sailor1380                    
Sailor1383                    
Sailor1386                    
Sailor1389                    
Sailor1392                    
Sailor1395                    
Sailor1398                    
Sailor1401                    
Sailor1404                    
Sailor1407                    
Sailor1410                    
Sailor1413                    
Sailor1416                    
Sailor1419                    
Sailor1422                    
Sailor1425                    
Sailor1428                    
Sailor1431                    
Sailor1434                    
Sailor1437                    
Sailor1440                    
Sailor1443                    
Sailor1446                    
Sailor1449                    
Sailor1452                    
Sailor1455                    
Sailor1458                    
Sailor1461                    
Sailor1464                    
Sailor1467                    
Sailor1470                    
Sailor1473                    
Sailor1476                    
Sailor1479                    
Sailor1482                    
Sailor1485                    
Sailor1488                    
Sailor1491                    
Sailor1494                    
Sailor1497                    
Sailor1500                    
Sailor1503                    
Sailor1506                    
Sailor1509                    
Sailor1512                    
Sailor1515                    
Sailor1518                    
Sailor1521                    
Sailor1524                    
Sailor1527                    
Sailor1530                    
Sailor1533                    
Sailor1536                    
Sailor1539                    
Sailor1542                    
Sailor1545                    
Sailor1548                    
Sailor1551                    
Sailor1554                    
Sailor1557                    
Sailor1560                    
Sailor1563                    
Sailor1566                    
Sailor1569                    
Sailor1572                    
Sailor1575                    
Sailor1578                    
Sailor1581                    
Sailor1584                    
Sailor1587                    
Sailor1590                    
Sailor1593                    
Sailor1596                    
Sailor1599                    
Sailor1602                    
Sailor1605                    
Sailor1608                    
Sailor1611                    
Sailor1614                    
Sailor1617                    
Sailor1620                    
Sailor1623                    
Sailor1626                    
Sailor1629                    
Sailor1632                    
Sailor1635                    
Sailor1638                    
Sailor1641                    
Sailor1644                    
Sailor1647                    
Sailor1650                    
Sailor1653                    
Sailor1656                    
Sailor1659                    
Sailor1662                    
Sailor1665                    
Sailor1668                    
Sailor1671                    
Sailor1674                    
Sailor1677                    
Sailor1680                    
Sailor1683                    
Sailor1686                    
Sailor1689                    
Sailor1692                    
Sailor1695                    
Sailor1698                    
Sailor1701                    
Sailor1704                    
Sailor1707                    
Sailor1710                    
Sailor1713                    
Sailor1716                    
Sailor1719                    
Sailor1722                    
Sailor1725                    
Sailor1728                    
Sailor1731                    
Sailor1734                    
Sailor1737                    
Sailor1740                    
Sailor1743                    
Sailor1746                    
Sailor1749                    
Sailor1752                    
Sailor1755                    
Sailor1758                    
Sailor1761                    
Sailor1764                    
Sailor1767                    
Sailor1770                    
Sailor1773                    
Sailor1776                    
Sailor1779                    
Sailor1782                    
Sailor1785                    
Sailor1788                    
Sailor1791                    
Sailor1794                    
Sailor1797                    
Sailor1800                    
Sailor1803                    
Sailor1806                    
Sailor1809                    
Sailor1812                    
Sailor1815                    
Sailor1818                    
Sailor1821                    
Sailor1824                    
Sailor1827                    
Sailor1830                    
Sailor1833                    
Sailor1836                    
Sailor1839                    
Sailor1842                    
Sailor1845                    
Sailor1848                    
Sailor1851                    
Sailor1854                    
Sailor1857                    
Sailor1860                    
Sailor1863                    
Sailor1866                    
Sailor1869                    
Sailor1872                    
Sailor1875                    
Sailor1878                    
Sailor1881                    
Sailor1884                    
Sailor1887                    
Sailor1890                    
Sailor1893                    
Sailor1896                    
Sailor1899                    
Sailor1902                    
Sailor1905                    
Sailor1908                    
Sailor1911                    
Sailor1914                    
Sailor1917                    
Sailor1920                    
Sailor1923                    
Sailor1926                    
Sailor1929                    
Sailor1932                    
Sailor1935                    
Sailor1938                    
Sailor1941                    
Sailor1944                    
Sailor1947                    
Sailor1950                    
Sailor1953                    
Sailor1956                    
Sailor1959                    
Sailor1962                    
Sailor1965                    
Sailor1968                    
Sailor1971                    
Sailor1974                    
Sailor1977                    
Sailor1980                    
Sailor1983                    
Sailor1986                    
Sailor1989                    
Sailor1992                    
Sailor1995                    
Sailor1998                    
Sailor2001                    
Sailor2004                    
Sailor2007                    
Sailor2010                    
Sailor2013                    
Sailor2016                    
Sailor2019                    
Sailor2022                    
Sailor2025                    
Sailor2028                    
Sailor2031                    
Sailor2034                    
Sailor2037                    
Sailor2040                    
Sailor2043                    
Sailor2046                    
Sailor2049                    
Sailor2052                    
Sailor2055                    
Sailor2058                    
Sailor2061                    
Sailor2064                    
Sailor2067                    
Sailor2070                    
Sailor2073                    
Sailor2076                    
Sailor2079                    
Sailor2082                    
Sailor2085                    
Sailor2088                    
Sailor2091                    
Sailor2094                    
Sailor2097                    
Sailor2100                    
Sailor2103                    
Sailor2106                    
Sailor2109                    
Sailor2112                    
Sailor2115                    
Sailor2118                    
Sailor2121                    
Sailor2124                    
Sailor2127                    
Sailor2130                    
Sailor2133                    
Sailor2136                    
Sailor2139                    
Sailor2142                    
Sailor2145                    
Sailor2148                    
Sailor2151                    
Sailor2154                    
Sailor2157                    
Sailor2160                    
Sailor2163                    
Sailor2166                    
Sailor2169                    
Sailor2172                    
Sailor2175                    
Sailor2178                    
Sailor2181                    
Sailor2184                    
Sailor2187                    
Sailor2190                    
Sailor2193                    
Sailor2196                    
Sailor2199                    
Sailor2202                    
Sailor2205                    
Sailor2208                    
Sailor2211                    
Sailor2214                    
Sailor2217                    
Sailor2220                    
Sailor2223                    
Sailor2226                    
Sailor2229                    
Sailor2232                    
Sailor2235                    
Sailor2238                    
Sailor2241                    
Sailor2244                    
Sailor2247                    
Sailor2250                    
Sailor2253                    
Sailor2256                    
Sailor2259                    
Sailor2262                    
Sailor2265                    
Sailor2268                    
Sailor2271                    
Sailor2274                    
Sailor2277                    
Sailor2280                    
Sailor2283                    
Sailor2286                    
Sailor2289                    
Sailor2292                    
Sailor2295                    
Sailor2298                    
Sailor2301                    
Sailor2304                    
Sailor2307                    
Sailor2310                    
Sailor2313                    
Sailor2316                    
Sailor2319                    
Sailor2322                    
Sailor2325                    
Sailor2328                    
Sailor2331                    
Sailor2334                    
Sailor2337                    
Sailor2340                    
Sailor2343                    
Sailor2346                    
Sailor2349                    
Sailor2352                    
Sailor2355                    
Sailor2358                    
Sailor2361                    
Sailor2364                    
Sailor2367                    
Sailor2370                    
Sailor2373                    
Sailor2376                    
Sailor2379                    
Sailor2382                    
Sailor2385                    
Sailor2388                    
Sailor2391                    
Sailor2394                    
Sailor2397                    
Sailor2400                    
Sailor2403                    
Sailor2406                    
Sailor2409                    
Sailor2412                    
Sailor2415                    
Sailor2418                    
Sailor2421                    
Sailor2424                    
Sailor2427                    
Sailor2430                    
Sailor2433                    
Sailor2436                    
Sailor2439                    
Sailor2442                    
Sailor2445                    
Sailor2448                    
Sailor2451                    
Sailor2454                    
Sailor2457                    
Sailor2460                    
Sailor2463                    
Sailor2466                    
Sailor2469                    
Sailor2472                    
Sailor2475                    
Sailor2478                    
Sailor2481                    
Sailor2484                    
Sailor2487                    
Sailor2490                    
Sailor2493                    
Sailor2496                    
Sailor2499                    
Sailor2502                    
Sailor2505                    
Sailor2508                    
Sailor2511                    
Sailor2514                    
Sailor2517                    
Sailor2520                    
Sailor2523                    
Sailor2526                    
Sailor2529                    
Sailor2532                    
Sailor2535                    
Sailor2538                    
Sailor2541                    
Sailor2544                    
Sailor2547                    
Sailor2550                    
Sailor2553                    
Sailor2556                    
Sailor2559                    
Sailor2562                    
Sailor2565                    
Sailor2568                    
Sailor2571                    
Sailor2574                    
Sailor2577                    
Sailor2580                    
Sailor2583                    
Sailor2586                    
Sailor2589                    
Sailor2592                    
Sailor2595                    
Sailor2598                    
Sailor2601                    
Sailor2604                    
Sailor2607                    
Sailor2610                    
Sailor2613                    
Sailor2616                    
Sailor2619                    
Sailor2622                    
Sailor2625                    
Sailor2628                    
Sailor2631                    
Sailor2634                    
Sailor2637                    
Sailor2640                    
Sailor2643                    
Sailor2646                    
Sailor2649                    
Sailor2652                    
Sailor2655                    
Sailor2658                    
Sailor2661                    
Sailor2664                    
Sailor2667                    
Sailor2670                    
Sailor2673                    
Sailor2676                    
Sailor2679                    
Sailor2682                    
Sailor2685                    
Sailor2688                    
Sailor2691                    
Sailor2694                    
Sailor2697                    
Sailor2700                    
Sailor2703                    
Sailor2706                    
Sailor2709                    
Sailor2712                    
Sailor2715                    
Sailor2718                    
Sailor2721                    
Sailor2724                    
Sailor2727                    
Sailor2730                    
Sailor2733                    
Sailor2736                    
Sailor2739                    
Sailor2742                    
Sailor2745                    
Sailor2748                    
Sailor2751                    
Sailor2754                    
Sailor2757                    
Sailor2760                    
Sailor2763                    
Sailor2766                    
Sailor2769                    
Sailor2772                    
Sailor2775                    
Sailor2778                    
Sailor2781                    
Sailor2784                    
Sailor2787                    
Sailor2790                    
Sailor2793                    
Sailor2796                    
Sailor2799                    
Sailor2802                    
Sailor2805                    
Sailor2808                    
Sailor2811                    
Sailor2814                    
Sailor2817                    
Sailor2820                    
Sailor2823                    
Sailor2826                    
Sailor2829                    
Sailor2832                    
Sailor2835                    
Sailor2838                    
Sailor2841                    
Sailor2844                    
Sailor2847                    
Sailor2850                    
Sailor2853                    
Sailor2856                    
Sailor2859                    
Sailor2862                    
Sailor2865                    
Sailor2868                    
Sailor2871                    
Sailor2874                    
Sailor2877                    
Sailor2880                    
Sailor2883                    
Sailor2886                    
Sailor2889                    
Sailor2892                    
Sailor2895                    
Sailor2898                    
Sailor2901                    
Sailor2904                    
Sailor2907                    
Sailor2910                    
Sailor2913                    
Sailor2916                    
Sailor2919                    
Sailor2922                    
Sailor2925                    
Sailor2928                    
Sailor2931                    
Sailor2934                    
Sailor2937                    
Sailor2940                    
Sailor2943                    
Sailor2946                    
Sailor2949                    
Sailor2952                    
Sailor2955                    
Sailor2958                    
Sailor2961                    
Sailor2964                    
Sailor2967                    
Sailor2970                    
Sailor2973                    
Sailor2976                    
Sailor2979                    
Sailor2982                    
Sailor2985                    
Sailor2988                    
Sailor2991                    
Sailor2994                    
Sailor2997                    
Sailor3000                    
Sailor3003                    
Sailor3006                    
Sailor3009                    
Sailor3012                    
Sailor3015                    
Sailor3018                    
Sailor3021                    
Sailor3024                    
Sailor3027                    
Sailor3030                    
Sailor3033                    
Sailor3036                    
Sailor3039                    
Sailor3042                    
Sailor3045                    
Sailor3048                    
Sailor3051                    
Sailor3054                    
Sailor3057                    
Sailor3060                    
Sailor3063                    
Sailor3066                    
Sailor3069                    
Sailor3072                    
Sailor3075                    
Sailor3078                    
Sailor3081                    
Sailor3084                    
Sailor3087                    
Sailor3090                    
Sailor3093                    
Sailor3096                    
Sailor3099                    
Sailor3102                    
Sailor3105                    
Sailor3108                    
Sailor3111                    
Sailor3114                    
Sailor3117                    
Sailor3120                    
Sailor3123                    
Sailor3126                    
Sailor3129                    
Sailor3132                    
Sailor3135                    
Sailor3138                    
Sailor3141                    
Sailor3144                    
Sailor3147                    
Sailor3150                    
Sailor3153                    
Sailor3156                    
Sailor3159                    
Sailor3162                    
Sailor3165                    
Sailor3168                    
Sailor3171                    
Sailor3174                    
Sailor3177                    
Sailor3180                    
Sailor3183                    
Sailor3186                    
Sailor3189                    
Sailor3192                    
Sailor3195                    
Sailor3198                    
Sailor3201                    
Sailor3204                    
Sailor3207                    
Sailor3210                    
Sailor3213                    
Sailor3216                    
Sailor3219                    
Sailor3222                    
Sailor3225                    
Sailor3228                    
Sailor3231                    
Sailor3234                    
Sailor3237                    
Sailor3240                    
Sailor3243                    
Sailor3246                    
Sailor3249                    
Sailor3252                    
Sailor3255                    
Sailor3258                    
Sailor3261                    
Sailor3264                    
Sailor3267                    
Sailor3270                    
Sailor3273                    
Sailor3276                    
Sailor3279                    
Sailor3282                    
Sailor3285                    
Sailor3288                    
Sailor3291                    
Sailor3294                    
Sailor3297                    
Sailor3300                    
Sailor3303                    
Sailor3306                    
Sailor3309                    
Sailor3312                    
Sailor3315                    
Sailor3318                    
Sailor3321                    
Sailor3324                    
Sailor3327                    
Sailor3330                    
Sailor3333                    
Sailor3336                    
Sailor3339                    
Sailor3342                    
Sailor3345                    
Sailor3348                    
Sailor3351                    
Sailor3354                    
Sailor3357                    
Sailor3360                    
Sailor3363                    
Sailor3366                    
Sailor3369                    
Sailor3372                    
Sailor3375                    
Sailor3378                    
Sailor3381                    
Sailor3384                    
Sailor3387                    
Sailor3390                    
Sailor3393                    
Sailor3396                    
Sailor3399                    
Sailor3402                    
Sailor3405                    
Sailor3408                    
Sailor3411                    
Sailor3414                    
Sailor3417                    
Sailor3420                    
Sailor3423                    
Sailor3426                    
Sailor3429                    
Sailor3432                    
Sailor3435                    
Sailor3438                    
Sailor3441                    
Sailor3444                    
Sailor3447                    
Sailor3450                    
Sailor3453                    
Sailor3456                    
Sailor3459                    
Sailor3462                    
Sailor3465                    
Sailor3468                    
Sailor3471                    
Sailor3474                    
Sailor3477                    
Sailor3480                    
Sailor3483                    
Sailor3486                    
Sailor3489                    
Sailor3492                    
Sailor3495                    
Sailor3498                    
Sailor3501                    
Sailor3504                    
Sailor3507                    
Sailor3510                    
Sailor3513                    
Sailor3516                    
Sailor3519                    
Sailor3522                    
Sailor3525                    
Sailor3528                    
Sailor3531                    
Sailor3534                    
Sailor3537                    
Sailor3540                    
Sailor3543                    
Sailor3546                    
Sailor3549                    
Sailor3552                    
Sailor3555                    
Sailor3558                    
Sailor3561                    
Sailor3564                    
Sailor3567                    
Sailor3570                    
Sailor3573                    
Sailor3576                    
Sailor3579                    
Sailor3582                    
Sailor3585                    
Sailor3588                    
Sailor3591                    
Sailor3594                    
Sailor3597                    
Sailor3600                    
Sailor3603                    
Sailor3606                    
Sailor3609                    
Sailor3612                    
Sailor3615                    
Sailor3618                    
Sailor3621                    
Sailor3624                    
Sailor3627                    
Sailor3630                    
Sailor3633                    
Sailor3636                    
Sailor3639                    
Sailor3642                    
Sailor3645                    
Sailor3648                    
Sailor3651                    
Sailor3654                    
Sailor3657                    
Sailor3660                    
Sailor3663                    
Sailor3666                    
Sailor3669                    
Sailor3672                    
Sailor3675                    
Sailor3678                    
Sailor3681                    
Sailor3684                    
Sailor3687                    
Sailor3690                    
Sailor3693                    
Sailor3696                    
Sailor3699                    
Sailor3702                    
Sailor3705                    
Sailor3708                    
Sailor3711                    
Sailor3714                    
Sailor3717                    
Sailor3720                    
Sailor3723                    
Sailor3726                    
Sailor3729                    
Sailor3732                    
Sailor3735                    
Sailor3738                    
Sailor3741                    
Sailor3744                    
Sailor3747                    
Sailor3750                    
Sailor3753                    
Sailor3756                    
Sailor3759                    
Sailor3762                    
Sailor3765                    
Sailor3768                    
Sailor3771                    
Sailor3774                    
Sailor3777                    
Sailor3780                    
Sailor3783                    
Sailor3786                    
Sailor3789                    
Sailor3792                    
Sailor3795                    
Sailor3798                    
Sailor3801                    
Sailor3804                    
Sailor3807                    
Sailor3810                    
Sailor3813                    
Sailor3816                    
Sailor3819                    
Sailor3822                    
Sailor3825                    
Sailor3828                    
Sailor3831                    
Sailor3834                    
Sailor3837                    
Sailor3840                    
Sailor3843                    
Sailor3846                    
Sailor3849                    
Sailor3852                    
Sailor3855                    
Sailor3858                    
Sailor3861                    
Sailor3864                    
Sailor3867                    
Sailor3870                    
Sailor3873                    
Sailor3876                    
Sailor3879                    
Sailor3882                    
Sailor3885                    
Sailor3888                    
Sailor3891                    
Sailor3894                    
Sailor3897                    
Sailor3900                    
Sailor3903                    
Sailor3906                    
Sailor3909                    
Sailor3912                    
Sailor3915                    
Sailor3918                    
Sailor3921                    
Sailor3924                    
Sailor3927                    
Sailor3930                    
Sailor3933                    
Sailor3936                    
Sailor3939                    
Sailor3942                    
Sailor3945                    
Sailor3948                    
Sailor3951                    
Sailor3954                    
Sailor3957                    
Sailor3960                    
Sailor3963                    
Sailor3966                    
Sailor3969                    
Sailor3972                    
Sailor3975                    
Sailor3978                    
Sailor3981                    
Sailor3984                    
Sailor3987                    
Sailor3990                    
Sailor3993                    
Sailor3996                    
Sailor3999                    
Sailor4002                    
Sailor4005                    
Sailor4008                    
Sailor4011                    
Sailor4014                    
Sailor4017                    
Sailor4020                    
Sailor4023                    
Sailor4026                    
Sailor4029                    
Sailor4032                    
Sailor4035                    
Sailor4038                    
Sailor4041                    
Sailor4044                    
Sailor4047                    
Sailor4050                    
Sailor4053                    
Sailor4056                    
Sailor4059                    
Sailor4062                    
Sailor4065                    
Sailor4068                    
Sailor4071                    
Sailor4074                    
Sailor4077                    
Sailor4080                    
Sailor4083                    
Sailor4086                    
Sailor4089                    
Sailor4092                    
Sailor4095                    
Sailor4098                    
Sailor4101                    
Sailor4104                    
Sailor4107                    
Sailor4110                    
Sailor4113                    
Sailor4116                    
Sailor4119                    
Sailor4122                    
Sailor4125                    
Sailor4128                    
Sailor4131                    
Sailor4134                    
Sailor4137                    
Sailor4140                    
Sailor4143                    
Sailor4146                    
Sailor4149                    
Sailor4152                    
Sailor4155                    
Sailor4158                    
Sailor4161                    
Sailor4164                    
Sailor4167                    
Sailor4170                    
Sailor4173                    
Sailor4176                    
Sailor4179                    
Sailor4182                    
Sailor4185                    
Sailor4188                    
Sailor4191                    
Sailor4194                    
Sailor4197                    
Sailor4200                    
Sailor4203                    
Sailor4206                    
Sailor4209                    
Sailor4212                    
Sailor4215                    
Sailor4218                    
Sailor4221                    
Sailor4224                    
Sailor4227                    
Sailor4230                    
Sailor4233                    
Sailor4236                    
Sailor4239                    
Sailor4242                    
Sailor4245                    
Sailor4248                    
Sailor4251                    
Sailor4254                    
Sailor4257                    
Sailor4260                    
Sailor4263                    
Sailor4266                    
Sailor4269                    
Sailor4272                    
Sailor4275                    
Sailor4278                    
Sailor4281                    
Sailor4284                    
Sailor4287                    
Sailor4290                    
Sailor4293                    
Sailor4296                    
Sailor4299                    
Sailor4302                    
Sailor4305                    
Sailor4308                    
Sailor4311                    
Sailor4314                    
Sailor4317                    
Sailor4320                    
Sailor4323                    
Sailor4326                    
Sailor4329                    
Sailor4332                    
Sailor4335                    
Sailor4338                    
Sailor4341                    
Sailor4344                    
Sailor4347                    
Sailor4350                    
Sailor4353                    
Sailor4356                    
Sailor4359                    
Sailor4362                    
Sailor4365                    
Sailor4368                    
Sailor4371                    
Sailor4374                    
Sailor4377                    
Sailor4380                    
Sailor4383                    
Sailor4386                    
Sailor4389                    
Sailor4392                    
Sailor4395                    
Sailor4398                    
Sailor4401                    
Sailor4404                    
Sailor4407                    
Sailor4410                    
Sailor4413                    
Sailor4416                    
Sailor4419                    
Sailor4422                    
Sailor4425                    
Sailor4428                    
Sailor4431                    
Sailor4434                    
Sailor4437                    
Sailor4440                    
Sailor4443                    
Sailor4446                    
Sailor4449                    
Sailor4452                    
Sailor4455                    
Sailor4458                    
Sailor4461                    
Sailor4464                    
Sailor4467                    
Sailor4470                    
Sailor4473                    
Sailor4476                    
Sailor4479                    
Sailor4482                    
Sailor4485                    
Sailor4488                    
Sailor4491                    
Sailor4494                    
Sailor4497                    
Sailor4500                    
Sailor4503                    
Sailor4506                    
Sailor4509                    
Sailor4512                    
Sailor4515                    
Sailor4518                    
Sailor4521                    
Sailor4524                    
Sailor4527                    
Sailor4530                    
Sailor4533                    
Sailor4536                    
Sailor4539                    
Sailor4542                    
Sailor4545                    
Sailor4548                    
Sailor4551                    
Sailor4554                    
Sailor4557                    
Sailor4560                    
Sailor4563                    
Sailor4566                    
Sailor4569                    
Sailor4572                    
Sailor4575                    
Sailor4578                    
Sailor4581                    
Sailor4584                    
Sailor4587                    
Sailor4590                    
Sailor4593                    
Sailor4596                    
Sailor4599                    
Sailor4602                    
Sailor4605                    
Sailor4608                    
Sailor4611                    
Sailor4614                    
Sailor4617                    
Sailor4620                    
Sailor4623                    
Sailor4626                    
Sailor4629                    
Sailor4632                    
Sailor4635                    
Sailor4638                    
Sailor4641                    
Sailor4644                    
Sailor4647                    
Sailor4650                    
Sailor4653                    
Sailor4656                    
Sailor4659                    
Sailor4662                    
Sailor4665                    
Sailor4668                    
Sailor4671                    
Sailor4674                    
Sailor4677                    
Sailor4680                    
Sailor4683                    
Sailor4686                    
Sailor4689                    
Sailor4692                    
Sailor4695                    
Sailor4698                    
Sailor4701                    
Sailor4704                    
Sailor4707                    
Sailor4710                    
Sailor4713                    
Sailor4716                    
Sailor4719                    
Sailor4722                    
Sailor4725                    
Sailor4728                    
Sailor4731                    
Sailor4734                    
Sailor4737                    
Sailor4740                    
Sailor4743                    
Sailor4746                    
Sailor4749                    
Sailor4752                    
Sailor4755                    
Sailor4758                    
Sailor4761                    
Sailor4764                    
Sailor4767                    
Sailor4770                    
Sailor4773                    
Sailor4776                    
Sailor4779                    
Sailor4782                    
Sailor4785                    
Sailor4788                    
Sailor4791                    
Sailor4794                    
Sailor4797                    
Sailor4800                    
Sailor4803                    
Sailor4806                    
Sailor4809                    
Sailor4812                    
Sailor4815                    
Sailor4818                    
Sailor4821                    
Sailor4824                    
Sailor4827                    
Sailor4830                    
Sailor4833                    
Sailor4836                    
Sailor4839                    
Sailor4842                    
Sailor4845                    
Sailor4848                    
Sailor4851                    
Sailor4854                    
Sailor4857                    
Sailor4860                    
Sailor4863                    
Sailor4866                    
Sailor4869                    
Sailor4872                    
Sailor4875                    
Sailor4878                    
Sailor4881                    
Sailor4884                    
Sailor4887                    
Sailor4890                    
Sailor4893                    
Sailor4896                    
Sailor4899                    
Sailor4902                    
Sailor4905                    
Sailor4908                    
Sailor4911                    
Sailor4914                    
Sailor4917                    
Sailor4920                    
Sailor4923                    
Sailor4926                    
Sailor4929                    
Sailor4932                    
Sailor4935                    
Sailor4938                    
Sailor4941                    
Sailor4944                    
Sailor4947                    
Sailor4950                    
Sailor4953                    
Sailor4956                    
Sailor4959                    
Sailor4962                    
Sailor4965                    
Sailor4968                    
Sailor4971                    
Sailor4974                    
Sailor4977                    
Sailor4980                    
Sailor4983                    
Sailor4986                    
Sailor4989                    
Sailor4992                    
Sailor4995                    
Sailor4998                    
Sailor5001                    
Sailor5004                    
Sailor5007                    
Sailor5010                    
Sailor5013                    
Sailor5016                    
Sailor5019                    
Sailor5022                    
Sailor5025                    
Sailor5028                    
Sailor5031                    
Sailor5034                    
Sailor5037                    
Sailor5040                    
Sailor5043                    
Sailor5046                    
Sailor5049                    
Sailor5052                    
Sailor5055                    
Sailor5058                    
Sailor5061                    
Sailor5064                    
Sailor5067                    
Sailor5070                    
Sailor5073                    
Sailor5076                    
Sailor5079                    
Sailor5082                    
Sailor5085                    
Sailor5088                    
Sailor5091                    
Sailor5094                    
Sailor5097                    
Sailor5100                    
Sailor5103                    
Sailor5106                    
Sailor5109                    
Sailor5112                    
Sailor5115                    
Sailor5118                    
Sailor5121                    
Sailor5124                    
Sailor5127                    
Sailor5130                    
Sailor5133                    
Sailor5136                    
Sailor5139                    
Sailor5142                    
Sailor5145                    
Sailor5148                    
Sailor5151                    
Sailor5154                    
Sailor5157                    
Sailor5160                    
Sailor5163                    
Sailor5166                    
Sailor5169                    
Sailor5172                    
Sailor5175                    
Sailor5178                    
Sailor5181                    
Sailor5184                    
Sailor5187                    
Sailor5190                    
Sailor5193                    
Sailor5196                    
Sailor5199                    
Sailor5202                    
Sailor5205                    
Sailor5208                    
Sailor5211                    
Sailor5214                    
Sailor5217                    
Sailor5220                    
Sailor5223                    
Sailor5226                    
Sailor5229                    
Sailor5232                    
Sailor5235                    
Sailor5238                    
Sailor5241                    
Sailor5244                    
Sailor5247                    
Sailor5250                    
Sailor5253                    
Sailor5256                    
Sailor5259                    
Sailor5262                    
Sailor5265                    
Sailor5268                    
Sailor5271                    
Sailor5274                    
Sailor5277                    
Sailor5280                    
Sailor5283                    
Sailor5286                    
Sailor5289                    
Sailor5292                    
Sailor5295                    
Sailor5298                    
Sailor5301                    
Sailor5304                    
Sailor5307                    
Sailor5310                    
Sailor5313                    
Sailor5316                    
Sailor5319                    
Sailor5322                    
Sailor5325                    
Sailor5328                    
Sailor5331                    
Sailor5334                    
Sailor5337                    
Sailor5340                    
Sailor5343                    
Sailor5346                    
Sailor5349                    
Sailor5352                    
Sailor5355                    
Sailor5358                    
Sailor5361                    
Sailor5364                    
Sailor5367                    
Sailor5370                    
Sailor5373                    
Sailor5376                    
Sailor5379                    
Sailor5382                    
Sailor5385                    
Sailor5388                    
Sailor5391                    
Sailor5394                    
Sailor5397                    
Sailor5400                    
Sailor5403                    
Sailor5406                    
Sailor5409                    
Sailor5412                    
Sailor5415                    
Sailor5418                    
Sailor5421                    
Sailor5424                    
Sailor5427                    
Sailor5430                    
Sailor5433                    
Sailor5436                    
Sailor5439                    
Sailor5442                    
Sailor5445                    
Sailor5448                    
Sailor5451                    
Sailor5454                    
Sailor5457                    
Sailor5460                    
Sailor5463                    
Sailor5466                    
Sailor5469                    
Sailor5472                    
Sailor5475                    
Sailor5478                    
Sailor5481                    
Sailor5484                    
Sailor5487                    
Sailor5490                    
Sailor5493                    
Sailor5496                    
Sailor5499                    
Sailor5502                    
Sailor5505                    
Sailor5508                    
Sailor5511                    
Sailor5514                    
Sailor5517                    
Sailor5520                    
Sailor5523                    
Sailor5526                    
Sailor5529                    
Sailor5532                    
Sailor5535                    
Sailor5538                    
Sailor5541                    
Sailor5544                    
Sailor5547                    
Sailor5550                    
Sailor5553                    
Sailor5556                    
Sailor5559                    
Sailor5562                    
Sailor5565                    
Sailor5568                    
Sailor5571                    
Sailor5574                    
Sailor5577                    
Sailor5580                    
Sailor5583                    
Sailor5586                    
Sailor5589                    
Sailor5592                    
Sailor5595                    
Sailor5598                    
Sailor5601                    
Sailor5604                    
Sailor5607                    
Sailor5610                    
Sailor5613                    
Sailor5616                    
Sailor5619                    
Sailor5622                    
Sailor5625                    
Sailor5628                    
Sailor5631                    
Sailor5634                    
Sailor5637                    
Sailor5640                    
Sailor5643                    
Sailor5646                    
Sailor5649                    
Sailor5652                    
Sailor5655                    
Sailor5658                    
Sailor5661                    
Sailor5664                    
Sailor5667                    
Sailor5670                    
Sailor5673                    
Sailor5676                    
Sailor5679                    
Sailor5682                    
Sailor5685                    
Sailor5688                    
Sailor5691                    
Sailor5694                    
Sailor5697                    
Sailor5700                    
Sailor5703                    
Sailor5706                    
Sailor5709                    
Sailor5712                    
Sailor5715                    
Sailor5718                    
Sailor5721                    
Sailor5724                    
Sailor5727                    
Sailor5730                    
Sailor5733                    
Sailor5736                    
Sailor5739                    
Sailor5742                    
Sailor5745                    
Sailor5748                    
Sailor5751                    
Sailor5754                    
Sailor5757                    
Sailor5760                    
Sailor5763                    
Sailor5766                    
Sailor5769                    
Sailor5772                    
Sailor5775                    
Sailor5778                    
Sailor5781                    
Sailor5784                    
Sailor5787                    
Sailor5790                    
Sailor5793                    
Sailor5796                    
Sailor5799                    
Sailor5802                    
Sailor5805                    
Sailor5808                    
Sailor5811                    
Sailor5814                    
Sailor5817                    
Sailor5820                    
Sailor5823                    
Sailor5826                    
Sailor5829                    
Sailor5832                    
Sailor5835                    
Sailor5838                    
Sailor5841                    
Sailor5844                    
Sailor5847                    
Sailor5850                    
Sailor5853                    
Sailor5856                    
Sailor5859                    
Sailor5862                    
Sailor5865                    
Sailor5868                    
Sailor5871                    
Sailor5874                    
Sailor5877                    
Sailor5880                    
Sailor5883                    
Sailor5886                    
Sailor5889                    
Sailor5892                    
Sailor5895                    
Sailor5898                    
Sailor5901                    
Sailor5904                    
Sailor5907                    
Sailor5910                    
Sailor5913                    
Sailor5916                    
Sailor5919                    
Sailor5922                    
Sailor5925                    
Sailor5928                    
Sailor5931                    
Sailor5934                    
Sailor5937                    
Sailor5940                    
Sailor5943                    
Sailor5946                    
Sailor5949                    
Sailor5952                    
Sailor5955                    
Sailor5958                    
Sailor5961                    
Sailor5964                    
Sailor5967                    
Sailor5970                    
Sailor5973                    
Sailor5976                    
Sailor5979                    
Sailor5982                    
Sailor5985                    
Sailor5988                    
Sailor5991                    
Sailor5994                    
Sailor5997                    
Sailor6000                    
Sailor3                       


End of Results
The Size of the Result Set = 2001

##############################


------------------------------

Indicies Configuration #1:
No Indicies Used

------------------------------

1. The Total Cost of the Plan = 1380.64
2. The Estimated Size of the Result Set = 2778
3. The Plan of the Query:
{
  "Total Cost": 1380.64,
  "Plans": [
    {
      "Parent Relationship": "Outer",
      "Total Cost": 637.05,
      "Plans": [
        {
          "Parent Relationship": "Outer",
          "Total Cost": 346.42,
          "Plans": [
            {
              "Parent Relationship": "Outer",
              "Total Cost": 231.99,
              "Relation Name": "reserves",
              "Parallel Aware": false,
              "Alias": "r",
              "Node Type": "Seq Scan",
              "Plan Width": 8,
              "Startup Cost": 0.0,
              "Plan Rows": 14999
            },
            {
              "Parent Relationship": "Inner",
              "Total Cost": 62.5,
              "Plans": [
                {
                  "Parent Relationship": "Outer",
                  "Total Cost": 62.5,
                  "Relation Name": "boat",
                  "Parallel Aware": false,
                  "Filter": "(color \u003d \u0027red\u0027::bpchar)",
                  "Alias": "b",
                  "Node Type": "Seq Scan",
                  "Plan Width": 4,
                  "Startup Cost": 0.0,
                  "Plan Rows": 1000
                }
              ],
              "Parallel Aware": false,
              "Node Type": "Hash",
              "Plan Width": 4,
              "Startup Cost": 62.5,
              "Plan Rows": 1000
            }
          ],
          "Parallel Aware": false,
          "Node Type": "Hash Join",
          "Join Type": "Inner",
          "Plan Width": 4,
          "Startup Cost": 75.0,
          "Hash Cond": "(r.bid \u003d b.bid)",
          "Plan Rows": 5000,
          "Inner Unique": true
        },
        {
          "Parent Relationship": "Inner",
          "Total Cost": 165.0,
          "Plans": [
            {
              "Parent Relationship": "Outer",
              "Total Cost": 165.0,
              "Relation Name": "sailors",
              "Parallel Aware": false,
              "Alias": "s",
              "Node Type": "Seq Scan",
              "Plan Width": 25,
              "Startup Cost": 0.0,
              "Plan Rows": 9000
            }
          ],
          "Parallel Aware": false,
          "Node Type": "Hash",
          "Plan Width": 25,
          "Startup Cost": 165.0,
          "Plan Rows": 9000
        }
      ],
      "Parallel Aware": false,
      "Node Type": "Hash Join",
      "Join Type": "Inner",
      "Plan Width": 29,
      "Startup Cost": 352.5,
      "Hash Cond": "(r.sid \u003d s.sid)",
      "Plan Rows": 5000,
      "Inner Unique": true
    },
    {
      "Parent Relationship": "Inner",
      "Total Cost": 637.05,
      "Plans": [
        {
          "Parent Relationship": "Outer",
          "Total Cost": 637.05,
          "Plans": [
            {
              "Parent Relationship": "Outer",
              "Total Cost": 346.42,
              "Plans": [
                {
                  "Parent Relationship": "Outer",
                  "Total Cost": 231.99,
                  "Relation Name": "reserves",
                  "Parallel Aware": false,
                  "Alias": "r2",
                  "Node Type": "Seq Scan",
                  "Plan Width": 8,
                  "Startup Cost": 0.0,
                  "Plan Rows": 14999
                },
                {
                  "Parent Relationship": "Inner",
                  "Total Cost": 62.5,
                  "Plans": [
                    {
                      "Parent Relationship": "Outer",
                      "Total Cost": 62.5,
                      "Relation Name": "boat",
                      "Parallel Aware": false,
                      "Filter": "(color \u003d \u0027green\u0027::bpchar)",
                      "Alias": "b2",
                      "Node Type": "Seq Scan",
                      "Plan Width": 4,
                      "Startup Cost": 0.0,
                      "Plan Rows": 1000
                    }
                  ],
                  "Parallel Aware": false,
                  "Node Type": "Hash",
                  "Plan Width": 4,
                  "Startup Cost": 62.5,
                  "Plan Rows": 1000
                }
              ],
              "Parallel Aware": false,
              "Node Type": "Hash Join",
              "Join Type": "Inner",
              "Plan Width": 4,
              "Startup Cost": 75.0,
              "Hash Cond": "(r2.bid \u003d b2.bid)",
              "Plan Rows": 5000,
              "Inner Unique": true
            },
            {
              "Parent Relationship": "Inner",
              "Total Cost": 165.0,
              "Plans": [
                {
                  "Parent Relationship": "Outer",
                  "Total Cost": 165.0,
                  "Relation Name": "sailors",
                  "Parallel Aware": false,
                  "Alias": "s2",
                  "Node Type": "Seq Scan",
                  "Plan Width": 4,
                  "Startup Cost": 0.0,
                  "Plan Rows": 9000
                }
              ],
              "Parallel Aware": false,
              "Node Type": "Hash",
              "Plan Width": 4,
              "Startup Cost": 165.0,
              "Plan Rows": 9000
            }
          ],
          "Parallel Aware": false,
          "Node Type": "Hash Join",
          "Join Type": "Inner",
          "Plan Width": 8,
          "Startup Cost": 352.5,
          "Hash Cond": "(r2.sid \u003d s2.sid)",
          "Plan Rows": 5000,
          "Inner Unique": true
        }
      ],
      "Parallel Aware": false,
      "Node Type": "Hash",
      "Plan Width": 8,
      "Startup Cost": 637.05,
      "Plan Rows": 5000
    }
  ],
  "Parallel Aware": false,
  "Node Type": "Hash Join",
  "Join Type": "Semi",
  "Plan Width": 21,
  "Startup Cost": 1052.05,
  "Hash Cond": "(s.sid \u003d s2.sid)",
  "Plan Rows": 2778,
  "Inner Unique": false
}

------------------------------

Indicies Configuration #2:
Index btree on column bid in table boat

------------------------------

1. The Total Cost of the Plan = 1380.64
2. The Estimated Size of the Result Set = 2778
3. The Plan of the Query:
{
  "Total Cost": 1380.64,
  "Plans": [
    {
      "Parent Relationship": "Outer",
      "Total Cost": 637.05,
      "Plans": [
        {
          "Parent Relationship": "Outer",
          "Total Cost": 346.42,
          "Plans": [
            {
              "Parent Relationship": "Outer",
              "Total Cost": 231.99,
              "Relation Name": "reserves",
              "Parallel Aware": false,
              "Alias": "r",
              "Node Type": "Seq Scan",
              "Plan Width": 8,
              "Startup Cost": 0.0,
              "Plan Rows": 14999
            },
            {
              "Parent Relationship": "Inner",
              "Total Cost": 62.5,
              "Plans": [
                {
                  "Parent Relationship": "Outer",
                  "Total Cost": 62.5,
                  "Relation Name": "boat",
                  "Parallel Aware": false,
                  "Filter": "(color \u003d \u0027red\u0027::bpchar)",
                  "Alias": "b",
                  "Node Type": "Seq Scan",
                  "Plan Width": 4,
                  "Startup Cost": 0.0,
                  "Plan Rows": 1000
                }
              ],
              "Parallel Aware": false,
              "Node Type": "Hash",
              "Plan Width": 4,
              "Startup Cost": 62.5,
              "Plan Rows": 1000
            }
          ],
          "Parallel Aware": false,
          "Node Type": "Hash Join",
          "Join Type": "Inner",
          "Plan Width": 4,
          "Startup Cost": 75.0,
          "Hash Cond": "(r.bid \u003d b.bid)",
          "Plan Rows": 5000,
          "Inner Unique": true
        },
        {
          "Parent Relationship": "Inner",
          "Total Cost": 165.0,
          "Plans": [
            {
              "Parent Relationship": "Outer",
              "Total Cost": 165.0,
              "Relation Name": "sailors",
              "Parallel Aware": false,
              "Alias": "s",
              "Node Type": "Seq Scan",
              "Plan Width": 25,
              "Startup Cost": 0.0,
              "Plan Rows": 9000
            }
          ],
          "Parallel Aware": false,
          "Node Type": "Hash",
          "Plan Width": 25,
          "Startup Cost": 165.0,
          "Plan Rows": 9000
        }
      ],
      "Parallel Aware": false,
      "Node Type": "Hash Join",
      "Join Type": "Inner",
      "Plan Width": 29,
      "Startup Cost": 352.5,
      "Hash Cond": "(r.sid \u003d s.sid)",
      "Plan Rows": 5000,
      "Inner Unique": true
    },
    {
      "Parent Relationship": "Inner",
      "Total Cost": 637.05,
      "Plans": [
        {
          "Parent Relationship": "Outer",
          "Total Cost": 637.05,
          "Plans": [
            {
              "Parent Relationship": "Outer",
              "Total Cost": 346.42,
              "Plans": [
                {
                  "Parent Relationship": "Outer",
                  "Total Cost": 231.99,
                  "Relation Name": "reserves",
                  "Parallel Aware": false,
                  "Alias": "r2",
                  "Node Type": "Seq Scan",
                  "Plan Width": 8,
                  "Startup Cost": 0.0,
                  "Plan Rows": 14999
                },
                {
                  "Parent Relationship": "Inner",
                  "Total Cost": 62.5,
                  "Plans": [
                    {
                      "Parent Relationship": "Outer",
                      "Total Cost": 62.5,
                      "Relation Name": "boat",
                      "Parallel Aware": false,
                      "Filter": "(color \u003d \u0027green\u0027::bpchar)",
                      "Alias": "b2",
                      "Node Type": "Seq Scan",
                      "Plan Width": 4,
                      "Startup Cost": 0.0,
                      "Plan Rows": 1000
                    }
                  ],
                  "Parallel Aware": false,
                  "Node Type": "Hash",
                  "Plan Width": 4,
                  "Startup Cost": 62.5,
                  "Plan Rows": 1000
                }
              ],
              "Parallel Aware": false,
              "Node Type": "Hash Join",
              "Join Type": "Inner",
              "Plan Width": 4,
              "Startup Cost": 75.0,
              "Hash Cond": "(r2.bid \u003d b2.bid)",
              "Plan Rows": 5000,
              "Inner Unique": true
            },
            {
              "Parent Relationship": "Inner",
              "Total Cost": 165.0,
              "Plans": [
                {
                  "Parent Relationship": "Outer",
                  "Total Cost": 165.0,
                  "Relation Name": "sailors",
                  "Parallel Aware": false,
                  "Alias": "s2",
                  "Node Type": "Seq Scan",
                  "Plan Width": 4,
                  "Startup Cost": 0.0,
                  "Plan Rows": 9000
                }
              ],
              "Parallel Aware": false,
              "Node Type": "Hash",
              "Plan Width": 4,
              "Startup Cost": 165.0,
              "Plan Rows": 9000
            }
          ],
          "Parallel Aware": false,
          "Node Type": "Hash Join",
          "Join Type": "Inner",
          "Plan Width": 8,
          "Startup Cost": 352.5,
          "Hash Cond": "(r2.sid \u003d s2.sid)",
          "Plan Rows": 5000,
          "Inner Unique": true
        }
      ],
      "Parallel Aware": false,
      "Node Type": "Hash",
      "Plan Width": 8,
      "Startup Cost": 637.05,
      "Plan Rows": 5000
    }
  ],
  "Parallel Aware": false,
  "Node Type": "Hash Join",
  "Join Type": "Semi",
  "Plan Width": 21,
  "Startup Cost": 1052.05,
  "Hash Cond": "(s.sid \u003d s2.sid)",
  "Plan Rows": 2778,
  "Inner Unique": false
}

------------------------------

Indicies Configuration #3:
Index hash on column bid in table boat

------------------------------

1. The Total Cost of the Plan = 1380.64
2. The Estimated Size of the Result Set = 2778
3. The Plan of the Query:
{
  "Total Cost": 1380.64,
  "Plans": [
    {
      "Parent Relationship": "Outer",
      "Total Cost": 637.05,
      "Plans": [
        {
          "Parent Relationship": "Outer",
          "Total Cost": 346.42,
          "Plans": [
            {
              "Parent Relationship": "Outer",
              "Total Cost": 231.99,
              "Relation Name": "reserves",
              "Parallel Aware": false,
              "Alias": "r",
              "Node Type": "Seq Scan",
              "Plan Width": 8,
              "Startup Cost": 0.0,
              "Plan Rows": 14999
            },
            {
              "Parent Relationship": "Inner",
              "Total Cost": 62.5,
              "Plans": [
                {
                  "Parent Relationship": "Outer",
                  "Total Cost": 62.5,
                  "Relation Name": "boat",
                  "Parallel Aware": false,
                  "Filter": "(color \u003d \u0027red\u0027::bpchar)",
                  "Alias": "b",
                  "Node Type": "Seq Scan",
                  "Plan Width": 4,
                  "Startup Cost": 0.0,
                  "Plan Rows": 1000
                }
              ],
              "Parallel Aware": false,
              "Node Type": "Hash",
              "Plan Width": 4,
              "Startup Cost": 62.5,
              "Plan Rows": 1000
            }
          ],
          "Parallel Aware": false,
          "Node Type": "Hash Join",
          "Join Type": "Inner",
          "Plan Width": 4,
          "Startup Cost": 75.0,
          "Hash Cond": "(r.bid \u003d b.bid)",
          "Plan Rows": 5000,
          "Inner Unique": true
        },
        {
          "Parent Relationship": "Inner",
          "Total Cost": 165.0,
          "Plans": [
            {
              "Parent Relationship": "Outer",
              "Total Cost": 165.0,
              "Relation Name": "sailors",
              "Parallel Aware": false,
              "Alias": "s",
              "Node Type": "Seq Scan",
              "Plan Width": 25,
              "Startup Cost": 0.0,
              "Plan Rows": 9000
            }
          ],
          "Parallel Aware": false,
          "Node Type": "Hash",
          "Plan Width": 25,
          "Startup Cost": 165.0,
          "Plan Rows": 9000
        }
      ],
      "Parallel Aware": false,
      "Node Type": "Hash Join",
      "Join Type": "Inner",
      "Plan Width": 29,
      "Startup Cost": 352.5,
      "Hash Cond": "(r.sid \u003d s.sid)",
      "Plan Rows": 5000,
      "Inner Unique": true
    },
    {
      "Parent Relationship": "Inner",
      "Total Cost": 637.05,
      "Plans": [
        {
          "Parent Relationship": "Outer",
          "Total Cost": 637.05,
          "Plans": [
            {
              "Parent Relationship": "Outer",
              "Total Cost": 346.42,
              "Plans": [
                {
                  "Parent Relationship": "Outer",
                  "Total Cost": 231.99,
                  "Relation Name": "reserves",
                  "Parallel Aware": false,
                  "Alias": "r2",
                  "Node Type": "Seq Scan",
                  "Plan Width": 8,
                  "Startup Cost": 0.0,
                  "Plan Rows": 14999
                },
                {
                  "Parent Relationship": "Inner",
                  "Total Cost": 62.5,
                  "Plans": [
                    {
                      "Parent Relationship": "Outer",
                      "Total Cost": 62.5,
                      "Relation Name": "boat",
                      "Parallel Aware": false,
                      "Filter": "(color \u003d \u0027green\u0027::bpchar)",
                      "Alias": "b2",
                      "Node Type": "Seq Scan",
                      "Plan Width": 4,
                      "Startup Cost": 0.0,
                      "Plan Rows": 1000
                    }
                  ],
                  "Parallel Aware": false,
                  "Node Type": "Hash",
                  "Plan Width": 4,
                  "Startup Cost": 62.5,
                  "Plan Rows": 1000
                }
              ],
              "Parallel Aware": false,
              "Node Type": "Hash Join",
              "Join Type": "Inner",
              "Plan Width": 4,
              "Startup Cost": 75.0,
              "Hash Cond": "(r2.bid \u003d b2.bid)",
              "Plan Rows": 5000,
              "Inner Unique": true
            },
            {
              "Parent Relationship": "Inner",
              "Total Cost": 165.0,
              "Plans": [
                {
                  "Parent Relationship": "Outer",
                  "Total Cost": 165.0,
                  "Relation Name": "sailors",
                  "Parallel Aware": false,
                  "Alias": "s2",
                  "Node Type": "Seq Scan",
                  "Plan Width": 4,
                  "Startup Cost": 0.0,
                  "Plan Rows": 9000
                }
              ],
              "Parallel Aware": false,
              "Node Type": "Hash",
              "Plan Width": 4,
              "Startup Cost": 165.0,
              "Plan Rows": 9000
            }
          ],
          "Parallel Aware": false,
          "Node Type": "Hash Join",
          "Join Type": "Inner",
          "Plan Width": 8,
          "Startup Cost": 352.5,
          "Hash Cond": "(r2.sid \u003d s2.sid)",
          "Plan Rows": 5000,
          "Inner Unique": true
        }
      ],
      "Parallel Aware": false,
      "Node Type": "Hash",
      "Plan Width": 8,
      "Startup Cost": 637.05,
      "Plan Rows": 5000
    }
  ],
  "Parallel Aware": false,
  "Node Type": "Hash Join",
  "Join Type": "Semi",
  "Plan Width": 21,
  "Startup Cost": 1052.05,
  "Hash Cond": "(s.sid \u003d s2.sid)",
  "Plan Rows": 2778,
  "Inner Unique": false
}

------------------------------

Indicies Configuration #4:
Index btree on column sid in table reserves

------------------------------

1. The Total Cost of the Plan = 1380.64
2. The Estimated Size of the Result Set = 2778
3. The Plan of the Query:
{
  "Total Cost": 1380.64,
  "Plans": [
    {
      "Parent Relationship": "Outer",
      "Total Cost": 637.05,
      "Plans": [
        {
          "Parent Relationship": "Outer",
          "Total Cost": 346.42,
          "Plans": [
            {
              "Parent Relationship": "Outer",
              "Total Cost": 231.99,
              "Relation Name": "reserves",
              "Parallel Aware": false,
              "Alias": "r",
              "Node Type": "Seq Scan",
              "Plan Width": 8,
              "Startup Cost": 0.0,
              "Plan Rows": 14999
            },
            {
              "Parent Relationship": "Inner",
              "Total Cost": 62.5,
              "Plans": [
                {
                  "Parent Relationship": "Outer",
                  "Total Cost": 62.5,
                  "Relation Name": "boat",
                  "Parallel Aware": false,
                  "Filter": "(color \u003d \u0027red\u0027::bpchar)",
                  "Alias": "b",
                  "Node Type": "Seq Scan",
                  "Plan Width": 4,
                  "Startup Cost": 0.0,
                  "Plan Rows": 1000
                }
              ],
              "Parallel Aware": false,
              "Node Type": "Hash",
              "Plan Width": 4,
              "Startup Cost": 62.5,
              "Plan Rows": 1000
            }
          ],
          "Parallel Aware": false,
          "Node Type": "Hash Join",
          "Join Type": "Inner",
          "Plan Width": 4,
          "Startup Cost": 75.0,
          "Hash Cond": "(r.bid \u003d b.bid)",
          "Plan Rows": 5000,
          "Inner Unique": true
        },
        {
          "Parent Relationship": "Inner",
          "Total Cost": 165.0,
          "Plans": [
            {
              "Parent Relationship": "Outer",
              "Total Cost": 165.0,
              "Relation Name": "sailors",
              "Parallel Aware": false,
              "Alias": "s",
              "Node Type": "Seq Scan",
              "Plan Width": 25,
              "Startup Cost": 0.0,
              "Plan Rows": 9000
            }
          ],
          "Parallel Aware": false,
          "Node Type": "Hash",
          "Plan Width": 25,
          "Startup Cost": 165.0,
          "Plan Rows": 9000
        }
      ],
      "Parallel Aware": false,
      "Node Type": "Hash Join",
      "Join Type": "Inner",
      "Plan Width": 29,
      "Startup Cost": 352.5,
      "Hash Cond": "(r.sid \u003d s.sid)",
      "Plan Rows": 5000,
      "Inner Unique": true
    },
    {
      "Parent Relationship": "Inner",
      "Total Cost": 637.05,
      "Plans": [
        {
          "Parent Relationship": "Outer",
          "Total Cost": 637.05,
          "Plans": [
            {
              "Parent Relationship": "Outer",
              "Total Cost": 346.42,
              "Plans": [
                {
                  "Parent Relationship": "Outer",
                  "Total Cost": 231.99,
                  "Relation Name": "reserves",
                  "Parallel Aware": false,
                  "Alias": "r2",
                  "Node Type": "Seq Scan",
                  "Plan Width": 8,
                  "Startup Cost": 0.0,
                  "Plan Rows": 14999
                },
                {
                  "Parent Relationship": "Inner",
                  "Total Cost": 62.5,
                  "Plans": [
                    {
                      "Parent Relationship": "Outer",
                      "Total Cost": 62.5,
                      "Relation Name": "boat",
                      "Parallel Aware": false,
                      "Filter": "(color \u003d \u0027green\u0027::bpchar)",
                      "Alias": "b2",
                      "Node Type": "Seq Scan",
                      "Plan Width": 4,
                      "Startup Cost": 0.0,
                      "Plan Rows": 1000
                    }
                  ],
                  "Parallel Aware": false,
                  "Node Type": "Hash",
                  "Plan Width": 4,
                  "Startup Cost": 62.5,
                  "Plan Rows": 1000
                }
              ],
              "Parallel Aware": false,
              "Node Type": "Hash Join",
              "Join Type": "Inner",
              "Plan Width": 4,
              "Startup Cost": 75.0,
              "Hash Cond": "(r2.bid \u003d b2.bid)",
              "Plan Rows": 5000,
              "Inner Unique": true
            },
            {
              "Parent Relationship": "Inner",
              "Total Cost": 165.0,
              "Plans": [
                {
                  "Parent Relationship": "Outer",
                  "Total Cost": 165.0,
                  "Relation Name": "sailors",
                  "Parallel Aware": false,
                  "Alias": "s2",
                  "Node Type": "Seq Scan",
                  "Plan Width": 4,
                  "Startup Cost": 0.0,
                  "Plan Rows": 9000
                }
              ],
              "Parallel Aware": false,
              "Node Type": "Hash",
              "Plan Width": 4,
              "Startup Cost": 165.0,
              "Plan Rows": 9000
            }
          ],
          "Parallel Aware": false,
          "Node Type": "Hash Join",
          "Join Type": "Inner",
          "Plan Width": 8,
          "Startup Cost": 352.5,
          "Hash Cond": "(r2.sid \u003d s2.sid)",
          "Plan Rows": 5000,
          "Inner Unique": true
        }
      ],
      "Parallel Aware": false,
      "Node Type": "Hash",
      "Plan Width": 8,
      "Startup Cost": 637.05,
      "Plan Rows": 5000
    }
  ],
  "Parallel Aware": false,
  "Node Type": "Hash Join",
  "Join Type": "Semi",
  "Plan Width": 21,
  "Startup Cost": 1052.05,
  "Hash Cond": "(s.sid \u003d s2.sid)",
  "Plan Rows": 2778,
  "Inner Unique": false
}

------------------------------

Indicies Configuration #5:
Index btree on column sid in table reserves
Index btree on column bid in table boat

------------------------------

1. The Total Cost of the Plan = 1380.64
2. The Estimated Size of the Result Set = 2778
3. The Plan of the Query:
{
  "Total Cost": 1380.64,
  "Plans": [
    {
      "Parent Relationship": "Outer",
      "Total Cost": 637.05,
      "Plans": [
        {
          "Parent Relationship": "Outer",
          "Total Cost": 346.42,
          "Plans": [
            {
              "Parent Relationship": "Outer",
              "Total Cost": 231.99,
              "Relation Name": "reserves",
              "Parallel Aware": false,
              "Alias": "r",
              "Node Type": "Seq Scan",
              "Plan Width": 8,
              "Startup Cost": 0.0,
              "Plan Rows": 14999
            },
            {
              "Parent Relationship": "Inner",
              "Total Cost": 62.5,
              "Plans": [
                {
                  "Parent Relationship": "Outer",
                  "Total Cost": 62.5,
                  "Relation Name": "boat",
                  "Parallel Aware": false,
                  "Filter": "(color \u003d \u0027red\u0027::bpchar)",
                  "Alias": "b",
                  "Node Type": "Seq Scan",
                  "Plan Width": 4,
                  "Startup Cost": 0.0,
                  "Plan Rows": 1000
                }
              ],
              "Parallel Aware": false,
              "Node Type": "Hash",
              "Plan Width": 4,
              "Startup Cost": 62.5,
              "Plan Rows": 1000
            }
          ],
          "Parallel Aware": false,
          "Node Type": "Hash Join",
          "Join Type": "Inner",
          "Plan Width": 4,
          "Startup Cost": 75.0,
          "Hash Cond": "(r.bid \u003d b.bid)",
          "Plan Rows": 5000,
          "Inner Unique": true
        },
        {
          "Parent Relationship": "Inner",
          "Total Cost": 165.0,
          "Plans": [
            {
              "Parent Relationship": "Outer",
              "Total Cost": 165.0,
              "Relation Name": "sailors",
              "Parallel Aware": false,
              "Alias": "s",
              "Node Type": "Seq Scan",
              "Plan Width": 25,
              "Startup Cost": 0.0,
              "Plan Rows": 9000
            }
          ],
          "Parallel Aware": false,
          "Node Type": "Hash",
          "Plan Width": 25,
          "Startup Cost": 165.0,
          "Plan Rows": 9000
        }
      ],
      "Parallel Aware": false,
      "Node Type": "Hash Join",
      "Join Type": "Inner",
      "Plan Width": 29,
      "Startup Cost": 352.5,
      "Hash Cond": "(r.sid \u003d s.sid)",
      "Plan Rows": 5000,
      "Inner Unique": true
    },
    {
      "Parent Relationship": "Inner",
      "Total Cost": 637.05,
      "Plans": [
        {
          "Parent Relationship": "Outer",
          "Total Cost": 637.05,
          "Plans": [
            {
              "Parent Relationship": "Outer",
              "Total Cost": 346.42,
              "Plans": [
                {
                  "Parent Relationship": "Outer",
                  "Total Cost": 231.99,
                  "Relation Name": "reserves",
                  "Parallel Aware": false,
                  "Alias": "r2",
                  "Node Type": "Seq Scan",
                  "Plan Width": 8,
                  "Startup Cost": 0.0,
                  "Plan Rows": 14999
                },
                {
                  "Parent Relationship": "Inner",
                  "Total Cost": 62.5,
                  "Plans": [
                    {
                      "Parent Relationship": "Outer",
                      "Total Cost": 62.5,
                      "Relation Name": "boat",
                      "Parallel Aware": false,
                      "Filter": "(color \u003d \u0027green\u0027::bpchar)",
                      "Alias": "b2",
                      "Node Type": "Seq Scan",
                      "Plan Width": 4,
                      "Startup Cost": 0.0,
                      "Plan Rows": 1000
                    }
                  ],
                  "Parallel Aware": false,
                  "Node Type": "Hash",
                  "Plan Width": 4,
                  "Startup Cost": 62.5,
                  "Plan Rows": 1000
                }
              ],
              "Parallel Aware": false,
              "Node Type": "Hash Join",
              "Join Type": "Inner",
              "Plan Width": 4,
              "Startup Cost": 75.0,
              "Hash Cond": "(r2.bid \u003d b2.bid)",
              "Plan Rows": 5000,
              "Inner Unique": true
            },
            {
              "Parent Relationship": "Inner",
              "Total Cost": 165.0,
              "Plans": [
                {
                  "Parent Relationship": "Outer",
                  "Total Cost": 165.0,
                  "Relation Name": "sailors",
                  "Parallel Aware": false,
                  "Alias": "s2",
                  "Node Type": "Seq Scan",
                  "Plan Width": 4,
                  "Startup Cost": 0.0,
                  "Plan Rows": 9000
                }
              ],
              "Parallel Aware": false,
              "Node Type": "Hash",
              "Plan Width": 4,
              "Startup Cost": 165.0,
              "Plan Rows": 9000
            }
          ],
          "Parallel Aware": false,
          "Node Type": "Hash Join",
          "Join Type": "Inner",
          "Plan Width": 8,
          "Startup Cost": 352.5,
          "Hash Cond": "(r2.sid \u003d s2.sid)",
          "Plan Rows": 5000,
          "Inner Unique": true
        }
      ],
      "Parallel Aware": false,
      "Node Type": "Hash",
      "Plan Width": 8,
      "Startup Cost": 637.05,
      "Plan Rows": 5000
    }
  ],
  "Parallel Aware": false,
  "Node Type": "Hash Join",
  "Join Type": "Semi",
  "Plan Width": 21,
  "Startup Cost": 1052.05,
  "Hash Cond": "(s.sid \u003d s2.sid)",
  "Plan Rows": 2778,
  "Inner Unique": false
}

------------------------------

Indicies Configuration #6:
Index btree on column sid in table reserves
Index hash on column bid in table boat

------------------------------

1. The Total Cost of the Plan = 1380.64
2. The Estimated Size of the Result Set = 2778
3. The Plan of the Query:
{
  "Total Cost": 1380.64,
  "Plans": [
    {
      "Parent Relationship": "Outer",
      "Total Cost": 637.05,
      "Plans": [
        {
          "Parent Relationship": "Outer",
          "Total Cost": 346.42,
          "Plans": [
            {
              "Parent Relationship": "Outer",
              "Total Cost": 231.99,
              "Relation Name": "reserves",
              "Parallel Aware": false,
              "Alias": "r",
              "Node Type": "Seq Scan",
              "Plan Width": 8,
              "Startup Cost": 0.0,
              "Plan Rows": 14999
            },
            {
              "Parent Relationship": "Inner",
              "Total Cost": 62.5,
              "Plans": [
                {
                  "Parent Relationship": "Outer",
                  "Total Cost": 62.5,
                  "Relation Name": "boat",
                  "Parallel Aware": false,
                  "Filter": "(color \u003d \u0027red\u0027::bpchar)",
                  "Alias": "b",
                  "Node Type": "Seq Scan",
                  "Plan Width": 4,
                  "Startup Cost": 0.0,
                  "Plan Rows": 1000
                }
              ],
              "Parallel Aware": false,
              "Node Type": "Hash",
              "Plan Width": 4,
              "Startup Cost": 62.5,
              "Plan Rows": 1000
            }
          ],
          "Parallel Aware": false,
          "Node Type": "Hash Join",
          "Join Type": "Inner",
          "Plan Width": 4,
          "Startup Cost": 75.0,
          "Hash Cond": "(r.bid \u003d b.bid)",
          "Plan Rows": 5000,
          "Inner Unique": true
        },
        {
          "Parent Relationship": "Inner",
          "Total Cost": 165.0,
          "Plans": [
            {
              "Parent Relationship": "Outer",
              "Total Cost": 165.0,
              "Relation Name": "sailors",
              "Parallel Aware": false,
              "Alias": "s",
              "Node Type": "Seq Scan",
              "Plan Width": 25,
              "Startup Cost": 0.0,
              "Plan Rows": 9000
            }
          ],
          "Parallel Aware": false,
          "Node Type": "Hash",
          "Plan Width": 25,
          "Startup Cost": 165.0,
          "Plan Rows": 9000
        }
      ],
      "Parallel Aware": false,
      "Node Type": "Hash Join",
      "Join Type": "Inner",
      "Plan Width": 29,
      "Startup Cost": 352.5,
      "Hash Cond": "(r.sid \u003d s.sid)",
      "Plan Rows": 5000,
      "Inner Unique": true
    },
    {
      "Parent Relationship": "Inner",
      "Total Cost": 637.05,
      "Plans": [
        {
          "Parent Relationship": "Outer",
          "Total Cost": 637.05,
          "Plans": [
            {
              "Parent Relationship": "Outer",
              "Total Cost": 346.42,
              "Plans": [
                {
                  "Parent Relationship": "Outer",
                  "Total Cost": 231.99,
                  "Relation Name": "reserves",
                  "Parallel Aware": false,
                  "Alias": "r2",
                  "Node Type": "Seq Scan",
                  "Plan Width": 8,
                  "Startup Cost": 0.0,
                  "Plan Rows": 14999
                },
                {
                  "Parent Relationship": "Inner",
                  "Total Cost": 62.5,
                  "Plans": [
                    {
                      "Parent Relationship": "Outer",
                      "Total Cost": 62.5,
                      "Relation Name": "boat",
                      "Parallel Aware": false,
                      "Filter": "(color \u003d \u0027green\u0027::bpchar)",
                      "Alias": "b2",
                      "Node Type": "Seq Scan",
                      "Plan Width": 4,
                      "Startup Cost": 0.0,
                      "Plan Rows": 1000
                    }
                  ],
                  "Parallel Aware": false,
                  "Node Type": "Hash",
                  "Plan Width": 4,
                  "Startup Cost": 62.5,
                  "Plan Rows": 1000
                }
              ],
              "Parallel Aware": false,
              "Node Type": "Hash Join",
              "Join Type": "Inner",
              "Plan Width": 4,
              "Startup Cost": 75.0,
              "Hash Cond": "(r2.bid \u003d b2.bid)",
              "Plan Rows": 5000,
              "Inner Unique": true
            },
            {
              "Parent Relationship": "Inner",
              "Total Cost": 165.0,
              "Plans": [
                {
                  "Parent Relationship": "Outer",
                  "Total Cost": 165.0,
                  "Relation Name": "sailors",
                  "Parallel Aware": false,
                  "Alias": "s2",
                  "Node Type": "Seq Scan",
                  "Plan Width": 4,
                  "Startup Cost": 0.0,
                  "Plan Rows": 9000
                }
              ],
              "Parallel Aware": false,
              "Node Type": "Hash",
              "Plan Width": 4,
              "Startup Cost": 165.0,
              "Plan Rows": 9000
            }
          ],
          "Parallel Aware": false,
          "Node Type": "Hash Join",
          "Join Type": "Inner",
          "Plan Width": 8,
          "Startup Cost": 352.5,
          "Hash Cond": "(r2.sid \u003d s2.sid)",
          "Plan Rows": 5000,
          "Inner Unique": true
        }
      ],
      "Parallel Aware": false,
      "Node Type": "Hash",
      "Plan Width": 8,
      "Startup Cost": 637.05,
      "Plan Rows": 5000
    }
  ],
  "Parallel Aware": false,
  "Node Type": "Hash Join",
  "Join Type": "Semi",
  "Plan Width": 21,
  "Startup Cost": 1052.05,
  "Hash Cond": "(s.sid \u003d s2.sid)",
  "Plan Rows": 2778,
  "Inner Unique": false
}

------------------------------

Indicies Configuration #7:
Index hash on column sid in table reserves

------------------------------

1. The Total Cost of the Plan = 1380.64
2. The Estimated Size of the Result Set = 2778
3. The Plan of the Query:
{
  "Total Cost": 1380.64,
  "Plans": [
    {
      "Parent Relationship": "Outer",
      "Total Cost": 637.05,
      "Plans": [
        {
          "Parent Relationship": "Outer",
          "Total Cost": 346.42,
          "Plans": [
            {
              "Parent Relationship": "Outer",
              "Total Cost": 231.99,
              "Relation Name": "reserves",
              "Parallel Aware": false,
              "Alias": "r",
              "Node Type": "Seq Scan",
              "Plan Width": 8,
              "Startup Cost": 0.0,
              "Plan Rows": 14999
            },
            {
              "Parent Relationship": "Inner",
              "Total Cost": 62.5,
              "Plans": [
                {
                  "Parent Relationship": "Outer",
                  "Total Cost": 62.5,
                  "Relation Name": "boat",
                  "Parallel Aware": false,
                  "Filter": "(color \u003d \u0027red\u0027::bpchar)",
                  "Alias": "b",
                  "Node Type": "Seq Scan",
                  "Plan Width": 4,
                  "Startup Cost": 0.0,
                  "Plan Rows": 1000
                }
              ],
              "Parallel Aware": false,
              "Node Type": "Hash",
              "Plan Width": 4,
              "Startup Cost": 62.5,
              "Plan Rows": 1000
            }
          ],
          "Parallel Aware": false,
          "Node Type": "Hash Join",
          "Join Type": "Inner",
          "Plan Width": 4,
          "Startup Cost": 75.0,
          "Hash Cond": "(r.bid \u003d b.bid)",
          "Plan Rows": 5000,
          "Inner Unique": true
        },
        {
          "Parent Relationship": "Inner",
          "Total Cost": 165.0,
          "Plans": [
            {
              "Parent Relationship": "Outer",
              "Total Cost": 165.0,
              "Relation Name": "sailors",
              "Parallel Aware": false,
              "Alias": "s",
              "Node Type": "Seq Scan",
              "Plan Width": 25,
              "Startup Cost": 0.0,
              "Plan Rows": 9000
            }
          ],
          "Parallel Aware": false,
          "Node Type": "Hash",
          "Plan Width": 25,
          "Startup Cost": 165.0,
          "Plan Rows": 9000
        }
      ],
      "Parallel Aware": false,
      "Node Type": "Hash Join",
      "Join Type": "Inner",
      "Plan Width": 29,
      "Startup Cost": 352.5,
      "Hash Cond": "(r.sid \u003d s.sid)",
      "Plan Rows": 5000,
      "Inner Unique": true
    },
    {
      "Parent Relationship": "Inner",
      "Total Cost": 637.05,
      "Plans": [
        {
          "Parent Relationship": "Outer",
          "Total Cost": 637.05,
          "Plans": [
            {
              "Parent Relationship": "Outer",
              "Total Cost": 346.42,
              "Plans": [
                {
                  "Parent Relationship": "Outer",
                  "Total Cost": 231.99,
                  "Relation Name": "reserves",
                  "Parallel Aware": false,
                  "Alias": "r2",
                  "Node Type": "Seq Scan",
                  "Plan Width": 8,
                  "Startup Cost": 0.0,
                  "Plan Rows": 14999
                },
                {
                  "Parent Relationship": "Inner",
                  "Total Cost": 62.5,
                  "Plans": [
                    {
                      "Parent Relationship": "Outer",
                      "Total Cost": 62.5,
                      "Relation Name": "boat",
                      "Parallel Aware": false,
                      "Filter": "(color \u003d \u0027green\u0027::bpchar)",
                      "Alias": "b2",
                      "Node Type": "Seq Scan",
                      "Plan Width": 4,
                      "Startup Cost": 0.0,
                      "Plan Rows": 1000
                    }
                  ],
                  "Parallel Aware": false,
                  "Node Type": "Hash",
                  "Plan Width": 4,
                  "Startup Cost": 62.5,
                  "Plan Rows": 1000
                }
              ],
              "Parallel Aware": false,
              "Node Type": "Hash Join",
              "Join Type": "Inner",
              "Plan Width": 4,
              "Startup Cost": 75.0,
              "Hash Cond": "(r2.bid \u003d b2.bid)",
              "Plan Rows": 5000,
              "Inner Unique": true
            },
            {
              "Parent Relationship": "Inner",
              "Total Cost": 165.0,
              "Plans": [
                {
                  "Parent Relationship": "Outer",
                  "Total Cost": 165.0,
                  "Relation Name": "sailors",
                  "Parallel Aware": false,
                  "Alias": "s2",
                  "Node Type": "Seq Scan",
                  "Plan Width": 4,
                  "Startup Cost": 0.0,
                  "Plan Rows": 9000
                }
              ],
              "Parallel Aware": false,
              "Node Type": "Hash",
              "Plan Width": 4,
              "Startup Cost": 165.0,
              "Plan Rows": 9000
            }
          ],
          "Parallel Aware": false,
          "Node Type": "Hash Join",
          "Join Type": "Inner",
          "Plan Width": 8,
          "Startup Cost": 352.5,
          "Hash Cond": "(r2.sid \u003d s2.sid)",
          "Plan Rows": 5000,
          "Inner Unique": true
        }
      ],
      "Parallel Aware": false,
      "Node Type": "Hash",
      "Plan Width": 8,
      "Startup Cost": 637.05,
      "Plan Rows": 5000
    }
  ],
  "Parallel Aware": false,
  "Node Type": "Hash Join",
  "Join Type": "Semi",
  "Plan Width": 21,
  "Startup Cost": 1052.05,
  "Hash Cond": "(s.sid \u003d s2.sid)",
  "Plan Rows": 2778,
  "Inner Unique": false
}

------------------------------

Indicies Configuration #8:
Index hash on column sid in table reserves
Index btree on column bid in table boat

------------------------------

1. The Total Cost of the Plan = 1380.64
2. The Estimated Size of the Result Set = 2778
3. The Plan of the Query:
{
  "Total Cost": 1380.64,
  "Plans": [
    {
      "Parent Relationship": "Outer",
      "Total Cost": 637.05,
      "Plans": [
        {
          "Parent Relationship": "Outer",
          "Total Cost": 346.42,
          "Plans": [
            {
              "Parent Relationship": "Outer",
              "Total Cost": 231.99,
              "Relation Name": "reserves",
              "Parallel Aware": false,
              "Alias": "r",
              "Node Type": "Seq Scan",
              "Plan Width": 8,
              "Startup Cost": 0.0,
              "Plan Rows": 14999
            },
            {
              "Parent Relationship": "Inner",
              "Total Cost": 62.5,
              "Plans": [
                {
                  "Parent Relationship": "Outer",
                  "Total Cost": 62.5,
                  "Relation Name": "boat",
                  "Parallel Aware": false,
                  "Filter": "(color \u003d \u0027red\u0027::bpchar)",
                  "Alias": "b",
                  "Node Type": "Seq Scan",
                  "Plan Width": 4,
                  "Startup Cost": 0.0,
                  "Plan Rows": 1000
                }
              ],
              "Parallel Aware": false,
              "Node Type": "Hash",
              "Plan Width": 4,
              "Startup Cost": 62.5,
              "Plan Rows": 1000
            }
          ],
          "Parallel Aware": false,
          "Node Type": "Hash Join",
          "Join Type": "Inner",
          "Plan Width": 4,
          "Startup Cost": 75.0,
          "Hash Cond": "(r.bid \u003d b.bid)",
          "Plan Rows": 5000,
          "Inner Unique": true
        },
        {
          "Parent Relationship": "Inner",
          "Total Cost": 165.0,
          "Plans": [
            {
              "Parent Relationship": "Outer",
              "Total Cost": 165.0,
              "Relation Name": "sailors",
              "Parallel Aware": false,
              "Alias": "s",
              "Node Type": "Seq Scan",
              "Plan Width": 25,
              "Startup Cost": 0.0,
              "Plan Rows": 9000
            }
          ],
          "Parallel Aware": false,
          "Node Type": "Hash",
          "Plan Width": 25,
          "Startup Cost": 165.0,
          "Plan Rows": 9000
        }
      ],
      "Parallel Aware": false,
      "Node Type": "Hash Join",
      "Join Type": "Inner",
      "Plan Width": 29,
      "Startup Cost": 352.5,
      "Hash Cond": "(r.sid \u003d s.sid)",
      "Plan Rows": 5000,
      "Inner Unique": true
    },
    {
      "Parent Relationship": "Inner",
      "Total Cost": 637.05,
      "Plans": [
        {
          "Parent Relationship": "Outer",
          "Total Cost": 637.05,
          "Plans": [
            {
              "Parent Relationship": "Outer",
              "Total Cost": 346.42,
              "Plans": [
                {
                  "Parent Relationship": "Outer",
                  "Total Cost": 231.99,
                  "Relation Name": "reserves",
                  "Parallel Aware": false,
                  "Alias": "r2",
                  "Node Type": "Seq Scan",
                  "Plan Width": 8,
                  "Startup Cost": 0.0,
                  "Plan Rows": 14999
                },
                {
                  "Parent Relationship": "Inner",
                  "Total Cost": 62.5,
                  "Plans": [
                    {
                      "Parent Relationship": "Outer",
                      "Total Cost": 62.5,
                      "Relation Name": "boat",
                      "Parallel Aware": false,
                      "Filter": "(color \u003d \u0027green\u0027::bpchar)",
                      "Alias": "b2",
                      "Node Type": "Seq Scan",
                      "Plan Width": 4,
                      "Startup Cost": 0.0,
                      "Plan Rows": 1000
                    }
                  ],
                  "Parallel Aware": false,
                  "Node Type": "Hash",
                  "Plan Width": 4,
                  "Startup Cost": 62.5,
                  "Plan Rows": 1000
                }
              ],
              "Parallel Aware": false,
              "Node Type": "Hash Join",
              "Join Type": "Inner",
              "Plan Width": 4,
              "Startup Cost": 75.0,
              "Hash Cond": "(r2.bid \u003d b2.bid)",
              "Plan Rows": 5000,
              "Inner Unique": true
            },
            {
              "Parent Relationship": "Inner",
              "Total Cost": 165.0,
              "Plans": [
                {
                  "Parent Relationship": "Outer",
                  "Total Cost": 165.0,
                  "Relation Name": "sailors",
                  "Parallel Aware": false,
                  "Alias": "s2",
                  "Node Type": "Seq Scan",
                  "Plan Width": 4,
                  "Startup Cost": 0.0,
                  "Plan Rows": 9000
                }
              ],
              "Parallel Aware": false,
              "Node Type": "Hash",
              "Plan Width": 4,
              "Startup Cost": 165.0,
              "Plan Rows": 9000
            }
          ],
          "Parallel Aware": false,
          "Node Type": "Hash Join",
          "Join Type": "Inner",
          "Plan Width": 8,
          "Startup Cost": 352.5,
          "Hash Cond": "(r2.sid \u003d s2.sid)",
          "Plan Rows": 5000,
          "Inner Unique": true
        }
      ],
      "Parallel Aware": false,
      "Node Type": "Hash",
      "Plan Width": 8,
      "Startup Cost": 637.05,
      "Plan Rows": 5000
    }
  ],
  "Parallel Aware": false,
  "Node Type": "Hash Join",
  "Join Type": "Semi",
  "Plan Width": 21,
  "Startup Cost": 1052.05,
  "Hash Cond": "(s.sid \u003d s2.sid)",
  "Plan Rows": 2778,
  "Inner Unique": false
}

------------------------------

Indicies Configuration #9:
Index hash on column sid in table reserves
Index hash on column bid in table boat

------------------------------

1. The Total Cost of the Plan = 1380.64
2. The Estimated Size of the Result Set = 2778
3. The Plan of the Query:
{
  "Total Cost": 1380.64,
  "Plans": [
    {
      "Parent Relationship": "Outer",
      "Total Cost": 637.05,
      "Plans": [
        {
          "Parent Relationship": "Outer",
          "Total Cost": 346.42,
          "Plans": [
            {
              "Parent Relationship": "Outer",
              "Total Cost": 231.99,
              "Relation Name": "reserves",
              "Parallel Aware": false,
              "Alias": "r",
              "Node Type": "Seq Scan",
              "Plan Width": 8,
              "Startup Cost": 0.0,
              "Plan Rows": 14999
            },
            {
              "Parent Relationship": "Inner",
              "Total Cost": 62.5,
              "Plans": [
                {
                  "Parent Relationship": "Outer",
                  "Total Cost": 62.5,
                  "Relation Name": "boat",
                  "Parallel Aware": false,
                  "Filter": "(color \u003d \u0027red\u0027::bpchar)",
                  "Alias": "b",
                  "Node Type": "Seq Scan",
                  "Plan Width": 4,
                  "Startup Cost": 0.0,
                  "Plan Rows": 1000
                }
              ],
              "Parallel Aware": false,
              "Node Type": "Hash",
              "Plan Width": 4,
              "Startup Cost": 62.5,
              "Plan Rows": 1000
            }
          ],
          "Parallel Aware": false,
          "Node Type": "Hash Join",
          "Join Type": "Inner",
          "Plan Width": 4,
          "Startup Cost": 75.0,
          "Hash Cond": "(r.bid \u003d b.bid)",
          "Plan Rows": 5000,
          "Inner Unique": true
        },
        {
          "Parent Relationship": "Inner",
          "Total Cost": 165.0,
          "Plans": [
            {
              "Parent Relationship": "Outer",
              "Total Cost": 165.0,
              "Relation Name": "sailors",
              "Parallel Aware": false,
              "Alias": "s",
              "Node Type": "Seq Scan",
              "Plan Width": 25,
              "Startup Cost": 0.0,
              "Plan Rows": 9000
            }
          ],
          "Parallel Aware": false,
          "Node Type": "Hash",
          "Plan Width": 25,
          "Startup Cost": 165.0,
          "Plan Rows": 9000
        }
      ],
      "Parallel Aware": false,
      "Node Type": "Hash Join",
      "Join Type": "Inner",
      "Plan Width": 29,
      "Startup Cost": 352.5,
      "Hash Cond": "(r.sid \u003d s.sid)",
      "Plan Rows": 5000,
      "Inner Unique": true
    },
    {
      "Parent Relationship": "Inner",
      "Total Cost": 637.05,
      "Plans": [
        {
          "Parent Relationship": "Outer",
          "Total Cost": 637.05,
          "Plans": [
            {
              "Parent Relationship": "Outer",
              "Total Cost": 346.42,
              "Plans": [
                {
                  "Parent Relationship": "Outer",
                  "Total Cost": 231.99,
                  "Relation Name": "reserves",
                  "Parallel Aware": false,
                  "Alias": "r2",
                  "Node Type": "Seq Scan",
                  "Plan Width": 8,
                  "Startup Cost": 0.0,
                  "Plan Rows": 14999
                },
                {
                  "Parent Relationship": "Inner",
                  "Total Cost": 62.5,
                  "Plans": [
                    {
                      "Parent Relationship": "Outer",
                      "Total Cost": 62.5,
                      "Relation Name": "boat",
                      "Parallel Aware": false,
                      "Filter": "(color \u003d \u0027green\u0027::bpchar)",
                      "Alias": "b2",
                      "Node Type": "Seq Scan",
                      "Plan Width": 4,
                      "Startup Cost": 0.0,
                      "Plan Rows": 1000
                    }
                  ],
                  "Parallel Aware": false,
                  "Node Type": "Hash",
                  "Plan Width": 4,
                  "Startup Cost": 62.5,
                  "Plan Rows": 1000
                }
              ],
              "Parallel Aware": false,
              "Node Type": "Hash Join",
              "Join Type": "Inner",
              "Plan Width": 4,
              "Startup Cost": 75.0,
              "Hash Cond": "(r2.bid \u003d b2.bid)",
              "Plan Rows": 5000,
              "Inner Unique": true
            },
            {
              "Parent Relationship": "Inner",
              "Total Cost": 165.0,
              "Plans": [
                {
                  "Parent Relationship": "Outer",
                  "Total Cost": 165.0,
                  "Relation Name": "sailors",
                  "Parallel Aware": false,
                  "Alias": "s2",
                  "Node Type": "Seq Scan",
                  "Plan Width": 4,
                  "Startup Cost": 0.0,
                  "Plan Rows": 9000
                }
              ],
              "Parallel Aware": false,
              "Node Type": "Hash",
              "Plan Width": 4,
              "Startup Cost": 165.0,
              "Plan Rows": 9000
            }
          ],
          "Parallel Aware": false,
          "Node Type": "Hash Join",
          "Join Type": "Inner",
          "Plan Width": 8,
          "Startup Cost": 352.5,
          "Hash Cond": "(r2.sid \u003d s2.sid)",
          "Plan Rows": 5000,
          "Inner Unique": true
        }
      ],
      "Parallel Aware": false,
      "Node Type": "Hash",
      "Plan Width": 8,
      "Startup Cost": 637.05,
      "Plan Rows": 5000
    }
  ],
  "Parallel Aware": false,
  "Node Type": "Hash Join",
  "Join Type": "Semi",
  "Plan Width": 21,
  "Startup Cost": 1052.05,
  "Hash Cond": "(s.sid \u003d s2.sid)",
  "Plan Rows": 2778,
  "Inner Unique": false
}

------------------------------

Indicies Configuration #10:
Index btree on column color in table boat

------------------------------

1. The Total Cost of the Plan = 1380.64
2. The Estimated Size of the Result Set = 2778
3. The Plan of the Query:
{
  "Total Cost": 1380.64,
  "Plans": [
    {
      "Parent Relationship": "Outer",
      "Total Cost": 637.05,
      "Plans": [
        {
          "Parent Relationship": "Outer",
          "Total Cost": 346.42,
          "Plans": [
            {
              "Parent Relationship": "Outer",
              "Total Cost": 231.99,
              "Relation Name": "reserves",
              "Parallel Aware": false,
              "Alias": "r",
              "Node Type": "Seq Scan",
              "Plan Width": 8,
              "Startup Cost": 0.0,
              "Plan Rows": 14999
            },
            {
              "Parent Relationship": "Inner",
              "Total Cost": 62.5,
              "Plans": [
                {
                  "Parent Relationship": "Outer",
                  "Total Cost": 62.5,
                  "Relation Name": "boat",
                  "Parallel Aware": false,
                  "Filter": "(color \u003d \u0027red\u0027::bpchar)",
                  "Alias": "b",
                  "Node Type": "Seq Scan",
                  "Plan Width": 4,
                  "Startup Cost": 0.0,
                  "Plan Rows": 1000
                }
              ],
              "Parallel Aware": false,
              "Node Type": "Hash",
              "Plan Width": 4,
              "Startup Cost": 62.5,
              "Plan Rows": 1000
            }
          ],
          "Parallel Aware": false,
          "Node Type": "Hash Join",
          "Join Type": "Inner",
          "Plan Width": 4,
          "Startup Cost": 75.0,
          "Hash Cond": "(r.bid \u003d b.bid)",
          "Plan Rows": 5000,
          "Inner Unique": true
        },
        {
          "Parent Relationship": "Inner",
          "Total Cost": 165.0,
          "Plans": [
            {
              "Parent Relationship": "Outer",
              "Total Cost": 165.0,
              "Relation Name": "sailors",
              "Parallel Aware": false,
              "Alias": "s",
              "Node Type": "Seq Scan",
              "Plan Width": 25,
              "Startup Cost": 0.0,
              "Plan Rows": 9000
            }
          ],
          "Parallel Aware": false,
          "Node Type": "Hash",
          "Plan Width": 25,
          "Startup Cost": 165.0,
          "Plan Rows": 9000
        }
      ],
      "Parallel Aware": false,
      "Node Type": "Hash Join",
      "Join Type": "Inner",
      "Plan Width": 29,
      "Startup Cost": 352.5,
      "Hash Cond": "(r.sid \u003d s.sid)",
      "Plan Rows": 5000,
      "Inner Unique": true
    },
    {
      "Parent Relationship": "Inner",
      "Total Cost": 637.05,
      "Plans": [
        {
          "Parent Relationship": "Outer",
          "Total Cost": 637.05,
          "Plans": [
            {
              "Parent Relationship": "Outer",
              "Total Cost": 346.42,
              "Plans": [
                {
                  "Parent Relationship": "Outer",
                  "Total Cost": 231.99,
                  "Relation Name": "reserves",
                  "Parallel Aware": false,
                  "Alias": "r2",
                  "Node Type": "Seq Scan",
                  "Plan Width": 8,
                  "Startup Cost": 0.0,
                  "Plan Rows": 14999
                },
                {
                  "Parent Relationship": "Inner",
                  "Total Cost": 62.5,
                  "Plans": [
                    {
                      "Parent Relationship": "Outer",
                      "Total Cost": 62.5,
                      "Relation Name": "boat",
                      "Parallel Aware": false,
                      "Filter": "(color \u003d \u0027green\u0027::bpchar)",
                      "Alias": "b2",
                      "Node Type": "Seq Scan",
                      "Plan Width": 4,
                      "Startup Cost": 0.0,
                      "Plan Rows": 1000
                    }
                  ],
                  "Parallel Aware": false,
                  "Node Type": "Hash",
                  "Plan Width": 4,
                  "Startup Cost": 62.5,
                  "Plan Rows": 1000
                }
              ],
              "Parallel Aware": false,
              "Node Type": "Hash Join",
              "Join Type": "Inner",
              "Plan Width": 4,
              "Startup Cost": 75.0,
              "Hash Cond": "(r2.bid \u003d b2.bid)",
              "Plan Rows": 5000,
              "Inner Unique": true
            },
            {
              "Parent Relationship": "Inner",
              "Total Cost": 165.0,
              "Plans": [
                {
                  "Parent Relationship": "Outer",
                  "Total Cost": 165.0,
                  "Relation Name": "sailors",
                  "Parallel Aware": false,
                  "Alias": "s2",
                  "Node Type": "Seq Scan",
                  "Plan Width": 4,
                  "Startup Cost": 0.0,
                  "Plan Rows": 9000
                }
              ],
              "Parallel Aware": false,
              "Node Type": "Hash",
              "Plan Width": 4,
              "Startup Cost": 165.0,
              "Plan Rows": 9000
            }
          ],
          "Parallel Aware": false,
          "Node Type": "Hash Join",
          "Join Type": "Inner",
          "Plan Width": 8,
          "Startup Cost": 352.5,
          "Hash Cond": "(r2.sid \u003d s2.sid)",
          "Plan Rows": 5000,
          "Inner Unique": true
        }
      ],
      "Parallel Aware": false,
      "Node Type": "Hash",
      "Plan Width": 8,
      "Startup Cost": 637.05,
      "Plan Rows": 5000
    }
  ],
  "Parallel Aware": false,
  "Node Type": "Hash Join",
  "Join Type": "Semi",
  "Plan Width": 21,
  "Startup Cost": 1052.05,
  "Hash Cond": "(s.sid \u003d s2.sid)",
  "Plan Rows": 2778,
  "Inner Unique": false
}

------------------------------

Indicies Configuration #11:
Index btree on column color in table boat
Index btree on column bid in table boat

------------------------------

1. The Total Cost of the Plan = 1380.64
2. The Estimated Size of the Result Set = 2778
3. The Plan of the Query:
{
  "Total Cost": 1380.64,
  "Plans": [
    {
      "Parent Relationship": "Outer",
      "Total Cost": 637.05,
      "Plans": [
        {
          "Parent Relationship": "Outer",
          "Total Cost": 346.42,
          "Plans": [
            {
              "Parent Relationship": "Outer",
              "Total Cost": 231.99,
              "Relation Name": "reserves",
              "Parallel Aware": false,
              "Alias": "r",
              "Node Type": "Seq Scan",
              "Plan Width": 8,
              "Startup Cost": 0.0,
              "Plan Rows": 14999
            },
            {
              "Parent Relationship": "Inner",
              "Total Cost": 62.5,
              "Plans": [
                {
                  "Parent Relationship": "Outer",
                  "Total Cost": 62.5,
                  "Relation Name": "boat",
                  "Parallel Aware": false,
                  "Filter": "(color \u003d \u0027red\u0027::bpchar)",
                  "Alias": "b",
                  "Node Type": "Seq Scan",
                  "Plan Width": 4,
                  "Startup Cost": 0.0,
                  "Plan Rows": 1000
                }
              ],
              "Parallel Aware": false,
              "Node Type": "Hash",
              "Plan Width": 4,
              "Startup Cost": 62.5,
              "Plan Rows": 1000
            }
          ],
          "Parallel Aware": false,
          "Node Type": "Hash Join",
          "Join Type": "Inner",
          "Plan Width": 4,
          "Startup Cost": 75.0,
          "Hash Cond": "(r.bid \u003d b.bid)",
          "Plan Rows": 5000,
          "Inner Unique": true
        },
        {
          "Parent Relationship": "Inner",
          "Total Cost": 165.0,
          "Plans": [
            {
              "Parent Relationship": "Outer",
              "Total Cost": 165.0,
              "Relation Name": "sailors",
              "Parallel Aware": false,
              "Alias": "s",
              "Node Type": "Seq Scan",
              "Plan Width": 25,
              "Startup Cost": 0.0,
              "Plan Rows": 9000
            }
          ],
          "Parallel Aware": false,
          "Node Type": "Hash",
          "Plan Width": 25,
          "Startup Cost": 165.0,
          "Plan Rows": 9000
        }
      ],
      "Parallel Aware": false,
      "Node Type": "Hash Join",
      "Join Type": "Inner",
      "Plan Width": 29,
      "Startup Cost": 352.5,
      "Hash Cond": "(r.sid \u003d s.sid)",
      "Plan Rows": 5000,
      "Inner Unique": true
    },
    {
      "Parent Relationship": "Inner",
      "Total Cost": 637.05,
      "Plans": [
        {
          "Parent Relationship": "Outer",
          "Total Cost": 637.05,
          "Plans": [
            {
              "Parent Relationship": "Outer",
              "Total Cost": 346.42,
              "Plans": [
                {
                  "Parent Relationship": "Outer",
                  "Total Cost": 231.99,
                  "Relation Name": "reserves",
                  "Parallel Aware": false,
                  "Alias": "r2",
                  "Node Type": "Seq Scan",
                  "Plan Width": 8,
                  "Startup Cost": 0.0,
                  "Plan Rows": 14999
                },
                {
                  "Parent Relationship": "Inner",
                  "Total Cost": 62.5,
                  "Plans": [
                    {
                      "Parent Relationship": "Outer",
                      "Total Cost": 62.5,
                      "Relation Name": "boat",
                      "Parallel Aware": false,
                      "Filter": "(color \u003d \u0027green\u0027::bpchar)",
                      "Alias": "b2",
                      "Node Type": "Seq Scan",
                      "Plan Width": 4,
                      "Startup Cost": 0.0,
                      "Plan Rows": 1000
                    }
                  ],
                  "Parallel Aware": false,
                  "Node Type": "Hash",
                  "Plan Width": 4,
                  "Startup Cost": 62.5,
                  "Plan Rows": 1000
                }
              ],
              "Parallel Aware": false,
              "Node Type": "Hash Join",
              "Join Type": "Inner",
              "Plan Width": 4,
              "Startup Cost": 75.0,
              "Hash Cond": "(r2.bid \u003d b2.bid)",
              "Plan Rows": 5000,
              "Inner Unique": true
            },
            {
              "Parent Relationship": "Inner",
              "Total Cost": 165.0,
              "Plans": [
                {
                  "Parent Relationship": "Outer",
                  "Total Cost": 165.0,
                  "Relation Name": "sailors",
                  "Parallel Aware": false,
                  "Alias": "s2",
                  "Node Type": "Seq Scan",
                  "Plan Width": 4,
                  "Startup Cost": 0.0,
                  "Plan Rows": 9000
                }
              ],
              "Parallel Aware": false,
              "Node Type": "Hash",
              "Plan Width": 4,
              "Startup Cost": 165.0,
              "Plan Rows": 9000
            }
          ],
          "Parallel Aware": false,
          "Node Type": "Hash Join",
          "Join Type": "Inner",
          "Plan Width": 8,
          "Startup Cost": 352.5,
          "Hash Cond": "(r2.sid \u003d s2.sid)",
          "Plan Rows": 5000,
          "Inner Unique": true
        }
      ],
      "Parallel Aware": false,
      "Node Type": "Hash",
      "Plan Width": 8,
      "Startup Cost": 637.05,
      "Plan Rows": 5000
    }
  ],
  "Parallel Aware": false,
  "Node Type": "Hash Join",
  "Join Type": "Semi",
  "Plan Width": 21,
  "Startup Cost": 1052.05,
  "Hash Cond": "(s.sid \u003d s2.sid)",
  "Plan Rows": 2778,
  "Inner Unique": false
}

------------------------------

Indicies Configuration #12:
Index btree on column color in table boat
Index hash on column bid in table boat

------------------------------

1. The Total Cost of the Plan = 1380.64
2. The Estimated Size of the Result Set = 2778
3. The Plan of the Query:
{
  "Total Cost": 1380.64,
  "Plans": [
    {
      "Parent Relationship": "Outer",
      "Total Cost": 637.05,
      "Plans": [
        {
          "Parent Relationship": "Outer",
          "Total Cost": 346.42,
          "Plans": [
            {
              "Parent Relationship": "Outer",
              "Total Cost": 231.99,
              "Relation Name": "reserves",
              "Parallel Aware": false,
              "Alias": "r",
              "Node Type": "Seq Scan",
              "Plan Width": 8,
              "Startup Cost": 0.0,
              "Plan Rows": 14999
            },
            {
              "Parent Relationship": "Inner",
              "Total Cost": 62.5,
              "Plans": [
                {
                  "Parent Relationship": "Outer",
                  "Total Cost": 62.5,
                  "Relation Name": "boat",
                  "Parallel Aware": false,
                  "Filter": "(color \u003d \u0027red\u0027::bpchar)",
                  "Alias": "b",
                  "Node Type": "Seq Scan",
                  "Plan Width": 4,
                  "Startup Cost": 0.0,
                  "Plan Rows": 1000
                }
              ],
              "Parallel Aware": false,
              "Node Type": "Hash",
              "Plan Width": 4,
              "Startup Cost": 62.5,
              "Plan Rows": 1000
            }
          ],
          "Parallel Aware": false,
          "Node Type": "Hash Join",
          "Join Type": "Inner",
          "Plan Width": 4,
          "Startup Cost": 75.0,
          "Hash Cond": "(r.bid \u003d b.bid)",
          "Plan Rows": 5000,
          "Inner Unique": true
        },
        {
          "Parent Relationship": "Inner",
          "Total Cost": 165.0,
          "Plans": [
            {
              "Parent Relationship": "Outer",
              "Total Cost": 165.0,
              "Relation Name": "sailors",
              "Parallel Aware": false,
              "Alias": "s",
              "Node Type": "Seq Scan",
              "Plan Width": 25,
              "Startup Cost": 0.0,
              "Plan Rows": 9000
            }
          ],
          "Parallel Aware": false,
          "Node Type": "Hash",
          "Plan Width": 25,
          "Startup Cost": 165.0,
          "Plan Rows": 9000
        }
      ],
      "Parallel Aware": false,
      "Node Type": "Hash Join",
      "Join Type": "Inner",
      "Plan Width": 29,
      "Startup Cost": 352.5,
      "Hash Cond": "(r.sid \u003d s.sid)",
      "Plan Rows": 5000,
      "Inner Unique": true
    },
    {
      "Parent Relationship": "Inner",
      "Total Cost": 637.05,
      "Plans": [
        {
          "Parent Relationship": "Outer",
          "Total Cost": 637.05,
          "Plans": [
            {
              "Parent Relationship": "Outer",
              "Total Cost": 346.42,
              "Plans": [
                {
                  "Parent Relationship": "Outer",
                  "Total Cost": 231.99,
                  "Relation Name": "reserves",
                  "Parallel Aware": false,
                  "Alias": "r2",
                  "Node Type": "Seq Scan",
                  "Plan Width": 8,
                  "Startup Cost": 0.0,
                  "Plan Rows": 14999
                },
                {
                  "Parent Relationship": "Inner",
                  "Total Cost": 62.5,
                  "Plans": [
                    {
                      "Parent Relationship": "Outer",
                      "Total Cost": 62.5,
                      "Relation Name": "boat",
                      "Parallel Aware": false,
                      "Filter": "(color \u003d \u0027green\u0027::bpchar)",
                      "Alias": "b2",
                      "Node Type": "Seq Scan",
                      "Plan Width": 4,
                      "Startup Cost": 0.0,
                      "Plan Rows": 1000
                    }
                  ],
                  "Parallel Aware": false,
                  "Node Type": "Hash",
                  "Plan Width": 4,
                  "Startup Cost": 62.5,
                  "Plan Rows": 1000
                }
              ],
              "Parallel Aware": false,
              "Node Type": "Hash Join",
              "Join Type": "Inner",
              "Plan Width": 4,
              "Startup Cost": 75.0,
              "Hash Cond": "(r2.bid \u003d b2.bid)",
              "Plan Rows": 5000,
              "Inner Unique": true
            },
            {
              "Parent Relationship": "Inner",
              "Total Cost": 165.0,
              "Plans": [
                {
                  "Parent Relationship": "Outer",
                  "Total Cost": 165.0,
                  "Relation Name": "sailors",
                  "Parallel Aware": false,
                  "Alias": "s2",
                  "Node Type": "Seq Scan",
                  "Plan Width": 4,
                  "Startup Cost": 0.0,
                  "Plan Rows": 9000
                }
              ],
              "Parallel Aware": false,
              "Node Type": "Hash",
              "Plan Width": 4,
              "Startup Cost": 165.0,
              "Plan Rows": 9000
            }
          ],
          "Parallel Aware": false,
          "Node Type": "Hash Join",
          "Join Type": "Inner",
          "Plan Width": 8,
          "Startup Cost": 352.5,
          "Hash Cond": "(r2.sid \u003d s2.sid)",
          "Plan Rows": 5000,
          "Inner Unique": true
        }
      ],
      "Parallel Aware": false,
      "Node Type": "Hash",
      "Plan Width": 8,
      "Startup Cost": 637.05,
      "Plan Rows": 5000
    }
  ],
  "Parallel Aware": false,
  "Node Type": "Hash Join",
  "Join Type": "Semi",
  "Plan Width": 21,
  "Startup Cost": 1052.05,
  "Hash Cond": "(s.sid \u003d s2.sid)",
  "Plan Rows": 2778,
  "Inner Unique": false
}

------------------------------

Indicies Configuration #13:
Index btree on column color in table boat
Index btree on column sid in table reserves

------------------------------

1. The Total Cost of the Plan = 1380.64
2. The Estimated Size of the Result Set = 2778
3. The Plan of the Query:
{
  "Total Cost": 1380.64,
  "Plans": [
    {
      "Parent Relationship": "Outer",
      "Total Cost": 637.05,
      "Plans": [
        {
          "Parent Relationship": "Outer",
          "Total Cost": 346.42,
          "Plans": [
            {
              "Parent Relationship": "Outer",
              "Total Cost": 231.99,
              "Relation Name": "reserves",
              "Parallel Aware": false,
              "Alias": "r",
              "Node Type": "Seq Scan",
              "Plan Width": 8,
              "Startup Cost": 0.0,
              "Plan Rows": 14999
            },
            {
              "Parent Relationship": "Inner",
              "Total Cost": 62.5,
              "Plans": [
                {
                  "Parent Relationship": "Outer",
                  "Total Cost": 62.5,
                  "Relation Name": "boat",
                  "Parallel Aware": false,
                  "Filter": "(color \u003d \u0027red\u0027::bpchar)",
                  "Alias": "b",
                  "Node Type": "Seq Scan",
                  "Plan Width": 4,
                  "Startup Cost": 0.0,
                  "Plan Rows": 1000
                }
              ],
              "Parallel Aware": false,
              "Node Type": "Hash",
              "Plan Width": 4,
              "Startup Cost": 62.5,
              "Plan Rows": 1000
            }
          ],
          "Parallel Aware": false,
          "Node Type": "Hash Join",
          "Join Type": "Inner",
          "Plan Width": 4,
          "Startup Cost": 75.0,
          "Hash Cond": "(r.bid \u003d b.bid)",
          "Plan Rows": 5000,
          "Inner Unique": true
        },
        {
          "Parent Relationship": "Inner",
          "Total Cost": 165.0,
          "Plans": [
            {
              "Parent Relationship": "Outer",
              "Total Cost": 165.0,
              "Relation Name": "sailors",
              "Parallel Aware": false,
              "Alias": "s",
              "Node Type": "Seq Scan",
              "Plan Width": 25,
              "Startup Cost": 0.0,
              "Plan Rows": 9000
            }
          ],
          "Parallel Aware": false,
          "Node Type": "Hash",
          "Plan Width": 25,
          "Startup Cost": 165.0,
          "Plan Rows": 9000
        }
      ],
      "Parallel Aware": false,
      "Node Type": "Hash Join",
      "Join Type": "Inner",
      "Plan Width": 29,
      "Startup Cost": 352.5,
      "Hash Cond": "(r.sid \u003d s.sid)",
      "Plan Rows": 5000,
      "Inner Unique": true
    },
    {
      "Parent Relationship": "Inner",
      "Total Cost": 637.05,
      "Plans": [
        {
          "Parent Relationship": "Outer",
          "Total Cost": 637.05,
          "Plans": [
            {
              "Parent Relationship": "Outer",
              "Total Cost": 346.42,
              "Plans": [
                {
                  "Parent Relationship": "Outer",
                  "Total Cost": 231.99,
                  "Relation Name": "reserves",
                  "Parallel Aware": false,
                  "Alias": "r2",
                  "Node Type": "Seq Scan",
                  "Plan Width": 8,
                  "Startup Cost": 0.0,
                  "Plan Rows": 14999
                },
                {
                  "Parent Relationship": "Inner",
                  "Total Cost": 62.5,
                  "Plans": [
                    {
                      "Parent Relationship": "Outer",
                      "Total Cost": 62.5,
                      "Relation Name": "boat",
                      "Parallel Aware": false,
                      "Filter": "(color \u003d \u0027green\u0027::bpchar)",
                      "Alias": "b2",
                      "Node Type": "Seq Scan",
                      "Plan Width": 4,
                      "Startup Cost": 0.0,
                      "Plan Rows": 1000
                    }
                  ],
                  "Parallel Aware": false,
                  "Node Type": "Hash",
                  "Plan Width": 4,
                  "Startup Cost": 62.5,
                  "Plan Rows": 1000
                }
              ],
              "Parallel Aware": false,
              "Node Type": "Hash Join",
              "Join Type": "Inner",
              "Plan Width": 4,
              "Startup Cost": 75.0,
              "Hash Cond": "(r2.bid \u003d b2.bid)",
              "Plan Rows": 5000,
              "Inner Unique": true
            },
            {
              "Parent Relationship": "Inner",
              "Total Cost": 165.0,
              "Plans": [
                {
                  "Parent Relationship": "Outer",
                  "Total Cost": 165.0,
                  "Relation Name": "sailors",
                  "Parallel Aware": false,
                  "Alias": "s2",
                  "Node Type": "Seq Scan",
                  "Plan Width": 4,
                  "Startup Cost": 0.0,
                  "Plan Rows": 9000
                }
              ],
              "Parallel Aware": false,
              "Node Type": "Hash",
              "Plan Width": 4,
              "Startup Cost": 165.0,
              "Plan Rows": 9000
            }
          ],
          "Parallel Aware": false,
          "Node Type": "Hash Join",
          "Join Type": "Inner",
          "Plan Width": 8,
          "Startup Cost": 352.5,
          "Hash Cond": "(r2.sid \u003d s2.sid)",
          "Plan Rows": 5000,
          "Inner Unique": true
        }
      ],
      "Parallel Aware": false,
      "Node Type": "Hash",
      "Plan Width": 8,
      "Startup Cost": 637.05,
      "Plan Rows": 5000
    }
  ],
  "Parallel Aware": false,
  "Node Type": "Hash Join",
  "Join Type": "Semi",
  "Plan Width": 21,
  "Startup Cost": 1052.05,
  "Hash Cond": "(s.sid \u003d s2.sid)",
  "Plan Rows": 2778,
  "Inner Unique": false
}

------------------------------

Indicies Configuration #14:
Index btree on column color in table boat
Index btree on column sid in table reserves
Index btree on column bid in table boat

------------------------------

1. The Total Cost of the Plan = 1380.64
2. The Estimated Size of the Result Set = 2778
3. The Plan of the Query:
{
  "Total Cost": 1380.64,
  "Plans": [
    {
      "Parent Relationship": "Outer",
      "Total Cost": 637.05,
      "Plans": [
        {
          "Parent Relationship": "Outer",
          "Total Cost": 346.42,
          "Plans": [
            {
              "Parent Relationship": "Outer",
              "Total Cost": 231.99,
              "Relation Name": "reserves",
              "Parallel Aware": false,
              "Alias": "r",
              "Node Type": "Seq Scan",
              "Plan Width": 8,
              "Startup Cost": 0.0,
              "Plan Rows": 14999
            },
            {
              "Parent Relationship": "Inner",
              "Total Cost": 62.5,
              "Plans": [
                {
                  "Parent Relationship": "Outer",
                  "Total Cost": 62.5,
                  "Relation Name": "boat",
                  "Parallel Aware": false,
                  "Filter": "(color \u003d \u0027red\u0027::bpchar)",
                  "Alias": "b",
                  "Node Type": "Seq Scan",
                  "Plan Width": 4,
                  "Startup Cost": 0.0,
                  "Plan Rows": 1000
                }
              ],
              "Parallel Aware": false,
              "Node Type": "Hash",
              "Plan Width": 4,
              "Startup Cost": 62.5,
              "Plan Rows": 1000
            }
          ],
          "Parallel Aware": false,
          "Node Type": "Hash Join",
          "Join Type": "Inner",
          "Plan Width": 4,
          "Startup Cost": 75.0,
          "Hash Cond": "(r.bid \u003d b.bid)",
          "Plan Rows": 5000,
          "Inner Unique": true
        },
        {
          "Parent Relationship": "Inner",
          "Total Cost": 165.0,
          "Plans": [
            {
              "Parent Relationship": "Outer",
              "Total Cost": 165.0,
              "Relation Name": "sailors",
              "Parallel Aware": false,
              "Alias": "s",
              "Node Type": "Seq Scan",
              "Plan Width": 25,
              "Startup Cost": 0.0,
              "Plan Rows": 9000
            }
          ],
          "Parallel Aware": false,
          "Node Type": "Hash",
          "Plan Width": 25,
          "Startup Cost": 165.0,
          "Plan Rows": 9000
        }
      ],
      "Parallel Aware": false,
      "Node Type": "Hash Join",
      "Join Type": "Inner",
      "Plan Width": 29,
      "Startup Cost": 352.5,
      "Hash Cond": "(r.sid \u003d s.sid)",
      "Plan Rows": 5000,
      "Inner Unique": true
    },
    {
      "Parent Relationship": "Inner",
      "Total Cost": 637.05,
      "Plans": [
        {
          "Parent Relationship": "Outer",
          "Total Cost": 637.05,
          "Plans": [
            {
              "Parent Relationship": "Outer",
              "Total Cost": 346.42,
              "Plans": [
                {
                  "Parent Relationship": "Outer",
                  "Total Cost": 231.99,
                  "Relation Name": "reserves",
                  "Parallel Aware": false,
                  "Alias": "r2",
                  "Node Type": "Seq Scan",
                  "Plan Width": 8,
                  "Startup Cost": 0.0,
                  "Plan Rows": 14999
                },
                {
                  "Parent Relationship": "Inner",
                  "Total Cost": 62.5,
                  "Plans": [
                    {
                      "Parent Relationship": "Outer",
                      "Total Cost": 62.5,
                      "Relation Name": "boat",
                      "Parallel Aware": false,
                      "Filter": "(color \u003d \u0027green\u0027::bpchar)",
                      "Alias": "b2",
                      "Node Type": "Seq Scan",
                      "Plan Width": 4,
                      "Startup Cost": 0.0,
                      "Plan Rows": 1000
                    }
                  ],
                  "Parallel Aware": false,
                  "Node Type": "Hash",
                  "Plan Width": 4,
                  "Startup Cost": 62.5,
                  "Plan Rows": 1000
                }
              ],
              "Parallel Aware": false,
              "Node Type": "Hash Join",
              "Join Type": "Inner",
              "Plan Width": 4,
              "Startup Cost": 75.0,
              "Hash Cond": "(r2.bid \u003d b2.bid)",
              "Plan Rows": 5000,
              "Inner Unique": true
            },
            {
              "Parent Relationship": "Inner",
              "Total Cost": 165.0,
              "Plans": [
                {
                  "Parent Relationship": "Outer",
                  "Total Cost": 165.0,
                  "Relation Name": "sailors",
                  "Parallel Aware": false,
                  "Alias": "s2",
                  "Node Type": "Seq Scan",
                  "Plan Width": 4,
                  "Startup Cost": 0.0,
                  "Plan Rows": 9000
                }
              ],
              "Parallel Aware": false,
              "Node Type": "Hash",
              "Plan Width": 4,
              "Startup Cost": 165.0,
              "Plan Rows": 9000
            }
          ],
          "Parallel Aware": false,
          "Node Type": "Hash Join",
          "Join Type": "Inner",
          "Plan Width": 8,
          "Startup Cost": 352.5,
          "Hash Cond": "(r2.sid \u003d s2.sid)",
          "Plan Rows": 5000,
          "Inner Unique": true
        }
      ],
      "Parallel Aware": false,
      "Node Type": "Hash",
      "Plan Width": 8,
      "Startup Cost": 637.05,
      "Plan Rows": 5000
    }
  ],
  "Parallel Aware": false,
  "Node Type": "Hash Join",
  "Join Type": "Semi",
  "Plan Width": 21,
  "Startup Cost": 1052.05,
  "Hash Cond": "(s.sid \u003d s2.sid)",
  "Plan Rows": 2778,
  "Inner Unique": false
}

------------------------------

Indicies Configuration #15:
Index btree on column color in table boat
Index btree on column sid in table reserves
Index hash on column bid in table boat

------------------------------

1. The Total Cost of the Plan = 1380.64
2. The Estimated Size of the Result Set = 2778
3. The Plan of the Query:
{
  "Total Cost": 1380.64,
  "Plans": [
    {
      "Parent Relationship": "Outer",
      "Total Cost": 637.05,
      "Plans": [
        {
          "Parent Relationship": "Outer",
          "Total Cost": 346.42,
          "Plans": [
            {
              "Parent Relationship": "Outer",
              "Total Cost": 231.99,
              "Relation Name": "reserves",
              "Parallel Aware": false,
              "Alias": "r",
              "Node Type": "Seq Scan",
              "Plan Width": 8,
              "Startup Cost": 0.0,
              "Plan Rows": 14999
            },
            {
              "Parent Relationship": "Inner",
              "Total Cost": 62.5,
              "Plans": [
                {
                  "Parent Relationship": "Outer",
                  "Total Cost": 62.5,
                  "Relation Name": "boat",
                  "Parallel Aware": false,
                  "Filter": "(color \u003d \u0027red\u0027::bpchar)",
                  "Alias": "b",
                  "Node Type": "Seq Scan",
                  "Plan Width": 4,
                  "Startup Cost": 0.0,
                  "Plan Rows": 1000
                }
              ],
              "Parallel Aware": false,
              "Node Type": "Hash",
              "Plan Width": 4,
              "Startup Cost": 62.5,
              "Plan Rows": 1000
            }
          ],
          "Parallel Aware": false,
          "Node Type": "Hash Join",
          "Join Type": "Inner",
          "Plan Width": 4,
          "Startup Cost": 75.0,
          "Hash Cond": "(r.bid \u003d b.bid)",
          "Plan Rows": 5000,
          "Inner Unique": true
        },
        {
          "Parent Relationship": "Inner",
          "Total Cost": 165.0,
          "Plans": [
            {
              "Parent Relationship": "Outer",
              "Total Cost": 165.0,
              "Relation Name": "sailors",
              "Parallel Aware": false,
              "Alias": "s",
              "Node Type": "Seq Scan",
              "Plan Width": 25,
              "Startup Cost": 0.0,
              "Plan Rows": 9000
            }
          ],
          "Parallel Aware": false,
          "Node Type": "Hash",
          "Plan Width": 25,
          "Startup Cost": 165.0,
          "Plan Rows": 9000
        }
      ],
      "Parallel Aware": false,
      "Node Type": "Hash Join",
      "Join Type": "Inner",
      "Plan Width": 29,
      "Startup Cost": 352.5,
      "Hash Cond": "(r.sid \u003d s.sid)",
      "Plan Rows": 5000,
      "Inner Unique": true
    },
    {
      "Parent Relationship": "Inner",
      "Total Cost": 637.05,
      "Plans": [
        {
          "Parent Relationship": "Outer",
          "Total Cost": 637.05,
          "Plans": [
            {
              "Parent Relationship": "Outer",
              "Total Cost": 346.42,
              "Plans": [
                {
                  "Parent Relationship": "Outer",
                  "Total Cost": 231.99,
                  "Relation Name": "reserves",
                  "Parallel Aware": false,
                  "Alias": "r2",
                  "Node Type": "Seq Scan",
                  "Plan Width": 8,
                  "Startup Cost": 0.0,
                  "Plan Rows": 14999
                },
                {
                  "Parent Relationship": "Inner",
                  "Total Cost": 62.5,
                  "Plans": [
                    {
                      "Parent Relationship": "Outer",
                      "Total Cost": 62.5,
                      "Relation Name": "boat",
                      "Parallel Aware": false,
                      "Filter": "(color \u003d \u0027green\u0027::bpchar)",
                      "Alias": "b2",
                      "Node Type": "Seq Scan",
                      "Plan Width": 4,
                      "Startup Cost": 0.0,
                      "Plan Rows": 1000
                    }
                  ],
                  "Parallel Aware": false,
                  "Node Type": "Hash",
                  "Plan Width": 4,
                  "Startup Cost": 62.5,
                  "Plan Rows": 1000
                }
              ],
              "Parallel Aware": false,
              "Node Type": "Hash Join",
              "Join Type": "Inner",
              "Plan Width": 4,
              "Startup Cost": 75.0,
              "Hash Cond": "(r2.bid \u003d b2.bid)",
              "Plan Rows": 5000,
              "Inner Unique": true
            },
            {
              "Parent Relationship": "Inner",
              "Total Cost": 165.0,
              "Plans": [
                {
                  "Parent Relationship": "Outer",
                  "Total Cost": 165.0,
                  "Relation Name": "sailors",
                  "Parallel Aware": false,
                  "Alias": "s2",
                  "Node Type": "Seq Scan",
                  "Plan Width": 4,
                  "Startup Cost": 0.0,
                  "Plan Rows": 9000
                }
              ],
              "Parallel Aware": false,
              "Node Type": "Hash",
              "Plan Width": 4,
              "Startup Cost": 165.0,
              "Plan Rows": 9000
            }
          ],
          "Parallel Aware": false,
          "Node Type": "Hash Join",
          "Join Type": "Inner",
          "Plan Width": 8,
          "Startup Cost": 352.5,
          "Hash Cond": "(r2.sid \u003d s2.sid)",
          "Plan Rows": 5000,
          "Inner Unique": true
        }
      ],
      "Parallel Aware": false,
      "Node Type": "Hash",
      "Plan Width": 8,
      "Startup Cost": 637.05,
      "Plan Rows": 5000
    }
  ],
  "Parallel Aware": false,
  "Node Type": "Hash Join",
  "Join Type": "Semi",
  "Plan Width": 21,
  "Startup Cost": 1052.05,
  "Hash Cond": "(s.sid \u003d s2.sid)",
  "Plan Rows": 2778,
  "Inner Unique": false
}

------------------------------

Indicies Configuration #16:
Index btree on column color in table boat
Index hash on column sid in table reserves

------------------------------

1. The Total Cost of the Plan = 1380.64
2. The Estimated Size of the Result Set = 2778
3. The Plan of the Query:
{
  "Total Cost": 1380.64,
  "Plans": [
    {
      "Parent Relationship": "Outer",
      "Total Cost": 637.05,
      "Plans": [
        {
          "Parent Relationship": "Outer",
          "Total Cost": 346.42,
          "Plans": [
            {
              "Parent Relationship": "Outer",
              "Total Cost": 231.99,
              "Relation Name": "reserves",
              "Parallel Aware": false,
              "Alias": "r",
              "Node Type": "Seq Scan",
              "Plan Width": 8,
              "Startup Cost": 0.0,
              "Plan Rows": 14999
            },
            {
              "Parent Relationship": "Inner",
              "Total Cost": 62.5,
              "Plans": [
                {
                  "Parent Relationship": "Outer",
                  "Total Cost": 62.5,
                  "Relation Name": "boat",
                  "Parallel Aware": false,
                  "Filter": "(color \u003d \u0027red\u0027::bpchar)",
                  "Alias": "b",
                  "Node Type": "Seq Scan",
                  "Plan Width": 4,
                  "Startup Cost": 0.0,
                  "Plan Rows": 1000
                }
              ],
              "Parallel Aware": false,
              "Node Type": "Hash",
              "Plan Width": 4,
              "Startup Cost": 62.5,
              "Plan Rows": 1000
            }
          ],
          "Parallel Aware": false,
          "Node Type": "Hash Join",
          "Join Type": "Inner",
          "Plan Width": 4,
          "Startup Cost": 75.0,
          "Hash Cond": "(r.bid \u003d b.bid)",
          "Plan Rows": 5000,
          "Inner Unique": true
        },
        {
          "Parent Relationship": "Inner",
          "Total Cost": 165.0,
          "Plans": [
            {
              "Parent Relationship": "Outer",
              "Total Cost": 165.0,
              "Relation Name": "sailors",
              "Parallel Aware": false,
              "Alias": "s",
              "Node Type": "Seq Scan",
              "Plan Width": 25,
              "Startup Cost": 0.0,
              "Plan Rows": 9000
            }
          ],
          "Parallel Aware": false,
          "Node Type": "Hash",
          "Plan Width": 25,
          "Startup Cost": 165.0,
          "Plan Rows": 9000
        }
      ],
      "Parallel Aware": false,
      "Node Type": "Hash Join",
      "Join Type": "Inner",
      "Plan Width": 29,
      "Startup Cost": 352.5,
      "Hash Cond": "(r.sid \u003d s.sid)",
      "Plan Rows": 5000,
      "Inner Unique": true
    },
    {
      "Parent Relationship": "Inner",
      "Total Cost": 637.05,
      "Plans": [
        {
          "Parent Relationship": "Outer",
          "Total Cost": 637.05,
          "Plans": [
            {
              "Parent Relationship": "Outer",
              "Total Cost": 346.42,
              "Plans": [
                {
                  "Parent Relationship": "Outer",
                  "Total Cost": 231.99,
                  "Relation Name": "reserves",
                  "Parallel Aware": false,
                  "Alias": "r2",
                  "Node Type": "Seq Scan",
                  "Plan Width": 8,
                  "Startup Cost": 0.0,
                  "Plan Rows": 14999
                },
                {
                  "Parent Relationship": "Inner",
                  "Total Cost": 62.5,
                  "Plans": [
                    {
                      "Parent Relationship": "Outer",
                      "Total Cost": 62.5,
                      "Relation Name": "boat",
                      "Parallel Aware": false,
                      "Filter": "(color \u003d \u0027green\u0027::bpchar)",
                      "Alias": "b2",
                      "Node Type": "Seq Scan",
                      "Plan Width": 4,
                      "Startup Cost": 0.0,
                      "Plan Rows": 1000
                    }
                  ],
                  "Parallel Aware": false,
                  "Node Type": "Hash",
                  "Plan Width": 4,
                  "Startup Cost": 62.5,
                  "Plan Rows": 1000
                }
              ],
              "Parallel Aware": false,
              "Node Type": "Hash Join",
              "Join Type": "Inner",
              "Plan Width": 4,
              "Startup Cost": 75.0,
              "Hash Cond": "(r2.bid \u003d b2.bid)",
              "Plan Rows": 5000,
              "Inner Unique": true
            },
            {
              "Parent Relationship": "Inner",
              "Total Cost": 165.0,
              "Plans": [
                {
                  "Parent Relationship": "Outer",
                  "Total Cost": 165.0,
                  "Relation Name": "sailors",
                  "Parallel Aware": false,
                  "Alias": "s2",
                  "Node Type": "Seq Scan",
                  "Plan Width": 4,
                  "Startup Cost": 0.0,
                  "Plan Rows": 9000
                }
              ],
              "Parallel Aware": false,
              "Node Type": "Hash",
              "Plan Width": 4,
              "Startup Cost": 165.0,
              "Plan Rows": 9000
            }
          ],
          "Parallel Aware": false,
          "Node Type": "Hash Join",
          "Join Type": "Inner",
          "Plan Width": 8,
          "Startup Cost": 352.5,
          "Hash Cond": "(r2.sid \u003d s2.sid)",
          "Plan Rows": 5000,
          "Inner Unique": true
        }
      ],
      "Parallel Aware": false,
      "Node Type": "Hash",
      "Plan Width": 8,
      "Startup Cost": 637.05,
      "Plan Rows": 5000
    }
  ],
  "Parallel Aware": false,
  "Node Type": "Hash Join",
  "Join Type": "Semi",
  "Plan Width": 21,
  "Startup Cost": 1052.05,
  "Hash Cond": "(s.sid \u003d s2.sid)",
  "Plan Rows": 2778,
  "Inner Unique": false
}

------------------------------

Indicies Configuration #17:
Index btree on column color in table boat
Index hash on column sid in table reserves
Index btree on column bid in table boat

------------------------------

1. The Total Cost of the Plan = 1380.64
2. The Estimated Size of the Result Set = 2778
3. The Plan of the Query:
{
  "Total Cost": 1380.64,
  "Plans": [
    {
      "Parent Relationship": "Outer",
      "Total Cost": 637.05,
      "Plans": [
        {
          "Parent Relationship": "Outer",
          "Total Cost": 346.42,
          "Plans": [
            {
              "Parent Relationship": "Outer",
              "Total Cost": 231.99,
              "Relation Name": "reserves",
              "Parallel Aware": false,
              "Alias": "r",
              "Node Type": "Seq Scan",
              "Plan Width": 8,
              "Startup Cost": 0.0,
              "Plan Rows": 14999
            },
            {
              "Parent Relationship": "Inner",
              "Total Cost": 62.5,
              "Plans": [
                {
                  "Parent Relationship": "Outer",
                  "Total Cost": 62.5,
                  "Relation Name": "boat",
                  "Parallel Aware": false,
                  "Filter": "(color \u003d \u0027red\u0027::bpchar)",
                  "Alias": "b",
                  "Node Type": "Seq Scan",
                  "Plan Width": 4,
                  "Startup Cost": 0.0,
                  "Plan Rows": 1000
                }
              ],
              "Parallel Aware": false,
              "Node Type": "Hash",
              "Plan Width": 4,
              "Startup Cost": 62.5,
              "Plan Rows": 1000
            }
          ],
          "Parallel Aware": false,
          "Node Type": "Hash Join",
          "Join Type": "Inner",
          "Plan Width": 4,
          "Startup Cost": 75.0,
          "Hash Cond": "(r.bid \u003d b.bid)",
          "Plan Rows": 5000,
          "Inner Unique": true
        },
        {
          "Parent Relationship": "Inner",
          "Total Cost": 165.0,
          "Plans": [
            {
              "Parent Relationship": "Outer",
              "Total Cost": 165.0,
              "Relation Name": "sailors",
              "Parallel Aware": false,
              "Alias": "s",
              "Node Type": "Seq Scan",
              "Plan Width": 25,
              "Startup Cost": 0.0,
              "Plan Rows": 9000
            }
          ],
          "Parallel Aware": false,
          "Node Type": "Hash",
          "Plan Width": 25,
          "Startup Cost": 165.0,
          "Plan Rows": 9000
        }
      ],
      "Parallel Aware": false,
      "Node Type": "Hash Join",
      "Join Type": "Inner",
      "Plan Width": 29,
      "Startup Cost": 352.5,
      "Hash Cond": "(r.sid \u003d s.sid)",
      "Plan Rows": 5000,
      "Inner Unique": true
    },
    {
      "Parent Relationship": "Inner",
      "Total Cost": 637.05,
      "Plans": [
        {
          "Parent Relationship": "Outer",
          "Total Cost": 637.05,
          "Plans": [
            {
              "Parent Relationship": "Outer",
              "Total Cost": 346.42,
              "Plans": [
                {
                  "Parent Relationship": "Outer",
                  "Total Cost": 231.99,
                  "Relation Name": "reserves",
                  "Parallel Aware": false,
                  "Alias": "r2",
                  "Node Type": "Seq Scan",
                  "Plan Width": 8,
                  "Startup Cost": 0.0,
                  "Plan Rows": 14999
                },
                {
                  "Parent Relationship": "Inner",
                  "Total Cost": 62.5,
                  "Plans": [
                    {
                      "Parent Relationship": "Outer",
                      "Total Cost": 62.5,
                      "Relation Name": "boat",
                      "Parallel Aware": false,
                      "Filter": "(color \u003d \u0027green\u0027::bpchar)",
                      "Alias": "b2",
                      "Node Type": "Seq Scan",
                      "Plan Width": 4,
                      "Startup Cost": 0.0,
                      "Plan Rows": 1000
                    }
                  ],
                  "Parallel Aware": false,
                  "Node Type": "Hash",
                  "Plan Width": 4,
                  "Startup Cost": 62.5,
                  "Plan Rows": 1000
                }
              ],
              "Parallel Aware": false,
              "Node Type": "Hash Join",
              "Join Type": "Inner",
              "Plan Width": 4,
              "Startup Cost": 75.0,
              "Hash Cond": "(r2.bid \u003d b2.bid)",
              "Plan Rows": 5000,
              "Inner Unique": true
            },
            {
              "Parent Relationship": "Inner",
              "Total Cost": 165.0,
              "Plans": [
                {
                  "Parent Relationship": "Outer",
                  "Total Cost": 165.0,
                  "Relation Name": "sailors",
                  "Parallel Aware": false,
                  "Alias": "s2",
                  "Node Type": "Seq Scan",
                  "Plan Width": 4,
                  "Startup Cost": 0.0,
                  "Plan Rows": 9000
                }
              ],
              "Parallel Aware": false,
              "Node Type": "Hash",
              "Plan Width": 4,
              "Startup Cost": 165.0,
              "Plan Rows": 9000
            }
          ],
          "Parallel Aware": false,
          "Node Type": "Hash Join",
          "Join Type": "Inner",
          "Plan Width": 8,
          "Startup Cost": 352.5,
          "Hash Cond": "(r2.sid \u003d s2.sid)",
          "Plan Rows": 5000,
          "Inner Unique": true
        }
      ],
      "Parallel Aware": false,
      "Node Type": "Hash",
      "Plan Width": 8,
      "Startup Cost": 637.05,
      "Plan Rows": 5000
    }
  ],
  "Parallel Aware": false,
  "Node Type": "Hash Join",
  "Join Type": "Semi",
  "Plan Width": 21,
  "Startup Cost": 1052.05,
  "Hash Cond": "(s.sid \u003d s2.sid)",
  "Plan Rows": 2778,
  "Inner Unique": false
}

------------------------------

Indicies Configuration #18:
Index btree on column color in table boat
Index hash on column sid in table reserves
Index hash on column bid in table boat

------------------------------

1. The Total Cost of the Plan = 1380.64
2. The Estimated Size of the Result Set = 2778
3. The Plan of the Query:
{
  "Total Cost": 1380.64,
  "Plans": [
    {
      "Parent Relationship": "Outer",
      "Total Cost": 637.05,
      "Plans": [
        {
          "Parent Relationship": "Outer",
          "Total Cost": 346.42,
          "Plans": [
            {
              "Parent Relationship": "Outer",
              "Total Cost": 231.99,
              "Relation Name": "reserves",
              "Parallel Aware": false,
              "Alias": "r",
              "Node Type": "Seq Scan",
              "Plan Width": 8,
              "Startup Cost": 0.0,
              "Plan Rows": 14999
            },
            {
              "Parent Relationship": "Inner",
              "Total Cost": 62.5,
              "Plans": [
                {
                  "Parent Relationship": "Outer",
                  "Total Cost": 62.5,
                  "Relation Name": "boat",
                  "Parallel Aware": false,
                  "Filter": "(color \u003d \u0027red\u0027::bpchar)",
                  "Alias": "b",
                  "Node Type": "Seq Scan",
                  "Plan Width": 4,
                  "Startup Cost": 0.0,
                  "Plan Rows": 1000
                }
              ],
              "Parallel Aware": false,
              "Node Type": "Hash",
              "Plan Width": 4,
              "Startup Cost": 62.5,
              "Plan Rows": 1000
            }
          ],
          "Parallel Aware": false,
          "Node Type": "Hash Join",
          "Join Type": "Inner",
          "Plan Width": 4,
          "Startup Cost": 75.0,
          "Hash Cond": "(r.bid \u003d b.bid)",
          "Plan Rows": 5000,
          "Inner Unique": true
        },
        {
          "Parent Relationship": "Inner",
          "Total Cost": 165.0,
          "Plans": [
            {
              "Parent Relationship": "Outer",
              "Total Cost": 165.0,
              "Relation Name": "sailors",
              "Parallel Aware": false,
              "Alias": "s",
              "Node Type": "Seq Scan",
              "Plan Width": 25,
              "Startup Cost": 0.0,
              "Plan Rows": 9000
            }
          ],
          "Parallel Aware": false,
          "Node Type": "Hash",
          "Plan Width": 25,
          "Startup Cost": 165.0,
          "Plan Rows": 9000
        }
      ],
      "Parallel Aware": false,
      "Node Type": "Hash Join",
      "Join Type": "Inner",
      "Plan Width": 29,
      "Startup Cost": 352.5,
      "Hash Cond": "(r.sid \u003d s.sid)",
      "Plan Rows": 5000,
      "Inner Unique": true
    },
    {
      "Parent Relationship": "Inner",
      "Total Cost": 637.05,
      "Plans": [
        {
          "Parent Relationship": "Outer",
          "Total Cost": 637.05,
          "Plans": [
            {
              "Parent Relationship": "Outer",
              "Total Cost": 346.42,
              "Plans": [
                {
                  "Parent Relationship": "Outer",
                  "Total Cost": 231.99,
                  "Relation Name": "reserves",
                  "Parallel Aware": false,
                  "Alias": "r2",
                  "Node Type": "Seq Scan",
                  "Plan Width": 8,
                  "Startup Cost": 0.0,
                  "Plan Rows": 14999
                },
                {
                  "Parent Relationship": "Inner",
                  "Total Cost": 62.5,
                  "Plans": [
                    {
                      "Parent Relationship": "Outer",
                      "Total Cost": 62.5,
                      "Relation Name": "boat",
                      "Parallel Aware": false,
                      "Filter": "(color \u003d \u0027green\u0027::bpchar)",
                      "Alias": "b2",
                      "Node Type": "Seq Scan",
                      "Plan Width": 4,
                      "Startup Cost": 0.0,
                      "Plan Rows": 1000
                    }
                  ],
                  "Parallel Aware": false,
                  "Node Type": "Hash",
                  "Plan Width": 4,
                  "Startup Cost": 62.5,
                  "Plan Rows": 1000
                }
              ],
              "Parallel Aware": false,
              "Node Type": "Hash Join",
              "Join Type": "Inner",
              "Plan Width": 4,
              "Startup Cost": 75.0,
              "Hash Cond": "(r2.bid \u003d b2.bid)",
              "Plan Rows": 5000,
              "Inner Unique": true
            },
            {
              "Parent Relationship": "Inner",
              "Total Cost": 165.0,
              "Plans": [
                {
                  "Parent Relationship": "Outer",
                  "Total Cost": 165.0,
                  "Relation Name": "sailors",
                  "Parallel Aware": false,
                  "Alias": "s2",
                  "Node Type": "Seq Scan",
                  "Plan Width": 4,
                  "Startup Cost": 0.0,
                  "Plan Rows": 9000
                }
              ],
              "Parallel Aware": false,
              "Node Type": "Hash",
              "Plan Width": 4,
              "Startup Cost": 165.0,
              "Plan Rows": 9000
            }
          ],
          "Parallel Aware": false,
          "Node Type": "Hash Join",
          "Join Type": "Inner",
          "Plan Width": 8,
          "Startup Cost": 352.5,
          "Hash Cond": "(r2.sid \u003d s2.sid)",
          "Plan Rows": 5000,
          "Inner Unique": true
        }
      ],
      "Parallel Aware": false,
      "Node Type": "Hash",
      "Plan Width": 8,
      "Startup Cost": 637.05,
      "Plan Rows": 5000
    }
  ],
  "Parallel Aware": false,
  "Node Type": "Hash Join",
  "Join Type": "Semi",
  "Plan Width": 21,
  "Startup Cost": 1052.05,
  "Hash Cond": "(s.sid \u003d s2.sid)",
  "Plan Rows": 2778,
  "Inner Unique": false
}

------------------------------

Indicies Configuration #19:
Index hash on column color in table boat

------------------------------

1. The Total Cost of the Plan = 1380.64
2. The Estimated Size of the Result Set = 2778
3. The Plan of the Query:
{
  "Total Cost": 1380.64,
  "Plans": [
    {
      "Parent Relationship": "Outer",
      "Total Cost": 637.05,
      "Plans": [
        {
          "Parent Relationship": "Outer",
          "Total Cost": 346.42,
          "Plans": [
            {
              "Parent Relationship": "Outer",
              "Total Cost": 231.99,
              "Relation Name": "reserves",
              "Parallel Aware": false,
              "Alias": "r",
              "Node Type": "Seq Scan",
              "Plan Width": 8,
              "Startup Cost": 0.0,
              "Plan Rows": 14999
            },
            {
              "Parent Relationship": "Inner",
              "Total Cost": 62.5,
              "Plans": [
                {
                  "Parent Relationship": "Outer",
                  "Total Cost": 62.5,
                  "Relation Name": "boat",
                  "Parallel Aware": false,
                  "Filter": "(color \u003d \u0027red\u0027::bpchar)",
                  "Alias": "b",
                  "Node Type": "Seq Scan",
                  "Plan Width": 4,
                  "Startup Cost": 0.0,
                  "Plan Rows": 1000
                }
              ],
              "Parallel Aware": false,
              "Node Type": "Hash",
              "Plan Width": 4,
              "Startup Cost": 62.5,
              "Plan Rows": 1000
            }
          ],
          "Parallel Aware": false,
          "Node Type": "Hash Join",
          "Join Type": "Inner",
          "Plan Width": 4,
          "Startup Cost": 75.0,
          "Hash Cond": "(r.bid \u003d b.bid)",
          "Plan Rows": 5000,
          "Inner Unique": true
        },
        {
          "Parent Relationship": "Inner",
          "Total Cost": 165.0,
          "Plans": [
            {
              "Parent Relationship": "Outer",
              "Total Cost": 165.0,
              "Relation Name": "sailors",
              "Parallel Aware": false,
              "Alias": "s",
              "Node Type": "Seq Scan",
              "Plan Width": 25,
              "Startup Cost": 0.0,
              "Plan Rows": 9000
            }
          ],
          "Parallel Aware": false,
          "Node Type": "Hash",
          "Plan Width": 25,
          "Startup Cost": 165.0,
          "Plan Rows": 9000
        }
      ],
      "Parallel Aware": false,
      "Node Type": "Hash Join",
      "Join Type": "Inner",
      "Plan Width": 29,
      "Startup Cost": 352.5,
      "Hash Cond": "(r.sid \u003d s.sid)",
      "Plan Rows": 5000,
      "Inner Unique": true
    },
    {
      "Parent Relationship": "Inner",
      "Total Cost": 637.05,
      "Plans": [
        {
          "Parent Relationship": "Outer",
          "Total Cost": 637.05,
          "Plans": [
            {
              "Parent Relationship": "Outer",
              "Total Cost": 346.42,
              "Plans": [
                {
                  "Parent Relationship": "Outer",
                  "Total Cost": 231.99,
                  "Relation Name": "reserves",
                  "Parallel Aware": false,
                  "Alias": "r2",
                  "Node Type": "Seq Scan",
                  "Plan Width": 8,
                  "Startup Cost": 0.0,
                  "Plan Rows": 14999
                },
                {
                  "Parent Relationship": "Inner",
                  "Total Cost": 62.5,
                  "Plans": [
                    {
                      "Parent Relationship": "Outer",
                      "Total Cost": 62.5,
                      "Relation Name": "boat",
                      "Parallel Aware": false,
                      "Filter": "(color \u003d \u0027green\u0027::bpchar)",
                      "Alias": "b2",
                      "Node Type": "Seq Scan",
                      "Plan Width": 4,
                      "Startup Cost": 0.0,
                      "Plan Rows": 1000
                    }
                  ],
                  "Parallel Aware": false,
                  "Node Type": "Hash",
                  "Plan Width": 4,
                  "Startup Cost": 62.5,
                  "Plan Rows": 1000
                }
              ],
              "Parallel Aware": false,
              "Node Type": "Hash Join",
              "Join Type": "Inner",
              "Plan Width": 4,
              "Startup Cost": 75.0,
              "Hash Cond": "(r2.bid \u003d b2.bid)",
              "Plan Rows": 5000,
              "Inner Unique": true
            },
            {
              "Parent Relationship": "Inner",
              "Total Cost": 165.0,
              "Plans": [
                {
                  "Parent Relationship": "Outer",
                  "Total Cost": 165.0,
                  "Relation Name": "sailors",
                  "Parallel Aware": false,
                  "Alias": "s2",
                  "Node Type": "Seq Scan",
                  "Plan Width": 4,
                  "Startup Cost": 0.0,
                  "Plan Rows": 9000
                }
              ],
              "Parallel Aware": false,
              "Node Type": "Hash",
              "Plan Width": 4,
              "Startup Cost": 165.0,
              "Plan Rows": 9000
            }
          ],
          "Parallel Aware": false,
          "Node Type": "Hash Join",
          "Join Type": "Inner",
          "Plan Width": 8,
          "Startup Cost": 352.5,
          "Hash Cond": "(r2.sid \u003d s2.sid)",
          "Plan Rows": 5000,
          "Inner Unique": true
        }
      ],
      "Parallel Aware": false,
      "Node Type": "Hash",
      "Plan Width": 8,
      "Startup Cost": 637.05,
      "Plan Rows": 5000
    }
  ],
  "Parallel Aware": false,
  "Node Type": "Hash Join",
  "Join Type": "Semi",
  "Plan Width": 21,
  "Startup Cost": 1052.05,
  "Hash Cond": "(s.sid \u003d s2.sid)",
  "Plan Rows": 2778,
  "Inner Unique": false
}

------------------------------

Indicies Configuration #20:
Index hash on column color in table boat
Index btree on column bid in table boat

------------------------------

1. The Total Cost of the Plan = 1380.64
2. The Estimated Size of the Result Set = 2778
3. The Plan of the Query:
{
  "Total Cost": 1380.64,
  "Plans": [
    {
      "Parent Relationship": "Outer",
      "Total Cost": 637.05,
      "Plans": [
        {
          "Parent Relationship": "Outer",
          "Total Cost": 346.42,
          "Plans": [
            {
              "Parent Relationship": "Outer",
              "Total Cost": 231.99,
              "Relation Name": "reserves",
              "Parallel Aware": false,
              "Alias": "r",
              "Node Type": "Seq Scan",
              "Plan Width": 8,
              "Startup Cost": 0.0,
              "Plan Rows": 14999
            },
            {
              "Parent Relationship": "Inner",
              "Total Cost": 62.5,
              "Plans": [
                {
                  "Parent Relationship": "Outer",
                  "Total Cost": 62.5,
                  "Relation Name": "boat",
                  "Parallel Aware": false,
                  "Filter": "(color \u003d \u0027red\u0027::bpchar)",
                  "Alias": "b",
                  "Node Type": "Seq Scan",
                  "Plan Width": 4,
                  "Startup Cost": 0.0,
                  "Plan Rows": 1000
                }
              ],
              "Parallel Aware": false,
              "Node Type": "Hash",
              "Plan Width": 4,
              "Startup Cost": 62.5,
              "Plan Rows": 1000
            }
          ],
          "Parallel Aware": false,
          "Node Type": "Hash Join",
          "Join Type": "Inner",
          "Plan Width": 4,
          "Startup Cost": 75.0,
          "Hash Cond": "(r.bid \u003d b.bid)",
          "Plan Rows": 5000,
          "Inner Unique": true
        },
        {
          "Parent Relationship": "Inner",
          "Total Cost": 165.0,
          "Plans": [
            {
              "Parent Relationship": "Outer",
              "Total Cost": 165.0,
              "Relation Name": "sailors",
              "Parallel Aware": false,
              "Alias": "s",
              "Node Type": "Seq Scan",
              "Plan Width": 25,
              "Startup Cost": 0.0,
              "Plan Rows": 9000
            }
          ],
          "Parallel Aware": false,
          "Node Type": "Hash",
          "Plan Width": 25,
          "Startup Cost": 165.0,
          "Plan Rows": 9000
        }
      ],
      "Parallel Aware": false,
      "Node Type": "Hash Join",
      "Join Type": "Inner",
      "Plan Width": 29,
      "Startup Cost": 352.5,
      "Hash Cond": "(r.sid \u003d s.sid)",
      "Plan Rows": 5000,
      "Inner Unique": true
    },
    {
      "Parent Relationship": "Inner",
      "Total Cost": 637.05,
      "Plans": [
        {
          "Parent Relationship": "Outer",
          "Total Cost": 637.05,
          "Plans": [
            {
              "Parent Relationship": "Outer",
              "Total Cost": 346.42,
              "Plans": [
                {
                  "Parent Relationship": "Outer",
                  "Total Cost": 231.99,
                  "Relation Name": "reserves",
                  "Parallel Aware": false,
                  "Alias": "r2",
                  "Node Type": "Seq Scan",
                  "Plan Width": 8,
                  "Startup Cost": 0.0,
                  "Plan Rows": 14999
                },
                {
                  "Parent Relationship": "Inner",
                  "Total Cost": 62.5,
                  "Plans": [
                    {
                      "Parent Relationship": "Outer",
                      "Total Cost": 62.5,
                      "Relation Name": "boat",
                      "Parallel Aware": false,
                      "Filter": "(color \u003d \u0027green\u0027::bpchar)",
                      "Alias": "b2",
                      "Node Type": "Seq Scan",
                      "Plan Width": 4,
                      "Startup Cost": 0.0,
                      "Plan Rows": 1000
                    }
                  ],
                  "Parallel Aware": false,
                  "Node Type": "Hash",
                  "Plan Width": 4,
                  "Startup Cost": 62.5,
                  "Plan Rows": 1000
                }
              ],
              "Parallel Aware": false,
              "Node Type": "Hash Join",
              "Join Type": "Inner",
              "Plan Width": 4,
              "Startup Cost": 75.0,
              "Hash Cond": "(r2.bid \u003d b2.bid)",
              "Plan Rows": 5000,
              "Inner Unique": true
            },
            {
              "Parent Relationship": "Inner",
              "Total Cost": 165.0,
              "Plans": [
                {
                  "Parent Relationship": "Outer",
                  "Total Cost": 165.0,
                  "Relation Name": "sailors",
                  "Parallel Aware": false,
                  "Alias": "s2",
                  "Node Type": "Seq Scan",
                  "Plan Width": 4,
                  "Startup Cost": 0.0,
                  "Plan Rows": 9000
                }
              ],
              "Parallel Aware": false,
              "Node Type": "Hash",
              "Plan Width": 4,
              "Startup Cost": 165.0,
              "Plan Rows": 9000
            }
          ],
          "Parallel Aware": false,
          "Node Type": "Hash Join",
          "Join Type": "Inner",
          "Plan Width": 8,
          "Startup Cost": 352.5,
          "Hash Cond": "(r2.sid \u003d s2.sid)",
          "Plan Rows": 5000,
          "Inner Unique": true
        }
      ],
      "Parallel Aware": false,
      "Node Type": "Hash",
      "Plan Width": 8,
      "Startup Cost": 637.05,
      "Plan Rows": 5000
    }
  ],
  "Parallel Aware": false,
  "Node Type": "Hash Join",
  "Join Type": "Semi",
  "Plan Width": 21,
  "Startup Cost": 1052.05,
  "Hash Cond": "(s.sid \u003d s2.sid)",
  "Plan Rows": 2778,
  "Inner Unique": false
}

------------------------------

Indicies Configuration #21:
Index hash on column color in table boat
Index hash on column bid in table boat

------------------------------

1. The Total Cost of the Plan = 1380.64
2. The Estimated Size of the Result Set = 2778
3. The Plan of the Query:
{
  "Total Cost": 1380.64,
  "Plans": [
    {
      "Parent Relationship": "Outer",
      "Total Cost": 637.05,
      "Plans": [
        {
          "Parent Relationship": "Outer",
          "Total Cost": 346.42,
          "Plans": [
            {
              "Parent Relationship": "Outer",
              "Total Cost": 231.99,
              "Relation Name": "reserves",
              "Parallel Aware": false,
              "Alias": "r",
              "Node Type": "Seq Scan",
              "Plan Width": 8,
              "Startup Cost": 0.0,
              "Plan Rows": 14999
            },
            {
              "Parent Relationship": "Inner",
              "Total Cost": 62.5,
              "Plans": [
                {
                  "Parent Relationship": "Outer",
                  "Total Cost": 62.5,
                  "Relation Name": "boat",
                  "Parallel Aware": false,
                  "Filter": "(color \u003d \u0027red\u0027::bpchar)",
                  "Alias": "b",
                  "Node Type": "Seq Scan",
                  "Plan Width": 4,
                  "Startup Cost": 0.0,
                  "Plan Rows": 1000
                }
              ],
              "Parallel Aware": false,
              "Node Type": "Hash",
              "Plan Width": 4,
              "Startup Cost": 62.5,
              "Plan Rows": 1000
            }
          ],
          "Parallel Aware": false,
          "Node Type": "Hash Join",
          "Join Type": "Inner",
          "Plan Width": 4,
          "Startup Cost": 75.0,
          "Hash Cond": "(r.bid \u003d b.bid)",
          "Plan Rows": 5000,
          "Inner Unique": true
        },
        {
          "Parent Relationship": "Inner",
          "Total Cost": 165.0,
          "Plans": [
            {
              "Parent Relationship": "Outer",
              "Total Cost": 165.0,
              "Relation Name": "sailors",
              "Parallel Aware": false,
              "Alias": "s",
              "Node Type": "Seq Scan",
              "Plan Width": 25,
              "Startup Cost": 0.0,
              "Plan Rows": 9000
            }
          ],
          "Parallel Aware": false,
          "Node Type": "Hash",
          "Plan Width": 25,
          "Startup Cost": 165.0,
          "Plan Rows": 9000
        }
      ],
      "Parallel Aware": false,
      "Node Type": "Hash Join",
      "Join Type": "Inner",
      "Plan Width": 29,
      "Startup Cost": 352.5,
      "Hash Cond": "(r.sid \u003d s.sid)",
      "Plan Rows": 5000,
      "Inner Unique": true
    },
    {
      "Parent Relationship": "Inner",
      "Total Cost": 637.05,
      "Plans": [
        {
          "Parent Relationship": "Outer",
          "Total Cost": 637.05,
          "Plans": [
            {
              "Parent Relationship": "Outer",
              "Total Cost": 346.42,
              "Plans": [
                {
                  "Parent Relationship": "Outer",
                  "Total Cost": 231.99,
                  "Relation Name": "reserves",
                  "Parallel Aware": false,
                  "Alias": "r2",
                  "Node Type": "Seq Scan",
                  "Plan Width": 8,
                  "Startup Cost": 0.0,
                  "Plan Rows": 14999
                },
                {
                  "Parent Relationship": "Inner",
                  "Total Cost": 62.5,
                  "Plans": [
                    {
                      "Parent Relationship": "Outer",
                      "Total Cost": 62.5,
                      "Relation Name": "boat",
                      "Parallel Aware": false,
                      "Filter": "(color \u003d \u0027green\u0027::bpchar)",
                      "Alias": "b2",
                      "Node Type": "Seq Scan",
                      "Plan Width": 4,
                      "Startup Cost": 0.0,
                      "Plan Rows": 1000
                    }
                  ],
                  "Parallel Aware": false,
                  "Node Type": "Hash",
                  "Plan Width": 4,
                  "Startup Cost": 62.5,
                  "Plan Rows": 1000
                }
              ],
              "Parallel Aware": false,
              "Node Type": "Hash Join",
              "Join Type": "Inner",
              "Plan Width": 4,
              "Startup Cost": 75.0,
              "Hash Cond": "(r2.bid \u003d b2.bid)",
              "Plan Rows": 5000,
              "Inner Unique": true
            },
            {
              "Parent Relationship": "Inner",
              "Total Cost": 165.0,
              "Plans": [
                {
                  "Parent Relationship": "Outer",
                  "Total Cost": 165.0,
                  "Relation Name": "sailors",
                  "Parallel Aware": false,
                  "Alias": "s2",
                  "Node Type": "Seq Scan",
                  "Plan Width": 4,
                  "Startup Cost": 0.0,
                  "Plan Rows": 9000
                }
              ],
              "Parallel Aware": false,
              "Node Type": "Hash",
              "Plan Width": 4,
              "Startup Cost": 165.0,
              "Plan Rows": 9000
            }
          ],
          "Parallel Aware": false,
          "Node Type": "Hash Join",
          "Join Type": "Inner",
          "Plan Width": 8,
          "Startup Cost": 352.5,
          "Hash Cond": "(r2.sid \u003d s2.sid)",
          "Plan Rows": 5000,
          "Inner Unique": true
        }
      ],
      "Parallel Aware": false,
      "Node Type": "Hash",
      "Plan Width": 8,
      "Startup Cost": 637.05,
      "Plan Rows": 5000
    }
  ],
  "Parallel Aware": false,
  "Node Type": "Hash Join",
  "Join Type": "Semi",
  "Plan Width": 21,
  "Startup Cost": 1052.05,
  "Hash Cond": "(s.sid \u003d s2.sid)",
  "Plan Rows": 2778,
  "Inner Unique": false
}

------------------------------

Indicies Configuration #22:
Index hash on column color in table boat
Index btree on column sid in table reserves

------------------------------

1. The Total Cost of the Plan = 1380.64
2. The Estimated Size of the Result Set = 2778
3. The Plan of the Query:
{
  "Total Cost": 1380.64,
  "Plans": [
    {
      "Parent Relationship": "Outer",
      "Total Cost": 637.05,
      "Plans": [
        {
          "Parent Relationship": "Outer",
          "Total Cost": 346.42,
          "Plans": [
            {
              "Parent Relationship": "Outer",
              "Total Cost": 231.99,
              "Relation Name": "reserves",
              "Parallel Aware": false,
              "Alias": "r",
              "Node Type": "Seq Scan",
              "Plan Width": 8,
              "Startup Cost": 0.0,
              "Plan Rows": 14999
            },
            {
              "Parent Relationship": "Inner",
              "Total Cost": 62.5,
              "Plans": [
                {
                  "Parent Relationship": "Outer",
                  "Total Cost": 62.5,
                  "Relation Name": "boat",
                  "Parallel Aware": false,
                  "Filter": "(color \u003d \u0027red\u0027::bpchar)",
                  "Alias": "b",
                  "Node Type": "Seq Scan",
                  "Plan Width": 4,
                  "Startup Cost": 0.0,
                  "Plan Rows": 1000
                }
              ],
              "Parallel Aware": false,
              "Node Type": "Hash",
              "Plan Width": 4,
              "Startup Cost": 62.5,
              "Plan Rows": 1000
            }
          ],
          "Parallel Aware": false,
          "Node Type": "Hash Join",
          "Join Type": "Inner",
          "Plan Width": 4,
          "Startup Cost": 75.0,
          "Hash Cond": "(r.bid \u003d b.bid)",
          "Plan Rows": 5000,
          "Inner Unique": true
        },
        {
          "Parent Relationship": "Inner",
          "Total Cost": 165.0,
          "Plans": [
            {
              "Parent Relationship": "Outer",
              "Total Cost": 165.0,
              "Relation Name": "sailors",
              "Parallel Aware": false,
              "Alias": "s",
              "Node Type": "Seq Scan",
              "Plan Width": 25,
              "Startup Cost": 0.0,
              "Plan Rows": 9000
            }
          ],
          "Parallel Aware": false,
          "Node Type": "Hash",
          "Plan Width": 25,
          "Startup Cost": 165.0,
          "Plan Rows": 9000
        }
      ],
      "Parallel Aware": false,
      "Node Type": "Hash Join",
      "Join Type": "Inner",
      "Plan Width": 29,
      "Startup Cost": 352.5,
      "Hash Cond": "(r.sid \u003d s.sid)",
      "Plan Rows": 5000,
      "Inner Unique": true
    },
    {
      "Parent Relationship": "Inner",
      "Total Cost": 637.05,
      "Plans": [
        {
          "Parent Relationship": "Outer",
          "Total Cost": 637.05,
          "Plans": [
            {
              "Parent Relationship": "Outer",
              "Total Cost": 346.42,
              "Plans": [
                {
                  "Parent Relationship": "Outer",
                  "Total Cost": 231.99,
                  "Relation Name": "reserves",
                  "Parallel Aware": false,
                  "Alias": "r2",
                  "Node Type": "Seq Scan",
                  "Plan Width": 8,
                  "Startup Cost": 0.0,
                  "Plan Rows": 14999
                },
                {
                  "Parent Relationship": "Inner",
                  "Total Cost": 62.5,
                  "Plans": [
                    {
                      "Parent Relationship": "Outer",
                      "Total Cost": 62.5,
                      "Relation Name": "boat",
                      "Parallel Aware": false,
                      "Filter": "(color \u003d \u0027green\u0027::bpchar)",
                      "Alias": "b2",
                      "Node Type": "Seq Scan",
                      "Plan Width": 4,
                      "Startup Cost": 0.0,
                      "Plan Rows": 1000
                    }
                  ],
                  "Parallel Aware": false,
                  "Node Type": "Hash",
                  "Plan Width": 4,
                  "Startup Cost": 62.5,
                  "Plan Rows": 1000
                }
              ],
              "Parallel Aware": false,
              "Node Type": "Hash Join",
              "Join Type": "Inner",
              "Plan Width": 4,
              "Startup Cost": 75.0,
              "Hash Cond": "(r2.bid \u003d b2.bid)",
              "Plan Rows": 5000,
              "Inner Unique": true
            },
            {
              "Parent Relationship": "Inner",
              "Total Cost": 165.0,
              "Plans": [
                {
                  "Parent Relationship": "Outer",
                  "Total Cost": 165.0,
                  "Relation Name": "sailors",
                  "Parallel Aware": false,
                  "Alias": "s2",
                  "Node Type": "Seq Scan",
                  "Plan Width": 4,
                  "Startup Cost": 0.0,
                  "Plan Rows": 9000
                }
              ],
              "Parallel Aware": false,
              "Node Type": "Hash",
              "Plan Width": 4,
              "Startup Cost": 165.0,
              "Plan Rows": 9000
            }
          ],
          "Parallel Aware": false,
          "Node Type": "Hash Join",
          "Join Type": "Inner",
          "Plan Width": 8,
          "Startup Cost": 352.5,
          "Hash Cond": "(r2.sid \u003d s2.sid)",
          "Plan Rows": 5000,
          "Inner Unique": true
        }
      ],
      "Parallel Aware": false,
      "Node Type": "Hash",
      "Plan Width": 8,
      "Startup Cost": 637.05,
      "Plan Rows": 5000
    }
  ],
  "Parallel Aware": false,
  "Node Type": "Hash Join",
  "Join Type": "Semi",
  "Plan Width": 21,
  "Startup Cost": 1052.05,
  "Hash Cond": "(s.sid \u003d s2.sid)",
  "Plan Rows": 2778,
  "Inner Unique": false
}

------------------------------

Indicies Configuration #23:
Index hash on column color in table boat
Index btree on column sid in table reserves
Index btree on column bid in table boat

------------------------------

1. The Total Cost of the Plan = 1380.64
2. The Estimated Size of the Result Set = 2778
3. The Plan of the Query:
{
  "Total Cost": 1380.64,
  "Plans": [
    {
      "Parent Relationship": "Outer",
      "Total Cost": 637.05,
      "Plans": [
        {
          "Parent Relationship": "Outer",
          "Total Cost": 346.42,
          "Plans": [
            {
              "Parent Relationship": "Outer",
              "Total Cost": 231.99,
              "Relation Name": "reserves",
              "Parallel Aware": false,
              "Alias": "r",
              "Node Type": "Seq Scan",
              "Plan Width": 8,
              "Startup Cost": 0.0,
              "Plan Rows": 14999
            },
            {
              "Parent Relationship": "Inner",
              "Total Cost": 62.5,
              "Plans": [
                {
                  "Parent Relationship": "Outer",
                  "Total Cost": 62.5,
                  "Relation Name": "boat",
                  "Parallel Aware": false,
                  "Filter": "(color \u003d \u0027red\u0027::bpchar)",
                  "Alias": "b",
                  "Node Type": "Seq Scan",
                  "Plan Width": 4,
                  "Startup Cost": 0.0,
                  "Plan Rows": 1000
                }
              ],
              "Parallel Aware": false,
              "Node Type": "Hash",
              "Plan Width": 4,
              "Startup Cost": 62.5,
              "Plan Rows": 1000
            }
          ],
          "Parallel Aware": false,
          "Node Type": "Hash Join",
          "Join Type": "Inner",
          "Plan Width": 4,
          "Startup Cost": 75.0,
          "Hash Cond": "(r.bid \u003d b.bid)",
          "Plan Rows": 5000,
          "Inner Unique": true
        },
        {
          "Parent Relationship": "Inner",
          "Total Cost": 165.0,
          "Plans": [
            {
              "Parent Relationship": "Outer",
              "Total Cost": 165.0,
              "Relation Name": "sailors",
              "Parallel Aware": false,
              "Alias": "s",
              "Node Type": "Seq Scan",
              "Plan Width": 25,
              "Startup Cost": 0.0,
              "Plan Rows": 9000
            }
          ],
          "Parallel Aware": false,
          "Node Type": "Hash",
          "Plan Width": 25,
          "Startup Cost": 165.0,
          "Plan Rows": 9000
        }
      ],
      "Parallel Aware": false,
      "Node Type": "Hash Join",
      "Join Type": "Inner",
      "Plan Width": 29,
      "Startup Cost": 352.5,
      "Hash Cond": "(r.sid \u003d s.sid)",
      "Plan Rows": 5000,
      "Inner Unique": true
    },
    {
      "Parent Relationship": "Inner",
      "Total Cost": 637.05,
      "Plans": [
        {
          "Parent Relationship": "Outer",
          "Total Cost": 637.05,
          "Plans": [
            {
              "Parent Relationship": "Outer",
              "Total Cost": 346.42,
              "Plans": [
                {
                  "Parent Relationship": "Outer",
                  "Total Cost": 231.99,
                  "Relation Name": "reserves",
                  "Parallel Aware": false,
                  "Alias": "r2",
                  "Node Type": "Seq Scan",
                  "Plan Width": 8,
                  "Startup Cost": 0.0,
                  "Plan Rows": 14999
                },
                {
                  "Parent Relationship": "Inner",
                  "Total Cost": 62.5,
                  "Plans": [
                    {
                      "Parent Relationship": "Outer",
                      "Total Cost": 62.5,
                      "Relation Name": "boat",
                      "Parallel Aware": false,
                      "Filter": "(color \u003d \u0027green\u0027::bpchar)",
                      "Alias": "b2",
                      "Node Type": "Seq Scan",
                      "Plan Width": 4,
                      "Startup Cost": 0.0,
                      "Plan Rows": 1000
                    }
                  ],
                  "Parallel Aware": false,
                  "Node Type": "Hash",
                  "Plan Width": 4,
                  "Startup Cost": 62.5,
                  "Plan Rows": 1000
                }
              ],
              "Parallel Aware": false,
              "Node Type": "Hash Join",
              "Join Type": "Inner",
              "Plan Width": 4,
              "Startup Cost": 75.0,
              "Hash Cond": "(r2.bid \u003d b2.bid)",
              "Plan Rows": 5000,
              "Inner Unique": true
            },
            {
              "Parent Relationship": "Inner",
              "Total Cost": 165.0,
              "Plans": [
                {
                  "Parent Relationship": "Outer",
                  "Total Cost": 165.0,
                  "Relation Name": "sailors",
                  "Parallel Aware": false,
                  "Alias": "s2",
                  "Node Type": "Seq Scan",
                  "Plan Width": 4,
                  "Startup Cost": 0.0,
                  "Plan Rows": 9000
                }
              ],
              "Parallel Aware": false,
              "Node Type": "Hash",
              "Plan Width": 4,
              "Startup Cost": 165.0,
              "Plan Rows": 9000
            }
          ],
          "Parallel Aware": false,
          "Node Type": "Hash Join",
          "Join Type": "Inner",
          "Plan Width": 8,
          "Startup Cost": 352.5,
          "Hash Cond": "(r2.sid \u003d s2.sid)",
          "Plan Rows": 5000,
          "Inner Unique": true
        }
      ],
      "Parallel Aware": false,
      "Node Type": "Hash",
      "Plan Width": 8,
      "Startup Cost": 637.05,
      "Plan Rows": 5000
    }
  ],
  "Parallel Aware": false,
  "Node Type": "Hash Join",
  "Join Type": "Semi",
  "Plan Width": 21,
  "Startup Cost": 1052.05,
  "Hash Cond": "(s.sid \u003d s2.sid)",
  "Plan Rows": 2778,
  "Inner Unique": false
}

------------------------------

Indicies Configuration #24:
Index hash on column color in table boat
Index btree on column sid in table reserves
Index hash on column bid in table boat

------------------------------

1. The Total Cost of the Plan = 1380.64
2. The Estimated Size of the Result Set = 2778
3. The Plan of the Query:
{
  "Total Cost": 1380.64,
  "Plans": [
    {
      "Parent Relationship": "Outer",
      "Total Cost": 637.05,
      "Plans": [
        {
          "Parent Relationship": "Outer",
          "Total Cost": 346.42,
          "Plans": [
            {
              "Parent Relationship": "Outer",
              "Total Cost": 231.99,
              "Relation Name": "reserves",
              "Parallel Aware": false,
              "Alias": "r",
              "Node Type": "Seq Scan",
              "Plan Width": 8,
              "Startup Cost": 0.0,
              "Plan Rows": 14999
            },
            {
              "Parent Relationship": "Inner",
              "Total Cost": 62.5,
              "Plans": [
                {
                  "Parent Relationship": "Outer",
                  "Total Cost": 62.5,
                  "Relation Name": "boat",
                  "Parallel Aware": false,
                  "Filter": "(color \u003d \u0027red\u0027::bpchar)",
                  "Alias": "b",
                  "Node Type": "Seq Scan",
                  "Plan Width": 4,
                  "Startup Cost": 0.0,
                  "Plan Rows": 1000
                }
              ],
              "Parallel Aware": false,
              "Node Type": "Hash",
              "Plan Width": 4,
              "Startup Cost": 62.5,
              "Plan Rows": 1000
            }
          ],
          "Parallel Aware": false,
          "Node Type": "Hash Join",
          "Join Type": "Inner",
          "Plan Width": 4,
          "Startup Cost": 75.0,
          "Hash Cond": "(r.bid \u003d b.bid)",
          "Plan Rows": 5000,
          "Inner Unique": true
        },
        {
          "Parent Relationship": "Inner",
          "Total Cost": 165.0,
          "Plans": [
            {
              "Parent Relationship": "Outer",
              "Total Cost": 165.0,
              "Relation Name": "sailors",
              "Parallel Aware": false,
              "Alias": "s",
              "Node Type": "Seq Scan",
              "Plan Width": 25,
              "Startup Cost": 0.0,
              "Plan Rows": 9000
            }
          ],
          "Parallel Aware": false,
          "Node Type": "Hash",
          "Plan Width": 25,
          "Startup Cost": 165.0,
          "Plan Rows": 9000
        }
      ],
      "Parallel Aware": false,
      "Node Type": "Hash Join",
      "Join Type": "Inner",
      "Plan Width": 29,
      "Startup Cost": 352.5,
      "Hash Cond": "(r.sid \u003d s.sid)",
      "Plan Rows": 5000,
      "Inner Unique": true
    },
    {
      "Parent Relationship": "Inner",
      "Total Cost": 637.05,
      "Plans": [
        {
          "Parent Relationship": "Outer",
          "Total Cost": 637.05,
          "Plans": [
            {
              "Parent Relationship": "Outer",
              "Total Cost": 346.42,
              "Plans": [
                {
                  "Parent Relationship": "Outer",
                  "Total Cost": 231.99,
                  "Relation Name": "reserves",
                  "Parallel Aware": false,
                  "Alias": "r2",
                  "Node Type": "Seq Scan",
                  "Plan Width": 8,
                  "Startup Cost": 0.0,
                  "Plan Rows": 14999
                },
                {
                  "Parent Relationship": "Inner",
                  "Total Cost": 62.5,
                  "Plans": [
                    {
                      "Parent Relationship": "Outer",
                      "Total Cost": 62.5,
                      "Relation Name": "boat",
                      "Parallel Aware": false,
                      "Filter": "(color \u003d \u0027green\u0027::bpchar)",
                      "Alias": "b2",
                      "Node Type": "Seq Scan",
                      "Plan Width": 4,
                      "Startup Cost": 0.0,
                      "Plan Rows": 1000
                    }
                  ],
                  "Parallel Aware": false,
                  "Node Type": "Hash",
                  "Plan Width": 4,
                  "Startup Cost": 62.5,
                  "Plan Rows": 1000
                }
              ],
              "Parallel Aware": false,
              "Node Type": "Hash Join",
              "Join Type": "Inner",
              "Plan Width": 4,
              "Startup Cost": 75.0,
              "Hash Cond": "(r2.bid \u003d b2.bid)",
              "Plan Rows": 5000,
              "Inner Unique": true
            },
            {
              "Parent Relationship": "Inner",
              "Total Cost": 165.0,
              "Plans": [
                {
                  "Parent Relationship": "Outer",
                  "Total Cost": 165.0,
                  "Relation Name": "sailors",
                  "Parallel Aware": false,
                  "Alias": "s2",
                  "Node Type": "Seq Scan",
                  "Plan Width": 4,
                  "Startup Cost": 0.0,
                  "Plan Rows": 9000
                }
              ],
              "Parallel Aware": false,
              "Node Type": "Hash",
              "Plan Width": 4,
              "Startup Cost": 165.0,
              "Plan Rows": 9000
            }
          ],
          "Parallel Aware": false,
          "Node Type": "Hash Join",
          "Join Type": "Inner",
          "Plan Width": 8,
          "Startup Cost": 352.5,
          "Hash Cond": "(r2.sid \u003d s2.sid)",
          "Plan Rows": 5000,
          "Inner Unique": true
        }
      ],
      "Parallel Aware": false,
      "Node Type": "Hash",
      "Plan Width": 8,
      "Startup Cost": 637.05,
      "Plan Rows": 5000
    }
  ],
  "Parallel Aware": false,
  "Node Type": "Hash Join",
  "Join Type": "Semi",
  "Plan Width": 21,
  "Startup Cost": 1052.05,
  "Hash Cond": "(s.sid \u003d s2.sid)",
  "Plan Rows": 2778,
  "Inner Unique": false
}

------------------------------

Indicies Configuration #25:
Index hash on column color in table boat
Index hash on column sid in table reserves

------------------------------

1. The Total Cost of the Plan = 1380.64
2. The Estimated Size of the Result Set = 2778
3. The Plan of the Query:
{
  "Total Cost": 1380.64,
  "Plans": [
    {
      "Parent Relationship": "Outer",
      "Total Cost": 637.05,
      "Plans": [
        {
          "Parent Relationship": "Outer",
          "Total Cost": 346.42,
          "Plans": [
            {
              "Parent Relationship": "Outer",
              "Total Cost": 231.99,
              "Relation Name": "reserves",
              "Parallel Aware": false,
              "Alias": "r",
              "Node Type": "Seq Scan",
              "Plan Width": 8,
              "Startup Cost": 0.0,
              "Plan Rows": 14999
            },
            {
              "Parent Relationship": "Inner",
              "Total Cost": 62.5,
              "Plans": [
                {
                  "Parent Relationship": "Outer",
                  "Total Cost": 62.5,
                  "Relation Name": "boat",
                  "Parallel Aware": false,
                  "Filter": "(color \u003d \u0027red\u0027::bpchar)",
                  "Alias": "b",
                  "Node Type": "Seq Scan",
                  "Plan Width": 4,
                  "Startup Cost": 0.0,
                  "Plan Rows": 1000
                }
              ],
              "Parallel Aware": false,
              "Node Type": "Hash",
              "Plan Width": 4,
              "Startup Cost": 62.5,
              "Plan Rows": 1000
            }
          ],
          "Parallel Aware": false,
          "Node Type": "Hash Join",
          "Join Type": "Inner",
          "Plan Width": 4,
          "Startup Cost": 75.0,
          "Hash Cond": "(r.bid \u003d b.bid)",
          "Plan Rows": 5000,
          "Inner Unique": true
        },
        {
          "Parent Relationship": "Inner",
          "Total Cost": 165.0,
          "Plans": [
            {
              "Parent Relationship": "Outer",
              "Total Cost": 165.0,
              "Relation Name": "sailors",
              "Parallel Aware": false,
              "Alias": "s",
              "Node Type": "Seq Scan",
              "Plan Width": 25,
              "Startup Cost": 0.0,
              "Plan Rows": 9000
            }
          ],
          "Parallel Aware": false,
          "Node Type": "Hash",
          "Plan Width": 25,
          "Startup Cost": 165.0,
          "Plan Rows": 9000
        }
      ],
      "Parallel Aware": false,
      "Node Type": "Hash Join",
      "Join Type": "Inner",
      "Plan Width": 29,
      "Startup Cost": 352.5,
      "Hash Cond": "(r.sid \u003d s.sid)",
      "Plan Rows": 5000,
      "Inner Unique": true
    },
    {
      "Parent Relationship": "Inner",
      "Total Cost": 637.05,
      "Plans": [
        {
          "Parent Relationship": "Outer",
          "Total Cost": 637.05,
          "Plans": [
            {
              "Parent Relationship": "Outer",
              "Total Cost": 346.42,
              "Plans": [
                {
                  "Parent Relationship": "Outer",
                  "Total Cost": 231.99,
                  "Relation Name": "reserves",
                  "Parallel Aware": false,
                  "Alias": "r2",
                  "Node Type": "Seq Scan",
                  "Plan Width": 8,
                  "Startup Cost": 0.0,
                  "Plan Rows": 14999
                },
                {
                  "Parent Relationship": "Inner",
                  "Total Cost": 62.5,
                  "Plans": [
                    {
                      "Parent Relationship": "Outer",
                      "Total Cost": 62.5,
                      "Relation Name": "boat",
                      "Parallel Aware": false,
                      "Filter": "(color \u003d \u0027green\u0027::bpchar)",
                      "Alias": "b2",
                      "Node Type": "Seq Scan",
                      "Plan Width": 4,
                      "Startup Cost": 0.0,
                      "Plan Rows": 1000
                    }
                  ],
                  "Parallel Aware": false,
                  "Node Type": "Hash",
                  "Plan Width": 4,
                  "Startup Cost": 62.5,
                  "Plan Rows": 1000
                }
              ],
              "Parallel Aware": false,
              "Node Type": "Hash Join",
              "Join Type": "Inner",
              "Plan Width": 4,
              "Startup Cost": 75.0,
              "Hash Cond": "(r2.bid \u003d b2.bid)",
              "Plan Rows": 5000,
              "Inner Unique": true
            },
            {
              "Parent Relationship": "Inner",
              "Total Cost": 165.0,
              "Plans": [
                {
                  "Parent Relationship": "Outer",
                  "Total Cost": 165.0,
                  "Relation Name": "sailors",
                  "Parallel Aware": false,
                  "Alias": "s2",
                  "Node Type": "Seq Scan",
                  "Plan Width": 4,
                  "Startup Cost": 0.0,
                  "Plan Rows": 9000
                }
              ],
              "Parallel Aware": false,
              "Node Type": "Hash",
              "Plan Width": 4,
              "Startup Cost": 165.0,
              "Plan Rows": 9000
            }
          ],
          "Parallel Aware": false,
          "Node Type": "Hash Join",
          "Join Type": "Inner",
          "Plan Width": 8,
          "Startup Cost": 352.5,
          "Hash Cond": "(r2.sid \u003d s2.sid)",
          "Plan Rows": 5000,
          "Inner Unique": true
        }
      ],
      "Parallel Aware": false,
      "Node Type": "Hash",
      "Plan Width": 8,
      "Startup Cost": 637.05,
      "Plan Rows": 5000
    }
  ],
  "Parallel Aware": false,
  "Node Type": "Hash Join",
  "Join Type": "Semi",
  "Plan Width": 21,
  "Startup Cost": 1052.05,
  "Hash Cond": "(s.sid \u003d s2.sid)",
  "Plan Rows": 2778,
  "Inner Unique": false
}

------------------------------

Indicies Configuration #26:
Index hash on column color in table boat
Index hash on column sid in table reserves
Index btree on column bid in table boat

------------------------------

1. The Total Cost of the Plan = 1380.64
2. The Estimated Size of the Result Set = 2778
3. The Plan of the Query:
{
  "Total Cost": 1380.64,
  "Plans": [
    {
      "Parent Relationship": "Outer",
      "Total Cost": 637.05,
      "Plans": [
        {
          "Parent Relationship": "Outer",
          "Total Cost": 346.42,
          "Plans": [
            {
              "Parent Relationship": "Outer",
              "Total Cost": 231.99,
              "Relation Name": "reserves",
              "Parallel Aware": false,
              "Alias": "r",
              "Node Type": "Seq Scan",
              "Plan Width": 8,
              "Startup Cost": 0.0,
              "Plan Rows": 14999
            },
            {
              "Parent Relationship": "Inner",
              "Total Cost": 62.5,
              "Plans": [
                {
                  "Parent Relationship": "Outer",
                  "Total Cost": 62.5,
                  "Relation Name": "boat",
                  "Parallel Aware": false,
                  "Filter": "(color \u003d \u0027red\u0027::bpchar)",
                  "Alias": "b",
                  "Node Type": "Seq Scan",
                  "Plan Width": 4,
                  "Startup Cost": 0.0,
                  "Plan Rows": 1000
                }
              ],
              "Parallel Aware": false,
              "Node Type": "Hash",
              "Plan Width": 4,
              "Startup Cost": 62.5,
              "Plan Rows": 1000
            }
          ],
          "Parallel Aware": false,
          "Node Type": "Hash Join",
          "Join Type": "Inner",
          "Plan Width": 4,
          "Startup Cost": 75.0,
          "Hash Cond": "(r.bid \u003d b.bid)",
          "Plan Rows": 5000,
          "Inner Unique": true
        },
        {
          "Parent Relationship": "Inner",
          "Total Cost": 165.0,
          "Plans": [
            {
              "Parent Relationship": "Outer",
              "Total Cost": 165.0,
              "Relation Name": "sailors",
              "Parallel Aware": false,
              "Alias": "s",
              "Node Type": "Seq Scan",
              "Plan Width": 25,
              "Startup Cost": 0.0,
              "Plan Rows": 9000
            }
          ],
          "Parallel Aware": false,
          "Node Type": "Hash",
          "Plan Width": 25,
          "Startup Cost": 165.0,
          "Plan Rows": 9000
        }
      ],
      "Parallel Aware": false,
      "Node Type": "Hash Join",
      "Join Type": "Inner",
      "Plan Width": 29,
      "Startup Cost": 352.5,
      "Hash Cond": "(r.sid \u003d s.sid)",
      "Plan Rows": 5000,
      "Inner Unique": true
    },
    {
      "Parent Relationship": "Inner",
      "Total Cost": 637.05,
      "Plans": [
        {
          "Parent Relationship": "Outer",
          "Total Cost": 637.05,
          "Plans": [
            {
              "Parent Relationship": "Outer",
              "Total Cost": 346.42,
              "Plans": [
                {
                  "Parent Relationship": "Outer",
                  "Total Cost": 231.99,
                  "Relation Name": "reserves",
                  "Parallel Aware": false,
                  "Alias": "r2",
                  "Node Type": "Seq Scan",
                  "Plan Width": 8,
                  "Startup Cost": 0.0,
                  "Plan Rows": 14999
                },
                {
                  "Parent Relationship": "Inner",
                  "Total Cost": 62.5,
                  "Plans": [
                    {
                      "Parent Relationship": "Outer",
                      "Total Cost": 62.5,
                      "Relation Name": "boat",
                      "Parallel Aware": false,
                      "Filter": "(color \u003d \u0027green\u0027::bpchar)",
                      "Alias": "b2",
                      "Node Type": "Seq Scan",
                      "Plan Width": 4,
                      "Startup Cost": 0.0,
                      "Plan Rows": 1000
                    }
                  ],
                  "Parallel Aware": false,
                  "Node Type": "Hash",
                  "Plan Width": 4,
                  "Startup Cost": 62.5,
                  "Plan Rows": 1000
                }
              ],
              "Parallel Aware": false,
              "Node Type": "Hash Join",
              "Join Type": "Inner",
              "Plan Width": 4,
              "Startup Cost": 75.0,
              "Hash Cond": "(r2.bid \u003d b2.bid)",
              "Plan Rows": 5000,
              "Inner Unique": true
            },
            {
              "Parent Relationship": "Inner",
              "Total Cost": 165.0,
              "Plans": [
                {
                  "Parent Relationship": "Outer",
                  "Total Cost": 165.0,
                  "Relation Name": "sailors",
                  "Parallel Aware": false,
                  "Alias": "s2",
                  "Node Type": "Seq Scan",
                  "Plan Width": 4,
                  "Startup Cost": 0.0,
                  "Plan Rows": 9000
                }
              ],
              "Parallel Aware": false,
              "Node Type": "Hash",
              "Plan Width": 4,
              "Startup Cost": 165.0,
              "Plan Rows": 9000
            }
          ],
          "Parallel Aware": false,
          "Node Type": "Hash Join",
          "Join Type": "Inner",
          "Plan Width": 8,
          "Startup Cost": 352.5,
          "Hash Cond": "(r2.sid \u003d s2.sid)",
          "Plan Rows": 5000,
          "Inner Unique": true
        }
      ],
      "Parallel Aware": false,
      "Node Type": "Hash",
      "Plan Width": 8,
      "Startup Cost": 637.05,
      "Plan Rows": 5000
    }
  ],
  "Parallel Aware": false,
  "Node Type": "Hash Join",
  "Join Type": "Semi",
  "Plan Width": 21,
  "Startup Cost": 1052.05,
  "Hash Cond": "(s.sid \u003d s2.sid)",
  "Plan Rows": 2778,
  "Inner Unique": false
}

------------------------------

Indicies Configuration #27:
Index hash on column color in table boat
Index hash on column sid in table reserves
Index hash on column bid in table boat

------------------------------

1. The Total Cost of the Plan = 1380.64
2. The Estimated Size of the Result Set = 2778
3. The Plan of the Query:
{
  "Total Cost": 1380.64,
  "Plans": [
    {
      "Parent Relationship": "Outer",
      "Total Cost": 637.05,
      "Plans": [
        {
          "Parent Relationship": "Outer",
          "Total Cost": 346.42,
          "Plans": [
            {
              "Parent Relationship": "Outer",
              "Total Cost": 231.99,
              "Relation Name": "reserves",
              "Parallel Aware": false,
              "Alias": "r",
              "Node Type": "Seq Scan",
              "Plan Width": 8,
              "Startup Cost": 0.0,
              "Plan Rows": 14999
            },
            {
              "Parent Relationship": "Inner",
              "Total Cost": 62.5,
              "Plans": [
                {
                  "Parent Relationship": "Outer",
                  "Total Cost": 62.5,
                  "Relation Name": "boat",
                  "Parallel Aware": false,
                  "Filter": "(color \u003d \u0027red\u0027::bpchar)",
                  "Alias": "b",
                  "Node Type": "Seq Scan",
                  "Plan Width": 4,
                  "Startup Cost": 0.0,
                  "Plan Rows": 1000
                }
              ],
              "Parallel Aware": false,
              "Node Type": "Hash",
              "Plan Width": 4,
              "Startup Cost": 62.5,
              "Plan Rows": 1000
            }
          ],
          "Parallel Aware": false,
          "Node Type": "Hash Join",
          "Join Type": "Inner",
          "Plan Width": 4,
          "Startup Cost": 75.0,
          "Hash Cond": "(r.bid \u003d b.bid)",
          "Plan Rows": 5000,
          "Inner Unique": true
        },
        {
          "Parent Relationship": "Inner",
          "Total Cost": 165.0,
          "Plans": [
            {
              "Parent Relationship": "Outer",
              "Total Cost": 165.0,
              "Relation Name": "sailors",
              "Parallel Aware": false,
              "Alias": "s",
              "Node Type": "Seq Scan",
              "Plan Width": 25,
              "Startup Cost": 0.0,
              "Plan Rows": 9000
            }
          ],
          "Parallel Aware": false,
          "Node Type": "Hash",
          "Plan Width": 25,
          "Startup Cost": 165.0,
          "Plan Rows": 9000
        }
      ],
      "Parallel Aware": false,
      "Node Type": "Hash Join",
      "Join Type": "Inner",
      "Plan Width": 29,
      "Startup Cost": 352.5,
      "Hash Cond": "(r.sid \u003d s.sid)",
      "Plan Rows": 5000,
      "Inner Unique": true
    },
    {
      "Parent Relationship": "Inner",
      "Total Cost": 637.05,
      "Plans": [
        {
          "Parent Relationship": "Outer",
          "Total Cost": 637.05,
          "Plans": [
            {
              "Parent Relationship": "Outer",
              "Total Cost": 346.42,
              "Plans": [
                {
                  "Parent Relationship": "Outer",
                  "Total Cost": 231.99,
                  "Relation Name": "reserves",
                  "Parallel Aware": false,
                  "Alias": "r2",
                  "Node Type": "Seq Scan",
                  "Plan Width": 8,
                  "Startup Cost": 0.0,
                  "Plan Rows": 14999
                },
                {
                  "Parent Relationship": "Inner",
                  "Total Cost": 62.5,
                  "Plans": [
                    {
                      "Parent Relationship": "Outer",
                      "Total Cost": 62.5,
                      "Relation Name": "boat",
                      "Parallel Aware": false,
                      "Filter": "(color \u003d \u0027green\u0027::bpchar)",
                      "Alias": "b2",
                      "Node Type": "Seq Scan",
                      "Plan Width": 4,
                      "Startup Cost": 0.0,
                      "Plan Rows": 1000
                    }
                  ],
                  "Parallel Aware": false,
                  "Node Type": "Hash",
                  "Plan Width": 4,
                  "Startup Cost": 62.5,
                  "Plan Rows": 1000
                }
              ],
              "Parallel Aware": false,
              "Node Type": "Hash Join",
              "Join Type": "Inner",
              "Plan Width": 4,
              "Startup Cost": 75.0,
              "Hash Cond": "(r2.bid \u003d b2.bid)",
              "Plan Rows": 5000,
              "Inner Unique": true
            },
            {
              "Parent Relationship": "Inner",
              "Total Cost": 165.0,
              "Plans": [
                {
                  "Parent Relationship": "Outer",
                  "Total Cost": 165.0,
                  "Relation Name": "sailors",
                  "Parallel Aware": false,
                  "Alias": "s2",
                  "Node Type": "Seq Scan",
                  "Plan Width": 4,
                  "Startup Cost": 0.0,
                  "Plan Rows": 9000
                }
              ],
              "Parallel Aware": false,
              "Node Type": "Hash",
              "Plan Width": 4,
              "Startup Cost": 165.0,
              "Plan Rows": 9000
            }
          ],
          "Parallel Aware": false,
          "Node Type": "Hash Join",
          "Join Type": "Inner",
          "Plan Width": 8,
          "Startup Cost": 352.5,
          "Hash Cond": "(r2.sid \u003d s2.sid)",
          "Plan Rows": 5000,
          "Inner Unique": true
        }
      ],
      "Parallel Aware": false,
      "Node Type": "Hash",
      "Plan Width": 8,
      "Startup Cost": 637.05,
      "Plan Rows": 5000
    }
  ],
  "Parallel Aware": false,
  "Node Type": "Hash Join",
  "Join Type": "Semi",
  "Plan Width": 21,
  "Startup Cost": 1052.05,
  "Hash Cond": "(s.sid \u003d s2.sid)",
  "Plan Rows": 2778,
  "Inner Unique": false
}

------------------------------

Indicies Configuration #28:
Index btree on column bid in table reserves

------------------------------

1. The Total Cost of the Plan = 1380.64
2. The Estimated Size of the Result Set = 2778
3. The Plan of the Query:
{
  "Total Cost": 1380.64,
  "Plans": [
    {
      "Parent Relationship": "Outer",
      "Total Cost": 637.05,
      "Plans": [
        {
          "Parent Relationship": "Outer",
          "Total Cost": 346.42,
          "Plans": [
            {
              "Parent Relationship": "Outer",
              "Total Cost": 231.99,
              "Relation Name": "reserves",
              "Parallel Aware": false,
              "Alias": "r",
              "Node Type": "Seq Scan",
              "Plan Width": 8,
              "Startup Cost": 0.0,
              "Plan Rows": 14999
            },
            {
              "Parent Relationship": "Inner",
              "Total Cost": 62.5,
              "Plans": [
                {
                  "Parent Relationship": "Outer",
                  "Total Cost": 62.5,
                  "Relation Name": "boat",
                  "Parallel Aware": false,
                  "Filter": "(color \u003d \u0027red\u0027::bpchar)",
                  "Alias": "b",
                  "Node Type": "Seq Scan",
                  "Plan Width": 4,
                  "Startup Cost": 0.0,
                  "Plan Rows": 1000
                }
              ],
              "Parallel Aware": false,
              "Node Type": "Hash",
              "Plan Width": 4,
              "Startup Cost": 62.5,
              "Plan Rows": 1000
            }
          ],
          "Parallel Aware": false,
          "Node Type": "Hash Join",
          "Join Type": "Inner",
          "Plan Width": 4,
          "Startup Cost": 75.0,
          "Hash Cond": "(r.bid \u003d b.bid)",
          "Plan Rows": 5000,
          "Inner Unique": true
        },
        {
          "Parent Relationship": "Inner",
          "Total Cost": 165.0,
          "Plans": [
            {
              "Parent Relationship": "Outer",
              "Total Cost": 165.0,
              "Relation Name": "sailors",
              "Parallel Aware": false,
              "Alias": "s",
              "Node Type": "Seq Scan",
              "Plan Width": 25,
              "Startup Cost": 0.0,
              "Plan Rows": 9000
            }
          ],
          "Parallel Aware": false,
          "Node Type": "Hash",
          "Plan Width": 25,
          "Startup Cost": 165.0,
          "Plan Rows": 9000
        }
      ],
      "Parallel Aware": false,
      "Node Type": "Hash Join",
      "Join Type": "Inner",
      "Plan Width": 29,
      "Startup Cost": 352.5,
      "Hash Cond": "(r.sid \u003d s.sid)",
      "Plan Rows": 5000,
      "Inner Unique": true
    },
    {
      "Parent Relationship": "Inner",
      "Total Cost": 637.05,
      "Plans": [
        {
          "Parent Relationship": "Outer",
          "Total Cost": 637.05,
          "Plans": [
            {
              "Parent Relationship": "Outer",
              "Total Cost": 346.42,
              "Plans": [
                {
                  "Parent Relationship": "Outer",
                  "Total Cost": 231.99,
                  "Relation Name": "reserves",
                  "Parallel Aware": false,
                  "Alias": "r2",
                  "Node Type": "Seq Scan",
                  "Plan Width": 8,
                  "Startup Cost": 0.0,
                  "Plan Rows": 14999
                },
                {
                  "Parent Relationship": "Inner",
                  "Total Cost": 62.5,
                  "Plans": [
                    {
                      "Parent Relationship": "Outer",
                      "Total Cost": 62.5,
                      "Relation Name": "boat",
                      "Parallel Aware": false,
                      "Filter": "(color \u003d \u0027green\u0027::bpchar)",
                      "Alias": "b2",
                      "Node Type": "Seq Scan",
                      "Plan Width": 4,
                      "Startup Cost": 0.0,
                      "Plan Rows": 1000
                    }
                  ],
                  "Parallel Aware": false,
                  "Node Type": "Hash",
                  "Plan Width": 4,
                  "Startup Cost": 62.5,
                  "Plan Rows": 1000
                }
              ],
              "Parallel Aware": false,
              "Node Type": "Hash Join",
              "Join Type": "Inner",
              "Plan Width": 4,
              "Startup Cost": 75.0,
              "Hash Cond": "(r2.bid \u003d b2.bid)",
              "Plan Rows": 5000,
              "Inner Unique": true
            },
            {
              "Parent Relationship": "Inner",
              "Total Cost": 165.0,
              "Plans": [
                {
                  "Parent Relationship": "Outer",
                  "Total Cost": 165.0,
                  "Relation Name": "sailors",
                  "Parallel Aware": false,
                  "Alias": "s2",
                  "Node Type": "Seq Scan",
                  "Plan Width": 4,
                  "Startup Cost": 0.0,
                  "Plan Rows": 9000
                }
              ],
              "Parallel Aware": false,
              "Node Type": "Hash",
              "Plan Width": 4,
              "Startup Cost": 165.0,
              "Plan Rows": 9000
            }
          ],
          "Parallel Aware": false,
          "Node Type": "Hash Join",
          "Join Type": "Inner",
          "Plan Width": 8,
          "Startup Cost": 352.5,
          "Hash Cond": "(r2.sid \u003d s2.sid)",
          "Plan Rows": 5000,
          "Inner Unique": true
        }
      ],
      "Parallel Aware": false,
      "Node Type": "Hash",
      "Plan Width": 8,
      "Startup Cost": 637.05,
      "Plan Rows": 5000
    }
  ],
  "Parallel Aware": false,
  "Node Type": "Hash Join",
  "Join Type": "Semi",
  "Plan Width": 21,
  "Startup Cost": 1052.05,
  "Hash Cond": "(s.sid \u003d s2.sid)",
  "Plan Rows": 2778,
  "Inner Unique": false
}

------------------------------

Indicies Configuration #29:
Index btree on column bid in table reserves
Index btree on column bid in table boat

------------------------------

1. The Total Cost of the Plan = 1380.64
2. The Estimated Size of the Result Set = 2778
3. The Plan of the Query:
{
  "Total Cost": 1380.64,
  "Plans": [
    {
      "Parent Relationship": "Outer",
      "Total Cost": 637.05,
      "Plans": [
        {
          "Parent Relationship": "Outer",
          "Total Cost": 346.42,
          "Plans": [
            {
              "Parent Relationship": "Outer",
              "Total Cost": 231.99,
              "Relation Name": "reserves",
              "Parallel Aware": false,
              "Alias": "r",
              "Node Type": "Seq Scan",
              "Plan Width": 8,
              "Startup Cost": 0.0,
              "Plan Rows": 14999
            },
            {
              "Parent Relationship": "Inner",
              "Total Cost": 62.5,
              "Plans": [
                {
                  "Parent Relationship": "Outer",
                  "Total Cost": 62.5,
                  "Relation Name": "boat",
                  "Parallel Aware": false,
                  "Filter": "(color \u003d \u0027red\u0027::bpchar)",
                  "Alias": "b",
                  "Node Type": "Seq Scan",
                  "Plan Width": 4,
                  "Startup Cost": 0.0,
                  "Plan Rows": 1000
                }
              ],
              "Parallel Aware": false,
              "Node Type": "Hash",
              "Plan Width": 4,
              "Startup Cost": 62.5,
              "Plan Rows": 1000
            }
          ],
          "Parallel Aware": false,
          "Node Type": "Hash Join",
          "Join Type": "Inner",
          "Plan Width": 4,
          "Startup Cost": 75.0,
          "Hash Cond": "(r.bid \u003d b.bid)",
          "Plan Rows": 5000,
          "Inner Unique": true
        },
        {
          "Parent Relationship": "Inner",
          "Total Cost": 165.0,
          "Plans": [
            {
              "Parent Relationship": "Outer",
              "Total Cost": 165.0,
              "Relation Name": "sailors",
              "Parallel Aware": false,
              "Alias": "s",
              "Node Type": "Seq Scan",
              "Plan Width": 25,
              "Startup Cost": 0.0,
              "Plan Rows": 9000
            }
          ],
          "Parallel Aware": false,
          "Node Type": "Hash",
          "Plan Width": 25,
          "Startup Cost": 165.0,
          "Plan Rows": 9000
        }
      ],
      "Parallel Aware": false,
      "Node Type": "Hash Join",
      "Join Type": "Inner",
      "Plan Width": 29,
      "Startup Cost": 352.5,
      "Hash Cond": "(r.sid \u003d s.sid)",
      "Plan Rows": 5000,
      "Inner Unique": true
    },
    {
      "Parent Relationship": "Inner",
      "Total Cost": 637.05,
      "Plans": [
        {
          "Parent Relationship": "Outer",
          "Total Cost": 637.05,
          "Plans": [
            {
              "Parent Relationship": "Outer",
              "Total Cost": 346.42,
              "Plans": [
                {
                  "Parent Relationship": "Outer",
                  "Total Cost": 231.99,
                  "Relation Name": "reserves",
                  "Parallel Aware": false,
                  "Alias": "r2",
                  "Node Type": "Seq Scan",
                  "Plan Width": 8,
                  "Startup Cost": 0.0,
                  "Plan Rows": 14999
                },
                {
                  "Parent Relationship": "Inner",
                  "Total Cost": 62.5,
                  "Plans": [
                    {
                      "Parent Relationship": "Outer",
                      "Total Cost": 62.5,
                      "Relation Name": "boat",
                      "Parallel Aware": false,
                      "Filter": "(color \u003d \u0027green\u0027::bpchar)",
                      "Alias": "b2",
                      "Node Type": "Seq Scan",
                      "Plan Width": 4,
                      "Startup Cost": 0.0,
                      "Plan Rows": 1000
                    }
                  ],
                  "Parallel Aware": false,
                  "Node Type": "Hash",
                  "Plan Width": 4,
                  "Startup Cost": 62.5,
                  "Plan Rows": 1000
                }
              ],
              "Parallel Aware": false,
              "Node Type": "Hash Join",
              "Join Type": "Inner",
              "Plan Width": 4,
              "Startup Cost": 75.0,
              "Hash Cond": "(r2.bid \u003d b2.bid)",
              "Plan Rows": 5000,
              "Inner Unique": true
            },
            {
              "Parent Relationship": "Inner",
              "Total Cost": 165.0,
              "Plans": [
                {
                  "Parent Relationship": "Outer",
                  "Total Cost": 165.0,
                  "Relation Name": "sailors",
                  "Parallel Aware": false,
                  "Alias": "s2",
                  "Node Type": "Seq Scan",
                  "Plan Width": 4,
                  "Startup Cost": 0.0,
                  "Plan Rows": 9000
                }
              ],
              "Parallel Aware": false,
              "Node Type": "Hash",
              "Plan Width": 4,
              "Startup Cost": 165.0,
              "Plan Rows": 9000
            }
          ],
          "Parallel Aware": false,
          "Node Type": "Hash Join",
          "Join Type": "Inner",
          "Plan Width": 8,
          "Startup Cost": 352.5,
          "Hash Cond": "(r2.sid \u003d s2.sid)",
          "Plan Rows": 5000,
          "Inner Unique": true
        }
      ],
      "Parallel Aware": false,
      "Node Type": "Hash",
      "Plan Width": 8,
      "Startup Cost": 637.05,
      "Plan Rows": 5000
    }
  ],
  "Parallel Aware": false,
  "Node Type": "Hash Join",
  "Join Type": "Semi",
  "Plan Width": 21,
  "Startup Cost": 1052.05,
  "Hash Cond": "(s.sid \u003d s2.sid)",
  "Plan Rows": 2778,
  "Inner Unique": false
}

------------------------------

Indicies Configuration #30:
Index btree on column bid in table reserves
Index hash on column bid in table boat

------------------------------

1. The Total Cost of the Plan = 1380.64
2. The Estimated Size of the Result Set = 2778
3. The Plan of the Query:
{
  "Total Cost": 1380.64,
  "Plans": [
    {
      "Parent Relationship": "Outer",
      "Total Cost": 637.05,
      "Plans": [
        {
          "Parent Relationship": "Outer",
          "Total Cost": 346.42,
          "Plans": [
            {
              "Parent Relationship": "Outer",
              "Total Cost": 231.99,
              "Relation Name": "reserves",
              "Parallel Aware": false,
              "Alias": "r",
              "Node Type": "Seq Scan",
              "Plan Width": 8,
              "Startup Cost": 0.0,
              "Plan Rows": 14999
            },
            {
              "Parent Relationship": "Inner",
              "Total Cost": 62.5,
              "Plans": [
                {
                  "Parent Relationship": "Outer",
                  "Total Cost": 62.5,
                  "Relation Name": "boat",
                  "Parallel Aware": false,
                  "Filter": "(color \u003d \u0027red\u0027::bpchar)",
                  "Alias": "b",
                  "Node Type": "Seq Scan",
                  "Plan Width": 4,
                  "Startup Cost": 0.0,
                  "Plan Rows": 1000
                }
              ],
              "Parallel Aware": false,
              "Node Type": "Hash",
              "Plan Width": 4,
              "Startup Cost": 62.5,
              "Plan Rows": 1000
            }
          ],
          "Parallel Aware": false,
          "Node Type": "Hash Join",
          "Join Type": "Inner",
          "Plan Width": 4,
          "Startup Cost": 75.0,
          "Hash Cond": "(r.bid \u003d b.bid)",
          "Plan Rows": 5000,
          "Inner Unique": true
        },
        {
          "Parent Relationship": "Inner",
          "Total Cost": 165.0,
          "Plans": [
            {
              "Parent Relationship": "Outer",
              "Total Cost": 165.0,
              "Relation Name": "sailors",
              "Parallel Aware": false,
              "Alias": "s",
              "Node Type": "Seq Scan",
              "Plan Width": 25,
              "Startup Cost": 0.0,
              "Plan Rows": 9000
            }
          ],
          "Parallel Aware": false,
          "Node Type": "Hash",
          "Plan Width": 25,
          "Startup Cost": 165.0,
          "Plan Rows": 9000
        }
      ],
      "Parallel Aware": false,
      "Node Type": "Hash Join",
      "Join Type": "Inner",
      "Plan Width": 29,
      "Startup Cost": 352.5,
      "Hash Cond": "(r.sid \u003d s.sid)",
      "Plan Rows": 5000,
      "Inner Unique": true
    },
    {
      "Parent Relationship": "Inner",
      "Total Cost": 637.05,
      "Plans": [
        {
          "Parent Relationship": "Outer",
          "Total Cost": 637.05,
          "Plans": [
            {
              "Parent Relationship": "Outer",
              "Total Cost": 346.42,
              "Plans": [
                {
                  "Parent Relationship": "Outer",
                  "Total Cost": 231.99,
                  "Relation Name": "reserves",
                  "Parallel Aware": false,
                  "Alias": "r2",
                  "Node Type": "Seq Scan",
                  "Plan Width": 8,
                  "Startup Cost": 0.0,
                  "Plan Rows": 14999
                },
                {
                  "Parent Relationship": "Inner",
                  "Total Cost": 62.5,
                  "Plans": [
                    {
                      "Parent Relationship": "Outer",
                      "Total Cost": 62.5,
                      "Relation Name": "boat",
                      "Parallel Aware": false,
                      "Filter": "(color \u003d \u0027green\u0027::bpchar)",
                      "Alias": "b2",
                      "Node Type": "Seq Scan",
                      "Plan Width": 4,
                      "Startup Cost": 0.0,
                      "Plan Rows": 1000
                    }
                  ],
                  "Parallel Aware": false,
                  "Node Type": "Hash",
                  "Plan Width": 4,
                  "Startup Cost": 62.5,
                  "Plan Rows": 1000
                }
              ],
              "Parallel Aware": false,
              "Node Type": "Hash Join",
              "Join Type": "Inner",
              "Plan Width": 4,
              "Startup Cost": 75.0,
              "Hash Cond": "(r2.bid \u003d b2.bid)",
              "Plan Rows": 5000,
              "Inner Unique": true
            },
            {
              "Parent Relationship": "Inner",
              "Total Cost": 165.0,
              "Plans": [
                {
                  "Parent Relationship": "Outer",
                  "Total Cost": 165.0,
                  "Relation Name": "sailors",
                  "Parallel Aware": false,
                  "Alias": "s2",
                  "Node Type": "Seq Scan",
                  "Plan Width": 4,
                  "Startup Cost": 0.0,
                  "Plan Rows": 9000
                }
              ],
              "Parallel Aware": false,
              "Node Type": "Hash",
              "Plan Width": 4,
              "Startup Cost": 165.0,
              "Plan Rows": 9000
            }
          ],
          "Parallel Aware": false,
          "Node Type": "Hash Join",
          "Join Type": "Inner",
          "Plan Width": 8,
          "Startup Cost": 352.5,
          "Hash Cond": "(r2.sid \u003d s2.sid)",
          "Plan Rows": 5000,
          "Inner Unique": true
        }
      ],
      "Parallel Aware": false,
      "Node Type": "Hash",
      "Plan Width": 8,
      "Startup Cost": 637.05,
      "Plan Rows": 5000
    }
  ],
  "Parallel Aware": false,
  "Node Type": "Hash Join",
  "Join Type": "Semi",
  "Plan Width": 21,
  "Startup Cost": 1052.05,
  "Hash Cond": "(s.sid \u003d s2.sid)",
  "Plan Rows": 2778,
  "Inner Unique": false
}

------------------------------

Indicies Configuration #31:
Index btree on column bid in table reserves
Index btree on column sid in table reserves

------------------------------

1. The Total Cost of the Plan = 1380.64
2. The Estimated Size of the Result Set = 2778
3. The Plan of the Query:
{
  "Total Cost": 1380.64,
  "Plans": [
    {
      "Parent Relationship": "Outer",
      "Total Cost": 637.05,
      "Plans": [
        {
          "Parent Relationship": "Outer",
          "Total Cost": 346.42,
          "Plans": [
            {
              "Parent Relationship": "Outer",
              "Total Cost": 231.99,
              "Relation Name": "reserves",
              "Parallel Aware": false,
              "Alias": "r",
              "Node Type": "Seq Scan",
              "Plan Width": 8,
              "Startup Cost": 0.0,
              "Plan Rows": 14999
            },
            {
              "Parent Relationship": "Inner",
              "Total Cost": 62.5,
              "Plans": [
                {
                  "Parent Relationship": "Outer",
                  "Total Cost": 62.5,
                  "Relation Name": "boat",
                  "Parallel Aware": false,
                  "Filter": "(color \u003d \u0027red\u0027::bpchar)",
                  "Alias": "b",
                  "Node Type": "Seq Scan",
                  "Plan Width": 4,
                  "Startup Cost": 0.0,
                  "Plan Rows": 1000
                }
              ],
              "Parallel Aware": false,
              "Node Type": "Hash",
              "Plan Width": 4,
              "Startup Cost": 62.5,
              "Plan Rows": 1000
            }
          ],
          "Parallel Aware": false,
          "Node Type": "Hash Join",
          "Join Type": "Inner",
          "Plan Width": 4,
          "Startup Cost": 75.0,
          "Hash Cond": "(r.bid \u003d b.bid)",
          "Plan Rows": 5000,
          "Inner Unique": true
        },
        {
          "Parent Relationship": "Inner",
          "Total Cost": 165.0,
          "Plans": [
            {
              "Parent Relationship": "Outer",
              "Total Cost": 165.0,
              "Relation Name": "sailors",
              "Parallel Aware": false,
              "Alias": "s",
              "Node Type": "Seq Scan",
              "Plan Width": 25,
              "Startup Cost": 0.0,
              "Plan Rows": 9000
            }
          ],
          "Parallel Aware": false,
          "Node Type": "Hash",
          "Plan Width": 25,
          "Startup Cost": 165.0,
          "Plan Rows": 9000
        }
      ],
      "Parallel Aware": false,
      "Node Type": "Hash Join",
      "Join Type": "Inner",
      "Plan Width": 29,
      "Startup Cost": 352.5,
      "Hash Cond": "(r.sid \u003d s.sid)",
      "Plan Rows": 5000,
      "Inner Unique": true
    },
    {
      "Parent Relationship": "Inner",
      "Total Cost": 637.05,
      "Plans": [
        {
          "Parent Relationship": "Outer",
          "Total Cost": 637.05,
          "Plans": [
            {
              "Parent Relationship": "Outer",
              "Total Cost": 346.42,
              "Plans": [
                {
                  "Parent Relationship": "Outer",
                  "Total Cost": 231.99,
                  "Relation Name": "reserves",
                  "Parallel Aware": false,
                  "Alias": "r2",
                  "Node Type": "Seq Scan",
                  "Plan Width": 8,
                  "Startup Cost": 0.0,
                  "Plan Rows": 14999
                },
                {
                  "Parent Relationship": "Inner",
                  "Total Cost": 62.5,
                  "Plans": [
                    {
                      "Parent Relationship": "Outer",
                      "Total Cost": 62.5,
                      "Relation Name": "boat",
                      "Parallel Aware": false,
                      "Filter": "(color \u003d \u0027green\u0027::bpchar)",
                      "Alias": "b2",
                      "Node Type": "Seq Scan",
                      "Plan Width": 4,
                      "Startup Cost": 0.0,
                      "Plan Rows": 1000
                    }
                  ],
                  "Parallel Aware": false,
                  "Node Type": "Hash",
                  "Plan Width": 4,
                  "Startup Cost": 62.5,
                  "Plan Rows": 1000
                }
              ],
              "Parallel Aware": false,
              "Node Type": "Hash Join",
              "Join Type": "Inner",
              "Plan Width": 4,
              "Startup Cost": 75.0,
              "Hash Cond": "(r2.bid \u003d b2.bid)",
              "Plan Rows": 5000,
              "Inner Unique": true
            },
            {
              "Parent Relationship": "Inner",
              "Total Cost": 165.0,
              "Plans": [
                {
                  "Parent Relationship": "Outer",
                  "Total Cost": 165.0,
                  "Relation Name": "sailors",
                  "Parallel Aware": false,
                  "Alias": "s2",
                  "Node Type": "Seq Scan",
                  "Plan Width": 4,
                  "Startup Cost": 0.0,
                  "Plan Rows": 9000
                }
              ],
              "Parallel Aware": false,
              "Node Type": "Hash",
              "Plan Width": 4,
              "Startup Cost": 165.0,
              "Plan Rows": 9000
            }
          ],
          "Parallel Aware": false,
          "Node Type": "Hash Join",
          "Join Type": "Inner",
          "Plan Width": 8,
          "Startup Cost": 352.5,
          "Hash Cond": "(r2.sid \u003d s2.sid)",
          "Plan Rows": 5000,
          "Inner Unique": true
        }
      ],
      "Parallel Aware": false,
      "Node Type": "Hash",
      "Plan Width": 8,
      "Startup Cost": 637.05,
      "Plan Rows": 5000
    }
  ],
  "Parallel Aware": false,
  "Node Type": "Hash Join",
  "Join Type": "Semi",
  "Plan Width": 21,
  "Startup Cost": 1052.05,
  "Hash Cond": "(s.sid \u003d s2.sid)",
  "Plan Rows": 2778,
  "Inner Unique": false
}

------------------------------

Indicies Configuration #32:
Index btree on column bid in table reserves
Index btree on column sid in table reserves
Index btree on column bid in table boat

------------------------------

1. The Total Cost of the Plan = 1380.64
2. The Estimated Size of the Result Set = 2778
3. The Plan of the Query:
{
  "Total Cost": 1380.64,
  "Plans": [
    {
      "Parent Relationship": "Outer",
      "Total Cost": 637.05,
      "Plans": [
        {
          "Parent Relationship": "Outer",
          "Total Cost": 346.42,
          "Plans": [
            {
              "Parent Relationship": "Outer",
              "Total Cost": 231.99,
              "Relation Name": "reserves",
              "Parallel Aware": false,
              "Alias": "r",
              "Node Type": "Seq Scan",
              "Plan Width": 8,
              "Startup Cost": 0.0,
              "Plan Rows": 14999
            },
            {
              "Parent Relationship": "Inner",
              "Total Cost": 62.5,
              "Plans": [
                {
                  "Parent Relationship": "Outer",
                  "Total Cost": 62.5,
                  "Relation Name": "boat",
                  "Parallel Aware": false,
                  "Filter": "(color \u003d \u0027red\u0027::bpchar)",
                  "Alias": "b",
                  "Node Type": "Seq Scan",
                  "Plan Width": 4,
                  "Startup Cost": 0.0,
                  "Plan Rows": 1000
                }
              ],
              "Parallel Aware": false,
              "Node Type": "Hash",
              "Plan Width": 4,
              "Startup Cost": 62.5,
              "Plan Rows": 1000
            }
          ],
          "Parallel Aware": false,
          "Node Type": "Hash Join",
          "Join Type": "Inner",
          "Plan Width": 4,
          "Startup Cost": 75.0,
          "Hash Cond": "(r.bid \u003d b.bid)",
          "Plan Rows": 5000,
          "Inner Unique": true
        },
        {
          "Parent Relationship": "Inner",
          "Total Cost": 165.0,
          "Plans": [
            {
              "Parent Relationship": "Outer",
              "Total Cost": 165.0,
              "Relation Name": "sailors",
              "Parallel Aware": false,
              "Alias": "s",
              "Node Type": "Seq Scan",
              "Plan Width": 25,
              "Startup Cost": 0.0,
              "Plan Rows": 9000
            }
          ],
          "Parallel Aware": false,
          "Node Type": "Hash",
          "Plan Width": 25,
          "Startup Cost": 165.0,
          "Plan Rows": 9000
        }
      ],
      "Parallel Aware": false,
      "Node Type": "Hash Join",
      "Join Type": "Inner",
      "Plan Width": 29,
      "Startup Cost": 352.5,
      "Hash Cond": "(r.sid \u003d s.sid)",
      "Plan Rows": 5000,
      "Inner Unique": true
    },
    {
      "Parent Relationship": "Inner",
      "Total Cost": 637.05,
      "Plans": [
        {
          "Parent Relationship": "Outer",
          "Total Cost": 637.05,
          "Plans": [
            {
              "Parent Relationship": "Outer",
              "Total Cost": 346.42,
              "Plans": [
                {
                  "Parent Relationship": "Outer",
                  "Total Cost": 231.99,
                  "Relation Name": "reserves",
                  "Parallel Aware": false,
                  "Alias": "r2",
                  "Node Type": "Seq Scan",
                  "Plan Width": 8,
                  "Startup Cost": 0.0,
                  "Plan Rows": 14999
                },
                {
                  "Parent Relationship": "Inner",
                  "Total Cost": 62.5,
                  "Plans": [
                    {
                      "Parent Relationship": "Outer",
                      "Total Cost": 62.5,
                      "Relation Name": "boat",
                      "Parallel Aware": false,
                      "Filter": "(color \u003d \u0027green\u0027::bpchar)",
                      "Alias": "b2",
                      "Node Type": "Seq Scan",
                      "Plan Width": 4,
                      "Startup Cost": 0.0,
                      "Plan Rows": 1000
                    }
                  ],
                  "Parallel Aware": false,
                  "Node Type": "Hash",
                  "Plan Width": 4,
                  "Startup Cost": 62.5,
                  "Plan Rows": 1000
                }
              ],
              "Parallel Aware": false,
              "Node Type": "Hash Join",
              "Join Type": "Inner",
              "Plan Width": 4,
              "Startup Cost": 75.0,
              "Hash Cond": "(r2.bid \u003d b2.bid)",
              "Plan Rows": 5000,
              "Inner Unique": true
            },
            {
              "Parent Relationship": "Inner",
              "Total Cost": 165.0,
              "Plans": [
                {
                  "Parent Relationship": "Outer",
                  "Total Cost": 165.0,
                  "Relation Name": "sailors",
                  "Parallel Aware": false,
                  "Alias": "s2",
                  "Node Type": "Seq Scan",
                  "Plan Width": 4,
                  "Startup Cost": 0.0,
                  "Plan Rows": 9000
                }
              ],
              "Parallel Aware": false,
              "Node Type": "Hash",
              "Plan Width": 4,
              "Startup Cost": 165.0,
              "Plan Rows": 9000
            }
          ],
          "Parallel Aware": false,
          "Node Type": "Hash Join",
          "Join Type": "Inner",
          "Plan Width": 8,
          "Startup Cost": 352.5,
          "Hash Cond": "(r2.sid \u003d s2.sid)",
          "Plan Rows": 5000,
          "Inner Unique": true
        }
      ],
      "Parallel Aware": false,
      "Node Type": "Hash",
      "Plan Width": 8,
      "Startup Cost": 637.05,
      "Plan Rows": 5000
    }
  ],
  "Parallel Aware": false,
  "Node Type": "Hash Join",
  "Join Type": "Semi",
  "Plan Width": 21,
  "Startup Cost": 1052.05,
  "Hash Cond": "(s.sid \u003d s2.sid)",
  "Plan Rows": 2778,
  "Inner Unique": false
}

------------------------------

Indicies Configuration #33:
Index btree on column bid in table reserves
Index btree on column sid in table reserves
Index hash on column bid in table boat

------------------------------

1. The Total Cost of the Plan = 1380.64
2. The Estimated Size of the Result Set = 2778
3. The Plan of the Query:
{
  "Total Cost": 1380.64,
  "Plans": [
    {
      "Parent Relationship": "Outer",
      "Total Cost": 637.05,
      "Plans": [
        {
          "Parent Relationship": "Outer",
          "Total Cost": 346.42,
          "Plans": [
            {
              "Parent Relationship": "Outer",
              "Total Cost": 231.99,
              "Relation Name": "reserves",
              "Parallel Aware": false,
              "Alias": "r",
              "Node Type": "Seq Scan",
              "Plan Width": 8,
              "Startup Cost": 0.0,
              "Plan Rows": 14999
            },
            {
              "Parent Relationship": "Inner",
              "Total Cost": 62.5,
              "Plans": [
                {
                  "Parent Relationship": "Outer",
                  "Total Cost": 62.5,
                  "Relation Name": "boat",
                  "Parallel Aware": false,
                  "Filter": "(color \u003d \u0027red\u0027::bpchar)",
                  "Alias": "b",
                  "Node Type": "Seq Scan",
                  "Plan Width": 4,
                  "Startup Cost": 0.0,
                  "Plan Rows": 1000
                }
              ],
              "Parallel Aware": false,
              "Node Type": "Hash",
              "Plan Width": 4,
              "Startup Cost": 62.5,
              "Plan Rows": 1000
            }
          ],
          "Parallel Aware": false,
          "Node Type": "Hash Join",
          "Join Type": "Inner",
          "Plan Width": 4,
          "Startup Cost": 75.0,
          "Hash Cond": "(r.bid \u003d b.bid)",
          "Plan Rows": 5000,
          "Inner Unique": true
        },
        {
          "Parent Relationship": "Inner",
          "Total Cost": 165.0,
          "Plans": [
            {
              "Parent Relationship": "Outer",
              "Total Cost": 165.0,
              "Relation Name": "sailors",
              "Parallel Aware": false,
              "Alias": "s",
              "Node Type": "Seq Scan",
              "Plan Width": 25,
              "Startup Cost": 0.0,
              "Plan Rows": 9000
            }
          ],
          "Parallel Aware": false,
          "Node Type": "Hash",
          "Plan Width": 25,
          "Startup Cost": 165.0,
          "Plan Rows": 9000
        }
      ],
      "Parallel Aware": false,
      "Node Type": "Hash Join",
      "Join Type": "Inner",
      "Plan Width": 29,
      "Startup Cost": 352.5,
      "Hash Cond": "(r.sid \u003d s.sid)",
      "Plan Rows": 5000,
      "Inner Unique": true
    },
    {
      "Parent Relationship": "Inner",
      "Total Cost": 637.05,
      "Plans": [
        {
          "Parent Relationship": "Outer",
          "Total Cost": 637.05,
          "Plans": [
            {
              "Parent Relationship": "Outer",
              "Total Cost": 346.42,
              "Plans": [
                {
                  "Parent Relationship": "Outer",
                  "Total Cost": 231.99,
                  "Relation Name": "reserves",
                  "Parallel Aware": false,
                  "Alias": "r2",
                  "Node Type": "Seq Scan",
                  "Plan Width": 8,
                  "Startup Cost": 0.0,
                  "Plan Rows": 14999
                },
                {
                  "Parent Relationship": "Inner",
                  "Total Cost": 62.5,
                  "Plans": [
                    {
                      "Parent Relationship": "Outer",
                      "Total Cost": 62.5,
                      "Relation Name": "boat",
                      "Parallel Aware": false,
                      "Filter": "(color \u003d \u0027green\u0027::bpchar)",
                      "Alias": "b2",
                      "Node Type": "Seq Scan",
                      "Plan Width": 4,
                      "Startup Cost": 0.0,
                      "Plan Rows": 1000
                    }
                  ],
                  "Parallel Aware": false,
                  "Node Type": "Hash",
                  "Plan Width": 4,
                  "Startup Cost": 62.5,
                  "Plan Rows": 1000
                }
              ],
              "Parallel Aware": false,
              "Node Type": "Hash Join",
              "Join Type": "Inner",
              "Plan Width": 4,
              "Startup Cost": 75.0,
              "Hash Cond": "(r2.bid \u003d b2.bid)",
              "Plan Rows": 5000,
              "Inner Unique": true
            },
            {
              "Parent Relationship": "Inner",
              "Total Cost": 165.0,
              "Plans": [
                {
                  "Parent Relationship": "Outer",
                  "Total Cost": 165.0,
                  "Relation Name": "sailors",
                  "Parallel Aware": false,
                  "Alias": "s2",
                  "Node Type": "Seq Scan",
                  "Plan Width": 4,
                  "Startup Cost": 0.0,
                  "Plan Rows": 9000
                }
              ],
              "Parallel Aware": false,
              "Node Type": "Hash",
              "Plan Width": 4,
              "Startup Cost": 165.0,
              "Plan Rows": 9000
            }
          ],
          "Parallel Aware": false,
          "Node Type": "Hash Join",
          "Join Type": "Inner",
          "Plan Width": 8,
          "Startup Cost": 352.5,
          "Hash Cond": "(r2.sid \u003d s2.sid)",
          "Plan Rows": 5000,
          "Inner Unique": true
        }
      ],
      "Parallel Aware": false,
      "Node Type": "Hash",
      "Plan Width": 8,
      "Startup Cost": 637.05,
      "Plan Rows": 5000
    }
  ],
  "Parallel Aware": false,
  "Node Type": "Hash Join",
  "Join Type": "Semi",
  "Plan Width": 21,
  "Startup Cost": 1052.05,
  "Hash Cond": "(s.sid \u003d s2.sid)",
  "Plan Rows": 2778,
  "Inner Unique": false
}

------------------------------

Indicies Configuration #34:
Index btree on column bid in table reserves
Index hash on column sid in table reserves

------------------------------

1. The Total Cost of the Plan = 1380.64
2. The Estimated Size of the Result Set = 2778
3. The Plan of the Query:
{
  "Total Cost": 1380.64,
  "Plans": [
    {
      "Parent Relationship": "Outer",
      "Total Cost": 637.05,
      "Plans": [
        {
          "Parent Relationship": "Outer",
          "Total Cost": 346.42,
          "Plans": [
            {
              "Parent Relationship": "Outer",
              "Total Cost": 231.99,
              "Relation Name": "reserves",
              "Parallel Aware": false,
              "Alias": "r",
              "Node Type": "Seq Scan",
              "Plan Width": 8,
              "Startup Cost": 0.0,
              "Plan Rows": 14999
            },
            {
              "Parent Relationship": "Inner",
              "Total Cost": 62.5,
              "Plans": [
                {
                  "Parent Relationship": "Outer",
                  "Total Cost": 62.5,
                  "Relation Name": "boat",
                  "Parallel Aware": false,
                  "Filter": "(color \u003d \u0027red\u0027::bpchar)",
                  "Alias": "b",
                  "Node Type": "Seq Scan",
                  "Plan Width": 4,
                  "Startup Cost": 0.0,
                  "Plan Rows": 1000
                }
              ],
              "Parallel Aware": false,
              "Node Type": "Hash",
              "Plan Width": 4,
              "Startup Cost": 62.5,
              "Plan Rows": 1000
            }
          ],
          "Parallel Aware": false,
          "Node Type": "Hash Join",
          "Join Type": "Inner",
          "Plan Width": 4,
          "Startup Cost": 75.0,
          "Hash Cond": "(r.bid \u003d b.bid)",
          "Plan Rows": 5000,
          "Inner Unique": true
        },
        {
          "Parent Relationship": "Inner",
          "Total Cost": 165.0,
          "Plans": [
            {
              "Parent Relationship": "Outer",
              "Total Cost": 165.0,
              "Relation Name": "sailors",
              "Parallel Aware": false,
              "Alias": "s",
              "Node Type": "Seq Scan",
              "Plan Width": 25,
              "Startup Cost": 0.0,
              "Plan Rows": 9000
            }
          ],
          "Parallel Aware": false,
          "Node Type": "Hash",
          "Plan Width": 25,
          "Startup Cost": 165.0,
          "Plan Rows": 9000
        }
      ],
      "Parallel Aware": false,
      "Node Type": "Hash Join",
      "Join Type": "Inner",
      "Plan Width": 29,
      "Startup Cost": 352.5,
      "Hash Cond": "(r.sid \u003d s.sid)",
      "Plan Rows": 5000,
      "Inner Unique": true
    },
    {
      "Parent Relationship": "Inner",
      "Total Cost": 637.05,
      "Plans": [
        {
          "Parent Relationship": "Outer",
          "Total Cost": 637.05,
          "Plans": [
            {
              "Parent Relationship": "Outer",
              "Total Cost": 346.42,
              "Plans": [
                {
                  "Parent Relationship": "Outer",
                  "Total Cost": 231.99,
                  "Relation Name": "reserves",
                  "Parallel Aware": false,
                  "Alias": "r2",
                  "Node Type": "Seq Scan",
                  "Plan Width": 8,
                  "Startup Cost": 0.0,
                  "Plan Rows": 14999
                },
                {
                  "Parent Relationship": "Inner",
                  "Total Cost": 62.5,
                  "Plans": [
                    {
                      "Parent Relationship": "Outer",
                      "Total Cost": 62.5,
                      "Relation Name": "boat",
                      "Parallel Aware": false,
                      "Filter": "(color \u003d \u0027green\u0027::bpchar)",
                      "Alias": "b2",
                      "Node Type": "Seq Scan",
                      "Plan Width": 4,
                      "Startup Cost": 0.0,
                      "Plan Rows": 1000
                    }
                  ],
                  "Parallel Aware": false,
                  "Node Type": "Hash",
                  "Plan Width": 4,
                  "Startup Cost": 62.5,
                  "Plan Rows": 1000
                }
              ],
              "Parallel Aware": false,
              "Node Type": "Hash Join",
              "Join Type": "Inner",
              "Plan Width": 4,
              "Startup Cost": 75.0,
              "Hash Cond": "(r2.bid \u003d b2.bid)",
              "Plan Rows": 5000,
              "Inner Unique": true
            },
            {
              "Parent Relationship": "Inner",
              "Total Cost": 165.0,
              "Plans": [
                {
                  "Parent Relationship": "Outer",
                  "Total Cost": 165.0,
                  "Relation Name": "sailors",
                  "Parallel Aware": false,
                  "Alias": "s2",
                  "Node Type": "Seq Scan",
                  "Plan Width": 4,
                  "Startup Cost": 0.0,
                  "Plan Rows": 9000
                }
              ],
              "Parallel Aware": false,
              "Node Type": "Hash",
              "Plan Width": 4,
              "Startup Cost": 165.0,
              "Plan Rows": 9000
            }
          ],
          "Parallel Aware": false,
          "Node Type": "Hash Join",
          "Join Type": "Inner",
          "Plan Width": 8,
          "Startup Cost": 352.5,
          "Hash Cond": "(r2.sid \u003d s2.sid)",
          "Plan Rows": 5000,
          "Inner Unique": true
        }
      ],
      "Parallel Aware": false,
      "Node Type": "Hash",
      "Plan Width": 8,
      "Startup Cost": 637.05,
      "Plan Rows": 5000
    }
  ],
  "Parallel Aware": false,
  "Node Type": "Hash Join",
  "Join Type": "Semi",
  "Plan Width": 21,
  "Startup Cost": 1052.05,
  "Hash Cond": "(s.sid \u003d s2.sid)",
  "Plan Rows": 2778,
  "Inner Unique": false
}

------------------------------

Indicies Configuration #35:
Index btree on column bid in table reserves
Index hash on column sid in table reserves
Index btree on column bid in table boat

------------------------------

1. The Total Cost of the Plan = 1380.64
2. The Estimated Size of the Result Set = 2778
3. The Plan of the Query:
{
  "Total Cost": 1380.64,
  "Plans": [
    {
      "Parent Relationship": "Outer",
      "Total Cost": 637.05,
      "Plans": [
        {
          "Parent Relationship": "Outer",
          "Total Cost": 346.42,
          "Plans": [
            {
              "Parent Relationship": "Outer",
              "Total Cost": 231.99,
              "Relation Name": "reserves",
              "Parallel Aware": false,
              "Alias": "r",
              "Node Type": "Seq Scan",
              "Plan Width": 8,
              "Startup Cost": 0.0,
              "Plan Rows": 14999
            },
            {
              "Parent Relationship": "Inner",
              "Total Cost": 62.5,
              "Plans": [
                {
                  "Parent Relationship": "Outer",
                  "Total Cost": 62.5,
                  "Relation Name": "boat",
                  "Parallel Aware": false,
                  "Filter": "(color \u003d \u0027red\u0027::bpchar)",
                  "Alias": "b",
                  "Node Type": "Seq Scan",
                  "Plan Width": 4,
                  "Startup Cost": 0.0,
                  "Plan Rows": 1000
                }
              ],
              "Parallel Aware": false,
              "Node Type": "Hash",
              "Plan Width": 4,
              "Startup Cost": 62.5,
              "Plan Rows": 1000
            }
          ],
          "Parallel Aware": false,
          "Node Type": "Hash Join",
          "Join Type": "Inner",
          "Plan Width": 4,
          "Startup Cost": 75.0,
          "Hash Cond": "(r.bid \u003d b.bid)",
          "Plan Rows": 5000,
          "Inner Unique": true
        },
        {
          "Parent Relationship": "Inner",
          "Total Cost": 165.0,
          "Plans": [
            {
              "Parent Relationship": "Outer",
              "Total Cost": 165.0,
              "Relation Name": "sailors",
              "Parallel Aware": false,
              "Alias": "s",
              "Node Type": "Seq Scan",
              "Plan Width": 25,
              "Startup Cost": 0.0,
              "Plan Rows": 9000
            }
          ],
          "Parallel Aware": false,
          "Node Type": "Hash",
          "Plan Width": 25,
          "Startup Cost": 165.0,
          "Plan Rows": 9000
        }
      ],
      "Parallel Aware": false,
      "Node Type": "Hash Join",
      "Join Type": "Inner",
      "Plan Width": 29,
      "Startup Cost": 352.5,
      "Hash Cond": "(r.sid \u003d s.sid)",
      "Plan Rows": 5000,
      "Inner Unique": true
    },
    {
      "Parent Relationship": "Inner",
      "Total Cost": 637.05,
      "Plans": [
        {
          "Parent Relationship": "Outer",
          "Total Cost": 637.05,
          "Plans": [
            {
              "Parent Relationship": "Outer",
              "Total Cost": 346.42,
              "Plans": [
                {
                  "Parent Relationship": "Outer",
                  "Total Cost": 231.99,
                  "Relation Name": "reserves",
                  "Parallel Aware": false,
                  "Alias": "r2",
                  "Node Type": "Seq Scan",
                  "Plan Width": 8,
                  "Startup Cost": 0.0,
                  "Plan Rows": 14999
                },
                {
                  "Parent Relationship": "Inner",
                  "Total Cost": 62.5,
                  "Plans": [
                    {
                      "Parent Relationship": "Outer",
                      "Total Cost": 62.5,
                      "Relation Name": "boat",
                      "Parallel Aware": false,
                      "Filter": "(color \u003d \u0027green\u0027::bpchar)",
                      "Alias": "b2",
                      "Node Type": "Seq Scan",
                      "Plan Width": 4,
                      "Startup Cost": 0.0,
                      "Plan Rows": 1000
                    }
                  ],
                  "Parallel Aware": false,
                  "Node Type": "Hash",
                  "Plan Width": 4,
                  "Startup Cost": 62.5,
                  "Plan Rows": 1000
                }
              ],
              "Parallel Aware": false,
              "Node Type": "Hash Join",
              "Join Type": "Inner",
              "Plan Width": 4,
              "Startup Cost": 75.0,
              "Hash Cond": "(r2.bid \u003d b2.bid)",
              "Plan Rows": 5000,
              "Inner Unique": true
            },
            {
              "Parent Relationship": "Inner",
              "Total Cost": 165.0,
              "Plans": [
                {
                  "Parent Relationship": "Outer",
                  "Total Cost": 165.0,
                  "Relation Name": "sailors",
                  "Parallel Aware": false,
                  "Alias": "s2",
                  "Node Type": "Seq Scan",
                  "Plan Width": 4,
                  "Startup Cost": 0.0,
                  "Plan Rows": 9000
                }
              ],
              "Parallel Aware": false,
              "Node Type": "Hash",
              "Plan Width": 4,
              "Startup Cost": 165.0,
              "Plan Rows": 9000
            }
          ],
          "Parallel Aware": false,
          "Node Type": "Hash Join",
          "Join Type": "Inner",
          "Plan Width": 8,
          "Startup Cost": 352.5,
          "Hash Cond": "(r2.sid \u003d s2.sid)",
          "Plan Rows": 5000,
          "Inner Unique": true
        }
      ],
      "Parallel Aware": false,
      "Node Type": "Hash",
      "Plan Width": 8,
      "Startup Cost": 637.05,
      "Plan Rows": 5000
    }
  ],
  "Parallel Aware": false,
  "Node Type": "Hash Join",
  "Join Type": "Semi",
  "Plan Width": 21,
  "Startup Cost": 1052.05,
  "Hash Cond": "(s.sid \u003d s2.sid)",
  "Plan Rows": 2778,
  "Inner Unique": false
}

------------------------------

Indicies Configuration #36:
Index btree on column bid in table reserves
Index hash on column sid in table reserves
Index hash on column bid in table boat

------------------------------

1. The Total Cost of the Plan = 1380.64
2. The Estimated Size of the Result Set = 2778
3. The Plan of the Query:
{
  "Total Cost": 1380.64,
  "Plans": [
    {
      "Parent Relationship": "Outer",
      "Total Cost": 637.05,
      "Plans": [
        {
          "Parent Relationship": "Outer",
          "Total Cost": 346.42,
          "Plans": [
            {
              "Parent Relationship": "Outer",
              "Total Cost": 231.99,
              "Relation Name": "reserves",
              "Parallel Aware": false,
              "Alias": "r",
              "Node Type": "Seq Scan",
              "Plan Width": 8,
              "Startup Cost": 0.0,
              "Plan Rows": 14999
            },
            {
              "Parent Relationship": "Inner",
              "Total Cost": 62.5,
              "Plans": [
                {
                  "Parent Relationship": "Outer",
                  "Total Cost": 62.5,
                  "Relation Name": "boat",
                  "Parallel Aware": false,
                  "Filter": "(color \u003d \u0027red\u0027::bpchar)",
                  "Alias": "b",
                  "Node Type": "Seq Scan",
                  "Plan Width": 4,
                  "Startup Cost": 0.0,
                  "Plan Rows": 1000
                }
              ],
              "Parallel Aware": false,
              "Node Type": "Hash",
              "Plan Width": 4,
              "Startup Cost": 62.5,
              "Plan Rows": 1000
            }
          ],
          "Parallel Aware": false,
          "Node Type": "Hash Join",
          "Join Type": "Inner",
          "Plan Width": 4,
          "Startup Cost": 75.0,
          "Hash Cond": "(r.bid \u003d b.bid)",
          "Plan Rows": 5000,
          "Inner Unique": true
        },
        {
          "Parent Relationship": "Inner",
          "Total Cost": 165.0,
          "Plans": [
            {
              "Parent Relationship": "Outer",
              "Total Cost": 165.0,
              "Relation Name": "sailors",
              "Parallel Aware": false,
              "Alias": "s",
              "Node Type": "Seq Scan",
              "Plan Width": 25,
              "Startup Cost": 0.0,
              "Plan Rows": 9000
            }
          ],
          "Parallel Aware": false,
          "Node Type": "Hash",
          "Plan Width": 25,
          "Startup Cost": 165.0,
          "Plan Rows": 9000
        }
      ],
      "Parallel Aware": false,
      "Node Type": "Hash Join",
      "Join Type": "Inner",
      "Plan Width": 29,
      "Startup Cost": 352.5,
      "Hash Cond": "(r.sid \u003d s.sid)",
      "Plan Rows": 5000,
      "Inner Unique": true
    },
    {
      "Parent Relationship": "Inner",
      "Total Cost": 637.05,
      "Plans": [
        {
          "Parent Relationship": "Outer",
          "Total Cost": 637.05,
          "Plans": [
            {
              "Parent Relationship": "Outer",
              "Total Cost": 346.42,
              "Plans": [
                {
                  "Parent Relationship": "Outer",
                  "Total Cost": 231.99,
                  "Relation Name": "reserves",
                  "Parallel Aware": false,
                  "Alias": "r2",
                  "Node Type": "Seq Scan",
                  "Plan Width": 8,
                  "Startup Cost": 0.0,
                  "Plan Rows": 14999
                },
                {
                  "Parent Relationship": "Inner",
                  "Total Cost": 62.5,
                  "Plans": [
                    {
                      "Parent Relationship": "Outer",
                      "Total Cost": 62.5,
                      "Relation Name": "boat",
                      "Parallel Aware": false,
                      "Filter": "(color \u003d \u0027green\u0027::bpchar)",
                      "Alias": "b2",
                      "Node Type": "Seq Scan",
                      "Plan Width": 4,
                      "Startup Cost": 0.0,
                      "Plan Rows": 1000
                    }
                  ],
                  "Parallel Aware": false,
                  "Node Type": "Hash",
                  "Plan Width": 4,
                  "Startup Cost": 62.5,
                  "Plan Rows": 1000
                }
              ],
              "Parallel Aware": false,
              "Node Type": "Hash Join",
              "Join Type": "Inner",
              "Plan Width": 4,
              "Startup Cost": 75.0,
              "Hash Cond": "(r2.bid \u003d b2.bid)",
              "Plan Rows": 5000,
              "Inner Unique": true
            },
            {
              "Parent Relationship": "Inner",
              "Total Cost": 165.0,
              "Plans": [
                {
                  "Parent Relationship": "Outer",
                  "Total Cost": 165.0,
                  "Relation Name": "sailors",
                  "Parallel Aware": false,
                  "Alias": "s2",
                  "Node Type": "Seq Scan",
                  "Plan Width": 4,
                  "Startup Cost": 0.0,
                  "Plan Rows": 9000
                }
              ],
              "Parallel Aware": false,
              "Node Type": "Hash",
              "Plan Width": 4,
              "Startup Cost": 165.0,
              "Plan Rows": 9000
            }
          ],
          "Parallel Aware": false,
          "Node Type": "Hash Join",
          "Join Type": "Inner",
          "Plan Width": 8,
          "Startup Cost": 352.5,
          "Hash Cond": "(r2.sid \u003d s2.sid)",
          "Plan Rows": 5000,
          "Inner Unique": true
        }
      ],
      "Parallel Aware": false,
      "Node Type": "Hash",
      "Plan Width": 8,
      "Startup Cost": 637.05,
      "Plan Rows": 5000
    }
  ],
  "Parallel Aware": false,
  "Node Type": "Hash Join",
  "Join Type": "Semi",
  "Plan Width": 21,
  "Startup Cost": 1052.05,
  "Hash Cond": "(s.sid \u003d s2.sid)",
  "Plan Rows": 2778,
  "Inner Unique": false
}

------------------------------

Indicies Configuration #37:
Index btree on column bid in table reserves
Index btree on column color in table boat

------------------------------

1. The Total Cost of the Plan = 1380.64
2. The Estimated Size of the Result Set = 2778
3. The Plan of the Query:
{
  "Total Cost": 1380.64,
  "Plans": [
    {
      "Parent Relationship": "Outer",
      "Total Cost": 637.05,
      "Plans": [
        {
          "Parent Relationship": "Outer",
          "Total Cost": 346.42,
          "Plans": [
            {
              "Parent Relationship": "Outer",
              "Total Cost": 231.99,
              "Relation Name": "reserves",
              "Parallel Aware": false,
              "Alias": "r",
              "Node Type": "Seq Scan",
              "Plan Width": 8,
              "Startup Cost": 0.0,
              "Plan Rows": 14999
            },
            {
              "Parent Relationship": "Inner",
              "Total Cost": 62.5,
              "Plans": [
                {
                  "Parent Relationship": "Outer",
                  "Total Cost": 62.5,
                  "Relation Name": "boat",
                  "Parallel Aware": false,
                  "Filter": "(color \u003d \u0027red\u0027::bpchar)",
                  "Alias": "b",
                  "Node Type": "Seq Scan",
                  "Plan Width": 4,
                  "Startup Cost": 0.0,
                  "Plan Rows": 1000
                }
              ],
              "Parallel Aware": false,
              "Node Type": "Hash",
              "Plan Width": 4,
              "Startup Cost": 62.5,
              "Plan Rows": 1000
            }
          ],
          "Parallel Aware": false,
          "Node Type": "Hash Join",
          "Join Type": "Inner",
          "Plan Width": 4,
          "Startup Cost": 75.0,
          "Hash Cond": "(r.bid \u003d b.bid)",
          "Plan Rows": 5000,
          "Inner Unique": true
        },
        {
          "Parent Relationship": "Inner",
          "Total Cost": 165.0,
          "Plans": [
            {
              "Parent Relationship": "Outer",
              "Total Cost": 165.0,
              "Relation Name": "sailors",
              "Parallel Aware": false,
              "Alias": "s",
              "Node Type": "Seq Scan",
              "Plan Width": 25,
              "Startup Cost": 0.0,
              "Plan Rows": 9000
            }
          ],
          "Parallel Aware": false,
          "Node Type": "Hash",
          "Plan Width": 25,
          "Startup Cost": 165.0,
          "Plan Rows": 9000
        }
      ],
      "Parallel Aware": false,
      "Node Type": "Hash Join",
      "Join Type": "Inner",
      "Plan Width": 29,
      "Startup Cost": 352.5,
      "Hash Cond": "(r.sid \u003d s.sid)",
      "Plan Rows": 5000,
      "Inner Unique": true
    },
    {
      "Parent Relationship": "Inner",
      "Total Cost": 637.05,
      "Plans": [
        {
          "Parent Relationship": "Outer",
          "Total Cost": 637.05,
          "Plans": [
            {
              "Parent Relationship": "Outer",
              "Total Cost": 346.42,
              "Plans": [
                {
                  "Parent Relationship": "Outer",
                  "Total Cost": 231.99,
                  "Relation Name": "reserves",
                  "Parallel Aware": false,
                  "Alias": "r2",
                  "Node Type": "Seq Scan",
                  "Plan Width": 8,
                  "Startup Cost": 0.0,
                  "Plan Rows": 14999
                },
                {
                  "Parent Relationship": "Inner",
                  "Total Cost": 62.5,
                  "Plans": [
                    {
                      "Parent Relationship": "Outer",
                      "Total Cost": 62.5,
                      "Relation Name": "boat",
                      "Parallel Aware": false,
                      "Filter": "(color \u003d \u0027green\u0027::bpchar)",
                      "Alias": "b2",
                      "Node Type": "Seq Scan",
                      "Plan Width": 4,
                      "Startup Cost": 0.0,
                      "Plan Rows": 1000
                    }
                  ],
                  "Parallel Aware": false,
                  "Node Type": "Hash",
                  "Plan Width": 4,
                  "Startup Cost": 62.5,
                  "Plan Rows": 1000
                }
              ],
              "Parallel Aware": false,
              "Node Type": "Hash Join",
              "Join Type": "Inner",
              "Plan Width": 4,
              "Startup Cost": 75.0,
              "Hash Cond": "(r2.bid \u003d b2.bid)",
              "Plan Rows": 5000,
              "Inner Unique": true
            },
            {
              "Parent Relationship": "Inner",
              "Total Cost": 165.0,
              "Plans": [
                {
                  "Parent Relationship": "Outer",
                  "Total Cost": 165.0,
                  "Relation Name": "sailors",
                  "Parallel Aware": false,
                  "Alias": "s2",
                  "Node Type": "Seq Scan",
                  "Plan Width": 4,
                  "Startup Cost": 0.0,
                  "Plan Rows": 9000
                }
              ],
              "Parallel Aware": false,
              "Node Type": "Hash",
              "Plan Width": 4,
              "Startup Cost": 165.0,
              "Plan Rows": 9000
            }
          ],
          "Parallel Aware": false,
          "Node Type": "Hash Join",
          "Join Type": "Inner",
          "Plan Width": 8,
          "Startup Cost": 352.5,
          "Hash Cond": "(r2.sid \u003d s2.sid)",
          "Plan Rows": 5000,
          "Inner Unique": true
        }
      ],
      "Parallel Aware": false,
      "Node Type": "Hash",
      "Plan Width": 8,
      "Startup Cost": 637.05,
      "Plan Rows": 5000
    }
  ],
  "Parallel Aware": false,
  "Node Type": "Hash Join",
  "Join Type": "Semi",
  "Plan Width": 21,
  "Startup Cost": 1052.05,
  "Hash Cond": "(s.sid \u003d s2.sid)",
  "Plan Rows": 2778,
  "Inner Unique": false
}

------------------------------

Indicies Configuration #38:
Index btree on column bid in table reserves
Index btree on column color in table boat
Index btree on column bid in table boat

------------------------------

1. The Total Cost of the Plan = 1380.64
2. The Estimated Size of the Result Set = 2778
3. The Plan of the Query:
{
  "Total Cost": 1380.64,
  "Plans": [
    {
      "Parent Relationship": "Outer",
      "Total Cost": 637.05,
      "Plans": [
        {
          "Parent Relationship": "Outer",
          "Total Cost": 346.42,
          "Plans": [
            {
              "Parent Relationship": "Outer",
              "Total Cost": 231.99,
              "Relation Name": "reserves",
              "Parallel Aware": false,
              "Alias": "r",
              "Node Type": "Seq Scan",
              "Plan Width": 8,
              "Startup Cost": 0.0,
              "Plan Rows": 14999
            },
            {
              "Parent Relationship": "Inner",
              "Total Cost": 62.5,
              "Plans": [
                {
                  "Parent Relationship": "Outer",
                  "Total Cost": 62.5,
                  "Relation Name": "boat",
                  "Parallel Aware": false,
                  "Filter": "(color \u003d \u0027red\u0027::bpchar)",
                  "Alias": "b",
                  "Node Type": "Seq Scan",
                  "Plan Width": 4,
                  "Startup Cost": 0.0,
                  "Plan Rows": 1000
                }
              ],
              "Parallel Aware": false,
              "Node Type": "Hash",
              "Plan Width": 4,
              "Startup Cost": 62.5,
              "Plan Rows": 1000
            }
          ],
          "Parallel Aware": false,
          "Node Type": "Hash Join",
          "Join Type": "Inner",
          "Plan Width": 4,
          "Startup Cost": 75.0,
          "Hash Cond": "(r.bid \u003d b.bid)",
          "Plan Rows": 5000,
          "Inner Unique": true
        },
        {
          "Parent Relationship": "Inner",
          "Total Cost": 165.0,
          "Plans": [
            {
              "Parent Relationship": "Outer",
              "Total Cost": 165.0,
              "Relation Name": "sailors",
              "Parallel Aware": false,
              "Alias": "s",
              "Node Type": "Seq Scan",
              "Plan Width": 25,
              "Startup Cost": 0.0,
              "Plan Rows": 9000
            }
          ],
          "Parallel Aware": false,
          "Node Type": "Hash",
          "Plan Width": 25,
          "Startup Cost": 165.0,
          "Plan Rows": 9000
        }
      ],
      "Parallel Aware": false,
      "Node Type": "Hash Join",
      "Join Type": "Inner",
      "Plan Width": 29,
      "Startup Cost": 352.5,
      "Hash Cond": "(r.sid \u003d s.sid)",
      "Plan Rows": 5000,
      "Inner Unique": true
    },
    {
      "Parent Relationship": "Inner",
      "Total Cost": 637.05,
      "Plans": [
        {
          "Parent Relationship": "Outer",
          "Total Cost": 637.05,
          "Plans": [
            {
              "Parent Relationship": "Outer",
              "Total Cost": 346.42,
              "Plans": [
                {
                  "Parent Relationship": "Outer",
                  "Total Cost": 231.99,
                  "Relation Name": "reserves",
                  "Parallel Aware": false,
                  "Alias": "r2",
                  "Node Type": "Seq Scan",
                  "Plan Width": 8,
                  "Startup Cost": 0.0,
                  "Plan Rows": 14999
                },
                {
                  "Parent Relationship": "Inner",
                  "Total Cost": 62.5,
                  "Plans": [
                    {
                      "Parent Relationship": "Outer",
                      "Total Cost": 62.5,
                      "Relation Name": "boat",
                      "Parallel Aware": false,
                      "Filter": "(color \u003d \u0027green\u0027::bpchar)",
                      "Alias": "b2",
                      "Node Type": "Seq Scan",
                      "Plan Width": 4,
                      "Startup Cost": 0.0,
                      "Plan Rows": 1000
                    }
                  ],
                  "Parallel Aware": false,
                  "Node Type": "Hash",
                  "Plan Width": 4,
                  "Startup Cost": 62.5,
                  "Plan Rows": 1000
                }
              ],
              "Parallel Aware": false,
              "Node Type": "Hash Join",
              "Join Type": "Inner",
              "Plan Width": 4,
              "Startup Cost": 75.0,
              "Hash Cond": "(r2.bid \u003d b2.bid)",
              "Plan Rows": 5000,
              "Inner Unique": true
            },
            {
              "Parent Relationship": "Inner",
              "Total Cost": 165.0,
              "Plans": [
                {
                  "Parent Relationship": "Outer",
                  "Total Cost": 165.0,
                  "Relation Name": "sailors",
                  "Parallel Aware": false,
                  "Alias": "s2",
                  "Node Type": "Seq Scan",
                  "Plan Width": 4,
                  "Startup Cost": 0.0,
                  "Plan Rows": 9000
                }
              ],
              "Parallel Aware": false,
              "Node Type": "Hash",
              "Plan Width": 4,
              "Startup Cost": 165.0,
              "Plan Rows": 9000
            }
          ],
          "Parallel Aware": false,
          "Node Type": "Hash Join",
          "Join Type": "Inner",
          "Plan Width": 8,
          "Startup Cost": 352.5,
          "Hash Cond": "(r2.sid \u003d s2.sid)",
          "Plan Rows": 5000,
          "Inner Unique": true
        }
      ],
      "Parallel Aware": false,
      "Node Type": "Hash",
      "Plan Width": 8,
      "Startup Cost": 637.05,
      "Plan Rows": 5000
    }
  ],
  "Parallel Aware": false,
  "Node Type": "Hash Join",
  "Join Type": "Semi",
  "Plan Width": 21,
  "Startup Cost": 1052.05,
  "Hash Cond": "(s.sid \u003d s2.sid)",
  "Plan Rows": 2778,
  "Inner Unique": false
}

------------------------------

Indicies Configuration #39:
Index btree on column bid in table reserves
Index btree on column color in table boat
Index hash on column bid in table boat

------------------------------

1. The Total Cost of the Plan = 1380.64
2. The Estimated Size of the Result Set = 2778
3. The Plan of the Query:
{
  "Total Cost": 1380.64,
  "Plans": [
    {
      "Parent Relationship": "Outer",
      "Total Cost": 637.05,
      "Plans": [
        {
          "Parent Relationship": "Outer",
          "Total Cost": 346.42,
          "Plans": [
            {
              "Parent Relationship": "Outer",
              "Total Cost": 231.99,
              "Relation Name": "reserves",
              "Parallel Aware": false,
              "Alias": "r",
              "Node Type": "Seq Scan",
              "Plan Width": 8,
              "Startup Cost": 0.0,
              "Plan Rows": 14999
            },
            {
              "Parent Relationship": "Inner",
              "Total Cost": 62.5,
              "Plans": [
                {
                  "Parent Relationship": "Outer",
                  "Total Cost": 62.5,
                  "Relation Name": "boat",
                  "Parallel Aware": false,
                  "Filter": "(color \u003d \u0027red\u0027::bpchar)",
                  "Alias": "b",
                  "Node Type": "Seq Scan",
                  "Plan Width": 4,
                  "Startup Cost": 0.0,
                  "Plan Rows": 1000
                }
              ],
              "Parallel Aware": false,
              "Node Type": "Hash",
              "Plan Width": 4,
              "Startup Cost": 62.5,
              "Plan Rows": 1000
            }
          ],
          "Parallel Aware": false,
          "Node Type": "Hash Join",
          "Join Type": "Inner",
          "Plan Width": 4,
          "Startup Cost": 75.0,
          "Hash Cond": "(r.bid \u003d b.bid)",
          "Plan Rows": 5000,
          "Inner Unique": true
        },
        {
          "Parent Relationship": "Inner",
          "Total Cost": 165.0,
          "Plans": [
            {
              "Parent Relationship": "Outer",
              "Total Cost": 165.0,
              "Relation Name": "sailors",
              "Parallel Aware": false,
              "Alias": "s",
              "Node Type": "Seq Scan",
              "Plan Width": 25,
              "Startup Cost": 0.0,
              "Plan Rows": 9000
            }
          ],
          "Parallel Aware": false,
          "Node Type": "Hash",
          "Plan Width": 25,
          "Startup Cost": 165.0,
          "Plan Rows": 9000
        }
      ],
      "Parallel Aware": false,
      "Node Type": "Hash Join",
      "Join Type": "Inner",
      "Plan Width": 29,
      "Startup Cost": 352.5,
      "Hash Cond": "(r.sid \u003d s.sid)",
      "Plan Rows": 5000,
      "Inner Unique": true
    },
    {
      "Parent Relationship": "Inner",
      "Total Cost": 637.05,
      "Plans": [
        {
          "Parent Relationship": "Outer",
          "Total Cost": 637.05,
          "Plans": [
            {
              "Parent Relationship": "Outer",
              "Total Cost": 346.42,
              "Plans": [
                {
                  "Parent Relationship": "Outer",
                  "Total Cost": 231.99,
                  "Relation Name": "reserves",
                  "Parallel Aware": false,
                  "Alias": "r2",
                  "Node Type": "Seq Scan",
                  "Plan Width": 8,
                  "Startup Cost": 0.0,
                  "Plan Rows": 14999
                },
                {
                  "Parent Relationship": "Inner",
                  "Total Cost": 62.5,
                  "Plans": [
                    {
                      "Parent Relationship": "Outer",
                      "Total Cost": 62.5,
                      "Relation Name": "boat",
                      "Parallel Aware": false,
                      "Filter": "(color \u003d \u0027green\u0027::bpchar)",
                      "Alias": "b2",
                      "Node Type": "Seq Scan",
                      "Plan Width": 4,
                      "Startup Cost": 0.0,
                      "Plan Rows": 1000
                    }
                  ],
                  "Parallel Aware": false,
                  "Node Type": "Hash",
                  "Plan Width": 4,
                  "Startup Cost": 62.5,
                  "Plan Rows": 1000
                }
              ],
              "Parallel Aware": false,
              "Node Type": "Hash Join",
              "Join Type": "Inner",
              "Plan Width": 4,
              "Startup Cost": 75.0,
              "Hash Cond": "(r2.bid \u003d b2.bid)",
              "Plan Rows": 5000,
              "Inner Unique": true
            },
            {
              "Parent Relationship": "Inner",
              "Total Cost": 165.0,
              "Plans": [
                {
                  "Parent Relationship": "Outer",
                  "Total Cost": 165.0,
                  "Relation Name": "sailors",
                  "Parallel Aware": false,
                  "Alias": "s2",
                  "Node Type": "Seq Scan",
                  "Plan Width": 4,
                  "Startup Cost": 0.0,
                  "Plan Rows": 9000
                }
              ],
              "Parallel Aware": false,
              "Node Type": "Hash",
              "Plan Width": 4,
              "Startup Cost": 165.0,
              "Plan Rows": 9000
            }
          ],
          "Parallel Aware": false,
          "Node Type": "Hash Join",
          "Join Type": "Inner",
          "Plan Width": 8,
          "Startup Cost": 352.5,
          "Hash Cond": "(r2.sid \u003d s2.sid)",
          "Plan Rows": 5000,
          "Inner Unique": true
        }
      ],
      "Parallel Aware": false,
      "Node Type": "Hash",
      "Plan Width": 8,
      "Startup Cost": 637.05,
      "Plan Rows": 5000
    }
  ],
  "Parallel Aware": false,
  "Node Type": "Hash Join",
  "Join Type": "Semi",
  "Plan Width": 21,
  "Startup Cost": 1052.05,
  "Hash Cond": "(s.sid \u003d s2.sid)",
  "Plan Rows": 2778,
  "Inner Unique": false
}

------------------------------

Indicies Configuration #40:
Index btree on column bid in table reserves
Index btree on column color in table boat
Index btree on column sid in table reserves

------------------------------

1. The Total Cost of the Plan = 1380.64
2. The Estimated Size of the Result Set = 2778
3. The Plan of the Query:
{
  "Total Cost": 1380.64,
  "Plans": [
    {
      "Parent Relationship": "Outer",
      "Total Cost": 637.05,
      "Plans": [
        {
          "Parent Relationship": "Outer",
          "Total Cost": 346.42,
          "Plans": [
            {
              "Parent Relationship": "Outer",
              "Total Cost": 231.99,
              "Relation Name": "reserves",
              "Parallel Aware": false,
              "Alias": "r",
              "Node Type": "Seq Scan",
              "Plan Width": 8,
              "Startup Cost": 0.0,
              "Plan Rows": 14999
            },
            {
              "Parent Relationship": "Inner",
              "Total Cost": 62.5,
              "Plans": [
                {
                  "Parent Relationship": "Outer",
                  "Total Cost": 62.5,
                  "Relation Name": "boat",
                  "Parallel Aware": false,
                  "Filter": "(color \u003d \u0027red\u0027::bpchar)",
                  "Alias": "b",
                  "Node Type": "Seq Scan",
                  "Plan Width": 4,
                  "Startup Cost": 0.0,
                  "Plan Rows": 1000
                }
              ],
              "Parallel Aware": false,
              "Node Type": "Hash",
              "Plan Width": 4,
              "Startup Cost": 62.5,
              "Plan Rows": 1000
            }
          ],
          "Parallel Aware": false,
          "Node Type": "Hash Join",
          "Join Type": "Inner",
          "Plan Width": 4,
          "Startup Cost": 75.0,
          "Hash Cond": "(r.bid \u003d b.bid)",
          "Plan Rows": 5000,
          "Inner Unique": true
        },
        {
          "Parent Relationship": "Inner",
          "Total Cost": 165.0,
          "Plans": [
            {
              "Parent Relationship": "Outer",
              "Total Cost": 165.0,
              "Relation Name": "sailors",
              "Parallel Aware": false,
              "Alias": "s",
              "Node Type": "Seq Scan",
              "Plan Width": 25,
              "Startup Cost": 0.0,
              "Plan Rows": 9000
            }
          ],
          "Parallel Aware": false,
          "Node Type": "Hash",
          "Plan Width": 25,
          "Startup Cost": 165.0,
          "Plan Rows": 9000
        }
      ],
      "Parallel Aware": false,
      "Node Type": "Hash Join",
      "Join Type": "Inner",
      "Plan Width": 29,
      "Startup Cost": 352.5,
      "Hash Cond": "(r.sid \u003d s.sid)",
      "Plan Rows": 5000,
      "Inner Unique": true
    },
    {
      "Parent Relationship": "Inner",
      "Total Cost": 637.05,
      "Plans": [
        {
          "Parent Relationship": "Outer",
          "Total Cost": 637.05,
          "Plans": [
            {
              "Parent Relationship": "Outer",
              "Total Cost": 346.42,
              "Plans": [
                {
                  "Parent Relationship": "Outer",
                  "Total Cost": 231.99,
                  "Relation Name": "reserves",
                  "Parallel Aware": false,
                  "Alias": "r2",
                  "Node Type": "Seq Scan",
                  "Plan Width": 8,
                  "Startup Cost": 0.0,
                  "Plan Rows": 14999
                },
                {
                  "Parent Relationship": "Inner",
                  "Total Cost": 62.5,
                  "Plans": [
                    {
                      "Parent Relationship": "Outer",
                      "Total Cost": 62.5,
                      "Relation Name": "boat",
                      "Parallel Aware": false,
                      "Filter": "(color \u003d \u0027green\u0027::bpchar)",
                      "Alias": "b2",
                      "Node Type": "Seq Scan",
                      "Plan Width": 4,
                      "Startup Cost": 0.0,
                      "Plan Rows": 1000
                    }
                  ],
                  "Parallel Aware": false,
                  "Node Type": "Hash",
                  "Plan Width": 4,
                  "Startup Cost": 62.5,
                  "Plan Rows": 1000
                }
              ],
              "Parallel Aware": false,
              "Node Type": "Hash Join",
              "Join Type": "Inner",
              "Plan Width": 4,
              "Startup Cost": 75.0,
              "Hash Cond": "(r2.bid \u003d b2.bid)",
              "Plan Rows": 5000,
              "Inner Unique": true
            },
            {
              "Parent Relationship": "Inner",
              "Total Cost": 165.0,
              "Plans": [
                {
                  "Parent Relationship": "Outer",
                  "Total Cost": 165.0,
                  "Relation Name": "sailors",
                  "Parallel Aware": false,
                  "Alias": "s2",
                  "Node Type": "Seq Scan",
                  "Plan Width": 4,
                  "Startup Cost": 0.0,
                  "Plan Rows": 9000
                }
              ],
              "Parallel Aware": false,
              "Node Type": "Hash",
              "Plan Width": 4,
              "Startup Cost": 165.0,
              "Plan Rows": 9000
            }
          ],
          "Parallel Aware": false,
          "Node Type": "Hash Join",
          "Join Type": "Inner",
          "Plan Width": 8,
          "Startup Cost": 352.5,
          "Hash Cond": "(r2.sid \u003d s2.sid)",
          "Plan Rows": 5000,
          "Inner Unique": true
        }
      ],
      "Parallel Aware": false,
      "Node Type": "Hash",
      "Plan Width": 8,
      "Startup Cost": 637.05,
      "Plan Rows": 5000
    }
  ],
  "Parallel Aware": false,
  "Node Type": "Hash Join",
  "Join Type": "Semi",
  "Plan Width": 21,
  "Startup Cost": 1052.05,
  "Hash Cond": "(s.sid \u003d s2.sid)",
  "Plan Rows": 2778,
  "Inner Unique": false
}

------------------------------

Indicies Configuration #41:
Index btree on column bid in table reserves
Index btree on column color in table boat
Index btree on column sid in table reserves
Index btree on column bid in table boat

------------------------------

1. The Total Cost of the Plan = 1380.64
2. The Estimated Size of the Result Set = 2778
3. The Plan of the Query:
{
  "Total Cost": 1380.64,
  "Plans": [
    {
      "Parent Relationship": "Outer",
      "Total Cost": 637.05,
      "Plans": [
        {
          "Parent Relationship": "Outer",
          "Total Cost": 346.42,
          "Plans": [
            {
              "Parent Relationship": "Outer",
              "Total Cost": 231.99,
              "Relation Name": "reserves",
              "Parallel Aware": false,
              "Alias": "r",
              "Node Type": "Seq Scan",
              "Plan Width": 8,
              "Startup Cost": 0.0,
              "Plan Rows": 14999
            },
            {
              "Parent Relationship": "Inner",
              "Total Cost": 62.5,
              "Plans": [
                {
                  "Parent Relationship": "Outer",
                  "Total Cost": 62.5,
                  "Relation Name": "boat",
                  "Parallel Aware": false,
                  "Filter": "(color \u003d \u0027red\u0027::bpchar)",
                  "Alias": "b",
                  "Node Type": "Seq Scan",
                  "Plan Width": 4,
                  "Startup Cost": 0.0,
                  "Plan Rows": 1000
                }
              ],
              "Parallel Aware": false,
              "Node Type": "Hash",
              "Plan Width": 4,
              "Startup Cost": 62.5,
              "Plan Rows": 1000
            }
          ],
          "Parallel Aware": false,
          "Node Type": "Hash Join",
          "Join Type": "Inner",
          "Plan Width": 4,
          "Startup Cost": 75.0,
          "Hash Cond": "(r.bid \u003d b.bid)",
          "Plan Rows": 5000,
          "Inner Unique": true
        },
        {
          "Parent Relationship": "Inner",
          "Total Cost": 165.0,
          "Plans": [
            {
              "Parent Relationship": "Outer",
              "Total Cost": 165.0,
              "Relation Name": "sailors",
              "Parallel Aware": false,
              "Alias": "s",
              "Node Type": "Seq Scan",
              "Plan Width": 25,
              "Startup Cost": 0.0,
              "Plan Rows": 9000
            }
          ],
          "Parallel Aware": false,
          "Node Type": "Hash",
          "Plan Width": 25,
          "Startup Cost": 165.0,
          "Plan Rows": 9000
        }
      ],
      "Parallel Aware": false,
      "Node Type": "Hash Join",
      "Join Type": "Inner",
      "Plan Width": 29,
      "Startup Cost": 352.5,
      "Hash Cond": "(r.sid \u003d s.sid)",
      "Plan Rows": 5000,
      "Inner Unique": true
    },
    {
      "Parent Relationship": "Inner",
      "Total Cost": 637.05,
      "Plans": [
        {
          "Parent Relationship": "Outer",
          "Total Cost": 637.05,
          "Plans": [
            {
              "Parent Relationship": "Outer",
              "Total Cost": 346.42,
              "Plans": [
                {
                  "Parent Relationship": "Outer",
                  "Total Cost": 231.99,
                  "Relation Name": "reserves",
                  "Parallel Aware": false,
                  "Alias": "r2",
                  "Node Type": "Seq Scan",
                  "Plan Width": 8,
                  "Startup Cost": 0.0,
                  "Plan Rows": 14999
                },
                {
                  "Parent Relationship": "Inner",
                  "Total Cost": 62.5,
                  "Plans": [
                    {
                      "Parent Relationship": "Outer",
                      "Total Cost": 62.5,
                      "Relation Name": "boat",
                      "Parallel Aware": false,
                      "Filter": "(color \u003d \u0027green\u0027::bpchar)",
                      "Alias": "b2",
                      "Node Type": "Seq Scan",
                      "Plan Width": 4,
                      "Startup Cost": 0.0,
                      "Plan Rows": 1000
                    }
                  ],
                  "Parallel Aware": false,
                  "Node Type": "Hash",
                  "Plan Width": 4,
                  "Startup Cost": 62.5,
                  "Plan Rows": 1000
                }
              ],
              "Parallel Aware": false,
              "Node Type": "Hash Join",
              "Join Type": "Inner",
              "Plan Width": 4,
              "Startup Cost": 75.0,
              "Hash Cond": "(r2.bid \u003d b2.bid)",
              "Plan Rows": 5000,
              "Inner Unique": true
            },
            {
              "Parent Relationship": "Inner",
              "Total Cost": 165.0,
              "Plans": [
                {
                  "Parent Relationship": "Outer",
                  "Total Cost": 165.0,
                  "Relation Name": "sailors",
                  "Parallel Aware": false,
                  "Alias": "s2",
                  "Node Type": "Seq Scan",
                  "Plan Width": 4,
                  "Startup Cost": 0.0,
                  "Plan Rows": 9000
                }
              ],
              "Parallel Aware": false,
              "Node Type": "Hash",
              "Plan Width": 4,
              "Startup Cost": 165.0,
              "Plan Rows": 9000
            }
          ],
          "Parallel Aware": false,
          "Node Type": "Hash Join",
          "Join Type": "Inner",
          "Plan Width": 8,
          "Startup Cost": 352.5,
          "Hash Cond": "(r2.sid \u003d s2.sid)",
          "Plan Rows": 5000,
          "Inner Unique": true
        }
      ],
      "Parallel Aware": false,
      "Node Type": "Hash",
      "Plan Width": 8,
      "Startup Cost": 637.05,
      "Plan Rows": 5000
    }
  ],
  "Parallel Aware": false,
  "Node Type": "Hash Join",
  "Join Type": "Semi",
  "Plan Width": 21,
  "Startup Cost": 1052.05,
  "Hash Cond": "(s.sid \u003d s2.sid)",
  "Plan Rows": 2778,
  "Inner Unique": false
}

------------------------------

Indicies Configuration #42:
Index btree on column bid in table reserves
Index btree on column color in table boat
Index btree on column sid in table reserves
Index hash on column bid in table boat

------------------------------

1. The Total Cost of the Plan = 1380.64
2. The Estimated Size of the Result Set = 2778
3. The Plan of the Query:
{
  "Total Cost": 1380.64,
  "Plans": [
    {
      "Parent Relationship": "Outer",
      "Total Cost": 637.05,
      "Plans": [
        {
          "Parent Relationship": "Outer",
          "Total Cost": 346.42,
          "Plans": [
            {
              "Parent Relationship": "Outer",
              "Total Cost": 231.99,
              "Relation Name": "reserves",
              "Parallel Aware": false,
              "Alias": "r",
              "Node Type": "Seq Scan",
              "Plan Width": 8,
              "Startup Cost": 0.0,
              "Plan Rows": 14999
            },
            {
              "Parent Relationship": "Inner",
              "Total Cost": 62.5,
              "Plans": [
                {
                  "Parent Relationship": "Outer",
                  "Total Cost": 62.5,
                  "Relation Name": "boat",
                  "Parallel Aware": false,
                  "Filter": "(color \u003d \u0027red\u0027::bpchar)",
                  "Alias": "b",
                  "Node Type": "Seq Scan",
                  "Plan Width": 4,
                  "Startup Cost": 0.0,
                  "Plan Rows": 1000
                }
              ],
              "Parallel Aware": false,
              "Node Type": "Hash",
              "Plan Width": 4,
              "Startup Cost": 62.5,
              "Plan Rows": 1000
            }
          ],
          "Parallel Aware": false,
          "Node Type": "Hash Join",
          "Join Type": "Inner",
          "Plan Width": 4,
          "Startup Cost": 75.0,
          "Hash Cond": "(r.bid \u003d b.bid)",
          "Plan Rows": 5000,
          "Inner Unique": true
        },
        {
          "Parent Relationship": "Inner",
          "Total Cost": 165.0,
          "Plans": [
            {
              "Parent Relationship": "Outer",
              "Total Cost": 165.0,
              "Relation Name": "sailors",
              "Parallel Aware": false,
              "Alias": "s",
              "Node Type": "Seq Scan",
              "Plan Width": 25,
              "Startup Cost": 0.0,
              "Plan Rows": 9000
            }
          ],
          "Parallel Aware": false,
          "Node Type": "Hash",
          "Plan Width": 25,
          "Startup Cost": 165.0,
          "Plan Rows": 9000
        }
      ],
      "Parallel Aware": false,
      "Node Type": "Hash Join",
      "Join Type": "Inner",
      "Plan Width": 29,
      "Startup Cost": 352.5,
      "Hash Cond": "(r.sid \u003d s.sid)",
      "Plan Rows": 5000,
      "Inner Unique": true
    },
    {
      "Parent Relationship": "Inner",
      "Total Cost": 637.05,
      "Plans": [
        {
          "Parent Relationship": "Outer",
          "Total Cost": 637.05,
          "Plans": [
            {
              "Parent Relationship": "Outer",
              "Total Cost": 346.42,
              "Plans": [
                {
                  "Parent Relationship": "Outer",
                  "Total Cost": 231.99,
                  "Relation Name": "reserves",
                  "Parallel Aware": false,
                  "Alias": "r2",
                  "Node Type": "Seq Scan",
                  "Plan Width": 8,
                  "Startup Cost": 0.0,
                  "Plan Rows": 14999
                },
                {
                  "Parent Relationship": "Inner",
                  "Total Cost": 62.5,
                  "Plans": [
                    {
                      "Parent Relationship": "Outer",
                      "Total Cost": 62.5,
                      "Relation Name": "boat",
                      "Parallel Aware": false,
                      "Filter": "(color \u003d \u0027green\u0027::bpchar)",
                      "Alias": "b2",
                      "Node Type": "Seq Scan",
                      "Plan Width": 4,
                      "Startup Cost": 0.0,
                      "Plan Rows": 1000
                    }
                  ],
                  "Parallel Aware": false,
                  "Node Type": "Hash",
                  "Plan Width": 4,
                  "Startup Cost": 62.5,
                  "Plan Rows": 1000
                }
              ],
              "Parallel Aware": false,
              "Node Type": "Hash Join",
              "Join Type": "Inner",
              "Plan Width": 4,
              "Startup Cost": 75.0,
              "Hash Cond": "(r2.bid \u003d b2.bid)",
              "Plan Rows": 5000,
              "Inner Unique": true
            },
            {
              "Parent Relationship": "Inner",
              "Total Cost": 165.0,
              "Plans": [
                {
                  "Parent Relationship": "Outer",
                  "Total Cost": 165.0,
                  "Relation Name": "sailors",
                  "Parallel Aware": false,
                  "Alias": "s2",
                  "Node Type": "Seq Scan",
                  "Plan Width": 4,
                  "Startup Cost": 0.0,
                  "Plan Rows": 9000
                }
              ],
              "Parallel Aware": false,
              "Node Type": "Hash",
              "Plan Width": 4,
              "Startup Cost": 165.0,
              "Plan Rows": 9000
            }
          ],
          "Parallel Aware": false,
          "Node Type": "Hash Join",
          "Join Type": "Inner",
          "Plan Width": 8,
          "Startup Cost": 352.5,
          "Hash Cond": "(r2.sid \u003d s2.sid)",
          "Plan Rows": 5000,
          "Inner Unique": true
        }
      ],
      "Parallel Aware": false,
      "Node Type": "Hash",
      "Plan Width": 8,
      "Startup Cost": 637.05,
      "Plan Rows": 5000
    }
  ],
  "Parallel Aware": false,
  "Node Type": "Hash Join",
  "Join Type": "Semi",
  "Plan Width": 21,
  "Startup Cost": 1052.05,
  "Hash Cond": "(s.sid \u003d s2.sid)",
  "Plan Rows": 2778,
  "Inner Unique": false
}

------------------------------

Indicies Configuration #43:
Index btree on column bid in table reserves
Index btree on column color in table boat
Index hash on column sid in table reserves

------------------------------

1. The Total Cost of the Plan = 1380.64
2. The Estimated Size of the Result Set = 2778
3. The Plan of the Query:
{
  "Total Cost": 1380.64,
  "Plans": [
    {
      "Parent Relationship": "Outer",
      "Total Cost": 637.05,
      "Plans": [
        {
          "Parent Relationship": "Outer",
          "Total Cost": 346.42,
          "Plans": [
            {
              "Parent Relationship": "Outer",
              "Total Cost": 231.99,
              "Relation Name": "reserves",
              "Parallel Aware": false,
              "Alias": "r",
              "Node Type": "Seq Scan",
              "Plan Width": 8,
              "Startup Cost": 0.0,
              "Plan Rows": 14999
            },
            {
              "Parent Relationship": "Inner",
              "Total Cost": 62.5,
              "Plans": [
                {
                  "Parent Relationship": "Outer",
                  "Total Cost": 62.5,
                  "Relation Name": "boat",
                  "Parallel Aware": false,
                  "Filter": "(color \u003d \u0027red\u0027::bpchar)",
                  "Alias": "b",
                  "Node Type": "Seq Scan",
                  "Plan Width": 4,
                  "Startup Cost": 0.0,
                  "Plan Rows": 1000
                }
              ],
              "Parallel Aware": false,
              "Node Type": "Hash",
              "Plan Width": 4,
              "Startup Cost": 62.5,
              "Plan Rows": 1000
            }
          ],
          "Parallel Aware": false,
          "Node Type": "Hash Join",
          "Join Type": "Inner",
          "Plan Width": 4,
          "Startup Cost": 75.0,
          "Hash Cond": "(r.bid \u003d b.bid)",
          "Plan Rows": 5000,
          "Inner Unique": true
        },
        {
          "Parent Relationship": "Inner",
          "Total Cost": 165.0,
          "Plans": [
            {
              "Parent Relationship": "Outer",
              "Total Cost": 165.0,
              "Relation Name": "sailors",
              "Parallel Aware": false,
              "Alias": "s",
              "Node Type": "Seq Scan",
              "Plan Width": 25,
              "Startup Cost": 0.0,
              "Plan Rows": 9000
            }
          ],
          "Parallel Aware": false,
          "Node Type": "Hash",
          "Plan Width": 25,
          "Startup Cost": 165.0,
          "Plan Rows": 9000
        }
      ],
      "Parallel Aware": false,
      "Node Type": "Hash Join",
      "Join Type": "Inner",
      "Plan Width": 29,
      "Startup Cost": 352.5,
      "Hash Cond": "(r.sid \u003d s.sid)",
      "Plan Rows": 5000,
      "Inner Unique": true
    },
    {
      "Parent Relationship": "Inner",
      "Total Cost": 637.05,
      "Plans": [
        {
          "Parent Relationship": "Outer",
          "Total Cost": 637.05,
          "Plans": [
            {
              "Parent Relationship": "Outer",
              "Total Cost": 346.42,
              "Plans": [
                {
                  "Parent Relationship": "Outer",
                  "Total Cost": 231.99,
                  "Relation Name": "reserves",
                  "Parallel Aware": false,
                  "Alias": "r2",
                  "Node Type": "Seq Scan",
                  "Plan Width": 8,
                  "Startup Cost": 0.0,
                  "Plan Rows": 14999
                },
                {
                  "Parent Relationship": "Inner",
                  "Total Cost": 62.5,
                  "Plans": [
                    {
                      "Parent Relationship": "Outer",
                      "Total Cost": 62.5,
                      "Relation Name": "boat",
                      "Parallel Aware": false,
                      "Filter": "(color \u003d \u0027green\u0027::bpchar)",
                      "Alias": "b2",
                      "Node Type": "Seq Scan",
                      "Plan Width": 4,
                      "Startup Cost": 0.0,
                      "Plan Rows": 1000
                    }
                  ],
                  "Parallel Aware": false,
                  "Node Type": "Hash",
                  "Plan Width": 4,
                  "Startup Cost": 62.5,
                  "Plan Rows": 1000
                }
              ],
              "Parallel Aware": false,
              "Node Type": "Hash Join",
              "Join Type": "Inner",
              "Plan Width": 4,
              "Startup Cost": 75.0,
              "Hash Cond": "(r2.bid \u003d b2.bid)",
              "Plan Rows": 5000,
              "Inner Unique": true
            },
            {
              "Parent Relationship": "Inner",
              "Total Cost": 165.0,
              "Plans": [
                {
                  "Parent Relationship": "Outer",
                  "Total Cost": 165.0,
                  "Relation Name": "sailors",
                  "Parallel Aware": false,
                  "Alias": "s2",
                  "Node Type": "Seq Scan",
                  "Plan Width": 4,
                  "Startup Cost": 0.0,
                  "Plan Rows": 9000
                }
              ],
              "Parallel Aware": false,
              "Node Type": "Hash",
              "Plan Width": 4,
              "Startup Cost": 165.0,
              "Plan Rows": 9000
            }
          ],
          "Parallel Aware": false,
          "Node Type": "Hash Join",
          "Join Type": "Inner",
          "Plan Width": 8,
          "Startup Cost": 352.5,
          "Hash Cond": "(r2.sid \u003d s2.sid)",
          "Plan Rows": 5000,
          "Inner Unique": true
        }
      ],
      "Parallel Aware": false,
      "Node Type": "Hash",
      "Plan Width": 8,
      "Startup Cost": 637.05,
      "Plan Rows": 5000
    }
  ],
  "Parallel Aware": false,
  "Node Type": "Hash Join",
  "Join Type": "Semi",
  "Plan Width": 21,
  "Startup Cost": 1052.05,
  "Hash Cond": "(s.sid \u003d s2.sid)",
  "Plan Rows": 2778,
  "Inner Unique": false
}

------------------------------

Indicies Configuration #44:
Index btree on column bid in table reserves
Index btree on column color in table boat
Index hash on column sid in table reserves
Index btree on column bid in table boat

------------------------------

1. The Total Cost of the Plan = 1380.64
2. The Estimated Size of the Result Set = 2778
3. The Plan of the Query:
{
  "Total Cost": 1380.64,
  "Plans": [
    {
      "Parent Relationship": "Outer",
      "Total Cost": 637.05,
      "Plans": [
        {
          "Parent Relationship": "Outer",
          "Total Cost": 346.42,
          "Plans": [
            {
              "Parent Relationship": "Outer",
              "Total Cost": 231.99,
              "Relation Name": "reserves",
              "Parallel Aware": false,
              "Alias": "r",
              "Node Type": "Seq Scan",
              "Plan Width": 8,
              "Startup Cost": 0.0,
              "Plan Rows": 14999
            },
            {
              "Parent Relationship": "Inner",
              "Total Cost": 62.5,
              "Plans": [
                {
                  "Parent Relationship": "Outer",
                  "Total Cost": 62.5,
                  "Relation Name": "boat",
                  "Parallel Aware": false,
                  "Filter": "(color \u003d \u0027red\u0027::bpchar)",
                  "Alias": "b",
                  "Node Type": "Seq Scan",
                  "Plan Width": 4,
                  "Startup Cost": 0.0,
                  "Plan Rows": 1000
                }
              ],
              "Parallel Aware": false,
              "Node Type": "Hash",
              "Plan Width": 4,
              "Startup Cost": 62.5,
              "Plan Rows": 1000
            }
          ],
          "Parallel Aware": false,
          "Node Type": "Hash Join",
          "Join Type": "Inner",
          "Plan Width": 4,
          "Startup Cost": 75.0,
          "Hash Cond": "(r.bid \u003d b.bid)",
          "Plan Rows": 5000,
          "Inner Unique": true
        },
        {
          "Parent Relationship": "Inner",
          "Total Cost": 165.0,
          "Plans": [
            {
              "Parent Relationship": "Outer",
              "Total Cost": 165.0,
              "Relation Name": "sailors",
              "Parallel Aware": false,
              "Alias": "s",
              "Node Type": "Seq Scan",
              "Plan Width": 25,
              "Startup Cost": 0.0,
              "Plan Rows": 9000
            }
          ],
          "Parallel Aware": false,
          "Node Type": "Hash",
          "Plan Width": 25,
          "Startup Cost": 165.0,
          "Plan Rows": 9000
        }
      ],
      "Parallel Aware": false,
      "Node Type": "Hash Join",
      "Join Type": "Inner",
      "Plan Width": 29,
      "Startup Cost": 352.5,
      "Hash Cond": "(r.sid \u003d s.sid)",
      "Plan Rows": 5000,
      "Inner Unique": true
    },
    {
      "Parent Relationship": "Inner",
      "Total Cost": 637.05,
      "Plans": [
        {
          "Parent Relationship": "Outer",
          "Total Cost": 637.05,
          "Plans": [
            {
              "Parent Relationship": "Outer",
              "Total Cost": 346.42,
              "Plans": [
                {
                  "Parent Relationship": "Outer",
                  "Total Cost": 231.99,
                  "Relation Name": "reserves",
                  "Parallel Aware": false,
                  "Alias": "r2",
                  "Node Type": "Seq Scan",
                  "Plan Width": 8,
                  "Startup Cost": 0.0,
                  "Plan Rows": 14999
                },
                {
                  "Parent Relationship": "Inner",
                  "Total Cost": 62.5,
                  "Plans": [
                    {
                      "Parent Relationship": "Outer",
                      "Total Cost": 62.5,
                      "Relation Name": "boat",
                      "Parallel Aware": false,
                      "Filter": "(color \u003d \u0027green\u0027::bpchar)",
                      "Alias": "b2",
                      "Node Type": "Seq Scan",
                      "Plan Width": 4,
                      "Startup Cost": 0.0,
                      "Plan Rows": 1000
                    }
                  ],
                  "Parallel Aware": false,
                  "Node Type": "Hash",
                  "Plan Width": 4,
                  "Startup Cost": 62.5,
                  "Plan Rows": 1000
                }
              ],
              "Parallel Aware": false,
              "Node Type": "Hash Join",
              "Join Type": "Inner",
              "Plan Width": 4,
              "Startup Cost": 75.0,
              "Hash Cond": "(r2.bid \u003d b2.bid)",
              "Plan Rows": 5000,
              "Inner Unique": true
            },
            {
              "Parent Relationship": "Inner",
              "Total Cost": 165.0,
              "Plans": [
                {
                  "Parent Relationship": "Outer",
                  "Total Cost": 165.0,
                  "Relation Name": "sailors",
                  "Parallel Aware": false,
                  "Alias": "s2",
                  "Node Type": "Seq Scan",
                  "Plan Width": 4,
                  "Startup Cost": 0.0,
                  "Plan Rows": 9000
                }
              ],
              "Parallel Aware": false,
              "Node Type": "Hash",
              "Plan Width": 4,
              "Startup Cost": 165.0,
              "Plan Rows": 9000
            }
          ],
          "Parallel Aware": false,
          "Node Type": "Hash Join",
          "Join Type": "Inner",
          "Plan Width": 8,
          "Startup Cost": 352.5,
          "Hash Cond": "(r2.sid \u003d s2.sid)",
          "Plan Rows": 5000,
          "Inner Unique": true
        }
      ],
      "Parallel Aware": false,
      "Node Type": "Hash",
      "Plan Width": 8,
      "Startup Cost": 637.05,
      "Plan Rows": 5000
    }
  ],
  "Parallel Aware": false,
  "Node Type": "Hash Join",
  "Join Type": "Semi",
  "Plan Width": 21,
  "Startup Cost": 1052.05,
  "Hash Cond": "(s.sid \u003d s2.sid)",
  "Plan Rows": 2778,
  "Inner Unique": false
}

------------------------------

Indicies Configuration #45:
Index btree on column bid in table reserves
Index btree on column color in table boat
Index hash on column sid in table reserves
Index hash on column bid in table boat

------------------------------

1. The Total Cost of the Plan = 1380.64
2. The Estimated Size of the Result Set = 2778
3. The Plan of the Query:
{
  "Total Cost": 1380.64,
  "Plans": [
    {
      "Parent Relationship": "Outer",
      "Total Cost": 637.05,
      "Plans": [
        {
          "Parent Relationship": "Outer",
          "Total Cost": 346.42,
          "Plans": [
            {
              "Parent Relationship": "Outer",
              "Total Cost": 231.99,
              "Relation Name": "reserves",
              "Parallel Aware": false,
              "Alias": "r",
              "Node Type": "Seq Scan",
              "Plan Width": 8,
              "Startup Cost": 0.0,
              "Plan Rows": 14999
            },
            {
              "Parent Relationship": "Inner",
              "Total Cost": 62.5,
              "Plans": [
                {
                  "Parent Relationship": "Outer",
                  "Total Cost": 62.5,
                  "Relation Name": "boat",
                  "Parallel Aware": false,
                  "Filter": "(color \u003d \u0027red\u0027::bpchar)",
                  "Alias": "b",
                  "Node Type": "Seq Scan",
                  "Plan Width": 4,
                  "Startup Cost": 0.0,
                  "Plan Rows": 1000
                }
              ],
              "Parallel Aware": false,
              "Node Type": "Hash",
              "Plan Width": 4,
              "Startup Cost": 62.5,
              "Plan Rows": 1000
            }
          ],
          "Parallel Aware": false,
          "Node Type": "Hash Join",
          "Join Type": "Inner",
          "Plan Width": 4,
          "Startup Cost": 75.0,
          "Hash Cond": "(r.bid \u003d b.bid)",
          "Plan Rows": 5000,
          "Inner Unique": true
        },
        {
          "Parent Relationship": "Inner",
          "Total Cost": 165.0,
          "Plans": [
            {
              "Parent Relationship": "Outer",
              "Total Cost": 165.0,
              "Relation Name": "sailors",
              "Parallel Aware": false,
              "Alias": "s",
              "Node Type": "Seq Scan",
              "Plan Width": 25,
              "Startup Cost": 0.0,
              "Plan Rows": 9000
            }
          ],
          "Parallel Aware": false,
          "Node Type": "Hash",
          "Plan Width": 25,
          "Startup Cost": 165.0,
          "Plan Rows": 9000
        }
      ],
      "Parallel Aware": false,
      "Node Type": "Hash Join",
      "Join Type": "Inner",
      "Plan Width": 29,
      "Startup Cost": 352.5,
      "Hash Cond": "(r.sid \u003d s.sid)",
      "Plan Rows": 5000,
      "Inner Unique": true
    },
    {
      "Parent Relationship": "Inner",
      "Total Cost": 637.05,
      "Plans": [
        {
          "Parent Relationship": "Outer",
          "Total Cost": 637.05,
          "Plans": [
            {
              "Parent Relationship": "Outer",
              "Total Cost": 346.42,
              "Plans": [
                {
                  "Parent Relationship": "Outer",
                  "Total Cost": 231.99,
                  "Relation Name": "reserves",
                  "Parallel Aware": false,
                  "Alias": "r2",
                  "Node Type": "Seq Scan",
                  "Plan Width": 8,
                  "Startup Cost": 0.0,
                  "Plan Rows": 14999
                },
                {
                  "Parent Relationship": "Inner",
                  "Total Cost": 62.5,
                  "Plans": [
                    {
                      "Parent Relationship": "Outer",
                      "Total Cost": 62.5,
                      "Relation Name": "boat",
                      "Parallel Aware": false,
                      "Filter": "(color \u003d \u0027green\u0027::bpchar)",
                      "Alias": "b2",
                      "Node Type": "Seq Scan",
                      "Plan Width": 4,
                      "Startup Cost": 0.0,
                      "Plan Rows": 1000
                    }
                  ],
                  "Parallel Aware": false,
                  "Node Type": "Hash",
                  "Plan Width": 4,
                  "Startup Cost": 62.5,
                  "Plan Rows": 1000
                }
              ],
              "Parallel Aware": false,
              "Node Type": "Hash Join",
              "Join Type": "Inner",
              "Plan Width": 4,
              "Startup Cost": 75.0,
              "Hash Cond": "(r2.bid \u003d b2.bid)",
              "Plan Rows": 5000,
              "Inner Unique": true
            },
            {
              "Parent Relationship": "Inner",
              "Total Cost": 165.0,
              "Plans": [
                {
                  "Parent Relationship": "Outer",
                  "Total Cost": 165.0,
                  "Relation Name": "sailors",
                  "Parallel Aware": false,
                  "Alias": "s2",
                  "Node Type": "Seq Scan",
                  "Plan Width": 4,
                  "Startup Cost": 0.0,
                  "Plan Rows": 9000
                }
              ],
              "Parallel Aware": false,
              "Node Type": "Hash",
              "Plan Width": 4,
              "Startup Cost": 165.0,
              "Plan Rows": 9000
            }
          ],
          "Parallel Aware": false,
          "Node Type": "Hash Join",
          "Join Type": "Inner",
          "Plan Width": 8,
          "Startup Cost": 352.5,
          "Hash Cond": "(r2.sid \u003d s2.sid)",
          "Plan Rows": 5000,
          "Inner Unique": true
        }
      ],
      "Parallel Aware": false,
      "Node Type": "Hash",
      "Plan Width": 8,
      "Startup Cost": 637.05,
      "Plan Rows": 5000
    }
  ],
  "Parallel Aware": false,
  "Node Type": "Hash Join",
  "Join Type": "Semi",
  "Plan Width": 21,
  "Startup Cost": 1052.05,
  "Hash Cond": "(s.sid \u003d s2.sid)",
  "Plan Rows": 2778,
  "Inner Unique": false
}

------------------------------

Indicies Configuration #46:
Index btree on column bid in table reserves
Index hash on column color in table boat

------------------------------

1. The Total Cost of the Plan = 1380.64
2. The Estimated Size of the Result Set = 2778
3. The Plan of the Query:
{
  "Total Cost": 1380.64,
  "Plans": [
    {
      "Parent Relationship": "Outer",
      "Total Cost": 637.05,
      "Plans": [
        {
          "Parent Relationship": "Outer",
          "Total Cost": 346.42,
          "Plans": [
            {
              "Parent Relationship": "Outer",
              "Total Cost": 231.99,
              "Relation Name": "reserves",
              "Parallel Aware": false,
              "Alias": "r",
              "Node Type": "Seq Scan",
              "Plan Width": 8,
              "Startup Cost": 0.0,
              "Plan Rows": 14999
            },
            {
              "Parent Relationship": "Inner",
              "Total Cost": 62.5,
              "Plans": [
                {
                  "Parent Relationship": "Outer",
                  "Total Cost": 62.5,
                  "Relation Name": "boat",
                  "Parallel Aware": false,
                  "Filter": "(color \u003d \u0027red\u0027::bpchar)",
                  "Alias": "b",
                  "Node Type": "Seq Scan",
                  "Plan Width": 4,
                  "Startup Cost": 0.0,
                  "Plan Rows": 1000
                }
              ],
              "Parallel Aware": false,
              "Node Type": "Hash",
              "Plan Width": 4,
              "Startup Cost": 62.5,
              "Plan Rows": 1000
            }
          ],
          "Parallel Aware": false,
          "Node Type": "Hash Join",
          "Join Type": "Inner",
          "Plan Width": 4,
          "Startup Cost": 75.0,
          "Hash Cond": "(r.bid \u003d b.bid)",
          "Plan Rows": 5000,
          "Inner Unique": true
        },
        {
          "Parent Relationship": "Inner",
          "Total Cost": 165.0,
          "Plans": [
            {
              "Parent Relationship": "Outer",
              "Total Cost": 165.0,
              "Relation Name": "sailors",
              "Parallel Aware": false,
              "Alias": "s",
              "Node Type": "Seq Scan",
              "Plan Width": 25,
              "Startup Cost": 0.0,
              "Plan Rows": 9000
            }
          ],
          "Parallel Aware": false,
          "Node Type": "Hash",
          "Plan Width": 25,
          "Startup Cost": 165.0,
          "Plan Rows": 9000
        }
      ],
      "Parallel Aware": false,
      "Node Type": "Hash Join",
      "Join Type": "Inner",
      "Plan Width": 29,
      "Startup Cost": 352.5,
      "Hash Cond": "(r.sid \u003d s.sid)",
      "Plan Rows": 5000,
      "Inner Unique": true
    },
    {
      "Parent Relationship": "Inner",
      "Total Cost": 637.05,
      "Plans": [
        {
          "Parent Relationship": "Outer",
          "Total Cost": 637.05,
          "Plans": [
            {
              "Parent Relationship": "Outer",
              "Total Cost": 346.42,
              "Plans": [
                {
                  "Parent Relationship": "Outer",
                  "Total Cost": 231.99,
                  "Relation Name": "reserves",
                  "Parallel Aware": false,
                  "Alias": "r2",
                  "Node Type": "Seq Scan",
                  "Plan Width": 8,
                  "Startup Cost": 0.0,
                  "Plan Rows": 14999
                },
                {
                  "Parent Relationship": "Inner",
                  "Total Cost": 62.5,
                  "Plans": [
                    {
                      "Parent Relationship": "Outer",
                      "Total Cost": 62.5,
                      "Relation Name": "boat",
                      "Parallel Aware": false,
                      "Filter": "(color \u003d \u0027green\u0027::bpchar)",
                      "Alias": "b2",
                      "Node Type": "Seq Scan",
                      "Plan Width": 4,
                      "Startup Cost": 0.0,
                      "Plan Rows": 1000
                    }
                  ],
                  "Parallel Aware": false,
                  "Node Type": "Hash",
                  "Plan Width": 4,
                  "Startup Cost": 62.5,
                  "Plan Rows": 1000
                }
              ],
              "Parallel Aware": false,
              "Node Type": "Hash Join",
              "Join Type": "Inner",
              "Plan Width": 4,
              "Startup Cost": 75.0,
              "Hash Cond": "(r2.bid \u003d b2.bid)",
              "Plan Rows": 5000,
              "Inner Unique": true
            },
            {
              "Parent Relationship": "Inner",
              "Total Cost": 165.0,
              "Plans": [
                {
                  "Parent Relationship": "Outer",
                  "Total Cost": 165.0,
                  "Relation Name": "sailors",
                  "Parallel Aware": false,
                  "Alias": "s2",
                  "Node Type": "Seq Scan",
                  "Plan Width": 4,
                  "Startup Cost": 0.0,
                  "Plan Rows": 9000
                }
              ],
              "Parallel Aware": false,
              "Node Type": "Hash",
              "Plan Width": 4,
              "Startup Cost": 165.0,
              "Plan Rows": 9000
            }
          ],
          "Parallel Aware": false,
          "Node Type": "Hash Join",
          "Join Type": "Inner",
          "Plan Width": 8,
          "Startup Cost": 352.5,
          "Hash Cond": "(r2.sid \u003d s2.sid)",
          "Plan Rows": 5000,
          "Inner Unique": true
        }
      ],
      "Parallel Aware": false,
      "Node Type": "Hash",
      "Plan Width": 8,
      "Startup Cost": 637.05,
      "Plan Rows": 5000
    }
  ],
  "Parallel Aware": false,
  "Node Type": "Hash Join",
  "Join Type": "Semi",
  "Plan Width": 21,
  "Startup Cost": 1052.05,
  "Hash Cond": "(s.sid \u003d s2.sid)",
  "Plan Rows": 2778,
  "Inner Unique": false
}

------------------------------

Indicies Configuration #47:
Index btree on column bid in table reserves
Index hash on column color in table boat
Index btree on column bid in table boat

------------------------------

1. The Total Cost of the Plan = 1380.64
2. The Estimated Size of the Result Set = 2778
3. The Plan of the Query:
{
  "Total Cost": 1380.64,
  "Plans": [
    {
      "Parent Relationship": "Outer",
      "Total Cost": 637.05,
      "Plans": [
        {
          "Parent Relationship": "Outer",
          "Total Cost": 346.42,
          "Plans": [
            {
              "Parent Relationship": "Outer",
              "Total Cost": 231.99,
              "Relation Name": "reserves",
              "Parallel Aware": false,
              "Alias": "r",
              "Node Type": "Seq Scan",
              "Plan Width": 8,
              "Startup Cost": 0.0,
              "Plan Rows": 14999
            },
            {
              "Parent Relationship": "Inner",
              "Total Cost": 62.5,
              "Plans": [
                {
                  "Parent Relationship": "Outer",
                  "Total Cost": 62.5,
                  "Relation Name": "boat",
                  "Parallel Aware": false,
                  "Filter": "(color \u003d \u0027red\u0027::bpchar)",
                  "Alias": "b",
                  "Node Type": "Seq Scan",
                  "Plan Width": 4,
                  "Startup Cost": 0.0,
                  "Plan Rows": 1000
                }
              ],
              "Parallel Aware": false,
              "Node Type": "Hash",
              "Plan Width": 4,
              "Startup Cost": 62.5,
              "Plan Rows": 1000
            }
          ],
          "Parallel Aware": false,
          "Node Type": "Hash Join",
          "Join Type": "Inner",
          "Plan Width": 4,
          "Startup Cost": 75.0,
          "Hash Cond": "(r.bid \u003d b.bid)",
          "Plan Rows": 5000,
          "Inner Unique": true
        },
        {
          "Parent Relationship": "Inner",
          "Total Cost": 165.0,
          "Plans": [
            {
              "Parent Relationship": "Outer",
              "Total Cost": 165.0,
              "Relation Name": "sailors",
              "Parallel Aware": false,
              "Alias": "s",
              "Node Type": "Seq Scan",
              "Plan Width": 25,
              "Startup Cost": 0.0,
              "Plan Rows": 9000
            }
          ],
          "Parallel Aware": false,
          "Node Type": "Hash",
          "Plan Width": 25,
          "Startup Cost": 165.0,
          "Plan Rows": 9000
        }
      ],
      "Parallel Aware": false,
      "Node Type": "Hash Join",
      "Join Type": "Inner",
      "Plan Width": 29,
      "Startup Cost": 352.5,
      "Hash Cond": "(r.sid \u003d s.sid)",
      "Plan Rows": 5000,
      "Inner Unique": true
    },
    {
      "Parent Relationship": "Inner",
      "Total Cost": 637.05,
      "Plans": [
        {
          "Parent Relationship": "Outer",
          "Total Cost": 637.05,
          "Plans": [
            {
              "Parent Relationship": "Outer",
              "Total Cost": 346.42,
              "Plans": [
                {
                  "Parent Relationship": "Outer",
                  "Total Cost": 231.99,
                  "Relation Name": "reserves",
                  "Parallel Aware": false,
                  "Alias": "r2",
                  "Node Type": "Seq Scan",
                  "Plan Width": 8,
                  "Startup Cost": 0.0,
                  "Plan Rows": 14999
                },
                {
                  "Parent Relationship": "Inner",
                  "Total Cost": 62.5,
                  "Plans": [
                    {
                      "Parent Relationship": "Outer",
                      "Total Cost": 62.5,
                      "Relation Name": "boat",
                      "Parallel Aware": false,
                      "Filter": "(color \u003d \u0027green\u0027::bpchar)",
                      "Alias": "b2",
                      "Node Type": "Seq Scan",
                      "Plan Width": 4,
                      "Startup Cost": 0.0,
                      "Plan Rows": 1000
                    }
                  ],
                  "Parallel Aware": false,
                  "Node Type": "Hash",
                  "Plan Width": 4,
                  "Startup Cost": 62.5,
                  "Plan Rows": 1000
                }
              ],
              "Parallel Aware": false,
              "Node Type": "Hash Join",
              "Join Type": "Inner",
              "Plan Width": 4,
              "Startup Cost": 75.0,
              "Hash Cond": "(r2.bid \u003d b2.bid)",
              "Plan Rows": 5000,
              "Inner Unique": true
            },
            {
              "Parent Relationship": "Inner",
              "Total Cost": 165.0,
              "Plans": [
                {
                  "Parent Relationship": "Outer",
                  "Total Cost": 165.0,
                  "Relation Name": "sailors",
                  "Parallel Aware": false,
                  "Alias": "s2",
                  "Node Type": "Seq Scan",
                  "Plan Width": 4,
                  "Startup Cost": 0.0,
                  "Plan Rows": 9000
                }
              ],
              "Parallel Aware": false,
              "Node Type": "Hash",
              "Plan Width": 4,
              "Startup Cost": 165.0,
              "Plan Rows": 9000
            }
          ],
          "Parallel Aware": false,
          "Node Type": "Hash Join",
          "Join Type": "Inner",
          "Plan Width": 8,
          "Startup Cost": 352.5,
          "Hash Cond": "(r2.sid \u003d s2.sid)",
          "Plan Rows": 5000,
          "Inner Unique": true
        }
      ],
      "Parallel Aware": false,
      "Node Type": "Hash",
      "Plan Width": 8,
      "Startup Cost": 637.05,
      "Plan Rows": 5000
    }
  ],
  "Parallel Aware": false,
  "Node Type": "Hash Join",
  "Join Type": "Semi",
  "Plan Width": 21,
  "Startup Cost": 1052.05,
  "Hash Cond": "(s.sid \u003d s2.sid)",
  "Plan Rows": 2778,
  "Inner Unique": false
}

------------------------------

Indicies Configuration #48:
Index btree on column bid in table reserves
Index hash on column color in table boat
Index hash on column bid in table boat

------------------------------

1. The Total Cost of the Plan = 1380.64
2. The Estimated Size of the Result Set = 2778
3. The Plan of the Query:
{
  "Total Cost": 1380.64,
  "Plans": [
    {
      "Parent Relationship": "Outer",
      "Total Cost": 637.05,
      "Plans": [
        {
          "Parent Relationship": "Outer",
          "Total Cost": 346.42,
          "Plans": [
            {
              "Parent Relationship": "Outer",
              "Total Cost": 231.99,
              "Relation Name": "reserves",
              "Parallel Aware": false,
              "Alias": "r",
              "Node Type": "Seq Scan",
              "Plan Width": 8,
              "Startup Cost": 0.0,
              "Plan Rows": 14999
            },
            {
              "Parent Relationship": "Inner",
              "Total Cost": 62.5,
              "Plans": [
                {
                  "Parent Relationship": "Outer",
                  "Total Cost": 62.5,
                  "Relation Name": "boat",
                  "Parallel Aware": false,
                  "Filter": "(color \u003d \u0027red\u0027::bpchar)",
                  "Alias": "b",
                  "Node Type": "Seq Scan",
                  "Plan Width": 4,
                  "Startup Cost": 0.0,
                  "Plan Rows": 1000
                }
              ],
              "Parallel Aware": false,
              "Node Type": "Hash",
              "Plan Width": 4,
              "Startup Cost": 62.5,
              "Plan Rows": 1000
            }
          ],
          "Parallel Aware": false,
          "Node Type": "Hash Join",
          "Join Type": "Inner",
          "Plan Width": 4,
          "Startup Cost": 75.0,
          "Hash Cond": "(r.bid \u003d b.bid)",
          "Plan Rows": 5000,
          "Inner Unique": true
        },
        {
          "Parent Relationship": "Inner",
          "Total Cost": 165.0,
          "Plans": [
            {
              "Parent Relationship": "Outer",
              "Total Cost": 165.0,
              "Relation Name": "sailors",
              "Parallel Aware": false,
              "Alias": "s",
              "Node Type": "Seq Scan",
              "Plan Width": 25,
              "Startup Cost": 0.0,
              "Plan Rows": 9000
            }
          ],
          "Parallel Aware": false,
          "Node Type": "Hash",
          "Plan Width": 25,
          "Startup Cost": 165.0,
          "Plan Rows": 9000
        }
      ],
      "Parallel Aware": false,
      "Node Type": "Hash Join",
      "Join Type": "Inner",
      "Plan Width": 29,
      "Startup Cost": 352.5,
      "Hash Cond": "(r.sid \u003d s.sid)",
      "Plan Rows": 5000,
      "Inner Unique": true
    },
    {
      "Parent Relationship": "Inner",
      "Total Cost": 637.05,
      "Plans": [
        {
          "Parent Relationship": "Outer",
          "Total Cost": 637.05,
          "Plans": [
            {
              "Parent Relationship": "Outer",
              "Total Cost": 346.42,
              "Plans": [
                {
                  "Parent Relationship": "Outer",
                  "Total Cost": 231.99,
                  "Relation Name": "reserves",
                  "Parallel Aware": false,
                  "Alias": "r2",
                  "Node Type": "Seq Scan",
                  "Plan Width": 8,
                  "Startup Cost": 0.0,
                  "Plan Rows": 14999
                },
                {
                  "Parent Relationship": "Inner",
                  "Total Cost": 62.5,
                  "Plans": [
                    {
                      "Parent Relationship": "Outer",
                      "Total Cost": 62.5,
                      "Relation Name": "boat",
                      "Parallel Aware": false,
                      "Filter": "(color \u003d \u0027green\u0027::bpchar)",
                      "Alias": "b2",
                      "Node Type": "Seq Scan",
                      "Plan Width": 4,
                      "Startup Cost": 0.0,
                      "Plan Rows": 1000
                    }
                  ],
                  "Parallel Aware": false,
                  "Node Type": "Hash",
                  "Plan Width": 4,
                  "Startup Cost": 62.5,
                  "Plan Rows": 1000
                }
              ],
              "Parallel Aware": false,
              "Node Type": "Hash Join",
              "Join Type": "Inner",
              "Plan Width": 4,
              "Startup Cost": 75.0,
              "Hash Cond": "(r2.bid \u003d b2.bid)",
              "Plan Rows": 5000,
              "Inner Unique": true
            },
            {
              "Parent Relationship": "Inner",
              "Total Cost": 165.0,
              "Plans": [
                {
                  "Parent Relationship": "Outer",
                  "Total Cost": 165.0,
                  "Relation Name": "sailors",
                  "Parallel Aware": false,
                  "Alias": "s2",
                  "Node Type": "Seq Scan",
                  "Plan Width": 4,
                  "Startup Cost": 0.0,
                  "Plan Rows": 9000
                }
              ],
              "Parallel Aware": false,
              "Node Type": "Hash",
              "Plan Width": 4,
              "Startup Cost": 165.0,
              "Plan Rows": 9000
            }
          ],
          "Parallel Aware": false,
          "Node Type": "Hash Join",
          "Join Type": "Inner",
          "Plan Width": 8,
          "Startup Cost": 352.5,
          "Hash Cond": "(r2.sid \u003d s2.sid)",
          "Plan Rows": 5000,
          "Inner Unique": true
        }
      ],
      "Parallel Aware": false,
      "Node Type": "Hash",
      "Plan Width": 8,
      "Startup Cost": 637.05,
      "Plan Rows": 5000
    }
  ],
  "Parallel Aware": false,
  "Node Type": "Hash Join",
  "Join Type": "Semi",
  "Plan Width": 21,
  "Startup Cost": 1052.05,
  "Hash Cond": "(s.sid \u003d s2.sid)",
  "Plan Rows": 2778,
  "Inner Unique": false
}

------------------------------

Indicies Configuration #49:
Index btree on column bid in table reserves
Index hash on column color in table boat
Index btree on column sid in table reserves

------------------------------

1. The Total Cost of the Plan = 1380.64
2. The Estimated Size of the Result Set = 2778
3. The Plan of the Query:
{
  "Total Cost": 1380.64,
  "Plans": [
    {
      "Parent Relationship": "Outer",
      "Total Cost": 637.05,
      "Plans": [
        {
          "Parent Relationship": "Outer",
          "Total Cost": 346.42,
          "Plans": [
            {
              "Parent Relationship": "Outer",
              "Total Cost": 231.99,
              "Relation Name": "reserves",
              "Parallel Aware": false,
              "Alias": "r",
              "Node Type": "Seq Scan",
              "Plan Width": 8,
              "Startup Cost": 0.0,
              "Plan Rows": 14999
            },
            {
              "Parent Relationship": "Inner",
              "Total Cost": 62.5,
              "Plans": [
                {
                  "Parent Relationship": "Outer",
                  "Total Cost": 62.5,
                  "Relation Name": "boat",
                  "Parallel Aware": false,
                  "Filter": "(color \u003d \u0027red\u0027::bpchar)",
                  "Alias": "b",
                  "Node Type": "Seq Scan",
                  "Plan Width": 4,
                  "Startup Cost": 0.0,
                  "Plan Rows": 1000
                }
              ],
              "Parallel Aware": false,
              "Node Type": "Hash",
              "Plan Width": 4,
              "Startup Cost": 62.5,
              "Plan Rows": 1000
            }
          ],
          "Parallel Aware": false,
          "Node Type": "Hash Join",
          "Join Type": "Inner",
          "Plan Width": 4,
          "Startup Cost": 75.0,
          "Hash Cond": "(r.bid \u003d b.bid)",
          "Plan Rows": 5000,
          "Inner Unique": true
        },
        {
          "Parent Relationship": "Inner",
          "Total Cost": 165.0,
          "Plans": [
            {
              "Parent Relationship": "Outer",
              "Total Cost": 165.0,
              "Relation Name": "sailors",
              "Parallel Aware": false,
              "Alias": "s",
              "Node Type": "Seq Scan",
              "Plan Width": 25,
              "Startup Cost": 0.0,
              "Plan Rows": 9000
            }
          ],
          "Parallel Aware": false,
          "Node Type": "Hash",
          "Plan Width": 25,
          "Startup Cost": 165.0,
          "Plan Rows": 9000
        }
      ],
      "Parallel Aware": false,
      "Node Type": "Hash Join",
      "Join Type": "Inner",
      "Plan Width": 29,
      "Startup Cost": 352.5,
      "Hash Cond": "(r.sid \u003d s.sid)",
      "Plan Rows": 5000,
      "Inner Unique": true
    },
    {
      "Parent Relationship": "Inner",
      "Total Cost": 637.05,
      "Plans": [
        {
          "Parent Relationship": "Outer",
          "Total Cost": 637.05,
          "Plans": [
            {
              "Parent Relationship": "Outer",
              "Total Cost": 346.42,
              "Plans": [
                {
                  "Parent Relationship": "Outer",
                  "Total Cost": 231.99,
                  "Relation Name": "reserves",
                  "Parallel Aware": false,
                  "Alias": "r2",
                  "Node Type": "Seq Scan",
                  "Plan Width": 8,
                  "Startup Cost": 0.0,
                  "Plan Rows": 14999
                },
                {
                  "Parent Relationship": "Inner",
                  "Total Cost": 62.5,
                  "Plans": [
                    {
                      "Parent Relationship": "Outer",
                      "Total Cost": 62.5,
                      "Relation Name": "boat",
                      "Parallel Aware": false,
                      "Filter": "(color \u003d \u0027green\u0027::bpchar)",
                      "Alias": "b2",
                      "Node Type": "Seq Scan",
                      "Plan Width": 4,
                      "Startup Cost": 0.0,
                      "Plan Rows": 1000
                    }
                  ],
                  "Parallel Aware": false,
                  "Node Type": "Hash",
                  "Plan Width": 4,
                  "Startup Cost": 62.5,
                  "Plan Rows": 1000
                }
              ],
              "Parallel Aware": false,
              "Node Type": "Hash Join",
              "Join Type": "Inner",
              "Plan Width": 4,
              "Startup Cost": 75.0,
              "Hash Cond": "(r2.bid \u003d b2.bid)",
              "Plan Rows": 5000,
              "Inner Unique": true
            },
            {
              "Parent Relationship": "Inner",
              "Total Cost": 165.0,
              "Plans": [
                {
                  "Parent Relationship": "Outer",
                  "Total Cost": 165.0,
                  "Relation Name": "sailors",
                  "Parallel Aware": false,
                  "Alias": "s2",
                  "Node Type": "Seq Scan",
                  "Plan Width": 4,
                  "Startup Cost": 0.0,
                  "Plan Rows": 9000
                }
              ],
              "Parallel Aware": false,
              "Node Type": "Hash",
              "Plan Width": 4,
              "Startup Cost": 165.0,
              "Plan Rows": 9000
            }
          ],
          "Parallel Aware": false,
          "Node Type": "Hash Join",
          "Join Type": "Inner",
          "Plan Width": 8,
          "Startup Cost": 352.5,
          "Hash Cond": "(r2.sid \u003d s2.sid)",
          "Plan Rows": 5000,
          "Inner Unique": true
        }
      ],
      "Parallel Aware": false,
      "Node Type": "Hash",
      "Plan Width": 8,
      "Startup Cost": 637.05,
      "Plan Rows": 5000
    }
  ],
  "Parallel Aware": false,
  "Node Type": "Hash Join",
  "Join Type": "Semi",
  "Plan Width": 21,
  "Startup Cost": 1052.05,
  "Hash Cond": "(s.sid \u003d s2.sid)",
  "Plan Rows": 2778,
  "Inner Unique": false
}

------------------------------

Indicies Configuration #50:
Index btree on column bid in table reserves
Index hash on column color in table boat
Index btree on column sid in table reserves
Index btree on column bid in table boat

------------------------------

1. The Total Cost of the Plan = 1380.64
2. The Estimated Size of the Result Set = 2778
3. The Plan of the Query:
{
  "Total Cost": 1380.64,
  "Plans": [
    {
      "Parent Relationship": "Outer",
      "Total Cost": 637.05,
      "Plans": [
        {
          "Parent Relationship": "Outer",
          "Total Cost": 346.42,
          "Plans": [
            {
              "Parent Relationship": "Outer",
              "Total Cost": 231.99,
              "Relation Name": "reserves",
              "Parallel Aware": false,
              "Alias": "r",
              "Node Type": "Seq Scan",
              "Plan Width": 8,
              "Startup Cost": 0.0,
              "Plan Rows": 14999
            },
            {
              "Parent Relationship": "Inner",
              "Total Cost": 62.5,
              "Plans": [
                {
                  "Parent Relationship": "Outer",
                  "Total Cost": 62.5,
                  "Relation Name": "boat",
                  "Parallel Aware": false,
                  "Filter": "(color \u003d \u0027red\u0027::bpchar)",
                  "Alias": "b",
                  "Node Type": "Seq Scan",
                  "Plan Width": 4,
                  "Startup Cost": 0.0,
                  "Plan Rows": 1000
                }
              ],
              "Parallel Aware": false,
              "Node Type": "Hash",
              "Plan Width": 4,
              "Startup Cost": 62.5,
              "Plan Rows": 1000
            }
          ],
          "Parallel Aware": false,
          "Node Type": "Hash Join",
          "Join Type": "Inner",
          "Plan Width": 4,
          "Startup Cost": 75.0,
          "Hash Cond": "(r.bid \u003d b.bid)",
          "Plan Rows": 5000,
          "Inner Unique": true
        },
        {
          "Parent Relationship": "Inner",
          "Total Cost": 165.0,
          "Plans": [
            {
              "Parent Relationship": "Outer",
              "Total Cost": 165.0,
              "Relation Name": "sailors",
              "Parallel Aware": false,
              "Alias": "s",
              "Node Type": "Seq Scan",
              "Plan Width": 25,
              "Startup Cost": 0.0,
              "Plan Rows": 9000
            }
          ],
          "Parallel Aware": false,
          "Node Type": "Hash",
          "Plan Width": 25,
          "Startup Cost": 165.0,
          "Plan Rows": 9000
        }
      ],
      "Parallel Aware": false,
      "Node Type": "Hash Join",
      "Join Type": "Inner",
      "Plan Width": 29,
      "Startup Cost": 352.5,
      "Hash Cond": "(r.sid \u003d s.sid)",
      "Plan Rows": 5000,
      "Inner Unique": true
    },
    {
      "Parent Relationship": "Inner",
      "Total Cost": 637.05,
      "Plans": [
        {
          "Parent Relationship": "Outer",
          "Total Cost": 637.05,
          "Plans": [
            {
              "Parent Relationship": "Outer",
              "Total Cost": 346.42,
              "Plans": [
                {
                  "Parent Relationship": "Outer",
                  "Total Cost": 231.99,
                  "Relation Name": "reserves",
                  "Parallel Aware": false,
                  "Alias": "r2",
                  "Node Type": "Seq Scan",
                  "Plan Width": 8,
                  "Startup Cost": 0.0,
                  "Plan Rows": 14999
                },
                {
                  "Parent Relationship": "Inner",
                  "Total Cost": 62.5,
                  "Plans": [
                    {
                      "Parent Relationship": "Outer",
                      "Total Cost": 62.5,
                      "Relation Name": "boat",
                      "Parallel Aware": false,
                      "Filter": "(color \u003d \u0027green\u0027::bpchar)",
                      "Alias": "b2",
                      "Node Type": "Seq Scan",
                      "Plan Width": 4,
                      "Startup Cost": 0.0,
                      "Plan Rows": 1000
                    }
                  ],
                  "Parallel Aware": false,
                  "Node Type": "Hash",
                  "Plan Width": 4,
                  "Startup Cost": 62.5,
                  "Plan Rows": 1000
                }
              ],
              "Parallel Aware": false,
              "Node Type": "Hash Join",
              "Join Type": "Inner",
              "Plan Width": 4,
              "Startup Cost": 75.0,
              "Hash Cond": "(r2.bid \u003d b2.bid)",
              "Plan Rows": 5000,
              "Inner Unique": true
            },
            {
              "Parent Relationship": "Inner",
              "Total Cost": 165.0,
              "Plans": [
                {
                  "Parent Relationship": "Outer",
                  "Total Cost": 165.0,
                  "Relation Name": "sailors",
                  "Parallel Aware": false,
                  "Alias": "s2",
                  "Node Type": "Seq Scan",
                  "Plan Width": 4,
                  "Startup Cost": 0.0,
                  "Plan Rows": 9000
                }
              ],
              "Parallel Aware": false,
              "Node Type": "Hash",
              "Plan Width": 4,
              "Startup Cost": 165.0,
              "Plan Rows": 9000
            }
          ],
          "Parallel Aware": false,
          "Node Type": "Hash Join",
          "Join Type": "Inner",
          "Plan Width": 8,
          "Startup Cost": 352.5,
          "Hash Cond": "(r2.sid \u003d s2.sid)",
          "Plan Rows": 5000,
          "Inner Unique": true
        }
      ],
      "Parallel Aware": false,
      "Node Type": "Hash",
      "Plan Width": 8,
      "Startup Cost": 637.05,
      "Plan Rows": 5000
    }
  ],
  "Parallel Aware": false,
  "Node Type": "Hash Join",
  "Join Type": "Semi",
  "Plan Width": 21,
  "Startup Cost": 1052.05,
  "Hash Cond": "(s.sid \u003d s2.sid)",
  "Plan Rows": 2778,
  "Inner Unique": false
}

------------------------------

Indicies Configuration #51:
Index btree on column bid in table reserves
Index hash on column color in table boat
Index btree on column sid in table reserves
Index hash on column bid in table boat

------------------------------

1. The Total Cost of the Plan = 1380.64
2. The Estimated Size of the Result Set = 2778
3. The Plan of the Query:
{
  "Total Cost": 1380.64,
  "Plans": [
    {
      "Parent Relationship": "Outer",
      "Total Cost": 637.05,
      "Plans": [
        {
          "Parent Relationship": "Outer",
          "Total Cost": 346.42,
          "Plans": [
            {
              "Parent Relationship": "Outer",
              "Total Cost": 231.99,
              "Relation Name": "reserves",
              "Parallel Aware": false,
              "Alias": "r",
              "Node Type": "Seq Scan",
              "Plan Width": 8,
              "Startup Cost": 0.0,
              "Plan Rows": 14999
            },
            {
              "Parent Relationship": "Inner",
              "Total Cost": 62.5,
              "Plans": [
                {
                  "Parent Relationship": "Outer",
                  "Total Cost": 62.5,
                  "Relation Name": "boat",
                  "Parallel Aware": false,
                  "Filter": "(color \u003d \u0027red\u0027::bpchar)",
                  "Alias": "b",
                  "Node Type": "Seq Scan",
                  "Plan Width": 4,
                  "Startup Cost": 0.0,
                  "Plan Rows": 1000
                }
              ],
              "Parallel Aware": false,
              "Node Type": "Hash",
              "Plan Width": 4,
              "Startup Cost": 62.5,
              "Plan Rows": 1000
            }
          ],
          "Parallel Aware": false,
          "Node Type": "Hash Join",
          "Join Type": "Inner",
          "Plan Width": 4,
          "Startup Cost": 75.0,
          "Hash Cond": "(r.bid \u003d b.bid)",
          "Plan Rows": 5000,
          "Inner Unique": true
        },
        {
          "Parent Relationship": "Inner",
          "Total Cost": 165.0,
          "Plans": [
            {
              "Parent Relationship": "Outer",
              "Total Cost": 165.0,
              "Relation Name": "sailors",
              "Parallel Aware": false,
              "Alias": "s",
              "Node Type": "Seq Scan",
              "Plan Width": 25,
              "Startup Cost": 0.0,
              "Plan Rows": 9000
            }
          ],
          "Parallel Aware": false,
          "Node Type": "Hash",
          "Plan Width": 25,
          "Startup Cost": 165.0,
          "Plan Rows": 9000
        }
      ],
      "Parallel Aware": false,
      "Node Type": "Hash Join",
      "Join Type": "Inner",
      "Plan Width": 29,
      "Startup Cost": 352.5,
      "Hash Cond": "(r.sid \u003d s.sid)",
      "Plan Rows": 5000,
      "Inner Unique": true
    },
    {
      "Parent Relationship": "Inner",
      "Total Cost": 637.05,
      "Plans": [
        {
          "Parent Relationship": "Outer",
          "Total Cost": 637.05,
          "Plans": [
            {
              "Parent Relationship": "Outer",
              "Total Cost": 346.42,
              "Plans": [
                {
                  "Parent Relationship": "Outer",
                  "Total Cost": 231.99,
                  "Relation Name": "reserves",
                  "Parallel Aware": false,
                  "Alias": "r2",
                  "Node Type": "Seq Scan",
                  "Plan Width": 8,
                  "Startup Cost": 0.0,
                  "Plan Rows": 14999
                },
                {
                  "Parent Relationship": "Inner",
                  "Total Cost": 62.5,
                  "Plans": [
                    {
                      "Parent Relationship": "Outer",
                      "Total Cost": 62.5,
                      "Relation Name": "boat",
                      "Parallel Aware": false,
                      "Filter": "(color \u003d \u0027green\u0027::bpchar)",
                      "Alias": "b2",
                      "Node Type": "Seq Scan",
                      "Plan Width": 4,
                      "Startup Cost": 0.0,
                      "Plan Rows": 1000
                    }
                  ],
                  "Parallel Aware": false,
                  "Node Type": "Hash",
                  "Plan Width": 4,
                  "Startup Cost": 62.5,
                  "Plan Rows": 1000
                }
              ],
              "Parallel Aware": false,
              "Node Type": "Hash Join",
              "Join Type": "Inner",
              "Plan Width": 4,
              "Startup Cost": 75.0,
              "Hash Cond": "(r2.bid \u003d b2.bid)",
              "Plan Rows": 5000,
              "Inner Unique": true
            },
            {
              "Parent Relationship": "Inner",
              "Total Cost": 165.0,
              "Plans": [
                {
                  "Parent Relationship": "Outer",
                  "Total Cost": 165.0,
                  "Relation Name": "sailors",
                  "Parallel Aware": false,
                  "Alias": "s2",
                  "Node Type": "Seq Scan",
                  "Plan Width": 4,
                  "Startup Cost": 0.0,
                  "Plan Rows": 9000
                }
              ],
              "Parallel Aware": false,
              "Node Type": "Hash",
              "Plan Width": 4,
              "Startup Cost": 165.0,
              "Plan Rows": 9000
            }
          ],
          "Parallel Aware": false,
          "Node Type": "Hash Join",
          "Join Type": "Inner",
          "Plan Width": 8,
          "Startup Cost": 352.5,
          "Hash Cond": "(r2.sid \u003d s2.sid)",
          "Plan Rows": 5000,
          "Inner Unique": true
        }
      ],
      "Parallel Aware": false,
      "Node Type": "Hash",
      "Plan Width": 8,
      "Startup Cost": 637.05,
      "Plan Rows": 5000
    }
  ],
  "Parallel Aware": false,
  "Node Type": "Hash Join",
  "Join Type": "Semi",
  "Plan Width": 21,
  "Startup Cost": 1052.05,
  "Hash Cond": "(s.sid \u003d s2.sid)",
  "Plan Rows": 2778,
  "Inner Unique": false
}

------------------------------

Indicies Configuration #52:
Index btree on column bid in table reserves
Index hash on column color in table boat
Index hash on column sid in table reserves

------------------------------

1. The Total Cost of the Plan = 1380.64
2. The Estimated Size of the Result Set = 2778
3. The Plan of the Query:
{
  "Total Cost": 1380.64,
  "Plans": [
    {
      "Parent Relationship": "Outer",
      "Total Cost": 637.05,
      "Plans": [
        {
          "Parent Relationship": "Outer",
          "Total Cost": 346.42,
          "Plans": [
            {
              "Parent Relationship": "Outer",
              "Total Cost": 231.99,
              "Relation Name": "reserves",
              "Parallel Aware": false,
              "Alias": "r",
              "Node Type": "Seq Scan",
              "Plan Width": 8,
              "Startup Cost": 0.0,
              "Plan Rows": 14999
            },
            {
              "Parent Relationship": "Inner",
              "Total Cost": 62.5,
              "Plans": [
                {
                  "Parent Relationship": "Outer",
                  "Total Cost": 62.5,
                  "Relation Name": "boat",
                  "Parallel Aware": false,
                  "Filter": "(color \u003d \u0027red\u0027::bpchar)",
                  "Alias": "b",
                  "Node Type": "Seq Scan",
                  "Plan Width": 4,
                  "Startup Cost": 0.0,
                  "Plan Rows": 1000
                }
              ],
              "Parallel Aware": false,
              "Node Type": "Hash",
              "Plan Width": 4,
              "Startup Cost": 62.5,
              "Plan Rows": 1000
            }
          ],
          "Parallel Aware": false,
          "Node Type": "Hash Join",
          "Join Type": "Inner",
          "Plan Width": 4,
          "Startup Cost": 75.0,
          "Hash Cond": "(r.bid \u003d b.bid)",
          "Plan Rows": 5000,
          "Inner Unique": true
        },
        {
          "Parent Relationship": "Inner",
          "Total Cost": 165.0,
          "Plans": [
            {
              "Parent Relationship": "Outer",
              "Total Cost": 165.0,
              "Relation Name": "sailors",
              "Parallel Aware": false,
              "Alias": "s",
              "Node Type": "Seq Scan",
              "Plan Width": 25,
              "Startup Cost": 0.0,
              "Plan Rows": 9000
            }
          ],
          "Parallel Aware": false,
          "Node Type": "Hash",
          "Plan Width": 25,
          "Startup Cost": 165.0,
          "Plan Rows": 9000
        }
      ],
      "Parallel Aware": false,
      "Node Type": "Hash Join",
      "Join Type": "Inner",
      "Plan Width": 29,
      "Startup Cost": 352.5,
      "Hash Cond": "(r.sid \u003d s.sid)",
      "Plan Rows": 5000,
      "Inner Unique": true
    },
    {
      "Parent Relationship": "Inner",
      "Total Cost": 637.05,
      "Plans": [
        {
          "Parent Relationship": "Outer",
          "Total Cost": 637.05,
          "Plans": [
            {
              "Parent Relationship": "Outer",
              "Total Cost": 346.42,
              "Plans": [
                {
                  "Parent Relationship": "Outer",
                  "Total Cost": 231.99,
                  "Relation Name": "reserves",
                  "Parallel Aware": false,
                  "Alias": "r2",
                  "Node Type": "Seq Scan",
                  "Plan Width": 8,
                  "Startup Cost": 0.0,
                  "Plan Rows": 14999
                },
                {
                  "Parent Relationship": "Inner",
                  "Total Cost": 62.5,
                  "Plans": [
                    {
                      "Parent Relationship": "Outer",
                      "Total Cost": 62.5,
                      "Relation Name": "boat",
                      "Parallel Aware": false,
                      "Filter": "(color \u003d \u0027green\u0027::bpchar)",
                      "Alias": "b2",
                      "Node Type": "Seq Scan",
                      "Plan Width": 4,
                      "Startup Cost": 0.0,
                      "Plan Rows": 1000
                    }
                  ],
                  "Parallel Aware": false,
                  "Node Type": "Hash",
                  "Plan Width": 4,
                  "Startup Cost": 62.5,
                  "Plan Rows": 1000
                }
              ],
              "Parallel Aware": false,
              "Node Type": "Hash Join",
              "Join Type": "Inner",
              "Plan Width": 4,
              "Startup Cost": 75.0,
              "Hash Cond": "(r2.bid \u003d b2.bid)",
              "Plan Rows": 5000,
              "Inner Unique": true
            },
            {
              "Parent Relationship": "Inner",
              "Total Cost": 165.0,
              "Plans": [
                {
                  "Parent Relationship": "Outer",
                  "Total Cost": 165.0,
                  "Relation Name": "sailors",
                  "Parallel Aware": false,
                  "Alias": "s2",
                  "Node Type": "Seq Scan",
                  "Plan Width": 4,
                  "Startup Cost": 0.0,
                  "Plan Rows": 9000
                }
              ],
              "Parallel Aware": false,
              "Node Type": "Hash",
              "Plan Width": 4,
              "Startup Cost": 165.0,
              "Plan Rows": 9000
            }
          ],
          "Parallel Aware": false,
          "Node Type": "Hash Join",
          "Join Type": "Inner",
          "Plan Width": 8,
          "Startup Cost": 352.5,
          "Hash Cond": "(r2.sid \u003d s2.sid)",
          "Plan Rows": 5000,
          "Inner Unique": true
        }
      ],
      "Parallel Aware": false,
      "Node Type": "Hash",
      "Plan Width": 8,
      "Startup Cost": 637.05,
      "Plan Rows": 5000
    }
  ],
  "Parallel Aware": false,
  "Node Type": "Hash Join",
  "Join Type": "Semi",
  "Plan Width": 21,
  "Startup Cost": 1052.05,
  "Hash Cond": "(s.sid \u003d s2.sid)",
  "Plan Rows": 2778,
  "Inner Unique": false
}

------------------------------

Indicies Configuration #53:
Index btree on column bid in table reserves
Index hash on column color in table boat
Index hash on column sid in table reserves
Index btree on column bid in table boat

------------------------------

1. The Total Cost of the Plan = 1380.64
2. The Estimated Size of the Result Set = 2778
3. The Plan of the Query:
{
  "Total Cost": 1380.64,
  "Plans": [
    {
      "Parent Relationship": "Outer",
      "Total Cost": 637.05,
      "Plans": [
        {
          "Parent Relationship": "Outer",
          "Total Cost": 346.42,
          "Plans": [
            {
              "Parent Relationship": "Outer",
              "Total Cost": 231.99,
              "Relation Name": "reserves",
              "Parallel Aware": false,
              "Alias": "r",
              "Node Type": "Seq Scan",
              "Plan Width": 8,
              "Startup Cost": 0.0,
              "Plan Rows": 14999
            },
            {
              "Parent Relationship": "Inner",
              "Total Cost": 62.5,
              "Plans": [
                {
                  "Parent Relationship": "Outer",
                  "Total Cost": 62.5,
                  "Relation Name": "boat",
                  "Parallel Aware": false,
                  "Filter": "(color \u003d \u0027red\u0027::bpchar)",
                  "Alias": "b",
                  "Node Type": "Seq Scan",
                  "Plan Width": 4,
                  "Startup Cost": 0.0,
                  "Plan Rows": 1000
                }
              ],
              "Parallel Aware": false,
              "Node Type": "Hash",
              "Plan Width": 4,
              "Startup Cost": 62.5,
              "Plan Rows": 1000
            }
          ],
          "Parallel Aware": false,
          "Node Type": "Hash Join",
          "Join Type": "Inner",
          "Plan Width": 4,
          "Startup Cost": 75.0,
          "Hash Cond": "(r.bid \u003d b.bid)",
          "Plan Rows": 5000,
          "Inner Unique": true
        },
        {
          "Parent Relationship": "Inner",
          "Total Cost": 165.0,
          "Plans": [
            {
              "Parent Relationship": "Outer",
              "Total Cost": 165.0,
              "Relation Name": "sailors",
              "Parallel Aware": false,
              "Alias": "s",
              "Node Type": "Seq Scan",
              "Plan Width": 25,
              "Startup Cost": 0.0,
              "Plan Rows": 9000
            }
          ],
          "Parallel Aware": false,
          "Node Type": "Hash",
          "Plan Width": 25,
          "Startup Cost": 165.0,
          "Plan Rows": 9000
        }
      ],
      "Parallel Aware": false,
      "Node Type": "Hash Join",
      "Join Type": "Inner",
      "Plan Width": 29,
      "Startup Cost": 352.5,
      "Hash Cond": "(r.sid \u003d s.sid)",
      "Plan Rows": 5000,
      "Inner Unique": true
    },
    {
      "Parent Relationship": "Inner",
      "Total Cost": 637.05,
      "Plans": [
        {
          "Parent Relationship": "Outer",
          "Total Cost": 637.05,
          "Plans": [
            {
              "Parent Relationship": "Outer",
              "Total Cost": 346.42,
              "Plans": [
                {
                  "Parent Relationship": "Outer",
                  "Total Cost": 231.99,
                  "Relation Name": "reserves",
                  "Parallel Aware": false,
                  "Alias": "r2",
                  "Node Type": "Seq Scan",
                  "Plan Width": 8,
                  "Startup Cost": 0.0,
                  "Plan Rows": 14999
                },
                {
                  "Parent Relationship": "Inner",
                  "Total Cost": 62.5,
                  "Plans": [
                    {
                      "Parent Relationship": "Outer",
                      "Total Cost": 62.5,
                      "Relation Name": "boat",
                      "Parallel Aware": false,
                      "Filter": "(color \u003d \u0027green\u0027::bpchar)",
                      "Alias": "b2",
                      "Node Type": "Seq Scan",
                      "Plan Width": 4,
                      "Startup Cost": 0.0,
                      "Plan Rows": 1000
                    }
                  ],
                  "Parallel Aware": false,
                  "Node Type": "Hash",
                  "Plan Width": 4,
                  "Startup Cost": 62.5,
                  "Plan Rows": 1000
                }
              ],
              "Parallel Aware": false,
              "Node Type": "Hash Join",
              "Join Type": "Inner",
              "Plan Width": 4,
              "Startup Cost": 75.0,
              "Hash Cond": "(r2.bid \u003d b2.bid)",
              "Plan Rows": 5000,
              "Inner Unique": true
            },
            {
              "Parent Relationship": "Inner",
              "Total Cost": 165.0,
              "Plans": [
                {
                  "Parent Relationship": "Outer",
                  "Total Cost": 165.0,
                  "Relation Name": "sailors",
                  "Parallel Aware": false,
                  "Alias": "s2",
                  "Node Type": "Seq Scan",
                  "Plan Width": 4,
                  "Startup Cost": 0.0,
                  "Plan Rows": 9000
                }
              ],
              "Parallel Aware": false,
              "Node Type": "Hash",
              "Plan Width": 4,
              "Startup Cost": 165.0,
              "Plan Rows": 9000
            }
          ],
          "Parallel Aware": false,
          "Node Type": "Hash Join",
          "Join Type": "Inner",
          "Plan Width": 8,
          "Startup Cost": 352.5,
          "Hash Cond": "(r2.sid \u003d s2.sid)",
          "Plan Rows": 5000,
          "Inner Unique": true
        }
      ],
      "Parallel Aware": false,
      "Node Type": "Hash",
      "Plan Width": 8,
      "Startup Cost": 637.05,
      "Plan Rows": 5000
    }
  ],
  "Parallel Aware": false,
  "Node Type": "Hash Join",
  "Join Type": "Semi",
  "Plan Width": 21,
  "Startup Cost": 1052.05,
  "Hash Cond": "(s.sid \u003d s2.sid)",
  "Plan Rows": 2778,
  "Inner Unique": false
}

------------------------------

Indicies Configuration #54:
Index btree on column bid in table reserves
Index hash on column color in table boat
Index hash on column sid in table reserves
Index hash on column bid in table boat

------------------------------

1. The Total Cost of the Plan = 1380.64
2. The Estimated Size of the Result Set = 2778
3. The Plan of the Query:
{
  "Total Cost": 1380.64,
  "Plans": [
    {
      "Parent Relationship": "Outer",
      "Total Cost": 637.05,
      "Plans": [
        {
          "Parent Relationship": "Outer",
          "Total Cost": 346.42,
          "Plans": [
            {
              "Parent Relationship": "Outer",
              "Total Cost": 231.99,
              "Relation Name": "reserves",
              "Parallel Aware": false,
              "Alias": "r",
              "Node Type": "Seq Scan",
              "Plan Width": 8,
              "Startup Cost": 0.0,
              "Plan Rows": 14999
            },
            {
              "Parent Relationship": "Inner",
              "Total Cost": 62.5,
              "Plans": [
                {
                  "Parent Relationship": "Outer",
                  "Total Cost": 62.5,
                  "Relation Name": "boat",
                  "Parallel Aware": false,
                  "Filter": "(color \u003d \u0027red\u0027::bpchar)",
                  "Alias": "b",
                  "Node Type": "Seq Scan",
                  "Plan Width": 4,
                  "Startup Cost": 0.0,
                  "Plan Rows": 1000
                }
              ],
              "Parallel Aware": false,
              "Node Type": "Hash",
              "Plan Width": 4,
              "Startup Cost": 62.5,
              "Plan Rows": 1000
            }
          ],
          "Parallel Aware": false,
          "Node Type": "Hash Join",
          "Join Type": "Inner",
          "Plan Width": 4,
          "Startup Cost": 75.0,
          "Hash Cond": "(r.bid \u003d b.bid)",
          "Plan Rows": 5000,
          "Inner Unique": true
        },
        {
          "Parent Relationship": "Inner",
          "Total Cost": 165.0,
          "Plans": [
            {
              "Parent Relationship": "Outer",
              "Total Cost": 165.0,
              "Relation Name": "sailors",
              "Parallel Aware": false,
              "Alias": "s",
              "Node Type": "Seq Scan",
              "Plan Width": 25,
              "Startup Cost": 0.0,
              "Plan Rows": 9000
            }
          ],
          "Parallel Aware": false,
          "Node Type": "Hash",
          "Plan Width": 25,
          "Startup Cost": 165.0,
          "Plan Rows": 9000
        }
      ],
      "Parallel Aware": false,
      "Node Type": "Hash Join",
      "Join Type": "Inner",
      "Plan Width": 29,
      "Startup Cost": 352.5,
      "Hash Cond": "(r.sid \u003d s.sid)",
      "Plan Rows": 5000,
      "Inner Unique": true
    },
    {
      "Parent Relationship": "Inner",
      "Total Cost": 637.05,
      "Plans": [
        {
          "Parent Relationship": "Outer",
          "Total Cost": 637.05,
          "Plans": [
            {
              "Parent Relationship": "Outer",
              "Total Cost": 346.42,
              "Plans": [
                {
                  "Parent Relationship": "Outer",
                  "Total Cost": 231.99,
                  "Relation Name": "reserves",
                  "Parallel Aware": false,
                  "Alias": "r2",
                  "Node Type": "Seq Scan",
                  "Plan Width": 8,
                  "Startup Cost": 0.0,
                  "Plan Rows": 14999
                },
                {
                  "Parent Relationship": "Inner",
                  "Total Cost": 62.5,
                  "Plans": [
                    {
                      "Parent Relationship": "Outer",
                      "Total Cost": 62.5,
                      "Relation Name": "boat",
                      "Parallel Aware": false,
                      "Filter": "(color \u003d \u0027green\u0027::bpchar)",
                      "Alias": "b2",
                      "Node Type": "Seq Scan",
                      "Plan Width": 4,
                      "Startup Cost": 0.0,
                      "Plan Rows": 1000
                    }
                  ],
                  "Parallel Aware": false,
                  "Node Type": "Hash",
                  "Plan Width": 4,
                  "Startup Cost": 62.5,
                  "Plan Rows": 1000
                }
              ],
              "Parallel Aware": false,
              "Node Type": "Hash Join",
              "Join Type": "Inner",
              "Plan Width": 4,
              "Startup Cost": 75.0,
              "Hash Cond": "(r2.bid \u003d b2.bid)",
              "Plan Rows": 5000,
              "Inner Unique": true
            },
            {
              "Parent Relationship": "Inner",
              "Total Cost": 165.0,
              "Plans": [
                {
                  "Parent Relationship": "Outer",
                  "Total Cost": 165.0,
                  "Relation Name": "sailors",
                  "Parallel Aware": false,
                  "Alias": "s2",
                  "Node Type": "Seq Scan",
                  "Plan Width": 4,
                  "Startup Cost": 0.0,
                  "Plan Rows": 9000
                }
              ],
              "Parallel Aware": false,
              "Node Type": "Hash",
              "Plan Width": 4,
              "Startup Cost": 165.0,
              "Plan Rows": 9000
            }
          ],
          "Parallel Aware": false,
          "Node Type": "Hash Join",
          "Join Type": "Inner",
          "Plan Width": 8,
          "Startup Cost": 352.5,
          "Hash Cond": "(r2.sid \u003d s2.sid)",
          "Plan Rows": 5000,
          "Inner Unique": true
        }
      ],
      "Parallel Aware": false,
      "Node Type": "Hash",
      "Plan Width": 8,
      "Startup Cost": 637.05,
      "Plan Rows": 5000
    }
  ],
  "Parallel Aware": false,
  "Node Type": "Hash Join",
  "Join Type": "Semi",
  "Plan Width": 21,
  "Startup Cost": 1052.05,
  "Hash Cond": "(s.sid \u003d s2.sid)",
  "Plan Rows": 2778,
  "Inner Unique": false
}

------------------------------

Indicies Configuration #55:
Index hash on column bid in table reserves

------------------------------

1. The Total Cost of the Plan = 1380.64
2. The Estimated Size of the Result Set = 2778
3. The Plan of the Query:
{
  "Total Cost": 1380.64,
  "Plans": [
    {
      "Parent Relationship": "Outer",
      "Total Cost": 637.05,
      "Plans": [
        {
          "Parent Relationship": "Outer",
          "Total Cost": 346.42,
          "Plans": [
            {
              "Parent Relationship": "Outer",
              "Total Cost": 231.99,
              "Relation Name": "reserves",
              "Parallel Aware": false,
              "Alias": "r",
              "Node Type": "Seq Scan",
              "Plan Width": 8,
              "Startup Cost": 0.0,
              "Plan Rows": 14999
            },
            {
              "Parent Relationship": "Inner",
              "Total Cost": 62.5,
              "Plans": [
                {
                  "Parent Relationship": "Outer",
                  "Total Cost": 62.5,
                  "Relation Name": "boat",
                  "Parallel Aware": false,
                  "Filter": "(color \u003d \u0027red\u0027::bpchar)",
                  "Alias": "b",
                  "Node Type": "Seq Scan",
                  "Plan Width": 4,
                  "Startup Cost": 0.0,
                  "Plan Rows": 1000
                }
              ],
              "Parallel Aware": false,
              "Node Type": "Hash",
              "Plan Width": 4,
              "Startup Cost": 62.5,
              "Plan Rows": 1000
            }
          ],
          "Parallel Aware": false,
          "Node Type": "Hash Join",
          "Join Type": "Inner",
          "Plan Width": 4,
          "Startup Cost": 75.0,
          "Hash Cond": "(r.bid \u003d b.bid)",
          "Plan Rows": 5000,
          "Inner Unique": true
        },
        {
          "Parent Relationship": "Inner",
          "Total Cost": 165.0,
          "Plans": [
            {
              "Parent Relationship": "Outer",
              "Total Cost": 165.0,
              "Relation Name": "sailors",
              "Parallel Aware": false,
              "Alias": "s",
              "Node Type": "Seq Scan",
              "Plan Width": 25,
              "Startup Cost": 0.0,
              "Plan Rows": 9000
            }
          ],
          "Parallel Aware": false,
          "Node Type": "Hash",
          "Plan Width": 25,
          "Startup Cost": 165.0,
          "Plan Rows": 9000
        }
      ],
      "Parallel Aware": false,
      "Node Type": "Hash Join",
      "Join Type": "Inner",
      "Plan Width": 29,
      "Startup Cost": 352.5,
      "Hash Cond": "(r.sid \u003d s.sid)",
      "Plan Rows": 5000,
      "Inner Unique": true
    },
    {
      "Parent Relationship": "Inner",
      "Total Cost": 637.05,
      "Plans": [
        {
          "Parent Relationship": "Outer",
          "Total Cost": 637.05,
          "Plans": [
            {
              "Parent Relationship": "Outer",
              "Total Cost": 346.42,
              "Plans": [
                {
                  "Parent Relationship": "Outer",
                  "Total Cost": 231.99,
                  "Relation Name": "reserves",
                  "Parallel Aware": false,
                  "Alias": "r2",
                  "Node Type": "Seq Scan",
                  "Plan Width": 8,
                  "Startup Cost": 0.0,
                  "Plan Rows": 14999
                },
                {
                  "Parent Relationship": "Inner",
                  "Total Cost": 62.5,
                  "Plans": [
                    {
                      "Parent Relationship": "Outer",
                      "Total Cost": 62.5,
                      "Relation Name": "boat",
                      "Parallel Aware": false,
                      "Filter": "(color \u003d \u0027green\u0027::bpchar)",
                      "Alias": "b2",
                      "Node Type": "Seq Scan",
                      "Plan Width": 4,
                      "Startup Cost": 0.0,
                      "Plan Rows": 1000
                    }
                  ],
                  "Parallel Aware": false,
                  "Node Type": "Hash",
                  "Plan Width": 4,
                  "Startup Cost": 62.5,
                  "Plan Rows": 1000
                }
              ],
              "Parallel Aware": false,
              "Node Type": "Hash Join",
              "Join Type": "Inner",
              "Plan Width": 4,
              "Startup Cost": 75.0,
              "Hash Cond": "(r2.bid \u003d b2.bid)",
              "Plan Rows": 5000,
              "Inner Unique": true
            },
            {
              "Parent Relationship": "Inner",
              "Total Cost": 165.0,
              "Plans": [
                {
                  "Parent Relationship": "Outer",
                  "Total Cost": 165.0,
                  "Relation Name": "sailors",
                  "Parallel Aware": false,
                  "Alias": "s2",
                  "Node Type": "Seq Scan",
                  "Plan Width": 4,
                  "Startup Cost": 0.0,
                  "Plan Rows": 9000
                }
              ],
              "Parallel Aware": false,
              "Node Type": "Hash",
              "Plan Width": 4,
              "Startup Cost": 165.0,
              "Plan Rows": 9000
            }
          ],
          "Parallel Aware": false,
          "Node Type": "Hash Join",
          "Join Type": "Inner",
          "Plan Width": 8,
          "Startup Cost": 352.5,
          "Hash Cond": "(r2.sid \u003d s2.sid)",
          "Plan Rows": 5000,
          "Inner Unique": true
        }
      ],
      "Parallel Aware": false,
      "Node Type": "Hash",
      "Plan Width": 8,
      "Startup Cost": 637.05,
      "Plan Rows": 5000
    }
  ],
  "Parallel Aware": false,
  "Node Type": "Hash Join",
  "Join Type": "Semi",
  "Plan Width": 21,
  "Startup Cost": 1052.05,
  "Hash Cond": "(s.sid \u003d s2.sid)",
  "Plan Rows": 2778,
  "Inner Unique": false
}

------------------------------

Indicies Configuration #56:
Index hash on column bid in table reserves
Index btree on column bid in table boat

------------------------------

1. The Total Cost of the Plan = 1380.64
2. The Estimated Size of the Result Set = 2778
3. The Plan of the Query:
{
  "Total Cost": 1380.64,
  "Plans": [
    {
      "Parent Relationship": "Outer",
      "Total Cost": 637.05,
      "Plans": [
        {
          "Parent Relationship": "Outer",
          "Total Cost": 346.42,
          "Plans": [
            {
              "Parent Relationship": "Outer",
              "Total Cost": 231.99,
              "Relation Name": "reserves",
              "Parallel Aware": false,
              "Alias": "r",
              "Node Type": "Seq Scan",
              "Plan Width": 8,
              "Startup Cost": 0.0,
              "Plan Rows": 14999
            },
            {
              "Parent Relationship": "Inner",
              "Total Cost": 62.5,
              "Plans": [
                {
                  "Parent Relationship": "Outer",
                  "Total Cost": 62.5,
                  "Relation Name": "boat",
                  "Parallel Aware": false,
                  "Filter": "(color \u003d \u0027red\u0027::bpchar)",
                  "Alias": "b",
                  "Node Type": "Seq Scan",
                  "Plan Width": 4,
                  "Startup Cost": 0.0,
                  "Plan Rows": 1000
                }
              ],
              "Parallel Aware": false,
              "Node Type": "Hash",
              "Plan Width": 4,
              "Startup Cost": 62.5,
              "Plan Rows": 1000
            }
          ],
          "Parallel Aware": false,
          "Node Type": "Hash Join",
          "Join Type": "Inner",
          "Plan Width": 4,
          "Startup Cost": 75.0,
          "Hash Cond": "(r.bid \u003d b.bid)",
          "Plan Rows": 5000,
          "Inner Unique": true
        },
        {
          "Parent Relationship": "Inner",
          "Total Cost": 165.0,
          "Plans": [
            {
              "Parent Relationship": "Outer",
              "Total Cost": 165.0,
              "Relation Name": "sailors",
              "Parallel Aware": false,
              "Alias": "s",
              "Node Type": "Seq Scan",
              "Plan Width": 25,
              "Startup Cost": 0.0,
              "Plan Rows": 9000
            }
          ],
          "Parallel Aware": false,
          "Node Type": "Hash",
          "Plan Width": 25,
          "Startup Cost": 165.0,
          "Plan Rows": 9000
        }
      ],
      "Parallel Aware": false,
      "Node Type": "Hash Join",
      "Join Type": "Inner",
      "Plan Width": 29,
      "Startup Cost": 352.5,
      "Hash Cond": "(r.sid \u003d s.sid)",
      "Plan Rows": 5000,
      "Inner Unique": true
    },
    {
      "Parent Relationship": "Inner",
      "Total Cost": 637.05,
      "Plans": [
        {
          "Parent Relationship": "Outer",
          "Total Cost": 637.05,
          "Plans": [
            {
              "Parent Relationship": "Outer",
              "Total Cost": 346.42,
              "Plans": [
                {
                  "Parent Relationship": "Outer",
                  "Total Cost": 231.99,
                  "Relation Name": "reserves",
                  "Parallel Aware": false,
                  "Alias": "r2",
                  "Node Type": "Seq Scan",
                  "Plan Width": 8,
                  "Startup Cost": 0.0,
                  "Plan Rows": 14999
                },
                {
                  "Parent Relationship": "Inner",
                  "Total Cost": 62.5,
                  "Plans": [
                    {
                      "Parent Relationship": "Outer",
                      "Total Cost": 62.5,
                      "Relation Name": "boat",
                      "Parallel Aware": false,
                      "Filter": "(color \u003d \u0027green\u0027::bpchar)",
                      "Alias": "b2",
                      "Node Type": "Seq Scan",
                      "Plan Width": 4,
                      "Startup Cost": 0.0,
                      "Plan Rows": 1000
                    }
                  ],
                  "Parallel Aware": false,
                  "Node Type": "Hash",
                  "Plan Width": 4,
                  "Startup Cost": 62.5,
                  "Plan Rows": 1000
                }
              ],
              "Parallel Aware": false,
              "Node Type": "Hash Join",
              "Join Type": "Inner",
              "Plan Width": 4,
              "Startup Cost": 75.0,
              "Hash Cond": "(r2.bid \u003d b2.bid)",
              "Plan Rows": 5000,
              "Inner Unique": true
            },
            {
              "Parent Relationship": "Inner",
              "Total Cost": 165.0,
              "Plans": [
                {
                  "Parent Relationship": "Outer",
                  "Total Cost": 165.0,
                  "Relation Name": "sailors",
                  "Parallel Aware": false,
                  "Alias": "s2",
                  "Node Type": "Seq Scan",
                  "Plan Width": 4,
                  "Startup Cost": 0.0,
                  "Plan Rows": 9000
                }
              ],
              "Parallel Aware": false,
              "Node Type": "Hash",
              "Plan Width": 4,
              "Startup Cost": 165.0,
              "Plan Rows": 9000
            }
          ],
          "Parallel Aware": false,
          "Node Type": "Hash Join",
          "Join Type": "Inner",
          "Plan Width": 8,
          "Startup Cost": 352.5,
          "Hash Cond": "(r2.sid \u003d s2.sid)",
          "Plan Rows": 5000,
          "Inner Unique": true
        }
      ],
      "Parallel Aware": false,
      "Node Type": "Hash",
      "Plan Width": 8,
      "Startup Cost": 637.05,
      "Plan Rows": 5000
    }
  ],
  "Parallel Aware": false,
  "Node Type": "Hash Join",
  "Join Type": "Semi",
  "Plan Width": 21,
  "Startup Cost": 1052.05,
  "Hash Cond": "(s.sid \u003d s2.sid)",
  "Plan Rows": 2778,
  "Inner Unique": false
}

------------------------------

Indicies Configuration #57:
Index hash on column bid in table reserves
Index hash on column bid in table boat

------------------------------

1. The Total Cost of the Plan = 1380.64
2. The Estimated Size of the Result Set = 2778
3. The Plan of the Query:
{
  "Total Cost": 1380.64,
  "Plans": [
    {
      "Parent Relationship": "Outer",
      "Total Cost": 637.05,
      "Plans": [
        {
          "Parent Relationship": "Outer",
          "Total Cost": 346.42,
          "Plans": [
            {
              "Parent Relationship": "Outer",
              "Total Cost": 231.99,
              "Relation Name": "reserves",
              "Parallel Aware": false,
              "Alias": "r",
              "Node Type": "Seq Scan",
              "Plan Width": 8,
              "Startup Cost": 0.0,
              "Plan Rows": 14999
            },
            {
              "Parent Relationship": "Inner",
              "Total Cost": 62.5,
              "Plans": [
                {
                  "Parent Relationship": "Outer",
                  "Total Cost": 62.5,
                  "Relation Name": "boat",
                  "Parallel Aware": false,
                  "Filter": "(color \u003d \u0027red\u0027::bpchar)",
                  "Alias": "b",
                  "Node Type": "Seq Scan",
                  "Plan Width": 4,
                  "Startup Cost": 0.0,
                  "Plan Rows": 1000
                }
              ],
              "Parallel Aware": false,
              "Node Type": "Hash",
              "Plan Width": 4,
              "Startup Cost": 62.5,
              "Plan Rows": 1000
            }
          ],
          "Parallel Aware": false,
          "Node Type": "Hash Join",
          "Join Type": "Inner",
          "Plan Width": 4,
          "Startup Cost": 75.0,
          "Hash Cond": "(r.bid \u003d b.bid)",
          "Plan Rows": 5000,
          "Inner Unique": true
        },
        {
          "Parent Relationship": "Inner",
          "Total Cost": 165.0,
          "Plans": [
            {
              "Parent Relationship": "Outer",
              "Total Cost": 165.0,
              "Relation Name": "sailors",
              "Parallel Aware": false,
              "Alias": "s",
              "Node Type": "Seq Scan",
              "Plan Width": 25,
              "Startup Cost": 0.0,
              "Plan Rows": 9000
            }
          ],
          "Parallel Aware": false,
          "Node Type": "Hash",
          "Plan Width": 25,
          "Startup Cost": 165.0,
          "Plan Rows": 9000
        }
      ],
      "Parallel Aware": false,
      "Node Type": "Hash Join",
      "Join Type": "Inner",
      "Plan Width": 29,
      "Startup Cost": 352.5,
      "Hash Cond": "(r.sid \u003d s.sid)",
      "Plan Rows": 5000,
      "Inner Unique": true
    },
    {
      "Parent Relationship": "Inner",
      "Total Cost": 637.05,
      "Plans": [
        {
          "Parent Relationship": "Outer",
          "Total Cost": 637.05,
          "Plans": [
            {
              "Parent Relationship": "Outer",
              "Total Cost": 346.42,
              "Plans": [
                {
                  "Parent Relationship": "Outer",
                  "Total Cost": 231.99,
                  "Relation Name": "reserves",
                  "Parallel Aware": false,
                  "Alias": "r2",
                  "Node Type": "Seq Scan",
                  "Plan Width": 8,
                  "Startup Cost": 0.0,
                  "Plan Rows": 14999
                },
                {
                  "Parent Relationship": "Inner",
                  "Total Cost": 62.5,
                  "Plans": [
                    {
                      "Parent Relationship": "Outer",
                      "Total Cost": 62.5,
                      "Relation Name": "boat",
                      "Parallel Aware": false,
                      "Filter": "(color \u003d \u0027green\u0027::bpchar)",
                      "Alias": "b2",
                      "Node Type": "Seq Scan",
                      "Plan Width": 4,
                      "Startup Cost": 0.0,
                      "Plan Rows": 1000
                    }
                  ],
                  "Parallel Aware": false,
                  "Node Type": "Hash",
                  "Plan Width": 4,
                  "Startup Cost": 62.5,
                  "Plan Rows": 1000
                }
              ],
              "Parallel Aware": false,
              "Node Type": "Hash Join",
              "Join Type": "Inner",
              "Plan Width": 4,
              "Startup Cost": 75.0,
              "Hash Cond": "(r2.bid \u003d b2.bid)",
              "Plan Rows": 5000,
              "Inner Unique": true
            },
            {
              "Parent Relationship": "Inner",
              "Total Cost": 165.0,
              "Plans": [
                {
                  "Parent Relationship": "Outer",
                  "Total Cost": 165.0,
                  "Relation Name": "sailors",
                  "Parallel Aware": false,
                  "Alias": "s2",
                  "Node Type": "Seq Scan",
                  "Plan Width": 4,
                  "Startup Cost": 0.0,
                  "Plan Rows": 9000
                }
              ],
              "Parallel Aware": false,
              "Node Type": "Hash",
              "Plan Width": 4,
              "Startup Cost": 165.0,
              "Plan Rows": 9000
            }
          ],
          "Parallel Aware": false,
          "Node Type": "Hash Join",
          "Join Type": "Inner",
          "Plan Width": 8,
          "Startup Cost": 352.5,
          "Hash Cond": "(r2.sid \u003d s2.sid)",
          "Plan Rows": 5000,
          "Inner Unique": true
        }
      ],
      "Parallel Aware": false,
      "Node Type": "Hash",
      "Plan Width": 8,
      "Startup Cost": 637.05,
      "Plan Rows": 5000
    }
  ],
  "Parallel Aware": false,
  "Node Type": "Hash Join",
  "Join Type": "Semi",
  "Plan Width": 21,
  "Startup Cost": 1052.05,
  "Hash Cond": "(s.sid \u003d s2.sid)",
  "Plan Rows": 2778,
  "Inner Unique": false
}

------------------------------

Indicies Configuration #58:
Index hash on column bid in table reserves
Index btree on column sid in table reserves

------------------------------

1. The Total Cost of the Plan = 1380.64
2. The Estimated Size of the Result Set = 2778
3. The Plan of the Query:
{
  "Total Cost": 1380.64,
  "Plans": [
    {
      "Parent Relationship": "Outer",
      "Total Cost": 637.05,
      "Plans": [
        {
          "Parent Relationship": "Outer",
          "Total Cost": 346.42,
          "Plans": [
            {
              "Parent Relationship": "Outer",
              "Total Cost": 231.99,
              "Relation Name": "reserves",
              "Parallel Aware": false,
              "Alias": "r",
              "Node Type": "Seq Scan",
              "Plan Width": 8,
              "Startup Cost": 0.0,
              "Plan Rows": 14999
            },
            {
              "Parent Relationship": "Inner",
              "Total Cost": 62.5,
              "Plans": [
                {
                  "Parent Relationship": "Outer",
                  "Total Cost": 62.5,
                  "Relation Name": "boat",
                  "Parallel Aware": false,
                  "Filter": "(color \u003d \u0027red\u0027::bpchar)",
                  "Alias": "b",
                  "Node Type": "Seq Scan",
                  "Plan Width": 4,
                  "Startup Cost": 0.0,
                  "Plan Rows": 1000
                }
              ],
              "Parallel Aware": false,
              "Node Type": "Hash",
              "Plan Width": 4,
              "Startup Cost": 62.5,
              "Plan Rows": 1000
            }
          ],
          "Parallel Aware": false,
          "Node Type": "Hash Join",
          "Join Type": "Inner",
          "Plan Width": 4,
          "Startup Cost": 75.0,
          "Hash Cond": "(r.bid \u003d b.bid)",
          "Plan Rows": 5000,
          "Inner Unique": true
        },
        {
          "Parent Relationship": "Inner",
          "Total Cost": 165.0,
          "Plans": [
            {
              "Parent Relationship": "Outer",
              "Total Cost": 165.0,
              "Relation Name": "sailors",
              "Parallel Aware": false,
              "Alias": "s",
              "Node Type": "Seq Scan",
              "Plan Width": 25,
              "Startup Cost": 0.0,
              "Plan Rows": 9000
            }
          ],
          "Parallel Aware": false,
          "Node Type": "Hash",
          "Plan Width": 25,
          "Startup Cost": 165.0,
          "Plan Rows": 9000
        }
      ],
      "Parallel Aware": false,
      "Node Type": "Hash Join",
      "Join Type": "Inner",
      "Plan Width": 29,
      "Startup Cost": 352.5,
      "Hash Cond": "(r.sid \u003d s.sid)",
      "Plan Rows": 5000,
      "Inner Unique": true
    },
    {
      "Parent Relationship": "Inner",
      "Total Cost": 637.05,
      "Plans": [
        {
          "Parent Relationship": "Outer",
          "Total Cost": 637.05,
          "Plans": [
            {
              "Parent Relationship": "Outer",
              "Total Cost": 346.42,
              "Plans": [
                {
                  "Parent Relationship": "Outer",
                  "Total Cost": 231.99,
                  "Relation Name": "reserves",
                  "Parallel Aware": false,
                  "Alias": "r2",
                  "Node Type": "Seq Scan",
                  "Plan Width": 8,
                  "Startup Cost": 0.0,
                  "Plan Rows": 14999
                },
                {
                  "Parent Relationship": "Inner",
                  "Total Cost": 62.5,
                  "Plans": [
                    {
                      "Parent Relationship": "Outer",
                      "Total Cost": 62.5,
                      "Relation Name": "boat",
                      "Parallel Aware": false,
                      "Filter": "(color \u003d \u0027green\u0027::bpchar)",
                      "Alias": "b2",
                      "Node Type": "Seq Scan",
                      "Plan Width": 4,
                      "Startup Cost": 0.0,
                      "Plan Rows": 1000
                    }
                  ],
                  "Parallel Aware": false,
                  "Node Type": "Hash",
                  "Plan Width": 4,
                  "Startup Cost": 62.5,
                  "Plan Rows": 1000
                }
              ],
              "Parallel Aware": false,
              "Node Type": "Hash Join",
              "Join Type": "Inner",
              "Plan Width": 4,
              "Startup Cost": 75.0,
              "Hash Cond": "(r2.bid \u003d b2.bid)",
              "Plan Rows": 5000,
              "Inner Unique": true
            },
            {
              "Parent Relationship": "Inner",
              "Total Cost": 165.0,
              "Plans": [
                {
                  "Parent Relationship": "Outer",
                  "Total Cost": 165.0,
                  "Relation Name": "sailors",
                  "Parallel Aware": false,
                  "Alias": "s2",
                  "Node Type": "Seq Scan",
                  "Plan Width": 4,
                  "Startup Cost": 0.0,
                  "Plan Rows": 9000
                }
              ],
              "Parallel Aware": false,
              "Node Type": "Hash",
              "Plan Width": 4,
              "Startup Cost": 165.0,
              "Plan Rows": 9000
            }
          ],
          "Parallel Aware": false,
          "Node Type": "Hash Join",
          "Join Type": "Inner",
          "Plan Width": 8,
          "Startup Cost": 352.5,
          "Hash Cond": "(r2.sid \u003d s2.sid)",
          "Plan Rows": 5000,
          "Inner Unique": true
        }
      ],
      "Parallel Aware": false,
      "Node Type": "Hash",
      "Plan Width": 8,
      "Startup Cost": 637.05,
      "Plan Rows": 5000
    }
  ],
  "Parallel Aware": false,
  "Node Type": "Hash Join",
  "Join Type": "Semi",
  "Plan Width": 21,
  "Startup Cost": 1052.05,
  "Hash Cond": "(s.sid \u003d s2.sid)",
  "Plan Rows": 2778,
  "Inner Unique": false
}

------------------------------

Indicies Configuration #59:
Index hash on column bid in table reserves
Index btree on column sid in table reserves
Index btree on column bid in table boat

------------------------------

1. The Total Cost of the Plan = 1380.64
2. The Estimated Size of the Result Set = 2778
3. The Plan of the Query:
{
  "Total Cost": 1380.64,
  "Plans": [
    {
      "Parent Relationship": "Outer",
      "Total Cost": 637.05,
      "Plans": [
        {
          "Parent Relationship": "Outer",
          "Total Cost": 346.42,
          "Plans": [
            {
              "Parent Relationship": "Outer",
              "Total Cost": 231.99,
              "Relation Name": "reserves",
              "Parallel Aware": false,
              "Alias": "r",
              "Node Type": "Seq Scan",
              "Plan Width": 8,
              "Startup Cost": 0.0,
              "Plan Rows": 14999
            },
            {
              "Parent Relationship": "Inner",
              "Total Cost": 62.5,
              "Plans": [
                {
                  "Parent Relationship": "Outer",
                  "Total Cost": 62.5,
                  "Relation Name": "boat",
                  "Parallel Aware": false,
                  "Filter": "(color \u003d \u0027red\u0027::bpchar)",
                  "Alias": "b",
                  "Node Type": "Seq Scan",
                  "Plan Width": 4,
                  "Startup Cost": 0.0,
                  "Plan Rows": 1000
                }
              ],
              "Parallel Aware": false,
              "Node Type": "Hash",
              "Plan Width": 4,
              "Startup Cost": 62.5,
              "Plan Rows": 1000
            }
          ],
          "Parallel Aware": false,
          "Node Type": "Hash Join",
          "Join Type": "Inner",
          "Plan Width": 4,
          "Startup Cost": 75.0,
          "Hash Cond": "(r.bid \u003d b.bid)",
          "Plan Rows": 5000,
          "Inner Unique": true
        },
        {
          "Parent Relationship": "Inner",
          "Total Cost": 165.0,
          "Plans": [
            {
              "Parent Relationship": "Outer",
              "Total Cost": 165.0,
              "Relation Name": "sailors",
              "Parallel Aware": false,
              "Alias": "s",
              "Node Type": "Seq Scan",
              "Plan Width": 25,
              "Startup Cost": 0.0,
              "Plan Rows": 9000
            }
          ],
          "Parallel Aware": false,
          "Node Type": "Hash",
          "Plan Width": 25,
          "Startup Cost": 165.0,
          "Plan Rows": 9000
        }
      ],
      "Parallel Aware": false,
      "Node Type": "Hash Join",
      "Join Type": "Inner",
      "Plan Width": 29,
      "Startup Cost": 352.5,
      "Hash Cond": "(r.sid \u003d s.sid)",
      "Plan Rows": 5000,
      "Inner Unique": true
    },
    {
      "Parent Relationship": "Inner",
      "Total Cost": 637.05,
      "Plans": [
        {
          "Parent Relationship": "Outer",
          "Total Cost": 637.05,
          "Plans": [
            {
              "Parent Relationship": "Outer",
              "Total Cost": 346.42,
              "Plans": [
                {
                  "Parent Relationship": "Outer",
                  "Total Cost": 231.99,
                  "Relation Name": "reserves",
                  "Parallel Aware": false,
                  "Alias": "r2",
                  "Node Type": "Seq Scan",
                  "Plan Width": 8,
                  "Startup Cost": 0.0,
                  "Plan Rows": 14999
                },
                {
                  "Parent Relationship": "Inner",
                  "Total Cost": 62.5,
                  "Plans": [
                    {
                      "Parent Relationship": "Outer",
                      "Total Cost": 62.5,
                      "Relation Name": "boat",
                      "Parallel Aware": false,
                      "Filter": "(color \u003d \u0027green\u0027::bpchar)",
                      "Alias": "b2",
                      "Node Type": "Seq Scan",
                      "Plan Width": 4,
                      "Startup Cost": 0.0,
                      "Plan Rows": 1000
                    }
                  ],
                  "Parallel Aware": false,
                  "Node Type": "Hash",
                  "Plan Width": 4,
                  "Startup Cost": 62.5,
                  "Plan Rows": 1000
                }
              ],
              "Parallel Aware": false,
              "Node Type": "Hash Join",
              "Join Type": "Inner",
              "Plan Width": 4,
              "Startup Cost": 75.0,
              "Hash Cond": "(r2.bid \u003d b2.bid)",
              "Plan Rows": 5000,
              "Inner Unique": true
            },
            {
              "Parent Relationship": "Inner",
              "Total Cost": 165.0,
              "Plans": [
                {
                  "Parent Relationship": "Outer",
                  "Total Cost": 165.0,
                  "Relation Name": "sailors",
                  "Parallel Aware": false,
                  "Alias": "s2",
                  "Node Type": "Seq Scan",
                  "Plan Width": 4,
                  "Startup Cost": 0.0,
                  "Plan Rows": 9000
                }
              ],
              "Parallel Aware": false,
              "Node Type": "Hash",
              "Plan Width": 4,
              "Startup Cost": 165.0,
              "Plan Rows": 9000
            }
          ],
          "Parallel Aware": false,
          "Node Type": "Hash Join",
          "Join Type": "Inner",
          "Plan Width": 8,
          "Startup Cost": 352.5,
          "Hash Cond": "(r2.sid \u003d s2.sid)",
          "Plan Rows": 5000,
          "Inner Unique": true
        }
      ],
      "Parallel Aware": false,
      "Node Type": "Hash",
      "Plan Width": 8,
      "Startup Cost": 637.05,
      "Plan Rows": 5000
    }
  ],
  "Parallel Aware": false,
  "Node Type": "Hash Join",
  "Join Type": "Semi",
  "Plan Width": 21,
  "Startup Cost": 1052.05,
  "Hash Cond": "(s.sid \u003d s2.sid)",
  "Plan Rows": 2778,
  "Inner Unique": false
}

------------------------------

Indicies Configuration #60:
Index hash on column bid in table reserves
Index btree on column sid in table reserves
Index hash on column bid in table boat

------------------------------

1. The Total Cost of the Plan = 1380.64
2. The Estimated Size of the Result Set = 2778
3. The Plan of the Query:
{
  "Total Cost": 1380.64,
  "Plans": [
    {
      "Parent Relationship": "Outer",
      "Total Cost": 637.05,
      "Plans": [
        {
          "Parent Relationship": "Outer",
          "Total Cost": 346.42,
          "Plans": [
            {
              "Parent Relationship": "Outer",
              "Total Cost": 231.99,
              "Relation Name": "reserves",
              "Parallel Aware": false,
              "Alias": "r",
              "Node Type": "Seq Scan",
              "Plan Width": 8,
              "Startup Cost": 0.0,
              "Plan Rows": 14999
            },
            {
              "Parent Relationship": "Inner",
              "Total Cost": 62.5,
              "Plans": [
                {
                  "Parent Relationship": "Outer",
                  "Total Cost": 62.5,
                  "Relation Name": "boat",
                  "Parallel Aware": false,
                  "Filter": "(color \u003d \u0027red\u0027::bpchar)",
                  "Alias": "b",
                  "Node Type": "Seq Scan",
                  "Plan Width": 4,
                  "Startup Cost": 0.0,
                  "Plan Rows": 1000
                }
              ],
              "Parallel Aware": false,
              "Node Type": "Hash",
              "Plan Width": 4,
              "Startup Cost": 62.5,
              "Plan Rows": 1000
            }
          ],
          "Parallel Aware": false,
          "Node Type": "Hash Join",
          "Join Type": "Inner",
          "Plan Width": 4,
          "Startup Cost": 75.0,
          "Hash Cond": "(r.bid \u003d b.bid)",
          "Plan Rows": 5000,
          "Inner Unique": true
        },
        {
          "Parent Relationship": "Inner",
          "Total Cost": 165.0,
          "Plans": [
            {
              "Parent Relationship": "Outer",
              "Total Cost": 165.0,
              "Relation Name": "sailors",
              "Parallel Aware": false,
              "Alias": "s",
              "Node Type": "Seq Scan",
              "Plan Width": 25,
              "Startup Cost": 0.0,
              "Plan Rows": 9000
            }
          ],
          "Parallel Aware": false,
          "Node Type": "Hash",
          "Plan Width": 25,
          "Startup Cost": 165.0,
          "Plan Rows": 9000
        }
      ],
      "Parallel Aware": false,
      "Node Type": "Hash Join",
      "Join Type": "Inner",
      "Plan Width": 29,
      "Startup Cost": 352.5,
      "Hash Cond": "(r.sid \u003d s.sid)",
      "Plan Rows": 5000,
      "Inner Unique": true
    },
    {
      "Parent Relationship": "Inner",
      "Total Cost": 637.05,
      "Plans": [
        {
          "Parent Relationship": "Outer",
          "Total Cost": 637.05,
          "Plans": [
            {
              "Parent Relationship": "Outer",
              "Total Cost": 346.42,
              "Plans": [
                {
                  "Parent Relationship": "Outer",
                  "Total Cost": 231.99,
                  "Relation Name": "reserves",
                  "Parallel Aware": false,
                  "Alias": "r2",
                  "Node Type": "Seq Scan",
                  "Plan Width": 8,
                  "Startup Cost": 0.0,
                  "Plan Rows": 14999
                },
                {
                  "Parent Relationship": "Inner",
                  "Total Cost": 62.5,
                  "Plans": [
                    {
                      "Parent Relationship": "Outer",
                      "Total Cost": 62.5,
                      "Relation Name": "boat",
                      "Parallel Aware": false,
                      "Filter": "(color \u003d \u0027green\u0027::bpchar)",
                      "Alias": "b2",
                      "Node Type": "Seq Scan",
                      "Plan Width": 4,
                      "Startup Cost": 0.0,
                      "Plan Rows": 1000
                    }
                  ],
                  "Parallel Aware": false,
                  "Node Type": "Hash",
                  "Plan Width": 4,
                  "Startup Cost": 62.5,
                  "Plan Rows": 1000
                }
              ],
              "Parallel Aware": false,
              "Node Type": "Hash Join",
              "Join Type": "Inner",
              "Plan Width": 4,
              "Startup Cost": 75.0,
              "Hash Cond": "(r2.bid \u003d b2.bid)",
              "Plan Rows": 5000,
              "Inner Unique": true
            },
            {
              "Parent Relationship": "Inner",
              "Total Cost": 165.0,
              "Plans": [
                {
                  "Parent Relationship": "Outer",
                  "Total Cost": 165.0,
                  "Relation Name": "sailors",
                  "Parallel Aware": false,
                  "Alias": "s2",
                  "Node Type": "Seq Scan",
                  "Plan Width": 4,
                  "Startup Cost": 0.0,
                  "Plan Rows": 9000
                }
              ],
              "Parallel Aware": false,
              "Node Type": "Hash",
              "Plan Width": 4,
              "Startup Cost": 165.0,
              "Plan Rows": 9000
            }
          ],
          "Parallel Aware": false,
          "Node Type": "Hash Join",
          "Join Type": "Inner",
          "Plan Width": 8,
          "Startup Cost": 352.5,
          "Hash Cond": "(r2.sid \u003d s2.sid)",
          "Plan Rows": 5000,
          "Inner Unique": true
        }
      ],
      "Parallel Aware": false,
      "Node Type": "Hash",
      "Plan Width": 8,
      "Startup Cost": 637.05,
      "Plan Rows": 5000
    }
  ],
  "Parallel Aware": false,
  "Node Type": "Hash Join",
  "Join Type": "Semi",
  "Plan Width": 21,
  "Startup Cost": 1052.05,
  "Hash Cond": "(s.sid \u003d s2.sid)",
  "Plan Rows": 2778,
  "Inner Unique": false
}

------------------------------

Indicies Configuration #61:
Index hash on column bid in table reserves
Index hash on column sid in table reserves

------------------------------

1. The Total Cost of the Plan = 1380.64
2. The Estimated Size of the Result Set = 2778
3. The Plan of the Query:
{
  "Total Cost": 1380.64,
  "Plans": [
    {
      "Parent Relationship": "Outer",
      "Total Cost": 637.05,
      "Plans": [
        {
          "Parent Relationship": "Outer",
          "Total Cost": 346.42,
          "Plans": [
            {
              "Parent Relationship": "Outer",
              "Total Cost": 231.99,
              "Relation Name": "reserves",
              "Parallel Aware": false,
              "Alias": "r",
              "Node Type": "Seq Scan",
              "Plan Width": 8,
              "Startup Cost": 0.0,
              "Plan Rows": 14999
            },
            {
              "Parent Relationship": "Inner",
              "Total Cost": 62.5,
              "Plans": [
                {
                  "Parent Relationship": "Outer",
                  "Total Cost": 62.5,
                  "Relation Name": "boat",
                  "Parallel Aware": false,
                  "Filter": "(color \u003d \u0027red\u0027::bpchar)",
                  "Alias": "b",
                  "Node Type": "Seq Scan",
                  "Plan Width": 4,
                  "Startup Cost": 0.0,
                  "Plan Rows": 1000
                }
              ],
              "Parallel Aware": false,
              "Node Type": "Hash",
              "Plan Width": 4,
              "Startup Cost": 62.5,
              "Plan Rows": 1000
            }
          ],
          "Parallel Aware": false,
          "Node Type": "Hash Join",
          "Join Type": "Inner",
          "Plan Width": 4,
          "Startup Cost": 75.0,
          "Hash Cond": "(r.bid \u003d b.bid)",
          "Plan Rows": 5000,
          "Inner Unique": true
        },
        {
          "Parent Relationship": "Inner",
          "Total Cost": 165.0,
          "Plans": [
            {
              "Parent Relationship": "Outer",
              "Total Cost": 165.0,
              "Relation Name": "sailors",
              "Parallel Aware": false,
              "Alias": "s",
              "Node Type": "Seq Scan",
              "Plan Width": 25,
              "Startup Cost": 0.0,
              "Plan Rows": 9000
            }
          ],
          "Parallel Aware": false,
          "Node Type": "Hash",
          "Plan Width": 25,
          "Startup Cost": 165.0,
          "Plan Rows": 9000
        }
      ],
      "Parallel Aware": false,
      "Node Type": "Hash Join",
      "Join Type": "Inner",
      "Plan Width": 29,
      "Startup Cost": 352.5,
      "Hash Cond": "(r.sid \u003d s.sid)",
      "Plan Rows": 5000,
      "Inner Unique": true
    },
    {
      "Parent Relationship": "Inner",
      "Total Cost": 637.05,
      "Plans": [
        {
          "Parent Relationship": "Outer",
          "Total Cost": 637.05,
          "Plans": [
            {
              "Parent Relationship": "Outer",
              "Total Cost": 346.42,
              "Plans": [
                {
                  "Parent Relationship": "Outer",
                  "Total Cost": 231.99,
                  "Relation Name": "reserves",
                  "Parallel Aware": false,
                  "Alias": "r2",
                  "Node Type": "Seq Scan",
                  "Plan Width": 8,
                  "Startup Cost": 0.0,
                  "Plan Rows": 14999
                },
                {
                  "Parent Relationship": "Inner",
                  "Total Cost": 62.5,
                  "Plans": [
                    {
                      "Parent Relationship": "Outer",
                      "Total Cost": 62.5,
                      "Relation Name": "boat",
                      "Parallel Aware": false,
                      "Filter": "(color \u003d \u0027green\u0027::bpchar)",
                      "Alias": "b2",
                      "Node Type": "Seq Scan",
                      "Plan Width": 4,
                      "Startup Cost": 0.0,
                      "Plan Rows": 1000
                    }
                  ],
                  "Parallel Aware": false,
                  "Node Type": "Hash",
                  "Plan Width": 4,
                  "Startup Cost": 62.5,
                  "Plan Rows": 1000
                }
              ],
              "Parallel Aware": false,
              "Node Type": "Hash Join",
              "Join Type": "Inner",
              "Plan Width": 4,
              "Startup Cost": 75.0,
              "Hash Cond": "(r2.bid \u003d b2.bid)",
              "Plan Rows": 5000,
              "Inner Unique": true
            },
            {
              "Parent Relationship": "Inner",
              "Total Cost": 165.0,
              "Plans": [
                {
                  "Parent Relationship": "Outer",
                  "Total Cost": 165.0,
                  "Relation Name": "sailors",
                  "Parallel Aware": false,
                  "Alias": "s2",
                  "Node Type": "Seq Scan",
                  "Plan Width": 4,
                  "Startup Cost": 0.0,
                  "Plan Rows": 9000
                }
              ],
              "Parallel Aware": false,
              "Node Type": "Hash",
              "Plan Width": 4,
              "Startup Cost": 165.0,
              "Plan Rows": 9000
            }
          ],
          "Parallel Aware": false,
          "Node Type": "Hash Join",
          "Join Type": "Inner",
          "Plan Width": 8,
          "Startup Cost": 352.5,
          "Hash Cond": "(r2.sid \u003d s2.sid)",
          "Plan Rows": 5000,
          "Inner Unique": true
        }
      ],
      "Parallel Aware": false,
      "Node Type": "Hash",
      "Plan Width": 8,
      "Startup Cost": 637.05,
      "Plan Rows": 5000
    }
  ],
  "Parallel Aware": false,
  "Node Type": "Hash Join",
  "Join Type": "Semi",
  "Plan Width": 21,
  "Startup Cost": 1052.05,
  "Hash Cond": "(s.sid \u003d s2.sid)",
  "Plan Rows": 2778,
  "Inner Unique": false
}

------------------------------

Indicies Configuration #62:
Index hash on column bid in table reserves
Index hash on column sid in table reserves
Index btree on column bid in table boat

------------------------------

1. The Total Cost of the Plan = 1380.64
2. The Estimated Size of the Result Set = 2778
3. The Plan of the Query:
{
  "Total Cost": 1380.64,
  "Plans": [
    {
      "Parent Relationship": "Outer",
      "Total Cost": 637.05,
      "Plans": [
        {
          "Parent Relationship": "Outer",
          "Total Cost": 346.42,
          "Plans": [
            {
              "Parent Relationship": "Outer",
              "Total Cost": 231.99,
              "Relation Name": "reserves",
              "Parallel Aware": false,
              "Alias": "r",
              "Node Type": "Seq Scan",
              "Plan Width": 8,
              "Startup Cost": 0.0,
              "Plan Rows": 14999
            },
            {
              "Parent Relationship": "Inner",
              "Total Cost": 62.5,
              "Plans": [
                {
                  "Parent Relationship": "Outer",
                  "Total Cost": 62.5,
                  "Relation Name": "boat",
                  "Parallel Aware": false,
                  "Filter": "(color \u003d \u0027red\u0027::bpchar)",
                  "Alias": "b",
                  "Node Type": "Seq Scan",
                  "Plan Width": 4,
                  "Startup Cost": 0.0,
                  "Plan Rows": 1000
                }
              ],
              "Parallel Aware": false,
              "Node Type": "Hash",
              "Plan Width": 4,
              "Startup Cost": 62.5,
              "Plan Rows": 1000
            }
          ],
          "Parallel Aware": false,
          "Node Type": "Hash Join",
          "Join Type": "Inner",
          "Plan Width": 4,
          "Startup Cost": 75.0,
          "Hash Cond": "(r.bid \u003d b.bid)",
          "Plan Rows": 5000,
          "Inner Unique": true
        },
        {
          "Parent Relationship": "Inner",
          "Total Cost": 165.0,
          "Plans": [
            {
              "Parent Relationship": "Outer",
              "Total Cost": 165.0,
              "Relation Name": "sailors",
              "Parallel Aware": false,
              "Alias": "s",
              "Node Type": "Seq Scan",
              "Plan Width": 25,
              "Startup Cost": 0.0,
              "Plan Rows": 9000
            }
          ],
          "Parallel Aware": false,
          "Node Type": "Hash",
          "Plan Width": 25,
          "Startup Cost": 165.0,
          "Plan Rows": 9000
        }
      ],
      "Parallel Aware": false,
      "Node Type": "Hash Join",
      "Join Type": "Inner",
      "Plan Width": 29,
      "Startup Cost": 352.5,
      "Hash Cond": "(r.sid \u003d s.sid)",
      "Plan Rows": 5000,
      "Inner Unique": true
    },
    {
      "Parent Relationship": "Inner",
      "Total Cost": 637.05,
      "Plans": [
        {
          "Parent Relationship": "Outer",
          "Total Cost": 637.05,
          "Plans": [
            {
              "Parent Relationship": "Outer",
              "Total Cost": 346.42,
              "Plans": [
                {
                  "Parent Relationship": "Outer",
                  "Total Cost": 231.99,
                  "Relation Name": "reserves",
                  "Parallel Aware": false,
                  "Alias": "r2",
                  "Node Type": "Seq Scan",
                  "Plan Width": 8,
                  "Startup Cost": 0.0,
                  "Plan Rows": 14999
                },
                {
                  "Parent Relationship": "Inner",
                  "Total Cost": 62.5,
                  "Plans": [
                    {
                      "Parent Relationship": "Outer",
                      "Total Cost": 62.5,
                      "Relation Name": "boat",
                      "Parallel Aware": false,
                      "Filter": "(color \u003d \u0027green\u0027::bpchar)",
                      "Alias": "b2",
                      "Node Type": "Seq Scan",
                      "Plan Width": 4,
                      "Startup Cost": 0.0,
                      "Plan Rows": 1000
                    }
                  ],
                  "Parallel Aware": false,
                  "Node Type": "Hash",
                  "Plan Width": 4,
                  "Startup Cost": 62.5,
                  "Plan Rows": 1000
                }
              ],
              "Parallel Aware": false,
              "Node Type": "Hash Join",
              "Join Type": "Inner",
              "Plan Width": 4,
              "Startup Cost": 75.0,
              "Hash Cond": "(r2.bid \u003d b2.bid)",
              "Plan Rows": 5000,
              "Inner Unique": true
            },
            {
              "Parent Relationship": "Inner",
              "Total Cost": 165.0,
              "Plans": [
                {
                  "Parent Relationship": "Outer",
                  "Total Cost": 165.0,
                  "Relation Name": "sailors",
                  "Parallel Aware": false,
                  "Alias": "s2",
                  "Node Type": "Seq Scan",
                  "Plan Width": 4,
                  "Startup Cost": 0.0,
                  "Plan Rows": 9000
                }
              ],
              "Parallel Aware": false,
              "Node Type": "Hash",
              "Plan Width": 4,
              "Startup Cost": 165.0,
              "Plan Rows": 9000
            }
          ],
          "Parallel Aware": false,
          "Node Type": "Hash Join",
          "Join Type": "Inner",
          "Plan Width": 8,
          "Startup Cost": 352.5,
          "Hash Cond": "(r2.sid \u003d s2.sid)",
          "Plan Rows": 5000,
          "Inner Unique": true
        }
      ],
      "Parallel Aware": false,
      "Node Type": "Hash",
      "Plan Width": 8,
      "Startup Cost": 637.05,
      "Plan Rows": 5000
    }
  ],
  "Parallel Aware": false,
  "Node Type": "Hash Join",
  "Join Type": "Semi",
  "Plan Width": 21,
  "Startup Cost": 1052.05,
  "Hash Cond": "(s.sid \u003d s2.sid)",
  "Plan Rows": 2778,
  "Inner Unique": false
}

------------------------------

Indicies Configuration #63:
Index hash on column bid in table reserves
Index hash on column sid in table reserves
Index hash on column bid in table boat

------------------------------

1. The Total Cost of the Plan = 1380.64
2. The Estimated Size of the Result Set = 2778
3. The Plan of the Query:
{
  "Total Cost": 1380.64,
  "Plans": [
    {
      "Parent Relationship": "Outer",
      "Total Cost": 637.05,
      "Plans": [
        {
          "Parent Relationship": "Outer",
          "Total Cost": 346.42,
          "Plans": [
            {
              "Parent Relationship": "Outer",
              "Total Cost": 231.99,
              "Relation Name": "reserves",
              "Parallel Aware": false,
              "Alias": "r",
              "Node Type": "Seq Scan",
              "Plan Width": 8,
              "Startup Cost": 0.0,
              "Plan Rows": 14999
            },
            {
              "Parent Relationship": "Inner",
              "Total Cost": 62.5,
              "Plans": [
                {
                  "Parent Relationship": "Outer",
                  "Total Cost": 62.5,
                  "Relation Name": "boat",
                  "Parallel Aware": false,
                  "Filter": "(color \u003d \u0027red\u0027::bpchar)",
                  "Alias": "b",
                  "Node Type": "Seq Scan",
                  "Plan Width": 4,
                  "Startup Cost": 0.0,
                  "Plan Rows": 1000
                }
              ],
              "Parallel Aware": false,
              "Node Type": "Hash",
              "Plan Width": 4,
              "Startup Cost": 62.5,
              "Plan Rows": 1000
            }
          ],
          "Parallel Aware": false,
          "Node Type": "Hash Join",
          "Join Type": "Inner",
          "Plan Width": 4,
          "Startup Cost": 75.0,
          "Hash Cond": "(r.bid \u003d b.bid)",
          "Plan Rows": 5000,
          "Inner Unique": true
        },
        {
          "Parent Relationship": "Inner",
          "Total Cost": 165.0,
          "Plans": [
            {
              "Parent Relationship": "Outer",
              "Total Cost": 165.0,
              "Relation Name": "sailors",
              "Parallel Aware": false,
              "Alias": "s",
              "Node Type": "Seq Scan",
              "Plan Width": 25,
              "Startup Cost": 0.0,
              "Plan Rows": 9000
            }
          ],
          "Parallel Aware": false,
          "Node Type": "Hash",
          "Plan Width": 25,
          "Startup Cost": 165.0,
          "Plan Rows": 9000
        }
      ],
      "Parallel Aware": false,
      "Node Type": "Hash Join",
      "Join Type": "Inner",
      "Plan Width": 29,
      "Startup Cost": 352.5,
      "Hash Cond": "(r.sid \u003d s.sid)",
      "Plan Rows": 5000,
      "Inner Unique": true
    },
    {
      "Parent Relationship": "Inner",
      "Total Cost": 637.05,
      "Plans": [
        {
          "Parent Relationship": "Outer",
          "Total Cost": 637.05,
          "Plans": [
            {
              "Parent Relationship": "Outer",
              "Total Cost": 346.42,
              "Plans": [
                {
                  "Parent Relationship": "Outer",
                  "Total Cost": 231.99,
                  "Relation Name": "reserves",
                  "Parallel Aware": false,
                  "Alias": "r2",
                  "Node Type": "Seq Scan",
                  "Plan Width": 8,
                  "Startup Cost": 0.0,
                  "Plan Rows": 14999
                },
                {
                  "Parent Relationship": "Inner",
                  "Total Cost": 62.5,
                  "Plans": [
                    {
                      "Parent Relationship": "Outer",
                      "Total Cost": 62.5,
                      "Relation Name": "boat",
                      "Parallel Aware": false,
                      "Filter": "(color \u003d \u0027green\u0027::bpchar)",
                      "Alias": "b2",
                      "Node Type": "Seq Scan",
                      "Plan Width": 4,
                      "Startup Cost": 0.0,
                      "Plan Rows": 1000
                    }
                  ],
                  "Parallel Aware": false,
                  "Node Type": "Hash",
                  "Plan Width": 4,
                  "Startup Cost": 62.5,
                  "Plan Rows": 1000
                }
              ],
              "Parallel Aware": false,
              "Node Type": "Hash Join",
              "Join Type": "Inner",
              "Plan Width": 4,
              "Startup Cost": 75.0,
              "Hash Cond": "(r2.bid \u003d b2.bid)",
              "Plan Rows": 5000,
              "Inner Unique": true
            },
            {
              "Parent Relationship": "Inner",
              "Total Cost": 165.0,
              "Plans": [
                {
                  "Parent Relationship": "Outer",
                  "Total Cost": 165.0,
                  "Relation Name": "sailors",
                  "Parallel Aware": false,
                  "Alias": "s2",
                  "Node Type": "Seq Scan",
                  "Plan Width": 4,
                  "Startup Cost": 0.0,
                  "Plan Rows": 9000
                }
              ],
              "Parallel Aware": false,
              "Node Type": "Hash",
              "Plan Width": 4,
              "Startup Cost": 165.0,
              "Plan Rows": 9000
            }
          ],
          "Parallel Aware": false,
          "Node Type": "Hash Join",
          "Join Type": "Inner",
          "Plan Width": 8,
          "Startup Cost": 352.5,
          "Hash Cond": "(r2.sid \u003d s2.sid)",
          "Plan Rows": 5000,
          "Inner Unique": true
        }
      ],
      "Parallel Aware": false,
      "Node Type": "Hash",
      "Plan Width": 8,
      "Startup Cost": 637.05,
      "Plan Rows": 5000
    }
  ],
  "Parallel Aware": false,
  "Node Type": "Hash Join",
  "Join Type": "Semi",
  "Plan Width": 21,
  "Startup Cost": 1052.05,
  "Hash Cond": "(s.sid \u003d s2.sid)",
  "Plan Rows": 2778,
  "Inner Unique": false
}

------------------------------

Indicies Configuration #64:
Index hash on column bid in table reserves
Index btree on column color in table boat

------------------------------

1. The Total Cost of the Plan = 1380.64
2. The Estimated Size of the Result Set = 2778
3. The Plan of the Query:
{
  "Total Cost": 1380.64,
  "Plans": [
    {
      "Parent Relationship": "Outer",
      "Total Cost": 637.05,
      "Plans": [
        {
          "Parent Relationship": "Outer",
          "Total Cost": 346.42,
          "Plans": [
            {
              "Parent Relationship": "Outer",
              "Total Cost": 231.99,
              "Relation Name": "reserves",
              "Parallel Aware": false,
              "Alias": "r",
              "Node Type": "Seq Scan",
              "Plan Width": 8,
              "Startup Cost": 0.0,
              "Plan Rows": 14999
            },
            {
              "Parent Relationship": "Inner",
              "Total Cost": 62.5,
              "Plans": [
                {
                  "Parent Relationship": "Outer",
                  "Total Cost": 62.5,
                  "Relation Name": "boat",
                  "Parallel Aware": false,
                  "Filter": "(color \u003d \u0027red\u0027::bpchar)",
                  "Alias": "b",
                  "Node Type": "Seq Scan",
                  "Plan Width": 4,
                  "Startup Cost": 0.0,
                  "Plan Rows": 1000
                }
              ],
              "Parallel Aware": false,
              "Node Type": "Hash",
              "Plan Width": 4,
              "Startup Cost": 62.5,
              "Plan Rows": 1000
            }
          ],
          "Parallel Aware": false,
          "Node Type": "Hash Join",
          "Join Type": "Inner",
          "Plan Width": 4,
          "Startup Cost": 75.0,
          "Hash Cond": "(r.bid \u003d b.bid)",
          "Plan Rows": 5000,
          "Inner Unique": true
        },
        {
          "Parent Relationship": "Inner",
          "Total Cost": 165.0,
          "Plans": [
            {
              "Parent Relationship": "Outer",
              "Total Cost": 165.0,
              "Relation Name": "sailors",
              "Parallel Aware": false,
              "Alias": "s",
              "Node Type": "Seq Scan",
              "Plan Width": 25,
              "Startup Cost": 0.0,
              "Plan Rows": 9000
            }
          ],
          "Parallel Aware": false,
          "Node Type": "Hash",
          "Plan Width": 25,
          "Startup Cost": 165.0,
          "Plan Rows": 9000
        }
      ],
      "Parallel Aware": false,
      "Node Type": "Hash Join",
      "Join Type": "Inner",
      "Plan Width": 29,
      "Startup Cost": 352.5,
      "Hash Cond": "(r.sid \u003d s.sid)",
      "Plan Rows": 5000,
      "Inner Unique": true
    },
    {
      "Parent Relationship": "Inner",
      "Total Cost": 637.05,
      "Plans": [
        {
          "Parent Relationship": "Outer",
          "Total Cost": 637.05,
          "Plans": [
            {
              "Parent Relationship": "Outer",
              "Total Cost": 346.42,
              "Plans": [
                {
                  "Parent Relationship": "Outer",
                  "Total Cost": 231.99,
                  "Relation Name": "reserves",
                  "Parallel Aware": false,
                  "Alias": "r2",
                  "Node Type": "Seq Scan",
                  "Plan Width": 8,
                  "Startup Cost": 0.0,
                  "Plan Rows": 14999
                },
                {
                  "Parent Relationship": "Inner",
                  "Total Cost": 62.5,
                  "Plans": [
                    {
                      "Parent Relationship": "Outer",
                      "Total Cost": 62.5,
                      "Relation Name": "boat",
                      "Parallel Aware": false,
                      "Filter": "(color \u003d \u0027green\u0027::bpchar)",
                      "Alias": "b2",
                      "Node Type": "Seq Scan",
                      "Plan Width": 4,
                      "Startup Cost": 0.0,
                      "Plan Rows": 1000
                    }
                  ],
                  "Parallel Aware": false,
                  "Node Type": "Hash",
                  "Plan Width": 4,
                  "Startup Cost": 62.5,
                  "Plan Rows": 1000
                }
              ],
              "Parallel Aware": false,
              "Node Type": "Hash Join",
              "Join Type": "Inner",
              "Plan Width": 4,
              "Startup Cost": 75.0,
              "Hash Cond": "(r2.bid \u003d b2.bid)",
              "Plan Rows": 5000,
              "Inner Unique": true
            },
            {
              "Parent Relationship": "Inner",
              "Total Cost": 165.0,
              "Plans": [
                {
                  "Parent Relationship": "Outer",
                  "Total Cost": 165.0,
                  "Relation Name": "sailors",
                  "Parallel Aware": false,
                  "Alias": "s2",
                  "Node Type": "Seq Scan",
                  "Plan Width": 4,
                  "Startup Cost": 0.0,
                  "Plan Rows": 9000
                }
              ],
              "Parallel Aware": false,
              "Node Type": "Hash",
              "Plan Width": 4,
              "Startup Cost": 165.0,
              "Plan Rows": 9000
            }
          ],
          "Parallel Aware": false,
          "Node Type": "Hash Join",
          "Join Type": "Inner",
          "Plan Width": 8,
          "Startup Cost": 352.5,
          "Hash Cond": "(r2.sid \u003d s2.sid)",
          "Plan Rows": 5000,
          "Inner Unique": true
        }
      ],
      "Parallel Aware": false,
      "Node Type": "Hash",
      "Plan Width": 8,
      "Startup Cost": 637.05,
      "Plan Rows": 5000
    }
  ],
  "Parallel Aware": false,
  "Node Type": "Hash Join",
  "Join Type": "Semi",
  "Plan Width": 21,
  "Startup Cost": 1052.05,
  "Hash Cond": "(s.sid \u003d s2.sid)",
  "Plan Rows": 2778,
  "Inner Unique": false
}

------------------------------

Indicies Configuration #65:
Index hash on column bid in table reserves
Index btree on column color in table boat
Index btree on column bid in table boat

------------------------------

1. The Total Cost of the Plan = 1380.64
2. The Estimated Size of the Result Set = 2778
3. The Plan of the Query:
{
  "Total Cost": 1380.64,
  "Plans": [
    {
      "Parent Relationship": "Outer",
      "Total Cost": 637.05,
      "Plans": [
        {
          "Parent Relationship": "Outer",
          "Total Cost": 346.42,
          "Plans": [
            {
              "Parent Relationship": "Outer",
              "Total Cost": 231.99,
              "Relation Name": "reserves",
              "Parallel Aware": false,
              "Alias": "r",
              "Node Type": "Seq Scan",
              "Plan Width": 8,
              "Startup Cost": 0.0,
              "Plan Rows": 14999
            },
            {
              "Parent Relationship": "Inner",
              "Total Cost": 62.5,
              "Plans": [
                {
                  "Parent Relationship": "Outer",
                  "Total Cost": 62.5,
                  "Relation Name": "boat",
                  "Parallel Aware": false,
                  "Filter": "(color \u003d \u0027red\u0027::bpchar)",
                  "Alias": "b",
                  "Node Type": "Seq Scan",
                  "Plan Width": 4,
                  "Startup Cost": 0.0,
                  "Plan Rows": 1000
                }
              ],
              "Parallel Aware": false,
              "Node Type": "Hash",
              "Plan Width": 4,
              "Startup Cost": 62.5,
              "Plan Rows": 1000
            }
          ],
          "Parallel Aware": false,
          "Node Type": "Hash Join",
          "Join Type": "Inner",
          "Plan Width": 4,
          "Startup Cost": 75.0,
          "Hash Cond": "(r.bid \u003d b.bid)",
          "Plan Rows": 5000,
          "Inner Unique": true
        },
        {
          "Parent Relationship": "Inner",
          "Total Cost": 165.0,
          "Plans": [
            {
              "Parent Relationship": "Outer",
              "Total Cost": 165.0,
              "Relation Name": "sailors",
              "Parallel Aware": false,
              "Alias": "s",
              "Node Type": "Seq Scan",
              "Plan Width": 25,
              "Startup Cost": 0.0,
              "Plan Rows": 9000
            }
          ],
          "Parallel Aware": false,
          "Node Type": "Hash",
          "Plan Width": 25,
          "Startup Cost": 165.0,
          "Plan Rows": 9000
        }
      ],
      "Parallel Aware": false,
      "Node Type": "Hash Join",
      "Join Type": "Inner",
      "Plan Width": 29,
      "Startup Cost": 352.5,
      "Hash Cond": "(r.sid \u003d s.sid)",
      "Plan Rows": 5000,
      "Inner Unique": true
    },
    {
      "Parent Relationship": "Inner",
      "Total Cost": 637.05,
      "Plans": [
        {
          "Parent Relationship": "Outer",
          "Total Cost": 637.05,
          "Plans": [
            {
              "Parent Relationship": "Outer",
              "Total Cost": 346.42,
              "Plans": [
                {
                  "Parent Relationship": "Outer",
                  "Total Cost": 231.99,
                  "Relation Name": "reserves",
                  "Parallel Aware": false,
                  "Alias": "r2",
                  "Node Type": "Seq Scan",
                  "Plan Width": 8,
                  "Startup Cost": 0.0,
                  "Plan Rows": 14999
                },
                {
                  "Parent Relationship": "Inner",
                  "Total Cost": 62.5,
                  "Plans": [
                    {
                      "Parent Relationship": "Outer",
                      "Total Cost": 62.5,
                      "Relation Name": "boat",
                      "Parallel Aware": false,
                      "Filter": "(color \u003d \u0027green\u0027::bpchar)",
                      "Alias": "b2",
                      "Node Type": "Seq Scan",
                      "Plan Width": 4,
                      "Startup Cost": 0.0,
                      "Plan Rows": 1000
                    }
                  ],
                  "Parallel Aware": false,
                  "Node Type": "Hash",
                  "Plan Width": 4,
                  "Startup Cost": 62.5,
                  "Plan Rows": 1000
                }
              ],
              "Parallel Aware": false,
              "Node Type": "Hash Join",
              "Join Type": "Inner",
              "Plan Width": 4,
              "Startup Cost": 75.0,
              "Hash Cond": "(r2.bid \u003d b2.bid)",
              "Plan Rows": 5000,
              "Inner Unique": true
            },
            {
              "Parent Relationship": "Inner",
              "Total Cost": 165.0,
              "Plans": [
                {
                  "Parent Relationship": "Outer",
                  "Total Cost": 165.0,
                  "Relation Name": "sailors",
                  "Parallel Aware": false,
                  "Alias": "s2",
                  "Node Type": "Seq Scan",
                  "Plan Width": 4,
                  "Startup Cost": 0.0,
                  "Plan Rows": 9000
                }
              ],
              "Parallel Aware": false,
              "Node Type": "Hash",
              "Plan Width": 4,
              "Startup Cost": 165.0,
              "Plan Rows": 9000
            }
          ],
          "Parallel Aware": false,
          "Node Type": "Hash Join",
          "Join Type": "Inner",
          "Plan Width": 8,
          "Startup Cost": 352.5,
          "Hash Cond": "(r2.sid \u003d s2.sid)",
          "Plan Rows": 5000,
          "Inner Unique": true
        }
      ],
      "Parallel Aware": false,
      "Node Type": "Hash",
      "Plan Width": 8,
      "Startup Cost": 637.05,
      "Plan Rows": 5000
    }
  ],
  "Parallel Aware": false,
  "Node Type": "Hash Join",
  "Join Type": "Semi",
  "Plan Width": 21,
  "Startup Cost": 1052.05,
  "Hash Cond": "(s.sid \u003d s2.sid)",
  "Plan Rows": 2778,
  "Inner Unique": false
}

------------------------------

Indicies Configuration #66:
Index hash on column bid in table reserves
Index btree on column color in table boat
Index hash on column bid in table boat

------------------------------

1. The Total Cost of the Plan = 1380.64
2. The Estimated Size of the Result Set = 2778
3. The Plan of the Query:
{
  "Total Cost": 1380.64,
  "Plans": [
    {
      "Parent Relationship": "Outer",
      "Total Cost": 637.05,
      "Plans": [
        {
          "Parent Relationship": "Outer",
          "Total Cost": 346.42,
          "Plans": [
            {
              "Parent Relationship": "Outer",
              "Total Cost": 231.99,
              "Relation Name": "reserves",
              "Parallel Aware": false,
              "Alias": "r",
              "Node Type": "Seq Scan",
              "Plan Width": 8,
              "Startup Cost": 0.0,
              "Plan Rows": 14999
            },
            {
              "Parent Relationship": "Inner",
              "Total Cost": 62.5,
              "Plans": [
                {
                  "Parent Relationship": "Outer",
                  "Total Cost": 62.5,
                  "Relation Name": "boat",
                  "Parallel Aware": false,
                  "Filter": "(color \u003d \u0027red\u0027::bpchar)",
                  "Alias": "b",
                  "Node Type": "Seq Scan",
                  "Plan Width": 4,
                  "Startup Cost": 0.0,
                  "Plan Rows": 1000
                }
              ],
              "Parallel Aware": false,
              "Node Type": "Hash",
              "Plan Width": 4,
              "Startup Cost": 62.5,
              "Plan Rows": 1000
            }
          ],
          "Parallel Aware": false,
          "Node Type": "Hash Join",
          "Join Type": "Inner",
          "Plan Width": 4,
          "Startup Cost": 75.0,
          "Hash Cond": "(r.bid \u003d b.bid)",
          "Plan Rows": 5000,
          "Inner Unique": true
        },
        {
          "Parent Relationship": "Inner",
          "Total Cost": 165.0,
          "Plans": [
            {
              "Parent Relationship": "Outer",
              "Total Cost": 165.0,
              "Relation Name": "sailors",
              "Parallel Aware": false,
              "Alias": "s",
              "Node Type": "Seq Scan",
              "Plan Width": 25,
              "Startup Cost": 0.0,
              "Plan Rows": 9000
            }
          ],
          "Parallel Aware": false,
          "Node Type": "Hash",
          "Plan Width": 25,
          "Startup Cost": 165.0,
          "Plan Rows": 9000
        }
      ],
      "Parallel Aware": false,
      "Node Type": "Hash Join",
      "Join Type": "Inner",
      "Plan Width": 29,
      "Startup Cost": 352.5,
      "Hash Cond": "(r.sid \u003d s.sid)",
      "Plan Rows": 5000,
      "Inner Unique": true
    },
    {
      "Parent Relationship": "Inner",
      "Total Cost": 637.05,
      "Plans": [
        {
          "Parent Relationship": "Outer",
          "Total Cost": 637.05,
          "Plans": [
            {
              "Parent Relationship": "Outer",
              "Total Cost": 346.42,
              "Plans": [
                {
                  "Parent Relationship": "Outer",
                  "Total Cost": 231.99,
                  "Relation Name": "reserves",
                  "Parallel Aware": false,
                  "Alias": "r2",
                  "Node Type": "Seq Scan",
                  "Plan Width": 8,
                  "Startup Cost": 0.0,
                  "Plan Rows": 14999
                },
                {
                  "Parent Relationship": "Inner",
                  "Total Cost": 62.5,
                  "Plans": [
                    {
                      "Parent Relationship": "Outer",
                      "Total Cost": 62.5,
                      "Relation Name": "boat",
                      "Parallel Aware": false,
                      "Filter": "(color \u003d \u0027green\u0027::bpchar)",
                      "Alias": "b2",
                      "Node Type": "Seq Scan",
                      "Plan Width": 4,
                      "Startup Cost": 0.0,
                      "Plan Rows": 1000
                    }
                  ],
                  "Parallel Aware": false,
                  "Node Type": "Hash",
                  "Plan Width": 4,
                  "Startup Cost": 62.5,
                  "Plan Rows": 1000
                }
              ],
              "Parallel Aware": false,
              "Node Type": "Hash Join",
              "Join Type": "Inner",
              "Plan Width": 4,
              "Startup Cost": 75.0,
              "Hash Cond": "(r2.bid \u003d b2.bid)",
              "Plan Rows": 5000,
              "Inner Unique": true
            },
            {
              "Parent Relationship": "Inner",
              "Total Cost": 165.0,
              "Plans": [
                {
                  "Parent Relationship": "Outer",
                  "Total Cost": 165.0,
                  "Relation Name": "sailors",
                  "Parallel Aware": false,
                  "Alias": "s2",
                  "Node Type": "Seq Scan",
                  "Plan Width": 4,
                  "Startup Cost": 0.0,
                  "Plan Rows": 9000
                }
              ],
              "Parallel Aware": false,
              "Node Type": "Hash",
              "Plan Width": 4,
              "Startup Cost": 165.0,
              "Plan Rows": 9000
            }
          ],
          "Parallel Aware": false,
          "Node Type": "Hash Join",
          "Join Type": "Inner",
          "Plan Width": 8,
          "Startup Cost": 352.5,
          "Hash Cond": "(r2.sid \u003d s2.sid)",
          "Plan Rows": 5000,
          "Inner Unique": true
        }
      ],
      "Parallel Aware": false,
      "Node Type": "Hash",
      "Plan Width": 8,
      "Startup Cost": 637.05,
      "Plan Rows": 5000
    }
  ],
  "Parallel Aware": false,
  "Node Type": "Hash Join",
  "Join Type": "Semi",
  "Plan Width": 21,
  "Startup Cost": 1052.05,
  "Hash Cond": "(s.sid \u003d s2.sid)",
  "Plan Rows": 2778,
  "Inner Unique": false
}

------------------------------

Indicies Configuration #67:
Index hash on column bid in table reserves
Index btree on column color in table boat
Index btree on column sid in table reserves

------------------------------

1. The Total Cost of the Plan = 1380.64
2. The Estimated Size of the Result Set = 2778
3. The Plan of the Query:
{
  "Total Cost": 1380.64,
  "Plans": [
    {
      "Parent Relationship": "Outer",
      "Total Cost": 637.05,
      "Plans": [
        {
          "Parent Relationship": "Outer",
          "Total Cost": 346.42,
          "Plans": [
            {
              "Parent Relationship": "Outer",
              "Total Cost": 231.99,
              "Relation Name": "reserves",
              "Parallel Aware": false,
              "Alias": "r",
              "Node Type": "Seq Scan",
              "Plan Width": 8,
              "Startup Cost": 0.0,
              "Plan Rows": 14999
            },
            {
              "Parent Relationship": "Inner",
              "Total Cost": 62.5,
              "Plans": [
                {
                  "Parent Relationship": "Outer",
                  "Total Cost": 62.5,
                  "Relation Name": "boat",
                  "Parallel Aware": false,
                  "Filter": "(color \u003d \u0027red\u0027::bpchar)",
                  "Alias": "b",
                  "Node Type": "Seq Scan",
                  "Plan Width": 4,
                  "Startup Cost": 0.0,
                  "Plan Rows": 1000
                }
              ],
              "Parallel Aware": false,
              "Node Type": "Hash",
              "Plan Width": 4,
              "Startup Cost": 62.5,
              "Plan Rows": 1000
            }
          ],
          "Parallel Aware": false,
          "Node Type": "Hash Join",
          "Join Type": "Inner",
          "Plan Width": 4,
          "Startup Cost": 75.0,
          "Hash Cond": "(r.bid \u003d b.bid)",
          "Plan Rows": 5000,
          "Inner Unique": true
        },
        {
          "Parent Relationship": "Inner",
          "Total Cost": 165.0,
          "Plans": [
            {
              "Parent Relationship": "Outer",
              "Total Cost": 165.0,
              "Relation Name": "sailors",
              "Parallel Aware": false,
              "Alias": "s",
              "Node Type": "Seq Scan",
              "Plan Width": 25,
              "Startup Cost": 0.0,
              "Plan Rows": 9000
            }
          ],
          "Parallel Aware": false,
          "Node Type": "Hash",
          "Plan Width": 25,
          "Startup Cost": 165.0,
          "Plan Rows": 9000
        }
      ],
      "Parallel Aware": false,
      "Node Type": "Hash Join",
      "Join Type": "Inner",
      "Plan Width": 29,
      "Startup Cost": 352.5,
      "Hash Cond": "(r.sid \u003d s.sid)",
      "Plan Rows": 5000,
      "Inner Unique": true
    },
    {
      "Parent Relationship": "Inner",
      "Total Cost": 637.05,
      "Plans": [
        {
          "Parent Relationship": "Outer",
          "Total Cost": 637.05,
          "Plans": [
            {
              "Parent Relationship": "Outer",
              "Total Cost": 346.42,
              "Plans": [
                {
                  "Parent Relationship": "Outer",
                  "Total Cost": 231.99,
                  "Relation Name": "reserves",
                  "Parallel Aware": false,
                  "Alias": "r2",
                  "Node Type": "Seq Scan",
                  "Plan Width": 8,
                  "Startup Cost": 0.0,
                  "Plan Rows": 14999
                },
                {
                  "Parent Relationship": "Inner",
                  "Total Cost": 62.5,
                  "Plans": [
                    {
                      "Parent Relationship": "Outer",
                      "Total Cost": 62.5,
                      "Relation Name": "boat",
                      "Parallel Aware": false,
                      "Filter": "(color \u003d \u0027green\u0027::bpchar)",
                      "Alias": "b2",
                      "Node Type": "Seq Scan",
                      "Plan Width": 4,
                      "Startup Cost": 0.0,
                      "Plan Rows": 1000
                    }
                  ],
                  "Parallel Aware": false,
                  "Node Type": "Hash",
                  "Plan Width": 4,
                  "Startup Cost": 62.5,
                  "Plan Rows": 1000
                }
              ],
              "Parallel Aware": false,
              "Node Type": "Hash Join",
              "Join Type": "Inner",
              "Plan Width": 4,
              "Startup Cost": 75.0,
              "Hash Cond": "(r2.bid \u003d b2.bid)",
              "Plan Rows": 5000,
              "Inner Unique": true
            },
            {
              "Parent Relationship": "Inner",
              "Total Cost": 165.0,
              "Plans": [
                {
                  "Parent Relationship": "Outer",
                  "Total Cost": 165.0,
                  "Relation Name": "sailors",
                  "Parallel Aware": false,
                  "Alias": "s2",
                  "Node Type": "Seq Scan",
                  "Plan Width": 4,
                  "Startup Cost": 0.0,
                  "Plan Rows": 9000
                }
              ],
              "Parallel Aware": false,
              "Node Type": "Hash",
              "Plan Width": 4,
              "Startup Cost": 165.0,
              "Plan Rows": 9000
            }
          ],
          "Parallel Aware": false,
          "Node Type": "Hash Join",
          "Join Type": "Inner",
          "Plan Width": 8,
          "Startup Cost": 352.5,
          "Hash Cond": "(r2.sid \u003d s2.sid)",
          "Plan Rows": 5000,
          "Inner Unique": true
        }
      ],
      "Parallel Aware": false,
      "Node Type": "Hash",
      "Plan Width": 8,
      "Startup Cost": 637.05,
      "Plan Rows": 5000
    }
  ],
  "Parallel Aware": false,
  "Node Type": "Hash Join",
  "Join Type": "Semi",
  "Plan Width": 21,
  "Startup Cost": 1052.05,
  "Hash Cond": "(s.sid \u003d s2.sid)",
  "Plan Rows": 2778,
  "Inner Unique": false
}

------------------------------

Indicies Configuration #68:
Index hash on column bid in table reserves
Index btree on column color in table boat
Index btree on column sid in table reserves
Index btree on column bid in table boat

------------------------------

1. The Total Cost of the Plan = 1380.64
2. The Estimated Size of the Result Set = 2778
3. The Plan of the Query:
{
  "Total Cost": 1380.64,
  "Plans": [
    {
      "Parent Relationship": "Outer",
      "Total Cost": 637.05,
      "Plans": [
        {
          "Parent Relationship": "Outer",
          "Total Cost": 346.42,
          "Plans": [
            {
              "Parent Relationship": "Outer",
              "Total Cost": 231.99,
              "Relation Name": "reserves",
              "Parallel Aware": false,
              "Alias": "r",
              "Node Type": "Seq Scan",
              "Plan Width": 8,
              "Startup Cost": 0.0,
              "Plan Rows": 14999
            },
            {
              "Parent Relationship": "Inner",
              "Total Cost": 62.5,
              "Plans": [
                {
                  "Parent Relationship": "Outer",
                  "Total Cost": 62.5,
                  "Relation Name": "boat",
                  "Parallel Aware": false,
                  "Filter": "(color \u003d \u0027red\u0027::bpchar)",
                  "Alias": "b",
                  "Node Type": "Seq Scan",
                  "Plan Width": 4,
                  "Startup Cost": 0.0,
                  "Plan Rows": 1000
                }
              ],
              "Parallel Aware": false,
              "Node Type": "Hash",
              "Plan Width": 4,
              "Startup Cost": 62.5,
              "Plan Rows": 1000
            }
          ],
          "Parallel Aware": false,
          "Node Type": "Hash Join",
          "Join Type": "Inner",
          "Plan Width": 4,
          "Startup Cost": 75.0,
          "Hash Cond": "(r.bid \u003d b.bid)",
          "Plan Rows": 5000,
          "Inner Unique": true
        },
        {
          "Parent Relationship": "Inner",
          "Total Cost": 165.0,
          "Plans": [
            {
              "Parent Relationship": "Outer",
              "Total Cost": 165.0,
              "Relation Name": "sailors",
              "Parallel Aware": false,
              "Alias": "s",
              "Node Type": "Seq Scan",
              "Plan Width": 25,
              "Startup Cost": 0.0,
              "Plan Rows": 9000
            }
          ],
          "Parallel Aware": false,
          "Node Type": "Hash",
          "Plan Width": 25,
          "Startup Cost": 165.0,
          "Plan Rows": 9000
        }
      ],
      "Parallel Aware": false,
      "Node Type": "Hash Join",
      "Join Type": "Inner",
      "Plan Width": 29,
      "Startup Cost": 352.5,
      "Hash Cond": "(r.sid \u003d s.sid)",
      "Plan Rows": 5000,
      "Inner Unique": true
    },
    {
      "Parent Relationship": "Inner",
      "Total Cost": 637.05,
      "Plans": [
        {
          "Parent Relationship": "Outer",
          "Total Cost": 637.05,
          "Plans": [
            {
              "Parent Relationship": "Outer",
              "Total Cost": 346.42,
              "Plans": [
                {
                  "Parent Relationship": "Outer",
                  "Total Cost": 231.99,
                  "Relation Name": "reserves",
                  "Parallel Aware": false,
                  "Alias": "r2",
                  "Node Type": "Seq Scan",
                  "Plan Width": 8,
                  "Startup Cost": 0.0,
                  "Plan Rows": 14999
                },
                {
                  "Parent Relationship": "Inner",
                  "Total Cost": 62.5,
                  "Plans": [
                    {
                      "Parent Relationship": "Outer",
                      "Total Cost": 62.5,
                      "Relation Name": "boat",
                      "Parallel Aware": false,
                      "Filter": "(color \u003d \u0027green\u0027::bpchar)",
                      "Alias": "b2",
                      "Node Type": "Seq Scan",
                      "Plan Width": 4,
                      "Startup Cost": 0.0,
                      "Plan Rows": 1000
                    }
                  ],
                  "Parallel Aware": false,
                  "Node Type": "Hash",
                  "Plan Width": 4,
                  "Startup Cost": 62.5,
                  "Plan Rows": 1000
                }
              ],
              "Parallel Aware": false,
              "Node Type": "Hash Join",
              "Join Type": "Inner",
              "Plan Width": 4,
              "Startup Cost": 75.0,
              "Hash Cond": "(r2.bid \u003d b2.bid)",
              "Plan Rows": 5000,
              "Inner Unique": true
            },
            {
              "Parent Relationship": "Inner",
              "Total Cost": 165.0,
              "Plans": [
                {
                  "Parent Relationship": "Outer",
                  "Total Cost": 165.0,
                  "Relation Name": "sailors",
                  "Parallel Aware": false,
                  "Alias": "s2",
                  "Node Type": "Seq Scan",
                  "Plan Width": 4,
                  "Startup Cost": 0.0,
                  "Plan Rows": 9000
                }
              ],
              "Parallel Aware": false,
              "Node Type": "Hash",
              "Plan Width": 4,
              "Startup Cost": 165.0,
              "Plan Rows": 9000
            }
          ],
          "Parallel Aware": false,
          "Node Type": "Hash Join",
          "Join Type": "Inner",
          "Plan Width": 8,
          "Startup Cost": 352.5,
          "Hash Cond": "(r2.sid \u003d s2.sid)",
          "Plan Rows": 5000,
          "Inner Unique": true
        }
      ],
      "Parallel Aware": false,
      "Node Type": "Hash",
      "Plan Width": 8,
      "Startup Cost": 637.05,
      "Plan Rows": 5000
    }
  ],
  "Parallel Aware": false,
  "Node Type": "Hash Join",
  "Join Type": "Semi",
  "Plan Width": 21,
  "Startup Cost": 1052.05,
  "Hash Cond": "(s.sid \u003d s2.sid)",
  "Plan Rows": 2778,
  "Inner Unique": false
}

------------------------------

Indicies Configuration #69:
Index hash on column bid in table reserves
Index btree on column color in table boat
Index btree on column sid in table reserves
Index hash on column bid in table boat

------------------------------

1. The Total Cost of the Plan = 1380.64
2. The Estimated Size of the Result Set = 2778
3. The Plan of the Query:
{
  "Total Cost": 1380.64,
  "Plans": [
    {
      "Parent Relationship": "Outer",
      "Total Cost": 637.05,
      "Plans": [
        {
          "Parent Relationship": "Outer",
          "Total Cost": 346.42,
          "Plans": [
            {
              "Parent Relationship": "Outer",
              "Total Cost": 231.99,
              "Relation Name": "reserves",
              "Parallel Aware": false,
              "Alias": "r",
              "Node Type": "Seq Scan",
              "Plan Width": 8,
              "Startup Cost": 0.0,
              "Plan Rows": 14999
            },
            {
              "Parent Relationship": "Inner",
              "Total Cost": 62.5,
              "Plans": [
                {
                  "Parent Relationship": "Outer",
                  "Total Cost": 62.5,
                  "Relation Name": "boat",
                  "Parallel Aware": false,
                  "Filter": "(color \u003d \u0027red\u0027::bpchar)",
                  "Alias": "b",
                  "Node Type": "Seq Scan",
                  "Plan Width": 4,
                  "Startup Cost": 0.0,
                  "Plan Rows": 1000
                }
              ],
              "Parallel Aware": false,
              "Node Type": "Hash",
              "Plan Width": 4,
              "Startup Cost": 62.5,
              "Plan Rows": 1000
            }
          ],
          "Parallel Aware": false,
          "Node Type": "Hash Join",
          "Join Type": "Inner",
          "Plan Width": 4,
          "Startup Cost": 75.0,
          "Hash Cond": "(r.bid \u003d b.bid)",
          "Plan Rows": 5000,
          "Inner Unique": true
        },
        {
          "Parent Relationship": "Inner",
          "Total Cost": 165.0,
          "Plans": [
            {
              "Parent Relationship": "Outer",
              "Total Cost": 165.0,
              "Relation Name": "sailors",
              "Parallel Aware": false,
              "Alias": "s",
              "Node Type": "Seq Scan",
              "Plan Width": 25,
              "Startup Cost": 0.0,
              "Plan Rows": 9000
            }
          ],
          "Parallel Aware": false,
          "Node Type": "Hash",
          "Plan Width": 25,
          "Startup Cost": 165.0,
          "Plan Rows": 9000
        }
      ],
      "Parallel Aware": false,
      "Node Type": "Hash Join",
      "Join Type": "Inner",
      "Plan Width": 29,
      "Startup Cost": 352.5,
      "Hash Cond": "(r.sid \u003d s.sid)",
      "Plan Rows": 5000,
      "Inner Unique": true
    },
    {
      "Parent Relationship": "Inner",
      "Total Cost": 637.05,
      "Plans": [
        {
          "Parent Relationship": "Outer",
          "Total Cost": 637.05,
          "Plans": [
            {
              "Parent Relationship": "Outer",
              "Total Cost": 346.42,
              "Plans": [
                {
                  "Parent Relationship": "Outer",
                  "Total Cost": 231.99,
                  "Relation Name": "reserves",
                  "Parallel Aware": false,
                  "Alias": "r2",
                  "Node Type": "Seq Scan",
                  "Plan Width": 8,
                  "Startup Cost": 0.0,
                  "Plan Rows": 14999
                },
                {
                  "Parent Relationship": "Inner",
                  "Total Cost": 62.5,
                  "Plans": [
                    {
                      "Parent Relationship": "Outer",
                      "Total Cost": 62.5,
                      "Relation Name": "boat",
                      "Parallel Aware": false,
                      "Filter": "(color \u003d \u0027green\u0027::bpchar)",
                      "Alias": "b2",
                      "Node Type": "Seq Scan",
                      "Plan Width": 4,
                      "Startup Cost": 0.0,
                      "Plan Rows": 1000
                    }
                  ],
                  "Parallel Aware": false,
                  "Node Type": "Hash",
                  "Plan Width": 4,
                  "Startup Cost": 62.5,
                  "Plan Rows": 1000
                }
              ],
              "Parallel Aware": false,
              "Node Type": "Hash Join",
              "Join Type": "Inner",
              "Plan Width": 4,
              "Startup Cost": 75.0,
              "Hash Cond": "(r2.bid \u003d b2.bid)",
              "Plan Rows": 5000,
              "Inner Unique": true
            },
            {
              "Parent Relationship": "Inner",
              "Total Cost": 165.0,
              "Plans": [
                {
                  "Parent Relationship": "Outer",
                  "Total Cost": 165.0,
                  "Relation Name": "sailors",
                  "Parallel Aware": false,
                  "Alias": "s2",
                  "Node Type": "Seq Scan",
                  "Plan Width": 4,
                  "Startup Cost": 0.0,
                  "Plan Rows": 9000
                }
              ],
              "Parallel Aware": false,
              "Node Type": "Hash",
              "Plan Width": 4,
              "Startup Cost": 165.0,
              "Plan Rows": 9000
            }
          ],
          "Parallel Aware": false,
          "Node Type": "Hash Join",
          "Join Type": "Inner",
          "Plan Width": 8,
          "Startup Cost": 352.5,
          "Hash Cond": "(r2.sid \u003d s2.sid)",
          "Plan Rows": 5000,
          "Inner Unique": true
        }
      ],
      "Parallel Aware": false,
      "Node Type": "Hash",
      "Plan Width": 8,
      "Startup Cost": 637.05,
      "Plan Rows": 5000
    }
  ],
  "Parallel Aware": false,
  "Node Type": "Hash Join",
  "Join Type": "Semi",
  "Plan Width": 21,
  "Startup Cost": 1052.05,
  "Hash Cond": "(s.sid \u003d s2.sid)",
  "Plan Rows": 2778,
  "Inner Unique": false
}

------------------------------

Indicies Configuration #70:
Index hash on column bid in table reserves
Index btree on column color in table boat
Index hash on column sid in table reserves

------------------------------

1. The Total Cost of the Plan = 1380.64
2. The Estimated Size of the Result Set = 2778
3. The Plan of the Query:
{
  "Total Cost": 1380.64,
  "Plans": [
    {
      "Parent Relationship": "Outer",
      "Total Cost": 637.05,
      "Plans": [
        {
          "Parent Relationship": "Outer",
          "Total Cost": 346.42,
          "Plans": [
            {
              "Parent Relationship": "Outer",
              "Total Cost": 231.99,
              "Relation Name": "reserves",
              "Parallel Aware": false,
              "Alias": "r",
              "Node Type": "Seq Scan",
              "Plan Width": 8,
              "Startup Cost": 0.0,
              "Plan Rows": 14999
            },
            {
              "Parent Relationship": "Inner",
              "Total Cost": 62.5,
              "Plans": [
                {
                  "Parent Relationship": "Outer",
                  "Total Cost": 62.5,
                  "Relation Name": "boat",
                  "Parallel Aware": false,
                  "Filter": "(color \u003d \u0027red\u0027::bpchar)",
                  "Alias": "b",
                  "Node Type": "Seq Scan",
                  "Plan Width": 4,
                  "Startup Cost": 0.0,
                  "Plan Rows": 1000
                }
              ],
              "Parallel Aware": false,
              "Node Type": "Hash",
              "Plan Width": 4,
              "Startup Cost": 62.5,
              "Plan Rows": 1000
            }
          ],
          "Parallel Aware": false,
          "Node Type": "Hash Join",
          "Join Type": "Inner",
          "Plan Width": 4,
          "Startup Cost": 75.0,
          "Hash Cond": "(r.bid \u003d b.bid)",
          "Plan Rows": 5000,
          "Inner Unique": true
        },
        {
          "Parent Relationship": "Inner",
          "Total Cost": 165.0,
          "Plans": [
            {
              "Parent Relationship": "Outer",
              "Total Cost": 165.0,
              "Relation Name": "sailors",
              "Parallel Aware": false,
              "Alias": "s",
              "Node Type": "Seq Scan",
              "Plan Width": 25,
              "Startup Cost": 0.0,
              "Plan Rows": 9000
            }
          ],
          "Parallel Aware": false,
          "Node Type": "Hash",
          "Plan Width": 25,
          "Startup Cost": 165.0,
          "Plan Rows": 9000
        }
      ],
      "Parallel Aware": false,
      "Node Type": "Hash Join",
      "Join Type": "Inner",
      "Plan Width": 29,
      "Startup Cost": 352.5,
      "Hash Cond": "(r.sid \u003d s.sid)",
      "Plan Rows": 5000,
      "Inner Unique": true
    },
    {
      "Parent Relationship": "Inner",
      "Total Cost": 637.05,
      "Plans": [
        {
          "Parent Relationship": "Outer",
          "Total Cost": 637.05,
          "Plans": [
            {
              "Parent Relationship": "Outer",
              "Total Cost": 346.42,
              "Plans": [
                {
                  "Parent Relationship": "Outer",
                  "Total Cost": 231.99,
                  "Relation Name": "reserves",
                  "Parallel Aware": false,
                  "Alias": "r2",
                  "Node Type": "Seq Scan",
                  "Plan Width": 8,
                  "Startup Cost": 0.0,
                  "Plan Rows": 14999
                },
                {
                  "Parent Relationship": "Inner",
                  "Total Cost": 62.5,
                  "Plans": [
                    {
                      "Parent Relationship": "Outer",
                      "Total Cost": 62.5,
                      "Relation Name": "boat",
                      "Parallel Aware": false,
                      "Filter": "(color \u003d \u0027green\u0027::bpchar)",
                      "Alias": "b2",
                      "Node Type": "Seq Scan",
                      "Plan Width": 4,
                      "Startup Cost": 0.0,
                      "Plan Rows": 1000
                    }
                  ],
                  "Parallel Aware": false,
                  "Node Type": "Hash",
                  "Plan Width": 4,
                  "Startup Cost": 62.5,
                  "Plan Rows": 1000
                }
              ],
              "Parallel Aware": false,
              "Node Type": "Hash Join",
              "Join Type": "Inner",
              "Plan Width": 4,
              "Startup Cost": 75.0,
              "Hash Cond": "(r2.bid \u003d b2.bid)",
              "Plan Rows": 5000,
              "Inner Unique": true
            },
            {
              "Parent Relationship": "Inner",
              "Total Cost": 165.0,
              "Plans": [
                {
                  "Parent Relationship": "Outer",
                  "Total Cost": 165.0,
                  "Relation Name": "sailors",
                  "Parallel Aware": false,
                  "Alias": "s2",
                  "Node Type": "Seq Scan",
                  "Plan Width": 4,
                  "Startup Cost": 0.0,
                  "Plan Rows": 9000
                }
              ],
              "Parallel Aware": false,
              "Node Type": "Hash",
              "Plan Width": 4,
              "Startup Cost": 165.0,
              "Plan Rows": 9000
            }
          ],
          "Parallel Aware": false,
          "Node Type": "Hash Join",
          "Join Type": "Inner",
          "Plan Width": 8,
          "Startup Cost": 352.5,
          "Hash Cond": "(r2.sid \u003d s2.sid)",
          "Plan Rows": 5000,
          "Inner Unique": true
        }
      ],
      "Parallel Aware": false,
      "Node Type": "Hash",
      "Plan Width": 8,
      "Startup Cost": 637.05,
      "Plan Rows": 5000
    }
  ],
  "Parallel Aware": false,
  "Node Type": "Hash Join",
  "Join Type": "Semi",
  "Plan Width": 21,
  "Startup Cost": 1052.05,
  "Hash Cond": "(s.sid \u003d s2.sid)",
  "Plan Rows": 2778,
  "Inner Unique": false
}

------------------------------

Indicies Configuration #71:
Index hash on column bid in table reserves
Index btree on column color in table boat
Index hash on column sid in table reserves
Index btree on column bid in table boat

------------------------------

1. The Total Cost of the Plan = 1380.64
2. The Estimated Size of the Result Set = 2778
3. The Plan of the Query:
{
  "Total Cost": 1380.64,
  "Plans": [
    {
      "Parent Relationship": "Outer",
      "Total Cost": 637.05,
      "Plans": [
        {
          "Parent Relationship": "Outer",
          "Total Cost": 346.42,
          "Plans": [
            {
              "Parent Relationship": "Outer",
              "Total Cost": 231.99,
              "Relation Name": "reserves",
              "Parallel Aware": false,
              "Alias": "r",
              "Node Type": "Seq Scan",
              "Plan Width": 8,
              "Startup Cost": 0.0,
              "Plan Rows": 14999
            },
            {
              "Parent Relationship": "Inner",
              "Total Cost": 62.5,
              "Plans": [
                {
                  "Parent Relationship": "Outer",
                  "Total Cost": 62.5,
                  "Relation Name": "boat",
                  "Parallel Aware": false,
                  "Filter": "(color \u003d \u0027red\u0027::bpchar)",
                  "Alias": "b",
                  "Node Type": "Seq Scan",
                  "Plan Width": 4,
                  "Startup Cost": 0.0,
                  "Plan Rows": 1000
                }
              ],
              "Parallel Aware": false,
              "Node Type": "Hash",
              "Plan Width": 4,
              "Startup Cost": 62.5,
              "Plan Rows": 1000
            }
          ],
          "Parallel Aware": false,
          "Node Type": "Hash Join",
          "Join Type": "Inner",
          "Plan Width": 4,
          "Startup Cost": 75.0,
          "Hash Cond": "(r.bid \u003d b.bid)",
          "Plan Rows": 5000,
          "Inner Unique": true
        },
        {
          "Parent Relationship": "Inner",
          "Total Cost": 165.0,
          "Plans": [
            {
              "Parent Relationship": "Outer",
              "Total Cost": 165.0,
              "Relation Name": "sailors",
              "Parallel Aware": false,
              "Alias": "s",
              "Node Type": "Seq Scan",
              "Plan Width": 25,
              "Startup Cost": 0.0,
              "Plan Rows": 9000
            }
          ],
          "Parallel Aware": false,
          "Node Type": "Hash",
          "Plan Width": 25,
          "Startup Cost": 165.0,
          "Plan Rows": 9000
        }
      ],
      "Parallel Aware": false,
      "Node Type": "Hash Join",
      "Join Type": "Inner",
      "Plan Width": 29,
      "Startup Cost": 352.5,
      "Hash Cond": "(r.sid \u003d s.sid)",
      "Plan Rows": 5000,
      "Inner Unique": true
    },
    {
      "Parent Relationship": "Inner",
      "Total Cost": 637.05,
      "Plans": [
        {
          "Parent Relationship": "Outer",
          "Total Cost": 637.05,
          "Plans": [
            {
              "Parent Relationship": "Outer",
              "Total Cost": 346.42,
              "Plans": [
                {
                  "Parent Relationship": "Outer",
                  "Total Cost": 231.99,
                  "Relation Name": "reserves",
                  "Parallel Aware": false,
                  "Alias": "r2",
                  "Node Type": "Seq Scan",
                  "Plan Width": 8,
                  "Startup Cost": 0.0,
                  "Plan Rows": 14999
                },
                {
                  "Parent Relationship": "Inner",
                  "Total Cost": 62.5,
                  "Plans": [
                    {
                      "Parent Relationship": "Outer",
                      "Total Cost": 62.5,
                      "Relation Name": "boat",
                      "Parallel Aware": false,
                      "Filter": "(color \u003d \u0027green\u0027::bpchar)",
                      "Alias": "b2",
                      "Node Type": "Seq Scan",
                      "Plan Width": 4,
                      "Startup Cost": 0.0,
                      "Plan Rows": 1000
                    }
                  ],
                  "Parallel Aware": false,
                  "Node Type": "Hash",
                  "Plan Width": 4,
                  "Startup Cost": 62.5,
                  "Plan Rows": 1000
                }
              ],
              "Parallel Aware": false,
              "Node Type": "Hash Join",
              "Join Type": "Inner",
              "Plan Width": 4,
              "Startup Cost": 75.0,
              "Hash Cond": "(r2.bid \u003d b2.bid)",
              "Plan Rows": 5000,
              "Inner Unique": true
            },
            {
              "Parent Relationship": "Inner",
              "Total Cost": 165.0,
              "Plans": [
                {
                  "Parent Relationship": "Outer",
                  "Total Cost": 165.0,
                  "Relation Name": "sailors",
                  "Parallel Aware": false,
                  "Alias": "s2",
                  "Node Type": "Seq Scan",
                  "Plan Width": 4,
                  "Startup Cost": 0.0,
                  "Plan Rows": 9000
                }
              ],
              "Parallel Aware": false,
              "Node Type": "Hash",
              "Plan Width": 4,
              "Startup Cost": 165.0,
              "Plan Rows": 9000
            }
          ],
          "Parallel Aware": false,
          "Node Type": "Hash Join",
          "Join Type": "Inner",
          "Plan Width": 8,
          "Startup Cost": 352.5,
          "Hash Cond": "(r2.sid \u003d s2.sid)",
          "Plan Rows": 5000,
          "Inner Unique": true
        }
      ],
      "Parallel Aware": false,
      "Node Type": "Hash",
      "Plan Width": 8,
      "Startup Cost": 637.05,
      "Plan Rows": 5000
    }
  ],
  "Parallel Aware": false,
  "Node Type": "Hash Join",
  "Join Type": "Semi",
  "Plan Width": 21,
  "Startup Cost": 1052.05,
  "Hash Cond": "(s.sid \u003d s2.sid)",
  "Plan Rows": 2778,
  "Inner Unique": false
}

------------------------------

Indicies Configuration #72:
Index hash on column bid in table reserves
Index btree on column color in table boat
Index hash on column sid in table reserves
Index hash on column bid in table boat

------------------------------

1. The Total Cost of the Plan = 1380.64
2. The Estimated Size of the Result Set = 2778
3. The Plan of the Query:
{
  "Total Cost": 1380.64,
  "Plans": [
    {
      "Parent Relationship": "Outer",
      "Total Cost": 637.05,
      "Plans": [
        {
          "Parent Relationship": "Outer",
          "Total Cost": 346.42,
          "Plans": [
            {
              "Parent Relationship": "Outer",
              "Total Cost": 231.99,
              "Relation Name": "reserves",
              "Parallel Aware": false,
              "Alias": "r",
              "Node Type": "Seq Scan",
              "Plan Width": 8,
              "Startup Cost": 0.0,
              "Plan Rows": 14999
            },
            {
              "Parent Relationship": "Inner",
              "Total Cost": 62.5,
              "Plans": [
                {
                  "Parent Relationship": "Outer",
                  "Total Cost": 62.5,
                  "Relation Name": "boat",
                  "Parallel Aware": false,
                  "Filter": "(color \u003d \u0027red\u0027::bpchar)",
                  "Alias": "b",
                  "Node Type": "Seq Scan",
                  "Plan Width": 4,
                  "Startup Cost": 0.0,
                  "Plan Rows": 1000
                }
              ],
              "Parallel Aware": false,
              "Node Type": "Hash",
              "Plan Width": 4,
              "Startup Cost": 62.5,
              "Plan Rows": 1000
            }
          ],
          "Parallel Aware": false,
          "Node Type": "Hash Join",
          "Join Type": "Inner",
          "Plan Width": 4,
          "Startup Cost": 75.0,
          "Hash Cond": "(r.bid \u003d b.bid)",
          "Plan Rows": 5000,
          "Inner Unique": true
        },
        {
          "Parent Relationship": "Inner",
          "Total Cost": 165.0,
          "Plans": [
            {
              "Parent Relationship": "Outer",
              "Total Cost": 165.0,
              "Relation Name": "sailors",
              "Parallel Aware": false,
              "Alias": "s",
              "Node Type": "Seq Scan",
              "Plan Width": 25,
              "Startup Cost": 0.0,
              "Plan Rows": 9000
            }
          ],
          "Parallel Aware": false,
          "Node Type": "Hash",
          "Plan Width": 25,
          "Startup Cost": 165.0,
          "Plan Rows": 9000
        }
      ],
      "Parallel Aware": false,
      "Node Type": "Hash Join",
      "Join Type": "Inner",
      "Plan Width": 29,
      "Startup Cost": 352.5,
      "Hash Cond": "(r.sid \u003d s.sid)",
      "Plan Rows": 5000,
      "Inner Unique": true
    },
    {
      "Parent Relationship": "Inner",
      "Total Cost": 637.05,
      "Plans": [
        {
          "Parent Relationship": "Outer",
          "Total Cost": 637.05,
          "Plans": [
            {
              "Parent Relationship": "Outer",
              "Total Cost": 346.42,
              "Plans": [
                {
                  "Parent Relationship": "Outer",
                  "Total Cost": 231.99,
                  "Relation Name": "reserves",
                  "Parallel Aware": false,
                  "Alias": "r2",
                  "Node Type": "Seq Scan",
                  "Plan Width": 8,
                  "Startup Cost": 0.0,
                  "Plan Rows": 14999
                },
                {
                  "Parent Relationship": "Inner",
                  "Total Cost": 62.5,
                  "Plans": [
                    {
                      "Parent Relationship": "Outer",
                      "Total Cost": 62.5,
                      "Relation Name": "boat",
                      "Parallel Aware": false,
                      "Filter": "(color \u003d \u0027green\u0027::bpchar)",
                      "Alias": "b2",
                      "Node Type": "Seq Scan",
                      "Plan Width": 4,
                      "Startup Cost": 0.0,
                      "Plan Rows": 1000
                    }
                  ],
                  "Parallel Aware": false,
                  "Node Type": "Hash",
                  "Plan Width": 4,
                  "Startup Cost": 62.5,
                  "Plan Rows": 1000
                }
              ],
              "Parallel Aware": false,
              "Node Type": "Hash Join",
              "Join Type": "Inner",
              "Plan Width": 4,
              "Startup Cost": 75.0,
              "Hash Cond": "(r2.bid \u003d b2.bid)",
              "Plan Rows": 5000,
              "Inner Unique": true
            },
            {
              "Parent Relationship": "Inner",
              "Total Cost": 165.0,
              "Plans": [
                {
                  "Parent Relationship": "Outer",
                  "Total Cost": 165.0,
                  "Relation Name": "sailors",
                  "Parallel Aware": false,
                  "Alias": "s2",
                  "Node Type": "Seq Scan",
                  "Plan Width": 4,
                  "Startup Cost": 0.0,
                  "Plan Rows": 9000
                }
              ],
              "Parallel Aware": false,
              "Node Type": "Hash",
              "Plan Width": 4,
              "Startup Cost": 165.0,
              "Plan Rows": 9000
            }
          ],
          "Parallel Aware": false,
          "Node Type": "Hash Join",
          "Join Type": "Inner",
          "Plan Width": 8,
          "Startup Cost": 352.5,
          "Hash Cond": "(r2.sid \u003d s2.sid)",
          "Plan Rows": 5000,
          "Inner Unique": true
        }
      ],
      "Parallel Aware": false,
      "Node Type": "Hash",
      "Plan Width": 8,
      "Startup Cost": 637.05,
      "Plan Rows": 5000
    }
  ],
  "Parallel Aware": false,
  "Node Type": "Hash Join",
  "Join Type": "Semi",
  "Plan Width": 21,
  "Startup Cost": 1052.05,
  "Hash Cond": "(s.sid \u003d s2.sid)",
  "Plan Rows": 2778,
  "Inner Unique": false
}

------------------------------

Indicies Configuration #73:
Index hash on column bid in table reserves
Index hash on column color in table boat

------------------------------

1. The Total Cost of the Plan = 1380.64
2. The Estimated Size of the Result Set = 2778
3. The Plan of the Query:
{
  "Total Cost": 1380.64,
  "Plans": [
    {
      "Parent Relationship": "Outer",
      "Total Cost": 637.05,
      "Plans": [
        {
          "Parent Relationship": "Outer",
          "Total Cost": 346.42,
          "Plans": [
            {
              "Parent Relationship": "Outer",
              "Total Cost": 231.99,
              "Relation Name": "reserves",
              "Parallel Aware": false,
              "Alias": "r",
              "Node Type": "Seq Scan",
              "Plan Width": 8,
              "Startup Cost": 0.0,
              "Plan Rows": 14999
            },
            {
              "Parent Relationship": "Inner",
              "Total Cost": 62.5,
              "Plans": [
                {
                  "Parent Relationship": "Outer",
                  "Total Cost": 62.5,
                  "Relation Name": "boat",
                  "Parallel Aware": false,
                  "Filter": "(color \u003d \u0027red\u0027::bpchar)",
                  "Alias": "b",
                  "Node Type": "Seq Scan",
                  "Plan Width": 4,
                  "Startup Cost": 0.0,
                  "Plan Rows": 1000
                }
              ],
              "Parallel Aware": false,
              "Node Type": "Hash",
              "Plan Width": 4,
              "Startup Cost": 62.5,
              "Plan Rows": 1000
            }
          ],
          "Parallel Aware": false,
          "Node Type": "Hash Join",
          "Join Type": "Inner",
          "Plan Width": 4,
          "Startup Cost": 75.0,
          "Hash Cond": "(r.bid \u003d b.bid)",
          "Plan Rows": 5000,
          "Inner Unique": true
        },
        {
          "Parent Relationship": "Inner",
          "Total Cost": 165.0,
          "Plans": [
            {
              "Parent Relationship": "Outer",
              "Total Cost": 165.0,
              "Relation Name": "sailors",
              "Parallel Aware": false,
              "Alias": "s",
              "Node Type": "Seq Scan",
              "Plan Width": 25,
              "Startup Cost": 0.0,
              "Plan Rows": 9000
            }
          ],
          "Parallel Aware": false,
          "Node Type": "Hash",
          "Plan Width": 25,
          "Startup Cost": 165.0,
          "Plan Rows": 9000
        }
      ],
      "Parallel Aware": false,
      "Node Type": "Hash Join",
      "Join Type": "Inner",
      "Plan Width": 29,
      "Startup Cost": 352.5,
      "Hash Cond": "(r.sid \u003d s.sid)",
      "Plan Rows": 5000,
      "Inner Unique": true
    },
    {
      "Parent Relationship": "Inner",
      "Total Cost": 637.05,
      "Plans": [
        {
          "Parent Relationship": "Outer",
          "Total Cost": 637.05,
          "Plans": [
            {
              "Parent Relationship": "Outer",
              "Total Cost": 346.42,
              "Plans": [
                {
                  "Parent Relationship": "Outer",
                  "Total Cost": 231.99,
                  "Relation Name": "reserves",
                  "Parallel Aware": false,
                  "Alias": "r2",
                  "Node Type": "Seq Scan",
                  "Plan Width": 8,
                  "Startup Cost": 0.0,
                  "Plan Rows": 14999
                },
                {
                  "Parent Relationship": "Inner",
                  "Total Cost": 62.5,
                  "Plans": [
                    {
                      "Parent Relationship": "Outer",
                      "Total Cost": 62.5,
                      "Relation Name": "boat",
                      "Parallel Aware": false,
                      "Filter": "(color \u003d \u0027green\u0027::bpchar)",
                      "Alias": "b2",
                      "Node Type": "Seq Scan",
                      "Plan Width": 4,
                      "Startup Cost": 0.0,
                      "Plan Rows": 1000
                    }
                  ],
                  "Parallel Aware": false,
                  "Node Type": "Hash",
                  "Plan Width": 4,
                  "Startup Cost": 62.5,
                  "Plan Rows": 1000
                }
              ],
              "Parallel Aware": false,
              "Node Type": "Hash Join",
              "Join Type": "Inner",
              "Plan Width": 4,
              "Startup Cost": 75.0,
              "Hash Cond": "(r2.bid \u003d b2.bid)",
              "Plan Rows": 5000,
              "Inner Unique": true
            },
            {
              "Parent Relationship": "Inner",
              "Total Cost": 165.0,
              "Plans": [
                {
                  "Parent Relationship": "Outer",
                  "Total Cost": 165.0,
                  "Relation Name": "sailors",
                  "Parallel Aware": false,
                  "Alias": "s2",
                  "Node Type": "Seq Scan",
                  "Plan Width": 4,
                  "Startup Cost": 0.0,
                  "Plan Rows": 9000
                }
              ],
              "Parallel Aware": false,
              "Node Type": "Hash",
              "Plan Width": 4,
              "Startup Cost": 165.0,
              "Plan Rows": 9000
            }
          ],
          "Parallel Aware": false,
          "Node Type": "Hash Join",
          "Join Type": "Inner",
          "Plan Width": 8,
          "Startup Cost": 352.5,
          "Hash Cond": "(r2.sid \u003d s2.sid)",
          "Plan Rows": 5000,
          "Inner Unique": true
        }
      ],
      "Parallel Aware": false,
      "Node Type": "Hash",
      "Plan Width": 8,
      "Startup Cost": 637.05,
      "Plan Rows": 5000
    }
  ],
  "Parallel Aware": false,
  "Node Type": "Hash Join",
  "Join Type": "Semi",
  "Plan Width": 21,
  "Startup Cost": 1052.05,
  "Hash Cond": "(s.sid \u003d s2.sid)",
  "Plan Rows": 2778,
  "Inner Unique": false
}

------------------------------

Indicies Configuration #74:
Index hash on column bid in table reserves
Index hash on column color in table boat
Index btree on column bid in table boat

------------------------------

1. The Total Cost of the Plan = 1380.64
2. The Estimated Size of the Result Set = 2778
3. The Plan of the Query:
{
  "Total Cost": 1380.64,
  "Plans": [
    {
      "Parent Relationship": "Outer",
      "Total Cost": 637.05,
      "Plans": [
        {
          "Parent Relationship": "Outer",
          "Total Cost": 346.42,
          "Plans": [
            {
              "Parent Relationship": "Outer",
              "Total Cost": 231.99,
              "Relation Name": "reserves",
              "Parallel Aware": false,
              "Alias": "r",
              "Node Type": "Seq Scan",
              "Plan Width": 8,
              "Startup Cost": 0.0,
              "Plan Rows": 14999
            },
            {
              "Parent Relationship": "Inner",
              "Total Cost": 62.5,
              "Plans": [
                {
                  "Parent Relationship": "Outer",
                  "Total Cost": 62.5,
                  "Relation Name": "boat",
                  "Parallel Aware": false,
                  "Filter": "(color \u003d \u0027red\u0027::bpchar)",
                  "Alias": "b",
                  "Node Type": "Seq Scan",
                  "Plan Width": 4,
                  "Startup Cost": 0.0,
                  "Plan Rows": 1000
                }
              ],
              "Parallel Aware": false,
              "Node Type": "Hash",
              "Plan Width": 4,
              "Startup Cost": 62.5,
              "Plan Rows": 1000
            }
          ],
          "Parallel Aware": false,
          "Node Type": "Hash Join",
          "Join Type": "Inner",
          "Plan Width": 4,
          "Startup Cost": 75.0,
          "Hash Cond": "(r.bid \u003d b.bid)",
          "Plan Rows": 5000,
          "Inner Unique": true
        },
        {
          "Parent Relationship": "Inner",
          "Total Cost": 165.0,
          "Plans": [
            {
              "Parent Relationship": "Outer",
              "Total Cost": 165.0,
              "Relation Name": "sailors",
              "Parallel Aware": false,
              "Alias": "s",
              "Node Type": "Seq Scan",
              "Plan Width": 25,
              "Startup Cost": 0.0,
              "Plan Rows": 9000
            }
          ],
          "Parallel Aware": false,
          "Node Type": "Hash",
          "Plan Width": 25,
          "Startup Cost": 165.0,
          "Plan Rows": 9000
        }
      ],
      "Parallel Aware": false,
      "Node Type": "Hash Join",
      "Join Type": "Inner",
      "Plan Width": 29,
      "Startup Cost": 352.5,
      "Hash Cond": "(r.sid \u003d s.sid)",
      "Plan Rows": 5000,
      "Inner Unique": true
    },
    {
      "Parent Relationship": "Inner",
      "Total Cost": 637.05,
      "Plans": [
        {
          "Parent Relationship": "Outer",
          "Total Cost": 637.05,
          "Plans": [
            {
              "Parent Relationship": "Outer",
              "Total Cost": 346.42,
              "Plans": [
                {
                  "Parent Relationship": "Outer",
                  "Total Cost": 231.99,
                  "Relation Name": "reserves",
                  "Parallel Aware": false,
                  "Alias": "r2",
                  "Node Type": "Seq Scan",
                  "Plan Width": 8,
                  "Startup Cost": 0.0,
                  "Plan Rows": 14999
                },
                {
                  "Parent Relationship": "Inner",
                  "Total Cost": 62.5,
                  "Plans": [
                    {
                      "Parent Relationship": "Outer",
                      "Total Cost": 62.5,
                      "Relation Name": "boat",
                      "Parallel Aware": false,
                      "Filter": "(color \u003d \u0027green\u0027::bpchar)",
                      "Alias": "b2",
                      "Node Type": "Seq Scan",
                      "Plan Width": 4,
                      "Startup Cost": 0.0,
                      "Plan Rows": 1000
                    }
                  ],
                  "Parallel Aware": false,
                  "Node Type": "Hash",
                  "Plan Width": 4,
                  "Startup Cost": 62.5,
                  "Plan Rows": 1000
                }
              ],
              "Parallel Aware": false,
              "Node Type": "Hash Join",
              "Join Type": "Inner",
              "Plan Width": 4,
              "Startup Cost": 75.0,
              "Hash Cond": "(r2.bid \u003d b2.bid)",
              "Plan Rows": 5000,
              "Inner Unique": true
            },
            {
              "Parent Relationship": "Inner",
              "Total Cost": 165.0,
              "Plans": [
                {
                  "Parent Relationship": "Outer",
                  "Total Cost": 165.0,
                  "Relation Name": "sailors",
                  "Parallel Aware": false,
                  "Alias": "s2",
                  "Node Type": "Seq Scan",
                  "Plan Width": 4,
                  "Startup Cost": 0.0,
                  "Plan Rows": 9000
                }
              ],
              "Parallel Aware": false,
              "Node Type": "Hash",
              "Plan Width": 4,
              "Startup Cost": 165.0,
              "Plan Rows": 9000
            }
          ],
          "Parallel Aware": false,
          "Node Type": "Hash Join",
          "Join Type": "Inner",
          "Plan Width": 8,
          "Startup Cost": 352.5,
          "Hash Cond": "(r2.sid \u003d s2.sid)",
          "Plan Rows": 5000,
          "Inner Unique": true
        }
      ],
      "Parallel Aware": false,
      "Node Type": "Hash",
      "Plan Width": 8,
      "Startup Cost": 637.05,
      "Plan Rows": 5000
    }
  ],
  "Parallel Aware": false,
  "Node Type": "Hash Join",
  "Join Type": "Semi",
  "Plan Width": 21,
  "Startup Cost": 1052.05,
  "Hash Cond": "(s.sid \u003d s2.sid)",
  "Plan Rows": 2778,
  "Inner Unique": false
}

------------------------------

Indicies Configuration #75:
Index hash on column bid in table reserves
Index hash on column color in table boat
Index hash on column bid in table boat

------------------------------

1. The Total Cost of the Plan = 1380.64
2. The Estimated Size of the Result Set = 2778
3. The Plan of the Query:
{
  "Total Cost": 1380.64,
  "Plans": [
    {
      "Parent Relationship": "Outer",
      "Total Cost": 637.05,
      "Plans": [
        {
          "Parent Relationship": "Outer",
          "Total Cost": 346.42,
          "Plans": [
            {
              "Parent Relationship": "Outer",
              "Total Cost": 231.99,
              "Relation Name": "reserves",
              "Parallel Aware": false,
              "Alias": "r",
              "Node Type": "Seq Scan",
              "Plan Width": 8,
              "Startup Cost": 0.0,
              "Plan Rows": 14999
            },
            {
              "Parent Relationship": "Inner",
              "Total Cost": 62.5,
              "Plans": [
                {
                  "Parent Relationship": "Outer",
                  "Total Cost": 62.5,
                  "Relation Name": "boat",
                  "Parallel Aware": false,
                  "Filter": "(color \u003d \u0027red\u0027::bpchar)",
                  "Alias": "b",
                  "Node Type": "Seq Scan",
                  "Plan Width": 4,
                  "Startup Cost": 0.0,
                  "Plan Rows": 1000
                }
              ],
              "Parallel Aware": false,
              "Node Type": "Hash",
              "Plan Width": 4,
              "Startup Cost": 62.5,
              "Plan Rows": 1000
            }
          ],
          "Parallel Aware": false,
          "Node Type": "Hash Join",
          "Join Type": "Inner",
          "Plan Width": 4,
          "Startup Cost": 75.0,
          "Hash Cond": "(r.bid \u003d b.bid)",
          "Plan Rows": 5000,
          "Inner Unique": true
        },
        {
          "Parent Relationship": "Inner",
          "Total Cost": 165.0,
          "Plans": [
            {
              "Parent Relationship": "Outer",
              "Total Cost": 165.0,
              "Relation Name": "sailors",
              "Parallel Aware": false,
              "Alias": "s",
              "Node Type": "Seq Scan",
              "Plan Width": 25,
              "Startup Cost": 0.0,
              "Plan Rows": 9000
            }
          ],
          "Parallel Aware": false,
          "Node Type": "Hash",
          "Plan Width": 25,
          "Startup Cost": 165.0,
          "Plan Rows": 9000
        }
      ],
      "Parallel Aware": false,
      "Node Type": "Hash Join",
      "Join Type": "Inner",
      "Plan Width": 29,
      "Startup Cost": 352.5,
      "Hash Cond": "(r.sid \u003d s.sid)",
      "Plan Rows": 5000,
      "Inner Unique": true
    },
    {
      "Parent Relationship": "Inner",
      "Total Cost": 637.05,
      "Plans": [
        {
          "Parent Relationship": "Outer",
          "Total Cost": 637.05,
          "Plans": [
            {
              "Parent Relationship": "Outer",
              "Total Cost": 346.42,
              "Plans": [
                {
                  "Parent Relationship": "Outer",
                  "Total Cost": 231.99,
                  "Relation Name": "reserves",
                  "Parallel Aware": false,
                  "Alias": "r2",
                  "Node Type": "Seq Scan",
                  "Plan Width": 8,
                  "Startup Cost": 0.0,
                  "Plan Rows": 14999
                },
                {
                  "Parent Relationship": "Inner",
                  "Total Cost": 62.5,
                  "Plans": [
                    {
                      "Parent Relationship": "Outer",
                      "Total Cost": 62.5,
                      "Relation Name": "boat",
                      "Parallel Aware": false,
                      "Filter": "(color \u003d \u0027green\u0027::bpchar)",
                      "Alias": "b2",
                      "Node Type": "Seq Scan",
                      "Plan Width": 4,
                      "Startup Cost": 0.0,
                      "Plan Rows": 1000
                    }
                  ],
                  "Parallel Aware": false,
                  "Node Type": "Hash",
                  "Plan Width": 4,
                  "Startup Cost": 62.5,
                  "Plan Rows": 1000
                }
              ],
              "Parallel Aware": false,
              "Node Type": "Hash Join",
              "Join Type": "Inner",
              "Plan Width": 4,
              "Startup Cost": 75.0,
              "Hash Cond": "(r2.bid \u003d b2.bid)",
              "Plan Rows": 5000,
              "Inner Unique": true
            },
            {
              "Parent Relationship": "Inner",
              "Total Cost": 165.0,
              "Plans": [
                {
                  "Parent Relationship": "Outer",
                  "Total Cost": 165.0,
                  "Relation Name": "sailors",
                  "Parallel Aware": false,
                  "Alias": "s2",
                  "Node Type": "Seq Scan",
                  "Plan Width": 4,
                  "Startup Cost": 0.0,
                  "Plan Rows": 9000
                }
              ],
              "Parallel Aware": false,
              "Node Type": "Hash",
              "Plan Width": 4,
              "Startup Cost": 165.0,
              "Plan Rows": 9000
            }
          ],
          "Parallel Aware": false,
          "Node Type": "Hash Join",
          "Join Type": "Inner",
          "Plan Width": 8,
          "Startup Cost": 352.5,
          "Hash Cond": "(r2.sid \u003d s2.sid)",
          "Plan Rows": 5000,
          "Inner Unique": true
        }
      ],
      "Parallel Aware": false,
      "Node Type": "Hash",
      "Plan Width": 8,
      "Startup Cost": 637.05,
      "Plan Rows": 5000
    }
  ],
  "Parallel Aware": false,
  "Node Type": "Hash Join",
  "Join Type": "Semi",
  "Plan Width": 21,
  "Startup Cost": 1052.05,
  "Hash Cond": "(s.sid \u003d s2.sid)",
  "Plan Rows": 2778,
  "Inner Unique": false
}

------------------------------

Indicies Configuration #76:
Index hash on column bid in table reserves
Index hash on column color in table boat
Index btree on column sid in table reserves

------------------------------

1. The Total Cost of the Plan = 1380.64
2. The Estimated Size of the Result Set = 2778
3. The Plan of the Query:
{
  "Total Cost": 1380.64,
  "Plans": [
    {
      "Parent Relationship": "Outer",
      "Total Cost": 637.05,
      "Plans": [
        {
          "Parent Relationship": "Outer",
          "Total Cost": 346.42,
          "Plans": [
            {
              "Parent Relationship": "Outer",
              "Total Cost": 231.99,
              "Relation Name": "reserves",
              "Parallel Aware": false,
              "Alias": "r",
              "Node Type": "Seq Scan",
              "Plan Width": 8,
              "Startup Cost": 0.0,
              "Plan Rows": 14999
            },
            {
              "Parent Relationship": "Inner",
              "Total Cost": 62.5,
              "Plans": [
                {
                  "Parent Relationship": "Outer",
                  "Total Cost": 62.5,
                  "Relation Name": "boat",
                  "Parallel Aware": false,
                  "Filter": "(color \u003d \u0027red\u0027::bpchar)",
                  "Alias": "b",
                  "Node Type": "Seq Scan",
                  "Plan Width": 4,
                  "Startup Cost": 0.0,
                  "Plan Rows": 1000
                }
              ],
              "Parallel Aware": false,
              "Node Type": "Hash",
              "Plan Width": 4,
              "Startup Cost": 62.5,
              "Plan Rows": 1000
            }
          ],
          "Parallel Aware": false,
          "Node Type": "Hash Join",
          "Join Type": "Inner",
          "Plan Width": 4,
          "Startup Cost": 75.0,
          "Hash Cond": "(r.bid \u003d b.bid)",
          "Plan Rows": 5000,
          "Inner Unique": true
        },
        {
          "Parent Relationship": "Inner",
          "Total Cost": 165.0,
          "Plans": [
            {
              "Parent Relationship": "Outer",
              "Total Cost": 165.0,
              "Relation Name": "sailors",
              "Parallel Aware": false,
              "Alias": "s",
              "Node Type": "Seq Scan",
              "Plan Width": 25,
              "Startup Cost": 0.0,
              "Plan Rows": 9000
            }
          ],
          "Parallel Aware": false,
          "Node Type": "Hash",
          "Plan Width": 25,
          "Startup Cost": 165.0,
          "Plan Rows": 9000
        }
      ],
      "Parallel Aware": false,
      "Node Type": "Hash Join",
      "Join Type": "Inner",
      "Plan Width": 29,
      "Startup Cost": 352.5,
      "Hash Cond": "(r.sid \u003d s.sid)",
      "Plan Rows": 5000,
      "Inner Unique": true
    },
    {
      "Parent Relationship": "Inner",
      "Total Cost": 637.05,
      "Plans": [
        {
          "Parent Relationship": "Outer",
          "Total Cost": 637.05,
          "Plans": [
            {
              "Parent Relationship": "Outer",
              "Total Cost": 346.42,
              "Plans": [
                {
                  "Parent Relationship": "Outer",
                  "Total Cost": 231.99,
                  "Relation Name": "reserves",
                  "Parallel Aware": false,
                  "Alias": "r2",
                  "Node Type": "Seq Scan",
                  "Plan Width": 8,
                  "Startup Cost": 0.0,
                  "Plan Rows": 14999
                },
                {
                  "Parent Relationship": "Inner",
                  "Total Cost": 62.5,
                  "Plans": [
                    {
                      "Parent Relationship": "Outer",
                      "Total Cost": 62.5,
                      "Relation Name": "boat",
                      "Parallel Aware": false,
                      "Filter": "(color \u003d \u0027green\u0027::bpchar)",
                      "Alias": "b2",
                      "Node Type": "Seq Scan",
                      "Plan Width": 4,
                      "Startup Cost": 0.0,
                      "Plan Rows": 1000
                    }
                  ],
                  "Parallel Aware": false,
                  "Node Type": "Hash",
                  "Plan Width": 4,
                  "Startup Cost": 62.5,
                  "Plan Rows": 1000
                }
              ],
              "Parallel Aware": false,
              "Node Type": "Hash Join",
              "Join Type": "Inner",
              "Plan Width": 4,
              "Startup Cost": 75.0,
              "Hash Cond": "(r2.bid \u003d b2.bid)",
              "Plan Rows": 5000,
              "Inner Unique": true
            },
            {
              "Parent Relationship": "Inner",
              "Total Cost": 165.0,
              "Plans": [
                {
                  "Parent Relationship": "Outer",
                  "Total Cost": 165.0,
                  "Relation Name": "sailors",
                  "Parallel Aware": false,
                  "Alias": "s2",
                  "Node Type": "Seq Scan",
                  "Plan Width": 4,
                  "Startup Cost": 0.0,
                  "Plan Rows": 9000
                }
              ],
              "Parallel Aware": false,
              "Node Type": "Hash",
              "Plan Width": 4,
              "Startup Cost": 165.0,
              "Plan Rows": 9000
            }
          ],
          "Parallel Aware": false,
          "Node Type": "Hash Join",
          "Join Type": "Inner",
          "Plan Width": 8,
          "Startup Cost": 352.5,
          "Hash Cond": "(r2.sid \u003d s2.sid)",
          "Plan Rows": 5000,
          "Inner Unique": true
        }
      ],
      "Parallel Aware": false,
      "Node Type": "Hash",
      "Plan Width": 8,
      "Startup Cost": 637.05,
      "Plan Rows": 5000
    }
  ],
  "Parallel Aware": false,
  "Node Type": "Hash Join",
  "Join Type": "Semi",
  "Plan Width": 21,
  "Startup Cost": 1052.05,
  "Hash Cond": "(s.sid \u003d s2.sid)",
  "Plan Rows": 2778,
  "Inner Unique": false
}

------------------------------

Indicies Configuration #77:
Index hash on column bid in table reserves
Index hash on column color in table boat
Index btree on column sid in table reserves
Index btree on column bid in table boat

------------------------------

1. The Total Cost of the Plan = 1380.64
2. The Estimated Size of the Result Set = 2778
3. The Plan of the Query:
{
  "Total Cost": 1380.64,
  "Plans": [
    {
      "Parent Relationship": "Outer",
      "Total Cost": 637.05,
      "Plans": [
        {
          "Parent Relationship": "Outer",
          "Total Cost": 346.42,
          "Plans": [
            {
              "Parent Relationship": "Outer",
              "Total Cost": 231.99,
              "Relation Name": "reserves",
              "Parallel Aware": false,
              "Alias": "r",
              "Node Type": "Seq Scan",
              "Plan Width": 8,
              "Startup Cost": 0.0,
              "Plan Rows": 14999
            },
            {
              "Parent Relationship": "Inner",
              "Total Cost": 62.5,
              "Plans": [
                {
                  "Parent Relationship": "Outer",
                  "Total Cost": 62.5,
                  "Relation Name": "boat",
                  "Parallel Aware": false,
                  "Filter": "(color \u003d \u0027red\u0027::bpchar)",
                  "Alias": "b",
                  "Node Type": "Seq Scan",
                  "Plan Width": 4,
                  "Startup Cost": 0.0,
                  "Plan Rows": 1000
                }
              ],
              "Parallel Aware": false,
              "Node Type": "Hash",
              "Plan Width": 4,
              "Startup Cost": 62.5,
              "Plan Rows": 1000
            }
          ],
          "Parallel Aware": false,
          "Node Type": "Hash Join",
          "Join Type": "Inner",
          "Plan Width": 4,
          "Startup Cost": 75.0,
          "Hash Cond": "(r.bid \u003d b.bid)",
          "Plan Rows": 5000,
          "Inner Unique": true
        },
        {
          "Parent Relationship": "Inner",
          "Total Cost": 165.0,
          "Plans": [
            {
              "Parent Relationship": "Outer",
              "Total Cost": 165.0,
              "Relation Name": "sailors",
              "Parallel Aware": false,
              "Alias": "s",
              "Node Type": "Seq Scan",
              "Plan Width": 25,
              "Startup Cost": 0.0,
              "Plan Rows": 9000
            }
          ],
          "Parallel Aware": false,
          "Node Type": "Hash",
          "Plan Width": 25,
          "Startup Cost": 165.0,
          "Plan Rows": 9000
        }
      ],
      "Parallel Aware": false,
      "Node Type": "Hash Join",
      "Join Type": "Inner",
      "Plan Width": 29,
      "Startup Cost": 352.5,
      "Hash Cond": "(r.sid \u003d s.sid)",
      "Plan Rows": 5000,
      "Inner Unique": true
    },
    {
      "Parent Relationship": "Inner",
      "Total Cost": 637.05,
      "Plans": [
        {
          "Parent Relationship": "Outer",
          "Total Cost": 637.05,
          "Plans": [
            {
              "Parent Relationship": "Outer",
              "Total Cost": 346.42,
              "Plans": [
                {
                  "Parent Relationship": "Outer",
                  "Total Cost": 231.99,
                  "Relation Name": "reserves",
                  "Parallel Aware": false,
                  "Alias": "r2",
                  "Node Type": "Seq Scan",
                  "Plan Width": 8,
                  "Startup Cost": 0.0,
                  "Plan Rows": 14999
                },
                {
                  "Parent Relationship": "Inner",
                  "Total Cost": 62.5,
                  "Plans": [
                    {
                      "Parent Relationship": "Outer",
                      "Total Cost": 62.5,
                      "Relation Name": "boat",
                      "Parallel Aware": false,
                      "Filter": "(color \u003d \u0027green\u0027::bpchar)",
                      "Alias": "b2",
                      "Node Type": "Seq Scan",
                      "Plan Width": 4,
                      "Startup Cost": 0.0,
                      "Plan Rows": 1000
                    }
                  ],
                  "Parallel Aware": false,
                  "Node Type": "Hash",
                  "Plan Width": 4,
                  "Startup Cost": 62.5,
                  "Plan Rows": 1000
                }
              ],
              "Parallel Aware": false,
              "Node Type": "Hash Join",
              "Join Type": "Inner",
              "Plan Width": 4,
              "Startup Cost": 75.0,
              "Hash Cond": "(r2.bid \u003d b2.bid)",
              "Plan Rows": 5000,
              "Inner Unique": true
            },
            {
              "Parent Relationship": "Inner",
              "Total Cost": 165.0,
              "Plans": [
                {
                  "Parent Relationship": "Outer",
                  "Total Cost": 165.0,
                  "Relation Name": "sailors",
                  "Parallel Aware": false,
                  "Alias": "s2",
                  "Node Type": "Seq Scan",
                  "Plan Width": 4,
                  "Startup Cost": 0.0,
                  "Plan Rows": 9000
                }
              ],
              "Parallel Aware": false,
              "Node Type": "Hash",
              "Plan Width": 4,
              "Startup Cost": 165.0,
              "Plan Rows": 9000
            }
          ],
          "Parallel Aware": false,
          "Node Type": "Hash Join",
          "Join Type": "Inner",
          "Plan Width": 8,
          "Startup Cost": 352.5,
          "Hash Cond": "(r2.sid \u003d s2.sid)",
          "Plan Rows": 5000,
          "Inner Unique": true
        }
      ],
      "Parallel Aware": false,
      "Node Type": "Hash",
      "Plan Width": 8,
      "Startup Cost": 637.05,
      "Plan Rows": 5000
    }
  ],
  "Parallel Aware": false,
  "Node Type": "Hash Join",
  "Join Type": "Semi",
  "Plan Width": 21,
  "Startup Cost": 1052.05,
  "Hash Cond": "(s.sid \u003d s2.sid)",
  "Plan Rows": 2778,
  "Inner Unique": false
}

------------------------------

Indicies Configuration #78:
Index hash on column bid in table reserves
Index hash on column color in table boat
Index btree on column sid in table reserves
Index hash on column bid in table boat

------------------------------

1. The Total Cost of the Plan = 1380.64
2. The Estimated Size of the Result Set = 2778
3. The Plan of the Query:
{
  "Total Cost": 1380.64,
  "Plans": [
    {
      "Parent Relationship": "Outer",
      "Total Cost": 637.05,
      "Plans": [
        {
          "Parent Relationship": "Outer",
          "Total Cost": 346.42,
          "Plans": [
            {
              "Parent Relationship": "Outer",
              "Total Cost": 231.99,
              "Relation Name": "reserves",
              "Parallel Aware": false,
              "Alias": "r",
              "Node Type": "Seq Scan",
              "Plan Width": 8,
              "Startup Cost": 0.0,
              "Plan Rows": 14999
            },
            {
              "Parent Relationship": "Inner",
              "Total Cost": 62.5,
              "Plans": [
                {
                  "Parent Relationship": "Outer",
                  "Total Cost": 62.5,
                  "Relation Name": "boat",
                  "Parallel Aware": false,
                  "Filter": "(color \u003d \u0027red\u0027::bpchar)",
                  "Alias": "b",
                  "Node Type": "Seq Scan",
                  "Plan Width": 4,
                  "Startup Cost": 0.0,
                  "Plan Rows": 1000
                }
              ],
              "Parallel Aware": false,
              "Node Type": "Hash",
              "Plan Width": 4,
              "Startup Cost": 62.5,
              "Plan Rows": 1000
            }
          ],
          "Parallel Aware": false,
          "Node Type": "Hash Join",
          "Join Type": "Inner",
          "Plan Width": 4,
          "Startup Cost": 75.0,
          "Hash Cond": "(r.bid \u003d b.bid)",
          "Plan Rows": 5000,
          "Inner Unique": true
        },
        {
          "Parent Relationship": "Inner",
          "Total Cost": 165.0,
          "Plans": [
            {
              "Parent Relationship": "Outer",
              "Total Cost": 165.0,
              "Relation Name": "sailors",
              "Parallel Aware": false,
              "Alias": "s",
              "Node Type": "Seq Scan",
              "Plan Width": 25,
              "Startup Cost": 0.0,
              "Plan Rows": 9000
            }
          ],
          "Parallel Aware": false,
          "Node Type": "Hash",
          "Plan Width": 25,
          "Startup Cost": 165.0,
          "Plan Rows": 9000
        }
      ],
      "Parallel Aware": false,
      "Node Type": "Hash Join",
      "Join Type": "Inner",
      "Plan Width": 29,
      "Startup Cost": 352.5,
      "Hash Cond": "(r.sid \u003d s.sid)",
      "Plan Rows": 5000,
      "Inner Unique": true
    },
    {
      "Parent Relationship": "Inner",
      "Total Cost": 637.05,
      "Plans": [
        {
          "Parent Relationship": "Outer",
          "Total Cost": 637.05,
          "Plans": [
            {
              "Parent Relationship": "Outer",
              "Total Cost": 346.42,
              "Plans": [
                {
                  "Parent Relationship": "Outer",
                  "Total Cost": 231.99,
                  "Relation Name": "reserves",
                  "Parallel Aware": false,
                  "Alias": "r2",
                  "Node Type": "Seq Scan",
                  "Plan Width": 8,
                  "Startup Cost": 0.0,
                  "Plan Rows": 14999
                },
                {
                  "Parent Relationship": "Inner",
                  "Total Cost": 62.5,
                  "Plans": [
                    {
                      "Parent Relationship": "Outer",
                      "Total Cost": 62.5,
                      "Relation Name": "boat",
                      "Parallel Aware": false,
                      "Filter": "(color \u003d \u0027green\u0027::bpchar)",
                      "Alias": "b2",
                      "Node Type": "Seq Scan",
                      "Plan Width": 4,
                      "Startup Cost": 0.0,
                      "Plan Rows": 1000
                    }
                  ],
                  "Parallel Aware": false,
                  "Node Type": "Hash",
                  "Plan Width": 4,
                  "Startup Cost": 62.5,
                  "Plan Rows": 1000
                }
              ],
              "Parallel Aware": false,
              "Node Type": "Hash Join",
              "Join Type": "Inner",
              "Plan Width": 4,
              "Startup Cost": 75.0,
              "Hash Cond": "(r2.bid \u003d b2.bid)",
              "Plan Rows": 5000,
              "Inner Unique": true
            },
            {
              "Parent Relationship": "Inner",
              "Total Cost": 165.0,
              "Plans": [
                {
                  "Parent Relationship": "Outer",
                  "Total Cost": 165.0,
                  "Relation Name": "sailors",
                  "Parallel Aware": false,
                  "Alias": "s2",
                  "Node Type": "Seq Scan",
                  "Plan Width": 4,
                  "Startup Cost": 0.0,
                  "Plan Rows": 9000
                }
              ],
              "Parallel Aware": false,
              "Node Type": "Hash",
              "Plan Width": 4,
              "Startup Cost": 165.0,
              "Plan Rows": 9000
            }
          ],
          "Parallel Aware": false,
          "Node Type": "Hash Join",
          "Join Type": "Inner",
          "Plan Width": 8,
          "Startup Cost": 352.5,
          "Hash Cond": "(r2.sid \u003d s2.sid)",
          "Plan Rows": 5000,
          "Inner Unique": true
        }
      ],
      "Parallel Aware": false,
      "Node Type": "Hash",
      "Plan Width": 8,
      "Startup Cost": 637.05,
      "Plan Rows": 5000
    }
  ],
  "Parallel Aware": false,
  "Node Type": "Hash Join",
  "Join Type": "Semi",
  "Plan Width": 21,
  "Startup Cost": 1052.05,
  "Hash Cond": "(s.sid \u003d s2.sid)",
  "Plan Rows": 2778,
  "Inner Unique": false
}

------------------------------

Indicies Configuration #79:
Index hash on column bid in table reserves
Index hash on column color in table boat
Index hash on column sid in table reserves

------------------------------

1. The Total Cost of the Plan = 1380.64
2. The Estimated Size of the Result Set = 2778
3. The Plan of the Query:
{
  "Total Cost": 1380.64,
  "Plans": [
    {
      "Parent Relationship": "Outer",
      "Total Cost": 637.05,
      "Plans": [
        {
          "Parent Relationship": "Outer",
          "Total Cost": 346.42,
          "Plans": [
            {
              "Parent Relationship": "Outer",
              "Total Cost": 231.99,
              "Relation Name": "reserves",
              "Parallel Aware": false,
              "Alias": "r",
              "Node Type": "Seq Scan",
              "Plan Width": 8,
              "Startup Cost": 0.0,
              "Plan Rows": 14999
            },
            {
              "Parent Relationship": "Inner",
              "Total Cost": 62.5,
              "Plans": [
                {
                  "Parent Relationship": "Outer",
                  "Total Cost": 62.5,
                  "Relation Name": "boat",
                  "Parallel Aware": false,
                  "Filter": "(color \u003d \u0027red\u0027::bpchar)",
                  "Alias": "b",
                  "Node Type": "Seq Scan",
                  "Plan Width": 4,
                  "Startup Cost": 0.0,
                  "Plan Rows": 1000
                }
              ],
              "Parallel Aware": false,
              "Node Type": "Hash",
              "Plan Width": 4,
              "Startup Cost": 62.5,
              "Plan Rows": 1000
            }
          ],
          "Parallel Aware": false,
          "Node Type": "Hash Join",
          "Join Type": "Inner",
          "Plan Width": 4,
          "Startup Cost": 75.0,
          "Hash Cond": "(r.bid \u003d b.bid)",
          "Plan Rows": 5000,
          "Inner Unique": true
        },
        {
          "Parent Relationship": "Inner",
          "Total Cost": 165.0,
          "Plans": [
            {
              "Parent Relationship": "Outer",
              "Total Cost": 165.0,
              "Relation Name": "sailors",
              "Parallel Aware": false,
              "Alias": "s",
              "Node Type": "Seq Scan",
              "Plan Width": 25,
              "Startup Cost": 0.0,
              "Plan Rows": 9000
            }
          ],
          "Parallel Aware": false,
          "Node Type": "Hash",
          "Plan Width": 25,
          "Startup Cost": 165.0,
          "Plan Rows": 9000
        }
      ],
      "Parallel Aware": false,
      "Node Type": "Hash Join",
      "Join Type": "Inner",
      "Plan Width": 29,
      "Startup Cost": 352.5,
      "Hash Cond": "(r.sid \u003d s.sid)",
      "Plan Rows": 5000,
      "Inner Unique": true
    },
    {
      "Parent Relationship": "Inner",
      "Total Cost": 637.05,
      "Plans": [
        {
          "Parent Relationship": "Outer",
          "Total Cost": 637.05,
          "Plans": [
            {
              "Parent Relationship": "Outer",
              "Total Cost": 346.42,
              "Plans": [
                {
                  "Parent Relationship": "Outer",
                  "Total Cost": 231.99,
                  "Relation Name": "reserves",
                  "Parallel Aware": false,
                  "Alias": "r2",
                  "Node Type": "Seq Scan",
                  "Plan Width": 8,
                  "Startup Cost": 0.0,
                  "Plan Rows": 14999
                },
                {
                  "Parent Relationship": "Inner",
                  "Total Cost": 62.5,
                  "Plans": [
                    {
                      "Parent Relationship": "Outer",
                      "Total Cost": 62.5,
                      "Relation Name": "boat",
                      "Parallel Aware": false,
                      "Filter": "(color \u003d \u0027green\u0027::bpchar)",
                      "Alias": "b2",
                      "Node Type": "Seq Scan",
                      "Plan Width": 4,
                      "Startup Cost": 0.0,
                      "Plan Rows": 1000
                    }
                  ],
                  "Parallel Aware": false,
                  "Node Type": "Hash",
                  "Plan Width": 4,
                  "Startup Cost": 62.5,
                  "Plan Rows": 1000
                }
              ],
              "Parallel Aware": false,
              "Node Type": "Hash Join",
              "Join Type": "Inner",
              "Plan Width": 4,
              "Startup Cost": 75.0,
              "Hash Cond": "(r2.bid \u003d b2.bid)",
              "Plan Rows": 5000,
              "Inner Unique": true
            },
            {
              "Parent Relationship": "Inner",
              "Total Cost": 165.0,
              "Plans": [
                {
                  "Parent Relationship": "Outer",
                  "Total Cost": 165.0,
                  "Relation Name": "sailors",
                  "Parallel Aware": false,
                  "Alias": "s2",
                  "Node Type": "Seq Scan",
                  "Plan Width": 4,
                  "Startup Cost": 0.0,
                  "Plan Rows": 9000
                }
              ],
              "Parallel Aware": false,
              "Node Type": "Hash",
              "Plan Width": 4,
              "Startup Cost": 165.0,
              "Plan Rows": 9000
            }
          ],
          "Parallel Aware": false,
          "Node Type": "Hash Join",
          "Join Type": "Inner",
          "Plan Width": 8,
          "Startup Cost": 352.5,
          "Hash Cond": "(r2.sid \u003d s2.sid)",
          "Plan Rows": 5000,
          "Inner Unique": true
        }
      ],
      "Parallel Aware": false,
      "Node Type": "Hash",
      "Plan Width": 8,
      "Startup Cost": 637.05,
      "Plan Rows": 5000
    }
  ],
  "Parallel Aware": false,
  "Node Type": "Hash Join",
  "Join Type": "Semi",
  "Plan Width": 21,
  "Startup Cost": 1052.05,
  "Hash Cond": "(s.sid \u003d s2.sid)",
  "Plan Rows": 2778,
  "Inner Unique": false
}

------------------------------

Indicies Configuration #80:
Index hash on column bid in table reserves
Index hash on column color in table boat
Index hash on column sid in table reserves
Index btree on column bid in table boat

------------------------------

1. The Total Cost of the Plan = 1380.64
2. The Estimated Size of the Result Set = 2778
3. The Plan of the Query:
{
  "Total Cost": 1380.64,
  "Plans": [
    {
      "Parent Relationship": "Outer",
      "Total Cost": 637.05,
      "Plans": [
        {
          "Parent Relationship": "Outer",
          "Total Cost": 346.42,
          "Plans": [
            {
              "Parent Relationship": "Outer",
              "Total Cost": 231.99,
              "Relation Name": "reserves",
              "Parallel Aware": false,
              "Alias": "r",
              "Node Type": "Seq Scan",
              "Plan Width": 8,
              "Startup Cost": 0.0,
              "Plan Rows": 14999
            },
            {
              "Parent Relationship": "Inner",
              "Total Cost": 62.5,
              "Plans": [
                {
                  "Parent Relationship": "Outer",
                  "Total Cost": 62.5,
                  "Relation Name": "boat",
                  "Parallel Aware": false,
                  "Filter": "(color \u003d \u0027red\u0027::bpchar)",
                  "Alias": "b",
                  "Node Type": "Seq Scan",
                  "Plan Width": 4,
                  "Startup Cost": 0.0,
                  "Plan Rows": 1000
                }
              ],
              "Parallel Aware": false,
              "Node Type": "Hash",
              "Plan Width": 4,
              "Startup Cost": 62.5,
              "Plan Rows": 1000
            }
          ],
          "Parallel Aware": false,
          "Node Type": "Hash Join",
          "Join Type": "Inner",
          "Plan Width": 4,
          "Startup Cost": 75.0,
          "Hash Cond": "(r.bid \u003d b.bid)",
          "Plan Rows": 5000,
          "Inner Unique": true
        },
        {
          "Parent Relationship": "Inner",
          "Total Cost": 165.0,
          "Plans": [
            {
              "Parent Relationship": "Outer",
              "Total Cost": 165.0,
              "Relation Name": "sailors",
              "Parallel Aware": false,
              "Alias": "s",
              "Node Type": "Seq Scan",
              "Plan Width": 25,
              "Startup Cost": 0.0,
              "Plan Rows": 9000
            }
          ],
          "Parallel Aware": false,
          "Node Type": "Hash",
          "Plan Width": 25,
          "Startup Cost": 165.0,
          "Plan Rows": 9000
        }
      ],
      "Parallel Aware": false,
      "Node Type": "Hash Join",
      "Join Type": "Inner",
      "Plan Width": 29,
      "Startup Cost": 352.5,
      "Hash Cond": "(r.sid \u003d s.sid)",
      "Plan Rows": 5000,
      "Inner Unique": true
    },
    {
      "Parent Relationship": "Inner",
      "Total Cost": 637.05,
      "Plans": [
        {
          "Parent Relationship": "Outer",
          "Total Cost": 637.05,
          "Plans": [
            {
              "Parent Relationship": "Outer",
              "Total Cost": 346.42,
              "Plans": [
                {
                  "Parent Relationship": "Outer",
                  "Total Cost": 231.99,
                  "Relation Name": "reserves",
                  "Parallel Aware": false,
                  "Alias": "r2",
                  "Node Type": "Seq Scan",
                  "Plan Width": 8,
                  "Startup Cost": 0.0,
                  "Plan Rows": 14999
                },
                {
                  "Parent Relationship": "Inner",
                  "Total Cost": 62.5,
                  "Plans": [
                    {
                      "Parent Relationship": "Outer",
                      "Total Cost": 62.5,
                      "Relation Name": "boat",
                      "Parallel Aware": false,
                      "Filter": "(color \u003d \u0027green\u0027::bpchar)",
                      "Alias": "b2",
                      "Node Type": "Seq Scan",
                      "Plan Width": 4,
                      "Startup Cost": 0.0,
                      "Plan Rows": 1000
                    }
                  ],
                  "Parallel Aware": false,
                  "Node Type": "Hash",
                  "Plan Width": 4,
                  "Startup Cost": 62.5,
                  "Plan Rows": 1000
                }
              ],
              "Parallel Aware": false,
              "Node Type": "Hash Join",
              "Join Type": "Inner",
              "Plan Width": 4,
              "Startup Cost": 75.0,
              "Hash Cond": "(r2.bid \u003d b2.bid)",
              "Plan Rows": 5000,
              "Inner Unique": true
            },
            {
              "Parent Relationship": "Inner",
              "Total Cost": 165.0,
              "Plans": [
                {
                  "Parent Relationship": "Outer",
                  "Total Cost": 165.0,
                  "Relation Name": "sailors",
                  "Parallel Aware": false,
                  "Alias": "s2",
                  "Node Type": "Seq Scan",
                  "Plan Width": 4,
                  "Startup Cost": 0.0,
                  "Plan Rows": 9000
                }
              ],
              "Parallel Aware": false,
              "Node Type": "Hash",
              "Plan Width": 4,
              "Startup Cost": 165.0,
              "Plan Rows": 9000
            }
          ],
          "Parallel Aware": false,
          "Node Type": "Hash Join",
          "Join Type": "Inner",
          "Plan Width": 8,
          "Startup Cost": 352.5,
          "Hash Cond": "(r2.sid \u003d s2.sid)",
          "Plan Rows": 5000,
          "Inner Unique": true
        }
      ],
      "Parallel Aware": false,
      "Node Type": "Hash",
      "Plan Width": 8,
      "Startup Cost": 637.05,
      "Plan Rows": 5000
    }
  ],
  "Parallel Aware": false,
  "Node Type": "Hash Join",
  "Join Type": "Semi",
  "Plan Width": 21,
  "Startup Cost": 1052.05,
  "Hash Cond": "(s.sid \u003d s2.sid)",
  "Plan Rows": 2778,
  "Inner Unique": false
}

------------------------------

Indicies Configuration #81:
Index hash on column bid in table reserves
Index hash on column color in table boat
Index hash on column sid in table reserves
Index hash on column bid in table boat

------------------------------

1. The Total Cost of the Plan = 1380.64
2. The Estimated Size of the Result Set = 2778
3. The Plan of the Query:
{
  "Total Cost": 1380.64,
  "Plans": [
    {
      "Parent Relationship": "Outer",
      "Total Cost": 637.05,
      "Plans": [
        {
          "Parent Relationship": "Outer",
          "Total Cost": 346.42,
          "Plans": [
            {
              "Parent Relationship": "Outer",
              "Total Cost": 231.99,
              "Relation Name": "reserves",
              "Parallel Aware": false,
              "Alias": "r",
              "Node Type": "Seq Scan",
              "Plan Width": 8,
              "Startup Cost": 0.0,
              "Plan Rows": 14999
            },
            {
              "Parent Relationship": "Inner",
              "Total Cost": 62.5,
              "Plans": [
                {
                  "Parent Relationship": "Outer",
                  "Total Cost": 62.5,
                  "Relation Name": "boat",
                  "Parallel Aware": false,
                  "Filter": "(color \u003d \u0027red\u0027::bpchar)",
                  "Alias": "b",
                  "Node Type": "Seq Scan",
                  "Plan Width": 4,
                  "Startup Cost": 0.0,
                  "Plan Rows": 1000
                }
              ],
              "Parallel Aware": false,
              "Node Type": "Hash",
              "Plan Width": 4,
              "Startup Cost": 62.5,
              "Plan Rows": 1000
            }
          ],
          "Parallel Aware": false,
          "Node Type": "Hash Join",
          "Join Type": "Inner",
          "Plan Width": 4,
          "Startup Cost": 75.0,
          "Hash Cond": "(r.bid \u003d b.bid)",
          "Plan Rows": 5000,
          "Inner Unique": true
        },
        {
          "Parent Relationship": "Inner",
          "Total Cost": 165.0,
          "Plans": [
            {
              "Parent Relationship": "Outer",
              "Total Cost": 165.0,
              "Relation Name": "sailors",
              "Parallel Aware": false,
              "Alias": "s",
              "Node Type": "Seq Scan",
              "Plan Width": 25,
              "Startup Cost": 0.0,
              "Plan Rows": 9000
            }
          ],
          "Parallel Aware": false,
          "Node Type": "Hash",
          "Plan Width": 25,
          "Startup Cost": 165.0,
          "Plan Rows": 9000
        }
      ],
      "Parallel Aware": false,
      "Node Type": "Hash Join",
      "Join Type": "Inner",
      "Plan Width": 29,
      "Startup Cost": 352.5,
      "Hash Cond": "(r.sid \u003d s.sid)",
      "Plan Rows": 5000,
      "Inner Unique": true
    },
    {
      "Parent Relationship": "Inner",
      "Total Cost": 637.05,
      "Plans": [
        {
          "Parent Relationship": "Outer",
          "Total Cost": 637.05,
          "Plans": [
            {
              "Parent Relationship": "Outer",
              "Total Cost": 346.42,
              "Plans": [
                {
                  "Parent Relationship": "Outer",
                  "Total Cost": 231.99,
                  "Relation Name": "reserves",
                  "Parallel Aware": false,
                  "Alias": "r2",
                  "Node Type": "Seq Scan",
                  "Plan Width": 8,
                  "Startup Cost": 0.0,
                  "Plan Rows": 14999
                },
                {
                  "Parent Relationship": "Inner",
                  "Total Cost": 62.5,
                  "Plans": [
                    {
                      "Parent Relationship": "Outer",
                      "Total Cost": 62.5,
                      "Relation Name": "boat",
                      "Parallel Aware": false,
                      "Filter": "(color \u003d \u0027green\u0027::bpchar)",
                      "Alias": "b2",
                      "Node Type": "Seq Scan",
                      "Plan Width": 4,
                      "Startup Cost": 0.0,
                      "Plan Rows": 1000
                    }
                  ],
                  "Parallel Aware": false,
                  "Node Type": "Hash",
                  "Plan Width": 4,
                  "Startup Cost": 62.5,
                  "Plan Rows": 1000
                }
              ],
              "Parallel Aware": false,
              "Node Type": "Hash Join",
              "Join Type": "Inner",
              "Plan Width": 4,
              "Startup Cost": 75.0,
              "Hash Cond": "(r2.bid \u003d b2.bid)",
              "Plan Rows": 5000,
              "Inner Unique": true
            },
            {
              "Parent Relationship": "Inner",
              "Total Cost": 165.0,
              "Plans": [
                {
                  "Parent Relationship": "Outer",
                  "Total Cost": 165.0,
                  "Relation Name": "sailors",
                  "Parallel Aware": false,
                  "Alias": "s2",
                  "Node Type": "Seq Scan",
                  "Plan Width": 4,
                  "Startup Cost": 0.0,
                  "Plan Rows": 9000
                }
              ],
              "Parallel Aware": false,
              "Node Type": "Hash",
              "Plan Width": 4,
              "Startup Cost": 165.0,
              "Plan Rows": 9000
            }
          ],
          "Parallel Aware": false,
          "Node Type": "Hash Join",
          "Join Type": "Inner",
          "Plan Width": 8,
          "Startup Cost": 352.5,
          "Hash Cond": "(r2.sid \u003d s2.sid)",
          "Plan Rows": 5000,
          "Inner Unique": true
        }
      ],
      "Parallel Aware": false,
      "Node Type": "Hash",
      "Plan Width": 8,
      "Startup Cost": 637.05,
      "Plan Rows": 5000
    }
  ],
  "Parallel Aware": false,
  "Node Type": "Hash Join",
  "Join Type": "Semi",
  "Plan Width": 21,
  "Startup Cost": 1052.05,
  "Hash Cond": "(s.sid \u003d s2.sid)",
  "Plan Rows": 2778,
  "Inner Unique": false
}

------------------------------

Indicies Configuration #82:
Index btree on column sid in table sailors

------------------------------

1. The Total Cost of the Plan = 1380.64
2. The Estimated Size of the Result Set = 2778
3. The Plan of the Query:
{
  "Total Cost": 1380.64,
  "Plans": [
    {
      "Parent Relationship": "Outer",
      "Total Cost": 637.05,
      "Plans": [
        {
          "Parent Relationship": "Outer",
          "Total Cost": 346.42,
          "Plans": [
            {
              "Parent Relationship": "Outer",
              "Total Cost": 231.99,
              "Relation Name": "reserves",
              "Parallel Aware": false,
              "Alias": "r",
              "Node Type": "Seq Scan",
              "Plan Width": 8,
              "Startup Cost": 0.0,
              "Plan Rows": 14999
            },
            {
              "Parent Relationship": "Inner",
              "Total Cost": 62.5,
              "Plans": [
                {
                  "Parent Relationship": "Outer",
                  "Total Cost": 62.5,
                  "Relation Name": "boat",
                  "Parallel Aware": false,
                  "Filter": "(color \u003d \u0027red\u0027::bpchar)",
                  "Alias": "b",
                  "Node Type": "Seq Scan",
                  "Plan Width": 4,
                  "Startup Cost": 0.0,
                  "Plan Rows": 1000
                }
              ],
              "Parallel Aware": false,
              "Node Type": "Hash",
              "Plan Width": 4,
              "Startup Cost": 62.5,
              "Plan Rows": 1000
            }
          ],
          "Parallel Aware": false,
          "Node Type": "Hash Join",
          "Join Type": "Inner",
          "Plan Width": 4,
          "Startup Cost": 75.0,
          "Hash Cond": "(r.bid \u003d b.bid)",
          "Plan Rows": 5000,
          "Inner Unique": true
        },
        {
          "Parent Relationship": "Inner",
          "Total Cost": 165.0,
          "Plans": [
            {
              "Parent Relationship": "Outer",
              "Total Cost": 165.0,
              "Relation Name": "sailors",
              "Parallel Aware": false,
              "Alias": "s",
              "Node Type": "Seq Scan",
              "Plan Width": 25,
              "Startup Cost": 0.0,
              "Plan Rows": 9000
            }
          ],
          "Parallel Aware": false,
          "Node Type": "Hash",
          "Plan Width": 25,
          "Startup Cost": 165.0,
          "Plan Rows": 9000
        }
      ],
      "Parallel Aware": false,
      "Node Type": "Hash Join",
      "Join Type": "Inner",
      "Plan Width": 29,
      "Startup Cost": 352.5,
      "Hash Cond": "(r.sid \u003d s.sid)",
      "Plan Rows": 5000,
      "Inner Unique": true
    },
    {
      "Parent Relationship": "Inner",
      "Total Cost": 637.05,
      "Plans": [
        {
          "Parent Relationship": "Outer",
          "Total Cost": 637.05,
          "Plans": [
            {
              "Parent Relationship": "Outer",
              "Total Cost": 346.42,
              "Plans": [
                {
                  "Parent Relationship": "Outer",
                  "Total Cost": 231.99,
                  "Relation Name": "reserves",
                  "Parallel Aware": false,
                  "Alias": "r2",
                  "Node Type": "Seq Scan",
                  "Plan Width": 8,
                  "Startup Cost": 0.0,
                  "Plan Rows": 14999
                },
                {
                  "Parent Relationship": "Inner",
                  "Total Cost": 62.5,
                  "Plans": [
                    {
                      "Parent Relationship": "Outer",
                      "Total Cost": 62.5,
                      "Relation Name": "boat",
                      "Parallel Aware": false,
                      "Filter": "(color \u003d \u0027green\u0027::bpchar)",
                      "Alias": "b2",
                      "Node Type": "Seq Scan",
                      "Plan Width": 4,
                      "Startup Cost": 0.0,
                      "Plan Rows": 1000
                    }
                  ],
                  "Parallel Aware": false,
                  "Node Type": "Hash",
                  "Plan Width": 4,
                  "Startup Cost": 62.5,
                  "Plan Rows": 1000
                }
              ],
              "Parallel Aware": false,
              "Node Type": "Hash Join",
              "Join Type": "Inner",
              "Plan Width": 4,
              "Startup Cost": 75.0,
              "Hash Cond": "(r2.bid \u003d b2.bid)",
              "Plan Rows": 5000,
              "Inner Unique": true
            },
            {
              "Parent Relationship": "Inner",
              "Total Cost": 165.0,
              "Plans": [
                {
                  "Parent Relationship": "Outer",
                  "Total Cost": 165.0,
                  "Relation Name": "sailors",
                  "Parallel Aware": false,
                  "Alias": "s2",
                  "Node Type": "Seq Scan",
                  "Plan Width": 4,
                  "Startup Cost": 0.0,
                  "Plan Rows": 9000
                }
              ],
              "Parallel Aware": false,
              "Node Type": "Hash",
              "Plan Width": 4,
              "Startup Cost": 165.0,
              "Plan Rows": 9000
            }
          ],
          "Parallel Aware": false,
          "Node Type": "Hash Join",
          "Join Type": "Inner",
          "Plan Width": 8,
          "Startup Cost": 352.5,
          "Hash Cond": "(r2.sid \u003d s2.sid)",
          "Plan Rows": 5000,
          "Inner Unique": true
        }
      ],
      "Parallel Aware": false,
      "Node Type": "Hash",
      "Plan Width": 8,
      "Startup Cost": 637.05,
      "Plan Rows": 5000
    }
  ],
  "Parallel Aware": false,
  "Node Type": "Hash Join",
  "Join Type": "Semi",
  "Plan Width": 21,
  "Startup Cost": 1052.05,
  "Hash Cond": "(s.sid \u003d s2.sid)",
  "Plan Rows": 2778,
  "Inner Unique": false
}

------------------------------

Indicies Configuration #83:
Index btree on column sid in table sailors
Index btree on column bid in table boat

------------------------------

1. The Total Cost of the Plan = 1380.64
2. The Estimated Size of the Result Set = 2778
3. The Plan of the Query:
{
  "Total Cost": 1380.64,
  "Plans": [
    {
      "Parent Relationship": "Outer",
      "Total Cost": 637.05,
      "Plans": [
        {
          "Parent Relationship": "Outer",
          "Total Cost": 346.42,
          "Plans": [
            {
              "Parent Relationship": "Outer",
              "Total Cost": 231.99,
              "Relation Name": "reserves",
              "Parallel Aware": false,
              "Alias": "r",
              "Node Type": "Seq Scan",
              "Plan Width": 8,
              "Startup Cost": 0.0,
              "Plan Rows": 14999
            },
            {
              "Parent Relationship": "Inner",
              "Total Cost": 62.5,
              "Plans": [
                {
                  "Parent Relationship": "Outer",
                  "Total Cost": 62.5,
                  "Relation Name": "boat",
                  "Parallel Aware": false,
                  "Filter": "(color \u003d \u0027red\u0027::bpchar)",
                  "Alias": "b",
                  "Node Type": "Seq Scan",
                  "Plan Width": 4,
                  "Startup Cost": 0.0,
                  "Plan Rows": 1000
                }
              ],
              "Parallel Aware": false,
              "Node Type": "Hash",
              "Plan Width": 4,
              "Startup Cost": 62.5,
              "Plan Rows": 1000
            }
          ],
          "Parallel Aware": false,
          "Node Type": "Hash Join",
          "Join Type": "Inner",
          "Plan Width": 4,
          "Startup Cost": 75.0,
          "Hash Cond": "(r.bid \u003d b.bid)",
          "Plan Rows": 5000,
          "Inner Unique": true
        },
        {
          "Parent Relationship": "Inner",
          "Total Cost": 165.0,
          "Plans": [
            {
              "Parent Relationship": "Outer",
              "Total Cost": 165.0,
              "Relation Name": "sailors",
              "Parallel Aware": false,
              "Alias": "s",
              "Node Type": "Seq Scan",
              "Plan Width": 25,
              "Startup Cost": 0.0,
              "Plan Rows": 9000
            }
          ],
          "Parallel Aware": false,
          "Node Type": "Hash",
          "Plan Width": 25,
          "Startup Cost": 165.0,
          "Plan Rows": 9000
        }
      ],
      "Parallel Aware": false,
      "Node Type": "Hash Join",
      "Join Type": "Inner",
      "Plan Width": 29,
      "Startup Cost": 352.5,
      "Hash Cond": "(r.sid \u003d s.sid)",
      "Plan Rows": 5000,
      "Inner Unique": true
    },
    {
      "Parent Relationship": "Inner",
      "Total Cost": 637.05,
      "Plans": [
        {
          "Parent Relationship": "Outer",
          "Total Cost": 637.05,
          "Plans": [
            {
              "Parent Relationship": "Outer",
              "Total Cost": 346.42,
              "Plans": [
                {
                  "Parent Relationship": "Outer",
                  "Total Cost": 231.99,
                  "Relation Name": "reserves",
                  "Parallel Aware": false,
                  "Alias": "r2",
                  "Node Type": "Seq Scan",
                  "Plan Width": 8,
                  "Startup Cost": 0.0,
                  "Plan Rows": 14999
                },
                {
                  "Parent Relationship": "Inner",
                  "Total Cost": 62.5,
                  "Plans": [
                    {
                      "Parent Relationship": "Outer",
                      "Total Cost": 62.5,
                      "Relation Name": "boat",
                      "Parallel Aware": false,
                      "Filter": "(color \u003d \u0027green\u0027::bpchar)",
                      "Alias": "b2",
                      "Node Type": "Seq Scan",
                      "Plan Width": 4,
                      "Startup Cost": 0.0,
                      "Plan Rows": 1000
                    }
                  ],
                  "Parallel Aware": false,
                  "Node Type": "Hash",
                  "Plan Width": 4,
                  "Startup Cost": 62.5,
                  "Plan Rows": 1000
                }
              ],
              "Parallel Aware": false,
              "Node Type": "Hash Join",
              "Join Type": "Inner",
              "Plan Width": 4,
              "Startup Cost": 75.0,
              "Hash Cond": "(r2.bid \u003d b2.bid)",
              "Plan Rows": 5000,
              "Inner Unique": true
            },
            {
              "Parent Relationship": "Inner",
              "Total Cost": 165.0,
              "Plans": [
                {
                  "Parent Relationship": "Outer",
                  "Total Cost": 165.0,
                  "Relation Name": "sailors",
                  "Parallel Aware": false,
                  "Alias": "s2",
                  "Node Type": "Seq Scan",
                  "Plan Width": 4,
                  "Startup Cost": 0.0,
                  "Plan Rows": 9000
                }
              ],
              "Parallel Aware": false,
              "Node Type": "Hash",
              "Plan Width": 4,
              "Startup Cost": 165.0,
              "Plan Rows": 9000
            }
          ],
          "Parallel Aware": false,
          "Node Type": "Hash Join",
          "Join Type": "Inner",
          "Plan Width": 8,
          "Startup Cost": 352.5,
          "Hash Cond": "(r2.sid \u003d s2.sid)",
          "Plan Rows": 5000,
          "Inner Unique": true
        }
      ],
      "Parallel Aware": false,
      "Node Type": "Hash",
      "Plan Width": 8,
      "Startup Cost": 637.05,
      "Plan Rows": 5000
    }
  ],
  "Parallel Aware": false,
  "Node Type": "Hash Join",
  "Join Type": "Semi",
  "Plan Width": 21,
  "Startup Cost": 1052.05,
  "Hash Cond": "(s.sid \u003d s2.sid)",
  "Plan Rows": 2778,
  "Inner Unique": false
}

------------------------------

Indicies Configuration #84:
Index btree on column sid in table sailors
Index hash on column bid in table boat

------------------------------

1. The Total Cost of the Plan = 1380.64
2. The Estimated Size of the Result Set = 2778
3. The Plan of the Query:
{
  "Total Cost": 1380.64,
  "Plans": [
    {
      "Parent Relationship": "Outer",
      "Total Cost": 637.05,
      "Plans": [
        {
          "Parent Relationship": "Outer",
          "Total Cost": 346.42,
          "Plans": [
            {
              "Parent Relationship": "Outer",
              "Total Cost": 231.99,
              "Relation Name": "reserves",
              "Parallel Aware": false,
              "Alias": "r",
              "Node Type": "Seq Scan",
              "Plan Width": 8,
              "Startup Cost": 0.0,
              "Plan Rows": 14999
            },
            {
              "Parent Relationship": "Inner",
              "Total Cost": 62.5,
              "Plans": [
                {
                  "Parent Relationship": "Outer",
                  "Total Cost": 62.5,
                  "Relation Name": "boat",
                  "Parallel Aware": false,
                  "Filter": "(color \u003d \u0027red\u0027::bpchar)",
                  "Alias": "b",
                  "Node Type": "Seq Scan",
                  "Plan Width": 4,
                  "Startup Cost": 0.0,
                  "Plan Rows": 1000
                }
              ],
              "Parallel Aware": false,
              "Node Type": "Hash",
              "Plan Width": 4,
              "Startup Cost": 62.5,
              "Plan Rows": 1000
            }
          ],
          "Parallel Aware": false,
          "Node Type": "Hash Join",
          "Join Type": "Inner",
          "Plan Width": 4,
          "Startup Cost": 75.0,
          "Hash Cond": "(r.bid \u003d b.bid)",
          "Plan Rows": 5000,
          "Inner Unique": true
        },
        {
          "Parent Relationship": "Inner",
          "Total Cost": 165.0,
          "Plans": [
            {
              "Parent Relationship": "Outer",
              "Total Cost": 165.0,
              "Relation Name": "sailors",
              "Parallel Aware": false,
              "Alias": "s",
              "Node Type": "Seq Scan",
              "Plan Width": 25,
              "Startup Cost": 0.0,
              "Plan Rows": 9000
            }
          ],
          "Parallel Aware": false,
          "Node Type": "Hash",
          "Plan Width": 25,
          "Startup Cost": 165.0,
          "Plan Rows": 9000
        }
      ],
      "Parallel Aware": false,
      "Node Type": "Hash Join",
      "Join Type": "Inner",
      "Plan Width": 29,
      "Startup Cost": 352.5,
      "Hash Cond": "(r.sid \u003d s.sid)",
      "Plan Rows": 5000,
      "Inner Unique": true
    },
    {
      "Parent Relationship": "Inner",
      "Total Cost": 637.05,
      "Plans": [
        {
          "Parent Relationship": "Outer",
          "Total Cost": 637.05,
          "Plans": [
            {
              "Parent Relationship": "Outer",
              "Total Cost": 346.42,
              "Plans": [
                {
                  "Parent Relationship": "Outer",
                  "Total Cost": 231.99,
                  "Relation Name": "reserves",
                  "Parallel Aware": false,
                  "Alias": "r2",
                  "Node Type": "Seq Scan",
                  "Plan Width": 8,
                  "Startup Cost": 0.0,
                  "Plan Rows": 14999
                },
                {
                  "Parent Relationship": "Inner",
                  "Total Cost": 62.5,
                  "Plans": [
                    {
                      "Parent Relationship": "Outer",
                      "Total Cost": 62.5,
                      "Relation Name": "boat",
                      "Parallel Aware": false,
                      "Filter": "(color \u003d \u0027green\u0027::bpchar)",
                      "Alias": "b2",
                      "Node Type": "Seq Scan",
                      "Plan Width": 4,
                      "Startup Cost": 0.0,
                      "Plan Rows": 1000
                    }
                  ],
                  "Parallel Aware": false,
                  "Node Type": "Hash",
                  "Plan Width": 4,
                  "Startup Cost": 62.5,
                  "Plan Rows": 1000
                }
              ],
              "Parallel Aware": false,
              "Node Type": "Hash Join",
              "Join Type": "Inner",
              "Plan Width": 4,
              "Startup Cost": 75.0,
              "Hash Cond": "(r2.bid \u003d b2.bid)",
              "Plan Rows": 5000,
              "Inner Unique": true
            },
            {
              "Parent Relationship": "Inner",
              "Total Cost": 165.0,
              "Plans": [
                {
                  "Parent Relationship": "Outer",
                  "Total Cost": 165.0,
                  "Relation Name": "sailors",
                  "Parallel Aware": false,
                  "Alias": "s2",
                  "Node Type": "Seq Scan",
                  "Plan Width": 4,
                  "Startup Cost": 0.0,
                  "Plan Rows": 9000
                }
              ],
              "Parallel Aware": false,
              "Node Type": "Hash",
              "Plan Width": 4,
              "Startup Cost": 165.0,
              "Plan Rows": 9000
            }
          ],
          "Parallel Aware": false,
          "Node Type": "Hash Join",
          "Join Type": "Inner",
          "Plan Width": 8,
          "Startup Cost": 352.5,
          "Hash Cond": "(r2.sid \u003d s2.sid)",
          "Plan Rows": 5000,
          "Inner Unique": true
        }
      ],
      "Parallel Aware": false,
      "Node Type": "Hash",
      "Plan Width": 8,
      "Startup Cost": 637.05,
      "Plan Rows": 5000
    }
  ],
  "Parallel Aware": false,
  "Node Type": "Hash Join",
  "Join Type": "Semi",
  "Plan Width": 21,
  "Startup Cost": 1052.05,
  "Hash Cond": "(s.sid \u003d s2.sid)",
  "Plan Rows": 2778,
  "Inner Unique": false
}

------------------------------

Indicies Configuration #85:
Index btree on column sid in table sailors
Index btree on column sid in table reserves

------------------------------

1. The Total Cost of the Plan = 1380.64
2. The Estimated Size of the Result Set = 2778
3. The Plan of the Query:
{
  "Total Cost": 1380.64,
  "Plans": [
    {
      "Parent Relationship": "Outer",
      "Total Cost": 637.05,
      "Plans": [
        {
          "Parent Relationship": "Outer",
          "Total Cost": 346.42,
          "Plans": [
            {
              "Parent Relationship": "Outer",
              "Total Cost": 231.99,
              "Relation Name": "reserves",
              "Parallel Aware": false,
              "Alias": "r",
              "Node Type": "Seq Scan",
              "Plan Width": 8,
              "Startup Cost": 0.0,
              "Plan Rows": 14999
            },
            {
              "Parent Relationship": "Inner",
              "Total Cost": 62.5,
              "Plans": [
                {
                  "Parent Relationship": "Outer",
                  "Total Cost": 62.5,
                  "Relation Name": "boat",
                  "Parallel Aware": false,
                  "Filter": "(color \u003d \u0027red\u0027::bpchar)",
                  "Alias": "b",
                  "Node Type": "Seq Scan",
                  "Plan Width": 4,
                  "Startup Cost": 0.0,
                  "Plan Rows": 1000
                }
              ],
              "Parallel Aware": false,
              "Node Type": "Hash",
              "Plan Width": 4,
              "Startup Cost": 62.5,
              "Plan Rows": 1000
            }
          ],
          "Parallel Aware": false,
          "Node Type": "Hash Join",
          "Join Type": "Inner",
          "Plan Width": 4,
          "Startup Cost": 75.0,
          "Hash Cond": "(r.bid \u003d b.bid)",
          "Plan Rows": 5000,
          "Inner Unique": true
        },
        {
          "Parent Relationship": "Inner",
          "Total Cost": 165.0,
          "Plans": [
            {
              "Parent Relationship": "Outer",
              "Total Cost": 165.0,
              "Relation Name": "sailors",
              "Parallel Aware": false,
              "Alias": "s",
              "Node Type": "Seq Scan",
              "Plan Width": 25,
              "Startup Cost": 0.0,
              "Plan Rows": 9000
            }
          ],
          "Parallel Aware": false,
          "Node Type": "Hash",
          "Plan Width": 25,
          "Startup Cost": 165.0,
          "Plan Rows": 9000
        }
      ],
      "Parallel Aware": false,
      "Node Type": "Hash Join",
      "Join Type": "Inner",
      "Plan Width": 29,
      "Startup Cost": 352.5,
      "Hash Cond": "(r.sid \u003d s.sid)",
      "Plan Rows": 5000,
      "Inner Unique": true
    },
    {
      "Parent Relationship": "Inner",
      "Total Cost": 637.05,
      "Plans": [
        {
          "Parent Relationship": "Outer",
          "Total Cost": 637.05,
          "Plans": [
            {
              "Parent Relationship": "Outer",
              "Total Cost": 346.42,
              "Plans": [
                {
                  "Parent Relationship": "Outer",
                  "Total Cost": 231.99,
                  "Relation Name": "reserves",
                  "Parallel Aware": false,
                  "Alias": "r2",
                  "Node Type": "Seq Scan",
                  "Plan Width": 8,
                  "Startup Cost": 0.0,
                  "Plan Rows": 14999
                },
                {
                  "Parent Relationship": "Inner",
                  "Total Cost": 62.5,
                  "Plans": [
                    {
                      "Parent Relationship": "Outer",
                      "Total Cost": 62.5,
                      "Relation Name": "boat",
                      "Parallel Aware": false,
                      "Filter": "(color \u003d \u0027green\u0027::bpchar)",
                      "Alias": "b2",
                      "Node Type": "Seq Scan",
                      "Plan Width": 4,
                      "Startup Cost": 0.0,
                      "Plan Rows": 1000
                    }
                  ],
                  "Parallel Aware": false,
                  "Node Type": "Hash",
                  "Plan Width": 4,
                  "Startup Cost": 62.5,
                  "Plan Rows": 1000
                }
              ],
              "Parallel Aware": false,
              "Node Type": "Hash Join",
              "Join Type": "Inner",
              "Plan Width": 4,
              "Startup Cost": 75.0,
              "Hash Cond": "(r2.bid \u003d b2.bid)",
              "Plan Rows": 5000,
              "Inner Unique": true
            },
            {
              "Parent Relationship": "Inner",
              "Total Cost": 165.0,
              "Plans": [
                {
                  "Parent Relationship": "Outer",
                  "Total Cost": 165.0,
                  "Relation Name": "sailors",
                  "Parallel Aware": false,
                  "Alias": "s2",
                  "Node Type": "Seq Scan",
                  "Plan Width": 4,
                  "Startup Cost": 0.0,
                  "Plan Rows": 9000
                }
              ],
              "Parallel Aware": false,
              "Node Type": "Hash",
              "Plan Width": 4,
              "Startup Cost": 165.0,
              "Plan Rows": 9000
            }
          ],
          "Parallel Aware": false,
          "Node Type": "Hash Join",
          "Join Type": "Inner",
          "Plan Width": 8,
          "Startup Cost": 352.5,
          "Hash Cond": "(r2.sid \u003d s2.sid)",
          "Plan Rows": 5000,
          "Inner Unique": true
        }
      ],
      "Parallel Aware": false,
      "Node Type": "Hash",
      "Plan Width": 8,
      "Startup Cost": 637.05,
      "Plan Rows": 5000
    }
  ],
  "Parallel Aware": false,
  "Node Type": "Hash Join",
  "Join Type": "Semi",
  "Plan Width": 21,
  "Startup Cost": 1052.05,
  "Hash Cond": "(s.sid \u003d s2.sid)",
  "Plan Rows": 2778,
  "Inner Unique": false
}

------------------------------

Indicies Configuration #86:
Index btree on column sid in table sailors
Index btree on column sid in table reserves
Index btree on column bid in table boat

------------------------------

1. The Total Cost of the Plan = 1380.64
2. The Estimated Size of the Result Set = 2778
3. The Plan of the Query:
{
  "Total Cost": 1380.64,
  "Plans": [
    {
      "Parent Relationship": "Outer",
      "Total Cost": 637.05,
      "Plans": [
        {
          "Parent Relationship": "Outer",
          "Total Cost": 346.42,
          "Plans": [
            {
              "Parent Relationship": "Outer",
              "Total Cost": 231.99,
              "Relation Name": "reserves",
              "Parallel Aware": false,
              "Alias": "r",
              "Node Type": "Seq Scan",
              "Plan Width": 8,
              "Startup Cost": 0.0,
              "Plan Rows": 14999
            },
            {
              "Parent Relationship": "Inner",
              "Total Cost": 62.5,
              "Plans": [
                {
                  "Parent Relationship": "Outer",
                  "Total Cost": 62.5,
                  "Relation Name": "boat",
                  "Parallel Aware": false,
                  "Filter": "(color \u003d \u0027red\u0027::bpchar)",
                  "Alias": "b",
                  "Node Type": "Seq Scan",
                  "Plan Width": 4,
                  "Startup Cost": 0.0,
                  "Plan Rows": 1000
                }
              ],
              "Parallel Aware": false,
              "Node Type": "Hash",
              "Plan Width": 4,
              "Startup Cost": 62.5,
              "Plan Rows": 1000
            }
          ],
          "Parallel Aware": false,
          "Node Type": "Hash Join",
          "Join Type": "Inner",
          "Plan Width": 4,
          "Startup Cost": 75.0,
          "Hash Cond": "(r.bid \u003d b.bid)",
          "Plan Rows": 5000,
          "Inner Unique": true
        },
        {
          "Parent Relationship": "Inner",
          "Total Cost": 165.0,
          "Plans": [
            {
              "Parent Relationship": "Outer",
              "Total Cost": 165.0,
              "Relation Name": "sailors",
              "Parallel Aware": false,
              "Alias": "s",
              "Node Type": "Seq Scan",
              "Plan Width": 25,
              "Startup Cost": 0.0,
              "Plan Rows": 9000
            }
          ],
          "Parallel Aware": false,
          "Node Type": "Hash",
          "Plan Width": 25,
          "Startup Cost": 165.0,
          "Plan Rows": 9000
        }
      ],
      "Parallel Aware": false,
      "Node Type": "Hash Join",
      "Join Type": "Inner",
      "Plan Width": 29,
      "Startup Cost": 352.5,
      "Hash Cond": "(r.sid \u003d s.sid)",
      "Plan Rows": 5000,
      "Inner Unique": true
    },
    {
      "Parent Relationship": "Inner",
      "Total Cost": 637.05,
      "Plans": [
        {
          "Parent Relationship": "Outer",
          "Total Cost": 637.05,
          "Plans": [
            {
              "Parent Relationship": "Outer",
              "Total Cost": 346.42,
              "Plans": [
                {
                  "Parent Relationship": "Outer",
                  "Total Cost": 231.99,
                  "Relation Name": "reserves",
                  "Parallel Aware": false,
                  "Alias": "r2",
                  "Node Type": "Seq Scan",
                  "Plan Width": 8,
                  "Startup Cost": 0.0,
                  "Plan Rows": 14999
                },
                {
                  "Parent Relationship": "Inner",
                  "Total Cost": 62.5,
                  "Plans": [
                    {
                      "Parent Relationship": "Outer",
                      "Total Cost": 62.5,
                      "Relation Name": "boat",
                      "Parallel Aware": false,
                      "Filter": "(color \u003d \u0027green\u0027::bpchar)",
                      "Alias": "b2",
                      "Node Type": "Seq Scan",
                      "Plan Width": 4,
                      "Startup Cost": 0.0,
                      "Plan Rows": 1000
                    }
                  ],
                  "Parallel Aware": false,
                  "Node Type": "Hash",
                  "Plan Width": 4,
                  "Startup Cost": 62.5,
                  "Plan Rows": 1000
                }
              ],
              "Parallel Aware": false,
              "Node Type": "Hash Join",
              "Join Type": "Inner",
              "Plan Width": 4,
              "Startup Cost": 75.0,
              "Hash Cond": "(r2.bid \u003d b2.bid)",
              "Plan Rows": 5000,
              "Inner Unique": true
            },
            {
              "Parent Relationship": "Inner",
              "Total Cost": 165.0,
              "Plans": [
                {
                  "Parent Relationship": "Outer",
                  "Total Cost": 165.0,
                  "Relation Name": "sailors",
                  "Parallel Aware": false,
                  "Alias": "s2",
                  "Node Type": "Seq Scan",
                  "Plan Width": 4,
                  "Startup Cost": 0.0,
                  "Plan Rows": 9000
                }
              ],
              "Parallel Aware": false,
              "Node Type": "Hash",
              "Plan Width": 4,
              "Startup Cost": 165.0,
              "Plan Rows": 9000
            }
          ],
          "Parallel Aware": false,
          "Node Type": "Hash Join",
          "Join Type": "Inner",
          "Plan Width": 8,
          "Startup Cost": 352.5,
          "Hash Cond": "(r2.sid \u003d s2.sid)",
          "Plan Rows": 5000,
          "Inner Unique": true
        }
      ],
      "Parallel Aware": false,
      "Node Type": "Hash",
      "Plan Width": 8,
      "Startup Cost": 637.05,
      "Plan Rows": 5000
    }
  ],
  "Parallel Aware": false,
  "Node Type": "Hash Join",
  "Join Type": "Semi",
  "Plan Width": 21,
  "Startup Cost": 1052.05,
  "Hash Cond": "(s.sid \u003d s2.sid)",
  "Plan Rows": 2778,
  "Inner Unique": false
}

------------------------------

Indicies Configuration #87:
Index btree on column sid in table sailors
Index btree on column sid in table reserves
Index hash on column bid in table boat

------------------------------

1. The Total Cost of the Plan = 1380.64
2. The Estimated Size of the Result Set = 2778
3. The Plan of the Query:
{
  "Total Cost": 1380.64,
  "Plans": [
    {
      "Parent Relationship": "Outer",
      "Total Cost": 637.05,
      "Plans": [
        {
          "Parent Relationship": "Outer",
          "Total Cost": 346.42,
          "Plans": [
            {
              "Parent Relationship": "Outer",
              "Total Cost": 231.99,
              "Relation Name": "reserves",
              "Parallel Aware": false,
              "Alias": "r",
              "Node Type": "Seq Scan",
              "Plan Width": 8,
              "Startup Cost": 0.0,
              "Plan Rows": 14999
            },
            {
              "Parent Relationship": "Inner",
              "Total Cost": 62.5,
              "Plans": [
                {
                  "Parent Relationship": "Outer",
                  "Total Cost": 62.5,
                  "Relation Name": "boat",
                  "Parallel Aware": false,
                  "Filter": "(color \u003d \u0027red\u0027::bpchar)",
                  "Alias": "b",
                  "Node Type": "Seq Scan",
                  "Plan Width": 4,
                  "Startup Cost": 0.0,
                  "Plan Rows": 1000
                }
              ],
              "Parallel Aware": false,
              "Node Type": "Hash",
              "Plan Width": 4,
              "Startup Cost": 62.5,
              "Plan Rows": 1000
            }
          ],
          "Parallel Aware": false,
          "Node Type": "Hash Join",
          "Join Type": "Inner",
          "Plan Width": 4,
          "Startup Cost": 75.0,
          "Hash Cond": "(r.bid \u003d b.bid)",
          "Plan Rows": 5000,
          "Inner Unique": true
        },
        {
          "Parent Relationship": "Inner",
          "Total Cost": 165.0,
          "Plans": [
            {
              "Parent Relationship": "Outer",
              "Total Cost": 165.0,
              "Relation Name": "sailors",
              "Parallel Aware": false,
              "Alias": "s",
              "Node Type": "Seq Scan",
              "Plan Width": 25,
              "Startup Cost": 0.0,
              "Plan Rows": 9000
            }
          ],
          "Parallel Aware": false,
          "Node Type": "Hash",
          "Plan Width": 25,
          "Startup Cost": 165.0,
          "Plan Rows": 9000
        }
      ],
      "Parallel Aware": false,
      "Node Type": "Hash Join",
      "Join Type": "Inner",
      "Plan Width": 29,
      "Startup Cost": 352.5,
      "Hash Cond": "(r.sid \u003d s.sid)",
      "Plan Rows": 5000,
      "Inner Unique": true
    },
    {
      "Parent Relationship": "Inner",
      "Total Cost": 637.05,
      "Plans": [
        {
          "Parent Relationship": "Outer",
          "Total Cost": 637.05,
          "Plans": [
            {
              "Parent Relationship": "Outer",
              "Total Cost": 346.42,
              "Plans": [
                {
                  "Parent Relationship": "Outer",
                  "Total Cost": 231.99,
                  "Relation Name": "reserves",
                  "Parallel Aware": false,
                  "Alias": "r2",
                  "Node Type": "Seq Scan",
                  "Plan Width": 8,
                  "Startup Cost": 0.0,
                  "Plan Rows": 14999
                },
                {
                  "Parent Relationship": "Inner",
                  "Total Cost": 62.5,
                  "Plans": [
                    {
                      "Parent Relationship": "Outer",
                      "Total Cost": 62.5,
                      "Relation Name": "boat",
                      "Parallel Aware": false,
                      "Filter": "(color \u003d \u0027green\u0027::bpchar)",
                      "Alias": "b2",
                      "Node Type": "Seq Scan",
                      "Plan Width": 4,
                      "Startup Cost": 0.0,
                      "Plan Rows": 1000
                    }
                  ],
                  "Parallel Aware": false,
                  "Node Type": "Hash",
                  "Plan Width": 4,
                  "Startup Cost": 62.5,
                  "Plan Rows": 1000
                }
              ],
              "Parallel Aware": false,
              "Node Type": "Hash Join",
              "Join Type": "Inner",
              "Plan Width": 4,
              "Startup Cost": 75.0,
              "Hash Cond": "(r2.bid \u003d b2.bid)",
              "Plan Rows": 5000,
              "Inner Unique": true
            },
            {
              "Parent Relationship": "Inner",
              "Total Cost": 165.0,
              "Plans": [
                {
                  "Parent Relationship": "Outer",
                  "Total Cost": 165.0,
                  "Relation Name": "sailors",
                  "Parallel Aware": false,
                  "Alias": "s2",
                  "Node Type": "Seq Scan",
                  "Plan Width": 4,
                  "Startup Cost": 0.0,
                  "Plan Rows": 9000
                }
              ],
              "Parallel Aware": false,
              "Node Type": "Hash",
              "Plan Width": 4,
              "Startup Cost": 165.0,
              "Plan Rows": 9000
            }
          ],
          "Parallel Aware": false,
          "Node Type": "Hash Join",
          "Join Type": "Inner",
          "Plan Width": 8,
          "Startup Cost": 352.5,
          "Hash Cond": "(r2.sid \u003d s2.sid)",
          "Plan Rows": 5000,
          "Inner Unique": true
        }
      ],
      "Parallel Aware": false,
      "Node Type": "Hash",
      "Plan Width": 8,
      "Startup Cost": 637.05,
      "Plan Rows": 5000
    }
  ],
  "Parallel Aware": false,
  "Node Type": "Hash Join",
  "Join Type": "Semi",
  "Plan Width": 21,
  "Startup Cost": 1052.05,
  "Hash Cond": "(s.sid \u003d s2.sid)",
  "Plan Rows": 2778,
  "Inner Unique": false
}

------------------------------

Indicies Configuration #88:
Index btree on column sid in table sailors
Index hash on column sid in table reserves

------------------------------

1. The Total Cost of the Plan = 1380.64
2. The Estimated Size of the Result Set = 2778
3. The Plan of the Query:
{
  "Total Cost": 1380.64,
  "Plans": [
    {
      "Parent Relationship": "Outer",
      "Total Cost": 637.05,
      "Plans": [
        {
          "Parent Relationship": "Outer",
          "Total Cost": 346.42,
          "Plans": [
            {
              "Parent Relationship": "Outer",
              "Total Cost": 231.99,
              "Relation Name": "reserves",
              "Parallel Aware": false,
              "Alias": "r",
              "Node Type": "Seq Scan",
              "Plan Width": 8,
              "Startup Cost": 0.0,
              "Plan Rows": 14999
            },
            {
              "Parent Relationship": "Inner",
              "Total Cost": 62.5,
              "Plans": [
                {
                  "Parent Relationship": "Outer",
                  "Total Cost": 62.5,
                  "Relation Name": "boat",
                  "Parallel Aware": false,
                  "Filter": "(color \u003d \u0027red\u0027::bpchar)",
                  "Alias": "b",
                  "Node Type": "Seq Scan",
                  "Plan Width": 4,
                  "Startup Cost": 0.0,
                  "Plan Rows": 1000
                }
              ],
              "Parallel Aware": false,
              "Node Type": "Hash",
              "Plan Width": 4,
              "Startup Cost": 62.5,
              "Plan Rows": 1000
            }
          ],
          "Parallel Aware": false,
          "Node Type": "Hash Join",
          "Join Type": "Inner",
          "Plan Width": 4,
          "Startup Cost": 75.0,
          "Hash Cond": "(r.bid \u003d b.bid)",
          "Plan Rows": 5000,
          "Inner Unique": true
        },
        {
          "Parent Relationship": "Inner",
          "Total Cost": 165.0,
          "Plans": [
            {
              "Parent Relationship": "Outer",
              "Total Cost": 165.0,
              "Relation Name": "sailors",
              "Parallel Aware": false,
              "Alias": "s",
              "Node Type": "Seq Scan",
              "Plan Width": 25,
              "Startup Cost": 0.0,
              "Plan Rows": 9000
            }
          ],
          "Parallel Aware": false,
          "Node Type": "Hash",
          "Plan Width": 25,
          "Startup Cost": 165.0,
          "Plan Rows": 9000
        }
      ],
      "Parallel Aware": false,
      "Node Type": "Hash Join",
      "Join Type": "Inner",
      "Plan Width": 29,
      "Startup Cost": 352.5,
      "Hash Cond": "(r.sid \u003d s.sid)",
      "Plan Rows": 5000,
      "Inner Unique": true
    },
    {
      "Parent Relationship": "Inner",
      "Total Cost": 637.05,
      "Plans": [
        {
          "Parent Relationship": "Outer",
          "Total Cost": 637.05,
          "Plans": [
            {
              "Parent Relationship": "Outer",
              "Total Cost": 346.42,
              "Plans": [
                {
                  "Parent Relationship": "Outer",
                  "Total Cost": 231.99,
                  "Relation Name": "reserves",
                  "Parallel Aware": false,
                  "Alias": "r2",
                  "Node Type": "Seq Scan",
                  "Plan Width": 8,
                  "Startup Cost": 0.0,
                  "Plan Rows": 14999
                },
                {
                  "Parent Relationship": "Inner",
                  "Total Cost": 62.5,
                  "Plans": [
                    {
                      "Parent Relationship": "Outer",
                      "Total Cost": 62.5,
                      "Relation Name": "boat",
                      "Parallel Aware": false,
                      "Filter": "(color \u003d \u0027green\u0027::bpchar)",
                      "Alias": "b2",
                      "Node Type": "Seq Scan",
                      "Plan Width": 4,
                      "Startup Cost": 0.0,
                      "Plan Rows": 1000
                    }
                  ],
                  "Parallel Aware": false,
                  "Node Type": "Hash",
                  "Plan Width": 4,
                  "Startup Cost": 62.5,
                  "Plan Rows": 1000
                }
              ],
              "Parallel Aware": false,
              "Node Type": "Hash Join",
              "Join Type": "Inner",
              "Plan Width": 4,
              "Startup Cost": 75.0,
              "Hash Cond": "(r2.bid \u003d b2.bid)",
              "Plan Rows": 5000,
              "Inner Unique": true
            },
            {
              "Parent Relationship": "Inner",
              "Total Cost": 165.0,
              "Plans": [
                {
                  "Parent Relationship": "Outer",
                  "Total Cost": 165.0,
                  "Relation Name": "sailors",
                  "Parallel Aware": false,
                  "Alias": "s2",
                  "Node Type": "Seq Scan",
                  "Plan Width": 4,
                  "Startup Cost": 0.0,
                  "Plan Rows": 9000
                }
              ],
              "Parallel Aware": false,
              "Node Type": "Hash",
              "Plan Width": 4,
              "Startup Cost": 165.0,
              "Plan Rows": 9000
            }
          ],
          "Parallel Aware": false,
          "Node Type": "Hash Join",
          "Join Type": "Inner",
          "Plan Width": 8,
          "Startup Cost": 352.5,
          "Hash Cond": "(r2.sid \u003d s2.sid)",
          "Plan Rows": 5000,
          "Inner Unique": true
        }
      ],
      "Parallel Aware": false,
      "Node Type": "Hash",
      "Plan Width": 8,
      "Startup Cost": 637.05,
      "Plan Rows": 5000
    }
  ],
  "Parallel Aware": false,
  "Node Type": "Hash Join",
  "Join Type": "Semi",
  "Plan Width": 21,
  "Startup Cost": 1052.05,
  "Hash Cond": "(s.sid \u003d s2.sid)",
  "Plan Rows": 2778,
  "Inner Unique": false
}

------------------------------

Indicies Configuration #89:
Index btree on column sid in table sailors
Index hash on column sid in table reserves
Index btree on column bid in table boat

------------------------------

1. The Total Cost of the Plan = 1380.64
2. The Estimated Size of the Result Set = 2778
3. The Plan of the Query:
{
  "Total Cost": 1380.64,
  "Plans": [
    {
      "Parent Relationship": "Outer",
      "Total Cost": 637.05,
      "Plans": [
        {
          "Parent Relationship": "Outer",
          "Total Cost": 346.42,
          "Plans": [
            {
              "Parent Relationship": "Outer",
              "Total Cost": 231.99,
              "Relation Name": "reserves",
              "Parallel Aware": false,
              "Alias": "r",
              "Node Type": "Seq Scan",
              "Plan Width": 8,
              "Startup Cost": 0.0,
              "Plan Rows": 14999
            },
            {
              "Parent Relationship": "Inner",
              "Total Cost": 62.5,
              "Plans": [
                {
                  "Parent Relationship": "Outer",
                  "Total Cost": 62.5,
                  "Relation Name": "boat",
                  "Parallel Aware": false,
                  "Filter": "(color \u003d \u0027red\u0027::bpchar)",
                  "Alias": "b",
                  "Node Type": "Seq Scan",
                  "Plan Width": 4,
                  "Startup Cost": 0.0,
                  "Plan Rows": 1000
                }
              ],
              "Parallel Aware": false,
              "Node Type": "Hash",
              "Plan Width": 4,
              "Startup Cost": 62.5,
              "Plan Rows": 1000
            }
          ],
          "Parallel Aware": false,
          "Node Type": "Hash Join",
          "Join Type": "Inner",
          "Plan Width": 4,
          "Startup Cost": 75.0,
          "Hash Cond": "(r.bid \u003d b.bid)",
          "Plan Rows": 5000,
          "Inner Unique": true
        },
        {
          "Parent Relationship": "Inner",
          "Total Cost": 165.0,
          "Plans": [
            {
              "Parent Relationship": "Outer",
              "Total Cost": 165.0,
              "Relation Name": "sailors",
              "Parallel Aware": false,
              "Alias": "s",
              "Node Type": "Seq Scan",
              "Plan Width": 25,
              "Startup Cost": 0.0,
              "Plan Rows": 9000
            }
          ],
          "Parallel Aware": false,
          "Node Type": "Hash",
          "Plan Width": 25,
          "Startup Cost": 165.0,
          "Plan Rows": 9000
        }
      ],
      "Parallel Aware": false,
      "Node Type": "Hash Join",
      "Join Type": "Inner",
      "Plan Width": 29,
      "Startup Cost": 352.5,
      "Hash Cond": "(r.sid \u003d s.sid)",
      "Plan Rows": 5000,
      "Inner Unique": true
    },
    {
      "Parent Relationship": "Inner",
      "Total Cost": 637.05,
      "Plans": [
        {
          "Parent Relationship": "Outer",
          "Total Cost": 637.05,
          "Plans": [
            {
              "Parent Relationship": "Outer",
              "Total Cost": 346.42,
              "Plans": [
                {
                  "Parent Relationship": "Outer",
                  "Total Cost": 231.99,
                  "Relation Name": "reserves",
                  "Parallel Aware": false,
                  "Alias": "r2",
                  "Node Type": "Seq Scan",
                  "Plan Width": 8,
                  "Startup Cost": 0.0,
                  "Plan Rows": 14999
                },
                {
                  "Parent Relationship": "Inner",
                  "Total Cost": 62.5,
                  "Plans": [
                    {
                      "Parent Relationship": "Outer",
                      "Total Cost": 62.5,
                      "Relation Name": "boat",
                      "Parallel Aware": false,
                      "Filter": "(color \u003d \u0027green\u0027::bpchar)",
                      "Alias": "b2",
                      "Node Type": "Seq Scan",
                      "Plan Width": 4,
                      "Startup Cost": 0.0,
                      "Plan Rows": 1000
                    }
                  ],
                  "Parallel Aware": false,
                  "Node Type": "Hash",
                  "Plan Width": 4,
                  "Startup Cost": 62.5,
                  "Plan Rows": 1000
                }
              ],
              "Parallel Aware": false,
              "Node Type": "Hash Join",
              "Join Type": "Inner",
              "Plan Width": 4,
              "Startup Cost": 75.0,
              "Hash Cond": "(r2.bid \u003d b2.bid)",
              "Plan Rows": 5000,
              "Inner Unique": true
            },
            {
              "Parent Relationship": "Inner",
              "Total Cost": 165.0,
              "Plans": [
                {
                  "Parent Relationship": "Outer",
                  "Total Cost": 165.0,
                  "Relation Name": "sailors",
                  "Parallel Aware": false,
                  "Alias": "s2",
                  "Node Type": "Seq Scan",
                  "Plan Width": 4,
                  "Startup Cost": 0.0,
                  "Plan Rows": 9000
                }
              ],
              "Parallel Aware": false,
              "Node Type": "Hash",
              "Plan Width": 4,
              "Startup Cost": 165.0,
              "Plan Rows": 9000
            }
          ],
          "Parallel Aware": false,
          "Node Type": "Hash Join",
          "Join Type": "Inner",
          "Plan Width": 8,
          "Startup Cost": 352.5,
          "Hash Cond": "(r2.sid \u003d s2.sid)",
          "Plan Rows": 5000,
          "Inner Unique": true
        }
      ],
      "Parallel Aware": false,
      "Node Type": "Hash",
      "Plan Width": 8,
      "Startup Cost": 637.05,
      "Plan Rows": 5000
    }
  ],
  "Parallel Aware": false,
  "Node Type": "Hash Join",
  "Join Type": "Semi",
  "Plan Width": 21,
  "Startup Cost": 1052.05,
  "Hash Cond": "(s.sid \u003d s2.sid)",
  "Plan Rows": 2778,
  "Inner Unique": false
}

------------------------------

Indicies Configuration #90:
Index btree on column sid in table sailors
Index hash on column sid in table reserves
Index hash on column bid in table boat

------------------------------

1. The Total Cost of the Plan = 1380.64
2. The Estimated Size of the Result Set = 2778
3. The Plan of the Query:
{
  "Total Cost": 1380.64,
  "Plans": [
    {
      "Parent Relationship": "Outer",
      "Total Cost": 637.05,
      "Plans": [
        {
          "Parent Relationship": "Outer",
          "Total Cost": 346.42,
          "Plans": [
            {
              "Parent Relationship": "Outer",
              "Total Cost": 231.99,
              "Relation Name": "reserves",
              "Parallel Aware": false,
              "Alias": "r",
              "Node Type": "Seq Scan",
              "Plan Width": 8,
              "Startup Cost": 0.0,
              "Plan Rows": 14999
            },
            {
              "Parent Relationship": "Inner",
              "Total Cost": 62.5,
              "Plans": [
                {
                  "Parent Relationship": "Outer",
                  "Total Cost": 62.5,
                  "Relation Name": "boat",
                  "Parallel Aware": false,
                  "Filter": "(color \u003d \u0027red\u0027::bpchar)",
                  "Alias": "b",
                  "Node Type": "Seq Scan",
                  "Plan Width": 4,
                  "Startup Cost": 0.0,
                  "Plan Rows": 1000
                }
              ],
              "Parallel Aware": false,
              "Node Type": "Hash",
              "Plan Width": 4,
              "Startup Cost": 62.5,
              "Plan Rows": 1000
            }
          ],
          "Parallel Aware": false,
          "Node Type": "Hash Join",
          "Join Type": "Inner",
          "Plan Width": 4,
          "Startup Cost": 75.0,
          "Hash Cond": "(r.bid \u003d b.bid)",
          "Plan Rows": 5000,
          "Inner Unique": true
        },
        {
          "Parent Relationship": "Inner",
          "Total Cost": 165.0,
          "Plans": [
            {
              "Parent Relationship": "Outer",
              "Total Cost": 165.0,
              "Relation Name": "sailors",
              "Parallel Aware": false,
              "Alias": "s",
              "Node Type": "Seq Scan",
              "Plan Width": 25,
              "Startup Cost": 0.0,
              "Plan Rows": 9000
            }
          ],
          "Parallel Aware": false,
          "Node Type": "Hash",
          "Plan Width": 25,
          "Startup Cost": 165.0,
          "Plan Rows": 9000
        }
      ],
      "Parallel Aware": false,
      "Node Type": "Hash Join",
      "Join Type": "Inner",
      "Plan Width": 29,
      "Startup Cost": 352.5,
      "Hash Cond": "(r.sid \u003d s.sid)",
      "Plan Rows": 5000,
      "Inner Unique": true
    },
    {
      "Parent Relationship": "Inner",
      "Total Cost": 637.05,
      "Plans": [
        {
          "Parent Relationship": "Outer",
          "Total Cost": 637.05,
          "Plans": [
            {
              "Parent Relationship": "Outer",
              "Total Cost": 346.42,
              "Plans": [
                {
                  "Parent Relationship": "Outer",
                  "Total Cost": 231.99,
                  "Relation Name": "reserves",
                  "Parallel Aware": false,
                  "Alias": "r2",
                  "Node Type": "Seq Scan",
                  "Plan Width": 8,
                  "Startup Cost": 0.0,
                  "Plan Rows": 14999
                },
                {
                  "Parent Relationship": "Inner",
                  "Total Cost": 62.5,
                  "Plans": [
                    {
                      "Parent Relationship": "Outer",
                      "Total Cost": 62.5,
                      "Relation Name": "boat",
                      "Parallel Aware": false,
                      "Filter": "(color \u003d \u0027green\u0027::bpchar)",
                      "Alias": "b2",
                      "Node Type": "Seq Scan",
                      "Plan Width": 4,
                      "Startup Cost": 0.0,
                      "Plan Rows": 1000
                    }
                  ],
                  "Parallel Aware": false,
                  "Node Type": "Hash",
                  "Plan Width": 4,
                  "Startup Cost": 62.5,
                  "Plan Rows": 1000
                }
              ],
              "Parallel Aware": false,
              "Node Type": "Hash Join",
              "Join Type": "Inner",
              "Plan Width": 4,
              "Startup Cost": 75.0,
              "Hash Cond": "(r2.bid \u003d b2.bid)",
              "Plan Rows": 5000,
              "Inner Unique": true
            },
            {
              "Parent Relationship": "Inner",
              "Total Cost": 165.0,
              "Plans": [
                {
                  "Parent Relationship": "Outer",
                  "Total Cost": 165.0,
                  "Relation Name": "sailors",
                  "Parallel Aware": false,
                  "Alias": "s2",
                  "Node Type": "Seq Scan",
                  "Plan Width": 4,
                  "Startup Cost": 0.0,
                  "Plan Rows": 9000
                }
              ],
              "Parallel Aware": false,
              "Node Type": "Hash",
              "Plan Width": 4,
              "Startup Cost": 165.0,
              "Plan Rows": 9000
            }
          ],
          "Parallel Aware": false,
          "Node Type": "Hash Join",
          "Join Type": "Inner",
          "Plan Width": 8,
          "Startup Cost": 352.5,
          "Hash Cond": "(r2.sid \u003d s2.sid)",
          "Plan Rows": 5000,
          "Inner Unique": true
        }
      ],
      "Parallel Aware": false,
      "Node Type": "Hash",
      "Plan Width": 8,
      "Startup Cost": 637.05,
      "Plan Rows": 5000
    }
  ],
  "Parallel Aware": false,
  "Node Type": "Hash Join",
  "Join Type": "Semi",
  "Plan Width": 21,
  "Startup Cost": 1052.05,
  "Hash Cond": "(s.sid \u003d s2.sid)",
  "Plan Rows": 2778,
  "Inner Unique": false
}

------------------------------

Indicies Configuration #91:
Index btree on column sid in table sailors
Index btree on column color in table boat

------------------------------

1. The Total Cost of the Plan = 1380.64
2. The Estimated Size of the Result Set = 2778
3. The Plan of the Query:
{
  "Total Cost": 1380.64,
  "Plans": [
    {
      "Parent Relationship": "Outer",
      "Total Cost": 637.05,
      "Plans": [
        {
          "Parent Relationship": "Outer",
          "Total Cost": 346.42,
          "Plans": [
            {
              "Parent Relationship": "Outer",
              "Total Cost": 231.99,
              "Relation Name": "reserves",
              "Parallel Aware": false,
              "Alias": "r",
              "Node Type": "Seq Scan",
              "Plan Width": 8,
              "Startup Cost": 0.0,
              "Plan Rows": 14999
            },
            {
              "Parent Relationship": "Inner",
              "Total Cost": 62.5,
              "Plans": [
                {
                  "Parent Relationship": "Outer",
                  "Total Cost": 62.5,
                  "Relation Name": "boat",
                  "Parallel Aware": false,
                  "Filter": "(color \u003d \u0027red\u0027::bpchar)",
                  "Alias": "b",
                  "Node Type": "Seq Scan",
                  "Plan Width": 4,
                  "Startup Cost": 0.0,
                  "Plan Rows": 1000
                }
              ],
              "Parallel Aware": false,
              "Node Type": "Hash",
              "Plan Width": 4,
              "Startup Cost": 62.5,
              "Plan Rows": 1000
            }
          ],
          "Parallel Aware": false,
          "Node Type": "Hash Join",
          "Join Type": "Inner",
          "Plan Width": 4,
          "Startup Cost": 75.0,
          "Hash Cond": "(r.bid \u003d b.bid)",
          "Plan Rows": 5000,
          "Inner Unique": true
        },
        {
          "Parent Relationship": "Inner",
          "Total Cost": 165.0,
          "Plans": [
            {
              "Parent Relationship": "Outer",
              "Total Cost": 165.0,
              "Relation Name": "sailors",
              "Parallel Aware": false,
              "Alias": "s",
              "Node Type": "Seq Scan",
              "Plan Width": 25,
              "Startup Cost": 0.0,
              "Plan Rows": 9000
            }
          ],
          "Parallel Aware": false,
          "Node Type": "Hash",
          "Plan Width": 25,
          "Startup Cost": 165.0,
          "Plan Rows": 9000
        }
      ],
      "Parallel Aware": false,
      "Node Type": "Hash Join",
      "Join Type": "Inner",
      "Plan Width": 29,
      "Startup Cost": 352.5,
      "Hash Cond": "(r.sid \u003d s.sid)",
      "Plan Rows": 5000,
      "Inner Unique": true
    },
    {
      "Parent Relationship": "Inner",
      "Total Cost": 637.05,
      "Plans": [
        {
          "Parent Relationship": "Outer",
          "Total Cost": 637.05,
          "Plans": [
            {
              "Parent Relationship": "Outer",
              "Total Cost": 346.42,
              "Plans": [
                {
                  "Parent Relationship": "Outer",
                  "Total Cost": 231.99,
                  "Relation Name": "reserves",
                  "Parallel Aware": false,
                  "Alias": "r2",
                  "Node Type": "Seq Scan",
                  "Plan Width": 8,
                  "Startup Cost": 0.0,
                  "Plan Rows": 14999
                },
                {
                  "Parent Relationship": "Inner",
                  "Total Cost": 62.5,
                  "Plans": [
                    {
                      "Parent Relationship": "Outer",
                      "Total Cost": 62.5,
                      "Relation Name": "boat",
                      "Parallel Aware": false,
                      "Filter": "(color \u003d \u0027green\u0027::bpchar)",
                      "Alias": "b2",
                      "Node Type": "Seq Scan",
                      "Plan Width": 4,
                      "Startup Cost": 0.0,
                      "Plan Rows": 1000
                    }
                  ],
                  "Parallel Aware": false,
                  "Node Type": "Hash",
                  "Plan Width": 4,
                  "Startup Cost": 62.5,
                  "Plan Rows": 1000
                }
              ],
              "Parallel Aware": false,
              "Node Type": "Hash Join",
              "Join Type": "Inner",
              "Plan Width": 4,
              "Startup Cost": 75.0,
              "Hash Cond": "(r2.bid \u003d b2.bid)",
              "Plan Rows": 5000,
              "Inner Unique": true
            },
            {
              "Parent Relationship": "Inner",
              "Total Cost": 165.0,
              "Plans": [
                {
                  "Parent Relationship": "Outer",
                  "Total Cost": 165.0,
                  "Relation Name": "sailors",
                  "Parallel Aware": false,
                  "Alias": "s2",
                  "Node Type": "Seq Scan",
                  "Plan Width": 4,
                  "Startup Cost": 0.0,
                  "Plan Rows": 9000
                }
              ],
              "Parallel Aware": false,
              "Node Type": "Hash",
              "Plan Width": 4,
              "Startup Cost": 165.0,
              "Plan Rows": 9000
            }
          ],
          "Parallel Aware": false,
          "Node Type": "Hash Join",
          "Join Type": "Inner",
          "Plan Width": 8,
          "Startup Cost": 352.5,
          "Hash Cond": "(r2.sid \u003d s2.sid)",
          "Plan Rows": 5000,
          "Inner Unique": true
        }
      ],
      "Parallel Aware": false,
      "Node Type": "Hash",
      "Plan Width": 8,
      "Startup Cost": 637.05,
      "Plan Rows": 5000
    }
  ],
  "Parallel Aware": false,
  "Node Type": "Hash Join",
  "Join Type": "Semi",
  "Plan Width": 21,
  "Startup Cost": 1052.05,
  "Hash Cond": "(s.sid \u003d s2.sid)",
  "Plan Rows": 2778,
  "Inner Unique": false
}

------------------------------

Indicies Configuration #92:
Index btree on column sid in table sailors
Index btree on column color in table boat
Index btree on column bid in table boat

------------------------------

1. The Total Cost of the Plan = 1380.64
2. The Estimated Size of the Result Set = 2778
3. The Plan of the Query:
{
  "Total Cost": 1380.64,
  "Plans": [
    {
      "Parent Relationship": "Outer",
      "Total Cost": 637.05,
      "Plans": [
        {
          "Parent Relationship": "Outer",
          "Total Cost": 346.42,
          "Plans": [
            {
              "Parent Relationship": "Outer",
              "Total Cost": 231.99,
              "Relation Name": "reserves",
              "Parallel Aware": false,
              "Alias": "r",
              "Node Type": "Seq Scan",
              "Plan Width": 8,
              "Startup Cost": 0.0,
              "Plan Rows": 14999
            },
            {
              "Parent Relationship": "Inner",
              "Total Cost": 62.5,
              "Plans": [
                {
                  "Parent Relationship": "Outer",
                  "Total Cost": 62.5,
                  "Relation Name": "boat",
                  "Parallel Aware": false,
                  "Filter": "(color \u003d \u0027red\u0027::bpchar)",
                  "Alias": "b",
                  "Node Type": "Seq Scan",
                  "Plan Width": 4,
                  "Startup Cost": 0.0,
                  "Plan Rows": 1000
                }
              ],
              "Parallel Aware": false,
              "Node Type": "Hash",
              "Plan Width": 4,
              "Startup Cost": 62.5,
              "Plan Rows": 1000
            }
          ],
          "Parallel Aware": false,
          "Node Type": "Hash Join",
          "Join Type": "Inner",
          "Plan Width": 4,
          "Startup Cost": 75.0,
          "Hash Cond": "(r.bid \u003d b.bid)",
          "Plan Rows": 5000,
          "Inner Unique": true
        },
        {
          "Parent Relationship": "Inner",
          "Total Cost": 165.0,
          "Plans": [
            {
              "Parent Relationship": "Outer",
              "Total Cost": 165.0,
              "Relation Name": "sailors",
              "Parallel Aware": false,
              "Alias": "s",
              "Node Type": "Seq Scan",
              "Plan Width": 25,
              "Startup Cost": 0.0,
              "Plan Rows": 9000
            }
          ],
          "Parallel Aware": false,
          "Node Type": "Hash",
          "Plan Width": 25,
          "Startup Cost": 165.0,
          "Plan Rows": 9000
        }
      ],
      "Parallel Aware": false,
      "Node Type": "Hash Join",
      "Join Type": "Inner",
      "Plan Width": 29,
      "Startup Cost": 352.5,
      "Hash Cond": "(r.sid \u003d s.sid)",
      "Plan Rows": 5000,
      "Inner Unique": true
    },
    {
      "Parent Relationship": "Inner",
      "Total Cost": 637.05,
      "Plans": [
        {
          "Parent Relationship": "Outer",
          "Total Cost": 637.05,
          "Plans": [
            {
              "Parent Relationship": "Outer",
              "Total Cost": 346.42,
              "Plans": [
                {
                  "Parent Relationship": "Outer",
                  "Total Cost": 231.99,
                  "Relation Name": "reserves",
                  "Parallel Aware": false,
                  "Alias": "r2",
                  "Node Type": "Seq Scan",
                  "Plan Width": 8,
                  "Startup Cost": 0.0,
                  "Plan Rows": 14999
                },
                {
                  "Parent Relationship": "Inner",
                  "Total Cost": 62.5,
                  "Plans": [
                    {
                      "Parent Relationship": "Outer",
                      "Total Cost": 62.5,
                      "Relation Name": "boat",
                      "Parallel Aware": false,
                      "Filter": "(color \u003d \u0027green\u0027::bpchar)",
                      "Alias": "b2",
                      "Node Type": "Seq Scan",
                      "Plan Width": 4,
                      "Startup Cost": 0.0,
                      "Plan Rows": 1000
                    }
                  ],
                  "Parallel Aware": false,
                  "Node Type": "Hash",
                  "Plan Width": 4,
                  "Startup Cost": 62.5,
                  "Plan Rows": 1000
                }
              ],
              "Parallel Aware": false,
              "Node Type": "Hash Join",
              "Join Type": "Inner",
              "Plan Width": 4,
              "Startup Cost": 75.0,
              "Hash Cond": "(r2.bid \u003d b2.bid)",
              "Plan Rows": 5000,
              "Inner Unique": true
            },
            {
              "Parent Relationship": "Inner",
              "Total Cost": 165.0,
              "Plans": [
                {
                  "Parent Relationship": "Outer",
                  "Total Cost": 165.0,
                  "Relation Name": "sailors",
                  "Parallel Aware": false,
                  "Alias": "s2",
                  "Node Type": "Seq Scan",
                  "Plan Width": 4,
                  "Startup Cost": 0.0,
                  "Plan Rows": 9000
                }
              ],
              "Parallel Aware": false,
              "Node Type": "Hash",
              "Plan Width": 4,
              "Startup Cost": 165.0,
              "Plan Rows": 9000
            }
          ],
          "Parallel Aware": false,
          "Node Type": "Hash Join",
          "Join Type": "Inner",
          "Plan Width": 8,
          "Startup Cost": 352.5,
          "Hash Cond": "(r2.sid \u003d s2.sid)",
          "Plan Rows": 5000,
          "Inner Unique": true
        }
      ],
      "Parallel Aware": false,
      "Node Type": "Hash",
      "Plan Width": 8,
      "Startup Cost": 637.05,
      "Plan Rows": 5000
    }
  ],
  "Parallel Aware": false,
  "Node Type": "Hash Join",
  "Join Type": "Semi",
  "Plan Width": 21,
  "Startup Cost": 1052.05,
  "Hash Cond": "(s.sid \u003d s2.sid)",
  "Plan Rows": 2778,
  "Inner Unique": false
}

------------------------------

Indicies Configuration #93:
Index btree on column sid in table sailors
Index btree on column color in table boat
Index hash on column bid in table boat

------------------------------

1. The Total Cost of the Plan = 1380.64
2. The Estimated Size of the Result Set = 2778
3. The Plan of the Query:
{
  "Total Cost": 1380.64,
  "Plans": [
    {
      "Parent Relationship": "Outer",
      "Total Cost": 637.05,
      "Plans": [
        {
          "Parent Relationship": "Outer",
          "Total Cost": 346.42,
          "Plans": [
            {
              "Parent Relationship": "Outer",
              "Total Cost": 231.99,
              "Relation Name": "reserves",
              "Parallel Aware": false,
              "Alias": "r",
              "Node Type": "Seq Scan",
              "Plan Width": 8,
              "Startup Cost": 0.0,
              "Plan Rows": 14999
            },
            {
              "Parent Relationship": "Inner",
              "Total Cost": 62.5,
              "Plans": [
                {
                  "Parent Relationship": "Outer",
                  "Total Cost": 62.5,
                  "Relation Name": "boat",
                  "Parallel Aware": false,
                  "Filter": "(color \u003d \u0027red\u0027::bpchar)",
                  "Alias": "b",
                  "Node Type": "Seq Scan",
                  "Plan Width": 4,
                  "Startup Cost": 0.0,
                  "Plan Rows": 1000
                }
              ],
              "Parallel Aware": false,
              "Node Type": "Hash",
              "Plan Width": 4,
              "Startup Cost": 62.5,
              "Plan Rows": 1000
            }
          ],
          "Parallel Aware": false,
          "Node Type": "Hash Join",
          "Join Type": "Inner",
          "Plan Width": 4,
          "Startup Cost": 75.0,
          "Hash Cond": "(r.bid \u003d b.bid)",
          "Plan Rows": 5000,
          "Inner Unique": true
        },
        {
          "Parent Relationship": "Inner",
          "Total Cost": 165.0,
          "Plans": [
            {
              "Parent Relationship": "Outer",
              "Total Cost": 165.0,
              "Relation Name": "sailors",
              "Parallel Aware": false,
              "Alias": "s",
              "Node Type": "Seq Scan",
              "Plan Width": 25,
              "Startup Cost": 0.0,
              "Plan Rows": 9000
            }
          ],
          "Parallel Aware": false,
          "Node Type": "Hash",
          "Plan Width": 25,
          "Startup Cost": 165.0,
          "Plan Rows": 9000
        }
      ],
      "Parallel Aware": false,
      "Node Type": "Hash Join",
      "Join Type": "Inner",
      "Plan Width": 29,
      "Startup Cost": 352.5,
      "Hash Cond": "(r.sid \u003d s.sid)",
      "Plan Rows": 5000,
      "Inner Unique": true
    },
    {
      "Parent Relationship": "Inner",
      "Total Cost": 637.05,
      "Plans": [
        {
          "Parent Relationship": "Outer",
          "Total Cost": 637.05,
          "Plans": [
            {
              "Parent Relationship": "Outer",
              "Total Cost": 346.42,
              "Plans": [
                {
                  "Parent Relationship": "Outer",
                  "Total Cost": 231.99,
                  "Relation Name": "reserves",
                  "Parallel Aware": false,
                  "Alias": "r2",
                  "Node Type": "Seq Scan",
                  "Plan Width": 8,
                  "Startup Cost": 0.0,
                  "Plan Rows": 14999
                },
                {
                  "Parent Relationship": "Inner",
                  "Total Cost": 62.5,
                  "Plans": [
                    {
                      "Parent Relationship": "Outer",
                      "Total Cost": 62.5,
                      "Relation Name": "boat",
                      "Parallel Aware": false,
                      "Filter": "(color \u003d \u0027green\u0027::bpchar)",
                      "Alias": "b2",
                      "Node Type": "Seq Scan",
                      "Plan Width": 4,
                      "Startup Cost": 0.0,
                      "Plan Rows": 1000
                    }
                  ],
                  "Parallel Aware": false,
                  "Node Type": "Hash",
                  "Plan Width": 4,
                  "Startup Cost": 62.5,
                  "Plan Rows": 1000
                }
              ],
              "Parallel Aware": false,
              "Node Type": "Hash Join",
              "Join Type": "Inner",
              "Plan Width": 4,
              "Startup Cost": 75.0,
              "Hash Cond": "(r2.bid \u003d b2.bid)",
              "Plan Rows": 5000,
              "Inner Unique": true
            },
            {
              "Parent Relationship": "Inner",
              "Total Cost": 165.0,
              "Plans": [
                {
                  "Parent Relationship": "Outer",
                  "Total Cost": 165.0,
                  "Relation Name": "sailors",
                  "Parallel Aware": false,
                  "Alias": "s2",
                  "Node Type": "Seq Scan",
                  "Plan Width": 4,
                  "Startup Cost": 0.0,
                  "Plan Rows": 9000
                }
              ],
              "Parallel Aware": false,
              "Node Type": "Hash",
              "Plan Width": 4,
              "Startup Cost": 165.0,
              "Plan Rows": 9000
            }
          ],
          "Parallel Aware": false,
          "Node Type": "Hash Join",
          "Join Type": "Inner",
          "Plan Width": 8,
          "Startup Cost": 352.5,
          "Hash Cond": "(r2.sid \u003d s2.sid)",
          "Plan Rows": 5000,
          "Inner Unique": true
        }
      ],
      "Parallel Aware": false,
      "Node Type": "Hash",
      "Plan Width": 8,
      "Startup Cost": 637.05,
      "Plan Rows": 5000
    }
  ],
  "Parallel Aware": false,
  "Node Type": "Hash Join",
  "Join Type": "Semi",
  "Plan Width": 21,
  "Startup Cost": 1052.05,
  "Hash Cond": "(s.sid \u003d s2.sid)",
  "Plan Rows": 2778,
  "Inner Unique": false
}

------------------------------

Indicies Configuration #94:
Index btree on column sid in table sailors
Index btree on column color in table boat
Index btree on column sid in table reserves

------------------------------

1. The Total Cost of the Plan = 1380.64
2. The Estimated Size of the Result Set = 2778
3. The Plan of the Query:
{
  "Total Cost": 1380.64,
  "Plans": [
    {
      "Parent Relationship": "Outer",
      "Total Cost": 637.05,
      "Plans": [
        {
          "Parent Relationship": "Outer",
          "Total Cost": 346.42,
          "Plans": [
            {
              "Parent Relationship": "Outer",
              "Total Cost": 231.99,
              "Relation Name": "reserves",
              "Parallel Aware": false,
              "Alias": "r",
              "Node Type": "Seq Scan",
              "Plan Width": 8,
              "Startup Cost": 0.0,
              "Plan Rows": 14999
            },
            {
              "Parent Relationship": "Inner",
              "Total Cost": 62.5,
              "Plans": [
                {
                  "Parent Relationship": "Outer",
                  "Total Cost": 62.5,
                  "Relation Name": "boat",
                  "Parallel Aware": false,
                  "Filter": "(color \u003d \u0027red\u0027::bpchar)",
                  "Alias": "b",
                  "Node Type": "Seq Scan",
                  "Plan Width": 4,
                  "Startup Cost": 0.0,
                  "Plan Rows": 1000
                }
              ],
              "Parallel Aware": false,
              "Node Type": "Hash",
              "Plan Width": 4,
              "Startup Cost": 62.5,
              "Plan Rows": 1000
            }
          ],
          "Parallel Aware": false,
          "Node Type": "Hash Join",
          "Join Type": "Inner",
          "Plan Width": 4,
          "Startup Cost": 75.0,
          "Hash Cond": "(r.bid \u003d b.bid)",
          "Plan Rows": 5000,
          "Inner Unique": true
        },
        {
          "Parent Relationship": "Inner",
          "Total Cost": 165.0,
          "Plans": [
            {
              "Parent Relationship": "Outer",
              "Total Cost": 165.0,
              "Relation Name": "sailors",
              "Parallel Aware": false,
              "Alias": "s",
              "Node Type": "Seq Scan",
              "Plan Width": 25,
              "Startup Cost": 0.0,
              "Plan Rows": 9000
            }
          ],
          "Parallel Aware": false,
          "Node Type": "Hash",
          "Plan Width": 25,
          "Startup Cost": 165.0,
          "Plan Rows": 9000
        }
      ],
      "Parallel Aware": false,
      "Node Type": "Hash Join",
      "Join Type": "Inner",
      "Plan Width": 29,
      "Startup Cost": 352.5,
      "Hash Cond": "(r.sid \u003d s.sid)",
      "Plan Rows": 5000,
      "Inner Unique": true
    },
    {
      "Parent Relationship": "Inner",
      "Total Cost": 637.05,
      "Plans": [
        {
          "Parent Relationship": "Outer",
          "Total Cost": 637.05,
          "Plans": [
            {
              "Parent Relationship": "Outer",
              "Total Cost": 346.42,
              "Plans": [
                {
                  "Parent Relationship": "Outer",
                  "Total Cost": 231.99,
                  "Relation Name": "reserves",
                  "Parallel Aware": false,
                  "Alias": "r2",
                  "Node Type": "Seq Scan",
                  "Plan Width": 8,
                  "Startup Cost": 0.0,
                  "Plan Rows": 14999
                },
                {
                  "Parent Relationship": "Inner",
                  "Total Cost": 62.5,
                  "Plans": [
                    {
                      "Parent Relationship": "Outer",
                      "Total Cost": 62.5,
                      "Relation Name": "boat",
                      "Parallel Aware": false,
                      "Filter": "(color \u003d \u0027green\u0027::bpchar)",
                      "Alias": "b2",
                      "Node Type": "Seq Scan",
                      "Plan Width": 4,
                      "Startup Cost": 0.0,
                      "Plan Rows": 1000
                    }
                  ],
                  "Parallel Aware": false,
                  "Node Type": "Hash",
                  "Plan Width": 4,
                  "Startup Cost": 62.5,
                  "Plan Rows": 1000
                }
              ],
              "Parallel Aware": false,
              "Node Type": "Hash Join",
              "Join Type": "Inner",
              "Plan Width": 4,
              "Startup Cost": 75.0,
              "Hash Cond": "(r2.bid \u003d b2.bid)",
              "Plan Rows": 5000,
              "Inner Unique": true
            },
            {
              "Parent Relationship": "Inner",
              "Total Cost": 165.0,
              "Plans": [
                {
                  "Parent Relationship": "Outer",
                  "Total Cost": 165.0,
                  "Relation Name": "sailors",
                  "Parallel Aware": false,
                  "Alias": "s2",
                  "Node Type": "Seq Scan",
                  "Plan Width": 4,
                  "Startup Cost": 0.0,
                  "Plan Rows": 9000
                }
              ],
              "Parallel Aware": false,
              "Node Type": "Hash",
              "Plan Width": 4,
              "Startup Cost": 165.0,
              "Plan Rows": 9000
            }
          ],
          "Parallel Aware": false,
          "Node Type": "Hash Join",
          "Join Type": "Inner",
          "Plan Width": 8,
          "Startup Cost": 352.5,
          "Hash Cond": "(r2.sid \u003d s2.sid)",
          "Plan Rows": 5000,
          "Inner Unique": true
        }
      ],
      "Parallel Aware": false,
      "Node Type": "Hash",
      "Plan Width": 8,
      "Startup Cost": 637.05,
      "Plan Rows": 5000
    }
  ],
  "Parallel Aware": false,
  "Node Type": "Hash Join",
  "Join Type": "Semi",
  "Plan Width": 21,
  "Startup Cost": 1052.05,
  "Hash Cond": "(s.sid \u003d s2.sid)",
  "Plan Rows": 2778,
  "Inner Unique": false
}

------------------------------

Indicies Configuration #95:
Index btree on column sid in table sailors
Index btree on column color in table boat
Index btree on column sid in table reserves
Index btree on column bid in table boat

------------------------------

1. The Total Cost of the Plan = 1380.64
2. The Estimated Size of the Result Set = 2778
3. The Plan of the Query:
{
  "Total Cost": 1380.64,
  "Plans": [
    {
      "Parent Relationship": "Outer",
      "Total Cost": 637.05,
      "Plans": [
        {
          "Parent Relationship": "Outer",
          "Total Cost": 346.42,
          "Plans": [
            {
              "Parent Relationship": "Outer",
              "Total Cost": 231.99,
              "Relation Name": "reserves",
              "Parallel Aware": false,
              "Alias": "r",
              "Node Type": "Seq Scan",
              "Plan Width": 8,
              "Startup Cost": 0.0,
              "Plan Rows": 14999
            },
            {
              "Parent Relationship": "Inner",
              "Total Cost": 62.5,
              "Plans": [
                {
                  "Parent Relationship": "Outer",
                  "Total Cost": 62.5,
                  "Relation Name": "boat",
                  "Parallel Aware": false,
                  "Filter": "(color \u003d \u0027red\u0027::bpchar)",
                  "Alias": "b",
                  "Node Type": "Seq Scan",
                  "Plan Width": 4,
                  "Startup Cost": 0.0,
                  "Plan Rows": 1000
                }
              ],
              "Parallel Aware": false,
              "Node Type": "Hash",
              "Plan Width": 4,
              "Startup Cost": 62.5,
              "Plan Rows": 1000
            }
          ],
          "Parallel Aware": false,
          "Node Type": "Hash Join",
          "Join Type": "Inner",
          "Plan Width": 4,
          "Startup Cost": 75.0,
          "Hash Cond": "(r.bid \u003d b.bid)",
          "Plan Rows": 5000,
          "Inner Unique": true
        },
        {
          "Parent Relationship": "Inner",
          "Total Cost": 165.0,
          "Plans": [
            {
              "Parent Relationship": "Outer",
              "Total Cost": 165.0,
              "Relation Name": "sailors",
              "Parallel Aware": false,
              "Alias": "s",
              "Node Type": "Seq Scan",
              "Plan Width": 25,
              "Startup Cost": 0.0,
              "Plan Rows": 9000
            }
          ],
          "Parallel Aware": false,
          "Node Type": "Hash",
          "Plan Width": 25,
          "Startup Cost": 165.0,
          "Plan Rows": 9000
        }
      ],
      "Parallel Aware": false,
      "Node Type": "Hash Join",
      "Join Type": "Inner",
      "Plan Width": 29,
      "Startup Cost": 352.5,
      "Hash Cond": "(r.sid \u003d s.sid)",
      "Plan Rows": 5000,
      "Inner Unique": true
    },
    {
      "Parent Relationship": "Inner",
      "Total Cost": 637.05,
      "Plans": [
        {
          "Parent Relationship": "Outer",
          "Total Cost": 637.05,
          "Plans": [
            {
              "Parent Relationship": "Outer",
              "Total Cost": 346.42,
              "Plans": [
                {
                  "Parent Relationship": "Outer",
                  "Total Cost": 231.99,
                  "Relation Name": "reserves",
                  "Parallel Aware": false,
                  "Alias": "r2",
                  "Node Type": "Seq Scan",
                  "Plan Width": 8,
                  "Startup Cost": 0.0,
                  "Plan Rows": 14999
                },
                {
                  "Parent Relationship": "Inner",
                  "Total Cost": 62.5,
                  "Plans": [
                    {
                      "Parent Relationship": "Outer",
                      "Total Cost": 62.5,
                      "Relation Name": "boat",
                      "Parallel Aware": false,
                      "Filter": "(color \u003d \u0027green\u0027::bpchar)",
                      "Alias": "b2",
                      "Node Type": "Seq Scan",
                      "Plan Width": 4,
                      "Startup Cost": 0.0,
                      "Plan Rows": 1000
                    }
                  ],
                  "Parallel Aware": false,
                  "Node Type": "Hash",
                  "Plan Width": 4,
                  "Startup Cost": 62.5,
                  "Plan Rows": 1000
                }
              ],
              "Parallel Aware": false,
              "Node Type": "Hash Join",
              "Join Type": "Inner",
              "Plan Width": 4,
              "Startup Cost": 75.0,
              "Hash Cond": "(r2.bid \u003d b2.bid)",
              "Plan Rows": 5000,
              "Inner Unique": true
            },
            {
              "Parent Relationship": "Inner",
              "Total Cost": 165.0,
              "Plans": [
                {
                  "Parent Relationship": "Outer",
                  "Total Cost": 165.0,
                  "Relation Name": "sailors",
                  "Parallel Aware": false,
                  "Alias": "s2",
                  "Node Type": "Seq Scan",
                  "Plan Width": 4,
                  "Startup Cost": 0.0,
                  "Plan Rows": 9000
                }
              ],
              "Parallel Aware": false,
              "Node Type": "Hash",
              "Plan Width": 4,
              "Startup Cost": 165.0,
              "Plan Rows": 9000
            }
          ],
          "Parallel Aware": false,
          "Node Type": "Hash Join",
          "Join Type": "Inner",
          "Plan Width": 8,
          "Startup Cost": 352.5,
          "Hash Cond": "(r2.sid \u003d s2.sid)",
          "Plan Rows": 5000,
          "Inner Unique": true
        }
      ],
      "Parallel Aware": false,
      "Node Type": "Hash",
      "Plan Width": 8,
      "Startup Cost": 637.05,
      "Plan Rows": 5000
    }
  ],
  "Parallel Aware": false,
  "Node Type": "Hash Join",
  "Join Type": "Semi",
  "Plan Width": 21,
  "Startup Cost": 1052.05,
  "Hash Cond": "(s.sid \u003d s2.sid)",
  "Plan Rows": 2778,
  "Inner Unique": false
}

------------------------------

Indicies Configuration #96:
Index btree on column sid in table sailors
Index btree on column color in table boat
Index btree on column sid in table reserves
Index hash on column bid in table boat

------------------------------

1. The Total Cost of the Plan = 1380.64
2. The Estimated Size of the Result Set = 2778
3. The Plan of the Query:
{
  "Total Cost": 1380.64,
  "Plans": [
    {
      "Parent Relationship": "Outer",
      "Total Cost": 637.05,
      "Plans": [
        {
          "Parent Relationship": "Outer",
          "Total Cost": 346.42,
          "Plans": [
            {
              "Parent Relationship": "Outer",
              "Total Cost": 231.99,
              "Relation Name": "reserves",
              "Parallel Aware": false,
              "Alias": "r",
              "Node Type": "Seq Scan",
              "Plan Width": 8,
              "Startup Cost": 0.0,
              "Plan Rows": 14999
            },
            {
              "Parent Relationship": "Inner",
              "Total Cost": 62.5,
              "Plans": [
                {
                  "Parent Relationship": "Outer",
                  "Total Cost": 62.5,
                  "Relation Name": "boat",
                  "Parallel Aware": false,
                  "Filter": "(color \u003d \u0027red\u0027::bpchar)",
                  "Alias": "b",
                  "Node Type": "Seq Scan",
                  "Plan Width": 4,
                  "Startup Cost": 0.0,
                  "Plan Rows": 1000
                }
              ],
              "Parallel Aware": false,
              "Node Type": "Hash",
              "Plan Width": 4,
              "Startup Cost": 62.5,
              "Plan Rows": 1000
            }
          ],
          "Parallel Aware": false,
          "Node Type": "Hash Join",
          "Join Type": "Inner",
          "Plan Width": 4,
          "Startup Cost": 75.0,
          "Hash Cond": "(r.bid \u003d b.bid)",
          "Plan Rows": 5000,
          "Inner Unique": true
        },
        {
          "Parent Relationship": "Inner",
          "Total Cost": 165.0,
          "Plans": [
            {
              "Parent Relationship": "Outer",
              "Total Cost": 165.0,
              "Relation Name": "sailors",
              "Parallel Aware": false,
              "Alias": "s",
              "Node Type": "Seq Scan",
              "Plan Width": 25,
              "Startup Cost": 0.0,
              "Plan Rows": 9000
            }
          ],
          "Parallel Aware": false,
          "Node Type": "Hash",
          "Plan Width": 25,
          "Startup Cost": 165.0,
          "Plan Rows": 9000
        }
      ],
      "Parallel Aware": false,
      "Node Type": "Hash Join",
      "Join Type": "Inner",
      "Plan Width": 29,
      "Startup Cost": 352.5,
      "Hash Cond": "(r.sid \u003d s.sid)",
      "Plan Rows": 5000,
      "Inner Unique": true
    },
    {
      "Parent Relationship": "Inner",
      "Total Cost": 637.05,
      "Plans": [
        {
          "Parent Relationship": "Outer",
          "Total Cost": 637.05,
          "Plans": [
            {
              "Parent Relationship": "Outer",
              "Total Cost": 346.42,
              "Plans": [
                {
                  "Parent Relationship": "Outer",
                  "Total Cost": 231.99,
                  "Relation Name": "reserves",
                  "Parallel Aware": false,
                  "Alias": "r2",
                  "Node Type": "Seq Scan",
                  "Plan Width": 8,
                  "Startup Cost": 0.0,
                  "Plan Rows": 14999
                },
                {
                  "Parent Relationship": "Inner",
                  "Total Cost": 62.5,
                  "Plans": [
                    {
                      "Parent Relationship": "Outer",
                      "Total Cost": 62.5,
                      "Relation Name": "boat",
                      "Parallel Aware": false,
                      "Filter": "(color \u003d \u0027green\u0027::bpchar)",
                      "Alias": "b2",
                      "Node Type": "Seq Scan",
                      "Plan Width": 4,
                      "Startup Cost": 0.0,
                      "Plan Rows": 1000
                    }
                  ],
                  "Parallel Aware": false,
                  "Node Type": "Hash",
                  "Plan Width": 4,
                  "Startup Cost": 62.5,
                  "Plan Rows": 1000
                }
              ],
              "Parallel Aware": false,
              "Node Type": "Hash Join",
              "Join Type": "Inner",
              "Plan Width": 4,
              "Startup Cost": 75.0,
              "Hash Cond": "(r2.bid \u003d b2.bid)",
              "Plan Rows": 5000,
              "Inner Unique": true
            },
            {
              "Parent Relationship": "Inner",
              "Total Cost": 165.0,
              "Plans": [
                {
                  "Parent Relationship": "Outer",
                  "Total Cost": 165.0,
                  "Relation Name": "sailors",
                  "Parallel Aware": false,
                  "Alias": "s2",
                  "Node Type": "Seq Scan",
                  "Plan Width": 4,
                  "Startup Cost": 0.0,
                  "Plan Rows": 9000
                }
              ],
              "Parallel Aware": false,
              "Node Type": "Hash",
              "Plan Width": 4,
              "Startup Cost": 165.0,
              "Plan Rows": 9000
            }
          ],
          "Parallel Aware": false,
          "Node Type": "Hash Join",
          "Join Type": "Inner",
          "Plan Width": 8,
          "Startup Cost": 352.5,
          "Hash Cond": "(r2.sid \u003d s2.sid)",
          "Plan Rows": 5000,
          "Inner Unique": true
        }
      ],
      "Parallel Aware": false,
      "Node Type": "Hash",
      "Plan Width": 8,
      "Startup Cost": 637.05,
      "Plan Rows": 5000
    }
  ],
  "Parallel Aware": false,
  "Node Type": "Hash Join",
  "Join Type": "Semi",
  "Plan Width": 21,
  "Startup Cost": 1052.05,
  "Hash Cond": "(s.sid \u003d s2.sid)",
  "Plan Rows": 2778,
  "Inner Unique": false
}

------------------------------

Indicies Configuration #97:
Index btree on column sid in table sailors
Index btree on column color in table boat
Index hash on column sid in table reserves

------------------------------

1. The Total Cost of the Plan = 1380.64
2. The Estimated Size of the Result Set = 2778
3. The Plan of the Query:
{
  "Total Cost": 1380.64,
  "Plans": [
    {
      "Parent Relationship": "Outer",
      "Total Cost": 637.05,
      "Plans": [
        {
          "Parent Relationship": "Outer",
          "Total Cost": 346.42,
          "Plans": [
            {
              "Parent Relationship": "Outer",
              "Total Cost": 231.99,
              "Relation Name": "reserves",
              "Parallel Aware": false,
              "Alias": "r",
              "Node Type": "Seq Scan",
              "Plan Width": 8,
              "Startup Cost": 0.0,
              "Plan Rows": 14999
            },
            {
              "Parent Relationship": "Inner",
              "Total Cost": 62.5,
              "Plans": [
                {
                  "Parent Relationship": "Outer",
                  "Total Cost": 62.5,
                  "Relation Name": "boat",
                  "Parallel Aware": false,
                  "Filter": "(color \u003d \u0027red\u0027::bpchar)",
                  "Alias": "b",
                  "Node Type": "Seq Scan",
                  "Plan Width": 4,
                  "Startup Cost": 0.0,
                  "Plan Rows": 1000
                }
              ],
              "Parallel Aware": false,
              "Node Type": "Hash",
              "Plan Width": 4,
              "Startup Cost": 62.5,
              "Plan Rows": 1000
            }
          ],
          "Parallel Aware": false,
          "Node Type": "Hash Join",
          "Join Type": "Inner",
          "Plan Width": 4,
          "Startup Cost": 75.0,
          "Hash Cond": "(r.bid \u003d b.bid)",
          "Plan Rows": 5000,
          "Inner Unique": true
        },
        {
          "Parent Relationship": "Inner",
          "Total Cost": 165.0,
          "Plans": [
            {
              "Parent Relationship": "Outer",
              "Total Cost": 165.0,
              "Relation Name": "sailors",
              "Parallel Aware": false,
              "Alias": "s",
              "Node Type": "Seq Scan",
              "Plan Width": 25,
              "Startup Cost": 0.0,
              "Plan Rows": 9000
            }
          ],
          "Parallel Aware": false,
          "Node Type": "Hash",
          "Plan Width": 25,
          "Startup Cost": 165.0,
          "Plan Rows": 9000
        }
      ],
      "Parallel Aware": false,
      "Node Type": "Hash Join",
      "Join Type": "Inner",
      "Plan Width": 29,
      "Startup Cost": 352.5,
      "Hash Cond": "(r.sid \u003d s.sid)",
      "Plan Rows": 5000,
      "Inner Unique": true
    },
    {
      "Parent Relationship": "Inner",
      "Total Cost": 637.05,
      "Plans": [
        {
          "Parent Relationship": "Outer",
          "Total Cost": 637.05,
          "Plans": [
            {
              "Parent Relationship": "Outer",
              "Total Cost": 346.42,
              "Plans": [
                {
                  "Parent Relationship": "Outer",
                  "Total Cost": 231.99,
                  "Relation Name": "reserves",
                  "Parallel Aware": false,
                  "Alias": "r2",
                  "Node Type": "Seq Scan",
                  "Plan Width": 8,
                  "Startup Cost": 0.0,
                  "Plan Rows": 14999
                },
                {
                  "Parent Relationship": "Inner",
                  "Total Cost": 62.5,
                  "Plans": [
                    {
                      "Parent Relationship": "Outer",
                      "Total Cost": 62.5,
                      "Relation Name": "boat",
                      "Parallel Aware": false,
                      "Filter": "(color \u003d \u0027green\u0027::bpchar)",
                      "Alias": "b2",
                      "Node Type": "Seq Scan",
                      "Plan Width": 4,
                      "Startup Cost": 0.0,
                      "Plan Rows": 1000
                    }
                  ],
                  "Parallel Aware": false,
                  "Node Type": "Hash",
                  "Plan Width": 4,
                  "Startup Cost": 62.5,
                  "Plan Rows": 1000
                }
              ],
              "Parallel Aware": false,
              "Node Type": "Hash Join",
              "Join Type": "Inner",
              "Plan Width": 4,
              "Startup Cost": 75.0,
              "Hash Cond": "(r2.bid \u003d b2.bid)",
              "Plan Rows": 5000,
              "Inner Unique": true
            },
            {
              "Parent Relationship": "Inner",
              "Total Cost": 165.0,
              "Plans": [
                {
                  "Parent Relationship": "Outer",
                  "Total Cost": 165.0,
                  "Relation Name": "sailors",
                  "Parallel Aware": false,
                  "Alias": "s2",
                  "Node Type": "Seq Scan",
                  "Plan Width": 4,
                  "Startup Cost": 0.0,
                  "Plan Rows": 9000
                }
              ],
              "Parallel Aware": false,
              "Node Type": "Hash",
              "Plan Width": 4,
              "Startup Cost": 165.0,
              "Plan Rows": 9000
            }
          ],
          "Parallel Aware": false,
          "Node Type": "Hash Join",
          "Join Type": "Inner",
          "Plan Width": 8,
          "Startup Cost": 352.5,
          "Hash Cond": "(r2.sid \u003d s2.sid)",
          "Plan Rows": 5000,
          "Inner Unique": true
        }
      ],
      "Parallel Aware": false,
      "Node Type": "Hash",
      "Plan Width": 8,
      "Startup Cost": 637.05,
      "Plan Rows": 5000
    }
  ],
  "Parallel Aware": false,
  "Node Type": "Hash Join",
  "Join Type": "Semi",
  "Plan Width": 21,
  "Startup Cost": 1052.05,
  "Hash Cond": "(s.sid \u003d s2.sid)",
  "Plan Rows": 2778,
  "Inner Unique": false
}

------------------------------

Indicies Configuration #98:
Index btree on column sid in table sailors
Index btree on column color in table boat
Index hash on column sid in table reserves
Index btree on column bid in table boat

------------------------------

1. The Total Cost of the Plan = 1380.64
2. The Estimated Size of the Result Set = 2778
3. The Plan of the Query:
{
  "Total Cost": 1380.64,
  "Plans": [
    {
      "Parent Relationship": "Outer",
      "Total Cost": 637.05,
      "Plans": [
        {
          "Parent Relationship": "Outer",
          "Total Cost": 346.42,
          "Plans": [
            {
              "Parent Relationship": "Outer",
              "Total Cost": 231.99,
              "Relation Name": "reserves",
              "Parallel Aware": false,
              "Alias": "r",
              "Node Type": "Seq Scan",
              "Plan Width": 8,
              "Startup Cost": 0.0,
              "Plan Rows": 14999
            },
            {
              "Parent Relationship": "Inner",
              "Total Cost": 62.5,
              "Plans": [
                {
                  "Parent Relationship": "Outer",
                  "Total Cost": 62.5,
                  "Relation Name": "boat",
                  "Parallel Aware": false,
                  "Filter": "(color \u003d \u0027red\u0027::bpchar)",
                  "Alias": "b",
                  "Node Type": "Seq Scan",
                  "Plan Width": 4,
                  "Startup Cost": 0.0,
                  "Plan Rows": 1000
                }
              ],
              "Parallel Aware": false,
              "Node Type": "Hash",
              "Plan Width": 4,
              "Startup Cost": 62.5,
              "Plan Rows": 1000
            }
          ],
          "Parallel Aware": false,
          "Node Type": "Hash Join",
          "Join Type": "Inner",
          "Plan Width": 4,
          "Startup Cost": 75.0,
          "Hash Cond": "(r.bid \u003d b.bid)",
          "Plan Rows": 5000,
          "Inner Unique": true
        },
        {
          "Parent Relationship": "Inner",
          "Total Cost": 165.0,
          "Plans": [
            {
              "Parent Relationship": "Outer",
              "Total Cost": 165.0,
              "Relation Name": "sailors",
              "Parallel Aware": false,
              "Alias": "s",
              "Node Type": "Seq Scan",
              "Plan Width": 25,
              "Startup Cost": 0.0,
              "Plan Rows": 9000
            }
          ],
          "Parallel Aware": false,
          "Node Type": "Hash",
          "Plan Width": 25,
          "Startup Cost": 165.0,
          "Plan Rows": 9000
        }
      ],
      "Parallel Aware": false,
      "Node Type": "Hash Join",
      "Join Type": "Inner",
      "Plan Width": 29,
      "Startup Cost": 352.5,
      "Hash Cond": "(r.sid \u003d s.sid)",
      "Plan Rows": 5000,
      "Inner Unique": true
    },
    {
      "Parent Relationship": "Inner",
      "Total Cost": 637.05,
      "Plans": [
        {
          "Parent Relationship": "Outer",
          "Total Cost": 637.05,
          "Plans": [
            {
              "Parent Relationship": "Outer",
              "Total Cost": 346.42,
              "Plans": [
                {
                  "Parent Relationship": "Outer",
                  "Total Cost": 231.99,
                  "Relation Name": "reserves",
                  "Parallel Aware": false,
                  "Alias": "r2",
                  "Node Type": "Seq Scan",
                  "Plan Width": 8,
                  "Startup Cost": 0.0,
                  "Plan Rows": 14999
                },
                {
                  "Parent Relationship": "Inner",
                  "Total Cost": 62.5,
                  "Plans": [
                    {
                      "Parent Relationship": "Outer",
                      "Total Cost": 62.5,
                      "Relation Name": "boat",
                      "Parallel Aware": false,
                      "Filter": "(color \u003d \u0027green\u0027::bpchar)",
                      "Alias": "b2",
                      "Node Type": "Seq Scan",
                      "Plan Width": 4,
                      "Startup Cost": 0.0,
                      "Plan Rows": 1000
                    }
                  ],
                  "Parallel Aware": false,
                  "Node Type": "Hash",
                  "Plan Width": 4,
                  "Startup Cost": 62.5,
                  "Plan Rows": 1000
                }
              ],
              "Parallel Aware": false,
              "Node Type": "Hash Join",
              "Join Type": "Inner",
              "Plan Width": 4,
              "Startup Cost": 75.0,
              "Hash Cond": "(r2.bid \u003d b2.bid)",
              "Plan Rows": 5000,
              "Inner Unique": true
            },
            {
              "Parent Relationship": "Inner",
              "Total Cost": 165.0,
              "Plans": [
                {
                  "Parent Relationship": "Outer",
                  "Total Cost": 165.0,
                  "Relation Name": "sailors",
                  "Parallel Aware": false,
                  "Alias": "s2",
                  "Node Type": "Seq Scan",
                  "Plan Width": 4,
                  "Startup Cost": 0.0,
                  "Plan Rows": 9000
                }
              ],
              "Parallel Aware": false,
              "Node Type": "Hash",
              "Plan Width": 4,
              "Startup Cost": 165.0,
              "Plan Rows": 9000
            }
          ],
          "Parallel Aware": false,
          "Node Type": "Hash Join",
          "Join Type": "Inner",
          "Plan Width": 8,
          "Startup Cost": 352.5,
          "Hash Cond": "(r2.sid \u003d s2.sid)",
          "Plan Rows": 5000,
          "Inner Unique": true
        }
      ],
      "Parallel Aware": false,
      "Node Type": "Hash",
      "Plan Width": 8,
      "Startup Cost": 637.05,
      "Plan Rows": 5000
    }
  ],
  "Parallel Aware": false,
  "Node Type": "Hash Join",
  "Join Type": "Semi",
  "Plan Width": 21,
  "Startup Cost": 1052.05,
  "Hash Cond": "(s.sid \u003d s2.sid)",
  "Plan Rows": 2778,
  "Inner Unique": false
}

------------------------------

Indicies Configuration #99:
Index btree on column sid in table sailors
Index btree on column color in table boat
Index hash on column sid in table reserves
Index hash on column bid in table boat

------------------------------

1. The Total Cost of the Plan = 1380.64
2. The Estimated Size of the Result Set = 2778
3. The Plan of the Query:
{
  "Total Cost": 1380.64,
  "Plans": [
    {
      "Parent Relationship": "Outer",
      "Total Cost": 637.05,
      "Plans": [
        {
          "Parent Relationship": "Outer",
          "Total Cost": 346.42,
          "Plans": [
            {
              "Parent Relationship": "Outer",
              "Total Cost": 231.99,
              "Relation Name": "reserves",
              "Parallel Aware": false,
              "Alias": "r",
              "Node Type": "Seq Scan",
              "Plan Width": 8,
              "Startup Cost": 0.0,
              "Plan Rows": 14999
            },
            {
              "Parent Relationship": "Inner",
              "Total Cost": 62.5,
              "Plans": [
                {
                  "Parent Relationship": "Outer",
                  "Total Cost": 62.5,
                  "Relation Name": "boat",
                  "Parallel Aware": false,
                  "Filter": "(color \u003d \u0027red\u0027::bpchar)",
                  "Alias": "b",
                  "Node Type": "Seq Scan",
                  "Plan Width": 4,
                  "Startup Cost": 0.0,
                  "Plan Rows": 1000
                }
              ],
              "Parallel Aware": false,
              "Node Type": "Hash",
              "Plan Width": 4,
              "Startup Cost": 62.5,
              "Plan Rows": 1000
            }
          ],
          "Parallel Aware": false,
          "Node Type": "Hash Join",
          "Join Type": "Inner",
          "Plan Width": 4,
          "Startup Cost": 75.0,
          "Hash Cond": "(r.bid \u003d b.bid)",
          "Plan Rows": 5000,
          "Inner Unique": true
        },
        {
          "Parent Relationship": "Inner",
          "Total Cost": 165.0,
          "Plans": [
            {
              "Parent Relationship": "Outer",
              "Total Cost": 165.0,
              "Relation Name": "sailors",
              "Parallel Aware": false,
              "Alias": "s",
              "Node Type": "Seq Scan",
              "Plan Width": 25,
              "Startup Cost": 0.0,
              "Plan Rows": 9000
            }
          ],
          "Parallel Aware": false,
          "Node Type": "Hash",
          "Plan Width": 25,
          "Startup Cost": 165.0,
          "Plan Rows": 9000
        }
      ],
      "Parallel Aware": false,
      "Node Type": "Hash Join",
      "Join Type": "Inner",
      "Plan Width": 29,
      "Startup Cost": 352.5,
      "Hash Cond": "(r.sid \u003d s.sid)",
      "Plan Rows": 5000,
      "Inner Unique": true
    },
    {
      "Parent Relationship": "Inner",
      "Total Cost": 637.05,
      "Plans": [
        {
          "Parent Relationship": "Outer",
          "Total Cost": 637.05,
          "Plans": [
            {
              "Parent Relationship": "Outer",
              "Total Cost": 346.42,
              "Plans": [
                {
                  "Parent Relationship": "Outer",
                  "Total Cost": 231.99,
                  "Relation Name": "reserves",
                  "Parallel Aware": false,
                  "Alias": "r2",
                  "Node Type": "Seq Scan",
                  "Plan Width": 8,
                  "Startup Cost": 0.0,
                  "Plan Rows": 14999
                },
                {
                  "Parent Relationship": "Inner",
                  "Total Cost": 62.5,
                  "Plans": [
                    {
                      "Parent Relationship": "Outer",
                      "Total Cost": 62.5,
                      "Relation Name": "boat",
                      "Parallel Aware": false,
                      "Filter": "(color \u003d \u0027green\u0027::bpchar)",
                      "Alias": "b2",
                      "Node Type": "Seq Scan",
                      "Plan Width": 4,
                      "Startup Cost": 0.0,
                      "Plan Rows": 1000
                    }
                  ],
                  "Parallel Aware": false,
                  "Node Type": "Hash",
                  "Plan Width": 4,
                  "Startup Cost": 62.5,
                  "Plan Rows": 1000
                }
              ],
              "Parallel Aware": false,
              "Node Type": "Hash Join",
              "Join Type": "Inner",
              "Plan Width": 4,
              "Startup Cost": 75.0,
              "Hash Cond": "(r2.bid \u003d b2.bid)",
              "Plan Rows": 5000,
              "Inner Unique": true
            },
            {
              "Parent Relationship": "Inner",
              "Total Cost": 165.0,
              "Plans": [
                {
                  "Parent Relationship": "Outer",
                  "Total Cost": 165.0,
                  "Relation Name": "sailors",
                  "Parallel Aware": false,
                  "Alias": "s2",
                  "Node Type": "Seq Scan",
                  "Plan Width": 4,
                  "Startup Cost": 0.0,
                  "Plan Rows": 9000
                }
              ],
              "Parallel Aware": false,
              "Node Type": "Hash",
              "Plan Width": 4,
              "Startup Cost": 165.0,
              "Plan Rows": 9000
            }
          ],
          "Parallel Aware": false,
          "Node Type": "Hash Join",
          "Join Type": "Inner",
          "Plan Width": 8,
          "Startup Cost": 352.5,
          "Hash Cond": "(r2.sid \u003d s2.sid)",
          "Plan Rows": 5000,
          "Inner Unique": true
        }
      ],
      "Parallel Aware": false,
      "Node Type": "Hash",
      "Plan Width": 8,
      "Startup Cost": 637.05,
      "Plan Rows": 5000
    }
  ],
  "Parallel Aware": false,
  "Node Type": "Hash Join",
  "Join Type": "Semi",
  "Plan Width": 21,
  "Startup Cost": 1052.05,
  "Hash Cond": "(s.sid \u003d s2.sid)",
  "Plan Rows": 2778,
  "Inner Unique": false
}

------------------------------

Indicies Configuration #100:
Index btree on column sid in table sailors
Index hash on column color in table boat

------------------------------

1. The Total Cost of the Plan = 1380.64
2. The Estimated Size of the Result Set = 2778
3. The Plan of the Query:
{
  "Total Cost": 1380.64,
  "Plans": [
    {
      "Parent Relationship": "Outer",
      "Total Cost": 637.05,
      "Plans": [
        {
          "Parent Relationship": "Outer",
          "Total Cost": 346.42,
          "Plans": [
            {
              "Parent Relationship": "Outer",
              "Total Cost": 231.99,
              "Relation Name": "reserves",
              "Parallel Aware": false,
              "Alias": "r",
              "Node Type": "Seq Scan",
              "Plan Width": 8,
              "Startup Cost": 0.0,
              "Plan Rows": 14999
            },
            {
              "Parent Relationship": "Inner",
              "Total Cost": 62.5,
              "Plans": [
                {
                  "Parent Relationship": "Outer",
                  "Total Cost": 62.5,
                  "Relation Name": "boat",
                  "Parallel Aware": false,
                  "Filter": "(color \u003d \u0027red\u0027::bpchar)",
                  "Alias": "b",
                  "Node Type": "Seq Scan",
                  "Plan Width": 4,
                  "Startup Cost": 0.0,
                  "Plan Rows": 1000
                }
              ],
              "Parallel Aware": false,
              "Node Type": "Hash",
              "Plan Width": 4,
              "Startup Cost": 62.5,
              "Plan Rows": 1000
            }
          ],
          "Parallel Aware": false,
          "Node Type": "Hash Join",
          "Join Type": "Inner",
          "Plan Width": 4,
          "Startup Cost": 75.0,
          "Hash Cond": "(r.bid \u003d b.bid)",
          "Plan Rows": 5000,
          "Inner Unique": true
        },
        {
          "Parent Relationship": "Inner",
          "Total Cost": 165.0,
          "Plans": [
            {
              "Parent Relationship": "Outer",
              "Total Cost": 165.0,
              "Relation Name": "sailors",
              "Parallel Aware": false,
              "Alias": "s",
              "Node Type": "Seq Scan",
              "Plan Width": 25,
              "Startup Cost": 0.0,
              "Plan Rows": 9000
            }
          ],
          "Parallel Aware": false,
          "Node Type": "Hash",
          "Plan Width": 25,
          "Startup Cost": 165.0,
          "Plan Rows": 9000
        }
      ],
      "Parallel Aware": false,
      "Node Type": "Hash Join",
      "Join Type": "Inner",
      "Plan Width": 29,
      "Startup Cost": 352.5,
      "Hash Cond": "(r.sid \u003d s.sid)",
      "Plan Rows": 5000,
      "Inner Unique": true
    },
    {
      "Parent Relationship": "Inner",
      "Total Cost": 637.05,
      "Plans": [
        {
          "Parent Relationship": "Outer",
          "Total Cost": 637.05,
          "Plans": [
            {
              "Parent Relationship": "Outer",
              "Total Cost": 346.42,
              "Plans": [
                {
                  "Parent Relationship": "Outer",
                  "Total Cost": 231.99,
                  "Relation Name": "reserves",
                  "Parallel Aware": false,
                  "Alias": "r2",
                  "Node Type": "Seq Scan",
                  "Plan Width": 8,
                  "Startup Cost": 0.0,
                  "Plan Rows": 14999
                },
                {
                  "Parent Relationship": "Inner",
                  "Total Cost": 62.5,
                  "Plans": [
                    {
                      "Parent Relationship": "Outer",
                      "Total Cost": 62.5,
                      "Relation Name": "boat",
                      "Parallel Aware": false,
                      "Filter": "(color \u003d \u0027green\u0027::bpchar)",
                      "Alias": "b2",
                      "Node Type": "Seq Scan",
                      "Plan Width": 4,
                      "Startup Cost": 0.0,
                      "Plan Rows": 1000
                    }
                  ],
                  "Parallel Aware": false,
                  "Node Type": "Hash",
                  "Plan Width": 4,
                  "Startup Cost": 62.5,
                  "Plan Rows": 1000
                }
              ],
              "Parallel Aware": false,
              "Node Type": "Hash Join",
              "Join Type": "Inner",
              "Plan Width": 4,
              "Startup Cost": 75.0,
              "Hash Cond": "(r2.bid \u003d b2.bid)",
              "Plan Rows": 5000,
              "Inner Unique": true
            },
            {
              "Parent Relationship": "Inner",
              "Total Cost": 165.0,
              "Plans": [
                {
                  "Parent Relationship": "Outer",
                  "Total Cost": 165.0,
                  "Relation Name": "sailors",
                  "Parallel Aware": false,
                  "Alias": "s2",
                  "Node Type": "Seq Scan",
                  "Plan Width": 4,
                  "Startup Cost": 0.0,
                  "Plan Rows": 9000
                }
              ],
              "Parallel Aware": false,
              "Node Type": "Hash",
              "Plan Width": 4,
              "Startup Cost": 165.0,
              "Plan Rows": 9000
            }
          ],
          "Parallel Aware": false,
          "Node Type": "Hash Join",
          "Join Type": "Inner",
          "Plan Width": 8,
          "Startup Cost": 352.5,
          "Hash Cond": "(r2.sid \u003d s2.sid)",
          "Plan Rows": 5000,
          "Inner Unique": true
        }
      ],
      "Parallel Aware": false,
      "Node Type": "Hash",
      "Plan Width": 8,
      "Startup Cost": 637.05,
      "Plan Rows": 5000
    }
  ],
  "Parallel Aware": false,
  "Node Type": "Hash Join",
  "Join Type": "Semi",
  "Plan Width": 21,
  "Startup Cost": 1052.05,
  "Hash Cond": "(s.sid \u003d s2.sid)",
  "Plan Rows": 2778,
  "Inner Unique": false
}

------------------------------

Indicies Configuration #101:
Index btree on column sid in table sailors
Index hash on column color in table boat
Index btree on column bid in table boat

------------------------------

1. The Total Cost of the Plan = 1380.64
2. The Estimated Size of the Result Set = 2778
3. The Plan of the Query:
{
  "Total Cost": 1380.64,
  "Plans": [
    {
      "Parent Relationship": "Outer",
      "Total Cost": 637.05,
      "Plans": [
        {
          "Parent Relationship": "Outer",
          "Total Cost": 346.42,
          "Plans": [
            {
              "Parent Relationship": "Outer",
              "Total Cost": 231.99,
              "Relation Name": "reserves",
              "Parallel Aware": false,
              "Alias": "r",
              "Node Type": "Seq Scan",
              "Plan Width": 8,
              "Startup Cost": 0.0,
              "Plan Rows": 14999
            },
            {
              "Parent Relationship": "Inner",
              "Total Cost": 62.5,
              "Plans": [
                {
                  "Parent Relationship": "Outer",
                  "Total Cost": 62.5,
                  "Relation Name": "boat",
                  "Parallel Aware": false,
                  "Filter": "(color \u003d \u0027red\u0027::bpchar)",
                  "Alias": "b",
                  "Node Type": "Seq Scan",
                  "Plan Width": 4,
                  "Startup Cost": 0.0,
                  "Plan Rows": 1000
                }
              ],
              "Parallel Aware": false,
              "Node Type": "Hash",
              "Plan Width": 4,
              "Startup Cost": 62.5,
              "Plan Rows": 1000
            }
          ],
          "Parallel Aware": false,
          "Node Type": "Hash Join",
          "Join Type": "Inner",
          "Plan Width": 4,
          "Startup Cost": 75.0,
          "Hash Cond": "(r.bid \u003d b.bid)",
          "Plan Rows": 5000,
          "Inner Unique": true
        },
        {
          "Parent Relationship": "Inner",
          "Total Cost": 165.0,
          "Plans": [
            {
              "Parent Relationship": "Outer",
              "Total Cost": 165.0,
              "Relation Name": "sailors",
              "Parallel Aware": false,
              "Alias": "s",
              "Node Type": "Seq Scan",
              "Plan Width": 25,
              "Startup Cost": 0.0,
              "Plan Rows": 9000
            }
          ],
          "Parallel Aware": false,
          "Node Type": "Hash",
          "Plan Width": 25,
          "Startup Cost": 165.0,
          "Plan Rows": 9000
        }
      ],
      "Parallel Aware": false,
      "Node Type": "Hash Join",
      "Join Type": "Inner",
      "Plan Width": 29,
      "Startup Cost": 352.5,
      "Hash Cond": "(r.sid \u003d s.sid)",
      "Plan Rows": 5000,
      "Inner Unique": true
    },
    {
      "Parent Relationship": "Inner",
      "Total Cost": 637.05,
      "Plans": [
        {
          "Parent Relationship": "Outer",
          "Total Cost": 637.05,
          "Plans": [
            {
              "Parent Relationship": "Outer",
              "Total Cost": 346.42,
              "Plans": [
                {
                  "Parent Relationship": "Outer",
                  "Total Cost": 231.99,
                  "Relation Name": "reserves",
                  "Parallel Aware": false,
                  "Alias": "r2",
                  "Node Type": "Seq Scan",
                  "Plan Width": 8,
                  "Startup Cost": 0.0,
                  "Plan Rows": 14999
                },
                {
                  "Parent Relationship": "Inner",
                  "Total Cost": 62.5,
                  "Plans": [
                    {
                      "Parent Relationship": "Outer",
                      "Total Cost": 62.5,
                      "Relation Name": "boat",
                      "Parallel Aware": false,
                      "Filter": "(color \u003d \u0027green\u0027::bpchar)",
                      "Alias": "b2",
                      "Node Type": "Seq Scan",
                      "Plan Width": 4,
                      "Startup Cost": 0.0,
                      "Plan Rows": 1000
                    }
                  ],
                  "Parallel Aware": false,
                  "Node Type": "Hash",
                  "Plan Width": 4,
                  "Startup Cost": 62.5,
                  "Plan Rows": 1000
                }
              ],
              "Parallel Aware": false,
              "Node Type": "Hash Join",
              "Join Type": "Inner",
              "Plan Width": 4,
              "Startup Cost": 75.0,
              "Hash Cond": "(r2.bid \u003d b2.bid)",
              "Plan Rows": 5000,
              "Inner Unique": true
            },
            {
              "Parent Relationship": "Inner",
              "Total Cost": 165.0,
              "Plans": [
                {
                  "Parent Relationship": "Outer",
                  "Total Cost": 165.0,
                  "Relation Name": "sailors",
                  "Parallel Aware": false,
                  "Alias": "s2",
                  "Node Type": "Seq Scan",
                  "Plan Width": 4,
                  "Startup Cost": 0.0,
                  "Plan Rows": 9000
                }
              ],
              "Parallel Aware": false,
              "Node Type": "Hash",
              "Plan Width": 4,
              "Startup Cost": 165.0,
              "Plan Rows": 9000
            }
          ],
          "Parallel Aware": false,
          "Node Type": "Hash Join",
          "Join Type": "Inner",
          "Plan Width": 8,
          "Startup Cost": 352.5,
          "Hash Cond": "(r2.sid \u003d s2.sid)",
          "Plan Rows": 5000,
          "Inner Unique": true
        }
      ],
      "Parallel Aware": false,
      "Node Type": "Hash",
      "Plan Width": 8,
      "Startup Cost": 637.05,
      "Plan Rows": 5000
    }
  ],
  "Parallel Aware": false,
  "Node Type": "Hash Join",
  "Join Type": "Semi",
  "Plan Width": 21,
  "Startup Cost": 1052.05,
  "Hash Cond": "(s.sid \u003d s2.sid)",
  "Plan Rows": 2778,
  "Inner Unique": false
}

------------------------------

Indicies Configuration #102:
Index btree on column sid in table sailors
Index hash on column color in table boat
Index hash on column bid in table boat

------------------------------

1. The Total Cost of the Plan = 1380.64
2. The Estimated Size of the Result Set = 2778
3. The Plan of the Query:
{
  "Total Cost": 1380.64,
  "Plans": [
    {
      "Parent Relationship": "Outer",
      "Total Cost": 637.05,
      "Plans": [
        {
          "Parent Relationship": "Outer",
          "Total Cost": 346.42,
          "Plans": [
            {
              "Parent Relationship": "Outer",
              "Total Cost": 231.99,
              "Relation Name": "reserves",
              "Parallel Aware": false,
              "Alias": "r",
              "Node Type": "Seq Scan",
              "Plan Width": 8,
              "Startup Cost": 0.0,
              "Plan Rows": 14999
            },
            {
              "Parent Relationship": "Inner",
              "Total Cost": 62.5,
              "Plans": [
                {
                  "Parent Relationship": "Outer",
                  "Total Cost": 62.5,
                  "Relation Name": "boat",
                  "Parallel Aware": false,
                  "Filter": "(color \u003d \u0027red\u0027::bpchar)",
                  "Alias": "b",
                  "Node Type": "Seq Scan",
                  "Plan Width": 4,
                  "Startup Cost": 0.0,
                  "Plan Rows": 1000
                }
              ],
              "Parallel Aware": false,
              "Node Type": "Hash",
              "Plan Width": 4,
              "Startup Cost": 62.5,
              "Plan Rows": 1000
            }
          ],
          "Parallel Aware": false,
          "Node Type": "Hash Join",
          "Join Type": "Inner",
          "Plan Width": 4,
          "Startup Cost": 75.0,
          "Hash Cond": "(r.bid \u003d b.bid)",
          "Plan Rows": 5000,
          "Inner Unique": true
        },
        {
          "Parent Relationship": "Inner",
          "Total Cost": 165.0,
          "Plans": [
            {
              "Parent Relationship": "Outer",
              "Total Cost": 165.0,
              "Relation Name": "sailors",
              "Parallel Aware": false,
              "Alias": "s",
              "Node Type": "Seq Scan",
              "Plan Width": 25,
              "Startup Cost": 0.0,
              "Plan Rows": 9000
            }
          ],
          "Parallel Aware": false,
          "Node Type": "Hash",
          "Plan Width": 25,
          "Startup Cost": 165.0,
          "Plan Rows": 9000
        }
      ],
      "Parallel Aware": false,
      "Node Type": "Hash Join",
      "Join Type": "Inner",
      "Plan Width": 29,
      "Startup Cost": 352.5,
      "Hash Cond": "(r.sid \u003d s.sid)",
      "Plan Rows": 5000,
      "Inner Unique": true
    },
    {
      "Parent Relationship": "Inner",
      "Total Cost": 637.05,
      "Plans": [
        {
          "Parent Relationship": "Outer",
          "Total Cost": 637.05,
          "Plans": [
            {
              "Parent Relationship": "Outer",
              "Total Cost": 346.42,
              "Plans": [
                {
                  "Parent Relationship": "Outer",
                  "Total Cost": 231.99,
                  "Relation Name": "reserves",
                  "Parallel Aware": false,
                  "Alias": "r2",
                  "Node Type": "Seq Scan",
                  "Plan Width": 8,
                  "Startup Cost": 0.0,
                  "Plan Rows": 14999
                },
                {
                  "Parent Relationship": "Inner",
                  "Total Cost": 62.5,
                  "Plans": [
                    {
                      "Parent Relationship": "Outer",
                      "Total Cost": 62.5,
                      "Relation Name": "boat",
                      "Parallel Aware": false,
                      "Filter": "(color \u003d \u0027green\u0027::bpchar)",
                      "Alias": "b2",
                      "Node Type": "Seq Scan",
                      "Plan Width": 4,
                      "Startup Cost": 0.0,
                      "Plan Rows": 1000
                    }
                  ],
                  "Parallel Aware": false,
                  "Node Type": "Hash",
                  "Plan Width": 4,
                  "Startup Cost": 62.5,
                  "Plan Rows": 1000
                }
              ],
              "Parallel Aware": false,
              "Node Type": "Hash Join",
              "Join Type": "Inner",
              "Plan Width": 4,
              "Startup Cost": 75.0,
              "Hash Cond": "(r2.bid \u003d b2.bid)",
              "Plan Rows": 5000,
              "Inner Unique": true
            },
            {
              "Parent Relationship": "Inner",
              "Total Cost": 165.0,
              "Plans": [
                {
                  "Parent Relationship": "Outer",
                  "Total Cost": 165.0,
                  "Relation Name": "sailors",
                  "Parallel Aware": false,
                  "Alias": "s2",
                  "Node Type": "Seq Scan",
                  "Plan Width": 4,
                  "Startup Cost": 0.0,
                  "Plan Rows": 9000
                }
              ],
              "Parallel Aware": false,
              "Node Type": "Hash",
              "Plan Width": 4,
              "Startup Cost": 165.0,
              "Plan Rows": 9000
            }
          ],
          "Parallel Aware": false,
          "Node Type": "Hash Join",
          "Join Type": "Inner",
          "Plan Width": 8,
          "Startup Cost": 352.5,
          "Hash Cond": "(r2.sid \u003d s2.sid)",
          "Plan Rows": 5000,
          "Inner Unique": true
        }
      ],
      "Parallel Aware": false,
      "Node Type": "Hash",
      "Plan Width": 8,
      "Startup Cost": 637.05,
      "Plan Rows": 5000
    }
  ],
  "Parallel Aware": false,
  "Node Type": "Hash Join",
  "Join Type": "Semi",
  "Plan Width": 21,
  "Startup Cost": 1052.05,
  "Hash Cond": "(s.sid \u003d s2.sid)",
  "Plan Rows": 2778,
  "Inner Unique": false
}

------------------------------

Indicies Configuration #103:
Index btree on column sid in table sailors
Index hash on column color in table boat
Index btree on column sid in table reserves

------------------------------

1. The Total Cost of the Plan = 1380.64
2. The Estimated Size of the Result Set = 2778
3. The Plan of the Query:
{
  "Total Cost": 1380.64,
  "Plans": [
    {
      "Parent Relationship": "Outer",
      "Total Cost": 637.05,
      "Plans": [
        {
          "Parent Relationship": "Outer",
          "Total Cost": 346.42,
          "Plans": [
            {
              "Parent Relationship": "Outer",
              "Total Cost": 231.99,
              "Relation Name": "reserves",
              "Parallel Aware": false,
              "Alias": "r",
              "Node Type": "Seq Scan",
              "Plan Width": 8,
              "Startup Cost": 0.0,
              "Plan Rows": 14999
            },
            {
              "Parent Relationship": "Inner",
              "Total Cost": 62.5,
              "Plans": [
                {
                  "Parent Relationship": "Outer",
                  "Total Cost": 62.5,
                  "Relation Name": "boat",
                  "Parallel Aware": false,
                  "Filter": "(color \u003d \u0027red\u0027::bpchar)",
                  "Alias": "b",
                  "Node Type": "Seq Scan",
                  "Plan Width": 4,
                  "Startup Cost": 0.0,
                  "Plan Rows": 1000
                }
              ],
              "Parallel Aware": false,
              "Node Type": "Hash",
              "Plan Width": 4,
              "Startup Cost": 62.5,
              "Plan Rows": 1000
            }
          ],
          "Parallel Aware": false,
          "Node Type": "Hash Join",
          "Join Type": "Inner",
          "Plan Width": 4,
          "Startup Cost": 75.0,
          "Hash Cond": "(r.bid \u003d b.bid)",
          "Plan Rows": 5000,
          "Inner Unique": true
        },
        {
          "Parent Relationship": "Inner",
          "Total Cost": 165.0,
          "Plans": [
            {
              "Parent Relationship": "Outer",
              "Total Cost": 165.0,
              "Relation Name": "sailors",
              "Parallel Aware": false,
              "Alias": "s",
              "Node Type": "Seq Scan",
              "Plan Width": 25,
              "Startup Cost": 0.0,
              "Plan Rows": 9000
            }
          ],
          "Parallel Aware": false,
          "Node Type": "Hash",
          "Plan Width": 25,
          "Startup Cost": 165.0,
          "Plan Rows": 9000
        }
      ],
      "Parallel Aware": false,
      "Node Type": "Hash Join",
      "Join Type": "Inner",
      "Plan Width": 29,
      "Startup Cost": 352.5,
      "Hash Cond": "(r.sid \u003d s.sid)",
      "Plan Rows": 5000,
      "Inner Unique": true
    },
    {
      "Parent Relationship": "Inner",
      "Total Cost": 637.05,
      "Plans": [
        {
          "Parent Relationship": "Outer",
          "Total Cost": 637.05,
          "Plans": [
            {
              "Parent Relationship": "Outer",
              "Total Cost": 346.42,
              "Plans": [
                {
                  "Parent Relationship": "Outer",
                  "Total Cost": 231.99,
                  "Relation Name": "reserves",
                  "Parallel Aware": false,
                  "Alias": "r2",
                  "Node Type": "Seq Scan",
                  "Plan Width": 8,
                  "Startup Cost": 0.0,
                  "Plan Rows": 14999
                },
                {
                  "Parent Relationship": "Inner",
                  "Total Cost": 62.5,
                  "Plans": [
                    {
                      "Parent Relationship": "Outer",
                      "Total Cost": 62.5,
                      "Relation Name": "boat",
                      "Parallel Aware": false,
                      "Filter": "(color \u003d \u0027green\u0027::bpchar)",
                      "Alias": "b2",
                      "Node Type": "Seq Scan",
                      "Plan Width": 4,
                      "Startup Cost": 0.0,
                      "Plan Rows": 1000
                    }
                  ],
                  "Parallel Aware": false,
                  "Node Type": "Hash",
                  "Plan Width": 4,
                  "Startup Cost": 62.5,
                  "Plan Rows": 1000
                }
              ],
              "Parallel Aware": false,
              "Node Type": "Hash Join",
              "Join Type": "Inner",
              "Plan Width": 4,
              "Startup Cost": 75.0,
              "Hash Cond": "(r2.bid \u003d b2.bid)",
              "Plan Rows": 5000,
              "Inner Unique": true
            },
            {
              "Parent Relationship": "Inner",
              "Total Cost": 165.0,
              "Plans": [
                {
                  "Parent Relationship": "Outer",
                  "Total Cost": 165.0,
                  "Relation Name": "sailors",
                  "Parallel Aware": false,
                  "Alias": "s2",
                  "Node Type": "Seq Scan",
                  "Plan Width": 4,
                  "Startup Cost": 0.0,
                  "Plan Rows": 9000
                }
              ],
              "Parallel Aware": false,
              "Node Type": "Hash",
              "Plan Width": 4,
              "Startup Cost": 165.0,
              "Plan Rows": 9000
            }
          ],
          "Parallel Aware": false,
          "Node Type": "Hash Join",
          "Join Type": "Inner",
          "Plan Width": 8,
          "Startup Cost": 352.5,
          "Hash Cond": "(r2.sid \u003d s2.sid)",
          "Plan Rows": 5000,
          "Inner Unique": true
        }
      ],
      "Parallel Aware": false,
      "Node Type": "Hash",
      "Plan Width": 8,
      "Startup Cost": 637.05,
      "Plan Rows": 5000
    }
  ],
  "Parallel Aware": false,
  "Node Type": "Hash Join",
  "Join Type": "Semi",
  "Plan Width": 21,
  "Startup Cost": 1052.05,
  "Hash Cond": "(s.sid \u003d s2.sid)",
  "Plan Rows": 2778,
  "Inner Unique": false
}

------------------------------

Indicies Configuration #104:
Index btree on column sid in table sailors
Index hash on column color in table boat
Index btree on column sid in table reserves
Index btree on column bid in table boat

------------------------------

1. The Total Cost of the Plan = 1380.64
2. The Estimated Size of the Result Set = 2778
3. The Plan of the Query:
{
  "Total Cost": 1380.64,
  "Plans": [
    {
      "Parent Relationship": "Outer",
      "Total Cost": 637.05,
      "Plans": [
        {
          "Parent Relationship": "Outer",
          "Total Cost": 346.42,
          "Plans": [
            {
              "Parent Relationship": "Outer",
              "Total Cost": 231.99,
              "Relation Name": "reserves",
              "Parallel Aware": false,
              "Alias": "r",
              "Node Type": "Seq Scan",
              "Plan Width": 8,
              "Startup Cost": 0.0,
              "Plan Rows": 14999
            },
            {
              "Parent Relationship": "Inner",
              "Total Cost": 62.5,
              "Plans": [
                {
                  "Parent Relationship": "Outer",
                  "Total Cost": 62.5,
                  "Relation Name": "boat",
                  "Parallel Aware": false,
                  "Filter": "(color \u003d \u0027red\u0027::bpchar)",
                  "Alias": "b",
                  "Node Type": "Seq Scan",
                  "Plan Width": 4,
                  "Startup Cost": 0.0,
                  "Plan Rows": 1000
                }
              ],
              "Parallel Aware": false,
              "Node Type": "Hash",
              "Plan Width": 4,
              "Startup Cost": 62.5,
              "Plan Rows": 1000
            }
          ],
          "Parallel Aware": false,
          "Node Type": "Hash Join",
          "Join Type": "Inner",
          "Plan Width": 4,
          "Startup Cost": 75.0,
          "Hash Cond": "(r.bid \u003d b.bid)",
          "Plan Rows": 5000,
          "Inner Unique": true
        },
        {
          "Parent Relationship": "Inner",
          "Total Cost": 165.0,
          "Plans": [
            {
              "Parent Relationship": "Outer",
              "Total Cost": 165.0,
              "Relation Name": "sailors",
              "Parallel Aware": false,
              "Alias": "s",
              "Node Type": "Seq Scan",
              "Plan Width": 25,
              "Startup Cost": 0.0,
              "Plan Rows": 9000
            }
          ],
          "Parallel Aware": false,
          "Node Type": "Hash",
          "Plan Width": 25,
          "Startup Cost": 165.0,
          "Plan Rows": 9000
        }
      ],
      "Parallel Aware": false,
      "Node Type": "Hash Join",
      "Join Type": "Inner",
      "Plan Width": 29,
      "Startup Cost": 352.5,
      "Hash Cond": "(r.sid \u003d s.sid)",
      "Plan Rows": 5000,
      "Inner Unique": true
    },
    {
      "Parent Relationship": "Inner",
      "Total Cost": 637.05,
      "Plans": [
        {
          "Parent Relationship": "Outer",
          "Total Cost": 637.05,
          "Plans": [
            {
              "Parent Relationship": "Outer",
              "Total Cost": 346.42,
              "Plans": [
                {
                  "Parent Relationship": "Outer",
                  "Total Cost": 231.99,
                  "Relation Name": "reserves",
                  "Parallel Aware": false,
                  "Alias": "r2",
                  "Node Type": "Seq Scan",
                  "Plan Width": 8,
                  "Startup Cost": 0.0,
                  "Plan Rows": 14999
                },
                {
                  "Parent Relationship": "Inner",
                  "Total Cost": 62.5,
                  "Plans": [
                    {
                      "Parent Relationship": "Outer",
                      "Total Cost": 62.5,
                      "Relation Name": "boat",
                      "Parallel Aware": false,
                      "Filter": "(color \u003d \u0027green\u0027::bpchar)",
                      "Alias": "b2",
                      "Node Type": "Seq Scan",
                      "Plan Width": 4,
                      "Startup Cost": 0.0,
                      "Plan Rows": 1000
                    }
                  ],
                  "Parallel Aware": false,
                  "Node Type": "Hash",
                  "Plan Width": 4,
                  "Startup Cost": 62.5,
                  "Plan Rows": 1000
                }
              ],
              "Parallel Aware": false,
              "Node Type": "Hash Join",
              "Join Type": "Inner",
              "Plan Width": 4,
              "Startup Cost": 75.0,
              "Hash Cond": "(r2.bid \u003d b2.bid)",
              "Plan Rows": 5000,
              "Inner Unique": true
            },
            {
              "Parent Relationship": "Inner",
              "Total Cost": 165.0,
              "Plans": [
                {
                  "Parent Relationship": "Outer",
                  "Total Cost": 165.0,
                  "Relation Name": "sailors",
                  "Parallel Aware": false,
                  "Alias": "s2",
                  "Node Type": "Seq Scan",
                  "Plan Width": 4,
                  "Startup Cost": 0.0,
                  "Plan Rows": 9000
                }
              ],
              "Parallel Aware": false,
              "Node Type": "Hash",
              "Plan Width": 4,
              "Startup Cost": 165.0,
              "Plan Rows": 9000
            }
          ],
          "Parallel Aware": false,
          "Node Type": "Hash Join",
          "Join Type": "Inner",
          "Plan Width": 8,
          "Startup Cost": 352.5,
          "Hash Cond": "(r2.sid \u003d s2.sid)",
          "Plan Rows": 5000,
          "Inner Unique": true
        }
      ],
      "Parallel Aware": false,
      "Node Type": "Hash",
      "Plan Width": 8,
      "Startup Cost": 637.05,
      "Plan Rows": 5000
    }
  ],
  "Parallel Aware": false,
  "Node Type": "Hash Join",
  "Join Type": "Semi",
  "Plan Width": 21,
  "Startup Cost": 1052.05,
  "Hash Cond": "(s.sid \u003d s2.sid)",
  "Plan Rows": 2778,
  "Inner Unique": false
}

------------------------------

Indicies Configuration #105:
Index btree on column sid in table sailors
Index hash on column color in table boat
Index btree on column sid in table reserves
Index hash on column bid in table boat

------------------------------

1. The Total Cost of the Plan = 1380.64
2. The Estimated Size of the Result Set = 2778
3. The Plan of the Query:
{
  "Total Cost": 1380.64,
  "Plans": [
    {
      "Parent Relationship": "Outer",
      "Total Cost": 637.05,
      "Plans": [
        {
          "Parent Relationship": "Outer",
          "Total Cost": 346.42,
          "Plans": [
            {
              "Parent Relationship": "Outer",
              "Total Cost": 231.99,
              "Relation Name": "reserves",
              "Parallel Aware": false,
              "Alias": "r",
              "Node Type": "Seq Scan",
              "Plan Width": 8,
              "Startup Cost": 0.0,
              "Plan Rows": 14999
            },
            {
              "Parent Relationship": "Inner",
              "Total Cost": 62.5,
              "Plans": [
                {
                  "Parent Relationship": "Outer",
                  "Total Cost": 62.5,
                  "Relation Name": "boat",
                  "Parallel Aware": false,
                  "Filter": "(color \u003d \u0027red\u0027::bpchar)",
                  "Alias": "b",
                  "Node Type": "Seq Scan",
                  "Plan Width": 4,
                  "Startup Cost": 0.0,
                  "Plan Rows": 1000
                }
              ],
              "Parallel Aware": false,
              "Node Type": "Hash",
              "Plan Width": 4,
              "Startup Cost": 62.5,
              "Plan Rows": 1000
            }
          ],
          "Parallel Aware": false,
          "Node Type": "Hash Join",
          "Join Type": "Inner",
          "Plan Width": 4,
          "Startup Cost": 75.0,
          "Hash Cond": "(r.bid \u003d b.bid)",
          "Plan Rows": 5000,
          "Inner Unique": true
        },
        {
          "Parent Relationship": "Inner",
          "Total Cost": 165.0,
          "Plans": [
            {
              "Parent Relationship": "Outer",
              "Total Cost": 165.0,
              "Relation Name": "sailors",
              "Parallel Aware": false,
              "Alias": "s",
              "Node Type": "Seq Scan",
              "Plan Width": 25,
              "Startup Cost": 0.0,
              "Plan Rows": 9000
            }
          ],
          "Parallel Aware": false,
          "Node Type": "Hash",
          "Plan Width": 25,
          "Startup Cost": 165.0,
          "Plan Rows": 9000
        }
      ],
      "Parallel Aware": false,
      "Node Type": "Hash Join",
      "Join Type": "Inner",
      "Plan Width": 29,
      "Startup Cost": 352.5,
      "Hash Cond": "(r.sid \u003d s.sid)",
      "Plan Rows": 5000,
      "Inner Unique": true
    },
    {
      "Parent Relationship": "Inner",
      "Total Cost": 637.05,
      "Plans": [
        {
          "Parent Relationship": "Outer",
          "Total Cost": 637.05,
          "Plans": [
            {
              "Parent Relationship": "Outer",
              "Total Cost": 346.42,
              "Plans": [
                {
                  "Parent Relationship": "Outer",
                  "Total Cost": 231.99,
                  "Relation Name": "reserves",
                  "Parallel Aware": false,
                  "Alias": "r2",
                  "Node Type": "Seq Scan",
                  "Plan Width": 8,
                  "Startup Cost": 0.0,
                  "Plan Rows": 14999
                },
                {
                  "Parent Relationship": "Inner",
                  "Total Cost": 62.5,
                  "Plans": [
                    {
                      "Parent Relationship": "Outer",
                      "Total Cost": 62.5,
                      "Relation Name": "boat",
                      "Parallel Aware": false,
                      "Filter": "(color \u003d \u0027green\u0027::bpchar)",
                      "Alias": "b2",
                      "Node Type": "Seq Scan",
                      "Plan Width": 4,
                      "Startup Cost": 0.0,
                      "Plan Rows": 1000
                    }
                  ],
                  "Parallel Aware": false,
                  "Node Type": "Hash",
                  "Plan Width": 4,
                  "Startup Cost": 62.5,
                  "Plan Rows": 1000
                }
              ],
              "Parallel Aware": false,
              "Node Type": "Hash Join",
              "Join Type": "Inner",
              "Plan Width": 4,
              "Startup Cost": 75.0,
              "Hash Cond": "(r2.bid \u003d b2.bid)",
              "Plan Rows": 5000,
              "Inner Unique": true
            },
            {
              "Parent Relationship": "Inner",
              "Total Cost": 165.0,
              "Plans": [
                {
                  "Parent Relationship": "Outer",
                  "Total Cost": 165.0,
                  "Relation Name": "sailors",
                  "Parallel Aware": false,
                  "Alias": "s2",
                  "Node Type": "Seq Scan",
                  "Plan Width": 4,
                  "Startup Cost": 0.0,
                  "Plan Rows": 9000
                }
              ],
              "Parallel Aware": false,
              "Node Type": "Hash",
              "Plan Width": 4,
              "Startup Cost": 165.0,
              "Plan Rows": 9000
            }
          ],
          "Parallel Aware": false,
          "Node Type": "Hash Join",
          "Join Type": "Inner",
          "Plan Width": 8,
          "Startup Cost": 352.5,
          "Hash Cond": "(r2.sid \u003d s2.sid)",
          "Plan Rows": 5000,
          "Inner Unique": true
        }
      ],
      "Parallel Aware": false,
      "Node Type": "Hash",
      "Plan Width": 8,
      "Startup Cost": 637.05,
      "Plan Rows": 5000
    }
  ],
  "Parallel Aware": false,
  "Node Type": "Hash Join",
  "Join Type": "Semi",
  "Plan Width": 21,
  "Startup Cost": 1052.05,
  "Hash Cond": "(s.sid \u003d s2.sid)",
  "Plan Rows": 2778,
  "Inner Unique": false
}

------------------------------

Indicies Configuration #106:
Index btree on column sid in table sailors
Index hash on column color in table boat
Index hash on column sid in table reserves

------------------------------

1. The Total Cost of the Plan = 1380.64
2. The Estimated Size of the Result Set = 2778
3. The Plan of the Query:
{
  "Total Cost": 1380.64,
  "Plans": [
    {
      "Parent Relationship": "Outer",
      "Total Cost": 637.05,
      "Plans": [
        {
          "Parent Relationship": "Outer",
          "Total Cost": 346.42,
          "Plans": [
            {
              "Parent Relationship": "Outer",
              "Total Cost": 231.99,
              "Relation Name": "reserves",
              "Parallel Aware": false,
              "Alias": "r",
              "Node Type": "Seq Scan",
              "Plan Width": 8,
              "Startup Cost": 0.0,
              "Plan Rows": 14999
            },
            {
              "Parent Relationship": "Inner",
              "Total Cost": 62.5,
              "Plans": [
                {
                  "Parent Relationship": "Outer",
                  "Total Cost": 62.5,
                  "Relation Name": "boat",
                  "Parallel Aware": false,
                  "Filter": "(color \u003d \u0027red\u0027::bpchar)",
                  "Alias": "b",
                  "Node Type": "Seq Scan",
                  "Plan Width": 4,
                  "Startup Cost": 0.0,
                  "Plan Rows": 1000
                }
              ],
              "Parallel Aware": false,
              "Node Type": "Hash",
              "Plan Width": 4,
              "Startup Cost": 62.5,
              "Plan Rows": 1000
            }
          ],
          "Parallel Aware": false,
          "Node Type": "Hash Join",
          "Join Type": "Inner",
          "Plan Width": 4,
          "Startup Cost": 75.0,
          "Hash Cond": "(r.bid \u003d b.bid)",
          "Plan Rows": 5000,
          "Inner Unique": true
        },
        {
          "Parent Relationship": "Inner",
          "Total Cost": 165.0,
          "Plans": [
            {
              "Parent Relationship": "Outer",
              "Total Cost": 165.0,
              "Relation Name": "sailors",
              "Parallel Aware": false,
              "Alias": "s",
              "Node Type": "Seq Scan",
              "Plan Width": 25,
              "Startup Cost": 0.0,
              "Plan Rows": 9000
            }
          ],
          "Parallel Aware": false,
          "Node Type": "Hash",
          "Plan Width": 25,
          "Startup Cost": 165.0,
          "Plan Rows": 9000
        }
      ],
      "Parallel Aware": false,
      "Node Type": "Hash Join",
      "Join Type": "Inner",
      "Plan Width": 29,
      "Startup Cost": 352.5,
      "Hash Cond": "(r.sid \u003d s.sid)",
      "Plan Rows": 5000,
      "Inner Unique": true
    },
    {
      "Parent Relationship": "Inner",
      "Total Cost": 637.05,
      "Plans": [
        {
          "Parent Relationship": "Outer",
          "Total Cost": 637.05,
          "Plans": [
            {
              "Parent Relationship": "Outer",
              "Total Cost": 346.42,
              "Plans": [
                {
                  "Parent Relationship": "Outer",
                  "Total Cost": 231.99,
                  "Relation Name": "reserves",
                  "Parallel Aware": false,
                  "Alias": "r2",
                  "Node Type": "Seq Scan",
                  "Plan Width": 8,
                  "Startup Cost": 0.0,
                  "Plan Rows": 14999
                },
                {
                  "Parent Relationship": "Inner",
                  "Total Cost": 62.5,
                  "Plans": [
                    {
                      "Parent Relationship": "Outer",
                      "Total Cost": 62.5,
                      "Relation Name": "boat",
                      "Parallel Aware": false,
                      "Filter": "(color \u003d \u0027green\u0027::bpchar)",
                      "Alias": "b2",
                      "Node Type": "Seq Scan",
                      "Plan Width": 4,
                      "Startup Cost": 0.0,
                      "Plan Rows": 1000
                    }
                  ],
                  "Parallel Aware": false,
                  "Node Type": "Hash",
                  "Plan Width": 4,
                  "Startup Cost": 62.5,
                  "Plan Rows": 1000
                }
              ],
              "Parallel Aware": false,
              "Node Type": "Hash Join",
              "Join Type": "Inner",
              "Plan Width": 4,
              "Startup Cost": 75.0,
              "Hash Cond": "(r2.bid \u003d b2.bid)",
              "Plan Rows": 5000,
              "Inner Unique": true
            },
            {
              "Parent Relationship": "Inner",
              "Total Cost": 165.0,
              "Plans": [
                {
                  "Parent Relationship": "Outer",
                  "Total Cost": 165.0,
                  "Relation Name": "sailors",
                  "Parallel Aware": false,
                  "Alias": "s2",
                  "Node Type": "Seq Scan",
                  "Plan Width": 4,
                  "Startup Cost": 0.0,
                  "Plan Rows": 9000
                }
              ],
              "Parallel Aware": false,
              "Node Type": "Hash",
              "Plan Width": 4,
              "Startup Cost": 165.0,
              "Plan Rows": 9000
            }
          ],
          "Parallel Aware": false,
          "Node Type": "Hash Join",
          "Join Type": "Inner",
          "Plan Width": 8,
          "Startup Cost": 352.5,
          "Hash Cond": "(r2.sid \u003d s2.sid)",
          "Plan Rows": 5000,
          "Inner Unique": true
        }
      ],
      "Parallel Aware": false,
      "Node Type": "Hash",
      "Plan Width": 8,
      "Startup Cost": 637.05,
      "Plan Rows": 5000
    }
  ],
  "Parallel Aware": false,
  "Node Type": "Hash Join",
  "Join Type": "Semi",
  "Plan Width": 21,
  "Startup Cost": 1052.05,
  "Hash Cond": "(s.sid \u003d s2.sid)",
  "Plan Rows": 2778,
  "Inner Unique": false
}

------------------------------

Indicies Configuration #107:
Index btree on column sid in table sailors
Index hash on column color in table boat
Index hash on column sid in table reserves
Index btree on column bid in table boat

------------------------------

1. The Total Cost of the Plan = 1380.64
2. The Estimated Size of the Result Set = 2778
3. The Plan of the Query:
{
  "Total Cost": 1380.64,
  "Plans": [
    {
      "Parent Relationship": "Outer",
      "Total Cost": 637.05,
      "Plans": [
        {
          "Parent Relationship": "Outer",
          "Total Cost": 346.42,
          "Plans": [
            {
              "Parent Relationship": "Outer",
              "Total Cost": 231.99,
              "Relation Name": "reserves",
              "Parallel Aware": false,
              "Alias": "r",
              "Node Type": "Seq Scan",
              "Plan Width": 8,
              "Startup Cost": 0.0,
              "Plan Rows": 14999
            },
            {
              "Parent Relationship": "Inner",
              "Total Cost": 62.5,
              "Plans": [
                {
                  "Parent Relationship": "Outer",
                  "Total Cost": 62.5,
                  "Relation Name": "boat",
                  "Parallel Aware": false,
                  "Filter": "(color \u003d \u0027red\u0027::bpchar)",
                  "Alias": "b",
                  "Node Type": "Seq Scan",
                  "Plan Width": 4,
                  "Startup Cost": 0.0,
                  "Plan Rows": 1000
                }
              ],
              "Parallel Aware": false,
              "Node Type": "Hash",
              "Plan Width": 4,
              "Startup Cost": 62.5,
              "Plan Rows": 1000
            }
          ],
          "Parallel Aware": false,
          "Node Type": "Hash Join",
          "Join Type": "Inner",
          "Plan Width": 4,
          "Startup Cost": 75.0,
          "Hash Cond": "(r.bid \u003d b.bid)",
          "Plan Rows": 5000,
          "Inner Unique": true
        },
        {
          "Parent Relationship": "Inner",
          "Total Cost": 165.0,
          "Plans": [
            {
              "Parent Relationship": "Outer",
              "Total Cost": 165.0,
              "Relation Name": "sailors",
              "Parallel Aware": false,
              "Alias": "s",
              "Node Type": "Seq Scan",
              "Plan Width": 25,
              "Startup Cost": 0.0,
              "Plan Rows": 9000
            }
          ],
          "Parallel Aware": false,
          "Node Type": "Hash",
          "Plan Width": 25,
          "Startup Cost": 165.0,
          "Plan Rows": 9000
        }
      ],
      "Parallel Aware": false,
      "Node Type": "Hash Join",
      "Join Type": "Inner",
      "Plan Width": 29,
      "Startup Cost": 352.5,
      "Hash Cond": "(r.sid \u003d s.sid)",
      "Plan Rows": 5000,
      "Inner Unique": true
    },
    {
      "Parent Relationship": "Inner",
      "Total Cost": 637.05,
      "Plans": [
        {
          "Parent Relationship": "Outer",
          "Total Cost": 637.05,
          "Plans": [
            {
              "Parent Relationship": "Outer",
              "Total Cost": 346.42,
              "Plans": [
                {
                  "Parent Relationship": "Outer",
                  "Total Cost": 231.99,
                  "Relation Name": "reserves",
                  "Parallel Aware": false,
                  "Alias": "r2",
                  "Node Type": "Seq Scan",
                  "Plan Width": 8,
                  "Startup Cost": 0.0,
                  "Plan Rows": 14999
                },
                {
                  "Parent Relationship": "Inner",
                  "Total Cost": 62.5,
                  "Plans": [
                    {
                      "Parent Relationship": "Outer",
                      "Total Cost": 62.5,
                      "Relation Name": "boat",
                      "Parallel Aware": false,
                      "Filter": "(color \u003d \u0027green\u0027::bpchar)",
                      "Alias": "b2",
                      "Node Type": "Seq Scan",
                      "Plan Width": 4,
                      "Startup Cost": 0.0,
                      "Plan Rows": 1000
                    }
                  ],
                  "Parallel Aware": false,
                  "Node Type": "Hash",
                  "Plan Width": 4,
                  "Startup Cost": 62.5,
                  "Plan Rows": 1000
                }
              ],
              "Parallel Aware": false,
              "Node Type": "Hash Join",
              "Join Type": "Inner",
              "Plan Width": 4,
              "Startup Cost": 75.0,
              "Hash Cond": "(r2.bid \u003d b2.bid)",
              "Plan Rows": 5000,
              "Inner Unique": true
            },
            {
              "Parent Relationship": "Inner",
              "Total Cost": 165.0,
              "Plans": [
                {
                  "Parent Relationship": "Outer",
                  "Total Cost": 165.0,
                  "Relation Name": "sailors",
                  "Parallel Aware": false,
                  "Alias": "s2",
                  "Node Type": "Seq Scan",
                  "Plan Width": 4,
                  "Startup Cost": 0.0,
                  "Plan Rows": 9000
                }
              ],
              "Parallel Aware": false,
              "Node Type": "Hash",
              "Plan Width": 4,
              "Startup Cost": 165.0,
              "Plan Rows": 9000
            }
          ],
          "Parallel Aware": false,
          "Node Type": "Hash Join",
          "Join Type": "Inner",
          "Plan Width": 8,
          "Startup Cost": 352.5,
          "Hash Cond": "(r2.sid \u003d s2.sid)",
          "Plan Rows": 5000,
          "Inner Unique": true
        }
      ],
      "Parallel Aware": false,
      "Node Type": "Hash",
      "Plan Width": 8,
      "Startup Cost": 637.05,
      "Plan Rows": 5000
    }
  ],
  "Parallel Aware": false,
  "Node Type": "Hash Join",
  "Join Type": "Semi",
  "Plan Width": 21,
  "Startup Cost": 1052.05,
  "Hash Cond": "(s.sid \u003d s2.sid)",
  "Plan Rows": 2778,
  "Inner Unique": false
}

------------------------------

Indicies Configuration #108:
Index btree on column sid in table sailors
Index hash on column color in table boat
Index hash on column sid in table reserves
Index hash on column bid in table boat

------------------------------

1. The Total Cost of the Plan = 1380.64
2. The Estimated Size of the Result Set = 2778
3. The Plan of the Query:
{
  "Total Cost": 1380.64,
  "Plans": [
    {
      "Parent Relationship": "Outer",
      "Total Cost": 637.05,
      "Plans": [
        {
          "Parent Relationship": "Outer",
          "Total Cost": 346.42,
          "Plans": [
            {
              "Parent Relationship": "Outer",
              "Total Cost": 231.99,
              "Relation Name": "reserves",
              "Parallel Aware": false,
              "Alias": "r",
              "Node Type": "Seq Scan",
              "Plan Width": 8,
              "Startup Cost": 0.0,
              "Plan Rows": 14999
            },
            {
              "Parent Relationship": "Inner",
              "Total Cost": 62.5,
              "Plans": [
                {
                  "Parent Relationship": "Outer",
                  "Total Cost": 62.5,
                  "Relation Name": "boat",
                  "Parallel Aware": false,
                  "Filter": "(color \u003d \u0027red\u0027::bpchar)",
                  "Alias": "b",
                  "Node Type": "Seq Scan",
                  "Plan Width": 4,
                  "Startup Cost": 0.0,
                  "Plan Rows": 1000
                }
              ],
              "Parallel Aware": false,
              "Node Type": "Hash",
              "Plan Width": 4,
              "Startup Cost": 62.5,
              "Plan Rows": 1000
            }
          ],
          "Parallel Aware": false,
          "Node Type": "Hash Join",
          "Join Type": "Inner",
          "Plan Width": 4,
          "Startup Cost": 75.0,
          "Hash Cond": "(r.bid \u003d b.bid)",
          "Plan Rows": 5000,
          "Inner Unique": true
        },
        {
          "Parent Relationship": "Inner",
          "Total Cost": 165.0,
          "Plans": [
            {
              "Parent Relationship": "Outer",
              "Total Cost": 165.0,
              "Relation Name": "sailors",
              "Parallel Aware": false,
              "Alias": "s",
              "Node Type": "Seq Scan",
              "Plan Width": 25,
              "Startup Cost": 0.0,
              "Plan Rows": 9000
            }
          ],
          "Parallel Aware": false,
          "Node Type": "Hash",
          "Plan Width": 25,
          "Startup Cost": 165.0,
          "Plan Rows": 9000
        }
      ],
      "Parallel Aware": false,
      "Node Type": "Hash Join",
      "Join Type": "Inner",
      "Plan Width": 29,
      "Startup Cost": 352.5,
      "Hash Cond": "(r.sid \u003d s.sid)",
      "Plan Rows": 5000,
      "Inner Unique": true
    },
    {
      "Parent Relationship": "Inner",
      "Total Cost": 637.05,
      "Plans": [
        {
          "Parent Relationship": "Outer",
          "Total Cost": 637.05,
          "Plans": [
            {
              "Parent Relationship": "Outer",
              "Total Cost": 346.42,
              "Plans": [
                {
                  "Parent Relationship": "Outer",
                  "Total Cost": 231.99,
                  "Relation Name": "reserves",
                  "Parallel Aware": false,
                  "Alias": "r2",
                  "Node Type": "Seq Scan",
                  "Plan Width": 8,
                  "Startup Cost": 0.0,
                  "Plan Rows": 14999
                },
                {
                  "Parent Relationship": "Inner",
                  "Total Cost": 62.5,
                  "Plans": [
                    {
                      "Parent Relationship": "Outer",
                      "Total Cost": 62.5,
                      "Relation Name": "boat",
                      "Parallel Aware": false,
                      "Filter": "(color \u003d \u0027green\u0027::bpchar)",
                      "Alias": "b2",
                      "Node Type": "Seq Scan",
                      "Plan Width": 4,
                      "Startup Cost": 0.0,
                      "Plan Rows": 1000
                    }
                  ],
                  "Parallel Aware": false,
                  "Node Type": "Hash",
                  "Plan Width": 4,
                  "Startup Cost": 62.5,
                  "Plan Rows": 1000
                }
              ],
              "Parallel Aware": false,
              "Node Type": "Hash Join",
              "Join Type": "Inner",
              "Plan Width": 4,
              "Startup Cost": 75.0,
              "Hash Cond": "(r2.bid \u003d b2.bid)",
              "Plan Rows": 5000,
              "Inner Unique": true
            },
            {
              "Parent Relationship": "Inner",
              "Total Cost": 165.0,
              "Plans": [
                {
                  "Parent Relationship": "Outer",
                  "Total Cost": 165.0,
                  "Relation Name": "sailors",
                  "Parallel Aware": false,
                  "Alias": "s2",
                  "Node Type": "Seq Scan",
                  "Plan Width": 4,
                  "Startup Cost": 0.0,
                  "Plan Rows": 9000
                }
              ],
              "Parallel Aware": false,
              "Node Type": "Hash",
              "Plan Width": 4,
              "Startup Cost": 165.0,
              "Plan Rows": 9000
            }
          ],
          "Parallel Aware": false,
          "Node Type": "Hash Join",
          "Join Type": "Inner",
          "Plan Width": 8,
          "Startup Cost": 352.5,
          "Hash Cond": "(r2.sid \u003d s2.sid)",
          "Plan Rows": 5000,
          "Inner Unique": true
        }
      ],
      "Parallel Aware": false,
      "Node Type": "Hash",
      "Plan Width": 8,
      "Startup Cost": 637.05,
      "Plan Rows": 5000
    }
  ],
  "Parallel Aware": false,
  "Node Type": "Hash Join",
  "Join Type": "Semi",
  "Plan Width": 21,
  "Startup Cost": 1052.05,
  "Hash Cond": "(s.sid \u003d s2.sid)",
  "Plan Rows": 2778,
  "Inner Unique": false
}

------------------------------

Indicies Configuration #109:
Index btree on column sid in table sailors
Index btree on column bid in table reserves

------------------------------

1. The Total Cost of the Plan = 1380.64
2. The Estimated Size of the Result Set = 2778
3. The Plan of the Query:
{
  "Total Cost": 1380.64,
  "Plans": [
    {
      "Parent Relationship": "Outer",
      "Total Cost": 637.05,
      "Plans": [
        {
          "Parent Relationship": "Outer",
          "Total Cost": 346.42,
          "Plans": [
            {
              "Parent Relationship": "Outer",
              "Total Cost": 231.99,
              "Relation Name": "reserves",
              "Parallel Aware": false,
              "Alias": "r",
              "Node Type": "Seq Scan",
              "Plan Width": 8,
              "Startup Cost": 0.0,
              "Plan Rows": 14999
            },
            {
              "Parent Relationship": "Inner",
              "Total Cost": 62.5,
              "Plans": [
                {
                  "Parent Relationship": "Outer",
                  "Total Cost": 62.5,
                  "Relation Name": "boat",
                  "Parallel Aware": false,
                  "Filter": "(color \u003d \u0027red\u0027::bpchar)",
                  "Alias": "b",
                  "Node Type": "Seq Scan",
                  "Plan Width": 4,
                  "Startup Cost": 0.0,
                  "Plan Rows": 1000
                }
              ],
              "Parallel Aware": false,
              "Node Type": "Hash",
              "Plan Width": 4,
              "Startup Cost": 62.5,
              "Plan Rows": 1000
            }
          ],
          "Parallel Aware": false,
          "Node Type": "Hash Join",
          "Join Type": "Inner",
          "Plan Width": 4,
          "Startup Cost": 75.0,
          "Hash Cond": "(r.bid \u003d b.bid)",
          "Plan Rows": 5000,
          "Inner Unique": true
        },
        {
          "Parent Relationship": "Inner",
          "Total Cost": 165.0,
          "Plans": [
            {
              "Parent Relationship": "Outer",
              "Total Cost": 165.0,
              "Relation Name": "sailors",
              "Parallel Aware": false,
              "Alias": "s",
              "Node Type": "Seq Scan",
              "Plan Width": 25,
              "Startup Cost": 0.0,
              "Plan Rows": 9000
            }
          ],
          "Parallel Aware": false,
          "Node Type": "Hash",
          "Plan Width": 25,
          "Startup Cost": 165.0,
          "Plan Rows": 9000
        }
      ],
      "Parallel Aware": false,
      "Node Type": "Hash Join",
      "Join Type": "Inner",
      "Plan Width": 29,
      "Startup Cost": 352.5,
      "Hash Cond": "(r.sid \u003d s.sid)",
      "Plan Rows": 5000,
      "Inner Unique": true
    },
    {
      "Parent Relationship": "Inner",
      "Total Cost": 637.05,
      "Plans": [
        {
          "Parent Relationship": "Outer",
          "Total Cost": 637.05,
          "Plans": [
            {
              "Parent Relationship": "Outer",
              "Total Cost": 346.42,
              "Plans": [
                {
                  "Parent Relationship": "Outer",
                  "Total Cost": 231.99,
                  "Relation Name": "reserves",
                  "Parallel Aware": false,
                  "Alias": "r2",
                  "Node Type": "Seq Scan",
                  "Plan Width": 8,
                  "Startup Cost": 0.0,
                  "Plan Rows": 14999
                },
                {
                  "Parent Relationship": "Inner",
                  "Total Cost": 62.5,
                  "Plans": [
                    {
                      "Parent Relationship": "Outer",
                      "Total Cost": 62.5,
                      "Relation Name": "boat",
                      "Parallel Aware": false,
                      "Filter": "(color \u003d \u0027green\u0027::bpchar)",
                      "Alias": "b2",
                      "Node Type": "Seq Scan",
                      "Plan Width": 4,
                      "Startup Cost": 0.0,
                      "Plan Rows": 1000
                    }
                  ],
                  "Parallel Aware": false,
                  "Node Type": "Hash",
                  "Plan Width": 4,
                  "Startup Cost": 62.5,
                  "Plan Rows": 1000
                }
              ],
              "Parallel Aware": false,
              "Node Type": "Hash Join",
              "Join Type": "Inner",
              "Plan Width": 4,
              "Startup Cost": 75.0,
              "Hash Cond": "(r2.bid \u003d b2.bid)",
              "Plan Rows": 5000,
              "Inner Unique": true
            },
            {
              "Parent Relationship": "Inner",
              "Total Cost": 165.0,
              "Plans": [
                {
                  "Parent Relationship": "Outer",
                  "Total Cost": 165.0,
                  "Relation Name": "sailors",
                  "Parallel Aware": false,
                  "Alias": "s2",
                  "Node Type": "Seq Scan",
                  "Plan Width": 4,
                  "Startup Cost": 0.0,
                  "Plan Rows": 9000
                }
              ],
              "Parallel Aware": false,
              "Node Type": "Hash",
              "Plan Width": 4,
              "Startup Cost": 165.0,
              "Plan Rows": 9000
            }
          ],
          "Parallel Aware": false,
          "Node Type": "Hash Join",
          "Join Type": "Inner",
          "Plan Width": 8,
          "Startup Cost": 352.5,
          "Hash Cond": "(r2.sid \u003d s2.sid)",
          "Plan Rows": 5000,
          "Inner Unique": true
        }
      ],
      "Parallel Aware": false,
      "Node Type": "Hash",
      "Plan Width": 8,
      "Startup Cost": 637.05,
      "Plan Rows": 5000
    }
  ],
  "Parallel Aware": false,
  "Node Type": "Hash Join",
  "Join Type": "Semi",
  "Plan Width": 21,
  "Startup Cost": 1052.05,
  "Hash Cond": "(s.sid \u003d s2.sid)",
  "Plan Rows": 2778,
  "Inner Unique": false
}

------------------------------

Indicies Configuration #110:
Index btree on column sid in table sailors
Index btree on column bid in table reserves
Index btree on column bid in table boat

------------------------------

1. The Total Cost of the Plan = 1380.64
2. The Estimated Size of the Result Set = 2778
3. The Plan of the Query:
{
  "Total Cost": 1380.64,
  "Plans": [
    {
      "Parent Relationship": "Outer",
      "Total Cost": 637.05,
      "Plans": [
        {
          "Parent Relationship": "Outer",
          "Total Cost": 346.42,
          "Plans": [
            {
              "Parent Relationship": "Outer",
              "Total Cost": 231.99,
              "Relation Name": "reserves",
              "Parallel Aware": false,
              "Alias": "r",
              "Node Type": "Seq Scan",
              "Plan Width": 8,
              "Startup Cost": 0.0,
              "Plan Rows": 14999
            },
            {
              "Parent Relationship": "Inner",
              "Total Cost": 62.5,
              "Plans": [
                {
                  "Parent Relationship": "Outer",
                  "Total Cost": 62.5,
                  "Relation Name": "boat",
                  "Parallel Aware": false,
                  "Filter": "(color \u003d \u0027red\u0027::bpchar)",
                  "Alias": "b",
                  "Node Type": "Seq Scan",
                  "Plan Width": 4,
                  "Startup Cost": 0.0,
                  "Plan Rows": 1000
                }
              ],
              "Parallel Aware": false,
              "Node Type": "Hash",
              "Plan Width": 4,
              "Startup Cost": 62.5,
              "Plan Rows": 1000
            }
          ],
          "Parallel Aware": false,
          "Node Type": "Hash Join",
          "Join Type": "Inner",
          "Plan Width": 4,
          "Startup Cost": 75.0,
          "Hash Cond": "(r.bid \u003d b.bid)",
          "Plan Rows": 5000,
          "Inner Unique": true
        },
        {
          "Parent Relationship": "Inner",
          "Total Cost": 165.0,
          "Plans": [
            {
              "Parent Relationship": "Outer",
              "Total Cost": 165.0,
              "Relation Name": "sailors",
              "Parallel Aware": false,
              "Alias": "s",
              "Node Type": "Seq Scan",
              "Plan Width": 25,
              "Startup Cost": 0.0,
              "Plan Rows": 9000
            }
          ],
          "Parallel Aware": false,
          "Node Type": "Hash",
          "Plan Width": 25,
          "Startup Cost": 165.0,
          "Plan Rows": 9000
        }
      ],
      "Parallel Aware": false,
      "Node Type": "Hash Join",
      "Join Type": "Inner",
      "Plan Width": 29,
      "Startup Cost": 352.5,
      "Hash Cond": "(r.sid \u003d s.sid)",
      "Plan Rows": 5000,
      "Inner Unique": true
    },
    {
      "Parent Relationship": "Inner",
      "Total Cost": 637.05,
      "Plans": [
        {
          "Parent Relationship": "Outer",
          "Total Cost": 637.05,
          "Plans": [
            {
              "Parent Relationship": "Outer",
              "Total Cost": 346.42,
              "Plans": [
                {
                  "Parent Relationship": "Outer",
                  "Total Cost": 231.99,
                  "Relation Name": "reserves",
                  "Parallel Aware": false,
                  "Alias": "r2",
                  "Node Type": "Seq Scan",
                  "Plan Width": 8,
                  "Startup Cost": 0.0,
                  "Plan Rows": 14999
                },
                {
                  "Parent Relationship": "Inner",
                  "Total Cost": 62.5,
                  "Plans": [
                    {
                      "Parent Relationship": "Outer",
                      "Total Cost": 62.5,
                      "Relation Name": "boat",
                      "Parallel Aware": false,
                      "Filter": "(color \u003d \u0027green\u0027::bpchar)",
                      "Alias": "b2",
                      "Node Type": "Seq Scan",
                      "Plan Width": 4,
                      "Startup Cost": 0.0,
                      "Plan Rows": 1000
                    }
                  ],
                  "Parallel Aware": false,
                  "Node Type": "Hash",
                  "Plan Width": 4,
                  "Startup Cost": 62.5,
                  "Plan Rows": 1000
                }
              ],
              "Parallel Aware": false,
              "Node Type": "Hash Join",
              "Join Type": "Inner",
              "Plan Width": 4,
              "Startup Cost": 75.0,
              "Hash Cond": "(r2.bid \u003d b2.bid)",
              "Plan Rows": 5000,
              "Inner Unique": true
            },
            {
              "Parent Relationship": "Inner",
              "Total Cost": 165.0,
              "Plans": [
                {
                  "Parent Relationship": "Outer",
                  "Total Cost": 165.0,
                  "Relation Name": "sailors",
                  "Parallel Aware": false,
                  "Alias": "s2",
                  "Node Type": "Seq Scan",
                  "Plan Width": 4,
                  "Startup Cost": 0.0,
                  "Plan Rows": 9000
                }
              ],
              "Parallel Aware": false,
              "Node Type": "Hash",
              "Plan Width": 4,
              "Startup Cost": 165.0,
              "Plan Rows": 9000
            }
          ],
          "Parallel Aware": false,
          "Node Type": "Hash Join",
          "Join Type": "Inner",
          "Plan Width": 8,
          "Startup Cost": 352.5,
          "Hash Cond": "(r2.sid \u003d s2.sid)",
          "Plan Rows": 5000,
          "Inner Unique": true
        }
      ],
      "Parallel Aware": false,
      "Node Type": "Hash",
      "Plan Width": 8,
      "Startup Cost": 637.05,
      "Plan Rows": 5000
    }
  ],
  "Parallel Aware": false,
  "Node Type": "Hash Join",
  "Join Type": "Semi",
  "Plan Width": 21,
  "Startup Cost": 1052.05,
  "Hash Cond": "(s.sid \u003d s2.sid)",
  "Plan Rows": 2778,
  "Inner Unique": false
}

------------------------------

Indicies Configuration #111:
Index btree on column sid in table sailors
Index btree on column bid in table reserves
Index hash on column bid in table boat

------------------------------

1. The Total Cost of the Plan = 1380.64
2. The Estimated Size of the Result Set = 2778
3. The Plan of the Query:
{
  "Total Cost": 1380.64,
  "Plans": [
    {
      "Parent Relationship": "Outer",
      "Total Cost": 637.05,
      "Plans": [
        {
          "Parent Relationship": "Outer",
          "Total Cost": 346.42,
          "Plans": [
            {
              "Parent Relationship": "Outer",
              "Total Cost": 231.99,
              "Relation Name": "reserves",
              "Parallel Aware": false,
              "Alias": "r",
              "Node Type": "Seq Scan",
              "Plan Width": 8,
              "Startup Cost": 0.0,
              "Plan Rows": 14999
            },
            {
              "Parent Relationship": "Inner",
              "Total Cost": 62.5,
              "Plans": [
                {
                  "Parent Relationship": "Outer",
                  "Total Cost": 62.5,
                  "Relation Name": "boat",
                  "Parallel Aware": false,
                  "Filter": "(color \u003d \u0027red\u0027::bpchar)",
                  "Alias": "b",
                  "Node Type": "Seq Scan",
                  "Plan Width": 4,
                  "Startup Cost": 0.0,
                  "Plan Rows": 1000
                }
              ],
              "Parallel Aware": false,
              "Node Type": "Hash",
              "Plan Width": 4,
              "Startup Cost": 62.5,
              "Plan Rows": 1000
            }
          ],
          "Parallel Aware": false,
          "Node Type": "Hash Join",
          "Join Type": "Inner",
          "Plan Width": 4,
          "Startup Cost": 75.0,
          "Hash Cond": "(r.bid \u003d b.bid)",
          "Plan Rows": 5000,
          "Inner Unique": true
        },
        {
          "Parent Relationship": "Inner",
          "Total Cost": 165.0,
          "Plans": [
            {
              "Parent Relationship": "Outer",
              "Total Cost": 165.0,
              "Relation Name": "sailors",
              "Parallel Aware": false,
              "Alias": "s",
              "Node Type": "Seq Scan",
              "Plan Width": 25,
              "Startup Cost": 0.0,
              "Plan Rows": 9000
            }
          ],
          "Parallel Aware": false,
          "Node Type": "Hash",
          "Plan Width": 25,
          "Startup Cost": 165.0,
          "Plan Rows": 9000
        }
      ],
      "Parallel Aware": false,
      "Node Type": "Hash Join",
      "Join Type": "Inner",
      "Plan Width": 29,
      "Startup Cost": 352.5,
      "Hash Cond": "(r.sid \u003d s.sid)",
      "Plan Rows": 5000,
      "Inner Unique": true
    },
    {
      "Parent Relationship": "Inner",
      "Total Cost": 637.05,
      "Plans": [
        {
          "Parent Relationship": "Outer",
          "Total Cost": 637.05,
          "Plans": [
            {
              "Parent Relationship": "Outer",
              "Total Cost": 346.42,
              "Plans": [
                {
                  "Parent Relationship": "Outer",
                  "Total Cost": 231.99,
                  "Relation Name": "reserves",
                  "Parallel Aware": false,
                  "Alias": "r2",
                  "Node Type": "Seq Scan",
                  "Plan Width": 8,
                  "Startup Cost": 0.0,
                  "Plan Rows": 14999
                },
                {
                  "Parent Relationship": "Inner",
                  "Total Cost": 62.5,
                  "Plans": [
                    {
                      "Parent Relationship": "Outer",
                      "Total Cost": 62.5,
                      "Relation Name": "boat",
                      "Parallel Aware": false,
                      "Filter": "(color \u003d \u0027green\u0027::bpchar)",
                      "Alias": "b2",
                      "Node Type": "Seq Scan",
                      "Plan Width": 4,
                      "Startup Cost": 0.0,
                      "Plan Rows": 1000
                    }
                  ],
                  "Parallel Aware": false,
                  "Node Type": "Hash",
                  "Plan Width": 4,
                  "Startup Cost": 62.5,
                  "Plan Rows": 1000
                }
              ],
              "Parallel Aware": false,
              "Node Type": "Hash Join",
              "Join Type": "Inner",
              "Plan Width": 4,
              "Startup Cost": 75.0,
              "Hash Cond": "(r2.bid \u003d b2.bid)",
              "Plan Rows": 5000,
              "Inner Unique": true
            },
            {
              "Parent Relationship": "Inner",
              "Total Cost": 165.0,
              "Plans": [
                {
                  "Parent Relationship": "Outer",
                  "Total Cost": 165.0,
                  "Relation Name": "sailors",
                  "Parallel Aware": false,
                  "Alias": "s2",
                  "Node Type": "Seq Scan",
                  "Plan Width": 4,
                  "Startup Cost": 0.0,
                  "Plan Rows": 9000
                }
              ],
              "Parallel Aware": false,
              "Node Type": "Hash",
              "Plan Width": 4,
              "Startup Cost": 165.0,
              "Plan Rows": 9000
            }
          ],
          "Parallel Aware": false,
          "Node Type": "Hash Join",
          "Join Type": "Inner",
          "Plan Width": 8,
          "Startup Cost": 352.5,
          "Hash Cond": "(r2.sid \u003d s2.sid)",
          "Plan Rows": 5000,
          "Inner Unique": true
        }
      ],
      "Parallel Aware": false,
      "Node Type": "Hash",
      "Plan Width": 8,
      "Startup Cost": 637.05,
      "Plan Rows": 5000
    }
  ],
  "Parallel Aware": false,
  "Node Type": "Hash Join",
  "Join Type": "Semi",
  "Plan Width": 21,
  "Startup Cost": 1052.05,
  "Hash Cond": "(s.sid \u003d s2.sid)",
  "Plan Rows": 2778,
  "Inner Unique": false
}

------------------------------

Indicies Configuration #112:
Index btree on column sid in table sailors
Index btree on column bid in table reserves
Index btree on column sid in table reserves

------------------------------

1. The Total Cost of the Plan = 1380.64
2. The Estimated Size of the Result Set = 2778
3. The Plan of the Query:
{
  "Total Cost": 1380.64,
  "Plans": [
    {
      "Parent Relationship": "Outer",
      "Total Cost": 637.05,
      "Plans": [
        {
          "Parent Relationship": "Outer",
          "Total Cost": 346.42,
          "Plans": [
            {
              "Parent Relationship": "Outer",
              "Total Cost": 231.99,
              "Relation Name": "reserves",
              "Parallel Aware": false,
              "Alias": "r",
              "Node Type": "Seq Scan",
              "Plan Width": 8,
              "Startup Cost": 0.0,
              "Plan Rows": 14999
            },
            {
              "Parent Relationship": "Inner",
              "Total Cost": 62.5,
              "Plans": [
                {
                  "Parent Relationship": "Outer",
                  "Total Cost": 62.5,
                  "Relation Name": "boat",
                  "Parallel Aware": false,
                  "Filter": "(color \u003d \u0027red\u0027::bpchar)",
                  "Alias": "b",
                  "Node Type": "Seq Scan",
                  "Plan Width": 4,
                  "Startup Cost": 0.0,
                  "Plan Rows": 1000
                }
              ],
              "Parallel Aware": false,
              "Node Type": "Hash",
              "Plan Width": 4,
              "Startup Cost": 62.5,
              "Plan Rows": 1000
            }
          ],
          "Parallel Aware": false,
          "Node Type": "Hash Join",
          "Join Type": "Inner",
          "Plan Width": 4,
          "Startup Cost": 75.0,
          "Hash Cond": "(r.bid \u003d b.bid)",
          "Plan Rows": 5000,
          "Inner Unique": true
        },
        {
          "Parent Relationship": "Inner",
          "Total Cost": 165.0,
          "Plans": [
            {
              "Parent Relationship": "Outer",
              "Total Cost": 165.0,
              "Relation Name": "sailors",
              "Parallel Aware": false,
              "Alias": "s",
              "Node Type": "Seq Scan",
              "Plan Width": 25,
              "Startup Cost": 0.0,
              "Plan Rows": 9000
            }
          ],
          "Parallel Aware": false,
          "Node Type": "Hash",
          "Plan Width": 25,
          "Startup Cost": 165.0,
          "Plan Rows": 9000
        }
      ],
      "Parallel Aware": false,
      "Node Type": "Hash Join",
      "Join Type": "Inner",
      "Plan Width": 29,
      "Startup Cost": 352.5,
      "Hash Cond": "(r.sid \u003d s.sid)",
      "Plan Rows": 5000,
      "Inner Unique": true
    },
    {
      "Parent Relationship": "Inner",
      "Total Cost": 637.05,
      "Plans": [
        {
          "Parent Relationship": "Outer",
          "Total Cost": 637.05,
          "Plans": [
            {
              "Parent Relationship": "Outer",
              "Total Cost": 346.42,
              "Plans": [
                {
                  "Parent Relationship": "Outer",
                  "Total Cost": 231.99,
                  "Relation Name": "reserves",
                  "Parallel Aware": false,
                  "Alias": "r2",
                  "Node Type": "Seq Scan",
                  "Plan Width": 8,
                  "Startup Cost": 0.0,
                  "Plan Rows": 14999
                },
                {
                  "Parent Relationship": "Inner",
                  "Total Cost": 62.5,
                  "Plans": [
                    {
                      "Parent Relationship": "Outer",
                      "Total Cost": 62.5,
                      "Relation Name": "boat",
                      "Parallel Aware": false,
                      "Filter": "(color \u003d \u0027green\u0027::bpchar)",
                      "Alias": "b2",
                      "Node Type": "Seq Scan",
                      "Plan Width": 4,
                      "Startup Cost": 0.0,
                      "Plan Rows": 1000
                    }
                  ],
                  "Parallel Aware": false,
                  "Node Type": "Hash",
                  "Plan Width": 4,
                  "Startup Cost": 62.5,
                  "Plan Rows": 1000
                }
              ],
              "Parallel Aware": false,
              "Node Type": "Hash Join",
              "Join Type": "Inner",
              "Plan Width": 4,
              "Startup Cost": 75.0,
              "Hash Cond": "(r2.bid \u003d b2.bid)",
              "Plan Rows": 5000,
              "Inner Unique": true
            },
            {
              "Parent Relationship": "Inner",
              "Total Cost": 165.0,
              "Plans": [
                {
                  "Parent Relationship": "Outer",
                  "Total Cost": 165.0,
                  "Relation Name": "sailors",
                  "Parallel Aware": false,
                  "Alias": "s2",
                  "Node Type": "Seq Scan",
                  "Plan Width": 4,
                  "Startup Cost": 0.0,
                  "Plan Rows": 9000
                }
              ],
              "Parallel Aware": false,
              "Node Type": "Hash",
              "Plan Width": 4,
              "Startup Cost": 165.0,
              "Plan Rows": 9000
            }
          ],
          "Parallel Aware": false,
          "Node Type": "Hash Join",
          "Join Type": "Inner",
          "Plan Width": 8,
          "Startup Cost": 352.5,
          "Hash Cond": "(r2.sid \u003d s2.sid)",
          "Plan Rows": 5000,
          "Inner Unique": true
        }
      ],
      "Parallel Aware": false,
      "Node Type": "Hash",
      "Plan Width": 8,
      "Startup Cost": 637.05,
      "Plan Rows": 5000
    }
  ],
  "Parallel Aware": false,
  "Node Type": "Hash Join",
  "Join Type": "Semi",
  "Plan Width": 21,
  "Startup Cost": 1052.05,
  "Hash Cond": "(s.sid \u003d s2.sid)",
  "Plan Rows": 2778,
  "Inner Unique": false
}

------------------------------

Indicies Configuration #113:
Index btree on column sid in table sailors
Index btree on column bid in table reserves
Index btree on column sid in table reserves
Index btree on column bid in table boat

------------------------------

1. The Total Cost of the Plan = 1380.64
2. The Estimated Size of the Result Set = 2778
3. The Plan of the Query:
{
  "Total Cost": 1380.64,
  "Plans": [
    {
      "Parent Relationship": "Outer",
      "Total Cost": 637.05,
      "Plans": [
        {
          "Parent Relationship": "Outer",
          "Total Cost": 346.42,
          "Plans": [
            {
              "Parent Relationship": "Outer",
              "Total Cost": 231.99,
              "Relation Name": "reserves",
              "Parallel Aware": false,
              "Alias": "r",
              "Node Type": "Seq Scan",
              "Plan Width": 8,
              "Startup Cost": 0.0,
              "Plan Rows": 14999
            },
            {
              "Parent Relationship": "Inner",
              "Total Cost": 62.5,
              "Plans": [
                {
                  "Parent Relationship": "Outer",
                  "Total Cost": 62.5,
                  "Relation Name": "boat",
                  "Parallel Aware": false,
                  "Filter": "(color \u003d \u0027red\u0027::bpchar)",
                  "Alias": "b",
                  "Node Type": "Seq Scan",
                  "Plan Width": 4,
                  "Startup Cost": 0.0,
                  "Plan Rows": 1000
                }
              ],
              "Parallel Aware": false,
              "Node Type": "Hash",
              "Plan Width": 4,
              "Startup Cost": 62.5,
              "Plan Rows": 1000
            }
          ],
          "Parallel Aware": false,
          "Node Type": "Hash Join",
          "Join Type": "Inner",
          "Plan Width": 4,
          "Startup Cost": 75.0,
          "Hash Cond": "(r.bid \u003d b.bid)",
          "Plan Rows": 5000,
          "Inner Unique": true
        },
        {
          "Parent Relationship": "Inner",
          "Total Cost": 165.0,
          "Plans": [
            {
              "Parent Relationship": "Outer",
              "Total Cost": 165.0,
              "Relation Name": "sailors",
              "Parallel Aware": false,
              "Alias": "s",
              "Node Type": "Seq Scan",
              "Plan Width": 25,
              "Startup Cost": 0.0,
              "Plan Rows": 9000
            }
          ],
          "Parallel Aware": false,
          "Node Type": "Hash",
          "Plan Width": 25,
          "Startup Cost": 165.0,
          "Plan Rows": 9000
        }
      ],
      "Parallel Aware": false,
      "Node Type": "Hash Join",
      "Join Type": "Inner",
      "Plan Width": 29,
      "Startup Cost": 352.5,
      "Hash Cond": "(r.sid \u003d s.sid)",
      "Plan Rows": 5000,
      "Inner Unique": true
    },
    {
      "Parent Relationship": "Inner",
      "Total Cost": 637.05,
      "Plans": [
        {
          "Parent Relationship": "Outer",
          "Total Cost": 637.05,
          "Plans": [
            {
              "Parent Relationship": "Outer",
              "Total Cost": 346.42,
              "Plans": [
                {
                  "Parent Relationship": "Outer",
                  "Total Cost": 231.99,
                  "Relation Name": "reserves",
                  "Parallel Aware": false,
                  "Alias": "r2",
                  "Node Type": "Seq Scan",
                  "Plan Width": 8,
                  "Startup Cost": 0.0,
                  "Plan Rows": 14999
                },
                {
                  "Parent Relationship": "Inner",
                  "Total Cost": 62.5,
                  "Plans": [
                    {
                      "Parent Relationship": "Outer",
                      "Total Cost": 62.5,
                      "Relation Name": "boat",
                      "Parallel Aware": false,
                      "Filter": "(color \u003d \u0027green\u0027::bpchar)",
                      "Alias": "b2",
                      "Node Type": "Seq Scan",
                      "Plan Width": 4,
                      "Startup Cost": 0.0,
                      "Plan Rows": 1000
                    }
                  ],
                  "Parallel Aware": false,
                  "Node Type": "Hash",
                  "Plan Width": 4,
                  "Startup Cost": 62.5,
                  "Plan Rows": 1000
                }
              ],
              "Parallel Aware": false,
              "Node Type": "Hash Join",
              "Join Type": "Inner",
              "Plan Width": 4,
              "Startup Cost": 75.0,
              "Hash Cond": "(r2.bid \u003d b2.bid)",
              "Plan Rows": 5000,
              "Inner Unique": true
            },
            {
              "Parent Relationship": "Inner",
              "Total Cost": 165.0,
              "Plans": [
                {
                  "Parent Relationship": "Outer",
                  "Total Cost": 165.0,
                  "Relation Name": "sailors",
                  "Parallel Aware": false,
                  "Alias": "s2",
                  "Node Type": "Seq Scan",
                  "Plan Width": 4,
                  "Startup Cost": 0.0,
                  "Plan Rows": 9000
                }
              ],
              "Parallel Aware": false,
              "Node Type": "Hash",
              "Plan Width": 4,
              "Startup Cost": 165.0,
              "Plan Rows": 9000
            }
          ],
          "Parallel Aware": false,
          "Node Type": "Hash Join",
          "Join Type": "Inner",
          "Plan Width": 8,
          "Startup Cost": 352.5,
          "Hash Cond": "(r2.sid \u003d s2.sid)",
          "Plan Rows": 5000,
          "Inner Unique": true
        }
      ],
      "Parallel Aware": false,
      "Node Type": "Hash",
      "Plan Width": 8,
      "Startup Cost": 637.05,
      "Plan Rows": 5000
    }
  ],
  "Parallel Aware": false,
  "Node Type": "Hash Join",
  "Join Type": "Semi",
  "Plan Width": 21,
  "Startup Cost": 1052.05,
  "Hash Cond": "(s.sid \u003d s2.sid)",
  "Plan Rows": 2778,
  "Inner Unique": false
}

------------------------------

Indicies Configuration #114:
Index btree on column sid in table sailors
Index btree on column bid in table reserves
Index btree on column sid in table reserves
Index hash on column bid in table boat

------------------------------

1. The Total Cost of the Plan = 1380.64
2. The Estimated Size of the Result Set = 2778
3. The Plan of the Query:
{
  "Total Cost": 1380.64,
  "Plans": [
    {
      "Parent Relationship": "Outer",
      "Total Cost": 637.05,
      "Plans": [
        {
          "Parent Relationship": "Outer",
          "Total Cost": 346.42,
          "Plans": [
            {
              "Parent Relationship": "Outer",
              "Total Cost": 231.99,
              "Relation Name": "reserves",
              "Parallel Aware": false,
              "Alias": "r",
              "Node Type": "Seq Scan",
              "Plan Width": 8,
              "Startup Cost": 0.0,
              "Plan Rows": 14999
            },
            {
              "Parent Relationship": "Inner",
              "Total Cost": 62.5,
              "Plans": [
                {
                  "Parent Relationship": "Outer",
                  "Total Cost": 62.5,
                  "Relation Name": "boat",
                  "Parallel Aware": false,
                  "Filter": "(color \u003d \u0027red\u0027::bpchar)",
                  "Alias": "b",
                  "Node Type": "Seq Scan",
                  "Plan Width": 4,
                  "Startup Cost": 0.0,
                  "Plan Rows": 1000
                }
              ],
              "Parallel Aware": false,
              "Node Type": "Hash",
              "Plan Width": 4,
              "Startup Cost": 62.5,
              "Plan Rows": 1000
            }
          ],
          "Parallel Aware": false,
          "Node Type": "Hash Join",
          "Join Type": "Inner",
          "Plan Width": 4,
          "Startup Cost": 75.0,
          "Hash Cond": "(r.bid \u003d b.bid)",
          "Plan Rows": 5000,
          "Inner Unique": true
        },
        {
          "Parent Relationship": "Inner",
          "Total Cost": 165.0,
          "Plans": [
            {
              "Parent Relationship": "Outer",
              "Total Cost": 165.0,
              "Relation Name": "sailors",
              "Parallel Aware": false,
              "Alias": "s",
              "Node Type": "Seq Scan",
              "Plan Width": 25,
              "Startup Cost": 0.0,
              "Plan Rows": 9000
            }
          ],
          "Parallel Aware": false,
          "Node Type": "Hash",
          "Plan Width": 25,
          "Startup Cost": 165.0,
          "Plan Rows": 9000
        }
      ],
      "Parallel Aware": false,
      "Node Type": "Hash Join",
      "Join Type": "Inner",
      "Plan Width": 29,
      "Startup Cost": 352.5,
      "Hash Cond": "(r.sid \u003d s.sid)",
      "Plan Rows": 5000,
      "Inner Unique": true
    },
    {
      "Parent Relationship": "Inner",
      "Total Cost": 637.05,
      "Plans": [
        {
          "Parent Relationship": "Outer",
          "Total Cost": 637.05,
          "Plans": [
            {
              "Parent Relationship": "Outer",
              "Total Cost": 346.42,
              "Plans": [
                {
                  "Parent Relationship": "Outer",
                  "Total Cost": 231.99,
                  "Relation Name": "reserves",
                  "Parallel Aware": false,
                  "Alias": "r2",
                  "Node Type": "Seq Scan",
                  "Plan Width": 8,
                  "Startup Cost": 0.0,
                  "Plan Rows": 14999
                },
                {
                  "Parent Relationship": "Inner",
                  "Total Cost": 62.5,
                  "Plans": [
                    {
                      "Parent Relationship": "Outer",
                      "Total Cost": 62.5,
                      "Relation Name": "boat",
                      "Parallel Aware": false,
                      "Filter": "(color \u003d \u0027green\u0027::bpchar)",
                      "Alias": "b2",
                      "Node Type": "Seq Scan",
                      "Plan Width": 4,
                      "Startup Cost": 0.0,
                      "Plan Rows": 1000
                    }
                  ],
                  "Parallel Aware": false,
                  "Node Type": "Hash",
                  "Plan Width": 4,
                  "Startup Cost": 62.5,
                  "Plan Rows": 1000
                }
              ],
              "Parallel Aware": false,
              "Node Type": "Hash Join",
              "Join Type": "Inner",
              "Plan Width": 4,
              "Startup Cost": 75.0,
              "Hash Cond": "(r2.bid \u003d b2.bid)",
              "Plan Rows": 5000,
              "Inner Unique": true
            },
            {
              "Parent Relationship": "Inner",
              "Total Cost": 165.0,
              "Plans": [
                {
                  "Parent Relationship": "Outer",
                  "Total Cost": 165.0,
                  "Relation Name": "sailors",
                  "Parallel Aware": false,
                  "Alias": "s2",
                  "Node Type": "Seq Scan",
                  "Plan Width": 4,
                  "Startup Cost": 0.0,
                  "Plan Rows": 9000
                }
              ],
              "Parallel Aware": false,
              "Node Type": "Hash",
              "Plan Width": 4,
              "Startup Cost": 165.0,
              "Plan Rows": 9000
            }
          ],
          "Parallel Aware": false,
          "Node Type": "Hash Join",
          "Join Type": "Inner",
          "Plan Width": 8,
          "Startup Cost": 352.5,
          "Hash Cond": "(r2.sid \u003d s2.sid)",
          "Plan Rows": 5000,
          "Inner Unique": true
        }
      ],
      "Parallel Aware": false,
      "Node Type": "Hash",
      "Plan Width": 8,
      "Startup Cost": 637.05,
      "Plan Rows": 5000
    }
  ],
  "Parallel Aware": false,
  "Node Type": "Hash Join",
  "Join Type": "Semi",
  "Plan Width": 21,
  "Startup Cost": 1052.05,
  "Hash Cond": "(s.sid \u003d s2.sid)",
  "Plan Rows": 2778,
  "Inner Unique": false
}

------------------------------

Indicies Configuration #115:
Index btree on column sid in table sailors
Index btree on column bid in table reserves
Index hash on column sid in table reserves

------------------------------

1. The Total Cost of the Plan = 1380.64
2. The Estimated Size of the Result Set = 2778
3. The Plan of the Query:
{
  "Total Cost": 1380.64,
  "Plans": [
    {
      "Parent Relationship": "Outer",
      "Total Cost": 637.05,
      "Plans": [
        {
          "Parent Relationship": "Outer",
          "Total Cost": 346.42,
          "Plans": [
            {
              "Parent Relationship": "Outer",
              "Total Cost": 231.99,
              "Relation Name": "reserves",
              "Parallel Aware": false,
              "Alias": "r",
              "Node Type": "Seq Scan",
              "Plan Width": 8,
              "Startup Cost": 0.0,
              "Plan Rows": 14999
            },
            {
              "Parent Relationship": "Inner",
              "Total Cost": 62.5,
              "Plans": [
                {
                  "Parent Relationship": "Outer",
                  "Total Cost": 62.5,
                  "Relation Name": "boat",
                  "Parallel Aware": false,
                  "Filter": "(color \u003d \u0027red\u0027::bpchar)",
                  "Alias": "b",
                  "Node Type": "Seq Scan",
                  "Plan Width": 4,
                  "Startup Cost": 0.0,
                  "Plan Rows": 1000
                }
              ],
              "Parallel Aware": false,
              "Node Type": "Hash",
              "Plan Width": 4,
              "Startup Cost": 62.5,
              "Plan Rows": 1000
            }
          ],
          "Parallel Aware": false,
          "Node Type": "Hash Join",
          "Join Type": "Inner",
          "Plan Width": 4,
          "Startup Cost": 75.0,
          "Hash Cond": "(r.bid \u003d b.bid)",
          "Plan Rows": 5000,
          "Inner Unique": true
        },
        {
          "Parent Relationship": "Inner",
          "Total Cost": 165.0,
          "Plans": [
            {
              "Parent Relationship": "Outer",
              "Total Cost": 165.0,
              "Relation Name": "sailors",
              "Parallel Aware": false,
              "Alias": "s",
              "Node Type": "Seq Scan",
              "Plan Width": 25,
              "Startup Cost": 0.0,
              "Plan Rows": 9000
            }
          ],
          "Parallel Aware": false,
          "Node Type": "Hash",
          "Plan Width": 25,
          "Startup Cost": 165.0,
          "Plan Rows": 9000
        }
      ],
      "Parallel Aware": false,
      "Node Type": "Hash Join",
      "Join Type": "Inner",
      "Plan Width": 29,
      "Startup Cost": 352.5,
      "Hash Cond": "(r.sid \u003d s.sid)",
      "Plan Rows": 5000,
      "Inner Unique": true
    },
    {
      "Parent Relationship": "Inner",
      "Total Cost": 637.05,
      "Plans": [
        {
          "Parent Relationship": "Outer",
          "Total Cost": 637.05,
          "Plans": [
            {
              "Parent Relationship": "Outer",
              "Total Cost": 346.42,
              "Plans": [
                {
                  "Parent Relationship": "Outer",
                  "Total Cost": 231.99,
                  "Relation Name": "reserves",
                  "Parallel Aware": false,
                  "Alias": "r2",
                  "Node Type": "Seq Scan",
                  "Plan Width": 8,
                  "Startup Cost": 0.0,
                  "Plan Rows": 14999
                },
                {
                  "Parent Relationship": "Inner",
                  "Total Cost": 62.5,
                  "Plans": [
                    {
                      "Parent Relationship": "Outer",
                      "Total Cost": 62.5,
                      "Relation Name": "boat",
                      "Parallel Aware": false,
                      "Filter": "(color \u003d \u0027green\u0027::bpchar)",
                      "Alias": "b2",
                      "Node Type": "Seq Scan",
                      "Plan Width": 4,
                      "Startup Cost": 0.0,
                      "Plan Rows": 1000
                    }
                  ],
                  "Parallel Aware": false,
                  "Node Type": "Hash",
                  "Plan Width": 4,
                  "Startup Cost": 62.5,
                  "Plan Rows": 1000
                }
              ],
              "Parallel Aware": false,
              "Node Type": "Hash Join",
              "Join Type": "Inner",
              "Plan Width": 4,
              "Startup Cost": 75.0,
              "Hash Cond": "(r2.bid \u003d b2.bid)",
              "Plan Rows": 5000,
              "Inner Unique": true
            },
            {
              "Parent Relationship": "Inner",
              "Total Cost": 165.0,
              "Plans": [
                {
                  "Parent Relationship": "Outer",
                  "Total Cost": 165.0,
                  "Relation Name": "sailors",
                  "Parallel Aware": false,
                  "Alias": "s2",
                  "Node Type": "Seq Scan",
                  "Plan Width": 4,
                  "Startup Cost": 0.0,
                  "Plan Rows": 9000
                }
              ],
              "Parallel Aware": false,
              "Node Type": "Hash",
              "Plan Width": 4,
              "Startup Cost": 165.0,
              "Plan Rows": 9000
            }
          ],
          "Parallel Aware": false,
          "Node Type": "Hash Join",
          "Join Type": "Inner",
          "Plan Width": 8,
          "Startup Cost": 352.5,
          "Hash Cond": "(r2.sid \u003d s2.sid)",
          "Plan Rows": 5000,
          "Inner Unique": true
        }
      ],
      "Parallel Aware": false,
      "Node Type": "Hash",
      "Plan Width": 8,
      "Startup Cost": 637.05,
      "Plan Rows": 5000
    }
  ],
  "Parallel Aware": false,
  "Node Type": "Hash Join",
  "Join Type": "Semi",
  "Plan Width": 21,
  "Startup Cost": 1052.05,
  "Hash Cond": "(s.sid \u003d s2.sid)",
  "Plan Rows": 2778,
  "Inner Unique": false
}

------------------------------

Indicies Configuration #116:
Index btree on column sid in table sailors
Index btree on column bid in table reserves
Index hash on column sid in table reserves
Index btree on column bid in table boat

------------------------------

1. The Total Cost of the Plan = 1380.64
2. The Estimated Size of the Result Set = 2778
3. The Plan of the Query:
{
  "Total Cost": 1380.64,
  "Plans": [
    {
      "Parent Relationship": "Outer",
      "Total Cost": 637.05,
      "Plans": [
        {
          "Parent Relationship": "Outer",
          "Total Cost": 346.42,
          "Plans": [
            {
              "Parent Relationship": "Outer",
              "Total Cost": 231.99,
              "Relation Name": "reserves",
              "Parallel Aware": false,
              "Alias": "r",
              "Node Type": "Seq Scan",
              "Plan Width": 8,
              "Startup Cost": 0.0,
              "Plan Rows": 14999
            },
            {
              "Parent Relationship": "Inner",
              "Total Cost": 62.5,
              "Plans": [
                {
                  "Parent Relationship": "Outer",
                  "Total Cost": 62.5,
                  "Relation Name": "boat",
                  "Parallel Aware": false,
                  "Filter": "(color \u003d \u0027red\u0027::bpchar)",
                  "Alias": "b",
                  "Node Type": "Seq Scan",
                  "Plan Width": 4,
                  "Startup Cost": 0.0,
                  "Plan Rows": 1000
                }
              ],
              "Parallel Aware": false,
              "Node Type": "Hash",
              "Plan Width": 4,
              "Startup Cost": 62.5,
              "Plan Rows": 1000
            }
          ],
          "Parallel Aware": false,
          "Node Type": "Hash Join",
          "Join Type": "Inner",
          "Plan Width": 4,
          "Startup Cost": 75.0,
          "Hash Cond": "(r.bid \u003d b.bid)",
          "Plan Rows": 5000,
          "Inner Unique": true
        },
        {
          "Parent Relationship": "Inner",
          "Total Cost": 165.0,
          "Plans": [
            {
              "Parent Relationship": "Outer",
              "Total Cost": 165.0,
              "Relation Name": "sailors",
              "Parallel Aware": false,
              "Alias": "s",
              "Node Type": "Seq Scan",
              "Plan Width": 25,
              "Startup Cost": 0.0,
              "Plan Rows": 9000
            }
          ],
          "Parallel Aware": false,
          "Node Type": "Hash",
          "Plan Width": 25,
          "Startup Cost": 165.0,
          "Plan Rows": 9000
        }
      ],
      "Parallel Aware": false,
      "Node Type": "Hash Join",
      "Join Type": "Inner",
      "Plan Width": 29,
      "Startup Cost": 352.5,
      "Hash Cond": "(r.sid \u003d s.sid)",
      "Plan Rows": 5000,
      "Inner Unique": true
    },
    {
      "Parent Relationship": "Inner",
      "Total Cost": 637.05,
      "Plans": [
        {
          "Parent Relationship": "Outer",
          "Total Cost": 637.05,
          "Plans": [
            {
              "Parent Relationship": "Outer",
              "Total Cost": 346.42,
              "Plans": [
                {
                  "Parent Relationship": "Outer",
                  "Total Cost": 231.99,
                  "Relation Name": "reserves",
                  "Parallel Aware": false,
                  "Alias": "r2",
                  "Node Type": "Seq Scan",
                  "Plan Width": 8,
                  "Startup Cost": 0.0,
                  "Plan Rows": 14999
                },
                {
                  "Parent Relationship": "Inner",
                  "Total Cost": 62.5,
                  "Plans": [
                    {
                      "Parent Relationship": "Outer",
                      "Total Cost": 62.5,
                      "Relation Name": "boat",
                      "Parallel Aware": false,
                      "Filter": "(color \u003d \u0027green\u0027::bpchar)",
                      "Alias": "b2",
                      "Node Type": "Seq Scan",
                      "Plan Width": 4,
                      "Startup Cost": 0.0,
                      "Plan Rows": 1000
                    }
                  ],
                  "Parallel Aware": false,
                  "Node Type": "Hash",
                  "Plan Width": 4,
                  "Startup Cost": 62.5,
                  "Plan Rows": 1000
                }
              ],
              "Parallel Aware": false,
              "Node Type": "Hash Join",
              "Join Type": "Inner",
              "Plan Width": 4,
              "Startup Cost": 75.0,
              "Hash Cond": "(r2.bid \u003d b2.bid)",
              "Plan Rows": 5000,
              "Inner Unique": true
            },
            {
              "Parent Relationship": "Inner",
              "Total Cost": 165.0,
              "Plans": [
                {
                  "Parent Relationship": "Outer",
                  "Total Cost": 165.0,
                  "Relation Name": "sailors",
                  "Parallel Aware": false,
                  "Alias": "s2",
                  "Node Type": "Seq Scan",
                  "Plan Width": 4,
                  "Startup Cost": 0.0,
                  "Plan Rows": 9000
                }
              ],
              "Parallel Aware": false,
              "Node Type": "Hash",
              "Plan Width": 4,
              "Startup Cost": 165.0,
              "Plan Rows": 9000
            }
          ],
          "Parallel Aware": false,
          "Node Type": "Hash Join",
          "Join Type": "Inner",
          "Plan Width": 8,
          "Startup Cost": 352.5,
          "Hash Cond": "(r2.sid \u003d s2.sid)",
          "Plan Rows": 5000,
          "Inner Unique": true
        }
      ],
      "Parallel Aware": false,
      "Node Type": "Hash",
      "Plan Width": 8,
      "Startup Cost": 637.05,
      "Plan Rows": 5000
    }
  ],
  "Parallel Aware": false,
  "Node Type": "Hash Join",
  "Join Type": "Semi",
  "Plan Width": 21,
  "Startup Cost": 1052.05,
  "Hash Cond": "(s.sid \u003d s2.sid)",
  "Plan Rows": 2778,
  "Inner Unique": false
}

------------------------------

Indicies Configuration #117:
Index btree on column sid in table sailors
Index btree on column bid in table reserves
Index hash on column sid in table reserves
Index hash on column bid in table boat

------------------------------

1. The Total Cost of the Plan = 1380.64
2. The Estimated Size of the Result Set = 2778
3. The Plan of the Query:
{
  "Total Cost": 1380.64,
  "Plans": [
    {
      "Parent Relationship": "Outer",
      "Total Cost": 637.05,
      "Plans": [
        {
          "Parent Relationship": "Outer",
          "Total Cost": 346.42,
          "Plans": [
            {
              "Parent Relationship": "Outer",
              "Total Cost": 231.99,
              "Relation Name": "reserves",
              "Parallel Aware": false,
              "Alias": "r",
              "Node Type": "Seq Scan",
              "Plan Width": 8,
              "Startup Cost": 0.0,
              "Plan Rows": 14999
            },
            {
              "Parent Relationship": "Inner",
              "Total Cost": 62.5,
              "Plans": [
                {
                  "Parent Relationship": "Outer",
                  "Total Cost": 62.5,
                  "Relation Name": "boat",
                  "Parallel Aware": false,
                  "Filter": "(color \u003d \u0027red\u0027::bpchar)",
                  "Alias": "b",
                  "Node Type": "Seq Scan",
                  "Plan Width": 4,
                  "Startup Cost": 0.0,
                  "Plan Rows": 1000
                }
              ],
              "Parallel Aware": false,
              "Node Type": "Hash",
              "Plan Width": 4,
              "Startup Cost": 62.5,
              "Plan Rows": 1000
            }
          ],
          "Parallel Aware": false,
          "Node Type": "Hash Join",
          "Join Type": "Inner",
          "Plan Width": 4,
          "Startup Cost": 75.0,
          "Hash Cond": "(r.bid \u003d b.bid)",
          "Plan Rows": 5000,
          "Inner Unique": true
        },
        {
          "Parent Relationship": "Inner",
          "Total Cost": 165.0,
          "Plans": [
            {
              "Parent Relationship": "Outer",
              "Total Cost": 165.0,
              "Relation Name": "sailors",
              "Parallel Aware": false,
              "Alias": "s",
              "Node Type": "Seq Scan",
              "Plan Width": 25,
              "Startup Cost": 0.0,
              "Plan Rows": 9000
            }
          ],
          "Parallel Aware": false,
          "Node Type": "Hash",
          "Plan Width": 25,
          "Startup Cost": 165.0,
          "Plan Rows": 9000
        }
      ],
      "Parallel Aware": false,
      "Node Type": "Hash Join",
      "Join Type": "Inner",
      "Plan Width": 29,
      "Startup Cost": 352.5,
      "Hash Cond": "(r.sid \u003d s.sid)",
      "Plan Rows": 5000,
      "Inner Unique": true
    },
    {
      "Parent Relationship": "Inner",
      "Total Cost": 637.05,
      "Plans": [
        {
          "Parent Relationship": "Outer",
          "Total Cost": 637.05,
          "Plans": [
            {
              "Parent Relationship": "Outer",
              "Total Cost": 346.42,
              "Plans": [
                {
                  "Parent Relationship": "Outer",
                  "Total Cost": 231.99,
                  "Relation Name": "reserves",
                  "Parallel Aware": false,
                  "Alias": "r2",
                  "Node Type": "Seq Scan",
                  "Plan Width": 8,
                  "Startup Cost": 0.0,
                  "Plan Rows": 14999
                },
                {
                  "Parent Relationship": "Inner",
                  "Total Cost": 62.5,
                  "Plans": [
                    {
                      "Parent Relationship": "Outer",
                      "Total Cost": 62.5,
                      "Relation Name": "boat",
                      "Parallel Aware": false,
                      "Filter": "(color \u003d \u0027green\u0027::bpchar)",
                      "Alias": "b2",
                      "Node Type": "Seq Scan",
                      "Plan Width": 4,
                      "Startup Cost": 0.0,
                      "Plan Rows": 1000
                    }
                  ],
                  "Parallel Aware": false,
                  "Node Type": "Hash",
                  "Plan Width": 4,
                  "Startup Cost": 62.5,
                  "Plan Rows": 1000
                }
              ],
              "Parallel Aware": false,
              "Node Type": "Hash Join",
              "Join Type": "Inner",
              "Plan Width": 4,
              "Startup Cost": 75.0,
              "Hash Cond": "(r2.bid \u003d b2.bid)",
              "Plan Rows": 5000,
              "Inner Unique": true
            },
            {
              "Parent Relationship": "Inner",
              "Total Cost": 165.0,
              "Plans": [
                {
                  "Parent Relationship": "Outer",
                  "Total Cost": 165.0,
                  "Relation Name": "sailors",
                  "Parallel Aware": false,
                  "Alias": "s2",
                  "Node Type": "Seq Scan",
                  "Plan Width": 4,
                  "Startup Cost": 0.0,
                  "Plan Rows": 9000
                }
              ],
              "Parallel Aware": false,
              "Node Type": "Hash",
              "Plan Width": 4,
              "Startup Cost": 165.0,
              "Plan Rows": 9000
            }
          ],
          "Parallel Aware": false,
          "Node Type": "Hash Join",
          "Join Type": "Inner",
          "Plan Width": 8,
          "Startup Cost": 352.5,
          "Hash Cond": "(r2.sid \u003d s2.sid)",
          "Plan Rows": 5000,
          "Inner Unique": true
        }
      ],
      "Parallel Aware": false,
      "Node Type": "Hash",
      "Plan Width": 8,
      "Startup Cost": 637.05,
      "Plan Rows": 5000
    }
  ],
  "Parallel Aware": false,
  "Node Type": "Hash Join",
  "Join Type": "Semi",
  "Plan Width": 21,
  "Startup Cost": 1052.05,
  "Hash Cond": "(s.sid \u003d s2.sid)",
  "Plan Rows": 2778,
  "Inner Unique": false
}

------------------------------

Indicies Configuration #118:
Index btree on column sid in table sailors
Index btree on column bid in table reserves
Index btree on column color in table boat

------------------------------

1. The Total Cost of the Plan = 1380.64
2. The Estimated Size of the Result Set = 2778
3. The Plan of the Query:
{
  "Total Cost": 1380.64,
  "Plans": [
    {
      "Parent Relationship": "Outer",
      "Total Cost": 637.05,
      "Plans": [
        {
          "Parent Relationship": "Outer",
          "Total Cost": 346.42,
          "Plans": [
            {
              "Parent Relationship": "Outer",
              "Total Cost": 231.99,
              "Relation Name": "reserves",
              "Parallel Aware": false,
              "Alias": "r",
              "Node Type": "Seq Scan",
              "Plan Width": 8,
              "Startup Cost": 0.0,
              "Plan Rows": 14999
            },
            {
              "Parent Relationship": "Inner",
              "Total Cost": 62.5,
              "Plans": [
                {
                  "Parent Relationship": "Outer",
                  "Total Cost": 62.5,
                  "Relation Name": "boat",
                  "Parallel Aware": false,
                  "Filter": "(color \u003d \u0027red\u0027::bpchar)",
                  "Alias": "b",
                  "Node Type": "Seq Scan",
                  "Plan Width": 4,
                  "Startup Cost": 0.0,
                  "Plan Rows": 1000
                }
              ],
              "Parallel Aware": false,
              "Node Type": "Hash",
              "Plan Width": 4,
              "Startup Cost": 62.5,
              "Plan Rows": 1000
            }
          ],
          "Parallel Aware": false,
          "Node Type": "Hash Join",
          "Join Type": "Inner",
          "Plan Width": 4,
          "Startup Cost": 75.0,
          "Hash Cond": "(r.bid \u003d b.bid)",
          "Plan Rows": 5000,
          "Inner Unique": true
        },
        {
          "Parent Relationship": "Inner",
          "Total Cost": 165.0,
          "Plans": [
            {
              "Parent Relationship": "Outer",
              "Total Cost": 165.0,
              "Relation Name": "sailors",
              "Parallel Aware": false,
              "Alias": "s",
              "Node Type": "Seq Scan",
              "Plan Width": 25,
              "Startup Cost": 0.0,
              "Plan Rows": 9000
            }
          ],
          "Parallel Aware": false,
          "Node Type": "Hash",
          "Plan Width": 25,
          "Startup Cost": 165.0,
          "Plan Rows": 9000
        }
      ],
      "Parallel Aware": false,
      "Node Type": "Hash Join",
      "Join Type": "Inner",
      "Plan Width": 29,
      "Startup Cost": 352.5,
      "Hash Cond": "(r.sid \u003d s.sid)",
      "Plan Rows": 5000,
      "Inner Unique": true
    },
    {
      "Parent Relationship": "Inner",
      "Total Cost": 637.05,
      "Plans": [
        {
          "Parent Relationship": "Outer",
          "Total Cost": 637.05,
          "Plans": [
            {
              "Parent Relationship": "Outer",
              "Total Cost": 346.42,
              "Plans": [
                {
                  "Parent Relationship": "Outer",
                  "Total Cost": 231.99,
                  "Relation Name": "reserves",
                  "Parallel Aware": false,
                  "Alias": "r2",
                  "Node Type": "Seq Scan",
                  "Plan Width": 8,
                  "Startup Cost": 0.0,
                  "Plan Rows": 14999
                },
                {
                  "Parent Relationship": "Inner",
                  "Total Cost": 62.5,
                  "Plans": [
                    {
                      "Parent Relationship": "Outer",
                      "Total Cost": 62.5,
                      "Relation Name": "boat",
                      "Parallel Aware": false,
                      "Filter": "(color \u003d \u0027green\u0027::bpchar)",
                      "Alias": "b2",
                      "Node Type": "Seq Scan",
                      "Plan Width": 4,
                      "Startup Cost": 0.0,
                      "Plan Rows": 1000
                    }
                  ],
                  "Parallel Aware": false,
                  "Node Type": "Hash",
                  "Plan Width": 4,
                  "Startup Cost": 62.5,
                  "Plan Rows": 1000
                }
              ],
              "Parallel Aware": false,
              "Node Type": "Hash Join",
              "Join Type": "Inner",
              "Plan Width": 4,
              "Startup Cost": 75.0,
              "Hash Cond": "(r2.bid \u003d b2.bid)",
              "Plan Rows": 5000,
              "Inner Unique": true
            },
            {
              "Parent Relationship": "Inner",
              "Total Cost": 165.0,
              "Plans": [
                {
                  "Parent Relationship": "Outer",
                  "Total Cost": 165.0,
                  "Relation Name": "sailors",
                  "Parallel Aware": false,
                  "Alias": "s2",
                  "Node Type": "Seq Scan",
                  "Plan Width": 4,
                  "Startup Cost": 0.0,
                  "Plan Rows": 9000
                }
              ],
              "Parallel Aware": false,
              "Node Type": "Hash",
              "Plan Width": 4,
              "Startup Cost": 165.0,
              "Plan Rows": 9000
            }
          ],
          "Parallel Aware": false,
          "Node Type": "Hash Join",
          "Join Type": "Inner",
          "Plan Width": 8,
          "Startup Cost": 352.5,
          "Hash Cond": "(r2.sid \u003d s2.sid)",
          "Plan Rows": 5000,
          "Inner Unique": true
        }
      ],
      "Parallel Aware": false,
      "Node Type": "Hash",
      "Plan Width": 8,
      "Startup Cost": 637.05,
      "Plan Rows": 5000
    }
  ],
  "Parallel Aware": false,
  "Node Type": "Hash Join",
  "Join Type": "Semi",
  "Plan Width": 21,
  "Startup Cost": 1052.05,
  "Hash Cond": "(s.sid \u003d s2.sid)",
  "Plan Rows": 2778,
  "Inner Unique": false
}

------------------------------

Indicies Configuration #119:
Index btree on column sid in table sailors
Index btree on column bid in table reserves
Index btree on column color in table boat
Index btree on column bid in table boat

------------------------------

1. The Total Cost of the Plan = 1380.64
2. The Estimated Size of the Result Set = 2778
3. The Plan of the Query:
{
  "Total Cost": 1380.64,
  "Plans": [
    {
      "Parent Relationship": "Outer",
      "Total Cost": 637.05,
      "Plans": [
        {
          "Parent Relationship": "Outer",
          "Total Cost": 346.42,
          "Plans": [
            {
              "Parent Relationship": "Outer",
              "Total Cost": 231.99,
              "Relation Name": "reserves",
              "Parallel Aware": false,
              "Alias": "r",
              "Node Type": "Seq Scan",
              "Plan Width": 8,
              "Startup Cost": 0.0,
              "Plan Rows": 14999
            },
            {
              "Parent Relationship": "Inner",
              "Total Cost": 62.5,
              "Plans": [
                {
                  "Parent Relationship": "Outer",
                  "Total Cost": 62.5,
                  "Relation Name": "boat",
                  "Parallel Aware": false,
                  "Filter": "(color \u003d \u0027red\u0027::bpchar)",
                  "Alias": "b",
                  "Node Type": "Seq Scan",
                  "Plan Width": 4,
                  "Startup Cost": 0.0,
                  "Plan Rows": 1000
                }
              ],
              "Parallel Aware": false,
              "Node Type": "Hash",
              "Plan Width": 4,
              "Startup Cost": 62.5,
              "Plan Rows": 1000
            }
          ],
          "Parallel Aware": false,
          "Node Type": "Hash Join",
          "Join Type": "Inner",
          "Plan Width": 4,
          "Startup Cost": 75.0,
          "Hash Cond": "(r.bid \u003d b.bid)",
          "Plan Rows": 5000,
          "Inner Unique": true
        },
        {
          "Parent Relationship": "Inner",
          "Total Cost": 165.0,
          "Plans": [
            {
              "Parent Relationship": "Outer",
              "Total Cost": 165.0,
              "Relation Name": "sailors",
              "Parallel Aware": false,
              "Alias": "s",
              "Node Type": "Seq Scan",
              "Plan Width": 25,
              "Startup Cost": 0.0,
              "Plan Rows": 9000
            }
          ],
          "Parallel Aware": false,
          "Node Type": "Hash",
          "Plan Width": 25,
          "Startup Cost": 165.0,
          "Plan Rows": 9000
        }
      ],
      "Parallel Aware": false,
      "Node Type": "Hash Join",
      "Join Type": "Inner",
      "Plan Width": 29,
      "Startup Cost": 352.5,
      "Hash Cond": "(r.sid \u003d s.sid)",
      "Plan Rows": 5000,
      "Inner Unique": true
    },
    {
      "Parent Relationship": "Inner",
      "Total Cost": 637.05,
      "Plans": [
        {
          "Parent Relationship": "Outer",
          "Total Cost": 637.05,
          "Plans": [
            {
              "Parent Relationship": "Outer",
              "Total Cost": 346.42,
              "Plans": [
                {
                  "Parent Relationship": "Outer",
                  "Total Cost": 231.99,
                  "Relation Name": "reserves",
                  "Parallel Aware": false,
                  "Alias": "r2",
                  "Node Type": "Seq Scan",
                  "Plan Width": 8,
                  "Startup Cost": 0.0,
                  "Plan Rows": 14999
                },
                {
                  "Parent Relationship": "Inner",
                  "Total Cost": 62.5,
                  "Plans": [
                    {
                      "Parent Relationship": "Outer",
                      "Total Cost": 62.5,
                      "Relation Name": "boat",
                      "Parallel Aware": false,
                      "Filter": "(color \u003d \u0027green\u0027::bpchar)",
                      "Alias": "b2",
                      "Node Type": "Seq Scan",
                      "Plan Width": 4,
                      "Startup Cost": 0.0,
                      "Plan Rows": 1000
                    }
                  ],
                  "Parallel Aware": false,
                  "Node Type": "Hash",
                  "Plan Width": 4,
                  "Startup Cost": 62.5,
                  "Plan Rows": 1000
                }
              ],
              "Parallel Aware": false,
              "Node Type": "Hash Join",
              "Join Type": "Inner",
              "Plan Width": 4,
              "Startup Cost": 75.0,
              "Hash Cond": "(r2.bid \u003d b2.bid)",
              "Plan Rows": 5000,
              "Inner Unique": true
            },
            {
              "Parent Relationship": "Inner",
              "Total Cost": 165.0,
              "Plans": [
                {
                  "Parent Relationship": "Outer",
                  "Total Cost": 165.0,
                  "Relation Name": "sailors",
                  "Parallel Aware": false,
                  "Alias": "s2",
                  "Node Type": "Seq Scan",
                  "Plan Width": 4,
                  "Startup Cost": 0.0,
                  "Plan Rows": 9000
                }
              ],
              "Parallel Aware": false,
              "Node Type": "Hash",
              "Plan Width": 4,
              "Startup Cost": 165.0,
              "Plan Rows": 9000
            }
          ],
          "Parallel Aware": false,
          "Node Type": "Hash Join",
          "Join Type": "Inner",
          "Plan Width": 8,
          "Startup Cost": 352.5,
          "Hash Cond": "(r2.sid \u003d s2.sid)",
          "Plan Rows": 5000,
          "Inner Unique": true
        }
      ],
      "Parallel Aware": false,
      "Node Type": "Hash",
      "Plan Width": 8,
      "Startup Cost": 637.05,
      "Plan Rows": 5000
    }
  ],
  "Parallel Aware": false,
  "Node Type": "Hash Join",
  "Join Type": "Semi",
  "Plan Width": 21,
  "Startup Cost": 1052.05,
  "Hash Cond": "(s.sid \u003d s2.sid)",
  "Plan Rows": 2778,
  "Inner Unique": false
}

------------------------------

Indicies Configuration #120:
Index btree on column sid in table sailors
Index btree on column bid in table reserves
Index btree on column color in table boat
Index hash on column bid in table boat

------------------------------

1. The Total Cost of the Plan = 1380.64
2. The Estimated Size of the Result Set = 2778
3. The Plan of the Query:
{
  "Total Cost": 1380.64,
  "Plans": [
    {
      "Parent Relationship": "Outer",
      "Total Cost": 637.05,
      "Plans": [
        {
          "Parent Relationship": "Outer",
          "Total Cost": 346.42,
          "Plans": [
            {
              "Parent Relationship": "Outer",
              "Total Cost": 231.99,
              "Relation Name": "reserves",
              "Parallel Aware": false,
              "Alias": "r",
              "Node Type": "Seq Scan",
              "Plan Width": 8,
              "Startup Cost": 0.0,
              "Plan Rows": 14999
            },
            {
              "Parent Relationship": "Inner",
              "Total Cost": 62.5,
              "Plans": [
                {
                  "Parent Relationship": "Outer",
                  "Total Cost": 62.5,
                  "Relation Name": "boat",
                  "Parallel Aware": false,
                  "Filter": "(color \u003d \u0027red\u0027::bpchar)",
                  "Alias": "b",
                  "Node Type": "Seq Scan",
                  "Plan Width": 4,
                  "Startup Cost": 0.0,
                  "Plan Rows": 1000
                }
              ],
              "Parallel Aware": false,
              "Node Type": "Hash",
              "Plan Width": 4,
              "Startup Cost": 62.5,
              "Plan Rows": 1000
            }
          ],
          "Parallel Aware": false,
          "Node Type": "Hash Join",
          "Join Type": "Inner",
          "Plan Width": 4,
          "Startup Cost": 75.0,
          "Hash Cond": "(r.bid \u003d b.bid)",
          "Plan Rows": 5000,
          "Inner Unique": true
        },
        {
          "Parent Relationship": "Inner",
          "Total Cost": 165.0,
          "Plans": [
            {
              "Parent Relationship": "Outer",
              "Total Cost": 165.0,
              "Relation Name": "sailors",
              "Parallel Aware": false,
              "Alias": "s",
              "Node Type": "Seq Scan",
              "Plan Width": 25,
              "Startup Cost": 0.0,
              "Plan Rows": 9000
            }
          ],
          "Parallel Aware": false,
          "Node Type": "Hash",
          "Plan Width": 25,
          "Startup Cost": 165.0,
          "Plan Rows": 9000
        }
      ],
      "Parallel Aware": false,
      "Node Type": "Hash Join",
      "Join Type": "Inner",
      "Plan Width": 29,
      "Startup Cost": 352.5,
      "Hash Cond": "(r.sid \u003d s.sid)",
      "Plan Rows": 5000,
      "Inner Unique": true
    },
    {
      "Parent Relationship": "Inner",
      "Total Cost": 637.05,
      "Plans": [
        {
          "Parent Relationship": "Outer",
          "Total Cost": 637.05,
          "Plans": [
            {
              "Parent Relationship": "Outer",
              "Total Cost": 346.42,
              "Plans": [
                {
                  "Parent Relationship": "Outer",
                  "Total Cost": 231.99,
                  "Relation Name": "reserves",
                  "Parallel Aware": false,
                  "Alias": "r2",
                  "Node Type": "Seq Scan",
                  "Plan Width": 8,
                  "Startup Cost": 0.0,
                  "Plan Rows": 14999
                },
                {
                  "Parent Relationship": "Inner",
                  "Total Cost": 62.5,
                  "Plans": [
                    {
                      "Parent Relationship": "Outer",
                      "Total Cost": 62.5,
                      "Relation Name": "boat",
                      "Parallel Aware": false,
                      "Filter": "(color \u003d \u0027green\u0027::bpchar)",
                      "Alias": "b2",
                      "Node Type": "Seq Scan",
                      "Plan Width": 4,
                      "Startup Cost": 0.0,
                      "Plan Rows": 1000
                    }
                  ],
                  "Parallel Aware": false,
                  "Node Type": "Hash",
                  "Plan Width": 4,
                  "Startup Cost": 62.5,
                  "Plan Rows": 1000
                }
              ],
              "Parallel Aware": false,
              "Node Type": "Hash Join",
              "Join Type": "Inner",
              "Plan Width": 4,
              "Startup Cost": 75.0,
              "Hash Cond": "(r2.bid \u003d b2.bid)",
              "Plan Rows": 5000,
              "Inner Unique": true
            },
            {
              "Parent Relationship": "Inner",
              "Total Cost": 165.0,
              "Plans": [
                {
                  "Parent Relationship": "Outer",
                  "Total Cost": 165.0,
                  "Relation Name": "sailors",
                  "Parallel Aware": false,
                  "Alias": "s2",
                  "Node Type": "Seq Scan",
                  "Plan Width": 4,
                  "Startup Cost": 0.0,
                  "Plan Rows": 9000
                }
              ],
              "Parallel Aware": false,
              "Node Type": "Hash",
              "Plan Width": 4,
              "Startup Cost": 165.0,
              "Plan Rows": 9000
            }
          ],
          "Parallel Aware": false,
          "Node Type": "Hash Join",
          "Join Type": "Inner",
          "Plan Width": 8,
          "Startup Cost": 352.5,
          "Hash Cond": "(r2.sid \u003d s2.sid)",
          "Plan Rows": 5000,
          "Inner Unique": true
        }
      ],
      "Parallel Aware": false,
      "Node Type": "Hash",
      "Plan Width": 8,
      "Startup Cost": 637.05,
      "Plan Rows": 5000
    }
  ],
  "Parallel Aware": false,
  "Node Type": "Hash Join",
  "Join Type": "Semi",
  "Plan Width": 21,
  "Startup Cost": 1052.05,
  "Hash Cond": "(s.sid \u003d s2.sid)",
  "Plan Rows": 2778,
  "Inner Unique": false
}

------------------------------

Indicies Configuration #121:
Index btree on column sid in table sailors
Index btree on column bid in table reserves
Index btree on column color in table boat
Index btree on column sid in table reserves

------------------------------

1. The Total Cost of the Plan = 1380.64
2. The Estimated Size of the Result Set = 2778
3. The Plan of the Query:
{
  "Total Cost": 1380.64,
  "Plans": [
    {
      "Parent Relationship": "Outer",
      "Total Cost": 637.05,
      "Plans": [
        {
          "Parent Relationship": "Outer",
          "Total Cost": 346.42,
          "Plans": [
            {
              "Parent Relationship": "Outer",
              "Total Cost": 231.99,
              "Relation Name": "reserves",
              "Parallel Aware": false,
              "Alias": "r",
              "Node Type": "Seq Scan",
              "Plan Width": 8,
              "Startup Cost": 0.0,
              "Plan Rows": 14999
            },
            {
              "Parent Relationship": "Inner",
              "Total Cost": 62.5,
              "Plans": [
                {
                  "Parent Relationship": "Outer",
                  "Total Cost": 62.5,
                  "Relation Name": "boat",
                  "Parallel Aware": false,
                  "Filter": "(color \u003d \u0027red\u0027::bpchar)",
                  "Alias": "b",
                  "Node Type": "Seq Scan",
                  "Plan Width": 4,
                  "Startup Cost": 0.0,
                  "Plan Rows": 1000
                }
              ],
              "Parallel Aware": false,
              "Node Type": "Hash",
              "Plan Width": 4,
              "Startup Cost": 62.5,
              "Plan Rows": 1000
            }
          ],
          "Parallel Aware": false,
          "Node Type": "Hash Join",
          "Join Type": "Inner",
          "Plan Width": 4,
          "Startup Cost": 75.0,
          "Hash Cond": "(r.bid \u003d b.bid)",
          "Plan Rows": 5000,
          "Inner Unique": true
        },
        {
          "Parent Relationship": "Inner",
          "Total Cost": 165.0,
          "Plans": [
            {
              "Parent Relationship": "Outer",
              "Total Cost": 165.0,
              "Relation Name": "sailors",
              "Parallel Aware": false,
              "Alias": "s",
              "Node Type": "Seq Scan",
              "Plan Width": 25,
              "Startup Cost": 0.0,
              "Plan Rows": 9000
            }
          ],
          "Parallel Aware": false,
          "Node Type": "Hash",
          "Plan Width": 25,
          "Startup Cost": 165.0,
          "Plan Rows": 9000
        }
      ],
      "Parallel Aware": false,
      "Node Type": "Hash Join",
      "Join Type": "Inner",
      "Plan Width": 29,
      "Startup Cost": 352.5,
      "Hash Cond": "(r.sid \u003d s.sid)",
      "Plan Rows": 5000,
      "Inner Unique": true
    },
    {
      "Parent Relationship": "Inner",
      "Total Cost": 637.05,
      "Plans": [
        {
          "Parent Relationship": "Outer",
          "Total Cost": 637.05,
          "Plans": [
            {
              "Parent Relationship": "Outer",
              "Total Cost": 346.42,
              "Plans": [
                {
                  "Parent Relationship": "Outer",
                  "Total Cost": 231.99,
                  "Relation Name": "reserves",
                  "Parallel Aware": false,
                  "Alias": "r2",
                  "Node Type": "Seq Scan",
                  "Plan Width": 8,
                  "Startup Cost": 0.0,
                  "Plan Rows": 14999
                },
                {
                  "Parent Relationship": "Inner",
                  "Total Cost": 62.5,
                  "Plans": [
                    {
                      "Parent Relationship": "Outer",
                      "Total Cost": 62.5,
                      "Relation Name": "boat",
                      "Parallel Aware": false,
                      "Filter": "(color \u003d \u0027green\u0027::bpchar)",
                      "Alias": "b2",
                      "Node Type": "Seq Scan",
                      "Plan Width": 4,
                      "Startup Cost": 0.0,
                      "Plan Rows": 1000
                    }
                  ],
                  "Parallel Aware": false,
                  "Node Type": "Hash",
                  "Plan Width": 4,
                  "Startup Cost": 62.5,
                  "Plan Rows": 1000
                }
              ],
              "Parallel Aware": false,
              "Node Type": "Hash Join",
              "Join Type": "Inner",
              "Plan Width": 4,
              "Startup Cost": 75.0,
              "Hash Cond": "(r2.bid \u003d b2.bid)",
              "Plan Rows": 5000,
              "Inner Unique": true
            },
            {
              "Parent Relationship": "Inner",
              "Total Cost": 165.0,
              "Plans": [
                {
                  "Parent Relationship": "Outer",
                  "Total Cost": 165.0,
                  "Relation Name": "sailors",
                  "Parallel Aware": false,
                  "Alias": "s2",
                  "Node Type": "Seq Scan",
                  "Plan Width": 4,
                  "Startup Cost": 0.0,
                  "Plan Rows": 9000
                }
              ],
              "Parallel Aware": false,
              "Node Type": "Hash",
              "Plan Width": 4,
              "Startup Cost": 165.0,
              "Plan Rows": 9000
            }
          ],
          "Parallel Aware": false,
          "Node Type": "Hash Join",
          "Join Type": "Inner",
          "Plan Width": 8,
          "Startup Cost": 352.5,
          "Hash Cond": "(r2.sid \u003d s2.sid)",
          "Plan Rows": 5000,
          "Inner Unique": true
        }
      ],
      "Parallel Aware": false,
      "Node Type": "Hash",
      "Plan Width": 8,
      "Startup Cost": 637.05,
      "Plan Rows": 5000
    }
  ],
  "Parallel Aware": false,
  "Node Type": "Hash Join",
  "Join Type": "Semi",
  "Plan Width": 21,
  "Startup Cost": 1052.05,
  "Hash Cond": "(s.sid \u003d s2.sid)",
  "Plan Rows": 2778,
  "Inner Unique": false
}

------------------------------

Indicies Configuration #122:
Index btree on column sid in table sailors
Index btree on column bid in table reserves
Index btree on column color in table boat
Index btree on column sid in table reserves
Index btree on column bid in table boat

------------------------------

1. The Total Cost of the Plan = 1380.64
2. The Estimated Size of the Result Set = 2778
3. The Plan of the Query:
{
  "Total Cost": 1380.64,
  "Plans": [
    {
      "Parent Relationship": "Outer",
      "Total Cost": 637.05,
      "Plans": [
        {
          "Parent Relationship": "Outer",
          "Total Cost": 346.42,
          "Plans": [
            {
              "Parent Relationship": "Outer",
              "Total Cost": 231.99,
              "Relation Name": "reserves",
              "Parallel Aware": false,
              "Alias": "r",
              "Node Type": "Seq Scan",
              "Plan Width": 8,
              "Startup Cost": 0.0,
              "Plan Rows": 14999
            },
            {
              "Parent Relationship": "Inner",
              "Total Cost": 62.5,
              "Plans": [
                {
                  "Parent Relationship": "Outer",
                  "Total Cost": 62.5,
                  "Relation Name": "boat",
                  "Parallel Aware": false,
                  "Filter": "(color \u003d \u0027red\u0027::bpchar)",
                  "Alias": "b",
                  "Node Type": "Seq Scan",
                  "Plan Width": 4,
                  "Startup Cost": 0.0,
                  "Plan Rows": 1000
                }
              ],
              "Parallel Aware": false,
              "Node Type": "Hash",
              "Plan Width": 4,
              "Startup Cost": 62.5,
              "Plan Rows": 1000
            }
          ],
          "Parallel Aware": false,
          "Node Type": "Hash Join",
          "Join Type": "Inner",
          "Plan Width": 4,
          "Startup Cost": 75.0,
          "Hash Cond": "(r.bid \u003d b.bid)",
          "Plan Rows": 5000,
          "Inner Unique": true
        },
        {
          "Parent Relationship": "Inner",
          "Total Cost": 165.0,
          "Plans": [
            {
              "Parent Relationship": "Outer",
              "Total Cost": 165.0,
              "Relation Name": "sailors",
              "Parallel Aware": false,
              "Alias": "s",
              "Node Type": "Seq Scan",
              "Plan Width": 25,
              "Startup Cost": 0.0,
              "Plan Rows": 9000
            }
          ],
          "Parallel Aware": false,
          "Node Type": "Hash",
          "Plan Width": 25,
          "Startup Cost": 165.0,
          "Plan Rows": 9000
        }
      ],
      "Parallel Aware": false,
      "Node Type": "Hash Join",
      "Join Type": "Inner",
      "Plan Width": 29,
      "Startup Cost": 352.5,
      "Hash Cond": "(r.sid \u003d s.sid)",
      "Plan Rows": 5000,
      "Inner Unique": true
    },
    {
      "Parent Relationship": "Inner",
      "Total Cost": 637.05,
      "Plans": [
        {
          "Parent Relationship": "Outer",
          "Total Cost": 637.05,
          "Plans": [
            {
              "Parent Relationship": "Outer",
              "Total Cost": 346.42,
              "Plans": [
                {
                  "Parent Relationship": "Outer",
                  "Total Cost": 231.99,
                  "Relation Name": "reserves",
                  "Parallel Aware": false,
                  "Alias": "r2",
                  "Node Type": "Seq Scan",
                  "Plan Width": 8,
                  "Startup Cost": 0.0,
                  "Plan Rows": 14999
                },
                {
                  "Parent Relationship": "Inner",
                  "Total Cost": 62.5,
                  "Plans": [
                    {
                      "Parent Relationship": "Outer",
                      "Total Cost": 62.5,
                      "Relation Name": "boat",
                      "Parallel Aware": false,
                      "Filter": "(color \u003d \u0027green\u0027::bpchar)",
                      "Alias": "b2",
                      "Node Type": "Seq Scan",
                      "Plan Width": 4,
                      "Startup Cost": 0.0,
                      "Plan Rows": 1000
                    }
                  ],
                  "Parallel Aware": false,
                  "Node Type": "Hash",
                  "Plan Width": 4,
                  "Startup Cost": 62.5,
                  "Plan Rows": 1000
                }
              ],
              "Parallel Aware": false,
              "Node Type": "Hash Join",
              "Join Type": "Inner",
              "Plan Width": 4,
              "Startup Cost": 75.0,
              "Hash Cond": "(r2.bid \u003d b2.bid)",
              "Plan Rows": 5000,
              "Inner Unique": true
            },
            {
              "Parent Relationship": "Inner",
              "Total Cost": 165.0,
              "Plans": [
                {
                  "Parent Relationship": "Outer",
                  "Total Cost": 165.0,
                  "Relation Name": "sailors",
                  "Parallel Aware": false,
                  "Alias": "s2",
                  "Node Type": "Seq Scan",
                  "Plan Width": 4,
                  "Startup Cost": 0.0,
                  "Plan Rows": 9000
                }
              ],
              "Parallel Aware": false,
              "Node Type": "Hash",
              "Plan Width": 4,
              "Startup Cost": 165.0,
              "Plan Rows": 9000
            }
          ],
          "Parallel Aware": false,
          "Node Type": "Hash Join",
          "Join Type": "Inner",
          "Plan Width": 8,
          "Startup Cost": 352.5,
          "Hash Cond": "(r2.sid \u003d s2.sid)",
          "Plan Rows": 5000,
          "Inner Unique": true
        }
      ],
      "Parallel Aware": false,
      "Node Type": "Hash",
      "Plan Width": 8,
      "Startup Cost": 637.05,
      "Plan Rows": 5000
    }
  ],
  "Parallel Aware": false,
  "Node Type": "Hash Join",
  "Join Type": "Semi",
  "Plan Width": 21,
  "Startup Cost": 1052.05,
  "Hash Cond": "(s.sid \u003d s2.sid)",
  "Plan Rows": 2778,
  "Inner Unique": false
}

------------------------------

Indicies Configuration #123:
Index btree on column sid in table sailors
Index btree on column bid in table reserves
Index btree on column color in table boat
Index btree on column sid in table reserves
Index hash on column bid in table boat

------------------------------

1. The Total Cost of the Plan = 1380.64
2. The Estimated Size of the Result Set = 2778
3. The Plan of the Query:
{
  "Total Cost": 1380.64,
  "Plans": [
    {
      "Parent Relationship": "Outer",
      "Total Cost": 637.05,
      "Plans": [
        {
          "Parent Relationship": "Outer",
          "Total Cost": 346.42,
          "Plans": [
            {
              "Parent Relationship": "Outer",
              "Total Cost": 231.99,
              "Relation Name": "reserves",
              "Parallel Aware": false,
              "Alias": "r",
              "Node Type": "Seq Scan",
              "Plan Width": 8,
              "Startup Cost": 0.0,
              "Plan Rows": 14999
            },
            {
              "Parent Relationship": "Inner",
              "Total Cost": 62.5,
              "Plans": [
                {
                  "Parent Relationship": "Outer",
                  "Total Cost": 62.5,
                  "Relation Name": "boat",
                  "Parallel Aware": false,
                  "Filter": "(color \u003d \u0027red\u0027::bpchar)",
                  "Alias": "b",
                  "Node Type": "Seq Scan",
                  "Plan Width": 4,
                  "Startup Cost": 0.0,
                  "Plan Rows": 1000
                }
              ],
              "Parallel Aware": false,
              "Node Type": "Hash",
              "Plan Width": 4,
              "Startup Cost": 62.5,
              "Plan Rows": 1000
            }
          ],
          "Parallel Aware": false,
          "Node Type": "Hash Join",
          "Join Type": "Inner",
          "Plan Width": 4,
          "Startup Cost": 75.0,
          "Hash Cond": "(r.bid \u003d b.bid)",
          "Plan Rows": 5000,
          "Inner Unique": true
        },
        {
          "Parent Relationship": "Inner",
          "Total Cost": 165.0,
          "Plans": [
            {
              "Parent Relationship": "Outer",
              "Total Cost": 165.0,
              "Relation Name": "sailors",
              "Parallel Aware": false,
              "Alias": "s",
              "Node Type": "Seq Scan",
              "Plan Width": 25,
              "Startup Cost": 0.0,
              "Plan Rows": 9000
            }
          ],
          "Parallel Aware": false,
          "Node Type": "Hash",
          "Plan Width": 25,
          "Startup Cost": 165.0,
          "Plan Rows": 9000
        }
      ],
      "Parallel Aware": false,
      "Node Type": "Hash Join",
      "Join Type": "Inner",
      "Plan Width": 29,
      "Startup Cost": 352.5,
      "Hash Cond": "(r.sid \u003d s.sid)",
      "Plan Rows": 5000,
      "Inner Unique": true
    },
    {
      "Parent Relationship": "Inner",
      "Total Cost": 637.05,
      "Plans": [
        {
          "Parent Relationship": "Outer",
          "Total Cost": 637.05,
          "Plans": [
            {
              "Parent Relationship": "Outer",
              "Total Cost": 346.42,
              "Plans": [
                {
                  "Parent Relationship": "Outer",
                  "Total Cost": 231.99,
                  "Relation Name": "reserves",
                  "Parallel Aware": false,
                  "Alias": "r2",
                  "Node Type": "Seq Scan",
                  "Plan Width": 8,
                  "Startup Cost": 0.0,
                  "Plan Rows": 14999
                },
                {
                  "Parent Relationship": "Inner",
                  "Total Cost": 62.5,
                  "Plans": [
                    {
                      "Parent Relationship": "Outer",
                      "Total Cost": 62.5,
                      "Relation Name": "boat",
                      "Parallel Aware": false,
                      "Filter": "(color \u003d \u0027green\u0027::bpchar)",
                      "Alias": "b2",
                      "Node Type": "Seq Scan",
                      "Plan Width": 4,
                      "Startup Cost": 0.0,
                      "Plan Rows": 1000
                    }
                  ],
                  "Parallel Aware": false,
                  "Node Type": "Hash",
                  "Plan Width": 4,
                  "Startup Cost": 62.5,
                  "Plan Rows": 1000
                }
              ],
              "Parallel Aware": false,
              "Node Type": "Hash Join",
              "Join Type": "Inner",
              "Plan Width": 4,
              "Startup Cost": 75.0,
              "Hash Cond": "(r2.bid \u003d b2.bid)",
              "Plan Rows": 5000,
              "Inner Unique": true
            },
            {
              "Parent Relationship": "Inner",
              "Total Cost": 165.0,
              "Plans": [
                {
                  "Parent Relationship": "Outer",
                  "Total Cost": 165.0,
                  "Relation Name": "sailors",
                  "Parallel Aware": false,
                  "Alias": "s2",
                  "Node Type": "Seq Scan",
                  "Plan Width": 4,
                  "Startup Cost": 0.0,
                  "Plan Rows": 9000
                }
              ],
              "Parallel Aware": false,
              "Node Type": "Hash",
              "Plan Width": 4,
              "Startup Cost": 165.0,
              "Plan Rows": 9000
            }
          ],
          "Parallel Aware": false,
          "Node Type": "Hash Join",
          "Join Type": "Inner",
          "Plan Width": 8,
          "Startup Cost": 352.5,
          "Hash Cond": "(r2.sid \u003d s2.sid)",
          "Plan Rows": 5000,
          "Inner Unique": true
        }
      ],
      "Parallel Aware": false,
      "Node Type": "Hash",
      "Plan Width": 8,
      "Startup Cost": 637.05,
      "Plan Rows": 5000
    }
  ],
  "Parallel Aware": false,
  "Node Type": "Hash Join",
  "Join Type": "Semi",
  "Plan Width": 21,
  "Startup Cost": 1052.05,
  "Hash Cond": "(s.sid \u003d s2.sid)",
  "Plan Rows": 2778,
  "Inner Unique": false
}

------------------------------

Indicies Configuration #124:
Index btree on column sid in table sailors
Index btree on column bid in table reserves
Index btree on column color in table boat
Index hash on column sid in table reserves

------------------------------

1. The Total Cost of the Plan = 1380.64
2. The Estimated Size of the Result Set = 2778
3. The Plan of the Query:
{
  "Total Cost": 1380.64,
  "Plans": [
    {
      "Parent Relationship": "Outer",
      "Total Cost": 637.05,
      "Plans": [
        {
          "Parent Relationship": "Outer",
          "Total Cost": 346.42,
          "Plans": [
            {
              "Parent Relationship": "Outer",
              "Total Cost": 231.99,
              "Relation Name": "reserves",
              "Parallel Aware": false,
              "Alias": "r",
              "Node Type": "Seq Scan",
              "Plan Width": 8,
              "Startup Cost": 0.0,
              "Plan Rows": 14999
            },
            {
              "Parent Relationship": "Inner",
              "Total Cost": 62.5,
              "Plans": [
                {
                  "Parent Relationship": "Outer",
                  "Total Cost": 62.5,
                  "Relation Name": "boat",
                  "Parallel Aware": false,
                  "Filter": "(color \u003d \u0027red\u0027::bpchar)",
                  "Alias": "b",
                  "Node Type": "Seq Scan",
                  "Plan Width": 4,
                  "Startup Cost": 0.0,
                  "Plan Rows": 1000
                }
              ],
              "Parallel Aware": false,
              "Node Type": "Hash",
              "Plan Width": 4,
              "Startup Cost": 62.5,
              "Plan Rows": 1000
            }
          ],
          "Parallel Aware": false,
          "Node Type": "Hash Join",
          "Join Type": "Inner",
          "Plan Width": 4,
          "Startup Cost": 75.0,
          "Hash Cond": "(r.bid \u003d b.bid)",
          "Plan Rows": 5000,
          "Inner Unique": true
        },
        {
          "Parent Relationship": "Inner",
          "Total Cost": 165.0,
          "Plans": [
            {
              "Parent Relationship": "Outer",
              "Total Cost": 165.0,
              "Relation Name": "sailors",
              "Parallel Aware": false,
              "Alias": "s",
              "Node Type": "Seq Scan",
              "Plan Width": 25,
              "Startup Cost": 0.0,
              "Plan Rows": 9000
            }
          ],
          "Parallel Aware": false,
          "Node Type": "Hash",
          "Plan Width": 25,
          "Startup Cost": 165.0,
          "Plan Rows": 9000
        }
      ],
      "Parallel Aware": false,
      "Node Type": "Hash Join",
      "Join Type": "Inner",
      "Plan Width": 29,
      "Startup Cost": 352.5,
      "Hash Cond": "(r.sid \u003d s.sid)",
      "Plan Rows": 5000,
      "Inner Unique": true
    },
    {
      "Parent Relationship": "Inner",
      "Total Cost": 637.05,
      "Plans": [
        {
          "Parent Relationship": "Outer",
          "Total Cost": 637.05,
          "Plans": [
            {
              "Parent Relationship": "Outer",
              "Total Cost": 346.42,
              "Plans": [
                {
                  "Parent Relationship": "Outer",
                  "Total Cost": 231.99,
                  "Relation Name": "reserves",
                  "Parallel Aware": false,
                  "Alias": "r2",
                  "Node Type": "Seq Scan",
                  "Plan Width": 8,
                  "Startup Cost": 0.0,
                  "Plan Rows": 14999
                },
                {
                  "Parent Relationship": "Inner",
                  "Total Cost": 62.5,
                  "Plans": [
                    {
                      "Parent Relationship": "Outer",
                      "Total Cost": 62.5,
                      "Relation Name": "boat",
                      "Parallel Aware": false,
                      "Filter": "(color \u003d \u0027green\u0027::bpchar)",
                      "Alias": "b2",
                      "Node Type": "Seq Scan",
                      "Plan Width": 4,
                      "Startup Cost": 0.0,
                      "Plan Rows": 1000
                    }
                  ],
                  "Parallel Aware": false,
                  "Node Type": "Hash",
                  "Plan Width": 4,
                  "Startup Cost": 62.5,
                  "Plan Rows": 1000
                }
              ],
              "Parallel Aware": false,
              "Node Type": "Hash Join",
              "Join Type": "Inner",
              "Plan Width": 4,
              "Startup Cost": 75.0,
              "Hash Cond": "(r2.bid \u003d b2.bid)",
              "Plan Rows": 5000,
              "Inner Unique": true
            },
            {
              "Parent Relationship": "Inner",
              "Total Cost": 165.0,
              "Plans": [
                {
                  "Parent Relationship": "Outer",
                  "Total Cost": 165.0,
                  "Relation Name": "sailors",
                  "Parallel Aware": false,
                  "Alias": "s2",
                  "Node Type": "Seq Scan",
                  "Plan Width": 4,
                  "Startup Cost": 0.0,
                  "Plan Rows": 9000
                }
              ],
              "Parallel Aware": false,
              "Node Type": "Hash",
              "Plan Width": 4,
              "Startup Cost": 165.0,
              "Plan Rows": 9000
            }
          ],
          "Parallel Aware": false,
          "Node Type": "Hash Join",
          "Join Type": "Inner",
          "Plan Width": 8,
          "Startup Cost": 352.5,
          "Hash Cond": "(r2.sid \u003d s2.sid)",
          "Plan Rows": 5000,
          "Inner Unique": true
        }
      ],
      "Parallel Aware": false,
      "Node Type": "Hash",
      "Plan Width": 8,
      "Startup Cost": 637.05,
      "Plan Rows": 5000
    }
  ],
  "Parallel Aware": false,
  "Node Type": "Hash Join",
  "Join Type": "Semi",
  "Plan Width": 21,
  "Startup Cost": 1052.05,
  "Hash Cond": "(s.sid \u003d s2.sid)",
  "Plan Rows": 2778,
  "Inner Unique": false
}

------------------------------

Indicies Configuration #125:
Index btree on column sid in table sailors
Index btree on column bid in table reserves
Index btree on column color in table boat
Index hash on column sid in table reserves
Index btree on column bid in table boat

------------------------------

1. The Total Cost of the Plan = 1380.64
2. The Estimated Size of the Result Set = 2778
3. The Plan of the Query:
{
  "Total Cost": 1380.64,
  "Plans": [
    {
      "Parent Relationship": "Outer",
      "Total Cost": 637.05,
      "Plans": [
        {
          "Parent Relationship": "Outer",
          "Total Cost": 346.42,
          "Plans": [
            {
              "Parent Relationship": "Outer",
              "Total Cost": 231.99,
              "Relation Name": "reserves",
              "Parallel Aware": false,
              "Alias": "r",
              "Node Type": "Seq Scan",
              "Plan Width": 8,
              "Startup Cost": 0.0,
              "Plan Rows": 14999
            },
            {
              "Parent Relationship": "Inner",
              "Total Cost": 62.5,
              "Plans": [
                {
                  "Parent Relationship": "Outer",
                  "Total Cost": 62.5,
                  "Relation Name": "boat",
                  "Parallel Aware": false,
                  "Filter": "(color \u003d \u0027red\u0027::bpchar)",
                  "Alias": "b",
                  "Node Type": "Seq Scan",
                  "Plan Width": 4,
                  "Startup Cost": 0.0,
                  "Plan Rows": 1000
                }
              ],
              "Parallel Aware": false,
              "Node Type": "Hash",
              "Plan Width": 4,
              "Startup Cost": 62.5,
              "Plan Rows": 1000
            }
          ],
          "Parallel Aware": false,
          "Node Type": "Hash Join",
          "Join Type": "Inner",
          "Plan Width": 4,
          "Startup Cost": 75.0,
          "Hash Cond": "(r.bid \u003d b.bid)",
          "Plan Rows": 5000,
          "Inner Unique": true
        },
        {
          "Parent Relationship": "Inner",
          "Total Cost": 165.0,
          "Plans": [
            {
              "Parent Relationship": "Outer",
              "Total Cost": 165.0,
              "Relation Name": "sailors",
              "Parallel Aware": false,
              "Alias": "s",
              "Node Type": "Seq Scan",
              "Plan Width": 25,
              "Startup Cost": 0.0,
              "Plan Rows": 9000
            }
          ],
          "Parallel Aware": false,
          "Node Type": "Hash",
          "Plan Width": 25,
          "Startup Cost": 165.0,
          "Plan Rows": 9000
        }
      ],
      "Parallel Aware": false,
      "Node Type": "Hash Join",
      "Join Type": "Inner",
      "Plan Width": 29,
      "Startup Cost": 352.5,
      "Hash Cond": "(r.sid \u003d s.sid)",
      "Plan Rows": 5000,
      "Inner Unique": true
    },
    {
      "Parent Relationship": "Inner",
      "Total Cost": 637.05,
      "Plans": [
        {
          "Parent Relationship": "Outer",
          "Total Cost": 637.05,
          "Plans": [
            {
              "Parent Relationship": "Outer",
              "Total Cost": 346.42,
              "Plans": [
                {
                  "Parent Relationship": "Outer",
                  "Total Cost": 231.99,
                  "Relation Name": "reserves",
                  "Parallel Aware": false,
                  "Alias": "r2",
                  "Node Type": "Seq Scan",
                  "Plan Width": 8,
                  "Startup Cost": 0.0,
                  "Plan Rows": 14999
                },
                {
                  "Parent Relationship": "Inner",
                  "Total Cost": 62.5,
                  "Plans": [
                    {
                      "Parent Relationship": "Outer",
                      "Total Cost": 62.5,
                      "Relation Name": "boat",
                      "Parallel Aware": false,
                      "Filter": "(color \u003d \u0027green\u0027::bpchar)",
                      "Alias": "b2",
                      "Node Type": "Seq Scan",
                      "Plan Width": 4,
                      "Startup Cost": 0.0,
                      "Plan Rows": 1000
                    }
                  ],
                  "Parallel Aware": false,
                  "Node Type": "Hash",
                  "Plan Width": 4,
                  "Startup Cost": 62.5,
                  "Plan Rows": 1000
                }
              ],
              "Parallel Aware": false,
              "Node Type": "Hash Join",
              "Join Type": "Inner",
              "Plan Width": 4,
              "Startup Cost": 75.0,
              "Hash Cond": "(r2.bid \u003d b2.bid)",
              "Plan Rows": 5000,
              "Inner Unique": true
            },
            {
              "Parent Relationship": "Inner",
              "Total Cost": 165.0,
              "Plans": [
                {
                  "Parent Relationship": "Outer",
                  "Total Cost": 165.0,
                  "Relation Name": "sailors",
                  "Parallel Aware": false,
                  "Alias": "s2",
                  "Node Type": "Seq Scan",
                  "Plan Width": 4,
                  "Startup Cost": 0.0,
                  "Plan Rows": 9000
                }
              ],
              "Parallel Aware": false,
              "Node Type": "Hash",
              "Plan Width": 4,
              "Startup Cost": 165.0,
              "Plan Rows": 9000
            }
          ],
          "Parallel Aware": false,
          "Node Type": "Hash Join",
          "Join Type": "Inner",
          "Plan Width": 8,
          "Startup Cost": 352.5,
          "Hash Cond": "(r2.sid \u003d s2.sid)",
          "Plan Rows": 5000,
          "Inner Unique": true
        }
      ],
      "Parallel Aware": false,
      "Node Type": "Hash",
      "Plan Width": 8,
      "Startup Cost": 637.05,
      "Plan Rows": 5000
    }
  ],
  "Parallel Aware": false,
  "Node Type": "Hash Join",
  "Join Type": "Semi",
  "Plan Width": 21,
  "Startup Cost": 1052.05,
  "Hash Cond": "(s.sid \u003d s2.sid)",
  "Plan Rows": 2778,
  "Inner Unique": false
}

------------------------------

Indicies Configuration #126:
Index btree on column sid in table sailors
Index btree on column bid in table reserves
Index btree on column color in table boat
Index hash on column sid in table reserves
Index hash on column bid in table boat

------------------------------

1. The Total Cost of the Plan = 1380.64
2. The Estimated Size of the Result Set = 2778
3. The Plan of the Query:
{
  "Total Cost": 1380.64,
  "Plans": [
    {
      "Parent Relationship": "Outer",
      "Total Cost": 637.05,
      "Plans": [
        {
          "Parent Relationship": "Outer",
          "Total Cost": 346.42,
          "Plans": [
            {
              "Parent Relationship": "Outer",
              "Total Cost": 231.99,
              "Relation Name": "reserves",
              "Parallel Aware": false,
              "Alias": "r",
              "Node Type": "Seq Scan",
              "Plan Width": 8,
              "Startup Cost": 0.0,
              "Plan Rows": 14999
            },
            {
              "Parent Relationship": "Inner",
              "Total Cost": 62.5,
              "Plans": [
                {
                  "Parent Relationship": "Outer",
                  "Total Cost": 62.5,
                  "Relation Name": "boat",
                  "Parallel Aware": false,
                  "Filter": "(color \u003d \u0027red\u0027::bpchar)",
                  "Alias": "b",
                  "Node Type": "Seq Scan",
                  "Plan Width": 4,
                  "Startup Cost": 0.0,
                  "Plan Rows": 1000
                }
              ],
              "Parallel Aware": false,
              "Node Type": "Hash",
              "Plan Width": 4,
              "Startup Cost": 62.5,
              "Plan Rows": 1000
            }
          ],
          "Parallel Aware": false,
          "Node Type": "Hash Join",
          "Join Type": "Inner",
          "Plan Width": 4,
          "Startup Cost": 75.0,
          "Hash Cond": "(r.bid \u003d b.bid)",
          "Plan Rows": 5000,
          "Inner Unique": true
        },
        {
          "Parent Relationship": "Inner",
          "Total Cost": 165.0,
          "Plans": [
            {
              "Parent Relationship": "Outer",
              "Total Cost": 165.0,
              "Relation Name": "sailors",
              "Parallel Aware": false,
              "Alias": "s",
              "Node Type": "Seq Scan",
              "Plan Width": 25,
              "Startup Cost": 0.0,
              "Plan Rows": 9000
            }
          ],
          "Parallel Aware": false,
          "Node Type": "Hash",
          "Plan Width": 25,
          "Startup Cost": 165.0,
          "Plan Rows": 9000
        }
      ],
      "Parallel Aware": false,
      "Node Type": "Hash Join",
      "Join Type": "Inner",
      "Plan Width": 29,
      "Startup Cost": 352.5,
      "Hash Cond": "(r.sid \u003d s.sid)",
      "Plan Rows": 5000,
      "Inner Unique": true
    },
    {
      "Parent Relationship": "Inner",
      "Total Cost": 637.05,
      "Plans": [
        {
          "Parent Relationship": "Outer",
          "Total Cost": 637.05,
          "Plans": [
            {
              "Parent Relationship": "Outer",
              "Total Cost": 346.42,
              "Plans": [
                {
                  "Parent Relationship": "Outer",
                  "Total Cost": 231.99,
                  "Relation Name": "reserves",
                  "Parallel Aware": false,
                  "Alias": "r2",
                  "Node Type": "Seq Scan",
                  "Plan Width": 8,
                  "Startup Cost": 0.0,
                  "Plan Rows": 14999
                },
                {
                  "Parent Relationship": "Inner",
                  "Total Cost": 62.5,
                  "Plans": [
                    {
                      "Parent Relationship": "Outer",
                      "Total Cost": 62.5,
                      "Relation Name": "boat",
                      "Parallel Aware": false,
                      "Filter": "(color \u003d \u0027green\u0027::bpchar)",
                      "Alias": "b2",
                      "Node Type": "Seq Scan",
                      "Plan Width": 4,
                      "Startup Cost": 0.0,
                      "Plan Rows": 1000
                    }
                  ],
                  "Parallel Aware": false,
                  "Node Type": "Hash",
                  "Plan Width": 4,
                  "Startup Cost": 62.5,
                  "Plan Rows": 1000
                }
              ],
              "Parallel Aware": false,
              "Node Type": "Hash Join",
              "Join Type": "Inner",
              "Plan Width": 4,
              "Startup Cost": 75.0,
              "Hash Cond": "(r2.bid \u003d b2.bid)",
              "Plan Rows": 5000,
              "Inner Unique": true
            },
            {
              "Parent Relationship": "Inner",
              "Total Cost": 165.0,
              "Plans": [
                {
                  "Parent Relationship": "Outer",
                  "Total Cost": 165.0,
                  "Relation Name": "sailors",
                  "Parallel Aware": false,
                  "Alias": "s2",
                  "Node Type": "Seq Scan",
                  "Plan Width": 4,
                  "Startup Cost": 0.0,
                  "Plan Rows": 9000
                }
              ],
              "Parallel Aware": false,
              "Node Type": "Hash",
              "Plan Width": 4,
              "Startup Cost": 165.0,
              "Plan Rows": 9000
            }
          ],
          "Parallel Aware": false,
          "Node Type": "Hash Join",
          "Join Type": "Inner",
          "Plan Width": 8,
          "Startup Cost": 352.5,
          "Hash Cond": "(r2.sid \u003d s2.sid)",
          "Plan Rows": 5000,
          "Inner Unique": true
        }
      ],
      "Parallel Aware": false,
      "Node Type": "Hash",
      "Plan Width": 8,
      "Startup Cost": 637.05,
      "Plan Rows": 5000
    }
  ],
  "Parallel Aware": false,
  "Node Type": "Hash Join",
  "Join Type": "Semi",
  "Plan Width": 21,
  "Startup Cost": 1052.05,
  "Hash Cond": "(s.sid \u003d s2.sid)",
  "Plan Rows": 2778,
  "Inner Unique": false
}

------------------------------

Indicies Configuration #127:
Index btree on column sid in table sailors
Index btree on column bid in table reserves
Index hash on column color in table boat

------------------------------

1. The Total Cost of the Plan = 1380.64
2. The Estimated Size of the Result Set = 2778
3. The Plan of the Query:
{
  "Total Cost": 1380.64,
  "Plans": [
    {
      "Parent Relationship": "Outer",
      "Total Cost": 637.05,
      "Plans": [
        {
          "Parent Relationship": "Outer",
          "Total Cost": 346.42,
          "Plans": [
            {
              "Parent Relationship": "Outer",
              "Total Cost": 231.99,
              "Relation Name": "reserves",
              "Parallel Aware": false,
              "Alias": "r",
              "Node Type": "Seq Scan",
              "Plan Width": 8,
              "Startup Cost": 0.0,
              "Plan Rows": 14999
            },
            {
              "Parent Relationship": "Inner",
              "Total Cost": 62.5,
              "Plans": [
                {
                  "Parent Relationship": "Outer",
                  "Total Cost": 62.5,
                  "Relation Name": "boat",
                  "Parallel Aware": false,
                  "Filter": "(color \u003d \u0027red\u0027::bpchar)",
                  "Alias": "b",
                  "Node Type": "Seq Scan",
                  "Plan Width": 4,
                  "Startup Cost": 0.0,
                  "Plan Rows": 1000
                }
              ],
              "Parallel Aware": false,
              "Node Type": "Hash",
              "Plan Width": 4,
              "Startup Cost": 62.5,
              "Plan Rows": 1000
            }
          ],
          "Parallel Aware": false,
          "Node Type": "Hash Join",
          "Join Type": "Inner",
          "Plan Width": 4,
          "Startup Cost": 75.0,
          "Hash Cond": "(r.bid \u003d b.bid)",
          "Plan Rows": 5000,
          "Inner Unique": true
        },
        {
          "Parent Relationship": "Inner",
          "Total Cost": 165.0,
          "Plans": [
            {
              "Parent Relationship": "Outer",
              "Total Cost": 165.0,
              "Relation Name": "sailors",
              "Parallel Aware": false,
              "Alias": "s",
              "Node Type": "Seq Scan",
              "Plan Width": 25,
              "Startup Cost": 0.0,
              "Plan Rows": 9000
            }
          ],
          "Parallel Aware": false,
          "Node Type": "Hash",
          "Plan Width": 25,
          "Startup Cost": 165.0,
          "Plan Rows": 9000
        }
      ],
      "Parallel Aware": false,
      "Node Type": "Hash Join",
      "Join Type": "Inner",
      "Plan Width": 29,
      "Startup Cost": 352.5,
      "Hash Cond": "(r.sid \u003d s.sid)",
      "Plan Rows": 5000,
      "Inner Unique": true
    },
    {
      "Parent Relationship": "Inner",
      "Total Cost": 637.05,
      "Plans": [
        {
          "Parent Relationship": "Outer",
          "Total Cost": 637.05,
          "Plans": [
            {
              "Parent Relationship": "Outer",
              "Total Cost": 346.42,
              "Plans": [
                {
                  "Parent Relationship": "Outer",
                  "Total Cost": 231.99,
                  "Relation Name": "reserves",
                  "Parallel Aware": false,
                  "Alias": "r2",
                  "Node Type": "Seq Scan",
                  "Plan Width": 8,
                  "Startup Cost": 0.0,
                  "Plan Rows": 14999
                },
                {
                  "Parent Relationship": "Inner",
                  "Total Cost": 62.5,
                  "Plans": [
                    {
                      "Parent Relationship": "Outer",
                      "Total Cost": 62.5,
                      "Relation Name": "boat",
                      "Parallel Aware": false,
                      "Filter": "(color \u003d \u0027green\u0027::bpchar)",
                      "Alias": "b2",
                      "Node Type": "Seq Scan",
                      "Plan Width": 4,
                      "Startup Cost": 0.0,
                      "Plan Rows": 1000
                    }
                  ],
                  "Parallel Aware": false,
                  "Node Type": "Hash",
                  "Plan Width": 4,
                  "Startup Cost": 62.5,
                  "Plan Rows": 1000
                }
              ],
              "Parallel Aware": false,
              "Node Type": "Hash Join",
              "Join Type": "Inner",
              "Plan Width": 4,
              "Startup Cost": 75.0,
              "Hash Cond": "(r2.bid \u003d b2.bid)",
              "Plan Rows": 5000,
              "Inner Unique": true
            },
            {
              "Parent Relationship": "Inner",
              "Total Cost": 165.0,
              "Plans": [
                {
                  "Parent Relationship": "Outer",
                  "Total Cost": 165.0,
                  "Relation Name": "sailors",
                  "Parallel Aware": false,
                  "Alias": "s2",
                  "Node Type": "Seq Scan",
                  "Plan Width": 4,
                  "Startup Cost": 0.0,
                  "Plan Rows": 9000
                }
              ],
              "Parallel Aware": false,
              "Node Type": "Hash",
              "Plan Width": 4,
              "Startup Cost": 165.0,
              "Plan Rows": 9000
            }
          ],
          "Parallel Aware": false,
          "Node Type": "Hash Join",
          "Join Type": "Inner",
          "Plan Width": 8,
          "Startup Cost": 352.5,
          "Hash Cond": "(r2.sid \u003d s2.sid)",
          "Plan Rows": 5000,
          "Inner Unique": true
        }
      ],
      "Parallel Aware": false,
      "Node Type": "Hash",
      "Plan Width": 8,
      "Startup Cost": 637.05,
      "Plan Rows": 5000
    }
  ],
  "Parallel Aware": false,
  "Node Type": "Hash Join",
  "Join Type": "Semi",
  "Plan Width": 21,
  "Startup Cost": 1052.05,
  "Hash Cond": "(s.sid \u003d s2.sid)",
  "Plan Rows": 2778,
  "Inner Unique": false
}

------------------------------

Indicies Configuration #128:
Index btree on column sid in table sailors
Index btree on column bid in table reserves
Index hash on column color in table boat
Index btree on column bid in table boat

------------------------------

1. The Total Cost of the Plan = 1380.64
2. The Estimated Size of the Result Set = 2778
3. The Plan of the Query:
{
  "Total Cost": 1380.64,
  "Plans": [
    {
      "Parent Relationship": "Outer",
      "Total Cost": 637.05,
      "Plans": [
        {
          "Parent Relationship": "Outer",
          "Total Cost": 346.42,
          "Plans": [
            {
              "Parent Relationship": "Outer",
              "Total Cost": 231.99,
              "Relation Name": "reserves",
              "Parallel Aware": false,
              "Alias": "r",
              "Node Type": "Seq Scan",
              "Plan Width": 8,
              "Startup Cost": 0.0,
              "Plan Rows": 14999
            },
            {
              "Parent Relationship": "Inner",
              "Total Cost": 62.5,
              "Plans": [
                {
                  "Parent Relationship": "Outer",
                  "Total Cost": 62.5,
                  "Relation Name": "boat",
                  "Parallel Aware": false,
                  "Filter": "(color \u003d \u0027red\u0027::bpchar)",
                  "Alias": "b",
                  "Node Type": "Seq Scan",
                  "Plan Width": 4,
                  "Startup Cost": 0.0,
                  "Plan Rows": 1000
                }
              ],
              "Parallel Aware": false,
              "Node Type": "Hash",
              "Plan Width": 4,
              "Startup Cost": 62.5,
              "Plan Rows": 1000
            }
          ],
          "Parallel Aware": false,
          "Node Type": "Hash Join",
          "Join Type": "Inner",
          "Plan Width": 4,
          "Startup Cost": 75.0,
          "Hash Cond": "(r.bid \u003d b.bid)",
          "Plan Rows": 5000,
          "Inner Unique": true
        },
        {
          "Parent Relationship": "Inner",
          "Total Cost": 165.0,
          "Plans": [
            {
              "Parent Relationship": "Outer",
              "Total Cost": 165.0,
              "Relation Name": "sailors",
              "Parallel Aware": false,
              "Alias": "s",
              "Node Type": "Seq Scan",
              "Plan Width": 25,
              "Startup Cost": 0.0,
              "Plan Rows": 9000
            }
          ],
          "Parallel Aware": false,
          "Node Type": "Hash",
          "Plan Width": 25,
          "Startup Cost": 165.0,
          "Plan Rows": 9000
        }
      ],
      "Parallel Aware": false,
      "Node Type": "Hash Join",
      "Join Type": "Inner",
      "Plan Width": 29,
      "Startup Cost": 352.5,
      "Hash Cond": "(r.sid \u003d s.sid)",
      "Plan Rows": 5000,
      "Inner Unique": true
    },
    {
      "Parent Relationship": "Inner",
      "Total Cost": 637.05,
      "Plans": [
        {
          "Parent Relationship": "Outer",
          "Total Cost": 637.05,
          "Plans": [
            {
              "Parent Relationship": "Outer",
              "Total Cost": 346.42,
              "Plans": [
                {
                  "Parent Relationship": "Outer",
                  "Total Cost": 231.99,
                  "Relation Name": "reserves",
                  "Parallel Aware": false,
                  "Alias": "r2",
                  "Node Type": "Seq Scan",
                  "Plan Width": 8,
                  "Startup Cost": 0.0,
                  "Plan Rows": 14999
                },
                {
                  "Parent Relationship": "Inner",
                  "Total Cost": 62.5,
                  "Plans": [
                    {
                      "Parent Relationship": "Outer",
                      "Total Cost": 62.5,
                      "Relation Name": "boat",
                      "Parallel Aware": false,
                      "Filter": "(color \u003d \u0027green\u0027::bpchar)",
                      "Alias": "b2",
                      "Node Type": "Seq Scan",
                      "Plan Width": 4,
                      "Startup Cost": 0.0,
                      "Plan Rows": 1000
                    }
                  ],
                  "Parallel Aware": false,
                  "Node Type": "Hash",
                  "Plan Width": 4,
                  "Startup Cost": 62.5,
                  "Plan Rows": 1000
                }
              ],
              "Parallel Aware": false,
              "Node Type": "Hash Join",
              "Join Type": "Inner",
              "Plan Width": 4,
              "Startup Cost": 75.0,
              "Hash Cond": "(r2.bid \u003d b2.bid)",
              "Plan Rows": 5000,
              "Inner Unique": true
            },
            {
              "Parent Relationship": "Inner",
              "Total Cost": 165.0,
              "Plans": [
                {
                  "Parent Relationship": "Outer",
                  "Total Cost": 165.0,
                  "Relation Name": "sailors",
                  "Parallel Aware": false,
                  "Alias": "s2",
                  "Node Type": "Seq Scan",
                  "Plan Width": 4,
                  "Startup Cost": 0.0,
                  "Plan Rows": 9000
                }
              ],
              "Parallel Aware": false,
              "Node Type": "Hash",
              "Plan Width": 4,
              "Startup Cost": 165.0,
              "Plan Rows": 9000
            }
          ],
          "Parallel Aware": false,
          "Node Type": "Hash Join",
          "Join Type": "Inner",
          "Plan Width": 8,
          "Startup Cost": 352.5,
          "Hash Cond": "(r2.sid \u003d s2.sid)",
          "Plan Rows": 5000,
          "Inner Unique": true
        }
      ],
      "Parallel Aware": false,
      "Node Type": "Hash",
      "Plan Width": 8,
      "Startup Cost": 637.05,
      "Plan Rows": 5000
    }
  ],
  "Parallel Aware": false,
  "Node Type": "Hash Join",
  "Join Type": "Semi",
  "Plan Width": 21,
  "Startup Cost": 1052.05,
  "Hash Cond": "(s.sid \u003d s2.sid)",
  "Plan Rows": 2778,
  "Inner Unique": false
}

------------------------------

Indicies Configuration #129:
Index btree on column sid in table sailors
Index btree on column bid in table reserves
Index hash on column color in table boat
Index hash on column bid in table boat

------------------------------

1. The Total Cost of the Plan = 1380.64
2. The Estimated Size of the Result Set = 2778
3. The Plan of the Query:
{
  "Total Cost": 1380.64,
  "Plans": [
    {
      "Parent Relationship": "Outer",
      "Total Cost": 637.05,
      "Plans": [
        {
          "Parent Relationship": "Outer",
          "Total Cost": 346.42,
          "Plans": [
            {
              "Parent Relationship": "Outer",
              "Total Cost": 231.99,
              "Relation Name": "reserves",
              "Parallel Aware": false,
              "Alias": "r",
              "Node Type": "Seq Scan",
              "Plan Width": 8,
              "Startup Cost": 0.0,
              "Plan Rows": 14999
            },
            {
              "Parent Relationship": "Inner",
              "Total Cost": 62.5,
              "Plans": [
                {
                  "Parent Relationship": "Outer",
                  "Total Cost": 62.5,
                  "Relation Name": "boat",
                  "Parallel Aware": false,
                  "Filter": "(color \u003d \u0027red\u0027::bpchar)",
                  "Alias": "b",
                  "Node Type": "Seq Scan",
                  "Plan Width": 4,
                  "Startup Cost": 0.0,
                  "Plan Rows": 1000
                }
              ],
              "Parallel Aware": false,
              "Node Type": "Hash",
              "Plan Width": 4,
              "Startup Cost": 62.5,
              "Plan Rows": 1000
            }
          ],
          "Parallel Aware": false,
          "Node Type": "Hash Join",
          "Join Type": "Inner",
          "Plan Width": 4,
          "Startup Cost": 75.0,
          "Hash Cond": "(r.bid \u003d b.bid)",
          "Plan Rows": 5000,
          "Inner Unique": true
        },
        {
          "Parent Relationship": "Inner",
          "Total Cost": 165.0,
          "Plans": [
            {
              "Parent Relationship": "Outer",
              "Total Cost": 165.0,
              "Relation Name": "sailors",
              "Parallel Aware": false,
              "Alias": "s",
              "Node Type": "Seq Scan",
              "Plan Width": 25,
              "Startup Cost": 0.0,
              "Plan Rows": 9000
            }
          ],
          "Parallel Aware": false,
          "Node Type": "Hash",
          "Plan Width": 25,
          "Startup Cost": 165.0,
          "Plan Rows": 9000
        }
      ],
      "Parallel Aware": false,
      "Node Type": "Hash Join",
      "Join Type": "Inner",
      "Plan Width": 29,
      "Startup Cost": 352.5,
      "Hash Cond": "(r.sid \u003d s.sid)",
      "Plan Rows": 5000,
      "Inner Unique": true
    },
    {
      "Parent Relationship": "Inner",
      "Total Cost": 637.05,
      "Plans": [
        {
          "Parent Relationship": "Outer",
          "Total Cost": 637.05,
          "Plans": [
            {
              "Parent Relationship": "Outer",
              "Total Cost": 346.42,
              "Plans": [
                {
                  "Parent Relationship": "Outer",
                  "Total Cost": 231.99,
                  "Relation Name": "reserves",
                  "Parallel Aware": false,
                  "Alias": "r2",
                  "Node Type": "Seq Scan",
                  "Plan Width": 8,
                  "Startup Cost": 0.0,
                  "Plan Rows": 14999
                },
                {
                  "Parent Relationship": "Inner",
                  "Total Cost": 62.5,
                  "Plans": [
                    {
                      "Parent Relationship": "Outer",
                      "Total Cost": 62.5,
                      "Relation Name": "boat",
                      "Parallel Aware": false,
                      "Filter": "(color \u003d \u0027green\u0027::bpchar)",
                      "Alias": "b2",
                      "Node Type": "Seq Scan",
                      "Plan Width": 4,
                      "Startup Cost": 0.0,
                      "Plan Rows": 1000
                    }
                  ],
                  "Parallel Aware": false,
                  "Node Type": "Hash",
                  "Plan Width": 4,
                  "Startup Cost": 62.5,
                  "Plan Rows": 1000
                }
              ],
              "Parallel Aware": false,
              "Node Type": "Hash Join",
              "Join Type": "Inner",
              "Plan Width": 4,
              "Startup Cost": 75.0,
              "Hash Cond": "(r2.bid \u003d b2.bid)",
              "Plan Rows": 5000,
              "Inner Unique": true
            },
            {
              "Parent Relationship": "Inner",
              "Total Cost": 165.0,
              "Plans": [
                {
                  "Parent Relationship": "Outer",
                  "Total Cost": 165.0,
                  "Relation Name": "sailors",
                  "Parallel Aware": false,
                  "Alias": "s2",
                  "Node Type": "Seq Scan",
                  "Plan Width": 4,
                  "Startup Cost": 0.0,
                  "Plan Rows": 9000
                }
              ],
              "Parallel Aware": false,
              "Node Type": "Hash",
              "Plan Width": 4,
              "Startup Cost": 165.0,
              "Plan Rows": 9000
            }
          ],
          "Parallel Aware": false,
          "Node Type": "Hash Join",
          "Join Type": "Inner",
          "Plan Width": 8,
          "Startup Cost": 352.5,
          "Hash Cond": "(r2.sid \u003d s2.sid)",
          "Plan Rows": 5000,
          "Inner Unique": true
        }
      ],
      "Parallel Aware": false,
      "Node Type": "Hash",
      "Plan Width": 8,
      "Startup Cost": 637.05,
      "Plan Rows": 5000
    }
  ],
  "Parallel Aware": false,
  "Node Type": "Hash Join",
  "Join Type": "Semi",
  "Plan Width": 21,
  "Startup Cost": 1052.05,
  "Hash Cond": "(s.sid \u003d s2.sid)",
  "Plan Rows": 2778,
  "Inner Unique": false
}

------------------------------

Indicies Configuration #130:
Index btree on column sid in table sailors
Index btree on column bid in table reserves
Index hash on column color in table boat
Index btree on column sid in table reserves

------------------------------

1. The Total Cost of the Plan = 1380.64
2. The Estimated Size of the Result Set = 2778
3. The Plan of the Query:
{
  "Total Cost": 1380.64,
  "Plans": [
    {
      "Parent Relationship": "Outer",
      "Total Cost": 637.05,
      "Plans": [
        {
          "Parent Relationship": "Outer",
          "Total Cost": 346.42,
          "Plans": [
            {
              "Parent Relationship": "Outer",
              "Total Cost": 231.99,
              "Relation Name": "reserves",
              "Parallel Aware": false,
              "Alias": "r",
              "Node Type": "Seq Scan",
              "Plan Width": 8,
              "Startup Cost": 0.0,
              "Plan Rows": 14999
            },
            {
              "Parent Relationship": "Inner",
              "Total Cost": 62.5,
              "Plans": [
                {
                  "Parent Relationship": "Outer",
                  "Total Cost": 62.5,
                  "Relation Name": "boat",
                  "Parallel Aware": false,
                  "Filter": "(color \u003d \u0027red\u0027::bpchar)",
                  "Alias": "b",
                  "Node Type": "Seq Scan",
                  "Plan Width": 4,
                  "Startup Cost": 0.0,
                  "Plan Rows": 1000
                }
              ],
              "Parallel Aware": false,
              "Node Type": "Hash",
              "Plan Width": 4,
              "Startup Cost": 62.5,
              "Plan Rows": 1000
            }
          ],
          "Parallel Aware": false,
          "Node Type": "Hash Join",
          "Join Type": "Inner",
          "Plan Width": 4,
          "Startup Cost": 75.0,
          "Hash Cond": "(r.bid \u003d b.bid)",
          "Plan Rows": 5000,
          "Inner Unique": true
        },
        {
          "Parent Relationship": "Inner",
          "Total Cost": 165.0,
          "Plans": [
            {
              "Parent Relationship": "Outer",
              "Total Cost": 165.0,
              "Relation Name": "sailors",
              "Parallel Aware": false,
              "Alias": "s",
              "Node Type": "Seq Scan",
              "Plan Width": 25,
              "Startup Cost": 0.0,
              "Plan Rows": 9000
            }
          ],
          "Parallel Aware": false,
          "Node Type": "Hash",
          "Plan Width": 25,
          "Startup Cost": 165.0,
          "Plan Rows": 9000
        }
      ],
      "Parallel Aware": false,
      "Node Type": "Hash Join",
      "Join Type": "Inner",
      "Plan Width": 29,
      "Startup Cost": 352.5,
      "Hash Cond": "(r.sid \u003d s.sid)",
      "Plan Rows": 5000,
      "Inner Unique": true
    },
    {
      "Parent Relationship": "Inner",
      "Total Cost": 637.05,
      "Plans": [
        {
          "Parent Relationship": "Outer",
          "Total Cost": 637.05,
          "Plans": [
            {
              "Parent Relationship": "Outer",
              "Total Cost": 346.42,
              "Plans": [
                {
                  "Parent Relationship": "Outer",
                  "Total Cost": 231.99,
                  "Relation Name": "reserves",
                  "Parallel Aware": false,
                  "Alias": "r2",
                  "Node Type": "Seq Scan",
                  "Plan Width": 8,
                  "Startup Cost": 0.0,
                  "Plan Rows": 14999
                },
                {
                  "Parent Relationship": "Inner",
                  "Total Cost": 62.5,
                  "Plans": [
                    {
                      "Parent Relationship": "Outer",
                      "Total Cost": 62.5,
                      "Relation Name": "boat",
                      "Parallel Aware": false,
                      "Filter": "(color \u003d \u0027green\u0027::bpchar)",
                      "Alias": "b2",
                      "Node Type": "Seq Scan",
                      "Plan Width": 4,
                      "Startup Cost": 0.0,
                      "Plan Rows": 1000
                    }
                  ],
                  "Parallel Aware": false,
                  "Node Type": "Hash",
                  "Plan Width": 4,
                  "Startup Cost": 62.5,
                  "Plan Rows": 1000
                }
              ],
              "Parallel Aware": false,
              "Node Type": "Hash Join",
              "Join Type": "Inner",
              "Plan Width": 4,
              "Startup Cost": 75.0,
              "Hash Cond": "(r2.bid \u003d b2.bid)",
              "Plan Rows": 5000,
              "Inner Unique": true
            },
            {
              "Parent Relationship": "Inner",
              "Total Cost": 165.0,
              "Plans": [
                {
                  "Parent Relationship": "Outer",
                  "Total Cost": 165.0,
                  "Relation Name": "sailors",
                  "Parallel Aware": false,
                  "Alias": "s2",
                  "Node Type": "Seq Scan",
                  "Plan Width": 4,
                  "Startup Cost": 0.0,
                  "Plan Rows": 9000
                }
              ],
              "Parallel Aware": false,
              "Node Type": "Hash",
              "Plan Width": 4,
              "Startup Cost": 165.0,
              "Plan Rows": 9000
            }
          ],
          "Parallel Aware": false,
          "Node Type": "Hash Join",
          "Join Type": "Inner",
          "Plan Width": 8,
          "Startup Cost": 352.5,
          "Hash Cond": "(r2.sid \u003d s2.sid)",
          "Plan Rows": 5000,
          "Inner Unique": true
        }
      ],
      "Parallel Aware": false,
      "Node Type": "Hash",
      "Plan Width": 8,
      "Startup Cost": 637.05,
      "Plan Rows": 5000
    }
  ],
  "Parallel Aware": false,
  "Node Type": "Hash Join",
  "Join Type": "Semi",
  "Plan Width": 21,
  "Startup Cost": 1052.05,
  "Hash Cond": "(s.sid \u003d s2.sid)",
  "Plan Rows": 2778,
  "Inner Unique": false
}

------------------------------

Indicies Configuration #131:
Index btree on column sid in table sailors
Index btree on column bid in table reserves
Index hash on column color in table boat
Index btree on column sid in table reserves
Index btree on column bid in table boat

------------------------------

1. The Total Cost of the Plan = 1380.64
2. The Estimated Size of the Result Set = 2778
3. The Plan of the Query:
{
  "Total Cost": 1380.64,
  "Plans": [
    {
      "Parent Relationship": "Outer",
      "Total Cost": 637.05,
      "Plans": [
        {
          "Parent Relationship": "Outer",
          "Total Cost": 346.42,
          "Plans": [
            {
              "Parent Relationship": "Outer",
              "Total Cost": 231.99,
              "Relation Name": "reserves",
              "Parallel Aware": false,
              "Alias": "r",
              "Node Type": "Seq Scan",
              "Plan Width": 8,
              "Startup Cost": 0.0,
              "Plan Rows": 14999
            },
            {
              "Parent Relationship": "Inner",
              "Total Cost": 62.5,
              "Plans": [
                {
                  "Parent Relationship": "Outer",
                  "Total Cost": 62.5,
                  "Relation Name": "boat",
                  "Parallel Aware": false,
                  "Filter": "(color \u003d \u0027red\u0027::bpchar)",
                  "Alias": "b",
                  "Node Type": "Seq Scan",
                  "Plan Width": 4,
                  "Startup Cost": 0.0,
                  "Plan Rows": 1000
                }
              ],
              "Parallel Aware": false,
              "Node Type": "Hash",
              "Plan Width": 4,
              "Startup Cost": 62.5,
              "Plan Rows": 1000
            }
          ],
          "Parallel Aware": false,
          "Node Type": "Hash Join",
          "Join Type": "Inner",
          "Plan Width": 4,
          "Startup Cost": 75.0,
          "Hash Cond": "(r.bid \u003d b.bid)",
          "Plan Rows": 5000,
          "Inner Unique": true
        },
        {
          "Parent Relationship": "Inner",
          "Total Cost": 165.0,
          "Plans": [
            {
              "Parent Relationship": "Outer",
              "Total Cost": 165.0,
              "Relation Name": "sailors",
              "Parallel Aware": false,
              "Alias": "s",
              "Node Type": "Seq Scan",
              "Plan Width": 25,
              "Startup Cost": 0.0,
              "Plan Rows": 9000
            }
          ],
          "Parallel Aware": false,
          "Node Type": "Hash",
          "Plan Width": 25,
          "Startup Cost": 165.0,
          "Plan Rows": 9000
        }
      ],
      "Parallel Aware": false,
      "Node Type": "Hash Join",
      "Join Type": "Inner",
      "Plan Width": 29,
      "Startup Cost": 352.5,
      "Hash Cond": "(r.sid \u003d s.sid)",
      "Plan Rows": 5000,
      "Inner Unique": true
    },
    {
      "Parent Relationship": "Inner",
      "Total Cost": 637.05,
      "Plans": [
        {
          "Parent Relationship": "Outer",
          "Total Cost": 637.05,
          "Plans": [
            {
              "Parent Relationship": "Outer",
              "Total Cost": 346.42,
              "Plans": [
                {
                  "Parent Relationship": "Outer",
                  "Total Cost": 231.99,
                  "Relation Name": "reserves",
                  "Parallel Aware": false,
                  "Alias": "r2",
                  "Node Type": "Seq Scan",
                  "Plan Width": 8,
                  "Startup Cost": 0.0,
                  "Plan Rows": 14999
                },
                {
                  "Parent Relationship": "Inner",
                  "Total Cost": 62.5,
                  "Plans": [
                    {
                      "Parent Relationship": "Outer",
                      "Total Cost": 62.5,
                      "Relation Name": "boat",
                      "Parallel Aware": false,
                      "Filter": "(color \u003d \u0027green\u0027::bpchar)",
                      "Alias": "b2",
                      "Node Type": "Seq Scan",
                      "Plan Width": 4,
                      "Startup Cost": 0.0,
                      "Plan Rows": 1000
                    }
                  ],
                  "Parallel Aware": false,
                  "Node Type": "Hash",
                  "Plan Width": 4,
                  "Startup Cost": 62.5,
                  "Plan Rows": 1000
                }
              ],
              "Parallel Aware": false,
              "Node Type": "Hash Join",
              "Join Type": "Inner",
              "Plan Width": 4,
              "Startup Cost": 75.0,
              "Hash Cond": "(r2.bid \u003d b2.bid)",
              "Plan Rows": 5000,
              "Inner Unique": true
            },
            {
              "Parent Relationship": "Inner",
              "Total Cost": 165.0,
              "Plans": [
                {
                  "Parent Relationship": "Outer",
                  "Total Cost": 165.0,
                  "Relation Name": "sailors",
                  "Parallel Aware": false,
                  "Alias": "s2",
                  "Node Type": "Seq Scan",
                  "Plan Width": 4,
                  "Startup Cost": 0.0,
                  "Plan Rows": 9000
                }
              ],
              "Parallel Aware": false,
              "Node Type": "Hash",
              "Plan Width": 4,
              "Startup Cost": 165.0,
              "Plan Rows": 9000
            }
          ],
          "Parallel Aware": false,
          "Node Type": "Hash Join",
          "Join Type": "Inner",
          "Plan Width": 8,
          "Startup Cost": 352.5,
          "Hash Cond": "(r2.sid \u003d s2.sid)",
          "Plan Rows": 5000,
          "Inner Unique": true
        }
      ],
      "Parallel Aware": false,
      "Node Type": "Hash",
      "Plan Width": 8,
      "Startup Cost": 637.05,
      "Plan Rows": 5000
    }
  ],
  "Parallel Aware": false,
  "Node Type": "Hash Join",
  "Join Type": "Semi",
  "Plan Width": 21,
  "Startup Cost": 1052.05,
  "Hash Cond": "(s.sid \u003d s2.sid)",
  "Plan Rows": 2778,
  "Inner Unique": false
}

------------------------------

Indicies Configuration #132:
Index btree on column sid in table sailors
Index btree on column bid in table reserves
Index hash on column color in table boat
Index btree on column sid in table reserves
Index hash on column bid in table boat

------------------------------

1. The Total Cost of the Plan = 1380.64
2. The Estimated Size of the Result Set = 2778
3. The Plan of the Query:
{
  "Total Cost": 1380.64,
  "Plans": [
    {
      "Parent Relationship": "Outer",
      "Total Cost": 637.05,
      "Plans": [
        {
          "Parent Relationship": "Outer",
          "Total Cost": 346.42,
          "Plans": [
            {
              "Parent Relationship": "Outer",
              "Total Cost": 231.99,
              "Relation Name": "reserves",
              "Parallel Aware": false,
              "Alias": "r",
              "Node Type": "Seq Scan",
              "Plan Width": 8,
              "Startup Cost": 0.0,
              "Plan Rows": 14999
            },
            {
              "Parent Relationship": "Inner",
              "Total Cost": 62.5,
              "Plans": [
                {
                  "Parent Relationship": "Outer",
                  "Total Cost": 62.5,
                  "Relation Name": "boat",
                  "Parallel Aware": false,
                  "Filter": "(color \u003d \u0027red\u0027::bpchar)",
                  "Alias": "b",
                  "Node Type": "Seq Scan",
                  "Plan Width": 4,
                  "Startup Cost": 0.0,
                  "Plan Rows": 1000
                }
              ],
              "Parallel Aware": false,
              "Node Type": "Hash",
              "Plan Width": 4,
              "Startup Cost": 62.5,
              "Plan Rows": 1000
            }
          ],
          "Parallel Aware": false,
          "Node Type": "Hash Join",
          "Join Type": "Inner",
          "Plan Width": 4,
          "Startup Cost": 75.0,
          "Hash Cond": "(r.bid \u003d b.bid)",
          "Plan Rows": 5000,
          "Inner Unique": true
        },
        {
          "Parent Relationship": "Inner",
          "Total Cost": 165.0,
          "Plans": [
            {
              "Parent Relationship": "Outer",
              "Total Cost": 165.0,
              "Relation Name": "sailors",
              "Parallel Aware": false,
              "Alias": "s",
              "Node Type": "Seq Scan",
              "Plan Width": 25,
              "Startup Cost": 0.0,
              "Plan Rows": 9000
            }
          ],
          "Parallel Aware": false,
          "Node Type": "Hash",
          "Plan Width": 25,
          "Startup Cost": 165.0,
          "Plan Rows": 9000
        }
      ],
      "Parallel Aware": false,
      "Node Type": "Hash Join",
      "Join Type": "Inner",
      "Plan Width": 29,
      "Startup Cost": 352.5,
      "Hash Cond": "(r.sid \u003d s.sid)",
      "Plan Rows": 5000,
      "Inner Unique": true
    },
    {
      "Parent Relationship": "Inner",
      "Total Cost": 637.05,
      "Plans": [
        {
          "Parent Relationship": "Outer",
          "Total Cost": 637.05,
          "Plans": [
            {
              "Parent Relationship": "Outer",
              "Total Cost": 346.42,
              "Plans": [
                {
                  "Parent Relationship": "Outer",
                  "Total Cost": 231.99,
                  "Relation Name": "reserves",
                  "Parallel Aware": false,
                  "Alias": "r2",
                  "Node Type": "Seq Scan",
                  "Plan Width": 8,
                  "Startup Cost": 0.0,
                  "Plan Rows": 14999
                },
                {
                  "Parent Relationship": "Inner",
                  "Total Cost": 62.5,
                  "Plans": [
                    {
                      "Parent Relationship": "Outer",
                      "Total Cost": 62.5,
                      "Relation Name": "boat",
                      "Parallel Aware": false,
                      "Filter": "(color \u003d \u0027green\u0027::bpchar)",
                      "Alias": "b2",
                      "Node Type": "Seq Scan",
                      "Plan Width": 4,
                      "Startup Cost": 0.0,
                      "Plan Rows": 1000
                    }
                  ],
                  "Parallel Aware": false,
                  "Node Type": "Hash",
                  "Plan Width": 4,
                  "Startup Cost": 62.5,
                  "Plan Rows": 1000
                }
              ],
              "Parallel Aware": false,
              "Node Type": "Hash Join",
              "Join Type": "Inner",
              "Plan Width": 4,
              "Startup Cost": 75.0,
              "Hash Cond": "(r2.bid \u003d b2.bid)",
              "Plan Rows": 5000,
              "Inner Unique": true
            },
            {
              "Parent Relationship": "Inner",
              "Total Cost": 165.0,
              "Plans": [
                {
                  "Parent Relationship": "Outer",
                  "Total Cost": 165.0,
                  "Relation Name": "sailors",
                  "Parallel Aware": false,
                  "Alias": "s2",
                  "Node Type": "Seq Scan",
                  "Plan Width": 4,
                  "Startup Cost": 0.0,
                  "Plan Rows": 9000
                }
              ],
              "Parallel Aware": false,
              "Node Type": "Hash",
              "Plan Width": 4,
              "Startup Cost": 165.0,
              "Plan Rows": 9000
            }
          ],
          "Parallel Aware": false,
          "Node Type": "Hash Join",
          "Join Type": "Inner",
          "Plan Width": 8,
          "Startup Cost": 352.5,
          "Hash Cond": "(r2.sid \u003d s2.sid)",
          "Plan Rows": 5000,
          "Inner Unique": true
        }
      ],
      "Parallel Aware": false,
      "Node Type": "Hash",
      "Plan Width": 8,
      "Startup Cost": 637.05,
      "Plan Rows": 5000
    }
  ],
  "Parallel Aware": false,
  "Node Type": "Hash Join",
  "Join Type": "Semi",
  "Plan Width": 21,
  "Startup Cost": 1052.05,
  "Hash Cond": "(s.sid \u003d s2.sid)",
  "Plan Rows": 2778,
  "Inner Unique": false
}

------------------------------

Indicies Configuration #133:
Index btree on column sid in table sailors
Index btree on column bid in table reserves
Index hash on column color in table boat
Index hash on column sid in table reserves

------------------------------

1. The Total Cost of the Plan = 1380.64
2. The Estimated Size of the Result Set = 2778
3. The Plan of the Query:
{
  "Total Cost": 1380.64,
  "Plans": [
    {
      "Parent Relationship": "Outer",
      "Total Cost": 637.05,
      "Plans": [
        {
          "Parent Relationship": "Outer",
          "Total Cost": 346.42,
          "Plans": [
            {
              "Parent Relationship": "Outer",
              "Total Cost": 231.99,
              "Relation Name": "reserves",
              "Parallel Aware": false,
              "Alias": "r",
              "Node Type": "Seq Scan",
              "Plan Width": 8,
              "Startup Cost": 0.0,
              "Plan Rows": 14999
            },
            {
              "Parent Relationship": "Inner",
              "Total Cost": 62.5,
              "Plans": [
                {
                  "Parent Relationship": "Outer",
                  "Total Cost": 62.5,
                  "Relation Name": "boat",
                  "Parallel Aware": false,
                  "Filter": "(color \u003d \u0027red\u0027::bpchar)",
                  "Alias": "b",
                  "Node Type": "Seq Scan",
                  "Plan Width": 4,
                  "Startup Cost": 0.0,
                  "Plan Rows": 1000
                }
              ],
              "Parallel Aware": false,
              "Node Type": "Hash",
              "Plan Width": 4,
              "Startup Cost": 62.5,
              "Plan Rows": 1000
            }
          ],
          "Parallel Aware": false,
          "Node Type": "Hash Join",
          "Join Type": "Inner",
          "Plan Width": 4,
          "Startup Cost": 75.0,
          "Hash Cond": "(r.bid \u003d b.bid)",
          "Plan Rows": 5000,
          "Inner Unique": true
        },
        {
          "Parent Relationship": "Inner",
          "Total Cost": 165.0,
          "Plans": [
            {
              "Parent Relationship": "Outer",
              "Total Cost": 165.0,
              "Relation Name": "sailors",
              "Parallel Aware": false,
              "Alias": "s",
              "Node Type": "Seq Scan",
              "Plan Width": 25,
              "Startup Cost": 0.0,
              "Plan Rows": 9000
            }
          ],
          "Parallel Aware": false,
          "Node Type": "Hash",
          "Plan Width": 25,
          "Startup Cost": 165.0,
          "Plan Rows": 9000
        }
      ],
      "Parallel Aware": false,
      "Node Type": "Hash Join",
      "Join Type": "Inner",
      "Plan Width": 29,
      "Startup Cost": 352.5,
      "Hash Cond": "(r.sid \u003d s.sid)",
      "Plan Rows": 5000,
      "Inner Unique": true
    },
    {
      "Parent Relationship": "Inner",
      "Total Cost": 637.05,
      "Plans": [
        {
          "Parent Relationship": "Outer",
          "Total Cost": 637.05,
          "Plans": [
            {
              "Parent Relationship": "Outer",
              "Total Cost": 346.42,
              "Plans": [
                {
                  "Parent Relationship": "Outer",
                  "Total Cost": 231.99,
                  "Relation Name": "reserves",
                  "Parallel Aware": false,
                  "Alias": "r2",
                  "Node Type": "Seq Scan",
                  "Plan Width": 8,
                  "Startup Cost": 0.0,
                  "Plan Rows": 14999
                },
                {
                  "Parent Relationship": "Inner",
                  "Total Cost": 62.5,
                  "Plans": [
                    {
                      "Parent Relationship": "Outer",
                      "Total Cost": 62.5,
                      "Relation Name": "boat",
                      "Parallel Aware": false,
                      "Filter": "(color \u003d \u0027green\u0027::bpchar)",
                      "Alias": "b2",
                      "Node Type": "Seq Scan",
                      "Plan Width": 4,
                      "Startup Cost": 0.0,
                      "Plan Rows": 1000
                    }
                  ],
                  "Parallel Aware": false,
                  "Node Type": "Hash",
                  "Plan Width": 4,
                  "Startup Cost": 62.5,
                  "Plan Rows": 1000
                }
              ],
              "Parallel Aware": false,
              "Node Type": "Hash Join",
              "Join Type": "Inner",
              "Plan Width": 4,
              "Startup Cost": 75.0,
              "Hash Cond": "(r2.bid \u003d b2.bid)",
              "Plan Rows": 5000,
              "Inner Unique": true
            },
            {
              "Parent Relationship": "Inner",
              "Total Cost": 165.0,
              "Plans": [
                {
                  "Parent Relationship": "Outer",
                  "Total Cost": 165.0,
                  "Relation Name": "sailors",
                  "Parallel Aware": false,
                  "Alias": "s2",
                  "Node Type": "Seq Scan",
                  "Plan Width": 4,
                  "Startup Cost": 0.0,
                  "Plan Rows": 9000
                }
              ],
              "Parallel Aware": false,
              "Node Type": "Hash",
              "Plan Width": 4,
              "Startup Cost": 165.0,
              "Plan Rows": 9000
            }
          ],
          "Parallel Aware": false,
          "Node Type": "Hash Join",
          "Join Type": "Inner",
          "Plan Width": 8,
          "Startup Cost": 352.5,
          "Hash Cond": "(r2.sid \u003d s2.sid)",
          "Plan Rows": 5000,
          "Inner Unique": true
        }
      ],
      "Parallel Aware": false,
      "Node Type": "Hash",
      "Plan Width": 8,
      "Startup Cost": 637.05,
      "Plan Rows": 5000
    }
  ],
  "Parallel Aware": false,
  "Node Type": "Hash Join",
  "Join Type": "Semi",
  "Plan Width": 21,
  "Startup Cost": 1052.05,
  "Hash Cond": "(s.sid \u003d s2.sid)",
  "Plan Rows": 2778,
  "Inner Unique": false
}

------------------------------

Indicies Configuration #134:
Index btree on column sid in table sailors
Index btree on column bid in table reserves
Index hash on column color in table boat
Index hash on column sid in table reserves
Index btree on column bid in table boat

------------------------------

1. The Total Cost of the Plan = 1380.64
2. The Estimated Size of the Result Set = 2778
3. The Plan of the Query:
{
  "Total Cost": 1380.64,
  "Plans": [
    {
      "Parent Relationship": "Outer",
      "Total Cost": 637.05,
      "Plans": [
        {
          "Parent Relationship": "Outer",
          "Total Cost": 346.42,
          "Plans": [
            {
              "Parent Relationship": "Outer",
              "Total Cost": 231.99,
              "Relation Name": "reserves",
              "Parallel Aware": false,
              "Alias": "r",
              "Node Type": "Seq Scan",
              "Plan Width": 8,
              "Startup Cost": 0.0,
              "Plan Rows": 14999
            },
            {
              "Parent Relationship": "Inner",
              "Total Cost": 62.5,
              "Plans": [
                {
                  "Parent Relationship": "Outer",
                  "Total Cost": 62.5,
                  "Relation Name": "boat",
                  "Parallel Aware": false,
                  "Filter": "(color \u003d \u0027red\u0027::bpchar)",
                  "Alias": "b",
                  "Node Type": "Seq Scan",
                  "Plan Width": 4,
                  "Startup Cost": 0.0,
                  "Plan Rows": 1000
                }
              ],
              "Parallel Aware": false,
              "Node Type": "Hash",
              "Plan Width": 4,
              "Startup Cost": 62.5,
              "Plan Rows": 1000
            }
          ],
          "Parallel Aware": false,
          "Node Type": "Hash Join",
          "Join Type": "Inner",
          "Plan Width": 4,
          "Startup Cost": 75.0,
          "Hash Cond": "(r.bid \u003d b.bid)",
          "Plan Rows": 5000,
          "Inner Unique": true
        },
        {
          "Parent Relationship": "Inner",
          "Total Cost": 165.0,
          "Plans": [
            {
              "Parent Relationship": "Outer",
              "Total Cost": 165.0,
              "Relation Name": "sailors",
              "Parallel Aware": false,
              "Alias": "s",
              "Node Type": "Seq Scan",
              "Plan Width": 25,
              "Startup Cost": 0.0,
              "Plan Rows": 9000
            }
          ],
          "Parallel Aware": false,
          "Node Type": "Hash",
          "Plan Width": 25,
          "Startup Cost": 165.0,
          "Plan Rows": 9000
        }
      ],
      "Parallel Aware": false,
      "Node Type": "Hash Join",
      "Join Type": "Inner",
      "Plan Width": 29,
      "Startup Cost": 352.5,
      "Hash Cond": "(r.sid \u003d s.sid)",
      "Plan Rows": 5000,
      "Inner Unique": true
    },
    {
      "Parent Relationship": "Inner",
      "Total Cost": 637.05,
      "Plans": [
        {
          "Parent Relationship": "Outer",
          "Total Cost": 637.05,
          "Plans": [
            {
              "Parent Relationship": "Outer",
              "Total Cost": 346.42,
              "Plans": [
                {
                  "Parent Relationship": "Outer",
                  "Total Cost": 231.99,
                  "Relation Name": "reserves",
                  "Parallel Aware": false,
                  "Alias": "r2",
                  "Node Type": "Seq Scan",
                  "Plan Width": 8,
                  "Startup Cost": 0.0,
                  "Plan Rows": 14999
                },
                {
                  "Parent Relationship": "Inner",
                  "Total Cost": 62.5,
                  "Plans": [
                    {
                      "Parent Relationship": "Outer",
                      "Total Cost": 62.5,
                      "Relation Name": "boat",
                      "Parallel Aware": false,
                      "Filter": "(color \u003d \u0027green\u0027::bpchar)",
                      "Alias": "b2",
                      "Node Type": "Seq Scan",
                      "Plan Width": 4,
                      "Startup Cost": 0.0,
                      "Plan Rows": 1000
                    }
                  ],
                  "Parallel Aware": false,
                  "Node Type": "Hash",
                  "Plan Width": 4,
                  "Startup Cost": 62.5,
                  "Plan Rows": 1000
                }
              ],
              "Parallel Aware": false,
              "Node Type": "Hash Join",
              "Join Type": "Inner",
              "Plan Width": 4,
              "Startup Cost": 75.0,
              "Hash Cond": "(r2.bid \u003d b2.bid)",
              "Plan Rows": 5000,
              "Inner Unique": true
            },
            {
              "Parent Relationship": "Inner",
              "Total Cost": 165.0,
              "Plans": [
                {
                  "Parent Relationship": "Outer",
                  "Total Cost": 165.0,
                  "Relation Name": "sailors",
                  "Parallel Aware": false,
                  "Alias": "s2",
                  "Node Type": "Seq Scan",
                  "Plan Width": 4,
                  "Startup Cost": 0.0,
                  "Plan Rows": 9000
                }
              ],
              "Parallel Aware": false,
              "Node Type": "Hash",
              "Plan Width": 4,
              "Startup Cost": 165.0,
              "Plan Rows": 9000
            }
          ],
          "Parallel Aware": false,
          "Node Type": "Hash Join",
          "Join Type": "Inner",
          "Plan Width": 8,
          "Startup Cost": 352.5,
          "Hash Cond": "(r2.sid \u003d s2.sid)",
          "Plan Rows": 5000,
          "Inner Unique": true
        }
      ],
      "Parallel Aware": false,
      "Node Type": "Hash",
      "Plan Width": 8,
      "Startup Cost": 637.05,
      "Plan Rows": 5000
    }
  ],
  "Parallel Aware": false,
  "Node Type": "Hash Join",
  "Join Type": "Semi",
  "Plan Width": 21,
  "Startup Cost": 1052.05,
  "Hash Cond": "(s.sid \u003d s2.sid)",
  "Plan Rows": 2778,
  "Inner Unique": false
}

------------------------------

Indicies Configuration #135:
Index btree on column sid in table sailors
Index btree on column bid in table reserves
Index hash on column color in table boat
Index hash on column sid in table reserves
Index hash on column bid in table boat

------------------------------

1. The Total Cost of the Plan = 1380.64
2. The Estimated Size of the Result Set = 2778
3. The Plan of the Query:
{
  "Total Cost": 1380.64,
  "Plans": [
    {
      "Parent Relationship": "Outer",
      "Total Cost": 637.05,
      "Plans": [
        {
          "Parent Relationship": "Outer",
          "Total Cost": 346.42,
          "Plans": [
            {
              "Parent Relationship": "Outer",
              "Total Cost": 231.99,
              "Relation Name": "reserves",
              "Parallel Aware": false,
              "Alias": "r",
              "Node Type": "Seq Scan",
              "Plan Width": 8,
              "Startup Cost": 0.0,
              "Plan Rows": 14999
            },
            {
              "Parent Relationship": "Inner",
              "Total Cost": 62.5,
              "Plans": [
                {
                  "Parent Relationship": "Outer",
                  "Total Cost": 62.5,
                  "Relation Name": "boat",
                  "Parallel Aware": false,
                  "Filter": "(color \u003d \u0027red\u0027::bpchar)",
                  "Alias": "b",
                  "Node Type": "Seq Scan",
                  "Plan Width": 4,
                  "Startup Cost": 0.0,
                  "Plan Rows": 1000
                }
              ],
              "Parallel Aware": false,
              "Node Type": "Hash",
              "Plan Width": 4,
              "Startup Cost": 62.5,
              "Plan Rows": 1000
            }
          ],
          "Parallel Aware": false,
          "Node Type": "Hash Join",
          "Join Type": "Inner",
          "Plan Width": 4,
          "Startup Cost": 75.0,
          "Hash Cond": "(r.bid \u003d b.bid)",
          "Plan Rows": 5000,
          "Inner Unique": true
        },
        {
          "Parent Relationship": "Inner",
          "Total Cost": 165.0,
          "Plans": [
            {
              "Parent Relationship": "Outer",
              "Total Cost": 165.0,
              "Relation Name": "sailors",
              "Parallel Aware": false,
              "Alias": "s",
              "Node Type": "Seq Scan",
              "Plan Width": 25,
              "Startup Cost": 0.0,
              "Plan Rows": 9000
            }
          ],
          "Parallel Aware": false,
          "Node Type": "Hash",
          "Plan Width": 25,
          "Startup Cost": 165.0,
          "Plan Rows": 9000
        }
      ],
      "Parallel Aware": false,
      "Node Type": "Hash Join",
      "Join Type": "Inner",
      "Plan Width": 29,
      "Startup Cost": 352.5,
      "Hash Cond": "(r.sid \u003d s.sid)",
      "Plan Rows": 5000,
      "Inner Unique": true
    },
    {
      "Parent Relationship": "Inner",
      "Total Cost": 637.05,
      "Plans": [
        {
          "Parent Relationship": "Outer",
          "Total Cost": 637.05,
          "Plans": [
            {
              "Parent Relationship": "Outer",
              "Total Cost": 346.42,
              "Plans": [
                {
                  "Parent Relationship": "Outer",
                  "Total Cost": 231.99,
                  "Relation Name": "reserves",
                  "Parallel Aware": false,
                  "Alias": "r2",
                  "Node Type": "Seq Scan",
                  "Plan Width": 8,
                  "Startup Cost": 0.0,
                  "Plan Rows": 14999
                },
                {
                  "Parent Relationship": "Inner",
                  "Total Cost": 62.5,
                  "Plans": [
                    {
                      "Parent Relationship": "Outer",
                      "Total Cost": 62.5,
                      "Relation Name": "boat",
                      "Parallel Aware": false,
                      "Filter": "(color \u003d \u0027green\u0027::bpchar)",
                      "Alias": "b2",
                      "Node Type": "Seq Scan",
                      "Plan Width": 4,
                      "Startup Cost": 0.0,
                      "Plan Rows": 1000
                    }
                  ],
                  "Parallel Aware": false,
                  "Node Type": "Hash",
                  "Plan Width": 4,
                  "Startup Cost": 62.5,
                  "Plan Rows": 1000
                }
              ],
              "Parallel Aware": false,
              "Node Type": "Hash Join",
              "Join Type": "Inner",
              "Plan Width": 4,
              "Startup Cost": 75.0,
              "Hash Cond": "(r2.bid \u003d b2.bid)",
              "Plan Rows": 5000,
              "Inner Unique": true
            },
            {
              "Parent Relationship": "Inner",
              "Total Cost": 165.0,
              "Plans": [
                {
                  "Parent Relationship": "Outer",
                  "Total Cost": 165.0,
                  "Relation Name": "sailors",
                  "Parallel Aware": false,
                  "Alias": "s2",
                  "Node Type": "Seq Scan",
                  "Plan Width": 4,
                  "Startup Cost": 0.0,
                  "Plan Rows": 9000
                }
              ],
              "Parallel Aware": false,
              "Node Type": "Hash",
              "Plan Width": 4,
              "Startup Cost": 165.0,
              "Plan Rows": 9000
            }
          ],
          "Parallel Aware": false,
          "Node Type": "Hash Join",
          "Join Type": "Inner",
          "Plan Width": 8,
          "Startup Cost": 352.5,
          "Hash Cond": "(r2.sid \u003d s2.sid)",
          "Plan Rows": 5000,
          "Inner Unique": true
        }
      ],
      "Parallel Aware": false,
      "Node Type": "Hash",
      "Plan Width": 8,
      "Startup Cost": 637.05,
      "Plan Rows": 5000
    }
  ],
  "Parallel Aware": false,
  "Node Type": "Hash Join",
  "Join Type": "Semi",
  "Plan Width": 21,
  "Startup Cost": 1052.05,
  "Hash Cond": "(s.sid \u003d s2.sid)",
  "Plan Rows": 2778,
  "Inner Unique": false
}

------------------------------

Indicies Configuration #136:
Index btree on column sid in table sailors
Index hash on column bid in table reserves

------------------------------

1. The Total Cost of the Plan = 1380.64
2. The Estimated Size of the Result Set = 2778
3. The Plan of the Query:
{
  "Total Cost": 1380.64,
  "Plans": [
    {
      "Parent Relationship": "Outer",
      "Total Cost": 637.05,
      "Plans": [
        {
          "Parent Relationship": "Outer",
          "Total Cost": 346.42,
          "Plans": [
            {
              "Parent Relationship": "Outer",
              "Total Cost": 231.99,
              "Relation Name": "reserves",
              "Parallel Aware": false,
              "Alias": "r",
              "Node Type": "Seq Scan",
              "Plan Width": 8,
              "Startup Cost": 0.0,
              "Plan Rows": 14999
            },
            {
              "Parent Relationship": "Inner",
              "Total Cost": 62.5,
              "Plans": [
                {
                  "Parent Relationship": "Outer",
                  "Total Cost": 62.5,
                  "Relation Name": "boat",
                  "Parallel Aware": false,
                  "Filter": "(color \u003d \u0027red\u0027::bpchar)",
                  "Alias": "b",
                  "Node Type": "Seq Scan",
                  "Plan Width": 4,
                  "Startup Cost": 0.0,
                  "Plan Rows": 1000
                }
              ],
              "Parallel Aware": false,
              "Node Type": "Hash",
              "Plan Width": 4,
              "Startup Cost": 62.5,
              "Plan Rows": 1000
            }
          ],
          "Parallel Aware": false,
          "Node Type": "Hash Join",
          "Join Type": "Inner",
          "Plan Width": 4,
          "Startup Cost": 75.0,
          "Hash Cond": "(r.bid \u003d b.bid)",
          "Plan Rows": 5000,
          "Inner Unique": true
        },
        {
          "Parent Relationship": "Inner",
          "Total Cost": 165.0,
          "Plans": [
            {
              "Parent Relationship": "Outer",
              "Total Cost": 165.0,
              "Relation Name": "sailors",
              "Parallel Aware": false,
              "Alias": "s",
              "Node Type": "Seq Scan",
              "Plan Width": 25,
              "Startup Cost": 0.0,
              "Plan Rows": 9000
            }
          ],
          "Parallel Aware": false,
          "Node Type": "Hash",
          "Plan Width": 25,
          "Startup Cost": 165.0,
          "Plan Rows": 9000
        }
      ],
      "Parallel Aware": false,
      "Node Type": "Hash Join",
      "Join Type": "Inner",
      "Plan Width": 29,
      "Startup Cost": 352.5,
      "Hash Cond": "(r.sid \u003d s.sid)",
      "Plan Rows": 5000,
      "Inner Unique": true
    },
    {
      "Parent Relationship": "Inner",
      "Total Cost": 637.05,
      "Plans": [
        {
          "Parent Relationship": "Outer",
          "Total Cost": 637.05,
          "Plans": [
            {
              "Parent Relationship": "Outer",
              "Total Cost": 346.42,
              "Plans": [
                {
                  "Parent Relationship": "Outer",
                  "Total Cost": 231.99,
                  "Relation Name": "reserves",
                  "Parallel Aware": false,
                  "Alias": "r2",
                  "Node Type": "Seq Scan",
                  "Plan Width": 8,
                  "Startup Cost": 0.0,
                  "Plan Rows": 14999
                },
                {
                  "Parent Relationship": "Inner",
                  "Total Cost": 62.5,
                  "Plans": [
                    {
                      "Parent Relationship": "Outer",
                      "Total Cost": 62.5,
                      "Relation Name": "boat",
                      "Parallel Aware": false,
                      "Filter": "(color \u003d \u0027green\u0027::bpchar)",
                      "Alias": "b2",
                      "Node Type": "Seq Scan",
                      "Plan Width": 4,
                      "Startup Cost": 0.0,
                      "Plan Rows": 1000
                    }
                  ],
                  "Parallel Aware": false,
                  "Node Type": "Hash",
                  "Plan Width": 4,
                  "Startup Cost": 62.5,
                  "Plan Rows": 1000
                }
              ],
              "Parallel Aware": false,
              "Node Type": "Hash Join",
              "Join Type": "Inner",
              "Plan Width": 4,
              "Startup Cost": 75.0,
              "Hash Cond": "(r2.bid \u003d b2.bid)",
              "Plan Rows": 5000,
              "Inner Unique": true
            },
            {
              "Parent Relationship": "Inner",
              "Total Cost": 165.0,
              "Plans": [
                {
                  "Parent Relationship": "Outer",
                  "Total Cost": 165.0,
                  "Relation Name": "sailors",
                  "Parallel Aware": false,
                  "Alias": "s2",
                  "Node Type": "Seq Scan",
                  "Plan Width": 4,
                  "Startup Cost": 0.0,
                  "Plan Rows": 9000
                }
              ],
              "Parallel Aware": false,
              "Node Type": "Hash",
              "Plan Width": 4,
              "Startup Cost": 165.0,
              "Plan Rows": 9000
            }
          ],
          "Parallel Aware": false,
          "Node Type": "Hash Join",
          "Join Type": "Inner",
          "Plan Width": 8,
          "Startup Cost": 352.5,
          "Hash Cond": "(r2.sid \u003d s2.sid)",
          "Plan Rows": 5000,
          "Inner Unique": true
        }
      ],
      "Parallel Aware": false,
      "Node Type": "Hash",
      "Plan Width": 8,
      "Startup Cost": 637.05,
      "Plan Rows": 5000
    }
  ],
  "Parallel Aware": false,
  "Node Type": "Hash Join",
  "Join Type": "Semi",
  "Plan Width": 21,
  "Startup Cost": 1052.05,
  "Hash Cond": "(s.sid \u003d s2.sid)",
  "Plan Rows": 2778,
  "Inner Unique": false
}

------------------------------

Indicies Configuration #137:
Index btree on column sid in table sailors
Index hash on column bid in table reserves
Index btree on column bid in table boat

------------------------------

1. The Total Cost of the Plan = 1380.64
2. The Estimated Size of the Result Set = 2778
3. The Plan of the Query:
{
  "Total Cost": 1380.64,
  "Plans": [
    {
      "Parent Relationship": "Outer",
      "Total Cost": 637.05,
      "Plans": [
        {
          "Parent Relationship": "Outer",
          "Total Cost": 346.42,
          "Plans": [
            {
              "Parent Relationship": "Outer",
              "Total Cost": 231.99,
              "Relation Name": "reserves",
              "Parallel Aware": false,
              "Alias": "r",
              "Node Type": "Seq Scan",
              "Plan Width": 8,
              "Startup Cost": 0.0,
              "Plan Rows": 14999
            },
            {
              "Parent Relationship": "Inner",
              "Total Cost": 62.5,
              "Plans": [
                {
                  "Parent Relationship": "Outer",
                  "Total Cost": 62.5,
                  "Relation Name": "boat",
                  "Parallel Aware": false,
                  "Filter": "(color \u003d \u0027red\u0027::bpchar)",
                  "Alias": "b",
                  "Node Type": "Seq Scan",
                  "Plan Width": 4,
                  "Startup Cost": 0.0,
                  "Plan Rows": 1000
                }
              ],
              "Parallel Aware": false,
              "Node Type": "Hash",
              "Plan Width": 4,
              "Startup Cost": 62.5,
              "Plan Rows": 1000
            }
          ],
          "Parallel Aware": false,
          "Node Type": "Hash Join",
          "Join Type": "Inner",
          "Plan Width": 4,
          "Startup Cost": 75.0,
          "Hash Cond": "(r.bid \u003d b.bid)",
          "Plan Rows": 5000,
          "Inner Unique": true
        },
        {
          "Parent Relationship": "Inner",
          "Total Cost": 165.0,
          "Plans": [
            {
              "Parent Relationship": "Outer",
              "Total Cost": 165.0,
              "Relation Name": "sailors",
              "Parallel Aware": false,
              "Alias": "s",
              "Node Type": "Seq Scan",
              "Plan Width": 25,
              "Startup Cost": 0.0,
              "Plan Rows": 9000
            }
          ],
          "Parallel Aware": false,
          "Node Type": "Hash",
          "Plan Width": 25,
          "Startup Cost": 165.0,
          "Plan Rows": 9000
        }
      ],
      "Parallel Aware": false,
      "Node Type": "Hash Join",
      "Join Type": "Inner",
      "Plan Width": 29,
      "Startup Cost": 352.5,
      "Hash Cond": "(r.sid \u003d s.sid)",
      "Plan Rows": 5000,
      "Inner Unique": true
    },
    {
      "Parent Relationship": "Inner",
      "Total Cost": 637.05,
      "Plans": [
        {
          "Parent Relationship": "Outer",
          "Total Cost": 637.05,
          "Plans": [
            {
              "Parent Relationship": "Outer",
              "Total Cost": 346.42,
              "Plans": [
                {
                  "Parent Relationship": "Outer",
                  "Total Cost": 231.99,
                  "Relation Name": "reserves",
                  "Parallel Aware": false,
                  "Alias": "r2",
                  "Node Type": "Seq Scan",
                  "Plan Width": 8,
                  "Startup Cost": 0.0,
                  "Plan Rows": 14999
                },
                {
                  "Parent Relationship": "Inner",
                  "Total Cost": 62.5,
                  "Plans": [
                    {
                      "Parent Relationship": "Outer",
                      "Total Cost": 62.5,
                      "Relation Name": "boat",
                      "Parallel Aware": false,
                      "Filter": "(color \u003d \u0027green\u0027::bpchar)",
                      "Alias": "b2",
                      "Node Type": "Seq Scan",
                      "Plan Width": 4,
                      "Startup Cost": 0.0,
                      "Plan Rows": 1000
                    }
                  ],
                  "Parallel Aware": false,
                  "Node Type": "Hash",
                  "Plan Width": 4,
                  "Startup Cost": 62.5,
                  "Plan Rows": 1000
                }
              ],
              "Parallel Aware": false,
              "Node Type": "Hash Join",
              "Join Type": "Inner",
              "Plan Width": 4,
              "Startup Cost": 75.0,
              "Hash Cond": "(r2.bid \u003d b2.bid)",
              "Plan Rows": 5000,
              "Inner Unique": true
            },
            {
              "Parent Relationship": "Inner",
              "Total Cost": 165.0,
              "Plans": [
                {
                  "Parent Relationship": "Outer",
                  "Total Cost": 165.0,
                  "Relation Name": "sailors",
                  "Parallel Aware": false,
                  "Alias": "s2",
                  "Node Type": "Seq Scan",
                  "Plan Width": 4,
                  "Startup Cost": 0.0,
                  "Plan Rows": 9000
                }
              ],
              "Parallel Aware": false,
              "Node Type": "Hash",
              "Plan Width": 4,
              "Startup Cost": 165.0,
              "Plan Rows": 9000
            }
          ],
          "Parallel Aware": false,
          "Node Type": "Hash Join",
          "Join Type": "Inner",
          "Plan Width": 8,
          "Startup Cost": 352.5,
          "Hash Cond": "(r2.sid \u003d s2.sid)",
          "Plan Rows": 5000,
          "Inner Unique": true
        }
      ],
      "Parallel Aware": false,
      "Node Type": "Hash",
      "Plan Width": 8,
      "Startup Cost": 637.05,
      "Plan Rows": 5000
    }
  ],
  "Parallel Aware": false,
  "Node Type": "Hash Join",
  "Join Type": "Semi",
  "Plan Width": 21,
  "Startup Cost": 1052.05,
  "Hash Cond": "(s.sid \u003d s2.sid)",
  "Plan Rows": 2778,
  "Inner Unique": false
}

------------------------------

Indicies Configuration #138:
Index btree on column sid in table sailors
Index hash on column bid in table reserves
Index hash on column bid in table boat

------------------------------

1. The Total Cost of the Plan = 1380.64
2. The Estimated Size of the Result Set = 2778
3. The Plan of the Query:
{
  "Total Cost": 1380.64,
  "Plans": [
    {
      "Parent Relationship": "Outer",
      "Total Cost": 637.05,
      "Plans": [
        {
          "Parent Relationship": "Outer",
          "Total Cost": 346.42,
          "Plans": [
            {
              "Parent Relationship": "Outer",
              "Total Cost": 231.99,
              "Relation Name": "reserves",
              "Parallel Aware": false,
              "Alias": "r",
              "Node Type": "Seq Scan",
              "Plan Width": 8,
              "Startup Cost": 0.0,
              "Plan Rows": 14999
            },
            {
              "Parent Relationship": "Inner",
              "Total Cost": 62.5,
              "Plans": [
                {
                  "Parent Relationship": "Outer",
                  "Total Cost": 62.5,
                  "Relation Name": "boat",
                  "Parallel Aware": false,
                  "Filter": "(color \u003d \u0027red\u0027::bpchar)",
                  "Alias": "b",
                  "Node Type": "Seq Scan",
                  "Plan Width": 4,
                  "Startup Cost": 0.0,
                  "Plan Rows": 1000
                }
              ],
              "Parallel Aware": false,
              "Node Type": "Hash",
              "Plan Width": 4,
              "Startup Cost": 62.5,
              "Plan Rows": 1000
            }
          ],
          "Parallel Aware": false,
          "Node Type": "Hash Join",
          "Join Type": "Inner",
          "Plan Width": 4,
          "Startup Cost": 75.0,
          "Hash Cond": "(r.bid \u003d b.bid)",
          "Plan Rows": 5000,
          "Inner Unique": true
        },
        {
          "Parent Relationship": "Inner",
          "Total Cost": 165.0,
          "Plans": [
            {
              "Parent Relationship": "Outer",
              "Total Cost": 165.0,
              "Relation Name": "sailors",
              "Parallel Aware": false,
              "Alias": "s",
              "Node Type": "Seq Scan",
              "Plan Width": 25,
              "Startup Cost": 0.0,
              "Plan Rows": 9000
            }
          ],
          "Parallel Aware": false,
          "Node Type": "Hash",
          "Plan Width": 25,
          "Startup Cost": 165.0,
          "Plan Rows": 9000
        }
      ],
      "Parallel Aware": false,
      "Node Type": "Hash Join",
      "Join Type": "Inner",
      "Plan Width": 29,
      "Startup Cost": 352.5,
      "Hash Cond": "(r.sid \u003d s.sid)",
      "Plan Rows": 5000,
      "Inner Unique": true
    },
    {
      "Parent Relationship": "Inner",
      "Total Cost": 637.05,
      "Plans": [
        {
          "Parent Relationship": "Outer",
          "Total Cost": 637.05,
          "Plans": [
            {
              "Parent Relationship": "Outer",
              "Total Cost": 346.42,
              "Plans": [
                {
                  "Parent Relationship": "Outer",
                  "Total Cost": 231.99,
                  "Relation Name": "reserves",
                  "Parallel Aware": false,
                  "Alias": "r2",
                  "Node Type": "Seq Scan",
                  "Plan Width": 8,
                  "Startup Cost": 0.0,
                  "Plan Rows": 14999
                },
                {
                  "Parent Relationship": "Inner",
                  "Total Cost": 62.5,
                  "Plans": [
                    {
                      "Parent Relationship": "Outer",
                      "Total Cost": 62.5,
                      "Relation Name": "boat",
                      "Parallel Aware": false,
                      "Filter": "(color \u003d \u0027green\u0027::bpchar)",
                      "Alias": "b2",
                      "Node Type": "Seq Scan",
                      "Plan Width": 4,
                      "Startup Cost": 0.0,
                      "Plan Rows": 1000
                    }
                  ],
                  "Parallel Aware": false,
                  "Node Type": "Hash",
                  "Plan Width": 4,
                  "Startup Cost": 62.5,
                  "Plan Rows": 1000
                }
              ],
              "Parallel Aware": false,
              "Node Type": "Hash Join",
              "Join Type": "Inner",
              "Plan Width": 4,
              "Startup Cost": 75.0,
              "Hash Cond": "(r2.bid \u003d b2.bid)",
              "Plan Rows": 5000,
              "Inner Unique": true
            },
            {
              "Parent Relationship": "Inner",
              "Total Cost": 165.0,
              "Plans": [
                {
                  "Parent Relationship": "Outer",
                  "Total Cost": 165.0,
                  "Relation Name": "sailors",
                  "Parallel Aware": false,
                  "Alias": "s2",
                  "Node Type": "Seq Scan",
                  "Plan Width": 4,
                  "Startup Cost": 0.0,
                  "Plan Rows": 9000
                }
              ],
              "Parallel Aware": false,
              "Node Type": "Hash",
              "Plan Width": 4,
              "Startup Cost": 165.0,
              "Plan Rows": 9000
            }
          ],
          "Parallel Aware": false,
          "Node Type": "Hash Join",
          "Join Type": "Inner",
          "Plan Width": 8,
          "Startup Cost": 352.5,
          "Hash Cond": "(r2.sid \u003d s2.sid)",
          "Plan Rows": 5000,
          "Inner Unique": true
        }
      ],
      "Parallel Aware": false,
      "Node Type": "Hash",
      "Plan Width": 8,
      "Startup Cost": 637.05,
      "Plan Rows": 5000
    }
  ],
  "Parallel Aware": false,
  "Node Type": "Hash Join",
  "Join Type": "Semi",
  "Plan Width": 21,
  "Startup Cost": 1052.05,
  "Hash Cond": "(s.sid \u003d s2.sid)",
  "Plan Rows": 2778,
  "Inner Unique": false
}

------------------------------

Indicies Configuration #139:
Index btree on column sid in table sailors
Index hash on column bid in table reserves
Index btree on column sid in table reserves

------------------------------

1. The Total Cost of the Plan = 1380.64
2. The Estimated Size of the Result Set = 2778
3. The Plan of the Query:
{
  "Total Cost": 1380.64,
  "Plans": [
    {
      "Parent Relationship": "Outer",
      "Total Cost": 637.05,
      "Plans": [
        {
          "Parent Relationship": "Outer",
          "Total Cost": 346.42,
          "Plans": [
            {
              "Parent Relationship": "Outer",
              "Total Cost": 231.99,
              "Relation Name": "reserves",
              "Parallel Aware": false,
              "Alias": "r",
              "Node Type": "Seq Scan",
              "Plan Width": 8,
              "Startup Cost": 0.0,
              "Plan Rows": 14999
            },
            {
              "Parent Relationship": "Inner",
              "Total Cost": 62.5,
              "Plans": [
                {
                  "Parent Relationship": "Outer",
                  "Total Cost": 62.5,
                  "Relation Name": "boat",
                  "Parallel Aware": false,
                  "Filter": "(color \u003d \u0027red\u0027::bpchar)",
                  "Alias": "b",
                  "Node Type": "Seq Scan",
                  "Plan Width": 4,
                  "Startup Cost": 0.0,
                  "Plan Rows": 1000
                }
              ],
              "Parallel Aware": false,
              "Node Type": "Hash",
              "Plan Width": 4,
              "Startup Cost": 62.5,
              "Plan Rows": 1000
            }
          ],
          "Parallel Aware": false,
          "Node Type": "Hash Join",
          "Join Type": "Inner",
          "Plan Width": 4,
          "Startup Cost": 75.0,
          "Hash Cond": "(r.bid \u003d b.bid)",
          "Plan Rows": 5000,
          "Inner Unique": true
        },
        {
          "Parent Relationship": "Inner",
          "Total Cost": 165.0,
          "Plans": [
            {
              "Parent Relationship": "Outer",
              "Total Cost": 165.0,
              "Relation Name": "sailors",
              "Parallel Aware": false,
              "Alias": "s",
              "Node Type": "Seq Scan",
              "Plan Width": 25,
              "Startup Cost": 0.0,
              "Plan Rows": 9000
            }
          ],
          "Parallel Aware": false,
          "Node Type": "Hash",
          "Plan Width": 25,
          "Startup Cost": 165.0,
          "Plan Rows": 9000
        }
      ],
      "Parallel Aware": false,
      "Node Type": "Hash Join",
      "Join Type": "Inner",
      "Plan Width": 29,
      "Startup Cost": 352.5,
      "Hash Cond": "(r.sid \u003d s.sid)",
      "Plan Rows": 5000,
      "Inner Unique": true
    },
    {
      "Parent Relationship": "Inner",
      "Total Cost": 637.05,
      "Plans": [
        {
          "Parent Relationship": "Outer",
          "Total Cost": 637.05,
          "Plans": [
            {
              "Parent Relationship": "Outer",
              "Total Cost": 346.42,
              "Plans": [
                {
                  "Parent Relationship": "Outer",
                  "Total Cost": 231.99,
                  "Relation Name": "reserves",
                  "Parallel Aware": false,
                  "Alias": "r2",
                  "Node Type": "Seq Scan",
                  "Plan Width": 8,
                  "Startup Cost": 0.0,
                  "Plan Rows": 14999
                },
                {
                  "Parent Relationship": "Inner",
                  "Total Cost": 62.5,
                  "Plans": [
                    {
                      "Parent Relationship": "Outer",
                      "Total Cost": 62.5,
                      "Relation Name": "boat",
                      "Parallel Aware": false,
                      "Filter": "(color \u003d \u0027green\u0027::bpchar)",
                      "Alias": "b2",
                      "Node Type": "Seq Scan",
                      "Plan Width": 4,
                      "Startup Cost": 0.0,
                      "Plan Rows": 1000
                    }
                  ],
                  "Parallel Aware": false,
                  "Node Type": "Hash",
                  "Plan Width": 4,
                  "Startup Cost": 62.5,
                  "Plan Rows": 1000
                }
              ],
              "Parallel Aware": false,
              "Node Type": "Hash Join",
              "Join Type": "Inner",
              "Plan Width": 4,
              "Startup Cost": 75.0,
              "Hash Cond": "(r2.bid \u003d b2.bid)",
              "Plan Rows": 5000,
              "Inner Unique": true
            },
            {
              "Parent Relationship": "Inner",
              "Total Cost": 165.0,
              "Plans": [
                {
                  "Parent Relationship": "Outer",
                  "Total Cost": 165.0,
                  "Relation Name": "sailors",
                  "Parallel Aware": false,
                  "Alias": "s2",
                  "Node Type": "Seq Scan",
                  "Plan Width": 4,
                  "Startup Cost": 0.0,
                  "Plan Rows": 9000
                }
              ],
              "Parallel Aware": false,
              "Node Type": "Hash",
              "Plan Width": 4,
              "Startup Cost": 165.0,
              "Plan Rows": 9000
            }
          ],
          "Parallel Aware": false,
          "Node Type": "Hash Join",
          "Join Type": "Inner",
          "Plan Width": 8,
          "Startup Cost": 352.5,
          "Hash Cond": "(r2.sid \u003d s2.sid)",
          "Plan Rows": 5000,
          "Inner Unique": true
        }
      ],
      "Parallel Aware": false,
      "Node Type": "Hash",
      "Plan Width": 8,
      "Startup Cost": 637.05,
      "Plan Rows": 5000
    }
  ],
  "Parallel Aware": false,
  "Node Type": "Hash Join",
  "Join Type": "Semi",
  "Plan Width": 21,
  "Startup Cost": 1052.05,
  "Hash Cond": "(s.sid \u003d s2.sid)",
  "Plan Rows": 2778,
  "Inner Unique": false
}

------------------------------

Indicies Configuration #140:
Index btree on column sid in table sailors
Index hash on column bid in table reserves
Index btree on column sid in table reserves
Index btree on column bid in table boat

------------------------------

1. The Total Cost of the Plan = 1380.64
2. The Estimated Size of the Result Set = 2778
3. The Plan of the Query:
{
  "Total Cost": 1380.64,
  "Plans": [
    {
      "Parent Relationship": "Outer",
      "Total Cost": 637.05,
      "Plans": [
        {
          "Parent Relationship": "Outer",
          "Total Cost": 346.42,
          "Plans": [
            {
              "Parent Relationship": "Outer",
              "Total Cost": 231.99,
              "Relation Name": "reserves",
              "Parallel Aware": false,
              "Alias": "r",
              "Node Type": "Seq Scan",
              "Plan Width": 8,
              "Startup Cost": 0.0,
              "Plan Rows": 14999
            },
            {
              "Parent Relationship": "Inner",
              "Total Cost": 62.5,
              "Plans": [
                {
                  "Parent Relationship": "Outer",
                  "Total Cost": 62.5,
                  "Relation Name": "boat",
                  "Parallel Aware": false,
                  "Filter": "(color \u003d \u0027red\u0027::bpchar)",
                  "Alias": "b",
                  "Node Type": "Seq Scan",
                  "Plan Width": 4,
                  "Startup Cost": 0.0,
                  "Plan Rows": 1000
                }
              ],
              "Parallel Aware": false,
              "Node Type": "Hash",
              "Plan Width": 4,
              "Startup Cost": 62.5,
              "Plan Rows": 1000
            }
          ],
          "Parallel Aware": false,
          "Node Type": "Hash Join",
          "Join Type": "Inner",
          "Plan Width": 4,
          "Startup Cost": 75.0,
          "Hash Cond": "(r.bid \u003d b.bid)",
          "Plan Rows": 5000,
          "Inner Unique": true
        },
        {
          "Parent Relationship": "Inner",
          "Total Cost": 165.0,
          "Plans": [
            {
              "Parent Relationship": "Outer",
              "Total Cost": 165.0,
              "Relation Name": "sailors",
              "Parallel Aware": false,
              "Alias": "s",
              "Node Type": "Seq Scan",
              "Plan Width": 25,
              "Startup Cost": 0.0,
              "Plan Rows": 9000
            }
          ],
          "Parallel Aware": false,
          "Node Type": "Hash",
          "Plan Width": 25,
          "Startup Cost": 165.0,
          "Plan Rows": 9000
        }
      ],
      "Parallel Aware": false,
      "Node Type": "Hash Join",
      "Join Type": "Inner",
      "Plan Width": 29,
      "Startup Cost": 352.5,
      "Hash Cond": "(r.sid \u003d s.sid)",
      "Plan Rows": 5000,
      "Inner Unique": true
    },
    {
      "Parent Relationship": "Inner",
      "Total Cost": 637.05,
      "Plans": [
        {
          "Parent Relationship": "Outer",
          "Total Cost": 637.05,
          "Plans": [
            {
              "Parent Relationship": "Outer",
              "Total Cost": 346.42,
              "Plans": [
                {
                  "Parent Relationship": "Outer",
                  "Total Cost": 231.99,
                  "Relation Name": "reserves",
                  "Parallel Aware": false,
                  "Alias": "r2",
                  "Node Type": "Seq Scan",
                  "Plan Width": 8,
                  "Startup Cost": 0.0,
                  "Plan Rows": 14999
                },
                {
                  "Parent Relationship": "Inner",
                  "Total Cost": 62.5,
                  "Plans": [
                    {
                      "Parent Relationship": "Outer",
                      "Total Cost": 62.5,
                      "Relation Name": "boat",
                      "Parallel Aware": false,
                      "Filter": "(color \u003d \u0027green\u0027::bpchar)",
                      "Alias": "b2",
                      "Node Type": "Seq Scan",
                      "Plan Width": 4,
                      "Startup Cost": 0.0,
                      "Plan Rows": 1000
                    }
                  ],
                  "Parallel Aware": false,
                  "Node Type": "Hash",
                  "Plan Width": 4,
                  "Startup Cost": 62.5,
                  "Plan Rows": 1000
                }
              ],
              "Parallel Aware": false,
              "Node Type": "Hash Join",
              "Join Type": "Inner",
              "Plan Width": 4,
              "Startup Cost": 75.0,
              "Hash Cond": "(r2.bid \u003d b2.bid)",
              "Plan Rows": 5000,
              "Inner Unique": true
            },
            {
              "Parent Relationship": "Inner",
              "Total Cost": 165.0,
              "Plans": [
                {
                  "Parent Relationship": "Outer",
                  "Total Cost": 165.0,
                  "Relation Name": "sailors",
                  "Parallel Aware": false,
                  "Alias": "s2",
                  "Node Type": "Seq Scan",
                  "Plan Width": 4,
                  "Startup Cost": 0.0,
                  "Plan Rows": 9000
                }
              ],
              "Parallel Aware": false,
              "Node Type": "Hash",
              "Plan Width": 4,
              "Startup Cost": 165.0,
              "Plan Rows": 9000
            }
          ],
          "Parallel Aware": false,
          "Node Type": "Hash Join",
          "Join Type": "Inner",
          "Plan Width": 8,
          "Startup Cost": 352.5,
          "Hash Cond": "(r2.sid \u003d s2.sid)",
          "Plan Rows": 5000,
          "Inner Unique": true
        }
      ],
      "Parallel Aware": false,
      "Node Type": "Hash",
      "Plan Width": 8,
      "Startup Cost": 637.05,
      "Plan Rows": 5000
    }
  ],
  "Parallel Aware": false,
  "Node Type": "Hash Join",
  "Join Type": "Semi",
  "Plan Width": 21,
  "Startup Cost": 1052.05,
  "Hash Cond": "(s.sid \u003d s2.sid)",
  "Plan Rows": 2778,
  "Inner Unique": false
}

------------------------------

Indicies Configuration #141:
Index btree on column sid in table sailors
Index hash on column bid in table reserves
Index btree on column sid in table reserves
Index hash on column bid in table boat

------------------------------

1. The Total Cost of the Plan = 1380.64
2. The Estimated Size of the Result Set = 2778
3. The Plan of the Query:
{
  "Total Cost": 1380.64,
  "Plans": [
    {
      "Parent Relationship": "Outer",
      "Total Cost": 637.05,
      "Plans": [
        {
          "Parent Relationship": "Outer",
          "Total Cost": 346.42,
          "Plans": [
            {
              "Parent Relationship": "Outer",
              "Total Cost": 231.99,
              "Relation Name": "reserves",
              "Parallel Aware": false,
              "Alias": "r",
              "Node Type": "Seq Scan",
              "Plan Width": 8,
              "Startup Cost": 0.0,
              "Plan Rows": 14999
            },
            {
              "Parent Relationship": "Inner",
              "Total Cost": 62.5,
              "Plans": [
                {
                  "Parent Relationship": "Outer",
                  "Total Cost": 62.5,
                  "Relation Name": "boat",
                  "Parallel Aware": false,
                  "Filter": "(color \u003d \u0027red\u0027::bpchar)",
                  "Alias": "b",
                  "Node Type": "Seq Scan",
                  "Plan Width": 4,
                  "Startup Cost": 0.0,
                  "Plan Rows": 1000
                }
              ],
              "Parallel Aware": false,
              "Node Type": "Hash",
              "Plan Width": 4,
              "Startup Cost": 62.5,
              "Plan Rows": 1000
            }
          ],
          "Parallel Aware": false,
          "Node Type": "Hash Join",
          "Join Type": "Inner",
          "Plan Width": 4,
          "Startup Cost": 75.0,
          "Hash Cond": "(r.bid \u003d b.bid)",
          "Plan Rows": 5000,
          "Inner Unique": true
        },
        {
          "Parent Relationship": "Inner",
          "Total Cost": 165.0,
          "Plans": [
            {
              "Parent Relationship": "Outer",
              "Total Cost": 165.0,
              "Relation Name": "sailors",
              "Parallel Aware": false,
              "Alias": "s",
              "Node Type": "Seq Scan",
              "Plan Width": 25,
              "Startup Cost": 0.0,
              "Plan Rows": 9000
            }
          ],
          "Parallel Aware": false,
          "Node Type": "Hash",
          "Plan Width": 25,
          "Startup Cost": 165.0,
          "Plan Rows": 9000
        }
      ],
      "Parallel Aware": false,
      "Node Type": "Hash Join",
      "Join Type": "Inner",
      "Plan Width": 29,
      "Startup Cost": 352.5,
      "Hash Cond": "(r.sid \u003d s.sid)",
      "Plan Rows": 5000,
      "Inner Unique": true
    },
    {
      "Parent Relationship": "Inner",
      "Total Cost": 637.05,
      "Plans": [
        {
          "Parent Relationship": "Outer",
          "Total Cost": 637.05,
          "Plans": [
            {
              "Parent Relationship": "Outer",
              "Total Cost": 346.42,
              "Plans": [
                {
                  "Parent Relationship": "Outer",
                  "Total Cost": 231.99,
                  "Relation Name": "reserves",
                  "Parallel Aware": false,
                  "Alias": "r2",
                  "Node Type": "Seq Scan",
                  "Plan Width": 8,
                  "Startup Cost": 0.0,
                  "Plan Rows": 14999
                },
                {
                  "Parent Relationship": "Inner",
                  "Total Cost": 62.5,
                  "Plans": [
                    {
                      "Parent Relationship": "Outer",
                      "Total Cost": 62.5,
                      "Relation Name": "boat",
                      "Parallel Aware": false,
                      "Filter": "(color \u003d \u0027green\u0027::bpchar)",
                      "Alias": "b2",
                      "Node Type": "Seq Scan",
                      "Plan Width": 4,
                      "Startup Cost": 0.0,
                      "Plan Rows": 1000
                    }
                  ],
                  "Parallel Aware": false,
                  "Node Type": "Hash",
                  "Plan Width": 4,
                  "Startup Cost": 62.5,
                  "Plan Rows": 1000
                }
              ],
              "Parallel Aware": false,
              "Node Type": "Hash Join",
              "Join Type": "Inner",
              "Plan Width": 4,
              "Startup Cost": 75.0,
              "Hash Cond": "(r2.bid \u003d b2.bid)",
              "Plan Rows": 5000,
              "Inner Unique": true
            },
            {
              "Parent Relationship": "Inner",
              "Total Cost": 165.0,
              "Plans": [
                {
                  "Parent Relationship": "Outer",
                  "Total Cost": 165.0,
                  "Relation Name": "sailors",
                  "Parallel Aware": false,
                  "Alias": "s2",
                  "Node Type": "Seq Scan",
                  "Plan Width": 4,
                  "Startup Cost": 0.0,
                  "Plan Rows": 9000
                }
              ],
              "Parallel Aware": false,
              "Node Type": "Hash",
              "Plan Width": 4,
              "Startup Cost": 165.0,
              "Plan Rows": 9000
            }
          ],
          "Parallel Aware": false,
          "Node Type": "Hash Join",
          "Join Type": "Inner",
          "Plan Width": 8,
          "Startup Cost": 352.5,
          "Hash Cond": "(r2.sid \u003d s2.sid)",
          "Plan Rows": 5000,
          "Inner Unique": true
        }
      ],
      "Parallel Aware": false,
      "Node Type": "Hash",
      "Plan Width": 8,
      "Startup Cost": 637.05,
      "Plan Rows": 5000
    }
  ],
  "Parallel Aware": false,
  "Node Type": "Hash Join",
  "Join Type": "Semi",
  "Plan Width": 21,
  "Startup Cost": 1052.05,
  "Hash Cond": "(s.sid \u003d s2.sid)",
  "Plan Rows": 2778,
  "Inner Unique": false
}

------------------------------

Indicies Configuration #142:
Index btree on column sid in table sailors
Index hash on column bid in table reserves
Index hash on column sid in table reserves

------------------------------

1. The Total Cost of the Plan = 1380.64
2. The Estimated Size of the Result Set = 2778
3. The Plan of the Query:
{
  "Total Cost": 1380.64,
  "Plans": [
    {
      "Parent Relationship": "Outer",
      "Total Cost": 637.05,
      "Plans": [
        {
          "Parent Relationship": "Outer",
          "Total Cost": 346.42,
          "Plans": [
            {
              "Parent Relationship": "Outer",
              "Total Cost": 231.99,
              "Relation Name": "reserves",
              "Parallel Aware": false,
              "Alias": "r",
              "Node Type": "Seq Scan",
              "Plan Width": 8,
              "Startup Cost": 0.0,
              "Plan Rows": 14999
            },
            {
              "Parent Relationship": "Inner",
              "Total Cost": 62.5,
              "Plans": [
                {
                  "Parent Relationship": "Outer",
                  "Total Cost": 62.5,
                  "Relation Name": "boat",
                  "Parallel Aware": false,
                  "Filter": "(color \u003d \u0027red\u0027::bpchar)",
                  "Alias": "b",
                  "Node Type": "Seq Scan",
                  "Plan Width": 4,
                  "Startup Cost": 0.0,
                  "Plan Rows": 1000
                }
              ],
              "Parallel Aware": false,
              "Node Type": "Hash",
              "Plan Width": 4,
              "Startup Cost": 62.5,
              "Plan Rows": 1000
            }
          ],
          "Parallel Aware": false,
          "Node Type": "Hash Join",
          "Join Type": "Inner",
          "Plan Width": 4,
          "Startup Cost": 75.0,
          "Hash Cond": "(r.bid \u003d b.bid)",
          "Plan Rows": 5000,
          "Inner Unique": true
        },
        {
          "Parent Relationship": "Inner",
          "Total Cost": 165.0,
          "Plans": [
            {
              "Parent Relationship": "Outer",
              "Total Cost": 165.0,
              "Relation Name": "sailors",
              "Parallel Aware": false,
              "Alias": "s",
              "Node Type": "Seq Scan",
              "Plan Width": 25,
              "Startup Cost": 0.0,
              "Plan Rows": 9000
            }
          ],
          "Parallel Aware": false,
          "Node Type": "Hash",
          "Plan Width": 25,
          "Startup Cost": 165.0,
          "Plan Rows": 9000
        }
      ],
      "Parallel Aware": false,
      "Node Type": "Hash Join",
      "Join Type": "Inner",
      "Plan Width": 29,
      "Startup Cost": 352.5,
      "Hash Cond": "(r.sid \u003d s.sid)",
      "Plan Rows": 5000,
      "Inner Unique": true
    },
    {
      "Parent Relationship": "Inner",
      "Total Cost": 637.05,
      "Plans": [
        {
          "Parent Relationship": "Outer",
          "Total Cost": 637.05,
          "Plans": [
            {
              "Parent Relationship": "Outer",
              "Total Cost": 346.42,
              "Plans": [
                {
                  "Parent Relationship": "Outer",
                  "Total Cost": 231.99,
                  "Relation Name": "reserves",
                  "Parallel Aware": false,
                  "Alias": "r2",
                  "Node Type": "Seq Scan",
                  "Plan Width": 8,
                  "Startup Cost": 0.0,
                  "Plan Rows": 14999
                },
                {
                  "Parent Relationship": "Inner",
                  "Total Cost": 62.5,
                  "Plans": [
                    {
                      "Parent Relationship": "Outer",
                      "Total Cost": 62.5,
                      "Relation Name": "boat",
                      "Parallel Aware": false,
                      "Filter": "(color \u003d \u0027green\u0027::bpchar)",
                      "Alias": "b2",
                      "Node Type": "Seq Scan",
                      "Plan Width": 4,
                      "Startup Cost": 0.0,
                      "Plan Rows": 1000
                    }
                  ],
                  "Parallel Aware": false,
                  "Node Type": "Hash",
                  "Plan Width": 4,
                  "Startup Cost": 62.5,
                  "Plan Rows": 1000
                }
              ],
              "Parallel Aware": false,
              "Node Type": "Hash Join",
              "Join Type": "Inner",
              "Plan Width": 4,
              "Startup Cost": 75.0,
              "Hash Cond": "(r2.bid \u003d b2.bid)",
              "Plan Rows": 5000,
              "Inner Unique": true
            },
            {
              "Parent Relationship": "Inner",
              "Total Cost": 165.0,
              "Plans": [
                {
                  "Parent Relationship": "Outer",
                  "Total Cost": 165.0,
                  "Relation Name": "sailors",
                  "Parallel Aware": false,
                  "Alias": "s2",
                  "Node Type": "Seq Scan",
                  "Plan Width": 4,
                  "Startup Cost": 0.0,
                  "Plan Rows": 9000
                }
              ],
              "Parallel Aware": false,
              "Node Type": "Hash",
              "Plan Width": 4,
              "Startup Cost": 165.0,
              "Plan Rows": 9000
            }
          ],
          "Parallel Aware": false,
          "Node Type": "Hash Join",
          "Join Type": "Inner",
          "Plan Width": 8,
          "Startup Cost": 352.5,
          "Hash Cond": "(r2.sid \u003d s2.sid)",
          "Plan Rows": 5000,
          "Inner Unique": true
        }
      ],
      "Parallel Aware": false,
      "Node Type": "Hash",
      "Plan Width": 8,
      "Startup Cost": 637.05,
      "Plan Rows": 5000
    }
  ],
  "Parallel Aware": false,
  "Node Type": "Hash Join",
  "Join Type": "Semi",
  "Plan Width": 21,
  "Startup Cost": 1052.05,
  "Hash Cond": "(s.sid \u003d s2.sid)",
  "Plan Rows": 2778,
  "Inner Unique": false
}

------------------------------

Indicies Configuration #143:
Index btree on column sid in table sailors
Index hash on column bid in table reserves
Index hash on column sid in table reserves
Index btree on column bid in table boat

------------------------------

1. The Total Cost of the Plan = 1380.64
2. The Estimated Size of the Result Set = 2778
3. The Plan of the Query:
{
  "Total Cost": 1380.64,
  "Plans": [
    {
      "Parent Relationship": "Outer",
      "Total Cost": 637.05,
      "Plans": [
        {
          "Parent Relationship": "Outer",
          "Total Cost": 346.42,
          "Plans": [
            {
              "Parent Relationship": "Outer",
              "Total Cost": 231.99,
              "Relation Name": "reserves",
              "Parallel Aware": false,
              "Alias": "r",
              "Node Type": "Seq Scan",
              "Plan Width": 8,
              "Startup Cost": 0.0,
              "Plan Rows": 14999
            },
            {
              "Parent Relationship": "Inner",
              "Total Cost": 62.5,
              "Plans": [
                {
                  "Parent Relationship": "Outer",
                  "Total Cost": 62.5,
                  "Relation Name": "boat",
                  "Parallel Aware": false,
                  "Filter": "(color \u003d \u0027red\u0027::bpchar)",
                  "Alias": "b",
                  "Node Type": "Seq Scan",
                  "Plan Width": 4,
                  "Startup Cost": 0.0,
                  "Plan Rows": 1000
                }
              ],
              "Parallel Aware": false,
              "Node Type": "Hash",
              "Plan Width": 4,
              "Startup Cost": 62.5,
              "Plan Rows": 1000
            }
          ],
          "Parallel Aware": false,
          "Node Type": "Hash Join",
          "Join Type": "Inner",
          "Plan Width": 4,
          "Startup Cost": 75.0,
          "Hash Cond": "(r.bid \u003d b.bid)",
          "Plan Rows": 5000,
          "Inner Unique": true
        },
        {
          "Parent Relationship": "Inner",
          "Total Cost": 165.0,
          "Plans": [
            {
              "Parent Relationship": "Outer",
              "Total Cost": 165.0,
              "Relation Name": "sailors",
              "Parallel Aware": false,
              "Alias": "s",
              "Node Type": "Seq Scan",
              "Plan Width": 25,
              "Startup Cost": 0.0,
              "Plan Rows": 9000
            }
          ],
          "Parallel Aware": false,
          "Node Type": "Hash",
          "Plan Width": 25,
          "Startup Cost": 165.0,
          "Plan Rows": 9000
        }
      ],
      "Parallel Aware": false,
      "Node Type": "Hash Join",
      "Join Type": "Inner",
      "Plan Width": 29,
      "Startup Cost": 352.5,
      "Hash Cond": "(r.sid \u003d s.sid)",
      "Plan Rows": 5000,
      "Inner Unique": true
    },
    {
      "Parent Relationship": "Inner",
      "Total Cost": 637.05,
      "Plans": [
        {
          "Parent Relationship": "Outer",
          "Total Cost": 637.05,
          "Plans": [
            {
              "Parent Relationship": "Outer",
              "Total Cost": 346.42,
              "Plans": [
                {
                  "Parent Relationship": "Outer",
                  "Total Cost": 231.99,
                  "Relation Name": "reserves",
                  "Parallel Aware": false,
                  "Alias": "r2",
                  "Node Type": "Seq Scan",
                  "Plan Width": 8,
                  "Startup Cost": 0.0,
                  "Plan Rows": 14999
                },
                {
                  "Parent Relationship": "Inner",
                  "Total Cost": 62.5,
                  "Plans": [
                    {
                      "Parent Relationship": "Outer",
                      "Total Cost": 62.5,
                      "Relation Name": "boat",
                      "Parallel Aware": false,
                      "Filter": "(color \u003d \u0027green\u0027::bpchar)",
                      "Alias": "b2",
                      "Node Type": "Seq Scan",
                      "Plan Width": 4,
                      "Startup Cost": 0.0,
                      "Plan Rows": 1000
                    }
                  ],
                  "Parallel Aware": false,
                  "Node Type": "Hash",
                  "Plan Width": 4,
                  "Startup Cost": 62.5,
                  "Plan Rows": 1000
                }
              ],
              "Parallel Aware": false,
              "Node Type": "Hash Join",
              "Join Type": "Inner",
              "Plan Width": 4,
              "Startup Cost": 75.0,
              "Hash Cond": "(r2.bid \u003d b2.bid)",
              "Plan Rows": 5000,
              "Inner Unique": true
            },
            {
              "Parent Relationship": "Inner",
              "Total Cost": 165.0,
              "Plans": [
                {
                  "Parent Relationship": "Outer",
                  "Total Cost": 165.0,
                  "Relation Name": "sailors",
                  "Parallel Aware": false,
                  "Alias": "s2",
                  "Node Type": "Seq Scan",
                  "Plan Width": 4,
                  "Startup Cost": 0.0,
                  "Plan Rows": 9000
                }
              ],
              "Parallel Aware": false,
              "Node Type": "Hash",
              "Plan Width": 4,
              "Startup Cost": 165.0,
              "Plan Rows": 9000
            }
          ],
          "Parallel Aware": false,
          "Node Type": "Hash Join",
          "Join Type": "Inner",
          "Plan Width": 8,
          "Startup Cost": 352.5,
          "Hash Cond": "(r2.sid \u003d s2.sid)",
          "Plan Rows": 5000,
          "Inner Unique": true
        }
      ],
      "Parallel Aware": false,
      "Node Type": "Hash",
      "Plan Width": 8,
      "Startup Cost": 637.05,
      "Plan Rows": 5000
    }
  ],
  "Parallel Aware": false,
  "Node Type": "Hash Join",
  "Join Type": "Semi",
  "Plan Width": 21,
  "Startup Cost": 1052.05,
  "Hash Cond": "(s.sid \u003d s2.sid)",
  "Plan Rows": 2778,
  "Inner Unique": false
}

------------------------------

Indicies Configuration #144:
Index btree on column sid in table sailors
Index hash on column bid in table reserves
Index hash on column sid in table reserves
Index hash on column bid in table boat

------------------------------

1. The Total Cost of the Plan = 1380.64
2. The Estimated Size of the Result Set = 2778
3. The Plan of the Query:
{
  "Total Cost": 1380.64,
  "Plans": [
    {
      "Parent Relationship": "Outer",
      "Total Cost": 637.05,
      "Plans": [
        {
          "Parent Relationship": "Outer",
          "Total Cost": 346.42,
          "Plans": [
            {
              "Parent Relationship": "Outer",
              "Total Cost": 231.99,
              "Relation Name": "reserves",
              "Parallel Aware": false,
              "Alias": "r",
              "Node Type": "Seq Scan",
              "Plan Width": 8,
              "Startup Cost": 0.0,
              "Plan Rows": 14999
            },
            {
              "Parent Relationship": "Inner",
              "Total Cost": 62.5,
              "Plans": [
                {
                  "Parent Relationship": "Outer",
                  "Total Cost": 62.5,
                  "Relation Name": "boat",
                  "Parallel Aware": false,
                  "Filter": "(color \u003d \u0027red\u0027::bpchar)",
                  "Alias": "b",
                  "Node Type": "Seq Scan",
                  "Plan Width": 4,
                  "Startup Cost": 0.0,
                  "Plan Rows": 1000
                }
              ],
              "Parallel Aware": false,
              "Node Type": "Hash",
              "Plan Width": 4,
              "Startup Cost": 62.5,
              "Plan Rows": 1000
            }
          ],
          "Parallel Aware": false,
          "Node Type": "Hash Join",
          "Join Type": "Inner",
          "Plan Width": 4,
          "Startup Cost": 75.0,
          "Hash Cond": "(r.bid \u003d b.bid)",
          "Plan Rows": 5000,
          "Inner Unique": true
        },
        {
          "Parent Relationship": "Inner",
          "Total Cost": 165.0,
          "Plans": [
            {
              "Parent Relationship": "Outer",
              "Total Cost": 165.0,
              "Relation Name": "sailors",
              "Parallel Aware": false,
              "Alias": "s",
              "Node Type": "Seq Scan",
              "Plan Width": 25,
              "Startup Cost": 0.0,
              "Plan Rows": 9000
            }
          ],
          "Parallel Aware": false,
          "Node Type": "Hash",
          "Plan Width": 25,
          "Startup Cost": 165.0,
          "Plan Rows": 9000
        }
      ],
      "Parallel Aware": false,
      "Node Type": "Hash Join",
      "Join Type": "Inner",
      "Plan Width": 29,
      "Startup Cost": 352.5,
      "Hash Cond": "(r.sid \u003d s.sid)",
      "Plan Rows": 5000,
      "Inner Unique": true
    },
    {
      "Parent Relationship": "Inner",
      "Total Cost": 637.05,
      "Plans": [
        {
          "Parent Relationship": "Outer",
          "Total Cost": 637.05,
          "Plans": [
            {
              "Parent Relationship": "Outer",
              "Total Cost": 346.42,
              "Plans": [
                {
                  "Parent Relationship": "Outer",
                  "Total Cost": 231.99,
                  "Relation Name": "reserves",
                  "Parallel Aware": false,
                  "Alias": "r2",
                  "Node Type": "Seq Scan",
                  "Plan Width": 8,
                  "Startup Cost": 0.0,
                  "Plan Rows": 14999
                },
                {
                  "Parent Relationship": "Inner",
                  "Total Cost": 62.5,
                  "Plans": [
                    {
                      "Parent Relationship": "Outer",
                      "Total Cost": 62.5,
                      "Relation Name": "boat",
                      "Parallel Aware": false,
                      "Filter": "(color \u003d \u0027green\u0027::bpchar)",
                      "Alias": "b2",
                      "Node Type": "Seq Scan",
                      "Plan Width": 4,
                      "Startup Cost": 0.0,
                      "Plan Rows": 1000
                    }
                  ],
                  "Parallel Aware": false,
                  "Node Type": "Hash",
                  "Plan Width": 4,
                  "Startup Cost": 62.5,
                  "Plan Rows": 1000
                }
              ],
              "Parallel Aware": false,
              "Node Type": "Hash Join",
              "Join Type": "Inner",
              "Plan Width": 4,
              "Startup Cost": 75.0,
              "Hash Cond": "(r2.bid \u003d b2.bid)",
              "Plan Rows": 5000,
              "Inner Unique": true
            },
            {
              "Parent Relationship": "Inner",
              "Total Cost": 165.0,
              "Plans": [
                {
                  "Parent Relationship": "Outer",
                  "Total Cost": 165.0,
                  "Relation Name": "sailors",
                  "Parallel Aware": false,
                  "Alias": "s2",
                  "Node Type": "Seq Scan",
                  "Plan Width": 4,
                  "Startup Cost": 0.0,
                  "Plan Rows": 9000
                }
              ],
              "Parallel Aware": false,
              "Node Type": "Hash",
              "Plan Width": 4,
              "Startup Cost": 165.0,
              "Plan Rows": 9000
            }
          ],
          "Parallel Aware": false,
          "Node Type": "Hash Join",
          "Join Type": "Inner",
          "Plan Width": 8,
          "Startup Cost": 352.5,
          "Hash Cond": "(r2.sid \u003d s2.sid)",
          "Plan Rows": 5000,
          "Inner Unique": true
        }
      ],
      "Parallel Aware": false,
      "Node Type": "Hash",
      "Plan Width": 8,
      "Startup Cost": 637.05,
      "Plan Rows": 5000
    }
  ],
  "Parallel Aware": false,
  "Node Type": "Hash Join",
  "Join Type": "Semi",
  "Plan Width": 21,
  "Startup Cost": 1052.05,
  "Hash Cond": "(s.sid \u003d s2.sid)",
  "Plan Rows": 2778,
  "Inner Unique": false
}

------------------------------

Indicies Configuration #145:
Index btree on column sid in table sailors
Index hash on column bid in table reserves
Index btree on column color in table boat

------------------------------

1. The Total Cost of the Plan = 1380.64
2. The Estimated Size of the Result Set = 2778
3. The Plan of the Query:
{
  "Total Cost": 1380.64,
  "Plans": [
    {
      "Parent Relationship": "Outer",
      "Total Cost": 637.05,
      "Plans": [
        {
          "Parent Relationship": "Outer",
          "Total Cost": 346.42,
          "Plans": [
            {
              "Parent Relationship": "Outer",
              "Total Cost": 231.99,
              "Relation Name": "reserves",
              "Parallel Aware": false,
              "Alias": "r",
              "Node Type": "Seq Scan",
              "Plan Width": 8,
              "Startup Cost": 0.0,
              "Plan Rows": 14999
            },
            {
              "Parent Relationship": "Inner",
              "Total Cost": 62.5,
              "Plans": [
                {
                  "Parent Relationship": "Outer",
                  "Total Cost": 62.5,
                  "Relation Name": "boat",
                  "Parallel Aware": false,
                  "Filter": "(color \u003d \u0027red\u0027::bpchar)",
                  "Alias": "b",
                  "Node Type": "Seq Scan",
                  "Plan Width": 4,
                  "Startup Cost": 0.0,
                  "Plan Rows": 1000
                }
              ],
              "Parallel Aware": false,
              "Node Type": "Hash",
              "Plan Width": 4,
              "Startup Cost": 62.5,
              "Plan Rows": 1000
            }
          ],
          "Parallel Aware": false,
          "Node Type": "Hash Join",
          "Join Type": "Inner",
          "Plan Width": 4,
          "Startup Cost": 75.0,
          "Hash Cond": "(r.bid \u003d b.bid)",
          "Plan Rows": 5000,
          "Inner Unique": true
        },
        {
          "Parent Relationship": "Inner",
          "Total Cost": 165.0,
          "Plans": [
            {
              "Parent Relationship": "Outer",
              "Total Cost": 165.0,
              "Relation Name": "sailors",
              "Parallel Aware": false,
              "Alias": "s",
              "Node Type": "Seq Scan",
              "Plan Width": 25,
              "Startup Cost": 0.0,
              "Plan Rows": 9000
            }
          ],
          "Parallel Aware": false,
          "Node Type": "Hash",
          "Plan Width": 25,
          "Startup Cost": 165.0,
          "Plan Rows": 9000
        }
      ],
      "Parallel Aware": false,
      "Node Type": "Hash Join",
      "Join Type": "Inner",
      "Plan Width": 29,
      "Startup Cost": 352.5,
      "Hash Cond": "(r.sid \u003d s.sid)",
      "Plan Rows": 5000,
      "Inner Unique": true
    },
    {
      "Parent Relationship": "Inner",
      "Total Cost": 637.05,
      "Plans": [
        {
          "Parent Relationship": "Outer",
          "Total Cost": 637.05,
          "Plans": [
            {
              "Parent Relationship": "Outer",
              "Total Cost": 346.42,
              "Plans": [
                {
                  "Parent Relationship": "Outer",
                  "Total Cost": 231.99,
                  "Relation Name": "reserves",
                  "Parallel Aware": false,
                  "Alias": "r2",
                  "Node Type": "Seq Scan",
                  "Plan Width": 8,
                  "Startup Cost": 0.0,
                  "Plan Rows": 14999
                },
                {
                  "Parent Relationship": "Inner",
                  "Total Cost": 62.5,
                  "Plans": [
                    {
                      "Parent Relationship": "Outer",
                      "Total Cost": 62.5,
                      "Relation Name": "boat",
                      "Parallel Aware": false,
                      "Filter": "(color \u003d \u0027green\u0027::bpchar)",
                      "Alias": "b2",
                      "Node Type": "Seq Scan",
                      "Plan Width": 4,
                      "Startup Cost": 0.0,
                      "Plan Rows": 1000
                    }
                  ],
                  "Parallel Aware": false,
                  "Node Type": "Hash",
                  "Plan Width": 4,
                  "Startup Cost": 62.5,
                  "Plan Rows": 1000
                }
              ],
              "Parallel Aware": false,
              "Node Type": "Hash Join",
              "Join Type": "Inner",
              "Plan Width": 4,
              "Startup Cost": 75.0,
              "Hash Cond": "(r2.bid \u003d b2.bid)",
              "Plan Rows": 5000,
              "Inner Unique": true
            },
            {
              "Parent Relationship": "Inner",
              "Total Cost": 165.0,
              "Plans": [
                {
                  "Parent Relationship": "Outer",
                  "Total Cost": 165.0,
                  "Relation Name": "sailors",
                  "Parallel Aware": false,
                  "Alias": "s2",
                  "Node Type": "Seq Scan",
                  "Plan Width": 4,
                  "Startup Cost": 0.0,
                  "Plan Rows": 9000
                }
              ],
              "Parallel Aware": false,
              "Node Type": "Hash",
              "Plan Width": 4,
              "Startup Cost": 165.0,
              "Plan Rows": 9000
            }
          ],
          "Parallel Aware": false,
          "Node Type": "Hash Join",
          "Join Type": "Inner",
          "Plan Width": 8,
          "Startup Cost": 352.5,
          "Hash Cond": "(r2.sid \u003d s2.sid)",
          "Plan Rows": 5000,
          "Inner Unique": true
        }
      ],
      "Parallel Aware": false,
      "Node Type": "Hash",
      "Plan Width": 8,
      "Startup Cost": 637.05,
      "Plan Rows": 5000
    }
  ],
  "Parallel Aware": false,
  "Node Type": "Hash Join",
  "Join Type": "Semi",
  "Plan Width": 21,
  "Startup Cost": 1052.05,
  "Hash Cond": "(s.sid \u003d s2.sid)",
  "Plan Rows": 2778,
  "Inner Unique": false
}

------------------------------

Indicies Configuration #146:
Index btree on column sid in table sailors
Index hash on column bid in table reserves
Index btree on column color in table boat
Index btree on column bid in table boat

------------------------------

1. The Total Cost of the Plan = 1380.64
2. The Estimated Size of the Result Set = 2778
3. The Plan of the Query:
{
  "Total Cost": 1380.64,
  "Plans": [
    {
      "Parent Relationship": "Outer",
      "Total Cost": 637.05,
      "Plans": [
        {
          "Parent Relationship": "Outer",
          "Total Cost": 346.42,
          "Plans": [
            {
              "Parent Relationship": "Outer",
              "Total Cost": 231.99,
              "Relation Name": "reserves",
              "Parallel Aware": false,
              "Alias": "r",
              "Node Type": "Seq Scan",
              "Plan Width": 8,
              "Startup Cost": 0.0,
              "Plan Rows": 14999
            },
            {
              "Parent Relationship": "Inner",
              "Total Cost": 62.5,
              "Plans": [
                {
                  "Parent Relationship": "Outer",
                  "Total Cost": 62.5,
                  "Relation Name": "boat",
                  "Parallel Aware": false,
                  "Filter": "(color \u003d \u0027red\u0027::bpchar)",
                  "Alias": "b",
                  "Node Type": "Seq Scan",
                  "Plan Width": 4,
                  "Startup Cost": 0.0,
                  "Plan Rows": 1000
                }
              ],
              "Parallel Aware": false,
              "Node Type": "Hash",
              "Plan Width": 4,
              "Startup Cost": 62.5,
              "Plan Rows": 1000
            }
          ],
          "Parallel Aware": false,
          "Node Type": "Hash Join",
          "Join Type": "Inner",
          "Plan Width": 4,
          "Startup Cost": 75.0,
          "Hash Cond": "(r.bid \u003d b.bid)",
          "Plan Rows": 5000,
          "Inner Unique": true
        },
        {
          "Parent Relationship": "Inner",
          "Total Cost": 165.0,
          "Plans": [
            {
              "Parent Relationship": "Outer",
              "Total Cost": 165.0,
              "Relation Name": "sailors",
              "Parallel Aware": false,
              "Alias": "s",
              "Node Type": "Seq Scan",
              "Plan Width": 25,
              "Startup Cost": 0.0,
              "Plan Rows": 9000
            }
          ],
          "Parallel Aware": false,
          "Node Type": "Hash",
          "Plan Width": 25,
          "Startup Cost": 165.0,
          "Plan Rows": 9000
        }
      ],
      "Parallel Aware": false,
      "Node Type": "Hash Join",
      "Join Type": "Inner",
      "Plan Width": 29,
      "Startup Cost": 352.5,
      "Hash Cond": "(r.sid \u003d s.sid)",
      "Plan Rows": 5000,
      "Inner Unique": true
    },
    {
      "Parent Relationship": "Inner",
      "Total Cost": 637.05,
      "Plans": [
        {
          "Parent Relationship": "Outer",
          "Total Cost": 637.05,
          "Plans": [
            {
              "Parent Relationship": "Outer",
              "Total Cost": 346.42,
              "Plans": [
                {
                  "Parent Relationship": "Outer",
                  "Total Cost": 231.99,
                  "Relation Name": "reserves",
                  "Parallel Aware": false,
                  "Alias": "r2",
                  "Node Type": "Seq Scan",
                  "Plan Width": 8,
                  "Startup Cost": 0.0,
                  "Plan Rows": 14999
                },
                {
                  "Parent Relationship": "Inner",
                  "Total Cost": 62.5,
                  "Plans": [
                    {
                      "Parent Relationship": "Outer",
                      "Total Cost": 62.5,
                      "Relation Name": "boat",
                      "Parallel Aware": false,
                      "Filter": "(color \u003d \u0027green\u0027::bpchar)",
                      "Alias": "b2",
                      "Node Type": "Seq Scan",
                      "Plan Width": 4,
                      "Startup Cost": 0.0,
                      "Plan Rows": 1000
                    }
                  ],
                  "Parallel Aware": false,
                  "Node Type": "Hash",
                  "Plan Width": 4,
                  "Startup Cost": 62.5,
                  "Plan Rows": 1000
                }
              ],
              "Parallel Aware": false,
              "Node Type": "Hash Join",
              "Join Type": "Inner",
              "Plan Width": 4,
              "Startup Cost": 75.0,
              "Hash Cond": "(r2.bid \u003d b2.bid)",
              "Plan Rows": 5000,
              "Inner Unique": true
            },
            {
              "Parent Relationship": "Inner",
              "Total Cost": 165.0,
              "Plans": [
                {
                  "Parent Relationship": "Outer",
                  "Total Cost": 165.0,
                  "Relation Name": "sailors",
                  "Parallel Aware": false,
                  "Alias": "s2",
                  "Node Type": "Seq Scan",
                  "Plan Width": 4,
                  "Startup Cost": 0.0,
                  "Plan Rows": 9000
                }
              ],
              "Parallel Aware": false,
              "Node Type": "Hash",
              "Plan Width": 4,
              "Startup Cost": 165.0,
              "Plan Rows": 9000
            }
          ],
          "Parallel Aware": false,
          "Node Type": "Hash Join",
          "Join Type": "Inner",
          "Plan Width": 8,
          "Startup Cost": 352.5,
          "Hash Cond": "(r2.sid \u003d s2.sid)",
          "Plan Rows": 5000,
          "Inner Unique": true
        }
      ],
      "Parallel Aware": false,
      "Node Type": "Hash",
      "Plan Width": 8,
      "Startup Cost": 637.05,
      "Plan Rows": 5000
    }
  ],
  "Parallel Aware": false,
  "Node Type": "Hash Join",
  "Join Type": "Semi",
  "Plan Width": 21,
  "Startup Cost": 1052.05,
  "Hash Cond": "(s.sid \u003d s2.sid)",
  "Plan Rows": 2778,
  "Inner Unique": false
}

------------------------------

Indicies Configuration #147:
Index btree on column sid in table sailors
Index hash on column bid in table reserves
Index btree on column color in table boat
Index hash on column bid in table boat

------------------------------

1. The Total Cost of the Plan = 1380.64
2. The Estimated Size of the Result Set = 2778
3. The Plan of the Query:
{
  "Total Cost": 1380.64,
  "Plans": [
    {
      "Parent Relationship": "Outer",
      "Total Cost": 637.05,
      "Plans": [
        {
          "Parent Relationship": "Outer",
          "Total Cost": 346.42,
          "Plans": [
            {
              "Parent Relationship": "Outer",
              "Total Cost": 231.99,
              "Relation Name": "reserves",
              "Parallel Aware": false,
              "Alias": "r",
              "Node Type": "Seq Scan",
              "Plan Width": 8,
              "Startup Cost": 0.0,
              "Plan Rows": 14999
            },
            {
              "Parent Relationship": "Inner",
              "Total Cost": 62.5,
              "Plans": [
                {
                  "Parent Relationship": "Outer",
                  "Total Cost": 62.5,
                  "Relation Name": "boat",
                  "Parallel Aware": false,
                  "Filter": "(color \u003d \u0027red\u0027::bpchar)",
                  "Alias": "b",
                  "Node Type": "Seq Scan",
                  "Plan Width": 4,
                  "Startup Cost": 0.0,
                  "Plan Rows": 1000
                }
              ],
              "Parallel Aware": false,
              "Node Type": "Hash",
              "Plan Width": 4,
              "Startup Cost": 62.5,
              "Plan Rows": 1000
            }
          ],
          "Parallel Aware": false,
          "Node Type": "Hash Join",
          "Join Type": "Inner",
          "Plan Width": 4,
          "Startup Cost": 75.0,
          "Hash Cond": "(r.bid \u003d b.bid)",
          "Plan Rows": 5000,
          "Inner Unique": true
        },
        {
          "Parent Relationship": "Inner",
          "Total Cost": 165.0,
          "Plans": [
            {
              "Parent Relationship": "Outer",
              "Total Cost": 165.0,
              "Relation Name": "sailors",
              "Parallel Aware": false,
              "Alias": "s",
              "Node Type": "Seq Scan",
              "Plan Width": 25,
              "Startup Cost": 0.0,
              "Plan Rows": 9000
            }
          ],
          "Parallel Aware": false,
          "Node Type": "Hash",
          "Plan Width": 25,
          "Startup Cost": 165.0,
          "Plan Rows": 9000
        }
      ],
      "Parallel Aware": false,
      "Node Type": "Hash Join",
      "Join Type": "Inner",
      "Plan Width": 29,
      "Startup Cost": 352.5,
      "Hash Cond": "(r.sid \u003d s.sid)",
      "Plan Rows": 5000,
      "Inner Unique": true
    },
    {
      "Parent Relationship": "Inner",
      "Total Cost": 637.05,
      "Plans": [
        {
          "Parent Relationship": "Outer",
          "Total Cost": 637.05,
          "Plans": [
            {
              "Parent Relationship": "Outer",
              "Total Cost": 346.42,
              "Plans": [
                {
                  "Parent Relationship": "Outer",
                  "Total Cost": 231.99,
                  "Relation Name": "reserves",
                  "Parallel Aware": false,
                  "Alias": "r2",
                  "Node Type": "Seq Scan",
                  "Plan Width": 8,
                  "Startup Cost": 0.0,
                  "Plan Rows": 14999
                },
                {
                  "Parent Relationship": "Inner",
                  "Total Cost": 62.5,
                  "Plans": [
                    {
                      "Parent Relationship": "Outer",
                      "Total Cost": 62.5,
                      "Relation Name": "boat",
                      "Parallel Aware": false,
                      "Filter": "(color \u003d \u0027green\u0027::bpchar)",
                      "Alias": "b2",
                      "Node Type": "Seq Scan",
                      "Plan Width": 4,
                      "Startup Cost": 0.0,
                      "Plan Rows": 1000
                    }
                  ],
                  "Parallel Aware": false,
                  "Node Type": "Hash",
                  "Plan Width": 4,
                  "Startup Cost": 62.5,
                  "Plan Rows": 1000
                }
              ],
              "Parallel Aware": false,
              "Node Type": "Hash Join",
              "Join Type": "Inner",
              "Plan Width": 4,
              "Startup Cost": 75.0,
              "Hash Cond": "(r2.bid \u003d b2.bid)",
              "Plan Rows": 5000,
              "Inner Unique": true
            },
            {
              "Parent Relationship": "Inner",
              "Total Cost": 165.0,
              "Plans": [
                {
                  "Parent Relationship": "Outer",
                  "Total Cost": 165.0,
                  "Relation Name": "sailors",
                  "Parallel Aware": false,
                  "Alias": "s2",
                  "Node Type": "Seq Scan",
                  "Plan Width": 4,
                  "Startup Cost": 0.0,
                  "Plan Rows": 9000
                }
              ],
              "Parallel Aware": false,
              "Node Type": "Hash",
              "Plan Width": 4,
              "Startup Cost": 165.0,
              "Plan Rows": 9000
            }
          ],
          "Parallel Aware": false,
          "Node Type": "Hash Join",
          "Join Type": "Inner",
          "Plan Width": 8,
          "Startup Cost": 352.5,
          "Hash Cond": "(r2.sid \u003d s2.sid)",
          "Plan Rows": 5000,
          "Inner Unique": true
        }
      ],
      "Parallel Aware": false,
      "Node Type": "Hash",
      "Plan Width": 8,
      "Startup Cost": 637.05,
      "Plan Rows": 5000
    }
  ],
  "Parallel Aware": false,
  "Node Type": "Hash Join",
  "Join Type": "Semi",
  "Plan Width": 21,
  "Startup Cost": 1052.05,
  "Hash Cond": "(s.sid \u003d s2.sid)",
  "Plan Rows": 2778,
  "Inner Unique": false
}

------------------------------

Indicies Configuration #148:
Index btree on column sid in table sailors
Index hash on column bid in table reserves
Index btree on column color in table boat
Index btree on column sid in table reserves

------------------------------

1. The Total Cost of the Plan = 1380.64
2. The Estimated Size of the Result Set = 2778
3. The Plan of the Query:
{
  "Total Cost": 1380.64,
  "Plans": [
    {
      "Parent Relationship": "Outer",
      "Total Cost": 637.05,
      "Plans": [
        {
          "Parent Relationship": "Outer",
          "Total Cost": 346.42,
          "Plans": [
            {
              "Parent Relationship": "Outer",
              "Total Cost": 231.99,
              "Relation Name": "reserves",
              "Parallel Aware": false,
              "Alias": "r",
              "Node Type": "Seq Scan",
              "Plan Width": 8,
              "Startup Cost": 0.0,
              "Plan Rows": 14999
            },
            {
              "Parent Relationship": "Inner",
              "Total Cost": 62.5,
              "Plans": [
                {
                  "Parent Relationship": "Outer",
                  "Total Cost": 62.5,
                  "Relation Name": "boat",
                  "Parallel Aware": false,
                  "Filter": "(color \u003d \u0027red\u0027::bpchar)",
                  "Alias": "b",
                  "Node Type": "Seq Scan",
                  "Plan Width": 4,
                  "Startup Cost": 0.0,
                  "Plan Rows": 1000
                }
              ],
              "Parallel Aware": false,
              "Node Type": "Hash",
              "Plan Width": 4,
              "Startup Cost": 62.5,
              "Plan Rows": 1000
            }
          ],
          "Parallel Aware": false,
          "Node Type": "Hash Join",
          "Join Type": "Inner",
          "Plan Width": 4,
          "Startup Cost": 75.0,
          "Hash Cond": "(r.bid \u003d b.bid)",
          "Plan Rows": 5000,
          "Inner Unique": true
        },
        {
          "Parent Relationship": "Inner",
          "Total Cost": 165.0,
          "Plans": [
            {
              "Parent Relationship": "Outer",
              "Total Cost": 165.0,
              "Relation Name": "sailors",
              "Parallel Aware": false,
              "Alias": "s",
              "Node Type": "Seq Scan",
              "Plan Width": 25,
              "Startup Cost": 0.0,
              "Plan Rows": 9000
            }
          ],
          "Parallel Aware": false,
          "Node Type": "Hash",
          "Plan Width": 25,
          "Startup Cost": 165.0,
          "Plan Rows": 9000
        }
      ],
      "Parallel Aware": false,
      "Node Type": "Hash Join",
      "Join Type": "Inner",
      "Plan Width": 29,
      "Startup Cost": 352.5,
      "Hash Cond": "(r.sid \u003d s.sid)",
      "Plan Rows": 5000,
      "Inner Unique": true
    },
    {
      "Parent Relationship": "Inner",
      "Total Cost": 637.05,
      "Plans": [
        {
          "Parent Relationship": "Outer",
          "Total Cost": 637.05,
          "Plans": [
            {
              "Parent Relationship": "Outer",
              "Total Cost": 346.42,
              "Plans": [
                {
                  "Parent Relationship": "Outer",
                  "Total Cost": 231.99,
                  "Relation Name": "reserves",
                  "Parallel Aware": false,
                  "Alias": "r2",
                  "Node Type": "Seq Scan",
                  "Plan Width": 8,
                  "Startup Cost": 0.0,
                  "Plan Rows": 14999
                },
                {
                  "Parent Relationship": "Inner",
                  "Total Cost": 62.5,
                  "Plans": [
                    {
                      "Parent Relationship": "Outer",
                      "Total Cost": 62.5,
                      "Relation Name": "boat",
                      "Parallel Aware": false,
                      "Filter": "(color \u003d \u0027green\u0027::bpchar)",
                      "Alias": "b2",
                      "Node Type": "Seq Scan",
                      "Plan Width": 4,
                      "Startup Cost": 0.0,
                      "Plan Rows": 1000
                    }
                  ],
                  "Parallel Aware": false,
                  "Node Type": "Hash",
                  "Plan Width": 4,
                  "Startup Cost": 62.5,
                  "Plan Rows": 1000
                }
              ],
              "Parallel Aware": false,
              "Node Type": "Hash Join",
              "Join Type": "Inner",
              "Plan Width": 4,
              "Startup Cost": 75.0,
              "Hash Cond": "(r2.bid \u003d b2.bid)",
              "Plan Rows": 5000,
              "Inner Unique": true
            },
            {
              "Parent Relationship": "Inner",
              "Total Cost": 165.0,
              "Plans": [
                {
                  "Parent Relationship": "Outer",
                  "Total Cost": 165.0,
                  "Relation Name": "sailors",
                  "Parallel Aware": false,
                  "Alias": "s2",
                  "Node Type": "Seq Scan",
                  "Plan Width": 4,
                  "Startup Cost": 0.0,
                  "Plan Rows": 9000
                }
              ],
              "Parallel Aware": false,
              "Node Type": "Hash",
              "Plan Width": 4,
              "Startup Cost": 165.0,
              "Plan Rows": 9000
            }
          ],
          "Parallel Aware": false,
          "Node Type": "Hash Join",
          "Join Type": "Inner",
          "Plan Width": 8,
          "Startup Cost": 352.5,
          "Hash Cond": "(r2.sid \u003d s2.sid)",
          "Plan Rows": 5000,
          "Inner Unique": true
        }
      ],
      "Parallel Aware": false,
      "Node Type": "Hash",
      "Plan Width": 8,
      "Startup Cost": 637.05,
      "Plan Rows": 5000
    }
  ],
  "Parallel Aware": false,
  "Node Type": "Hash Join",
  "Join Type": "Semi",
  "Plan Width": 21,
  "Startup Cost": 1052.05,
  "Hash Cond": "(s.sid \u003d s2.sid)",
  "Plan Rows": 2778,
  "Inner Unique": false
}

------------------------------

Indicies Configuration #149:
Index btree on column sid in table sailors
Index hash on column bid in table reserves
Index btree on column color in table boat
Index btree on column sid in table reserves
Index btree on column bid in table boat

------------------------------

1. The Total Cost of the Plan = 1380.64
2. The Estimated Size of the Result Set = 2778
3. The Plan of the Query:
{
  "Total Cost": 1380.64,
  "Plans": [
    {
      "Parent Relationship": "Outer",
      "Total Cost": 637.05,
      "Plans": [
        {
          "Parent Relationship": "Outer",
          "Total Cost": 346.42,
          "Plans": [
            {
              "Parent Relationship": "Outer",
              "Total Cost": 231.99,
              "Relation Name": "reserves",
              "Parallel Aware": false,
              "Alias": "r",
              "Node Type": "Seq Scan",
              "Plan Width": 8,
              "Startup Cost": 0.0,
              "Plan Rows": 14999
            },
            {
              "Parent Relationship": "Inner",
              "Total Cost": 62.5,
              "Plans": [
                {
                  "Parent Relationship": "Outer",
                  "Total Cost": 62.5,
                  "Relation Name": "boat",
                  "Parallel Aware": false,
                  "Filter": "(color \u003d \u0027red\u0027::bpchar)",
                  "Alias": "b",
                  "Node Type": "Seq Scan",
                  "Plan Width": 4,
                  "Startup Cost": 0.0,
                  "Plan Rows": 1000
                }
              ],
              "Parallel Aware": false,
              "Node Type": "Hash",
              "Plan Width": 4,
              "Startup Cost": 62.5,
              "Plan Rows": 1000
            }
          ],
          "Parallel Aware": false,
          "Node Type": "Hash Join",
          "Join Type": "Inner",
          "Plan Width": 4,
          "Startup Cost": 75.0,
          "Hash Cond": "(r.bid \u003d b.bid)",
          "Plan Rows": 5000,
          "Inner Unique": true
        },
        {
          "Parent Relationship": "Inner",
          "Total Cost": 165.0,
          "Plans": [
            {
              "Parent Relationship": "Outer",
              "Total Cost": 165.0,
              "Relation Name": "sailors",
              "Parallel Aware": false,
              "Alias": "s",
              "Node Type": "Seq Scan",
              "Plan Width": 25,
              "Startup Cost": 0.0,
              "Plan Rows": 9000
            }
          ],
          "Parallel Aware": false,
          "Node Type": "Hash",
          "Plan Width": 25,
          "Startup Cost": 165.0,
          "Plan Rows": 9000
        }
      ],
      "Parallel Aware": false,
      "Node Type": "Hash Join",
      "Join Type": "Inner",
      "Plan Width": 29,
      "Startup Cost": 352.5,
      "Hash Cond": "(r.sid \u003d s.sid)",
      "Plan Rows": 5000,
      "Inner Unique": true
    },
    {
      "Parent Relationship": "Inner",
      "Total Cost": 637.05,
      "Plans": [
        {
          "Parent Relationship": "Outer",
          "Total Cost": 637.05,
          "Plans": [
            {
              "Parent Relationship": "Outer",
              "Total Cost": 346.42,
              "Plans": [
                {
                  "Parent Relationship": "Outer",
                  "Total Cost": 231.99,
                  "Relation Name": "reserves",
                  "Parallel Aware": false,
                  "Alias": "r2",
                  "Node Type": "Seq Scan",
                  "Plan Width": 8,
                  "Startup Cost": 0.0,
                  "Plan Rows": 14999
                },
                {
                  "Parent Relationship": "Inner",
                  "Total Cost": 62.5,
                  "Plans": [
                    {
                      "Parent Relationship": "Outer",
                      "Total Cost": 62.5,
                      "Relation Name": "boat",
                      "Parallel Aware": false,
                      "Filter": "(color \u003d \u0027green\u0027::bpchar)",
                      "Alias": "b2",
                      "Node Type": "Seq Scan",
                      "Plan Width": 4,
                      "Startup Cost": 0.0,
                      "Plan Rows": 1000
                    }
                  ],
                  "Parallel Aware": false,
                  "Node Type": "Hash",
                  "Plan Width": 4,
                  "Startup Cost": 62.5,
                  "Plan Rows": 1000
                }
              ],
              "Parallel Aware": false,
              "Node Type": "Hash Join",
              "Join Type": "Inner",
              "Plan Width": 4,
              "Startup Cost": 75.0,
              "Hash Cond": "(r2.bid \u003d b2.bid)",
              "Plan Rows": 5000,
              "Inner Unique": true
            },
            {
              "Parent Relationship": "Inner",
              "Total Cost": 165.0,
              "Plans": [
                {
                  "Parent Relationship": "Outer",
                  "Total Cost": 165.0,
                  "Relation Name": "sailors",
                  "Parallel Aware": false,
                  "Alias": "s2",
                  "Node Type": "Seq Scan",
                  "Plan Width": 4,
                  "Startup Cost": 0.0,
                  "Plan Rows": 9000
                }
              ],
              "Parallel Aware": false,
              "Node Type": "Hash",
              "Plan Width": 4,
              "Startup Cost": 165.0,
              "Plan Rows": 9000
            }
          ],
          "Parallel Aware": false,
          "Node Type": "Hash Join",
          "Join Type": "Inner",
          "Plan Width": 8,
          "Startup Cost": 352.5,
          "Hash Cond": "(r2.sid \u003d s2.sid)",
          "Plan Rows": 5000,
          "Inner Unique": true
        }
      ],
      "Parallel Aware": false,
      "Node Type": "Hash",
      "Plan Width": 8,
      "Startup Cost": 637.05,
      "Plan Rows": 5000
    }
  ],
  "Parallel Aware": false,
  "Node Type": "Hash Join",
  "Join Type": "Semi",
  "Plan Width": 21,
  "Startup Cost": 1052.05,
  "Hash Cond": "(s.sid \u003d s2.sid)",
  "Plan Rows": 2778,
  "Inner Unique": false
}

------------------------------

Indicies Configuration #150:
Index btree on column sid in table sailors
Index hash on column bid in table reserves
Index btree on column color in table boat
Index btree on column sid in table reserves
Index hash on column bid in table boat

------------------------------

1. The Total Cost of the Plan = 1380.64
2. The Estimated Size of the Result Set = 2778
3. The Plan of the Query:
{
  "Total Cost": 1380.64,
  "Plans": [
    {
      "Parent Relationship": "Outer",
      "Total Cost": 637.05,
      "Plans": [
        {
          "Parent Relationship": "Outer",
          "Total Cost": 346.42,
          "Plans": [
            {
              "Parent Relationship": "Outer",
              "Total Cost": 231.99,
              "Relation Name": "reserves",
              "Parallel Aware": false,
              "Alias": "r",
              "Node Type": "Seq Scan",
              "Plan Width": 8,
              "Startup Cost": 0.0,
              "Plan Rows": 14999
            },
            {
              "Parent Relationship": "Inner",
              "Total Cost": 62.5,
              "Plans": [
                {
                  "Parent Relationship": "Outer",
                  "Total Cost": 62.5,
                  "Relation Name": "boat",
                  "Parallel Aware": false,
                  "Filter": "(color \u003d \u0027red\u0027::bpchar)",
                  "Alias": "b",
                  "Node Type": "Seq Scan",
                  "Plan Width": 4,
                  "Startup Cost": 0.0,
                  "Plan Rows": 1000
                }
              ],
              "Parallel Aware": false,
              "Node Type": "Hash",
              "Plan Width": 4,
              "Startup Cost": 62.5,
              "Plan Rows": 1000
            }
          ],
          "Parallel Aware": false,
          "Node Type": "Hash Join",
          "Join Type": "Inner",
          "Plan Width": 4,
          "Startup Cost": 75.0,
          "Hash Cond": "(r.bid \u003d b.bid)",
          "Plan Rows": 5000,
          "Inner Unique": true
        },
        {
          "Parent Relationship": "Inner",
          "Total Cost": 165.0,
          "Plans": [
            {
              "Parent Relationship": "Outer",
              "Total Cost": 165.0,
              "Relation Name": "sailors",
              "Parallel Aware": false,
              "Alias": "s",
              "Node Type": "Seq Scan",
              "Plan Width": 25,
              "Startup Cost": 0.0,
              "Plan Rows": 9000
            }
          ],
          "Parallel Aware": false,
          "Node Type": "Hash",
          "Plan Width": 25,
          "Startup Cost": 165.0,
          "Plan Rows": 9000
        }
      ],
      "Parallel Aware": false,
      "Node Type": "Hash Join",
      "Join Type": "Inner",
      "Plan Width": 29,
      "Startup Cost": 352.5,
      "Hash Cond": "(r.sid \u003d s.sid)",
      "Plan Rows": 5000,
      "Inner Unique": true
    },
    {
      "Parent Relationship": "Inner",
      "Total Cost": 637.05,
      "Plans": [
        {
          "Parent Relationship": "Outer",
          "Total Cost": 637.05,
          "Plans": [
            {
              "Parent Relationship": "Outer",
              "Total Cost": 346.42,
              "Plans": [
                {
                  "Parent Relationship": "Outer",
                  "Total Cost": 231.99,
                  "Relation Name": "reserves",
                  "Parallel Aware": false,
                  "Alias": "r2",
                  "Node Type": "Seq Scan",
                  "Plan Width": 8,
                  "Startup Cost": 0.0,
                  "Plan Rows": 14999
                },
                {
                  "Parent Relationship": "Inner",
                  "Total Cost": 62.5,
                  "Plans": [
                    {
                      "Parent Relationship": "Outer",
                      "Total Cost": 62.5,
                      "Relation Name": "boat",
                      "Parallel Aware": false,
                      "Filter": "(color \u003d \u0027green\u0027::bpchar)",
                      "Alias": "b2",
                      "Node Type": "Seq Scan",
                      "Plan Width": 4,
                      "Startup Cost": 0.0,
                      "Plan Rows": 1000
                    }
                  ],
                  "Parallel Aware": false,
                  "Node Type": "Hash",
                  "Plan Width": 4,
                  "Startup Cost": 62.5,
                  "Plan Rows": 1000
                }
              ],
              "Parallel Aware": false,
              "Node Type": "Hash Join",
              "Join Type": "Inner",
              "Plan Width": 4,
              "Startup Cost": 75.0,
              "Hash Cond": "(r2.bid \u003d b2.bid)",
              "Plan Rows": 5000,
              "Inner Unique": true
            },
            {
              "Parent Relationship": "Inner",
              "Total Cost": 165.0,
              "Plans": [
                {
                  "Parent Relationship": "Outer",
                  "Total Cost": 165.0,
                  "Relation Name": "sailors",
                  "Parallel Aware": false,
                  "Alias": "s2",
                  "Node Type": "Seq Scan",
                  "Plan Width": 4,
                  "Startup Cost": 0.0,
                  "Plan Rows": 9000
                }
              ],
              "Parallel Aware": false,
              "Node Type": "Hash",
              "Plan Width": 4,
              "Startup Cost": 165.0,
              "Plan Rows": 9000
            }
          ],
          "Parallel Aware": false,
          "Node Type": "Hash Join",
          "Join Type": "Inner",
          "Plan Width": 8,
          "Startup Cost": 352.5,
          "Hash Cond": "(r2.sid \u003d s2.sid)",
          "Plan Rows": 5000,
          "Inner Unique": true
        }
      ],
      "Parallel Aware": false,
      "Node Type": "Hash",
      "Plan Width": 8,
      "Startup Cost": 637.05,
      "Plan Rows": 5000
    }
  ],
  "Parallel Aware": false,
  "Node Type": "Hash Join",
  "Join Type": "Semi",
  "Plan Width": 21,
  "Startup Cost": 1052.05,
  "Hash Cond": "(s.sid \u003d s2.sid)",
  "Plan Rows": 2778,
  "Inner Unique": false
}

------------------------------

Indicies Configuration #151:
Index btree on column sid in table sailors
Index hash on column bid in table reserves
Index btree on column color in table boat
Index hash on column sid in table reserves

------------------------------

1. The Total Cost of the Plan = 1380.64
2. The Estimated Size of the Result Set = 2778
3. The Plan of the Query:
{
  "Total Cost": 1380.64,
  "Plans": [
    {
      "Parent Relationship": "Outer",
      "Total Cost": 637.05,
      "Plans": [
        {
          "Parent Relationship": "Outer",
          "Total Cost": 346.42,
          "Plans": [
            {
              "Parent Relationship": "Outer",
              "Total Cost": 231.99,
              "Relation Name": "reserves",
              "Parallel Aware": false,
              "Alias": "r",
              "Node Type": "Seq Scan",
              "Plan Width": 8,
              "Startup Cost": 0.0,
              "Plan Rows": 14999
            },
            {
              "Parent Relationship": "Inner",
              "Total Cost": 62.5,
              "Plans": [
                {
                  "Parent Relationship": "Outer",
                  "Total Cost": 62.5,
                  "Relation Name": "boat",
                  "Parallel Aware": false,
                  "Filter": "(color \u003d \u0027red\u0027::bpchar)",
                  "Alias": "b",
                  "Node Type": "Seq Scan",
                  "Plan Width": 4,
                  "Startup Cost": 0.0,
                  "Plan Rows": 1000
                }
              ],
              "Parallel Aware": false,
              "Node Type": "Hash",
              "Plan Width": 4,
              "Startup Cost": 62.5,
              "Plan Rows": 1000
            }
          ],
          "Parallel Aware": false,
          "Node Type": "Hash Join",
          "Join Type": "Inner",
          "Plan Width": 4,
          "Startup Cost": 75.0,
          "Hash Cond": "(r.bid \u003d b.bid)",
          "Plan Rows": 5000,
          "Inner Unique": true
        },
        {
          "Parent Relationship": "Inner",
          "Total Cost": 165.0,
          "Plans": [
            {
              "Parent Relationship": "Outer",
              "Total Cost": 165.0,
              "Relation Name": "sailors",
              "Parallel Aware": false,
              "Alias": "s",
              "Node Type": "Seq Scan",
              "Plan Width": 25,
              "Startup Cost": 0.0,
              "Plan Rows": 9000
            }
          ],
          "Parallel Aware": false,
          "Node Type": "Hash",
          "Plan Width": 25,
          "Startup Cost": 165.0,
          "Plan Rows": 9000
        }
      ],
      "Parallel Aware": false,
      "Node Type": "Hash Join",
      "Join Type": "Inner",
      "Plan Width": 29,
      "Startup Cost": 352.5,
      "Hash Cond": "(r.sid \u003d s.sid)",
      "Plan Rows": 5000,
      "Inner Unique": true
    },
    {
      "Parent Relationship": "Inner",
      "Total Cost": 637.05,
      "Plans": [
        {
          "Parent Relationship": "Outer",
          "Total Cost": 637.05,
          "Plans": [
            {
              "Parent Relationship": "Outer",
              "Total Cost": 346.42,
              "Plans": [
                {
                  "Parent Relationship": "Outer",
                  "Total Cost": 231.99,
                  "Relation Name": "reserves",
                  "Parallel Aware": false,
                  "Alias": "r2",
                  "Node Type": "Seq Scan",
                  "Plan Width": 8,
                  "Startup Cost": 0.0,
                  "Plan Rows": 14999
                },
                {
                  "Parent Relationship": "Inner",
                  "Total Cost": 62.5,
                  "Plans": [
                    {
                      "Parent Relationship": "Outer",
                      "Total Cost": 62.5,
                      "Relation Name": "boat",
                      "Parallel Aware": false,
                      "Filter": "(color \u003d \u0027green\u0027::bpchar)",
                      "Alias": "b2",
                      "Node Type": "Seq Scan",
                      "Plan Width": 4,
                      "Startup Cost": 0.0,
                      "Plan Rows": 1000
                    }
                  ],
                  "Parallel Aware": false,
                  "Node Type": "Hash",
                  "Plan Width": 4,
                  "Startup Cost": 62.5,
                  "Plan Rows": 1000
                }
              ],
              "Parallel Aware": false,
              "Node Type": "Hash Join",
              "Join Type": "Inner",
              "Plan Width": 4,
              "Startup Cost": 75.0,
              "Hash Cond": "(r2.bid \u003d b2.bid)",
              "Plan Rows": 5000,
              "Inner Unique": true
            },
            {
              "Parent Relationship": "Inner",
              "Total Cost": 165.0,
              "Plans": [
                {
                  "Parent Relationship": "Outer",
                  "Total Cost": 165.0,
                  "Relation Name": "sailors",
                  "Parallel Aware": false,
                  "Alias": "s2",
                  "Node Type": "Seq Scan",
                  "Plan Width": 4,
                  "Startup Cost": 0.0,
                  "Plan Rows": 9000
                }
              ],
              "Parallel Aware": false,
              "Node Type": "Hash",
              "Plan Width": 4,
              "Startup Cost": 165.0,
              "Plan Rows": 9000
            }
          ],
          "Parallel Aware": false,
          "Node Type": "Hash Join",
          "Join Type": "Inner",
          "Plan Width": 8,
          "Startup Cost": 352.5,
          "Hash Cond": "(r2.sid \u003d s2.sid)",
          "Plan Rows": 5000,
          "Inner Unique": true
        }
      ],
      "Parallel Aware": false,
      "Node Type": "Hash",
      "Plan Width": 8,
      "Startup Cost": 637.05,
      "Plan Rows": 5000
    }
  ],
  "Parallel Aware": false,
  "Node Type": "Hash Join",
  "Join Type": "Semi",
  "Plan Width": 21,
  "Startup Cost": 1052.05,
  "Hash Cond": "(s.sid \u003d s2.sid)",
  "Plan Rows": 2778,
  "Inner Unique": false
}

------------------------------

Indicies Configuration #152:
Index btree on column sid in table sailors
Index hash on column bid in table reserves
Index btree on column color in table boat
Index hash on column sid in table reserves
Index btree on column bid in table boat

------------------------------

1. The Total Cost of the Plan = 1380.64
2. The Estimated Size of the Result Set = 2778
3. The Plan of the Query:
{
  "Total Cost": 1380.64,
  "Plans": [
    {
      "Parent Relationship": "Outer",
      "Total Cost": 637.05,
      "Plans": [
        {
          "Parent Relationship": "Outer",
          "Total Cost": 346.42,
          "Plans": [
            {
              "Parent Relationship": "Outer",
              "Total Cost": 231.99,
              "Relation Name": "reserves",
              "Parallel Aware": false,
              "Alias": "r",
              "Node Type": "Seq Scan",
              "Plan Width": 8,
              "Startup Cost": 0.0,
              "Plan Rows": 14999
            },
            {
              "Parent Relationship": "Inner",
              "Total Cost": 62.5,
              "Plans": [
                {
                  "Parent Relationship": "Outer",
                  "Total Cost": 62.5,
                  "Relation Name": "boat",
                  "Parallel Aware": false,
                  "Filter": "(color \u003d \u0027red\u0027::bpchar)",
                  "Alias": "b",
                  "Node Type": "Seq Scan",
                  "Plan Width": 4,
                  "Startup Cost": 0.0,
                  "Plan Rows": 1000
                }
              ],
              "Parallel Aware": false,
              "Node Type": "Hash",
              "Plan Width": 4,
              "Startup Cost": 62.5,
              "Plan Rows": 1000
            }
          ],
          "Parallel Aware": false,
          "Node Type": "Hash Join",
          "Join Type": "Inner",
          "Plan Width": 4,
          "Startup Cost": 75.0,
          "Hash Cond": "(r.bid \u003d b.bid)",
          "Plan Rows": 5000,
          "Inner Unique": true
        },
        {
          "Parent Relationship": "Inner",
          "Total Cost": 165.0,
          "Plans": [
            {
              "Parent Relationship": "Outer",
              "Total Cost": 165.0,
              "Relation Name": "sailors",
              "Parallel Aware": false,
              "Alias": "s",
              "Node Type": "Seq Scan",
              "Plan Width": 25,
              "Startup Cost": 0.0,
              "Plan Rows": 9000
            }
          ],
          "Parallel Aware": false,
          "Node Type": "Hash",
          "Plan Width": 25,
          "Startup Cost": 165.0,
          "Plan Rows": 9000
        }
      ],
      "Parallel Aware": false,
      "Node Type": "Hash Join",
      "Join Type": "Inner",
      "Plan Width": 29,
      "Startup Cost": 352.5,
      "Hash Cond": "(r.sid \u003d s.sid)",
      "Plan Rows": 5000,
      "Inner Unique": true
    },
    {
      "Parent Relationship": "Inner",
      "Total Cost": 637.05,
      "Plans": [
        {
          "Parent Relationship": "Outer",
          "Total Cost": 637.05,
          "Plans": [
            {
              "Parent Relationship": "Outer",
              "Total Cost": 346.42,
              "Plans": [
                {
                  "Parent Relationship": "Outer",
                  "Total Cost": 231.99,
                  "Relation Name": "reserves",
                  "Parallel Aware": false,
                  "Alias": "r2",
                  "Node Type": "Seq Scan",
                  "Plan Width": 8,
                  "Startup Cost": 0.0,
                  "Plan Rows": 14999
                },
                {
                  "Parent Relationship": "Inner",
                  "Total Cost": 62.5,
                  "Plans": [
                    {
                      "Parent Relationship": "Outer",
                      "Total Cost": 62.5,
                      "Relation Name": "boat",
                      "Parallel Aware": false,
                      "Filter": "(color \u003d \u0027green\u0027::bpchar)",
                      "Alias": "b2",
                      "Node Type": "Seq Scan",
                      "Plan Width": 4,
                      "Startup Cost": 0.0,
                      "Plan Rows": 1000
                    }
                  ],
                  "Parallel Aware": false,
                  "Node Type": "Hash",
                  "Plan Width": 4,
                  "Startup Cost": 62.5,
                  "Plan Rows": 1000
                }
              ],
              "Parallel Aware": false,
              "Node Type": "Hash Join",
              "Join Type": "Inner",
              "Plan Width": 4,
              "Startup Cost": 75.0,
              "Hash Cond": "(r2.bid \u003d b2.bid)",
              "Plan Rows": 5000,
              "Inner Unique": true
            },
            {
              "Parent Relationship": "Inner",
              "Total Cost": 165.0,
              "Plans": [
                {
                  "Parent Relationship": "Outer",
                  "Total Cost": 165.0,
                  "Relation Name": "sailors",
                  "Parallel Aware": false,
                  "Alias": "s2",
                  "Node Type": "Seq Scan",
                  "Plan Width": 4,
                  "Startup Cost": 0.0,
                  "Plan Rows": 9000
                }
              ],
              "Parallel Aware": false,
              "Node Type": "Hash",
              "Plan Width": 4,
              "Startup Cost": 165.0,
              "Plan Rows": 9000
            }
          ],
          "Parallel Aware": false,
          "Node Type": "Hash Join",
          "Join Type": "Inner",
          "Plan Width": 8,
          "Startup Cost": 352.5,
          "Hash Cond": "(r2.sid \u003d s2.sid)",
          "Plan Rows": 5000,
          "Inner Unique": true
        }
      ],
      "Parallel Aware": false,
      "Node Type": "Hash",
      "Plan Width": 8,
      "Startup Cost": 637.05,
      "Plan Rows": 5000
    }
  ],
  "Parallel Aware": false,
  "Node Type": "Hash Join",
  "Join Type": "Semi",
  "Plan Width": 21,
  "Startup Cost": 1052.05,
  "Hash Cond": "(s.sid \u003d s2.sid)",
  "Plan Rows": 2778,
  "Inner Unique": false
}

------------------------------

Indicies Configuration #153:
Index btree on column sid in table sailors
Index hash on column bid in table reserves
Index btree on column color in table boat
Index hash on column sid in table reserves
Index hash on column bid in table boat

------------------------------

1. The Total Cost of the Plan = 1380.64
2. The Estimated Size of the Result Set = 2778
3. The Plan of the Query:
{
  "Total Cost": 1380.64,
  "Plans": [
    {
      "Parent Relationship": "Outer",
      "Total Cost": 637.05,
      "Plans": [
        {
          "Parent Relationship": "Outer",
          "Total Cost": 346.42,
          "Plans": [
            {
              "Parent Relationship": "Outer",
              "Total Cost": 231.99,
              "Relation Name": "reserves",
              "Parallel Aware": false,
              "Alias": "r",
              "Node Type": "Seq Scan",
              "Plan Width": 8,
              "Startup Cost": 0.0,
              "Plan Rows": 14999
            },
            {
              "Parent Relationship": "Inner",
              "Total Cost": 62.5,
              "Plans": [
                {
                  "Parent Relationship": "Outer",
                  "Total Cost": 62.5,
                  "Relation Name": "boat",
                  "Parallel Aware": false,
                  "Filter": "(color \u003d \u0027red\u0027::bpchar)",
                  "Alias": "b",
                  "Node Type": "Seq Scan",
                  "Plan Width": 4,
                  "Startup Cost": 0.0,
                  "Plan Rows": 1000
                }
              ],
              "Parallel Aware": false,
              "Node Type": "Hash",
              "Plan Width": 4,
              "Startup Cost": 62.5,
              "Plan Rows": 1000
            }
          ],
          "Parallel Aware": false,
          "Node Type": "Hash Join",
          "Join Type": "Inner",
          "Plan Width": 4,
          "Startup Cost": 75.0,
          "Hash Cond": "(r.bid \u003d b.bid)",
          "Plan Rows": 5000,
          "Inner Unique": true
        },
        {
          "Parent Relationship": "Inner",
          "Total Cost": 165.0,
          "Plans": [
            {
              "Parent Relationship": "Outer",
              "Total Cost": 165.0,
              "Relation Name": "sailors",
              "Parallel Aware": false,
              "Alias": "s",
              "Node Type": "Seq Scan",
              "Plan Width": 25,
              "Startup Cost": 0.0,
              "Plan Rows": 9000
            }
          ],
          "Parallel Aware": false,
          "Node Type": "Hash",
          "Plan Width": 25,
          "Startup Cost": 165.0,
          "Plan Rows": 9000
        }
      ],
      "Parallel Aware": false,
      "Node Type": "Hash Join",
      "Join Type": "Inner",
      "Plan Width": 29,
      "Startup Cost": 352.5,
      "Hash Cond": "(r.sid \u003d s.sid)",
      "Plan Rows": 5000,
      "Inner Unique": true
    },
    {
      "Parent Relationship": "Inner",
      "Total Cost": 637.05,
      "Plans": [
        {
          "Parent Relationship": "Outer",
          "Total Cost": 637.05,
          "Plans": [
            {
              "Parent Relationship": "Outer",
              "Total Cost": 346.42,
              "Plans": [
                {
                  "Parent Relationship": "Outer",
                  "Total Cost": 231.99,
                  "Relation Name": "reserves",
                  "Parallel Aware": false,
                  "Alias": "r2",
                  "Node Type": "Seq Scan",
                  "Plan Width": 8,
                  "Startup Cost": 0.0,
                  "Plan Rows": 14999
                },
                {
                  "Parent Relationship": "Inner",
                  "Total Cost": 62.5,
                  "Plans": [
                    {
                      "Parent Relationship": "Outer",
                      "Total Cost": 62.5,
                      "Relation Name": "boat",
                      "Parallel Aware": false,
                      "Filter": "(color \u003d \u0027green\u0027::bpchar)",
                      "Alias": "b2",
                      "Node Type": "Seq Scan",
                      "Plan Width": 4,
                      "Startup Cost": 0.0,
                      "Plan Rows": 1000
                    }
                  ],
                  "Parallel Aware": false,
                  "Node Type": "Hash",
                  "Plan Width": 4,
                  "Startup Cost": 62.5,
                  "Plan Rows": 1000
                }
              ],
              "Parallel Aware": false,
              "Node Type": "Hash Join",
              "Join Type": "Inner",
              "Plan Width": 4,
              "Startup Cost": 75.0,
              "Hash Cond": "(r2.bid \u003d b2.bid)",
              "Plan Rows": 5000,
              "Inner Unique": true
            },
            {
              "Parent Relationship": "Inner",
              "Total Cost": 165.0,
              "Plans": [
                {
                  "Parent Relationship": "Outer",
                  "Total Cost": 165.0,
                  "Relation Name": "sailors",
                  "Parallel Aware": false,
                  "Alias": "s2",
                  "Node Type": "Seq Scan",
                  "Plan Width": 4,
                  "Startup Cost": 0.0,
                  "Plan Rows": 9000
                }
              ],
              "Parallel Aware": false,
              "Node Type": "Hash",
              "Plan Width": 4,
              "Startup Cost": 165.0,
              "Plan Rows": 9000
            }
          ],
          "Parallel Aware": false,
          "Node Type": "Hash Join",
          "Join Type": "Inner",
          "Plan Width": 8,
          "Startup Cost": 352.5,
          "Hash Cond": "(r2.sid \u003d s2.sid)",
          "Plan Rows": 5000,
          "Inner Unique": true
        }
      ],
      "Parallel Aware": false,
      "Node Type": "Hash",
      "Plan Width": 8,
      "Startup Cost": 637.05,
      "Plan Rows": 5000
    }
  ],
  "Parallel Aware": false,
  "Node Type": "Hash Join",
  "Join Type": "Semi",
  "Plan Width": 21,
  "Startup Cost": 1052.05,
  "Hash Cond": "(s.sid \u003d s2.sid)",
  "Plan Rows": 2778,
  "Inner Unique": false
}

------------------------------

Indicies Configuration #154:
Index btree on column sid in table sailors
Index hash on column bid in table reserves
Index hash on column color in table boat

------------------------------

1. The Total Cost of the Plan = 1380.64
2. The Estimated Size of the Result Set = 2778
3. The Plan of the Query:
{
  "Total Cost": 1380.64,
  "Plans": [
    {
      "Parent Relationship": "Outer",
      "Total Cost": 637.05,
      "Plans": [
        {
          "Parent Relationship": "Outer",
          "Total Cost": 346.42,
          "Plans": [
            {
              "Parent Relationship": "Outer",
              "Total Cost": 231.99,
              "Relation Name": "reserves",
              "Parallel Aware": false,
              "Alias": "r",
              "Node Type": "Seq Scan",
              "Plan Width": 8,
              "Startup Cost": 0.0,
              "Plan Rows": 14999
            },
            {
              "Parent Relationship": "Inner",
              "Total Cost": 62.5,
              "Plans": [
                {
                  "Parent Relationship": "Outer",
                  "Total Cost": 62.5,
                  "Relation Name": "boat",
                  "Parallel Aware": false,
                  "Filter": "(color \u003d \u0027red\u0027::bpchar)",
                  "Alias": "b",
                  "Node Type": "Seq Scan",
                  "Plan Width": 4,
                  "Startup Cost": 0.0,
                  "Plan Rows": 1000
                }
              ],
              "Parallel Aware": false,
              "Node Type": "Hash",
              "Plan Width": 4,
              "Startup Cost": 62.5,
              "Plan Rows": 1000
            }
          ],
          "Parallel Aware": false,
          "Node Type": "Hash Join",
          "Join Type": "Inner",
          "Plan Width": 4,
          "Startup Cost": 75.0,
          "Hash Cond": "(r.bid \u003d b.bid)",
          "Plan Rows": 5000,
          "Inner Unique": true
        },
        {
          "Parent Relationship": "Inner",
          "Total Cost": 165.0,
          "Plans": [
            {
              "Parent Relationship": "Outer",
              "Total Cost": 165.0,
              "Relation Name": "sailors",
              "Parallel Aware": false,
              "Alias": "s",
              "Node Type": "Seq Scan",
              "Plan Width": 25,
              "Startup Cost": 0.0,
              "Plan Rows": 9000
            }
          ],
          "Parallel Aware": false,
          "Node Type": "Hash",
          "Plan Width": 25,
          "Startup Cost": 165.0,
          "Plan Rows": 9000
        }
      ],
      "Parallel Aware": false,
      "Node Type": "Hash Join",
      "Join Type": "Inner",
      "Plan Width": 29,
      "Startup Cost": 352.5,
      "Hash Cond": "(r.sid \u003d s.sid)",
      "Plan Rows": 5000,
      "Inner Unique": true
    },
    {
      "Parent Relationship": "Inner",
      "Total Cost": 637.05,
      "Plans": [
        {
          "Parent Relationship": "Outer",
          "Total Cost": 637.05,
          "Plans": [
            {
              "Parent Relationship": "Outer",
              "Total Cost": 346.42,
              "Plans": [
                {
                  "Parent Relationship": "Outer",
                  "Total Cost": 231.99,
                  "Relation Name": "reserves",
                  "Parallel Aware": false,
                  "Alias": "r2",
                  "Node Type": "Seq Scan",
                  "Plan Width": 8,
                  "Startup Cost": 0.0,
                  "Plan Rows": 14999
                },
                {
                  "Parent Relationship": "Inner",
                  "Total Cost": 62.5,
                  "Plans": [
                    {
                      "Parent Relationship": "Outer",
                      "Total Cost": 62.5,
                      "Relation Name": "boat",
                      "Parallel Aware": false,
                      "Filter": "(color \u003d \u0027green\u0027::bpchar)",
                      "Alias": "b2",
                      "Node Type": "Seq Scan",
                      "Plan Width": 4,
                      "Startup Cost": 0.0,
                      "Plan Rows": 1000
                    }
                  ],
                  "Parallel Aware": false,
                  "Node Type": "Hash",
                  "Plan Width": 4,
                  "Startup Cost": 62.5,
                  "Plan Rows": 1000
                }
              ],
              "Parallel Aware": false,
              "Node Type": "Hash Join",
              "Join Type": "Inner",
              "Plan Width": 4,
              "Startup Cost": 75.0,
              "Hash Cond": "(r2.bid \u003d b2.bid)",
              "Plan Rows": 5000,
              "Inner Unique": true
            },
            {
              "Parent Relationship": "Inner",
              "Total Cost": 165.0,
              "Plans": [
                {
                  "Parent Relationship": "Outer",
                  "Total Cost": 165.0,
                  "Relation Name": "sailors",
                  "Parallel Aware": false,
                  "Alias": "s2",
                  "Node Type": "Seq Scan",
                  "Plan Width": 4,
                  "Startup Cost": 0.0,
                  "Plan Rows": 9000
                }
              ],
              "Parallel Aware": false,
              "Node Type": "Hash",
              "Plan Width": 4,
              "Startup Cost": 165.0,
              "Plan Rows": 9000
            }
          ],
          "Parallel Aware": false,
          "Node Type": "Hash Join",
          "Join Type": "Inner",
          "Plan Width": 8,
          "Startup Cost": 352.5,
          "Hash Cond": "(r2.sid \u003d s2.sid)",
          "Plan Rows": 5000,
          "Inner Unique": true
        }
      ],
      "Parallel Aware": false,
      "Node Type": "Hash",
      "Plan Width": 8,
      "Startup Cost": 637.05,
      "Plan Rows": 5000
    }
  ],
  "Parallel Aware": false,
  "Node Type": "Hash Join",
  "Join Type": "Semi",
  "Plan Width": 21,
  "Startup Cost": 1052.05,
  "Hash Cond": "(s.sid \u003d s2.sid)",
  "Plan Rows": 2778,
  "Inner Unique": false
}

------------------------------

Indicies Configuration #155:
Index btree on column sid in table sailors
Index hash on column bid in table reserves
Index hash on column color in table boat
Index btree on column bid in table boat

------------------------------

1. The Total Cost of the Plan = 1380.64
2. The Estimated Size of the Result Set = 2778
3. The Plan of the Query:
{
  "Total Cost": 1380.64,
  "Plans": [
    {
      "Parent Relationship": "Outer",
      "Total Cost": 637.05,
      "Plans": [
        {
          "Parent Relationship": "Outer",
          "Total Cost": 346.42,
          "Plans": [
            {
              "Parent Relationship": "Outer",
              "Total Cost": 231.99,
              "Relation Name": "reserves",
              "Parallel Aware": false,
              "Alias": "r",
              "Node Type": "Seq Scan",
              "Plan Width": 8,
              "Startup Cost": 0.0,
              "Plan Rows": 14999
            },
            {
              "Parent Relationship": "Inner",
              "Total Cost": 62.5,
              "Plans": [
                {
                  "Parent Relationship": "Outer",
                  "Total Cost": 62.5,
                  "Relation Name": "boat",
                  "Parallel Aware": false,
                  "Filter": "(color \u003d \u0027red\u0027::bpchar)",
                  "Alias": "b",
                  "Node Type": "Seq Scan",
                  "Plan Width": 4,
                  "Startup Cost": 0.0,
                  "Plan Rows": 1000
                }
              ],
              "Parallel Aware": false,
              "Node Type": "Hash",
              "Plan Width": 4,
              "Startup Cost": 62.5,
              "Plan Rows": 1000
            }
          ],
          "Parallel Aware": false,
          "Node Type": "Hash Join",
          "Join Type": "Inner",
          "Plan Width": 4,
          "Startup Cost": 75.0,
          "Hash Cond": "(r.bid \u003d b.bid)",
          "Plan Rows": 5000,
          "Inner Unique": true
        },
        {
          "Parent Relationship": "Inner",
          "Total Cost": 165.0,
          "Plans": [
            {
              "Parent Relationship": "Outer",
              "Total Cost": 165.0,
              "Relation Name": "sailors",
              "Parallel Aware": false,
              "Alias": "s",
              "Node Type": "Seq Scan",
              "Plan Width": 25,
              "Startup Cost": 0.0,
              "Plan Rows": 9000
            }
          ],
          "Parallel Aware": false,
          "Node Type": "Hash",
          "Plan Width": 25,
          "Startup Cost": 165.0,
          "Plan Rows": 9000
        }
      ],
      "Parallel Aware": false,
      "Node Type": "Hash Join",
      "Join Type": "Inner",
      "Plan Width": 29,
      "Startup Cost": 352.5,
      "Hash Cond": "(r.sid \u003d s.sid)",
      "Plan Rows": 5000,
      "Inner Unique": true
    },
    {
      "Parent Relationship": "Inner",
      "Total Cost": 637.05,
      "Plans": [
        {
          "Parent Relationship": "Outer",
          "Total Cost": 637.05,
          "Plans": [
            {
              "Parent Relationship": "Outer",
              "Total Cost": 346.42,
              "Plans": [
                {
                  "Parent Relationship": "Outer",
                  "Total Cost": 231.99,
                  "Relation Name": "reserves",
                  "Parallel Aware": false,
                  "Alias": "r2",
                  "Node Type": "Seq Scan",
                  "Plan Width": 8,
                  "Startup Cost": 0.0,
                  "Plan Rows": 14999
                },
                {
                  "Parent Relationship": "Inner",
                  "Total Cost": 62.5,
                  "Plans": [
                    {
                      "Parent Relationship": "Outer",
                      "Total Cost": 62.5,
                      "Relation Name": "boat",
                      "Parallel Aware": false,
                      "Filter": "(color \u003d \u0027green\u0027::bpchar)",
                      "Alias": "b2",
                      "Node Type": "Seq Scan",
                      "Plan Width": 4,
                      "Startup Cost": 0.0,
                      "Plan Rows": 1000
                    }
                  ],
                  "Parallel Aware": false,
                  "Node Type": "Hash",
                  "Plan Width": 4,
                  "Startup Cost": 62.5,
                  "Plan Rows": 1000
                }
              ],
              "Parallel Aware": false,
              "Node Type": "Hash Join",
              "Join Type": "Inner",
              "Plan Width": 4,
              "Startup Cost": 75.0,
              "Hash Cond": "(r2.bid \u003d b2.bid)",
              "Plan Rows": 5000,
              "Inner Unique": true
            },
            {
              "Parent Relationship": "Inner",
              "Total Cost": 165.0,
              "Plans": [
                {
                  "Parent Relationship": "Outer",
                  "Total Cost": 165.0,
                  "Relation Name": "sailors",
                  "Parallel Aware": false,
                  "Alias": "s2",
                  "Node Type": "Seq Scan",
                  "Plan Width": 4,
                  "Startup Cost": 0.0,
                  "Plan Rows": 9000
                }
              ],
              "Parallel Aware": false,
              "Node Type": "Hash",
              "Plan Width": 4,
              "Startup Cost": 165.0,
              "Plan Rows": 9000
            }
          ],
          "Parallel Aware": false,
          "Node Type": "Hash Join",
          "Join Type": "Inner",
          "Plan Width": 8,
          "Startup Cost": 352.5,
          "Hash Cond": "(r2.sid \u003d s2.sid)",
          "Plan Rows": 5000,
          "Inner Unique": true
        }
      ],
      "Parallel Aware": false,
      "Node Type": "Hash",
      "Plan Width": 8,
      "Startup Cost": 637.05,
      "Plan Rows": 5000
    }
  ],
  "Parallel Aware": false,
  "Node Type": "Hash Join",
  "Join Type": "Semi",
  "Plan Width": 21,
  "Startup Cost": 1052.05,
  "Hash Cond": "(s.sid \u003d s2.sid)",
  "Plan Rows": 2778,
  "Inner Unique": false
}

------------------------------

Indicies Configuration #156:
Index btree on column sid in table sailors
Index hash on column bid in table reserves
Index hash on column color in table boat
Index hash on column bid in table boat

------------------------------

1. The Total Cost of the Plan = 1380.64
2. The Estimated Size of the Result Set = 2778
3. The Plan of the Query:
{
  "Total Cost": 1380.64,
  "Plans": [
    {
      "Parent Relationship": "Outer",
      "Total Cost": 637.05,
      "Plans": [
        {
          "Parent Relationship": "Outer",
          "Total Cost": 346.42,
          "Plans": [
            {
              "Parent Relationship": "Outer",
              "Total Cost": 231.99,
              "Relation Name": "reserves",
              "Parallel Aware": false,
              "Alias": "r",
              "Node Type": "Seq Scan",
              "Plan Width": 8,
              "Startup Cost": 0.0,
              "Plan Rows": 14999
            },
            {
              "Parent Relationship": "Inner",
              "Total Cost": 62.5,
              "Plans": [
                {
                  "Parent Relationship": "Outer",
                  "Total Cost": 62.5,
                  "Relation Name": "boat",
                  "Parallel Aware": false,
                  "Filter": "(color \u003d \u0027red\u0027::bpchar)",
                  "Alias": "b",
                  "Node Type": "Seq Scan",
                  "Plan Width": 4,
                  "Startup Cost": 0.0,
                  "Plan Rows": 1000
                }
              ],
              "Parallel Aware": false,
              "Node Type": "Hash",
              "Plan Width": 4,
              "Startup Cost": 62.5,
              "Plan Rows": 1000
            }
          ],
          "Parallel Aware": false,
          "Node Type": "Hash Join",
          "Join Type": "Inner",
          "Plan Width": 4,
          "Startup Cost": 75.0,
          "Hash Cond": "(r.bid \u003d b.bid)",
          "Plan Rows": 5000,
          "Inner Unique": true
        },
        {
          "Parent Relationship": "Inner",
          "Total Cost": 165.0,
          "Plans": [
            {
              "Parent Relationship": "Outer",
              "Total Cost": 165.0,
              "Relation Name": "sailors",
              "Parallel Aware": false,
              "Alias": "s",
              "Node Type": "Seq Scan",
              "Plan Width": 25,
              "Startup Cost": 0.0,
              "Plan Rows": 9000
            }
          ],
          "Parallel Aware": false,
          "Node Type": "Hash",
          "Plan Width": 25,
          "Startup Cost": 165.0,
          "Plan Rows": 9000
        }
      ],
      "Parallel Aware": false,
      "Node Type": "Hash Join",
      "Join Type": "Inner",
      "Plan Width": 29,
      "Startup Cost": 352.5,
      "Hash Cond": "(r.sid \u003d s.sid)",
      "Plan Rows": 5000,
      "Inner Unique": true
    },
    {
      "Parent Relationship": "Inner",
      "Total Cost": 637.05,
      "Plans": [
        {
          "Parent Relationship": "Outer",
          "Total Cost": 637.05,
          "Plans": [
            {
              "Parent Relationship": "Outer",
              "Total Cost": 346.42,
              "Plans": [
                {
                  "Parent Relationship": "Outer",
                  "Total Cost": 231.99,
                  "Relation Name": "reserves",
                  "Parallel Aware": false,
                  "Alias": "r2",
                  "Node Type": "Seq Scan",
                  "Plan Width": 8,
                  "Startup Cost": 0.0,
                  "Plan Rows": 14999
                },
                {
                  "Parent Relationship": "Inner",
                  "Total Cost": 62.5,
                  "Plans": [
                    {
                      "Parent Relationship": "Outer",
                      "Total Cost": 62.5,
                      "Relation Name": "boat",
                      "Parallel Aware": false,
                      "Filter": "(color \u003d \u0027green\u0027::bpchar)",
                      "Alias": "b2",
                      "Node Type": "Seq Scan",
                      "Plan Width": 4,
                      "Startup Cost": 0.0,
                      "Plan Rows": 1000
                    }
                  ],
                  "Parallel Aware": false,
                  "Node Type": "Hash",
                  "Plan Width": 4,
                  "Startup Cost": 62.5,
                  "Plan Rows": 1000
                }
              ],
              "Parallel Aware": false,
              "Node Type": "Hash Join",
              "Join Type": "Inner",
              "Plan Width": 4,
              "Startup Cost": 75.0,
              "Hash Cond": "(r2.bid \u003d b2.bid)",
              "Plan Rows": 5000,
              "Inner Unique": true
            },
            {
              "Parent Relationship": "Inner",
              "Total Cost": 165.0,
              "Plans": [
                {
                  "Parent Relationship": "Outer",
                  "Total Cost": 165.0,
                  "Relation Name": "sailors",
                  "Parallel Aware": false,
                  "Alias": "s2",
                  "Node Type": "Seq Scan",
                  "Plan Width": 4,
                  "Startup Cost": 0.0,
                  "Plan Rows": 9000
                }
              ],
              "Parallel Aware": false,
              "Node Type": "Hash",
              "Plan Width": 4,
              "Startup Cost": 165.0,
              "Plan Rows": 9000
            }
          ],
          "Parallel Aware": false,
          "Node Type": "Hash Join",
          "Join Type": "Inner",
          "Plan Width": 8,
          "Startup Cost": 352.5,
          "Hash Cond": "(r2.sid \u003d s2.sid)",
          "Plan Rows": 5000,
          "Inner Unique": true
        }
      ],
      "Parallel Aware": false,
      "Node Type": "Hash",
      "Plan Width": 8,
      "Startup Cost": 637.05,
      "Plan Rows": 5000
    }
  ],
  "Parallel Aware": false,
  "Node Type": "Hash Join",
  "Join Type": "Semi",
  "Plan Width": 21,
  "Startup Cost": 1052.05,
  "Hash Cond": "(s.sid \u003d s2.sid)",
  "Plan Rows": 2778,
  "Inner Unique": false
}

------------------------------

Indicies Configuration #157:
Index btree on column sid in table sailors
Index hash on column bid in table reserves
Index hash on column color in table boat
Index btree on column sid in table reserves

------------------------------

1. The Total Cost of the Plan = 1380.64
2. The Estimated Size of the Result Set = 2778
3. The Plan of the Query:
{
  "Total Cost": 1380.64,
  "Plans": [
    {
      "Parent Relationship": "Outer",
      "Total Cost": 637.05,
      "Plans": [
        {
          "Parent Relationship": "Outer",
          "Total Cost": 346.42,
          "Plans": [
            {
              "Parent Relationship": "Outer",
              "Total Cost": 231.99,
              "Relation Name": "reserves",
              "Parallel Aware": false,
              "Alias": "r",
              "Node Type": "Seq Scan",
              "Plan Width": 8,
              "Startup Cost": 0.0,
              "Plan Rows": 14999
            },
            {
              "Parent Relationship": "Inner",
              "Total Cost": 62.5,
              "Plans": [
                {
                  "Parent Relationship": "Outer",
                  "Total Cost": 62.5,
                  "Relation Name": "boat",
                  "Parallel Aware": false,
                  "Filter": "(color \u003d \u0027red\u0027::bpchar)",
                  "Alias": "b",
                  "Node Type": "Seq Scan",
                  "Plan Width": 4,
                  "Startup Cost": 0.0,
                  "Plan Rows": 1000
                }
              ],
              "Parallel Aware": false,
              "Node Type": "Hash",
              "Plan Width": 4,
              "Startup Cost": 62.5,
              "Plan Rows": 1000
            }
          ],
          "Parallel Aware": false,
          "Node Type": "Hash Join",
          "Join Type": "Inner",
          "Plan Width": 4,
          "Startup Cost": 75.0,
          "Hash Cond": "(r.bid \u003d b.bid)",
          "Plan Rows": 5000,
          "Inner Unique": true
        },
        {
          "Parent Relationship": "Inner",
          "Total Cost": 165.0,
          "Plans": [
            {
              "Parent Relationship": "Outer",
              "Total Cost": 165.0,
              "Relation Name": "sailors",
              "Parallel Aware": false,
              "Alias": "s",
              "Node Type": "Seq Scan",
              "Plan Width": 25,
              "Startup Cost": 0.0,
              "Plan Rows": 9000
            }
          ],
          "Parallel Aware": false,
          "Node Type": "Hash",
          "Plan Width": 25,
          "Startup Cost": 165.0,
          "Plan Rows": 9000
        }
      ],
      "Parallel Aware": false,
      "Node Type": "Hash Join",
      "Join Type": "Inner",
      "Plan Width": 29,
      "Startup Cost": 352.5,
      "Hash Cond": "(r.sid \u003d s.sid)",
      "Plan Rows": 5000,
      "Inner Unique": true
    },
    {
      "Parent Relationship": "Inner",
      "Total Cost": 637.05,
      "Plans": [
        {
          "Parent Relationship": "Outer",
          "Total Cost": 637.05,
          "Plans": [
            {
              "Parent Relationship": "Outer",
              "Total Cost": 346.42,
              "Plans": [
                {
                  "Parent Relationship": "Outer",
                  "Total Cost": 231.99,
                  "Relation Name": "reserves",
                  "Parallel Aware": false,
                  "Alias": "r2",
                  "Node Type": "Seq Scan",
                  "Plan Width": 8,
                  "Startup Cost": 0.0,
                  "Plan Rows": 14999
                },
                {
                  "Parent Relationship": "Inner",
                  "Total Cost": 62.5,
                  "Plans": [
                    {
                      "Parent Relationship": "Outer",
                      "Total Cost": 62.5,
                      "Relation Name": "boat",
                      "Parallel Aware": false,
                      "Filter": "(color \u003d \u0027green\u0027::bpchar)",
                      "Alias": "b2",
                      "Node Type": "Seq Scan",
                      "Plan Width": 4,
                      "Startup Cost": 0.0,
                      "Plan Rows": 1000
                    }
                  ],
                  "Parallel Aware": false,
                  "Node Type": "Hash",
                  "Plan Width": 4,
                  "Startup Cost": 62.5,
                  "Plan Rows": 1000
                }
              ],
              "Parallel Aware": false,
              "Node Type": "Hash Join",
              "Join Type": "Inner",
              "Plan Width": 4,
              "Startup Cost": 75.0,
              "Hash Cond": "(r2.bid \u003d b2.bid)",
              "Plan Rows": 5000,
              "Inner Unique": true
            },
            {
              "Parent Relationship": "Inner",
              "Total Cost": 165.0,
              "Plans": [
                {
                  "Parent Relationship": "Outer",
                  "Total Cost": 165.0,
                  "Relation Name": "sailors",
                  "Parallel Aware": false,
                  "Alias": "s2",
                  "Node Type": "Seq Scan",
                  "Plan Width": 4,
                  "Startup Cost": 0.0,
                  "Plan Rows": 9000
                }
              ],
              "Parallel Aware": false,
              "Node Type": "Hash",
              "Plan Width": 4,
              "Startup Cost": 165.0,
              "Plan Rows": 9000
            }
          ],
          "Parallel Aware": false,
          "Node Type": "Hash Join",
          "Join Type": "Inner",
          "Plan Width": 8,
          "Startup Cost": 352.5,
          "Hash Cond": "(r2.sid \u003d s2.sid)",
          "Plan Rows": 5000,
          "Inner Unique": true
        }
      ],
      "Parallel Aware": false,
      "Node Type": "Hash",
      "Plan Width": 8,
      "Startup Cost": 637.05,
      "Plan Rows": 5000
    }
  ],
  "Parallel Aware": false,
  "Node Type": "Hash Join",
  "Join Type": "Semi",
  "Plan Width": 21,
  "Startup Cost": 1052.05,
  "Hash Cond": "(s.sid \u003d s2.sid)",
  "Plan Rows": 2778,
  "Inner Unique": false
}

------------------------------

Indicies Configuration #158:
Index btree on column sid in table sailors
Index hash on column bid in table reserves
Index hash on column color in table boat
Index btree on column sid in table reserves
Index btree on column bid in table boat

------------------------------

1. The Total Cost of the Plan = 1380.64
2. The Estimated Size of the Result Set = 2778
3. The Plan of the Query:
{
  "Total Cost": 1380.64,
  "Plans": [
    {
      "Parent Relationship": "Outer",
      "Total Cost": 637.05,
      "Plans": [
        {
          "Parent Relationship": "Outer",
          "Total Cost": 346.42,
          "Plans": [
            {
              "Parent Relationship": "Outer",
              "Total Cost": 231.99,
              "Relation Name": "reserves",
              "Parallel Aware": false,
              "Alias": "r",
              "Node Type": "Seq Scan",
              "Plan Width": 8,
              "Startup Cost": 0.0,
              "Plan Rows": 14999
            },
            {
              "Parent Relationship": "Inner",
              "Total Cost": 62.5,
              "Plans": [
                {
                  "Parent Relationship": "Outer",
                  "Total Cost": 62.5,
                  "Relation Name": "boat",
                  "Parallel Aware": false,
                  "Filter": "(color \u003d \u0027red\u0027::bpchar)",
                  "Alias": "b",
                  "Node Type": "Seq Scan",
                  "Plan Width": 4,
                  "Startup Cost": 0.0,
                  "Plan Rows": 1000
                }
              ],
              "Parallel Aware": false,
              "Node Type": "Hash",
              "Plan Width": 4,
              "Startup Cost": 62.5,
              "Plan Rows": 1000
            }
          ],
          "Parallel Aware": false,
          "Node Type": "Hash Join",
          "Join Type": "Inner",
          "Plan Width": 4,
          "Startup Cost": 75.0,
          "Hash Cond": "(r.bid \u003d b.bid)",
          "Plan Rows": 5000,
          "Inner Unique": true
        },
        {
          "Parent Relationship": "Inner",
          "Total Cost": 165.0,
          "Plans": [
            {
              "Parent Relationship": "Outer",
              "Total Cost": 165.0,
              "Relation Name": "sailors",
              "Parallel Aware": false,
              "Alias": "s",
              "Node Type": "Seq Scan",
              "Plan Width": 25,
              "Startup Cost": 0.0,
              "Plan Rows": 9000
            }
          ],
          "Parallel Aware": false,
          "Node Type": "Hash",
          "Plan Width": 25,
          "Startup Cost": 165.0,
          "Plan Rows": 9000
        }
      ],
      "Parallel Aware": false,
      "Node Type": "Hash Join",
      "Join Type": "Inner",
      "Plan Width": 29,
      "Startup Cost": 352.5,
      "Hash Cond": "(r.sid \u003d s.sid)",
      "Plan Rows": 5000,
      "Inner Unique": true
    },
    {
      "Parent Relationship": "Inner",
      "Total Cost": 637.05,
      "Plans": [
        {
          "Parent Relationship": "Outer",
          "Total Cost": 637.05,
          "Plans": [
            {
              "Parent Relationship": "Outer",
              "Total Cost": 346.42,
              "Plans": [
                {
                  "Parent Relationship": "Outer",
                  "Total Cost": 231.99,
                  "Relation Name": "reserves",
                  "Parallel Aware": false,
                  "Alias": "r2",
                  "Node Type": "Seq Scan",
                  "Plan Width": 8,
                  "Startup Cost": 0.0,
                  "Plan Rows": 14999
                },
                {
                  "Parent Relationship": "Inner",
                  "Total Cost": 62.5,
                  "Plans": [
                    {
                      "Parent Relationship": "Outer",
                      "Total Cost": 62.5,
                      "Relation Name": "boat",
                      "Parallel Aware": false,
                      "Filter": "(color \u003d \u0027green\u0027::bpchar)",
                      "Alias": "b2",
                      "Node Type": "Seq Scan",
                      "Plan Width": 4,
                      "Startup Cost": 0.0,
                      "Plan Rows": 1000
                    }
                  ],
                  "Parallel Aware": false,
                  "Node Type": "Hash",
                  "Plan Width": 4,
                  "Startup Cost": 62.5,
                  "Plan Rows": 1000
                }
              ],
              "Parallel Aware": false,
              "Node Type": "Hash Join",
              "Join Type": "Inner",
              "Plan Width": 4,
              "Startup Cost": 75.0,
              "Hash Cond": "(r2.bid \u003d b2.bid)",
              "Plan Rows": 5000,
              "Inner Unique": true
            },
            {
              "Parent Relationship": "Inner",
              "Total Cost": 165.0,
              "Plans": [
                {
                  "Parent Relationship": "Outer",
                  "Total Cost": 165.0,
                  "Relation Name": "sailors",
                  "Parallel Aware": false,
                  "Alias": "s2",
                  "Node Type": "Seq Scan",
                  "Plan Width": 4,
                  "Startup Cost": 0.0,
                  "Plan Rows": 9000
                }
              ],
              "Parallel Aware": false,
              "Node Type": "Hash",
              "Plan Width": 4,
              "Startup Cost": 165.0,
              "Plan Rows": 9000
            }
          ],
          "Parallel Aware": false,
          "Node Type": "Hash Join",
          "Join Type": "Inner",
          "Plan Width": 8,
          "Startup Cost": 352.5,
          "Hash Cond": "(r2.sid \u003d s2.sid)",
          "Plan Rows": 5000,
          "Inner Unique": true
        }
      ],
      "Parallel Aware": false,
      "Node Type": "Hash",
      "Plan Width": 8,
      "Startup Cost": 637.05,
      "Plan Rows": 5000
    }
  ],
  "Parallel Aware": false,
  "Node Type": "Hash Join",
  "Join Type": "Semi",
  "Plan Width": 21,
  "Startup Cost": 1052.05,
  "Hash Cond": "(s.sid \u003d s2.sid)",
  "Plan Rows": 2778,
  "Inner Unique": false
}

------------------------------

Indicies Configuration #159:
Index btree on column sid in table sailors
Index hash on column bid in table reserves
Index hash on column color in table boat
Index btree on column sid in table reserves
Index hash on column bid in table boat

------------------------------

1. The Total Cost of the Plan = 1380.64
2. The Estimated Size of the Result Set = 2778
3. The Plan of the Query:
{
  "Total Cost": 1380.64,
  "Plans": [
    {
      "Parent Relationship": "Outer",
      "Total Cost": 637.05,
      "Plans": [
        {
          "Parent Relationship": "Outer",
          "Total Cost": 346.42,
          "Plans": [
            {
              "Parent Relationship": "Outer",
              "Total Cost": 231.99,
              "Relation Name": "reserves",
              "Parallel Aware": false,
              "Alias": "r",
              "Node Type": "Seq Scan",
              "Plan Width": 8,
              "Startup Cost": 0.0,
              "Plan Rows": 14999
            },
            {
              "Parent Relationship": "Inner",
              "Total Cost": 62.5,
              "Plans": [
                {
                  "Parent Relationship": "Outer",
                  "Total Cost": 62.5,
                  "Relation Name": "boat",
                  "Parallel Aware": false,
                  "Filter": "(color \u003d \u0027red\u0027::bpchar)",
                  "Alias": "b",
                  "Node Type": "Seq Scan",
                  "Plan Width": 4,
                  "Startup Cost": 0.0,
                  "Plan Rows": 1000
                }
              ],
              "Parallel Aware": false,
              "Node Type": "Hash",
              "Plan Width": 4,
              "Startup Cost": 62.5,
              "Plan Rows": 1000
            }
          ],
          "Parallel Aware": false,
          "Node Type": "Hash Join",
          "Join Type": "Inner",
          "Plan Width": 4,
          "Startup Cost": 75.0,
          "Hash Cond": "(r.bid \u003d b.bid)",
          "Plan Rows": 5000,
          "Inner Unique": true
        },
        {
          "Parent Relationship": "Inner",
          "Total Cost": 165.0,
          "Plans": [
            {
              "Parent Relationship": "Outer",
              "Total Cost": 165.0,
              "Relation Name": "sailors",
              "Parallel Aware": false,
              "Alias": "s",
              "Node Type": "Seq Scan",
              "Plan Width": 25,
              "Startup Cost": 0.0,
              "Plan Rows": 9000
            }
          ],
          "Parallel Aware": false,
          "Node Type": "Hash",
          "Plan Width": 25,
          "Startup Cost": 165.0,
          "Plan Rows": 9000
        }
      ],
      "Parallel Aware": false,
      "Node Type": "Hash Join",
      "Join Type": "Inner",
      "Plan Width": 29,
      "Startup Cost": 352.5,
      "Hash Cond": "(r.sid \u003d s.sid)",
      "Plan Rows": 5000,
      "Inner Unique": true
    },
    {
      "Parent Relationship": "Inner",
      "Total Cost": 637.05,
      "Plans": [
        {
          "Parent Relationship": "Outer",
          "Total Cost": 637.05,
          "Plans": [
            {
              "Parent Relationship": "Outer",
              "Total Cost": 346.42,
              "Plans": [
                {
                  "Parent Relationship": "Outer",
                  "Total Cost": 231.99,
                  "Relation Name": "reserves",
                  "Parallel Aware": false,
                  "Alias": "r2",
                  "Node Type": "Seq Scan",
                  "Plan Width": 8,
                  "Startup Cost": 0.0,
                  "Plan Rows": 14999
                },
                {
                  "Parent Relationship": "Inner",
                  "Total Cost": 62.5,
                  "Plans": [
                    {
                      "Parent Relationship": "Outer",
                      "Total Cost": 62.5,
                      "Relation Name": "boat",
                      "Parallel Aware": false,
                      "Filter": "(color \u003d \u0027green\u0027::bpchar)",
                      "Alias": "b2",
                      "Node Type": "Seq Scan",
                      "Plan Width": 4,
                      "Startup Cost": 0.0,
                      "Plan Rows": 1000
                    }
                  ],
                  "Parallel Aware": false,
                  "Node Type": "Hash",
                  "Plan Width": 4,
                  "Startup Cost": 62.5,
                  "Plan Rows": 1000
                }
              ],
              "Parallel Aware": false,
              "Node Type": "Hash Join",
              "Join Type": "Inner",
              "Plan Width": 4,
              "Startup Cost": 75.0,
              "Hash Cond": "(r2.bid \u003d b2.bid)",
              "Plan Rows": 5000,
              "Inner Unique": true
            },
            {
              "Parent Relationship": "Inner",
              "Total Cost": 165.0,
              "Plans": [
                {
                  "Parent Relationship": "Outer",
                  "Total Cost": 165.0,
                  "Relation Name": "sailors",
                  "Parallel Aware": false,
                  "Alias": "s2",
                  "Node Type": "Seq Scan",
                  "Plan Width": 4,
                  "Startup Cost": 0.0,
                  "Plan Rows": 9000
                }
              ],
              "Parallel Aware": false,
              "Node Type": "Hash",
              "Plan Width": 4,
              "Startup Cost": 165.0,
              "Plan Rows": 9000
            }
          ],
          "Parallel Aware": false,
          "Node Type": "Hash Join",
          "Join Type": "Inner",
          "Plan Width": 8,
          "Startup Cost": 352.5,
          "Hash Cond": "(r2.sid \u003d s2.sid)",
          "Plan Rows": 5000,
          "Inner Unique": true
        }
      ],
      "Parallel Aware": false,
      "Node Type": "Hash",
      "Plan Width": 8,
      "Startup Cost": 637.05,
      "Plan Rows": 5000
    }
  ],
  "Parallel Aware": false,
  "Node Type": "Hash Join",
  "Join Type": "Semi",
  "Plan Width": 21,
  "Startup Cost": 1052.05,
  "Hash Cond": "(s.sid \u003d s2.sid)",
  "Plan Rows": 2778,
  "Inner Unique": false
}

------------------------------

Indicies Configuration #160:
Index btree on column sid in table sailors
Index hash on column bid in table reserves
Index hash on column color in table boat
Index hash on column sid in table reserves

------------------------------

1. The Total Cost of the Plan = 1380.64
2. The Estimated Size of the Result Set = 2778
3. The Plan of the Query:
{
  "Total Cost": 1380.64,
  "Plans": [
    {
      "Parent Relationship": "Outer",
      "Total Cost": 637.05,
      "Plans": [
        {
          "Parent Relationship": "Outer",
          "Total Cost": 346.42,
          "Plans": [
            {
              "Parent Relationship": "Outer",
              "Total Cost": 231.99,
              "Relation Name": "reserves",
              "Parallel Aware": false,
              "Alias": "r",
              "Node Type": "Seq Scan",
              "Plan Width": 8,
              "Startup Cost": 0.0,
              "Plan Rows": 14999
            },
            {
              "Parent Relationship": "Inner",
              "Total Cost": 62.5,
              "Plans": [
                {
                  "Parent Relationship": "Outer",
                  "Total Cost": 62.5,
                  "Relation Name": "boat",
                  "Parallel Aware": false,
                  "Filter": "(color \u003d \u0027red\u0027::bpchar)",
                  "Alias": "b",
                  "Node Type": "Seq Scan",
                  "Plan Width": 4,
                  "Startup Cost": 0.0,
                  "Plan Rows": 1000
                }
              ],
              "Parallel Aware": false,
              "Node Type": "Hash",
              "Plan Width": 4,
              "Startup Cost": 62.5,
              "Plan Rows": 1000
            }
          ],
          "Parallel Aware": false,
          "Node Type": "Hash Join",
          "Join Type": "Inner",
          "Plan Width": 4,
          "Startup Cost": 75.0,
          "Hash Cond": "(r.bid \u003d b.bid)",
          "Plan Rows": 5000,
          "Inner Unique": true
        },
        {
          "Parent Relationship": "Inner",
          "Total Cost": 165.0,
          "Plans": [
            {
              "Parent Relationship": "Outer",
              "Total Cost": 165.0,
              "Relation Name": "sailors",
              "Parallel Aware": false,
              "Alias": "s",
              "Node Type": "Seq Scan",
              "Plan Width": 25,
              "Startup Cost": 0.0,
              "Plan Rows": 9000
            }
          ],
          "Parallel Aware": false,
          "Node Type": "Hash",
          "Plan Width": 25,
          "Startup Cost": 165.0,
          "Plan Rows": 9000
        }
      ],
      "Parallel Aware": false,
      "Node Type": "Hash Join",
      "Join Type": "Inner",
      "Plan Width": 29,
      "Startup Cost": 352.5,
      "Hash Cond": "(r.sid \u003d s.sid)",
      "Plan Rows": 5000,
      "Inner Unique": true
    },
    {
      "Parent Relationship": "Inner",
      "Total Cost": 637.05,
      "Plans": [
        {
          "Parent Relationship": "Outer",
          "Total Cost": 637.05,
          "Plans": [
            {
              "Parent Relationship": "Outer",
              "Total Cost": 346.42,
              "Plans": [
                {
                  "Parent Relationship": "Outer",
                  "Total Cost": 231.99,
                  "Relation Name": "reserves",
                  "Parallel Aware": false,
                  "Alias": "r2",
                  "Node Type": "Seq Scan",
                  "Plan Width": 8,
                  "Startup Cost": 0.0,
                  "Plan Rows": 14999
                },
                {
                  "Parent Relationship": "Inner",
                  "Total Cost": 62.5,
                  "Plans": [
                    {
                      "Parent Relationship": "Outer",
                      "Total Cost": 62.5,
                      "Relation Name": "boat",
                      "Parallel Aware": false,
                      "Filter": "(color \u003d \u0027green\u0027::bpchar)",
                      "Alias": "b2",
                      "Node Type": "Seq Scan",
                      "Plan Width": 4,
                      "Startup Cost": 0.0,
                      "Plan Rows": 1000
                    }
                  ],
                  "Parallel Aware": false,
                  "Node Type": "Hash",
                  "Plan Width": 4,
                  "Startup Cost": 62.5,
                  "Plan Rows": 1000
                }
              ],
              "Parallel Aware": false,
              "Node Type": "Hash Join",
              "Join Type": "Inner",
              "Plan Width": 4,
              "Startup Cost": 75.0,
              "Hash Cond": "(r2.bid \u003d b2.bid)",
              "Plan Rows": 5000,
              "Inner Unique": true
            },
            {
              "Parent Relationship": "Inner",
              "Total Cost": 165.0,
              "Plans": [
                {
                  "Parent Relationship": "Outer",
                  "Total Cost": 165.0,
                  "Relation Name": "sailors",
                  "Parallel Aware": false,
                  "Alias": "s2",
                  "Node Type": "Seq Scan",
                  "Plan Width": 4,
                  "Startup Cost": 0.0,
                  "Plan Rows": 9000
                }
              ],
              "Parallel Aware": false,
              "Node Type": "Hash",
              "Plan Width": 4,
              "Startup Cost": 165.0,
              "Plan Rows": 9000
            }
          ],
          "Parallel Aware": false,
          "Node Type": "Hash Join",
          "Join Type": "Inner",
          "Plan Width": 8,
          "Startup Cost": 352.5,
          "Hash Cond": "(r2.sid \u003d s2.sid)",
          "Plan Rows": 5000,
          "Inner Unique": true
        }
      ],
      "Parallel Aware": false,
      "Node Type": "Hash",
      "Plan Width": 8,
      "Startup Cost": 637.05,
      "Plan Rows": 5000
    }
  ],
  "Parallel Aware": false,
  "Node Type": "Hash Join",
  "Join Type": "Semi",
  "Plan Width": 21,
  "Startup Cost": 1052.05,
  "Hash Cond": "(s.sid \u003d s2.sid)",
  "Plan Rows": 2778,
  "Inner Unique": false
}

------------------------------

Indicies Configuration #161:
Index btree on column sid in table sailors
Index hash on column bid in table reserves
Index hash on column color in table boat
Index hash on column sid in table reserves
Index btree on column bid in table boat

------------------------------

1. The Total Cost of the Plan = 1380.64
2. The Estimated Size of the Result Set = 2778
3. The Plan of the Query:
{
  "Total Cost": 1380.64,
  "Plans": [
    {
      "Parent Relationship": "Outer",
      "Total Cost": 637.05,
      "Plans": [
        {
          "Parent Relationship": "Outer",
          "Total Cost": 346.42,
          "Plans": [
            {
              "Parent Relationship": "Outer",
              "Total Cost": 231.99,
              "Relation Name": "reserves",
              "Parallel Aware": false,
              "Alias": "r",
              "Node Type": "Seq Scan",
              "Plan Width": 8,
              "Startup Cost": 0.0,
              "Plan Rows": 14999
            },
            {
              "Parent Relationship": "Inner",
              "Total Cost": 62.5,
              "Plans": [
                {
                  "Parent Relationship": "Outer",
                  "Total Cost": 62.5,
                  "Relation Name": "boat",
                  "Parallel Aware": false,
                  "Filter": "(color \u003d \u0027red\u0027::bpchar)",
                  "Alias": "b",
                  "Node Type": "Seq Scan",
                  "Plan Width": 4,
                  "Startup Cost": 0.0,
                  "Plan Rows": 1000
                }
              ],
              "Parallel Aware": false,
              "Node Type": "Hash",
              "Plan Width": 4,
              "Startup Cost": 62.5,
              "Plan Rows": 1000
            }
          ],
          "Parallel Aware": false,
          "Node Type": "Hash Join",
          "Join Type": "Inner",
          "Plan Width": 4,
          "Startup Cost": 75.0,
          "Hash Cond": "(r.bid \u003d b.bid)",
          "Plan Rows": 5000,
          "Inner Unique": true
        },
        {
          "Parent Relationship": "Inner",
          "Total Cost": 165.0,
          "Plans": [
            {
              "Parent Relationship": "Outer",
              "Total Cost": 165.0,
              "Relation Name": "sailors",
              "Parallel Aware": false,
              "Alias": "s",
              "Node Type": "Seq Scan",
              "Plan Width": 25,
              "Startup Cost": 0.0,
              "Plan Rows": 9000
            }
          ],
          "Parallel Aware": false,
          "Node Type": "Hash",
          "Plan Width": 25,
          "Startup Cost": 165.0,
          "Plan Rows": 9000
        }
      ],
      "Parallel Aware": false,
      "Node Type": "Hash Join",
      "Join Type": "Inner",
      "Plan Width": 29,
      "Startup Cost": 352.5,
      "Hash Cond": "(r.sid \u003d s.sid)",
      "Plan Rows": 5000,
      "Inner Unique": true
    },
    {
      "Parent Relationship": "Inner",
      "Total Cost": 637.05,
      "Plans": [
        {
          "Parent Relationship": "Outer",
          "Total Cost": 637.05,
          "Plans": [
            {
              "Parent Relationship": "Outer",
              "Total Cost": 346.42,
              "Plans": [
                {
                  "Parent Relationship": "Outer",
                  "Total Cost": 231.99,
                  "Relation Name": "reserves",
                  "Parallel Aware": false,
                  "Alias": "r2",
                  "Node Type": "Seq Scan",
                  "Plan Width": 8,
                  "Startup Cost": 0.0,
                  "Plan Rows": 14999
                },
                {
                  "Parent Relationship": "Inner",
                  "Total Cost": 62.5,
                  "Plans": [
                    {
                      "Parent Relationship": "Outer",
                      "Total Cost": 62.5,
                      "Relation Name": "boat",
                      "Parallel Aware": false,
                      "Filter": "(color \u003d \u0027green\u0027::bpchar)",
                      "Alias": "b2",
                      "Node Type": "Seq Scan",
                      "Plan Width": 4,
                      "Startup Cost": 0.0,
                      "Plan Rows": 1000
                    }
                  ],
                  "Parallel Aware": false,
                  "Node Type": "Hash",
                  "Plan Width": 4,
                  "Startup Cost": 62.5,
                  "Plan Rows": 1000
                }
              ],
              "Parallel Aware": false,
              "Node Type": "Hash Join",
              "Join Type": "Inner",
              "Plan Width": 4,
              "Startup Cost": 75.0,
              "Hash Cond": "(r2.bid \u003d b2.bid)",
              "Plan Rows": 5000,
              "Inner Unique": true
            },
            {
              "Parent Relationship": "Inner",
              "Total Cost": 165.0,
              "Plans": [
                {
                  "Parent Relationship": "Outer",
                  "Total Cost": 165.0,
                  "Relation Name": "sailors",
                  "Parallel Aware": false,
                  "Alias": "s2",
                  "Node Type": "Seq Scan",
                  "Plan Width": 4,
                  "Startup Cost": 0.0,
                  "Plan Rows": 9000
                }
              ],
              "Parallel Aware": false,
              "Node Type": "Hash",
              "Plan Width": 4,
              "Startup Cost": 165.0,
              "Plan Rows": 9000
            }
          ],
          "Parallel Aware": false,
          "Node Type": "Hash Join",
          "Join Type": "Inner",
          "Plan Width": 8,
          "Startup Cost": 352.5,
          "Hash Cond": "(r2.sid \u003d s2.sid)",
          "Plan Rows": 5000,
          "Inner Unique": true
        }
      ],
      "Parallel Aware": false,
      "Node Type": "Hash",
      "Plan Width": 8,
      "Startup Cost": 637.05,
      "Plan Rows": 5000
    }
  ],
  "Parallel Aware": false,
  "Node Type": "Hash Join",
  "Join Type": "Semi",
  "Plan Width": 21,
  "Startup Cost": 1052.05,
  "Hash Cond": "(s.sid \u003d s2.sid)",
  "Plan Rows": 2778,
  "Inner Unique": false
}

------------------------------

Indicies Configuration #162:
Index btree on column sid in table sailors
Index hash on column bid in table reserves
Index hash on column color in table boat
Index hash on column sid in table reserves
Index hash on column bid in table boat

------------------------------

1. The Total Cost of the Plan = 1380.64
2. The Estimated Size of the Result Set = 2778
3. The Plan of the Query:
{
  "Total Cost": 1380.64,
  "Plans": [
    {
      "Parent Relationship": "Outer",
      "Total Cost": 637.05,
      "Plans": [
        {
          "Parent Relationship": "Outer",
          "Total Cost": 346.42,
          "Plans": [
            {
              "Parent Relationship": "Outer",
              "Total Cost": 231.99,
              "Relation Name": "reserves",
              "Parallel Aware": false,
              "Alias": "r",
              "Node Type": "Seq Scan",
              "Plan Width": 8,
              "Startup Cost": 0.0,
              "Plan Rows": 14999
            },
            {
              "Parent Relationship": "Inner",
              "Total Cost": 62.5,
              "Plans": [
                {
                  "Parent Relationship": "Outer",
                  "Total Cost": 62.5,
                  "Relation Name": "boat",
                  "Parallel Aware": false,
                  "Filter": "(color \u003d \u0027red\u0027::bpchar)",
                  "Alias": "b",
                  "Node Type": "Seq Scan",
                  "Plan Width": 4,
                  "Startup Cost": 0.0,
                  "Plan Rows": 1000
                }
              ],
              "Parallel Aware": false,
              "Node Type": "Hash",
              "Plan Width": 4,
              "Startup Cost": 62.5,
              "Plan Rows": 1000
            }
          ],
          "Parallel Aware": false,
          "Node Type": "Hash Join",
          "Join Type": "Inner",
          "Plan Width": 4,
          "Startup Cost": 75.0,
          "Hash Cond": "(r.bid \u003d b.bid)",
          "Plan Rows": 5000,
          "Inner Unique": true
        },
        {
          "Parent Relationship": "Inner",
          "Total Cost": 165.0,
          "Plans": [
            {
              "Parent Relationship": "Outer",
              "Total Cost": 165.0,
              "Relation Name": "sailors",
              "Parallel Aware": false,
              "Alias": "s",
              "Node Type": "Seq Scan",
              "Plan Width": 25,
              "Startup Cost": 0.0,
              "Plan Rows": 9000
            }
          ],
          "Parallel Aware": false,
          "Node Type": "Hash",
          "Plan Width": 25,
          "Startup Cost": 165.0,
          "Plan Rows": 9000
        }
      ],
      "Parallel Aware": false,
      "Node Type": "Hash Join",
      "Join Type": "Inner",
      "Plan Width": 29,
      "Startup Cost": 352.5,
      "Hash Cond": "(r.sid \u003d s.sid)",
      "Plan Rows": 5000,
      "Inner Unique": true
    },
    {
      "Parent Relationship": "Inner",
      "Total Cost": 637.05,
      "Plans": [
        {
          "Parent Relationship": "Outer",
          "Total Cost": 637.05,
          "Plans": [
            {
              "Parent Relationship": "Outer",
              "Total Cost": 346.42,
              "Plans": [
                {
                  "Parent Relationship": "Outer",
                  "Total Cost": 231.99,
                  "Relation Name": "reserves",
                  "Parallel Aware": false,
                  "Alias": "r2",
                  "Node Type": "Seq Scan",
                  "Plan Width": 8,
                  "Startup Cost": 0.0,
                  "Plan Rows": 14999
                },
                {
                  "Parent Relationship": "Inner",
                  "Total Cost": 62.5,
                  "Plans": [
                    {
                      "Parent Relationship": "Outer",
                      "Total Cost": 62.5,
                      "Relation Name": "boat",
                      "Parallel Aware": false,
                      "Filter": "(color \u003d \u0027green\u0027::bpchar)",
                      "Alias": "b2",
                      "Node Type": "Seq Scan",
                      "Plan Width": 4,
                      "Startup Cost": 0.0,
                      "Plan Rows": 1000
                    }
                  ],
                  "Parallel Aware": false,
                  "Node Type": "Hash",
                  "Plan Width": 4,
                  "Startup Cost": 62.5,
                  "Plan Rows": 1000
                }
              ],
              "Parallel Aware": false,
              "Node Type": "Hash Join",
              "Join Type": "Inner",
              "Plan Width": 4,
              "Startup Cost": 75.0,
              "Hash Cond": "(r2.bid \u003d b2.bid)",
              "Plan Rows": 5000,
              "Inner Unique": true
            },
            {
              "Parent Relationship": "Inner",
              "Total Cost": 165.0,
              "Plans": [
                {
                  "Parent Relationship": "Outer",
                  "Total Cost": 165.0,
                  "Relation Name": "sailors",
                  "Parallel Aware": false,
                  "Alias": "s2",
                  "Node Type": "Seq Scan",
                  "Plan Width": 4,
                  "Startup Cost": 0.0,
                  "Plan Rows": 9000
                }
              ],
              "Parallel Aware": false,
              "Node Type": "Hash",
              "Plan Width": 4,
              "Startup Cost": 165.0,
              "Plan Rows": 9000
            }
          ],
          "Parallel Aware": false,
          "Node Type": "Hash Join",
          "Join Type": "Inner",
          "Plan Width": 8,
          "Startup Cost": 352.5,
          "Hash Cond": "(r2.sid \u003d s2.sid)",
          "Plan Rows": 5000,
          "Inner Unique": true
        }
      ],
      "Parallel Aware": false,
      "Node Type": "Hash",
      "Plan Width": 8,
      "Startup Cost": 637.05,
      "Plan Rows": 5000
    }
  ],
  "Parallel Aware": false,
  "Node Type": "Hash Join",
  "Join Type": "Semi",
  "Plan Width": 21,
  "Startup Cost": 1052.05,
  "Hash Cond": "(s.sid \u003d s2.sid)",
  "Plan Rows": 2778,
  "Inner Unique": false
}

------------------------------

Indicies Configuration #163:
Index hash on column sid in table sailors

------------------------------

1. The Total Cost of the Plan = 1226.58
2. The Estimated Size of the Result Set = 2778
3. The Plan of the Query:
{
  "Total Cost": 1226.58,
  "Plans": [
    {
      "Parent Relationship": "Outer",
      "Total Cost": 1097.16,
      "Plans": [
        {
          "Parent Relationship": "Outer",
          "Total Cost": 346.42,
          "Plans": [
            {
              "Parent Relationship": "Outer",
              "Total Cost": 231.99,
              "Relation Name": "reserves",
              "Parallel Aware": false,
              "Alias": "r",
              "Node Type": "Seq Scan",
              "Plan Width": 8,
              "Startup Cost": 0.0,
              "Plan Rows": 14999
            },
            {
              "Parent Relationship": "Inner",
              "Total Cost": 62.5,
              "Plans": [
                {
                  "Parent Relationship": "Outer",
                  "Total Cost": 62.5,
                  "Relation Name": "boat",
                  "Parallel Aware": false,
                  "Filter": "(color \u003d \u0027red\u0027::bpchar)",
                  "Alias": "b",
                  "Node Type": "Seq Scan",
                  "Plan Width": 4,
                  "Startup Cost": 0.0,
                  "Plan Rows": 1000
                }
              ],
              "Parallel Aware": false,
              "Node Type": "Hash",
              "Plan Width": 4,
              "Startup Cost": 62.5,
              "Plan Rows": 1000
            }
          ],
          "Parallel Aware": false,
          "Node Type": "Hash Join",
          "Join Type": "Inner",
          "Plan Width": 4,
          "Startup Cost": 75.0,
          "Hash Cond": "(r.bid \u003d b.bid)",
          "Plan Rows": 5000,
          "Inner Unique": true
        },
        {
          "Parent Relationship": "Inner",
          "Total Cost": 641.71,
          "Plans": [
            {
              "Parent Relationship": "Outer",
              "Total Cost": 641.71,
              "Plans": [
                {
                  "Parent Relationship": "Outer",
                  "Total Cost": 579.21,
                  "Plans": [
                    {
                      "Parent Relationship": "Outer",
                      "Total Cost": 346.42,
                      "Plans": [
                        {
                          "Parent Relationship": "Outer",
                          "Total Cost": 231.99,
                          "Relation Name": "reserves",
                          "Parallel Aware": false,
                          "Alias": "r2",
                          "Node Type": "Seq Scan",
                          "Plan Width": 8,
                          "Startup Cost": 0.0,
                          "Plan Rows": 14999
                        },
                        {
                          "Parent Relationship": "Inner",
                          "Total Cost": 62.5,
                          "Plans": [
                            {
                              "Parent Relationship": "Outer",
                              "Total Cost": 62.5,
                              "Relation Name": "boat",
                              "Parallel Aware": false,
                              "Filter": "(color \u003d \u0027green\u0027::bpchar)",
                              "Alias": "b2",
                              "Node Type": "Seq Scan",
                              "Plan Width": 4,
                              "Startup Cost": 0.0,
                              "Plan Rows": 1000
                            }
                          ],
                          "Parallel Aware": false,
                          "Node Type": "Hash",
                          "Plan Width": 4,
                          "Startup Cost": 62.5,
                          "Plan Rows": 1000
                        }
                      ],
                      "Parallel Aware": false,
                      "Node Type": "Hash Join",
                      "Join Type": "Inner",
                      "Plan Width": 4,
                      "Startup Cost": 75.0,
                      "Hash Cond": "(r2.bid \u003d b2.bid)",
                      "Plan Rows": 5000,
                      "Inner Unique": true
                    },
                    {
                      "Parent Relationship": "Inner",
                      "Total Cost": 0.05,
                      "Scan Direction": "NoMovement",
                      "Relation Name": "sailors",
                      "Parallel Aware": false,
                      "Alias": "s2",
                      "Node Type": "Index Scan",
                      "Index Name": "idx_sailors_sid",
                      "Plan Width": 4,
                      "Startup Cost": 0.0,
                      "Index Cond": "(sid \u003d r2.sid)",
                      "Plan Rows": 1
                    }
                  ],
                  "Parallel Aware": false,
                  "Node Type": "Nested Loop",
                  "Join Type": "Inner",
                  "Plan Width": 8,
                  "Startup Cost": 75.0,
                  "Plan Rows": 5000,
                  "Inner Unique": true
                }
              ],
              "Parallel Aware": false,
              "Node Type": "Aggregate",
              "Plan Width": 8,
              "Strategy": "Hashed",
              "Startup Cost": 591.71,
              "Group Key": [
                "s2.sid"
              ],
              "Plan Rows": 5000,
              "Partial Mode": "Simple"
            }
          ],
          "Parallel Aware": false,
          "Node Type": "Hash",
          "Plan Width": 8,
          "Startup Cost": 641.71,
          "Plan Rows": 5000
        }
      ],
      "Parallel Aware": false,
      "Node Type": "Hash Join",
      "Join Type": "Inner",
      "Plan Width": 12,
      "Startup Cost": 779.21,
      "Hash Cond": "(r.sid \u003d s2.sid)",
      "Plan Rows": 2779,
      "Inner Unique": false
    },
    {
      "Parent Relationship": "Inner",
      "Total Cost": 0.05,
      "Scan Direction": "NoMovement",
      "Relation Name": "sailors",
      "Parallel Aware": false,
      "Alias": "s",
      "Node Type": "Index Scan",
      "Index Name": "idx_sailors_sid",
      "Plan Width": 25,
      "Startup Cost": 0.0,
      "Index Cond": "(sid \u003d r.sid)",
      "Plan Rows": 1
    }
  ],
  "Parallel Aware": false,
  "Node Type": "Nested Loop",
  "Join Type": "Inner",
  "Plan Width": 21,
  "Startup Cost": 779.21,
  "Plan Rows": 2778,
  "Inner Unique": true
}

------------------------------

Indicies Configuration #164:
Index hash on column sid in table sailors
Index btree on column bid in table boat

------------------------------

1. The Total Cost of the Plan = 1226.58
2. The Estimated Size of the Result Set = 2778
3. The Plan of the Query:
{
  "Total Cost": 1226.58,
  "Plans": [
    {
      "Parent Relationship": "Outer",
      "Total Cost": 1097.16,
      "Plans": [
        {
          "Parent Relationship": "Outer",
          "Total Cost": 346.42,
          "Plans": [
            {
              "Parent Relationship": "Outer",
              "Total Cost": 231.99,
              "Relation Name": "reserves",
              "Parallel Aware": false,
              "Alias": "r",
              "Node Type": "Seq Scan",
              "Plan Width": 8,
              "Startup Cost": 0.0,
              "Plan Rows": 14999
            },
            {
              "Parent Relationship": "Inner",
              "Total Cost": 62.5,
              "Plans": [
                {
                  "Parent Relationship": "Outer",
                  "Total Cost": 62.5,
                  "Relation Name": "boat",
                  "Parallel Aware": false,
                  "Filter": "(color \u003d \u0027red\u0027::bpchar)",
                  "Alias": "b",
                  "Node Type": "Seq Scan",
                  "Plan Width": 4,
                  "Startup Cost": 0.0,
                  "Plan Rows": 1000
                }
              ],
              "Parallel Aware": false,
              "Node Type": "Hash",
              "Plan Width": 4,
              "Startup Cost": 62.5,
              "Plan Rows": 1000
            }
          ],
          "Parallel Aware": false,
          "Node Type": "Hash Join",
          "Join Type": "Inner",
          "Plan Width": 4,
          "Startup Cost": 75.0,
          "Hash Cond": "(r.bid \u003d b.bid)",
          "Plan Rows": 5000,
          "Inner Unique": true
        },
        {
          "Parent Relationship": "Inner",
          "Total Cost": 641.71,
          "Plans": [
            {
              "Parent Relationship": "Outer",
              "Total Cost": 641.71,
              "Plans": [
                {
                  "Parent Relationship": "Outer",
                  "Total Cost": 579.21,
                  "Plans": [
                    {
                      "Parent Relationship": "Outer",
                      "Total Cost": 346.42,
                      "Plans": [
                        {
                          "Parent Relationship": "Outer",
                          "Total Cost": 231.99,
                          "Relation Name": "reserves",
                          "Parallel Aware": false,
                          "Alias": "r2",
                          "Node Type": "Seq Scan",
                          "Plan Width": 8,
                          "Startup Cost": 0.0,
                          "Plan Rows": 14999
                        },
                        {
                          "Parent Relationship": "Inner",
                          "Total Cost": 62.5,
                          "Plans": [
                            {
                              "Parent Relationship": "Outer",
                              "Total Cost": 62.5,
                              "Relation Name": "boat",
                              "Parallel Aware": false,
                              "Filter": "(color \u003d \u0027green\u0027::bpchar)",
                              "Alias": "b2",
                              "Node Type": "Seq Scan",
                              "Plan Width": 4,
                              "Startup Cost": 0.0,
                              "Plan Rows": 1000
                            }
                          ],
                          "Parallel Aware": false,
                          "Node Type": "Hash",
                          "Plan Width": 4,
                          "Startup Cost": 62.5,
                          "Plan Rows": 1000
                        }
                      ],
                      "Parallel Aware": false,
                      "Node Type": "Hash Join",
                      "Join Type": "Inner",
                      "Plan Width": 4,
                      "Startup Cost": 75.0,
                      "Hash Cond": "(r2.bid \u003d b2.bid)",
                      "Plan Rows": 5000,
                      "Inner Unique": true
                    },
                    {
                      "Parent Relationship": "Inner",
                      "Total Cost": 0.05,
                      "Scan Direction": "NoMovement",
                      "Relation Name": "sailors",
                      "Parallel Aware": false,
                      "Alias": "s2",
                      "Node Type": "Index Scan",
                      "Index Name": "idx_sailors_sid",
                      "Plan Width": 4,
                      "Startup Cost": 0.0,
                      "Index Cond": "(sid \u003d r2.sid)",
                      "Plan Rows": 1
                    }
                  ],
                  "Parallel Aware": false,
                  "Node Type": "Nested Loop",
                  "Join Type": "Inner",
                  "Plan Width": 8,
                  "Startup Cost": 75.0,
                  "Plan Rows": 5000,
                  "Inner Unique": true
                }
              ],
              "Parallel Aware": false,
              "Node Type": "Aggregate",
              "Plan Width": 8,
              "Strategy": "Hashed",
              "Startup Cost": 591.71,
              "Group Key": [
                "s2.sid"
              ],
              "Plan Rows": 5000,
              "Partial Mode": "Simple"
            }
          ],
          "Parallel Aware": false,
          "Node Type": "Hash",
          "Plan Width": 8,
          "Startup Cost": 641.71,
          "Plan Rows": 5000
        }
      ],
      "Parallel Aware": false,
      "Node Type": "Hash Join",
      "Join Type": "Inner",
      "Plan Width": 12,
      "Startup Cost": 779.21,
      "Hash Cond": "(r.sid \u003d s2.sid)",
      "Plan Rows": 2779,
      "Inner Unique": false
    },
    {
      "Parent Relationship": "Inner",
      "Total Cost": 0.05,
      "Scan Direction": "NoMovement",
      "Relation Name": "sailors",
      "Parallel Aware": false,
      "Alias": "s",
      "Node Type": "Index Scan",
      "Index Name": "idx_sailors_sid",
      "Plan Width": 25,
      "Startup Cost": 0.0,
      "Index Cond": "(sid \u003d r.sid)",
      "Plan Rows": 1
    }
  ],
  "Parallel Aware": false,
  "Node Type": "Nested Loop",
  "Join Type": "Inner",
  "Plan Width": 21,
  "Startup Cost": 779.21,
  "Plan Rows": 2778,
  "Inner Unique": true
}

------------------------------

Indicies Configuration #165:
Index hash on column sid in table sailors
Index hash on column bid in table boat

------------------------------

1. The Total Cost of the Plan = 1226.58
2. The Estimated Size of the Result Set = 2778
3. The Plan of the Query:
{
  "Total Cost": 1226.58,
  "Plans": [
    {
      "Parent Relationship": "Outer",
      "Total Cost": 1097.16,
      "Plans": [
        {
          "Parent Relationship": "Outer",
          "Total Cost": 346.42,
          "Plans": [
            {
              "Parent Relationship": "Outer",
              "Total Cost": 231.99,
              "Relation Name": "reserves",
              "Parallel Aware": false,
              "Alias": "r",
              "Node Type": "Seq Scan",
              "Plan Width": 8,
              "Startup Cost": 0.0,
              "Plan Rows": 14999
            },
            {
              "Parent Relationship": "Inner",
              "Total Cost": 62.5,
              "Plans": [
                {
                  "Parent Relationship": "Outer",
                  "Total Cost": 62.5,
                  "Relation Name": "boat",
                  "Parallel Aware": false,
                  "Filter": "(color \u003d \u0027red\u0027::bpchar)",
                  "Alias": "b",
                  "Node Type": "Seq Scan",
                  "Plan Width": 4,
                  "Startup Cost": 0.0,
                  "Plan Rows": 1000
                }
              ],
              "Parallel Aware": false,
              "Node Type": "Hash",
              "Plan Width": 4,
              "Startup Cost": 62.5,
              "Plan Rows": 1000
            }
          ],
          "Parallel Aware": false,
          "Node Type": "Hash Join",
          "Join Type": "Inner",
          "Plan Width": 4,
          "Startup Cost": 75.0,
          "Hash Cond": "(r.bid \u003d b.bid)",
          "Plan Rows": 5000,
          "Inner Unique": true
        },
        {
          "Parent Relationship": "Inner",
          "Total Cost": 641.71,
          "Plans": [
            {
              "Parent Relationship": "Outer",
              "Total Cost": 641.71,
              "Plans": [
                {
                  "Parent Relationship": "Outer",
                  "Total Cost": 579.21,
                  "Plans": [
                    {
                      "Parent Relationship": "Outer",
                      "Total Cost": 346.42,
                      "Plans": [
                        {
                          "Parent Relationship": "Outer",
                          "Total Cost": 231.99,
                          "Relation Name": "reserves",
                          "Parallel Aware": false,
                          "Alias": "r2",
                          "Node Type": "Seq Scan",
                          "Plan Width": 8,
                          "Startup Cost": 0.0,
                          "Plan Rows": 14999
                        },
                        {
                          "Parent Relationship": "Inner",
                          "Total Cost": 62.5,
                          "Plans": [
                            {
                              "Parent Relationship": "Outer",
                              "Total Cost": 62.5,
                              "Relation Name": "boat",
                              "Parallel Aware": false,
                              "Filter": "(color \u003d \u0027green\u0027::bpchar)",
                              "Alias": "b2",
                              "Node Type": "Seq Scan",
                              "Plan Width": 4,
                              "Startup Cost": 0.0,
                              "Plan Rows": 1000
                            }
                          ],
                          "Parallel Aware": false,
                          "Node Type": "Hash",
                          "Plan Width": 4,
                          "Startup Cost": 62.5,
                          "Plan Rows": 1000
                        }
                      ],
                      "Parallel Aware": false,
                      "Node Type": "Hash Join",
                      "Join Type": "Inner",
                      "Plan Width": 4,
                      "Startup Cost": 75.0,
                      "Hash Cond": "(r2.bid \u003d b2.bid)",
                      "Plan Rows": 5000,
                      "Inner Unique": true
                    },
                    {
                      "Parent Relationship": "Inner",
                      "Total Cost": 0.05,
                      "Scan Direction": "NoMovement",
                      "Relation Name": "sailors",
                      "Parallel Aware": false,
                      "Alias": "s2",
                      "Node Type": "Index Scan",
                      "Index Name": "idx_sailors_sid",
                      "Plan Width": 4,
                      "Startup Cost": 0.0,
                      "Index Cond": "(sid \u003d r2.sid)",
                      "Plan Rows": 1
                    }
                  ],
                  "Parallel Aware": false,
                  "Node Type": "Nested Loop",
                  "Join Type": "Inner",
                  "Plan Width": 8,
                  "Startup Cost": 75.0,
                  "Plan Rows": 5000,
                  "Inner Unique": true
                }
              ],
              "Parallel Aware": false,
              "Node Type": "Aggregate",
              "Plan Width": 8,
              "Strategy": "Hashed",
              "Startup Cost": 591.71,
              "Group Key": [
                "s2.sid"
              ],
              "Plan Rows": 5000,
              "Partial Mode": "Simple"
            }
          ],
          "Parallel Aware": false,
          "Node Type": "Hash",
          "Plan Width": 8,
          "Startup Cost": 641.71,
          "Plan Rows": 5000
        }
      ],
      "Parallel Aware": false,
      "Node Type": "Hash Join",
      "Join Type": "Inner",
      "Plan Width": 12,
      "Startup Cost": 779.21,
      "Hash Cond": "(r.sid \u003d s2.sid)",
      "Plan Rows": 2779,
      "Inner Unique": false
    },
    {
      "Parent Relationship": "Inner",
      "Total Cost": 0.05,
      "Scan Direction": "NoMovement",
      "Relation Name": "sailors",
      "Parallel Aware": false,
      "Alias": "s",
      "Node Type": "Index Scan",
      "Index Name": "idx_sailors_sid",
      "Plan Width": 25,
      "Startup Cost": 0.0,
      "Index Cond": "(sid \u003d r.sid)",
      "Plan Rows": 1
    }
  ],
  "Parallel Aware": false,
  "Node Type": "Nested Loop",
  "Join Type": "Inner",
  "Plan Width": 21,
  "Startup Cost": 779.21,
  "Plan Rows": 2778,
  "Inner Unique": true
}

------------------------------

Indicies Configuration #166:
Index hash on column sid in table sailors
Index btree on column sid in table reserves

------------------------------

1. The Total Cost of the Plan = 1226.58
2. The Estimated Size of the Result Set = 2778
3. The Plan of the Query:
{
  "Total Cost": 1226.58,
  "Plans": [
    {
      "Parent Relationship": "Outer",
      "Total Cost": 1097.16,
      "Plans": [
        {
          "Parent Relationship": "Outer",
          "Total Cost": 346.42,
          "Plans": [
            {
              "Parent Relationship": "Outer",
              "Total Cost": 231.99,
              "Relation Name": "reserves",
              "Parallel Aware": false,
              "Alias": "r",
              "Node Type": "Seq Scan",
              "Plan Width": 8,
              "Startup Cost": 0.0,
              "Plan Rows": 14999
            },
            {
              "Parent Relationship": "Inner",
              "Total Cost": 62.5,
              "Plans": [
                {
                  "Parent Relationship": "Outer",
                  "Total Cost": 62.5,
                  "Relation Name": "boat",
                  "Parallel Aware": false,
                  "Filter": "(color \u003d \u0027red\u0027::bpchar)",
                  "Alias": "b",
                  "Node Type": "Seq Scan",
                  "Plan Width": 4,
                  "Startup Cost": 0.0,
                  "Plan Rows": 1000
                }
              ],
              "Parallel Aware": false,
              "Node Type": "Hash",
              "Plan Width": 4,
              "Startup Cost": 62.5,
              "Plan Rows": 1000
            }
          ],
          "Parallel Aware": false,
          "Node Type": "Hash Join",
          "Join Type": "Inner",
          "Plan Width": 4,
          "Startup Cost": 75.0,
          "Hash Cond": "(r.bid \u003d b.bid)",
          "Plan Rows": 5000,
          "Inner Unique": true
        },
        {
          "Parent Relationship": "Inner",
          "Total Cost": 641.71,
          "Plans": [
            {
              "Parent Relationship": "Outer",
              "Total Cost": 641.71,
              "Plans": [
                {
                  "Parent Relationship": "Outer",
                  "Total Cost": 579.21,
                  "Plans": [
                    {
                      "Parent Relationship": "Outer",
                      "Total Cost": 346.42,
                      "Plans": [
                        {
                          "Parent Relationship": "Outer",
                          "Total Cost": 231.99,
                          "Relation Name": "reserves",
                          "Parallel Aware": false,
                          "Alias": "r2",
                          "Node Type": "Seq Scan",
                          "Plan Width": 8,
                          "Startup Cost": 0.0,
                          "Plan Rows": 14999
                        },
                        {
                          "Parent Relationship": "Inner",
                          "Total Cost": 62.5,
                          "Plans": [
                            {
                              "Parent Relationship": "Outer",
                              "Total Cost": 62.5,
                              "Relation Name": "boat",
                              "Parallel Aware": false,
                              "Filter": "(color \u003d \u0027green\u0027::bpchar)",
                              "Alias": "b2",
                              "Node Type": "Seq Scan",
                              "Plan Width": 4,
                              "Startup Cost": 0.0,
                              "Plan Rows": 1000
                            }
                          ],
                          "Parallel Aware": false,
                          "Node Type": "Hash",
                          "Plan Width": 4,
                          "Startup Cost": 62.5,
                          "Plan Rows": 1000
                        }
                      ],
                      "Parallel Aware": false,
                      "Node Type": "Hash Join",
                      "Join Type": "Inner",
                      "Plan Width": 4,
                      "Startup Cost": 75.0,
                      "Hash Cond": "(r2.bid \u003d b2.bid)",
                      "Plan Rows": 5000,
                      "Inner Unique": true
                    },
                    {
                      "Parent Relationship": "Inner",
                      "Total Cost": 0.05,
                      "Scan Direction": "NoMovement",
                      "Relation Name": "sailors",
                      "Parallel Aware": false,
                      "Alias": "s2",
                      "Node Type": "Index Scan",
                      "Index Name": "idx_sailors_sid",
                      "Plan Width": 4,
                      "Startup Cost": 0.0,
                      "Index Cond": "(sid \u003d r2.sid)",
                      "Plan Rows": 1
                    }
                  ],
                  "Parallel Aware": false,
                  "Node Type": "Nested Loop",
                  "Join Type": "Inner",
                  "Plan Width": 8,
                  "Startup Cost": 75.0,
                  "Plan Rows": 5000,
                  "Inner Unique": true
                }
              ],
              "Parallel Aware": false,
              "Node Type": "Aggregate",
              "Plan Width": 8,
              "Strategy": "Hashed",
              "Startup Cost": 591.71,
              "Group Key": [
                "s2.sid"
              ],
              "Plan Rows": 5000,
              "Partial Mode": "Simple"
            }
          ],
          "Parallel Aware": false,
          "Node Type": "Hash",
          "Plan Width": 8,
          "Startup Cost": 641.71,
          "Plan Rows": 5000
        }
      ],
      "Parallel Aware": false,
      "Node Type": "Hash Join",
      "Join Type": "Inner",
      "Plan Width": 12,
      "Startup Cost": 779.21,
      "Hash Cond": "(r.sid \u003d s2.sid)",
      "Plan Rows": 2779,
      "Inner Unique": false
    },
    {
      "Parent Relationship": "Inner",
      "Total Cost": 0.05,
      "Scan Direction": "NoMovement",
      "Relation Name": "sailors",
      "Parallel Aware": false,
      "Alias": "s",
      "Node Type": "Index Scan",
      "Index Name": "idx_sailors_sid",
      "Plan Width": 25,
      "Startup Cost": 0.0,
      "Index Cond": "(sid \u003d r.sid)",
      "Plan Rows": 1
    }
  ],
  "Parallel Aware": false,
  "Node Type": "Nested Loop",
  "Join Type": "Inner",
  "Plan Width": 21,
  "Startup Cost": 779.21,
  "Plan Rows": 2778,
  "Inner Unique": true
}

------------------------------

Indicies Configuration #167:
Index hash on column sid in table sailors
Index btree on column sid in table reserves
Index btree on column bid in table boat

------------------------------

1. The Total Cost of the Plan = 1226.58
2. The Estimated Size of the Result Set = 2778
3. The Plan of the Query:
{
  "Total Cost": 1226.58,
  "Plans": [
    {
      "Parent Relationship": "Outer",
      "Total Cost": 1097.16,
      "Plans": [
        {
          "Parent Relationship": "Outer",
          "Total Cost": 346.42,
          "Plans": [
            {
              "Parent Relationship": "Outer",
              "Total Cost": 231.99,
              "Relation Name": "reserves",
              "Parallel Aware": false,
              "Alias": "r",
              "Node Type": "Seq Scan",
              "Plan Width": 8,
              "Startup Cost": 0.0,
              "Plan Rows": 14999
            },
            {
              "Parent Relationship": "Inner",
              "Total Cost": 62.5,
              "Plans": [
                {
                  "Parent Relationship": "Outer",
                  "Total Cost": 62.5,
                  "Relation Name": "boat",
                  "Parallel Aware": false,
                  "Filter": "(color \u003d \u0027red\u0027::bpchar)",
                  "Alias": "b",
                  "Node Type": "Seq Scan",
                  "Plan Width": 4,
                  "Startup Cost": 0.0,
                  "Plan Rows": 1000
                }
              ],
              "Parallel Aware": false,
              "Node Type": "Hash",
              "Plan Width": 4,
              "Startup Cost": 62.5,
              "Plan Rows": 1000
            }
          ],
          "Parallel Aware": false,
          "Node Type": "Hash Join",
          "Join Type": "Inner",
          "Plan Width": 4,
          "Startup Cost": 75.0,
          "Hash Cond": "(r.bid \u003d b.bid)",
          "Plan Rows": 5000,
          "Inner Unique": true
        },
        {
          "Parent Relationship": "Inner",
          "Total Cost": 641.71,
          "Plans": [
            {
              "Parent Relationship": "Outer",
              "Total Cost": 641.71,
              "Plans": [
                {
                  "Parent Relationship": "Outer",
                  "Total Cost": 579.21,
                  "Plans": [
                    {
                      "Parent Relationship": "Outer",
                      "Total Cost": 346.42,
                      "Plans": [
                        {
                          "Parent Relationship": "Outer",
                          "Total Cost": 231.99,
                          "Relation Name": "reserves",
                          "Parallel Aware": false,
                          "Alias": "r2",
                          "Node Type": "Seq Scan",
                          "Plan Width": 8,
                          "Startup Cost": 0.0,
                          "Plan Rows": 14999
                        },
                        {
                          "Parent Relationship": "Inner",
                          "Total Cost": 62.5,
                          "Plans": [
                            {
                              "Parent Relationship": "Outer",
                              "Total Cost": 62.5,
                              "Relation Name": "boat",
                              "Parallel Aware": false,
                              "Filter": "(color \u003d \u0027green\u0027::bpchar)",
                              "Alias": "b2",
                              "Node Type": "Seq Scan",
                              "Plan Width": 4,
                              "Startup Cost": 0.0,
                              "Plan Rows": 1000
                            }
                          ],
                          "Parallel Aware": false,
                          "Node Type": "Hash",
                          "Plan Width": 4,
                          "Startup Cost": 62.5,
                          "Plan Rows": 1000
                        }
                      ],
                      "Parallel Aware": false,
                      "Node Type": "Hash Join",
                      "Join Type": "Inner",
                      "Plan Width": 4,
                      "Startup Cost": 75.0,
                      "Hash Cond": "(r2.bid \u003d b2.bid)",
                      "Plan Rows": 5000,
                      "Inner Unique": true
                    },
                    {
                      "Parent Relationship": "Inner",
                      "Total Cost": 0.05,
                      "Scan Direction": "NoMovement",
                      "Relation Name": "sailors",
                      "Parallel Aware": false,
                      "Alias": "s2",
                      "Node Type": "Index Scan",
                      "Index Name": "idx_sailors_sid",
                      "Plan Width": 4,
                      "Startup Cost": 0.0,
                      "Index Cond": "(sid \u003d r2.sid)",
                      "Plan Rows": 1
                    }
                  ],
                  "Parallel Aware": false,
                  "Node Type": "Nested Loop",
                  "Join Type": "Inner",
                  "Plan Width": 8,
                  "Startup Cost": 75.0,
                  "Plan Rows": 5000,
                  "Inner Unique": true
                }
              ],
              "Parallel Aware": false,
              "Node Type": "Aggregate",
              "Plan Width": 8,
              "Strategy": "Hashed",
              "Startup Cost": 591.71,
              "Group Key": [
                "s2.sid"
              ],
              "Plan Rows": 5000,
              "Partial Mode": "Simple"
            }
          ],
          "Parallel Aware": false,
          "Node Type": "Hash",
          "Plan Width": 8,
          "Startup Cost": 641.71,
          "Plan Rows": 5000
        }
      ],
      "Parallel Aware": false,
      "Node Type": "Hash Join",
      "Join Type": "Inner",
      "Plan Width": 12,
      "Startup Cost": 779.21,
      "Hash Cond": "(r.sid \u003d s2.sid)",
      "Plan Rows": 2779,
      "Inner Unique": false
    },
    {
      "Parent Relationship": "Inner",
      "Total Cost": 0.05,
      "Scan Direction": "NoMovement",
      "Relation Name": "sailors",
      "Parallel Aware": false,
      "Alias": "s",
      "Node Type": "Index Scan",
      "Index Name": "idx_sailors_sid",
      "Plan Width": 25,
      "Startup Cost": 0.0,
      "Index Cond": "(sid \u003d r.sid)",
      "Plan Rows": 1
    }
  ],
  "Parallel Aware": false,
  "Node Type": "Nested Loop",
  "Join Type": "Inner",
  "Plan Width": 21,
  "Startup Cost": 779.21,
  "Plan Rows": 2778,
  "Inner Unique": true
}

------------------------------

Indicies Configuration #168:
Index hash on column sid in table sailors
Index btree on column sid in table reserves
Index hash on column bid in table boat

------------------------------

1. The Total Cost of the Plan = 1226.58
2. The Estimated Size of the Result Set = 2778
3. The Plan of the Query:
{
  "Total Cost": 1226.58,
  "Plans": [
    {
      "Parent Relationship": "Outer",
      "Total Cost": 1097.16,
      "Plans": [
        {
          "Parent Relationship": "Outer",
          "Total Cost": 346.42,
          "Plans": [
            {
              "Parent Relationship": "Outer",
              "Total Cost": 231.99,
              "Relation Name": "reserves",
              "Parallel Aware": false,
              "Alias": "r",
              "Node Type": "Seq Scan",
              "Plan Width": 8,
              "Startup Cost": 0.0,
              "Plan Rows": 14999
            },
            {
              "Parent Relationship": "Inner",
              "Total Cost": 62.5,
              "Plans": [
                {
                  "Parent Relationship": "Outer",
                  "Total Cost": 62.5,
                  "Relation Name": "boat",
                  "Parallel Aware": false,
                  "Filter": "(color \u003d \u0027red\u0027::bpchar)",
                  "Alias": "b",
                  "Node Type": "Seq Scan",
                  "Plan Width": 4,
                  "Startup Cost": 0.0,
                  "Plan Rows": 1000
                }
              ],
              "Parallel Aware": false,
              "Node Type": "Hash",
              "Plan Width": 4,
              "Startup Cost": 62.5,
              "Plan Rows": 1000
            }
          ],
          "Parallel Aware": false,
          "Node Type": "Hash Join",
          "Join Type": "Inner",
          "Plan Width": 4,
          "Startup Cost": 75.0,
          "Hash Cond": "(r.bid \u003d b.bid)",
          "Plan Rows": 5000,
          "Inner Unique": true
        },
        {
          "Parent Relationship": "Inner",
          "Total Cost": 641.71,
          "Plans": [
            {
              "Parent Relationship": "Outer",
              "Total Cost": 641.71,
              "Plans": [
                {
                  "Parent Relationship": "Outer",
                  "Total Cost": 579.21,
                  "Plans": [
                    {
                      "Parent Relationship": "Outer",
                      "Total Cost": 346.42,
                      "Plans": [
                        {
                          "Parent Relationship": "Outer",
                          "Total Cost": 231.99,
                          "Relation Name": "reserves",
                          "Parallel Aware": false,
                          "Alias": "r2",
                          "Node Type": "Seq Scan",
                          "Plan Width": 8,
                          "Startup Cost": 0.0,
                          "Plan Rows": 14999
                        },
                        {
                          "Parent Relationship": "Inner",
                          "Total Cost": 62.5,
                          "Plans": [
                            {
                              "Parent Relationship": "Outer",
                              "Total Cost": 62.5,
                              "Relation Name": "boat",
                              "Parallel Aware": false,
                              "Filter": "(color \u003d \u0027green\u0027::bpchar)",
                              "Alias": "b2",
                              "Node Type": "Seq Scan",
                              "Plan Width": 4,
                              "Startup Cost": 0.0,
                              "Plan Rows": 1000
                            }
                          ],
                          "Parallel Aware": false,
                          "Node Type": "Hash",
                          "Plan Width": 4,
                          "Startup Cost": 62.5,
                          "Plan Rows": 1000
                        }
                      ],
                      "Parallel Aware": false,
                      "Node Type": "Hash Join",
                      "Join Type": "Inner",
                      "Plan Width": 4,
                      "Startup Cost": 75.0,
                      "Hash Cond": "(r2.bid \u003d b2.bid)",
                      "Plan Rows": 5000,
                      "Inner Unique": true
                    },
                    {
                      "Parent Relationship": "Inner",
                      "Total Cost": 0.05,
                      "Scan Direction": "NoMovement",
                      "Relation Name": "sailors",
                      "Parallel Aware": false,
                      "Alias": "s2",
                      "Node Type": "Index Scan",
                      "Index Name": "idx_sailors_sid",
                      "Plan Width": 4,
                      "Startup Cost": 0.0,
                      "Index Cond": "(sid \u003d r2.sid)",
                      "Plan Rows": 1
                    }
                  ],
                  "Parallel Aware": false,
                  "Node Type": "Nested Loop",
                  "Join Type": "Inner",
                  "Plan Width": 8,
                  "Startup Cost": 75.0,
                  "Plan Rows": 5000,
                  "Inner Unique": true
                }
              ],
              "Parallel Aware": false,
              "Node Type": "Aggregate",
              "Plan Width": 8,
              "Strategy": "Hashed",
              "Startup Cost": 591.71,
              "Group Key": [
                "s2.sid"
              ],
              "Plan Rows": 5000,
              "Partial Mode": "Simple"
            }
          ],
          "Parallel Aware": false,
          "Node Type": "Hash",
          "Plan Width": 8,
          "Startup Cost": 641.71,
          "Plan Rows": 5000
        }
      ],
      "Parallel Aware": false,
      "Node Type": "Hash Join",
      "Join Type": "Inner",
      "Plan Width": 12,
      "Startup Cost": 779.21,
      "Hash Cond": "(r.sid \u003d s2.sid)",
      "Plan Rows": 2779,
      "Inner Unique": false
    },
    {
      "Parent Relationship": "Inner",
      "Total Cost": 0.05,
      "Scan Direction": "NoMovement",
      "Relation Name": "sailors",
      "Parallel Aware": false,
      "Alias": "s",
      "Node Type": "Index Scan",
      "Index Name": "idx_sailors_sid",
      "Plan Width": 25,
      "Startup Cost": 0.0,
      "Index Cond": "(sid \u003d r.sid)",
      "Plan Rows": 1
    }
  ],
  "Parallel Aware": false,
  "Node Type": "Nested Loop",
  "Join Type": "Inner",
  "Plan Width": 21,
  "Startup Cost": 779.21,
  "Plan Rows": 2778,
  "Inner Unique": true
}

------------------------------

Indicies Configuration #169:
Index hash on column sid in table sailors
Index hash on column sid in table reserves

------------------------------

1. The Total Cost of the Plan = 1226.58
2. The Estimated Size of the Result Set = 2778
3. The Plan of the Query:
{
  "Total Cost": 1226.58,
  "Plans": [
    {
      "Parent Relationship": "Outer",
      "Total Cost": 1097.16,
      "Plans": [
        {
          "Parent Relationship": "Outer",
          "Total Cost": 346.42,
          "Plans": [
            {
              "Parent Relationship": "Outer",
              "Total Cost": 231.99,
              "Relation Name": "reserves",
              "Parallel Aware": false,
              "Alias": "r",
              "Node Type": "Seq Scan",
              "Plan Width": 8,
              "Startup Cost": 0.0,
              "Plan Rows": 14999
            },
            {
              "Parent Relationship": "Inner",
              "Total Cost": 62.5,
              "Plans": [
                {
                  "Parent Relationship": "Outer",
                  "Total Cost": 62.5,
                  "Relation Name": "boat",
                  "Parallel Aware": false,
                  "Filter": "(color \u003d \u0027red\u0027::bpchar)",
                  "Alias": "b",
                  "Node Type": "Seq Scan",
                  "Plan Width": 4,
                  "Startup Cost": 0.0,
                  "Plan Rows": 1000
                }
              ],
              "Parallel Aware": false,
              "Node Type": "Hash",
              "Plan Width": 4,
              "Startup Cost": 62.5,
              "Plan Rows": 1000
            }
          ],
          "Parallel Aware": false,
          "Node Type": "Hash Join",
          "Join Type": "Inner",
          "Plan Width": 4,
          "Startup Cost": 75.0,
          "Hash Cond": "(r.bid \u003d b.bid)",
          "Plan Rows": 5000,
          "Inner Unique": true
        },
        {
          "Parent Relationship": "Inner",
          "Total Cost": 641.71,
          "Plans": [
            {
              "Parent Relationship": "Outer",
              "Total Cost": 641.71,
              "Plans": [
                {
                  "Parent Relationship": "Outer",
                  "Total Cost": 579.21,
                  "Plans": [
                    {
                      "Parent Relationship": "Outer",
                      "Total Cost": 346.42,
                      "Plans": [
                        {
                          "Parent Relationship": "Outer",
                          "Total Cost": 231.99,
                          "Relation Name": "reserves",
                          "Parallel Aware": false,
                          "Alias": "r2",
                          "Node Type": "Seq Scan",
                          "Plan Width": 8,
                          "Startup Cost": 0.0,
                          "Plan Rows": 14999
                        },
                        {
                          "Parent Relationship": "Inner",
                          "Total Cost": 62.5,
                          "Plans": [
                            {
                              "Parent Relationship": "Outer",
                              "Total Cost": 62.5,
                              "Relation Name": "boat",
                              "Parallel Aware": false,
                              "Filter": "(color \u003d \u0027green\u0027::bpchar)",
                              "Alias": "b2",
                              "Node Type": "Seq Scan",
                              "Plan Width": 4,
                              "Startup Cost": 0.0,
                              "Plan Rows": 1000
                            }
                          ],
                          "Parallel Aware": false,
                          "Node Type": "Hash",
                          "Plan Width": 4,
                          "Startup Cost": 62.5,
                          "Plan Rows": 1000
                        }
                      ],
                      "Parallel Aware": false,
                      "Node Type": "Hash Join",
                      "Join Type": "Inner",
                      "Plan Width": 4,
                      "Startup Cost": 75.0,
                      "Hash Cond": "(r2.bid \u003d b2.bid)",
                      "Plan Rows": 5000,
                      "Inner Unique": true
                    },
                    {
                      "Parent Relationship": "Inner",
                      "Total Cost": 0.05,
                      "Scan Direction": "NoMovement",
                      "Relation Name": "sailors",
                      "Parallel Aware": false,
                      "Alias": "s2",
                      "Node Type": "Index Scan",
                      "Index Name": "idx_sailors_sid",
                      "Plan Width": 4,
                      "Startup Cost": 0.0,
                      "Index Cond": "(sid \u003d r2.sid)",
                      "Plan Rows": 1
                    }
                  ],
                  "Parallel Aware": false,
                  "Node Type": "Nested Loop",
                  "Join Type": "Inner",
                  "Plan Width": 8,
                  "Startup Cost": 75.0,
                  "Plan Rows": 5000,
                  "Inner Unique": true
                }
              ],
              "Parallel Aware": false,
              "Node Type": "Aggregate",
              "Plan Width": 8,
              "Strategy": "Hashed",
              "Startup Cost": 591.71,
              "Group Key": [
                "s2.sid"
              ],
              "Plan Rows": 5000,
              "Partial Mode": "Simple"
            }
          ],
          "Parallel Aware": false,
          "Node Type": "Hash",
          "Plan Width": 8,
          "Startup Cost": 641.71,
          "Plan Rows": 5000
        }
      ],
      "Parallel Aware": false,
      "Node Type": "Hash Join",
      "Join Type": "Inner",
      "Plan Width": 12,
      "Startup Cost": 779.21,
      "Hash Cond": "(r.sid \u003d s2.sid)",
      "Plan Rows": 2779,
      "Inner Unique": false
    },
    {
      "Parent Relationship": "Inner",
      "Total Cost": 0.05,
      "Scan Direction": "NoMovement",
      "Relation Name": "sailors",
      "Parallel Aware": false,
      "Alias": "s",
      "Node Type": "Index Scan",
      "Index Name": "idx_sailors_sid",
      "Plan Width": 25,
      "Startup Cost": 0.0,
      "Index Cond": "(sid \u003d r.sid)",
      "Plan Rows": 1
    }
  ],
  "Parallel Aware": false,
  "Node Type": "Nested Loop",
  "Join Type": "Inner",
  "Plan Width": 21,
  "Startup Cost": 779.21,
  "Plan Rows": 2778,
  "Inner Unique": true
}

------------------------------

Indicies Configuration #170:
Index hash on column sid in table sailors
Index hash on column sid in table reserves
Index btree on column bid in table boat

------------------------------

1. The Total Cost of the Plan = 1226.58
2. The Estimated Size of the Result Set = 2778
3. The Plan of the Query:
{
  "Total Cost": 1226.58,
  "Plans": [
    {
      "Parent Relationship": "Outer",
      "Total Cost": 1097.16,
      "Plans": [
        {
          "Parent Relationship": "Outer",
          "Total Cost": 346.42,
          "Plans": [
            {
              "Parent Relationship": "Outer",
              "Total Cost": 231.99,
              "Relation Name": "reserves",
              "Parallel Aware": false,
              "Alias": "r",
              "Node Type": "Seq Scan",
              "Plan Width": 8,
              "Startup Cost": 0.0,
              "Plan Rows": 14999
            },
            {
              "Parent Relationship": "Inner",
              "Total Cost": 62.5,
              "Plans": [
                {
                  "Parent Relationship": "Outer",
                  "Total Cost": 62.5,
                  "Relation Name": "boat",
                  "Parallel Aware": false,
                  "Filter": "(color \u003d \u0027red\u0027::bpchar)",
                  "Alias": "b",
                  "Node Type": "Seq Scan",
                  "Plan Width": 4,
                  "Startup Cost": 0.0,
                  "Plan Rows": 1000
                }
              ],
              "Parallel Aware": false,
              "Node Type": "Hash",
              "Plan Width": 4,
              "Startup Cost": 62.5,
              "Plan Rows": 1000
            }
          ],
          "Parallel Aware": false,
          "Node Type": "Hash Join",
          "Join Type": "Inner",
          "Plan Width": 4,
          "Startup Cost": 75.0,
          "Hash Cond": "(r.bid \u003d b.bid)",
          "Plan Rows": 5000,
          "Inner Unique": true
        },
        {
          "Parent Relationship": "Inner",
          "Total Cost": 641.71,
          "Plans": [
            {
              "Parent Relationship": "Outer",
              "Total Cost": 641.71,
              "Plans": [
                {
                  "Parent Relationship": "Outer",
                  "Total Cost": 579.21,
                  "Plans": [
                    {
                      "Parent Relationship": "Outer",
                      "Total Cost": 346.42,
                      "Plans": [
                        {
                          "Parent Relationship": "Outer",
                          "Total Cost": 231.99,
                          "Relation Name": "reserves",
                          "Parallel Aware": false,
                          "Alias": "r2",
                          "Node Type": "Seq Scan",
                          "Plan Width": 8,
                          "Startup Cost": 0.0,
                          "Plan Rows": 14999
                        },
                        {
                          "Parent Relationship": "Inner",
                          "Total Cost": 62.5,
                          "Plans": [
                            {
                              "Parent Relationship": "Outer",
                              "Total Cost": 62.5,
                              "Relation Name": "boat",
                              "Parallel Aware": false,
                              "Filter": "(color \u003d \u0027green\u0027::bpchar)",
                              "Alias": "b2",
                              "Node Type": "Seq Scan",
                              "Plan Width": 4,
                              "Startup Cost": 0.0,
                              "Plan Rows": 1000
                            }
                          ],
                          "Parallel Aware": false,
                          "Node Type": "Hash",
                          "Plan Width": 4,
                          "Startup Cost": 62.5,
                          "Plan Rows": 1000
                        }
                      ],
                      "Parallel Aware": false,
                      "Node Type": "Hash Join",
                      "Join Type": "Inner",
                      "Plan Width": 4,
                      "Startup Cost": 75.0,
                      "Hash Cond": "(r2.bid \u003d b2.bid)",
                      "Plan Rows": 5000,
                      "Inner Unique": true
                    },
                    {
                      "Parent Relationship": "Inner",
                      "Total Cost": 0.05,
                      "Scan Direction": "NoMovement",
                      "Relation Name": "sailors",
                      "Parallel Aware": false,
                      "Alias": "s2",
                      "Node Type": "Index Scan",
                      "Index Name": "idx_sailors_sid",
                      "Plan Width": 4,
                      "Startup Cost": 0.0,
                      "Index Cond": "(sid \u003d r2.sid)",
                      "Plan Rows": 1
                    }
                  ],
                  "Parallel Aware": false,
                  "Node Type": "Nested Loop",
                  "Join Type": "Inner",
                  "Plan Width": 8,
                  "Startup Cost": 75.0,
                  "Plan Rows": 5000,
                  "Inner Unique": true
                }
              ],
              "Parallel Aware": false,
              "Node Type": "Aggregate",
              "Plan Width": 8,
              "Strategy": "Hashed",
              "Startup Cost": 591.71,
              "Group Key": [
                "s2.sid"
              ],
              "Plan Rows": 5000,
              "Partial Mode": "Simple"
            }
          ],
          "Parallel Aware": false,
          "Node Type": "Hash",
          "Plan Width": 8,
          "Startup Cost": 641.71,
          "Plan Rows": 5000
        }
      ],
      "Parallel Aware": false,
      "Node Type": "Hash Join",
      "Join Type": "Inner",
      "Plan Width": 12,
      "Startup Cost": 779.21,
      "Hash Cond": "(r.sid \u003d s2.sid)",
      "Plan Rows": 2779,
      "Inner Unique": false
    },
    {
      "Parent Relationship": "Inner",
      "Total Cost": 0.05,
      "Scan Direction": "NoMovement",
      "Relation Name": "sailors",
      "Parallel Aware": false,
      "Alias": "s",
      "Node Type": "Index Scan",
      "Index Name": "idx_sailors_sid",
      "Plan Width": 25,
      "Startup Cost": 0.0,
      "Index Cond": "(sid \u003d r.sid)",
      "Plan Rows": 1
    }
  ],
  "Parallel Aware": false,
  "Node Type": "Nested Loop",
  "Join Type": "Inner",
  "Plan Width": 21,
  "Startup Cost": 779.21,
  "Plan Rows": 2778,
  "Inner Unique": true
}

------------------------------

Indicies Configuration #171:
Index hash on column sid in table sailors
Index hash on column sid in table reserves
Index hash on column bid in table boat

------------------------------

1. The Total Cost of the Plan = 1226.58
2. The Estimated Size of the Result Set = 2778
3. The Plan of the Query:
{
  "Total Cost": 1226.58,
  "Plans": [
    {
      "Parent Relationship": "Outer",
      "Total Cost": 1097.16,
      "Plans": [
        {
          "Parent Relationship": "Outer",
          "Total Cost": 346.42,
          "Plans": [
            {
              "Parent Relationship": "Outer",
              "Total Cost": 231.99,
              "Relation Name": "reserves",
              "Parallel Aware": false,
              "Alias": "r",
              "Node Type": "Seq Scan",
              "Plan Width": 8,
              "Startup Cost": 0.0,
              "Plan Rows": 14999
            },
            {
              "Parent Relationship": "Inner",
              "Total Cost": 62.5,
              "Plans": [
                {
                  "Parent Relationship": "Outer",
                  "Total Cost": 62.5,
                  "Relation Name": "boat",
                  "Parallel Aware": false,
                  "Filter": "(color \u003d \u0027red\u0027::bpchar)",
                  "Alias": "b",
                  "Node Type": "Seq Scan",
                  "Plan Width": 4,
                  "Startup Cost": 0.0,
                  "Plan Rows": 1000
                }
              ],
              "Parallel Aware": false,
              "Node Type": "Hash",
              "Plan Width": 4,
              "Startup Cost": 62.5,
              "Plan Rows": 1000
            }
          ],
          "Parallel Aware": false,
          "Node Type": "Hash Join",
          "Join Type": "Inner",
          "Plan Width": 4,
          "Startup Cost": 75.0,
          "Hash Cond": "(r.bid \u003d b.bid)",
          "Plan Rows": 5000,
          "Inner Unique": true
        },
        {
          "Parent Relationship": "Inner",
          "Total Cost": 641.71,
          "Plans": [
            {
              "Parent Relationship": "Outer",
              "Total Cost": 641.71,
              "Plans": [
                {
                  "Parent Relationship": "Outer",
                  "Total Cost": 579.21,
                  "Plans": [
                    {
                      "Parent Relationship": "Outer",
                      "Total Cost": 346.42,
                      "Plans": [
                        {
                          "Parent Relationship": "Outer",
                          "Total Cost": 231.99,
                          "Relation Name": "reserves",
                          "Parallel Aware": false,
                          "Alias": "r2",
                          "Node Type": "Seq Scan",
                          "Plan Width": 8,
                          "Startup Cost": 0.0,
                          "Plan Rows": 14999
                        },
                        {
                          "Parent Relationship": "Inner",
                          "Total Cost": 62.5,
                          "Plans": [
                            {
                              "Parent Relationship": "Outer",
                              "Total Cost": 62.5,
                              "Relation Name": "boat",
                              "Parallel Aware": false,
                              "Filter": "(color \u003d \u0027green\u0027::bpchar)",
                              "Alias": "b2",
                              "Node Type": "Seq Scan",
                              "Plan Width": 4,
                              "Startup Cost": 0.0,
                              "Plan Rows": 1000
                            }
                          ],
                          "Parallel Aware": false,
                          "Node Type": "Hash",
                          "Plan Width": 4,
                          "Startup Cost": 62.5,
                          "Plan Rows": 1000
                        }
                      ],
                      "Parallel Aware": false,
                      "Node Type": "Hash Join",
                      "Join Type": "Inner",
                      "Plan Width": 4,
                      "Startup Cost": 75.0,
                      "Hash Cond": "(r2.bid \u003d b2.bid)",
                      "Plan Rows": 5000,
                      "Inner Unique": true
                    },
                    {
                      "Parent Relationship": "Inner",
                      "Total Cost": 0.05,
                      "Scan Direction": "NoMovement",
                      "Relation Name": "sailors",
                      "Parallel Aware": false,
                      "Alias": "s2",
                      "Node Type": "Index Scan",
                      "Index Name": "idx_sailors_sid",
                      "Plan Width": 4,
                      "Startup Cost": 0.0,
                      "Index Cond": "(sid \u003d r2.sid)",
                      "Plan Rows": 1
                    }
                  ],
                  "Parallel Aware": false,
                  "Node Type": "Nested Loop",
                  "Join Type": "Inner",
                  "Plan Width": 8,
                  "Startup Cost": 75.0,
                  "Plan Rows": 5000,
                  "Inner Unique": true
                }
              ],
              "Parallel Aware": false,
              "Node Type": "Aggregate",
              "Plan Width": 8,
              "Strategy": "Hashed",
              "Startup Cost": 591.71,
              "Group Key": [
                "s2.sid"
              ],
              "Plan Rows": 5000,
              "Partial Mode": "Simple"
            }
          ],
          "Parallel Aware": false,
          "Node Type": "Hash",
          "Plan Width": 8,
          "Startup Cost": 641.71,
          "Plan Rows": 5000
        }
      ],
      "Parallel Aware": false,
      "Node Type": "Hash Join",
      "Join Type": "Inner",
      "Plan Width": 12,
      "Startup Cost": 779.21,
      "Hash Cond": "(r.sid \u003d s2.sid)",
      "Plan Rows": 2779,
      "Inner Unique": false
    },
    {
      "Parent Relationship": "Inner",
      "Total Cost": 0.05,
      "Scan Direction": "NoMovement",
      "Relation Name": "sailors",
      "Parallel Aware": false,
      "Alias": "s",
      "Node Type": "Index Scan",
      "Index Name": "idx_sailors_sid",
      "Plan Width": 25,
      "Startup Cost": 0.0,
      "Index Cond": "(sid \u003d r.sid)",
      "Plan Rows": 1
    }
  ],
  "Parallel Aware": false,
  "Node Type": "Nested Loop",
  "Join Type": "Inner",
  "Plan Width": 21,
  "Startup Cost": 779.21,
  "Plan Rows": 2778,
  "Inner Unique": true
}

------------------------------

Indicies Configuration #172:
Index hash on column sid in table sailors
Index btree on column color in table boat

------------------------------

1. The Total Cost of the Plan = 1226.58
2. The Estimated Size of the Result Set = 2778
3. The Plan of the Query:
{
  "Total Cost": 1226.58,
  "Plans": [
    {
      "Parent Relationship": "Outer",
      "Total Cost": 1097.16,
      "Plans": [
        {
          "Parent Relationship": "Outer",
          "Total Cost": 346.42,
          "Plans": [
            {
              "Parent Relationship": "Outer",
              "Total Cost": 231.99,
              "Relation Name": "reserves",
              "Parallel Aware": false,
              "Alias": "r",
              "Node Type": "Seq Scan",
              "Plan Width": 8,
              "Startup Cost": 0.0,
              "Plan Rows": 14999
            },
            {
              "Parent Relationship": "Inner",
              "Total Cost": 62.5,
              "Plans": [
                {
                  "Parent Relationship": "Outer",
                  "Total Cost": 62.5,
                  "Relation Name": "boat",
                  "Parallel Aware": false,
                  "Filter": "(color \u003d \u0027red\u0027::bpchar)",
                  "Alias": "b",
                  "Node Type": "Seq Scan",
                  "Plan Width": 4,
                  "Startup Cost": 0.0,
                  "Plan Rows": 1000
                }
              ],
              "Parallel Aware": false,
              "Node Type": "Hash",
              "Plan Width": 4,
              "Startup Cost": 62.5,
              "Plan Rows": 1000
            }
          ],
          "Parallel Aware": false,
          "Node Type": "Hash Join",
          "Join Type": "Inner",
          "Plan Width": 4,
          "Startup Cost": 75.0,
          "Hash Cond": "(r.bid \u003d b.bid)",
          "Plan Rows": 5000,
          "Inner Unique": true
        },
        {
          "Parent Relationship": "Inner",
          "Total Cost": 641.71,
          "Plans": [
            {
              "Parent Relationship": "Outer",
              "Total Cost": 641.71,
              "Plans": [
                {
                  "Parent Relationship": "Outer",
                  "Total Cost": 579.21,
                  "Plans": [
                    {
                      "Parent Relationship": "Outer",
                      "Total Cost": 346.42,
                      "Plans": [
                        {
                          "Parent Relationship": "Outer",
                          "Total Cost": 231.99,
                          "Relation Name": "reserves",
                          "Parallel Aware": false,
                          "Alias": "r2",
                          "Node Type": "Seq Scan",
                          "Plan Width": 8,
                          "Startup Cost": 0.0,
                          "Plan Rows": 14999
                        },
                        {
                          "Parent Relationship": "Inner",
                          "Total Cost": 62.5,
                          "Plans": [
                            {
                              "Parent Relationship": "Outer",
                              "Total Cost": 62.5,
                              "Relation Name": "boat",
                              "Parallel Aware": false,
                              "Filter": "(color \u003d \u0027green\u0027::bpchar)",
                              "Alias": "b2",
                              "Node Type": "Seq Scan",
                              "Plan Width": 4,
                              "Startup Cost": 0.0,
                              "Plan Rows": 1000
                            }
                          ],
                          "Parallel Aware": false,
                          "Node Type": "Hash",
                          "Plan Width": 4,
                          "Startup Cost": 62.5,
                          "Plan Rows": 1000
                        }
                      ],
                      "Parallel Aware": false,
                      "Node Type": "Hash Join",
                      "Join Type": "Inner",
                      "Plan Width": 4,
                      "Startup Cost": 75.0,
                      "Hash Cond": "(r2.bid \u003d b2.bid)",
                      "Plan Rows": 5000,
                      "Inner Unique": true
                    },
                    {
                      "Parent Relationship": "Inner",
                      "Total Cost": 0.05,
                      "Scan Direction": "NoMovement",
                      "Relation Name": "sailors",
                      "Parallel Aware": false,
                      "Alias": "s2",
                      "Node Type": "Index Scan",
                      "Index Name": "idx_sailors_sid",
                      "Plan Width": 4,
                      "Startup Cost": 0.0,
                      "Index Cond": "(sid \u003d r2.sid)",
                      "Plan Rows": 1
                    }
                  ],
                  "Parallel Aware": false,
                  "Node Type": "Nested Loop",
                  "Join Type": "Inner",
                  "Plan Width": 8,
                  "Startup Cost": 75.0,
                  "Plan Rows": 5000,
                  "Inner Unique": true
                }
              ],
              "Parallel Aware": false,
              "Node Type": "Aggregate",
              "Plan Width": 8,
              "Strategy": "Hashed",
              "Startup Cost": 591.71,
              "Group Key": [
                "s2.sid"
              ],
              "Plan Rows": 5000,
              "Partial Mode": "Simple"
            }
          ],
          "Parallel Aware": false,
          "Node Type": "Hash",
          "Plan Width": 8,
          "Startup Cost": 641.71,
          "Plan Rows": 5000
        }
      ],
      "Parallel Aware": false,
      "Node Type": "Hash Join",
      "Join Type": "Inner",
      "Plan Width": 12,
      "Startup Cost": 779.21,
      "Hash Cond": "(r.sid \u003d s2.sid)",
      "Plan Rows": 2779,
      "Inner Unique": false
    },
    {
      "Parent Relationship": "Inner",
      "Total Cost": 0.05,
      "Scan Direction": "NoMovement",
      "Relation Name": "sailors",
      "Parallel Aware": false,
      "Alias": "s",
      "Node Type": "Index Scan",
      "Index Name": "idx_sailors_sid",
      "Plan Width": 25,
      "Startup Cost": 0.0,
      "Index Cond": "(sid \u003d r.sid)",
      "Plan Rows": 1
    }
  ],
  "Parallel Aware": false,
  "Node Type": "Nested Loop",
  "Join Type": "Inner",
  "Plan Width": 21,
  "Startup Cost": 779.21,
  "Plan Rows": 2778,
  "Inner Unique": true
}

------------------------------

Indicies Configuration #173:
Index hash on column sid in table sailors
Index btree on column color in table boat
Index btree on column bid in table boat

------------------------------

1. The Total Cost of the Plan = 1226.58
2. The Estimated Size of the Result Set = 2778
3. The Plan of the Query:
{
  "Total Cost": 1226.58,
  "Plans": [
    {
      "Parent Relationship": "Outer",
      "Total Cost": 1097.16,
      "Plans": [
        {
          "Parent Relationship": "Outer",
          "Total Cost": 346.42,
          "Plans": [
            {
              "Parent Relationship": "Outer",
              "Total Cost": 231.99,
              "Relation Name": "reserves",
              "Parallel Aware": false,
              "Alias": "r",
              "Node Type": "Seq Scan",
              "Plan Width": 8,
              "Startup Cost": 0.0,
              "Plan Rows": 14999
            },
            {
              "Parent Relationship": "Inner",
              "Total Cost": 62.5,
              "Plans": [
                {
                  "Parent Relationship": "Outer",
                  "Total Cost": 62.5,
                  "Relation Name": "boat",
                  "Parallel Aware": false,
                  "Filter": "(color \u003d \u0027red\u0027::bpchar)",
                  "Alias": "b",
                  "Node Type": "Seq Scan",
                  "Plan Width": 4,
                  "Startup Cost": 0.0,
                  "Plan Rows": 1000
                }
              ],
              "Parallel Aware": false,
              "Node Type": "Hash",
              "Plan Width": 4,
              "Startup Cost": 62.5,
              "Plan Rows": 1000
            }
          ],
          "Parallel Aware": false,
          "Node Type": "Hash Join",
          "Join Type": "Inner",
          "Plan Width": 4,
          "Startup Cost": 75.0,
          "Hash Cond": "(r.bid \u003d b.bid)",
          "Plan Rows": 5000,
          "Inner Unique": true
        },
        {
          "Parent Relationship": "Inner",
          "Total Cost": 641.71,
          "Plans": [
            {
              "Parent Relationship": "Outer",
              "Total Cost": 641.71,
              "Plans": [
                {
                  "Parent Relationship": "Outer",
                  "Total Cost": 579.21,
                  "Plans": [
                    {
                      "Parent Relationship": "Outer",
                      "Total Cost": 346.42,
                      "Plans": [
                        {
                          "Parent Relationship": "Outer",
                          "Total Cost": 231.99,
                          "Relation Name": "reserves",
                          "Parallel Aware": false,
                          "Alias": "r2",
                          "Node Type": "Seq Scan",
                          "Plan Width": 8,
                          "Startup Cost": 0.0,
                          "Plan Rows": 14999
                        },
                        {
                          "Parent Relationship": "Inner",
                          "Total Cost": 62.5,
                          "Plans": [
                            {
                              "Parent Relationship": "Outer",
                              "Total Cost": 62.5,
                              "Relation Name": "boat",
                              "Parallel Aware": false,
                              "Filter": "(color \u003d \u0027green\u0027::bpchar)",
                              "Alias": "b2",
                              "Node Type": "Seq Scan",
                              "Plan Width": 4,
                              "Startup Cost": 0.0,
                              "Plan Rows": 1000
                            }
                          ],
                          "Parallel Aware": false,
                          "Node Type": "Hash",
                          "Plan Width": 4,
                          "Startup Cost": 62.5,
                          "Plan Rows": 1000
                        }
                      ],
                      "Parallel Aware": false,
                      "Node Type": "Hash Join",
                      "Join Type": "Inner",
                      "Plan Width": 4,
                      "Startup Cost": 75.0,
                      "Hash Cond": "(r2.bid \u003d b2.bid)",
                      "Plan Rows": 5000,
                      "Inner Unique": true
                    },
                    {
                      "Parent Relationship": "Inner",
                      "Total Cost": 0.05,
                      "Scan Direction": "NoMovement",
                      "Relation Name": "sailors",
                      "Parallel Aware": false,
                      "Alias": "s2",
                      "Node Type": "Index Scan",
                      "Index Name": "idx_sailors_sid",
                      "Plan Width": 4,
                      "Startup Cost": 0.0,
                      "Index Cond": "(sid \u003d r2.sid)",
                      "Plan Rows": 1
                    }
                  ],
                  "Parallel Aware": false,
                  "Node Type": "Nested Loop",
                  "Join Type": "Inner",
                  "Plan Width": 8,
                  "Startup Cost": 75.0,
                  "Plan Rows": 5000,
                  "Inner Unique": true
                }
              ],
              "Parallel Aware": false,
              "Node Type": "Aggregate",
              "Plan Width": 8,
              "Strategy": "Hashed",
              "Startup Cost": 591.71,
              "Group Key": [
                "s2.sid"
              ],
              "Plan Rows": 5000,
              "Partial Mode": "Simple"
            }
          ],
          "Parallel Aware": false,
          "Node Type": "Hash",
          "Plan Width": 8,
          "Startup Cost": 641.71,
          "Plan Rows": 5000
        }
      ],
      "Parallel Aware": false,
      "Node Type": "Hash Join",
      "Join Type": "Inner",
      "Plan Width": 12,
      "Startup Cost": 779.21,
      "Hash Cond": "(r.sid \u003d s2.sid)",
      "Plan Rows": 2779,
      "Inner Unique": false
    },
    {
      "Parent Relationship": "Inner",
      "Total Cost": 0.05,
      "Scan Direction": "NoMovement",
      "Relation Name": "sailors",
      "Parallel Aware": false,
      "Alias": "s",
      "Node Type": "Index Scan",
      "Index Name": "idx_sailors_sid",
      "Plan Width": 25,
      "Startup Cost": 0.0,
      "Index Cond": "(sid \u003d r.sid)",
      "Plan Rows": 1
    }
  ],
  "Parallel Aware": false,
  "Node Type": "Nested Loop",
  "Join Type": "Inner",
  "Plan Width": 21,
  "Startup Cost": 779.21,
  "Plan Rows": 2778,
  "Inner Unique": true
}

------------------------------

Indicies Configuration #174:
Index hash on column sid in table sailors
Index btree on column color in table boat
Index hash on column bid in table boat

------------------------------

1. The Total Cost of the Plan = 1226.58
2. The Estimated Size of the Result Set = 2778
3. The Plan of the Query:
{
  "Total Cost": 1226.58,
  "Plans": [
    {
      "Parent Relationship": "Outer",
      "Total Cost": 1097.16,
      "Plans": [
        {
          "Parent Relationship": "Outer",
          "Total Cost": 346.42,
          "Plans": [
            {
              "Parent Relationship": "Outer",
              "Total Cost": 231.99,
              "Relation Name": "reserves",
              "Parallel Aware": false,
              "Alias": "r",
              "Node Type": "Seq Scan",
              "Plan Width": 8,
              "Startup Cost": 0.0,
              "Plan Rows": 14999
            },
            {
              "Parent Relationship": "Inner",
              "Total Cost": 62.5,
              "Plans": [
                {
                  "Parent Relationship": "Outer",
                  "Total Cost": 62.5,
                  "Relation Name": "boat",
                  "Parallel Aware": false,
                  "Filter": "(color \u003d \u0027red\u0027::bpchar)",
                  "Alias": "b",
                  "Node Type": "Seq Scan",
                  "Plan Width": 4,
                  "Startup Cost": 0.0,
                  "Plan Rows": 1000
                }
              ],
              "Parallel Aware": false,
              "Node Type": "Hash",
              "Plan Width": 4,
              "Startup Cost": 62.5,
              "Plan Rows": 1000
            }
          ],
          "Parallel Aware": false,
          "Node Type": "Hash Join",
          "Join Type": "Inner",
          "Plan Width": 4,
          "Startup Cost": 75.0,
          "Hash Cond": "(r.bid \u003d b.bid)",
          "Plan Rows": 5000,
          "Inner Unique": true
        },
        {
          "Parent Relationship": "Inner",
          "Total Cost": 641.71,
          "Plans": [
            {
              "Parent Relationship": "Outer",
              "Total Cost": 641.71,
              "Plans": [
                {
                  "Parent Relationship": "Outer",
                  "Total Cost": 579.21,
                  "Plans": [
                    {
                      "Parent Relationship": "Outer",
                      "Total Cost": 346.42,
                      "Plans": [
                        {
                          "Parent Relationship": "Outer",
                          "Total Cost": 231.99,
                          "Relation Name": "reserves",
                          "Parallel Aware": false,
                          "Alias": "r2",
                          "Node Type": "Seq Scan",
                          "Plan Width": 8,
                          "Startup Cost": 0.0,
                          "Plan Rows": 14999
                        },
                        {
                          "Parent Relationship": "Inner",
                          "Total Cost": 62.5,
                          "Plans": [
                            {
                              "Parent Relationship": "Outer",
                              "Total Cost": 62.5,
                              "Relation Name": "boat",
                              "Parallel Aware": false,
                              "Filter": "(color \u003d \u0027green\u0027::bpchar)",
                              "Alias": "b2",
                              "Node Type": "Seq Scan",
                              "Plan Width": 4,
                              "Startup Cost": 0.0,
                              "Plan Rows": 1000
                            }
                          ],
                          "Parallel Aware": false,
                          "Node Type": "Hash",
                          "Plan Width": 4,
                          "Startup Cost": 62.5,
                          "Plan Rows": 1000
                        }
                      ],
                      "Parallel Aware": false,
                      "Node Type": "Hash Join",
                      "Join Type": "Inner",
                      "Plan Width": 4,
                      "Startup Cost": 75.0,
                      "Hash Cond": "(r2.bid \u003d b2.bid)",
                      "Plan Rows": 5000,
                      "Inner Unique": true
                    },
                    {
                      "Parent Relationship": "Inner",
                      "Total Cost": 0.05,
                      "Scan Direction": "NoMovement",
                      "Relation Name": "sailors",
                      "Parallel Aware": false,
                      "Alias": "s2",
                      "Node Type": "Index Scan",
                      "Index Name": "idx_sailors_sid",
                      "Plan Width": 4,
                      "Startup Cost": 0.0,
                      "Index Cond": "(sid \u003d r2.sid)",
                      "Plan Rows": 1
                    }
                  ],
                  "Parallel Aware": false,
                  "Node Type": "Nested Loop",
                  "Join Type": "Inner",
                  "Plan Width": 8,
                  "Startup Cost": 75.0,
                  "Plan Rows": 5000,
                  "Inner Unique": true
                }
              ],
              "Parallel Aware": false,
              "Node Type": "Aggregate",
              "Plan Width": 8,
              "Strategy": "Hashed",
              "Startup Cost": 591.71,
              "Group Key": [
                "s2.sid"
              ],
              "Plan Rows": 5000,
              "Partial Mode": "Simple"
            }
          ],
          "Parallel Aware": false,
          "Node Type": "Hash",
          "Plan Width": 8,
          "Startup Cost": 641.71,
          "Plan Rows": 5000
        }
      ],
      "Parallel Aware": false,
      "Node Type": "Hash Join",
      "Join Type": "Inner",
      "Plan Width": 12,
      "Startup Cost": 779.21,
      "Hash Cond": "(r.sid \u003d s2.sid)",
      "Plan Rows": 2779,
      "Inner Unique": false
    },
    {
      "Parent Relationship": "Inner",
      "Total Cost": 0.05,
      "Scan Direction": "NoMovement",
      "Relation Name": "sailors",
      "Parallel Aware": false,
      "Alias": "s",
      "Node Type": "Index Scan",
      "Index Name": "idx_sailors_sid",
      "Plan Width": 25,
      "Startup Cost": 0.0,
      "Index Cond": "(sid \u003d r.sid)",
      "Plan Rows": 1
    }
  ],
  "Parallel Aware": false,
  "Node Type": "Nested Loop",
  "Join Type": "Inner",
  "Plan Width": 21,
  "Startup Cost": 779.21,
  "Plan Rows": 2778,
  "Inner Unique": true
}

------------------------------

Indicies Configuration #175:
Index hash on column sid in table sailors
Index btree on column color in table boat
Index btree on column sid in table reserves

------------------------------

1. The Total Cost of the Plan = 1226.58
2. The Estimated Size of the Result Set = 2778
3. The Plan of the Query:
{
  "Total Cost": 1226.58,
  "Plans": [
    {
      "Parent Relationship": "Outer",
      "Total Cost": 1097.16,
      "Plans": [
        {
          "Parent Relationship": "Outer",
          "Total Cost": 346.42,
          "Plans": [
            {
              "Parent Relationship": "Outer",
              "Total Cost": 231.99,
              "Relation Name": "reserves",
              "Parallel Aware": false,
              "Alias": "r",
              "Node Type": "Seq Scan",
              "Plan Width": 8,
              "Startup Cost": 0.0,
              "Plan Rows": 14999
            },
            {
              "Parent Relationship": "Inner",
              "Total Cost": 62.5,
              "Plans": [
                {
                  "Parent Relationship": "Outer",
                  "Total Cost": 62.5,
                  "Relation Name": "boat",
                  "Parallel Aware": false,
                  "Filter": "(color \u003d \u0027red\u0027::bpchar)",
                  "Alias": "b",
                  "Node Type": "Seq Scan",
                  "Plan Width": 4,
                  "Startup Cost": 0.0,
                  "Plan Rows": 1000
                }
              ],
              "Parallel Aware": false,
              "Node Type": "Hash",
              "Plan Width": 4,
              "Startup Cost": 62.5,
              "Plan Rows": 1000
            }
          ],
          "Parallel Aware": false,
          "Node Type": "Hash Join",
          "Join Type": "Inner",
          "Plan Width": 4,
          "Startup Cost": 75.0,
          "Hash Cond": "(r.bid \u003d b.bid)",
          "Plan Rows": 5000,
          "Inner Unique": true
        },
        {
          "Parent Relationship": "Inner",
          "Total Cost": 641.71,
          "Plans": [
            {
              "Parent Relationship": "Outer",
              "Total Cost": 641.71,
              "Plans": [
                {
                  "Parent Relationship": "Outer",
                  "Total Cost": 579.21,
                  "Plans": [
                    {
                      "Parent Relationship": "Outer",
                      "Total Cost": 346.42,
                      "Plans": [
                        {
                          "Parent Relationship": "Outer",
                          "Total Cost": 231.99,
                          "Relation Name": "reserves",
                          "Parallel Aware": false,
                          "Alias": "r2",
                          "Node Type": "Seq Scan",
                          "Plan Width": 8,
                          "Startup Cost": 0.0,
                          "Plan Rows": 14999
                        },
                        {
                          "Parent Relationship": "Inner",
                          "Total Cost": 62.5,
                          "Plans": [
                            {
                              "Parent Relationship": "Outer",
                              "Total Cost": 62.5,
                              "Relation Name": "boat",
                              "Parallel Aware": false,
                              "Filter": "(color \u003d \u0027green\u0027::bpchar)",
                              "Alias": "b2",
                              "Node Type": "Seq Scan",
                              "Plan Width": 4,
                              "Startup Cost": 0.0,
                              "Plan Rows": 1000
                            }
                          ],
                          "Parallel Aware": false,
                          "Node Type": "Hash",
                          "Plan Width": 4,
                          "Startup Cost": 62.5,
                          "Plan Rows": 1000
                        }
                      ],
                      "Parallel Aware": false,
                      "Node Type": "Hash Join",
                      "Join Type": "Inner",
                      "Plan Width": 4,
                      "Startup Cost": 75.0,
                      "Hash Cond": "(r2.bid \u003d b2.bid)",
                      "Plan Rows": 5000,
                      "Inner Unique": true
                    },
                    {
                      "Parent Relationship": "Inner",
                      "Total Cost": 0.05,
                      "Scan Direction": "NoMovement",
                      "Relation Name": "sailors",
                      "Parallel Aware": false,
                      "Alias": "s2",
                      "Node Type": "Index Scan",
                      "Index Name": "idx_sailors_sid",
                      "Plan Width": 4,
                      "Startup Cost": 0.0,
                      "Index Cond": "(sid \u003d r2.sid)",
                      "Plan Rows": 1
                    }
                  ],
                  "Parallel Aware": false,
                  "Node Type": "Nested Loop",
                  "Join Type": "Inner",
                  "Plan Width": 8,
                  "Startup Cost": 75.0,
                  "Plan Rows": 5000,
                  "Inner Unique": true
                }
              ],
              "Parallel Aware": false,
              "Node Type": "Aggregate",
              "Plan Width": 8,
              "Strategy": "Hashed",
              "Startup Cost": 591.71,
              "Group Key": [
                "s2.sid"
              ],
              "Plan Rows": 5000,
              "Partial Mode": "Simple"
            }
          ],
          "Parallel Aware": false,
          "Node Type": "Hash",
          "Plan Width": 8,
          "Startup Cost": 641.71,
          "Plan Rows": 5000
        }
      ],
      "Parallel Aware": false,
      "Node Type": "Hash Join",
      "Join Type": "Inner",
      "Plan Width": 12,
      "Startup Cost": 779.21,
      "Hash Cond": "(r.sid \u003d s2.sid)",
      "Plan Rows": 2779,
      "Inner Unique": false
    },
    {
      "Parent Relationship": "Inner",
      "Total Cost": 0.05,
      "Scan Direction": "NoMovement",
      "Relation Name": "sailors",
      "Parallel Aware": false,
      "Alias": "s",
      "Node Type": "Index Scan",
      "Index Name": "idx_sailors_sid",
      "Plan Width": 25,
      "Startup Cost": 0.0,
      "Index Cond": "(sid \u003d r.sid)",
      "Plan Rows": 1
    }
  ],
  "Parallel Aware": false,
  "Node Type": "Nested Loop",
  "Join Type": "Inner",
  "Plan Width": 21,
  "Startup Cost": 779.21,
  "Plan Rows": 2778,
  "Inner Unique": true
}

------------------------------

Indicies Configuration #176:
Index hash on column sid in table sailors
Index btree on column color in table boat
Index btree on column sid in table reserves
Index btree on column bid in table boat

------------------------------

1. The Total Cost of the Plan = 1226.58
2. The Estimated Size of the Result Set = 2778
3. The Plan of the Query:
{
  "Total Cost": 1226.58,
  "Plans": [
    {
      "Parent Relationship": "Outer",
      "Total Cost": 1097.16,
      "Plans": [
        {
          "Parent Relationship": "Outer",
          "Total Cost": 346.42,
          "Plans": [
            {
              "Parent Relationship": "Outer",
              "Total Cost": 231.99,
              "Relation Name": "reserves",
              "Parallel Aware": false,
              "Alias": "r",
              "Node Type": "Seq Scan",
              "Plan Width": 8,
              "Startup Cost": 0.0,
              "Plan Rows": 14999
            },
            {
              "Parent Relationship": "Inner",
              "Total Cost": 62.5,
              "Plans": [
                {
                  "Parent Relationship": "Outer",
                  "Total Cost": 62.5,
                  "Relation Name": "boat",
                  "Parallel Aware": false,
                  "Filter": "(color \u003d \u0027red\u0027::bpchar)",
                  "Alias": "b",
                  "Node Type": "Seq Scan",
                  "Plan Width": 4,
                  "Startup Cost": 0.0,
                  "Plan Rows": 1000
                }
              ],
              "Parallel Aware": false,
              "Node Type": "Hash",
              "Plan Width": 4,
              "Startup Cost": 62.5,
              "Plan Rows": 1000
            }
          ],
          "Parallel Aware": false,
          "Node Type": "Hash Join",
          "Join Type": "Inner",
          "Plan Width": 4,
          "Startup Cost": 75.0,
          "Hash Cond": "(r.bid \u003d b.bid)",
          "Plan Rows": 5000,
          "Inner Unique": true
        },
        {
          "Parent Relationship": "Inner",
          "Total Cost": 641.71,
          "Plans": [
            {
              "Parent Relationship": "Outer",
              "Total Cost": 641.71,
              "Plans": [
                {
                  "Parent Relationship": "Outer",
                  "Total Cost": 579.21,
                  "Plans": [
                    {
                      "Parent Relationship": "Outer",
                      "Total Cost": 346.42,
                      "Plans": [
                        {
                          "Parent Relationship": "Outer",
                          "Total Cost": 231.99,
                          "Relation Name": "reserves",
                          "Parallel Aware": false,
                          "Alias": "r2",
                          "Node Type": "Seq Scan",
                          "Plan Width": 8,
                          "Startup Cost": 0.0,
                          "Plan Rows": 14999
                        },
                        {
                          "Parent Relationship": "Inner",
                          "Total Cost": 62.5,
                          "Plans": [
                            {
                              "Parent Relationship": "Outer",
                              "Total Cost": 62.5,
                              "Relation Name": "boat",
                              "Parallel Aware": false,
                              "Filter": "(color \u003d \u0027green\u0027::bpchar)",
                              "Alias": "b2",
                              "Node Type": "Seq Scan",
                              "Plan Width": 4,
                              "Startup Cost": 0.0,
                              "Plan Rows": 1000
                            }
                          ],
                          "Parallel Aware": false,
                          "Node Type": "Hash",
                          "Plan Width": 4,
                          "Startup Cost": 62.5,
                          "Plan Rows": 1000
                        }
                      ],
                      "Parallel Aware": false,
                      "Node Type": "Hash Join",
                      "Join Type": "Inner",
                      "Plan Width": 4,
                      "Startup Cost": 75.0,
                      "Hash Cond": "(r2.bid \u003d b2.bid)",
                      "Plan Rows": 5000,
                      "Inner Unique": true
                    },
                    {
                      "Parent Relationship": "Inner",
                      "Total Cost": 0.05,
                      "Scan Direction": "NoMovement",
                      "Relation Name": "sailors",
                      "Parallel Aware": false,
                      "Alias": "s2",
                      "Node Type": "Index Scan",
                      "Index Name": "idx_sailors_sid",
                      "Plan Width": 4,
                      "Startup Cost": 0.0,
                      "Index Cond": "(sid \u003d r2.sid)",
                      "Plan Rows": 1
                    }
                  ],
                  "Parallel Aware": false,
                  "Node Type": "Nested Loop",
                  "Join Type": "Inner",
                  "Plan Width": 8,
                  "Startup Cost": 75.0,
                  "Plan Rows": 5000,
                  "Inner Unique": true
                }
              ],
              "Parallel Aware": false,
              "Node Type": "Aggregate",
              "Plan Width": 8,
              "Strategy": "Hashed",
              "Startup Cost": 591.71,
              "Group Key": [
                "s2.sid"
              ],
              "Plan Rows": 5000,
              "Partial Mode": "Simple"
            }
          ],
          "Parallel Aware": false,
          "Node Type": "Hash",
          "Plan Width": 8,
          "Startup Cost": 641.71,
          "Plan Rows": 5000
        }
      ],
      "Parallel Aware": false,
      "Node Type": "Hash Join",
      "Join Type": "Inner",
      "Plan Width": 12,
      "Startup Cost": 779.21,
      "Hash Cond": "(r.sid \u003d s2.sid)",
      "Plan Rows": 2779,
      "Inner Unique": false
    },
    {
      "Parent Relationship": "Inner",
      "Total Cost": 0.05,
      "Scan Direction": "NoMovement",
      "Relation Name": "sailors",
      "Parallel Aware": false,
      "Alias": "s",
      "Node Type": "Index Scan",
      "Index Name": "idx_sailors_sid",
      "Plan Width": 25,
      "Startup Cost": 0.0,
      "Index Cond": "(sid \u003d r.sid)",
      "Plan Rows": 1
    }
  ],
  "Parallel Aware": false,
  "Node Type": "Nested Loop",
  "Join Type": "Inner",
  "Plan Width": 21,
  "Startup Cost": 779.21,
  "Plan Rows": 2778,
  "Inner Unique": true
}

------------------------------

Indicies Configuration #177:
Index hash on column sid in table sailors
Index btree on column color in table boat
Index btree on column sid in table reserves
Index hash on column bid in table boat

------------------------------

1. The Total Cost of the Plan = 1226.58
2. The Estimated Size of the Result Set = 2778
3. The Plan of the Query:
{
  "Total Cost": 1226.58,
  "Plans": [
    {
      "Parent Relationship": "Outer",
      "Total Cost": 1097.16,
      "Plans": [
        {
          "Parent Relationship": "Outer",
          "Total Cost": 346.42,
          "Plans": [
            {
              "Parent Relationship": "Outer",
              "Total Cost": 231.99,
              "Relation Name": "reserves",
              "Parallel Aware": false,
              "Alias": "r",
              "Node Type": "Seq Scan",
              "Plan Width": 8,
              "Startup Cost": 0.0,
              "Plan Rows": 14999
            },
            {
              "Parent Relationship": "Inner",
              "Total Cost": 62.5,
              "Plans": [
                {
                  "Parent Relationship": "Outer",
                  "Total Cost": 62.5,
                  "Relation Name": "boat",
                  "Parallel Aware": false,
                  "Filter": "(color \u003d \u0027red\u0027::bpchar)",
                  "Alias": "b",
                  "Node Type": "Seq Scan",
                  "Plan Width": 4,
                  "Startup Cost": 0.0,
                  "Plan Rows": 1000
                }
              ],
              "Parallel Aware": false,
              "Node Type": "Hash",
              "Plan Width": 4,
              "Startup Cost": 62.5,
              "Plan Rows": 1000
            }
          ],
          "Parallel Aware": false,
          "Node Type": "Hash Join",
          "Join Type": "Inner",
          "Plan Width": 4,
          "Startup Cost": 75.0,
          "Hash Cond": "(r.bid \u003d b.bid)",
          "Plan Rows": 5000,
          "Inner Unique": true
        },
        {
          "Parent Relationship": "Inner",
          "Total Cost": 641.71,
          "Plans": [
            {
              "Parent Relationship": "Outer",
              "Total Cost": 641.71,
              "Plans": [
                {
                  "Parent Relationship": "Outer",
                  "Total Cost": 579.21,
                  "Plans": [
                    {
                      "Parent Relationship": "Outer",
                      "Total Cost": 346.42,
                      "Plans": [
                        {
                          "Parent Relationship": "Outer",
                          "Total Cost": 231.99,
                          "Relation Name": "reserves",
                          "Parallel Aware": false,
                          "Alias": "r2",
                          "Node Type": "Seq Scan",
                          "Plan Width": 8,
                          "Startup Cost": 0.0,
                          "Plan Rows": 14999
                        },
                        {
                          "Parent Relationship": "Inner",
                          "Total Cost": 62.5,
                          "Plans": [
                            {
                              "Parent Relationship": "Outer",
                              "Total Cost": 62.5,
                              "Relation Name": "boat",
                              "Parallel Aware": false,
                              "Filter": "(color \u003d \u0027green\u0027::bpchar)",
                              "Alias": "b2",
                              "Node Type": "Seq Scan",
                              "Plan Width": 4,
                              "Startup Cost": 0.0,
                              "Plan Rows": 1000
                            }
                          ],
                          "Parallel Aware": false,
                          "Node Type": "Hash",
                          "Plan Width": 4,
                          "Startup Cost": 62.5,
                          "Plan Rows": 1000
                        }
                      ],
                      "Parallel Aware": false,
                      "Node Type": "Hash Join",
                      "Join Type": "Inner",
                      "Plan Width": 4,
                      "Startup Cost": 75.0,
                      "Hash Cond": "(r2.bid \u003d b2.bid)",
                      "Plan Rows": 5000,
                      "Inner Unique": true
                    },
                    {
                      "Parent Relationship": "Inner",
                      "Total Cost": 0.05,
                      "Scan Direction": "NoMovement",
                      "Relation Name": "sailors",
                      "Parallel Aware": false,
                      "Alias": "s2",
                      "Node Type": "Index Scan",
                      "Index Name": "idx_sailors_sid",
                      "Plan Width": 4,
                      "Startup Cost": 0.0,
                      "Index Cond": "(sid \u003d r2.sid)",
                      "Plan Rows": 1
                    }
                  ],
                  "Parallel Aware": false,
                  "Node Type": "Nested Loop",
                  "Join Type": "Inner",
                  "Plan Width": 8,
                  "Startup Cost": 75.0,
                  "Plan Rows": 5000,
                  "Inner Unique": true
                }
              ],
              "Parallel Aware": false,
              "Node Type": "Aggregate",
              "Plan Width": 8,
              "Strategy": "Hashed",
              "Startup Cost": 591.71,
              "Group Key": [
                "s2.sid"
              ],
              "Plan Rows": 5000,
              "Partial Mode": "Simple"
            }
          ],
          "Parallel Aware": false,
          "Node Type": "Hash",
          "Plan Width": 8,
          "Startup Cost": 641.71,
          "Plan Rows": 5000
        }
      ],
      "Parallel Aware": false,
      "Node Type": "Hash Join",
      "Join Type": "Inner",
      "Plan Width": 12,
      "Startup Cost": 779.21,
      "Hash Cond": "(r.sid \u003d s2.sid)",
      "Plan Rows": 2779,
      "Inner Unique": false
    },
    {
      "Parent Relationship": "Inner",
      "Total Cost": 0.05,
      "Scan Direction": "NoMovement",
      "Relation Name": "sailors",
      "Parallel Aware": false,
      "Alias": "s",
      "Node Type": "Index Scan",
      "Index Name": "idx_sailors_sid",
      "Plan Width": 25,
      "Startup Cost": 0.0,
      "Index Cond": "(sid \u003d r.sid)",
      "Plan Rows": 1
    }
  ],
  "Parallel Aware": false,
  "Node Type": "Nested Loop",
  "Join Type": "Inner",
  "Plan Width": 21,
  "Startup Cost": 779.21,
  "Plan Rows": 2778,
  "Inner Unique": true
}

------------------------------

Indicies Configuration #178:
Index hash on column sid in table sailors
Index btree on column color in table boat
Index hash on column sid in table reserves

------------------------------

1. The Total Cost of the Plan = 1226.58
2. The Estimated Size of the Result Set = 2778
3. The Plan of the Query:
{
  "Total Cost": 1226.58,
  "Plans": [
    {
      "Parent Relationship": "Outer",
      "Total Cost": 1097.16,
      "Plans": [
        {
          "Parent Relationship": "Outer",
          "Total Cost": 346.42,
          "Plans": [
            {
              "Parent Relationship": "Outer",
              "Total Cost": 231.99,
              "Relation Name": "reserves",
              "Parallel Aware": false,
              "Alias": "r",
              "Node Type": "Seq Scan",
              "Plan Width": 8,
              "Startup Cost": 0.0,
              "Plan Rows": 14999
            },
            {
              "Parent Relationship": "Inner",
              "Total Cost": 62.5,
              "Plans": [
                {
                  "Parent Relationship": "Outer",
                  "Total Cost": 62.5,
                  "Relation Name": "boat",
                  "Parallel Aware": false,
                  "Filter": "(color \u003d \u0027red\u0027::bpchar)",
                  "Alias": "b",
                  "Node Type": "Seq Scan",
                  "Plan Width": 4,
                  "Startup Cost": 0.0,
                  "Plan Rows": 1000
                }
              ],
              "Parallel Aware": false,
              "Node Type": "Hash",
              "Plan Width": 4,
              "Startup Cost": 62.5,
              "Plan Rows": 1000
            }
          ],
          "Parallel Aware": false,
          "Node Type": "Hash Join",
          "Join Type": "Inner",
          "Plan Width": 4,
          "Startup Cost": 75.0,
          "Hash Cond": "(r.bid \u003d b.bid)",
          "Plan Rows": 5000,
          "Inner Unique": true
        },
        {
          "Parent Relationship": "Inner",
          "Total Cost": 641.71,
          "Plans": [
            {
              "Parent Relationship": "Outer",
              "Total Cost": 641.71,
              "Plans": [
                {
                  "Parent Relationship": "Outer",
                  "Total Cost": 579.21,
                  "Plans": [
                    {
                      "Parent Relationship": "Outer",
                      "Total Cost": 346.42,
                      "Plans": [
                        {
                          "Parent Relationship": "Outer",
                          "Total Cost": 231.99,
                          "Relation Name": "reserves",
                          "Parallel Aware": false,
                          "Alias": "r2",
                          "Node Type": "Seq Scan",
                          "Plan Width": 8,
                          "Startup Cost": 0.0,
                          "Plan Rows": 14999
                        },
                        {
                          "Parent Relationship": "Inner",
                          "Total Cost": 62.5,
                          "Plans": [
                            {
                              "Parent Relationship": "Outer",
                              "Total Cost": 62.5,
                              "Relation Name": "boat",
                              "Parallel Aware": false,
                              "Filter": "(color \u003d \u0027green\u0027::bpchar)",
                              "Alias": "b2",
                              "Node Type": "Seq Scan",
                              "Plan Width": 4,
                              "Startup Cost": 0.0,
                              "Plan Rows": 1000
                            }
                          ],
                          "Parallel Aware": false,
                          "Node Type": "Hash",
                          "Plan Width": 4,
                          "Startup Cost": 62.5,
                          "Plan Rows": 1000
                        }
                      ],
                      "Parallel Aware": false,
                      "Node Type": "Hash Join",
                      "Join Type": "Inner",
                      "Plan Width": 4,
                      "Startup Cost": 75.0,
                      "Hash Cond": "(r2.bid \u003d b2.bid)",
                      "Plan Rows": 5000,
                      "Inner Unique": true
                    },
                    {
                      "Parent Relationship": "Inner",
                      "Total Cost": 0.05,
                      "Scan Direction": "NoMovement",
                      "Relation Name": "sailors",
                      "Parallel Aware": false,
                      "Alias": "s2",
                      "Node Type": "Index Scan",
                      "Index Name": "idx_sailors_sid",
                      "Plan Width": 4,
                      "Startup Cost": 0.0,
                      "Index Cond": "(sid \u003d r2.sid)",
                      "Plan Rows": 1
                    }
                  ],
                  "Parallel Aware": false,
                  "Node Type": "Nested Loop",
                  "Join Type": "Inner",
                  "Plan Width": 8,
                  "Startup Cost": 75.0,
                  "Plan Rows": 5000,
                  "Inner Unique": true
                }
              ],
              "Parallel Aware": false,
              "Node Type": "Aggregate",
              "Plan Width": 8,
              "Strategy": "Hashed",
              "Startup Cost": 591.71,
              "Group Key": [
                "s2.sid"
              ],
              "Plan Rows": 5000,
              "Partial Mode": "Simple"
            }
          ],
          "Parallel Aware": false,
          "Node Type": "Hash",
          "Plan Width": 8,
          "Startup Cost": 641.71,
          "Plan Rows": 5000
        }
      ],
      "Parallel Aware": false,
      "Node Type": "Hash Join",
      "Join Type": "Inner",
      "Plan Width": 12,
      "Startup Cost": 779.21,
      "Hash Cond": "(r.sid \u003d s2.sid)",
      "Plan Rows": 2779,
      "Inner Unique": false
    },
    {
      "Parent Relationship": "Inner",
      "Total Cost": 0.05,
      "Scan Direction": "NoMovement",
      "Relation Name": "sailors",
      "Parallel Aware": false,
      "Alias": "s",
      "Node Type": "Index Scan",
      "Index Name": "idx_sailors_sid",
      "Plan Width": 25,
      "Startup Cost": 0.0,
      "Index Cond": "(sid \u003d r.sid)",
      "Plan Rows": 1
    }
  ],
  "Parallel Aware": false,
  "Node Type": "Nested Loop",
  "Join Type": "Inner",
  "Plan Width": 21,
  "Startup Cost": 779.21,
  "Plan Rows": 2778,
  "Inner Unique": true
}

------------------------------

Indicies Configuration #179:
Index hash on column sid in table sailors
Index btree on column color in table boat
Index hash on column sid in table reserves
Index btree on column bid in table boat

------------------------------

1. The Total Cost of the Plan = 1226.58
2. The Estimated Size of the Result Set = 2778
3. The Plan of the Query:
{
  "Total Cost": 1226.58,
  "Plans": [
    {
      "Parent Relationship": "Outer",
      "Total Cost": 1097.16,
      "Plans": [
        {
          "Parent Relationship": "Outer",
          "Total Cost": 346.42,
          "Plans": [
            {
              "Parent Relationship": "Outer",
              "Total Cost": 231.99,
              "Relation Name": "reserves",
              "Parallel Aware": false,
              "Alias": "r",
              "Node Type": "Seq Scan",
              "Plan Width": 8,
              "Startup Cost": 0.0,
              "Plan Rows": 14999
            },
            {
              "Parent Relationship": "Inner",
              "Total Cost": 62.5,
              "Plans": [
                {
                  "Parent Relationship": "Outer",
                  "Total Cost": 62.5,
                  "Relation Name": "boat",
                  "Parallel Aware": false,
                  "Filter": "(color \u003d \u0027red\u0027::bpchar)",
                  "Alias": "b",
                  "Node Type": "Seq Scan",
                  "Plan Width": 4,
                  "Startup Cost": 0.0,
                  "Plan Rows": 1000
                }
              ],
              "Parallel Aware": false,
              "Node Type": "Hash",
              "Plan Width": 4,
              "Startup Cost": 62.5,
              "Plan Rows": 1000
            }
          ],
          "Parallel Aware": false,
          "Node Type": "Hash Join",
          "Join Type": "Inner",
          "Plan Width": 4,
          "Startup Cost": 75.0,
          "Hash Cond": "(r.bid \u003d b.bid)",
          "Plan Rows": 5000,
          "Inner Unique": true
        },
        {
          "Parent Relationship": "Inner",
          "Total Cost": 641.71,
          "Plans": [
            {
              "Parent Relationship": "Outer",
              "Total Cost": 641.71,
              "Plans": [
                {
                  "Parent Relationship": "Outer",
                  "Total Cost": 579.21,
                  "Plans": [
                    {
                      "Parent Relationship": "Outer",
                      "Total Cost": 346.42,
                      "Plans": [
                        {
                          "Parent Relationship": "Outer",
                          "Total Cost": 231.99,
                          "Relation Name": "reserves",
                          "Parallel Aware": false,
                          "Alias": "r2",
                          "Node Type": "Seq Scan",
                          "Plan Width": 8,
                          "Startup Cost": 0.0,
                          "Plan Rows": 14999
                        },
                        {
                          "Parent Relationship": "Inner",
                          "Total Cost": 62.5,
                          "Plans": [
                            {
                              "Parent Relationship": "Outer",
                              "Total Cost": 62.5,
                              "Relation Name": "boat",
                              "Parallel Aware": false,
                              "Filter": "(color \u003d \u0027green\u0027::bpchar)",
                              "Alias": "b2",
                              "Node Type": "Seq Scan",
                              "Plan Width": 4,
                              "Startup Cost": 0.0,
                              "Plan Rows": 1000
                            }
                          ],
                          "Parallel Aware": false,
                          "Node Type": "Hash",
                          "Plan Width": 4,
                          "Startup Cost": 62.5,
                          "Plan Rows": 1000
                        }
                      ],
                      "Parallel Aware": false,
                      "Node Type": "Hash Join",
                      "Join Type": "Inner",
                      "Plan Width": 4,
                      "Startup Cost": 75.0,
                      "Hash Cond": "(r2.bid \u003d b2.bid)",
                      "Plan Rows": 5000,
                      "Inner Unique": true
                    },
                    {
                      "Parent Relationship": "Inner",
                      "Total Cost": 0.05,
                      "Scan Direction": "NoMovement",
                      "Relation Name": "sailors",
                      "Parallel Aware": false,
                      "Alias": "s2",
                      "Node Type": "Index Scan",
                      "Index Name": "idx_sailors_sid",
                      "Plan Width": 4,
                      "Startup Cost": 0.0,
                      "Index Cond": "(sid \u003d r2.sid)",
                      "Plan Rows": 1
                    }
                  ],
                  "Parallel Aware": false,
                  "Node Type": "Nested Loop",
                  "Join Type": "Inner",
                  "Plan Width": 8,
                  "Startup Cost": 75.0,
                  "Plan Rows": 5000,
                  "Inner Unique": true
                }
              ],
              "Parallel Aware": false,
              "Node Type": "Aggregate",
              "Plan Width": 8,
              "Strategy": "Hashed",
              "Startup Cost": 591.71,
              "Group Key": [
                "s2.sid"
              ],
              "Plan Rows": 5000,
              "Partial Mode": "Simple"
            }
          ],
          "Parallel Aware": false,
          "Node Type": "Hash",
          "Plan Width": 8,
          "Startup Cost": 641.71,
          "Plan Rows": 5000
        }
      ],
      "Parallel Aware": false,
      "Node Type": "Hash Join",
      "Join Type": "Inner",
      "Plan Width": 12,
      "Startup Cost": 779.21,
      "Hash Cond": "(r.sid \u003d s2.sid)",
      "Plan Rows": 2779,
      "Inner Unique": false
    },
    {
      "Parent Relationship": "Inner",
      "Total Cost": 0.05,
      "Scan Direction": "NoMovement",
      "Relation Name": "sailors",
      "Parallel Aware": false,
      "Alias": "s",
      "Node Type": "Index Scan",
      "Index Name": "idx_sailors_sid",
      "Plan Width": 25,
      "Startup Cost": 0.0,
      "Index Cond": "(sid \u003d r.sid)",
      "Plan Rows": 1
    }
  ],
  "Parallel Aware": false,
  "Node Type": "Nested Loop",
  "Join Type": "Inner",
  "Plan Width": 21,
  "Startup Cost": 779.21,
  "Plan Rows": 2778,
  "Inner Unique": true
}

------------------------------

Indicies Configuration #180:
Index hash on column sid in table sailors
Index btree on column color in table boat
Index hash on column sid in table reserves
Index hash on column bid in table boat

------------------------------

1. The Total Cost of the Plan = 1226.58
2. The Estimated Size of the Result Set = 2778
3. The Plan of the Query:
{
  "Total Cost": 1226.58,
  "Plans": [
    {
      "Parent Relationship": "Outer",
      "Total Cost": 1097.16,
      "Plans": [
        {
          "Parent Relationship": "Outer",
          "Total Cost": 346.42,
          "Plans": [
            {
              "Parent Relationship": "Outer",
              "Total Cost": 231.99,
              "Relation Name": "reserves",
              "Parallel Aware": false,
              "Alias": "r",
              "Node Type": "Seq Scan",
              "Plan Width": 8,
              "Startup Cost": 0.0,
              "Plan Rows": 14999
            },
            {
              "Parent Relationship": "Inner",
              "Total Cost": 62.5,
              "Plans": [
                {
                  "Parent Relationship": "Outer",
                  "Total Cost": 62.5,
                  "Relation Name": "boat",
                  "Parallel Aware": false,
                  "Filter": "(color \u003d \u0027red\u0027::bpchar)",
                  "Alias": "b",
                  "Node Type": "Seq Scan",
                  "Plan Width": 4,
                  "Startup Cost": 0.0,
                  "Plan Rows": 1000
                }
              ],
              "Parallel Aware": false,
              "Node Type": "Hash",
              "Plan Width": 4,
              "Startup Cost": 62.5,
              "Plan Rows": 1000
            }
          ],
          "Parallel Aware": false,
          "Node Type": "Hash Join",
          "Join Type": "Inner",
          "Plan Width": 4,
          "Startup Cost": 75.0,
          "Hash Cond": "(r.bid \u003d b.bid)",
          "Plan Rows": 5000,
          "Inner Unique": true
        },
        {
          "Parent Relationship": "Inner",
          "Total Cost": 641.71,
          "Plans": [
            {
              "Parent Relationship": "Outer",
              "Total Cost": 641.71,
              "Plans": [
                {
                  "Parent Relationship": "Outer",
                  "Total Cost": 579.21,
                  "Plans": [
                    {
                      "Parent Relationship": "Outer",
                      "Total Cost": 346.42,
                      "Plans": [
                        {
                          "Parent Relationship": "Outer",
                          "Total Cost": 231.99,
                          "Relation Name": "reserves",
                          "Parallel Aware": false,
                          "Alias": "r2",
                          "Node Type": "Seq Scan",
                          "Plan Width": 8,
                          "Startup Cost": 0.0,
                          "Plan Rows": 14999
                        },
                        {
                          "Parent Relationship": "Inner",
                          "Total Cost": 62.5,
                          "Plans": [
                            {
                              "Parent Relationship": "Outer",
                              "Total Cost": 62.5,
                              "Relation Name": "boat",
                              "Parallel Aware": false,
                              "Filter": "(color \u003d \u0027green\u0027::bpchar)",
                              "Alias": "b2",
                              "Node Type": "Seq Scan",
                              "Plan Width": 4,
                              "Startup Cost": 0.0,
                              "Plan Rows": 1000
                            }
                          ],
                          "Parallel Aware": false,
                          "Node Type": "Hash",
                          "Plan Width": 4,
                          "Startup Cost": 62.5,
                          "Plan Rows": 1000
                        }
                      ],
                      "Parallel Aware": false,
                      "Node Type": "Hash Join",
                      "Join Type": "Inner",
                      "Plan Width": 4,
                      "Startup Cost": 75.0,
                      "Hash Cond": "(r2.bid \u003d b2.bid)",
                      "Plan Rows": 5000,
                      "Inner Unique": true
                    },
                    {
                      "Parent Relationship": "Inner",
                      "Total Cost": 0.05,
                      "Scan Direction": "NoMovement",
                      "Relation Name": "sailors",
                      "Parallel Aware": false,
                      "Alias": "s2",
                      "Node Type": "Index Scan",
                      "Index Name": "idx_sailors_sid",
                      "Plan Width": 4,
                      "Startup Cost": 0.0,
                      "Index Cond": "(sid \u003d r2.sid)",
                      "Plan Rows": 1
                    }
                  ],
                  "Parallel Aware": false,
                  "Node Type": "Nested Loop",
                  "Join Type": "Inner",
                  "Plan Width": 8,
                  "Startup Cost": 75.0,
                  "Plan Rows": 5000,
                  "Inner Unique": true
                }
              ],
              "Parallel Aware": false,
              "Node Type": "Aggregate",
              "Plan Width": 8,
              "Strategy": "Hashed",
              "Startup Cost": 591.71,
              "Group Key": [
                "s2.sid"
              ],
              "Plan Rows": 5000,
              "Partial Mode": "Simple"
            }
          ],
          "Parallel Aware": false,
          "Node Type": "Hash",
          "Plan Width": 8,
          "Startup Cost": 641.71,
          "Plan Rows": 5000
        }
      ],
      "Parallel Aware": false,
      "Node Type": "Hash Join",
      "Join Type": "Inner",
      "Plan Width": 12,
      "Startup Cost": 779.21,
      "Hash Cond": "(r.sid \u003d s2.sid)",
      "Plan Rows": 2779,
      "Inner Unique": false
    },
    {
      "Parent Relationship": "Inner",
      "Total Cost": 0.05,
      "Scan Direction": "NoMovement",
      "Relation Name": "sailors",
      "Parallel Aware": false,
      "Alias": "s",
      "Node Type": "Index Scan",
      "Index Name": "idx_sailors_sid",
      "Plan Width": 25,
      "Startup Cost": 0.0,
      "Index Cond": "(sid \u003d r.sid)",
      "Plan Rows": 1
    }
  ],
  "Parallel Aware": false,
  "Node Type": "Nested Loop",
  "Join Type": "Inner",
  "Plan Width": 21,
  "Startup Cost": 779.21,
  "Plan Rows": 2778,
  "Inner Unique": true
}

------------------------------

Indicies Configuration #181:
Index hash on column sid in table sailors
Index hash on column color in table boat

------------------------------

1. The Total Cost of the Plan = 1226.58
2. The Estimated Size of the Result Set = 2778
3. The Plan of the Query:
{
  "Total Cost": 1226.58,
  "Plans": [
    {
      "Parent Relationship": "Outer",
      "Total Cost": 1097.16,
      "Plans": [
        {
          "Parent Relationship": "Outer",
          "Total Cost": 346.42,
          "Plans": [
            {
              "Parent Relationship": "Outer",
              "Total Cost": 231.99,
              "Relation Name": "reserves",
              "Parallel Aware": false,
              "Alias": "r",
              "Node Type": "Seq Scan",
              "Plan Width": 8,
              "Startup Cost": 0.0,
              "Plan Rows": 14999
            },
            {
              "Parent Relationship": "Inner",
              "Total Cost": 62.5,
              "Plans": [
                {
                  "Parent Relationship": "Outer",
                  "Total Cost": 62.5,
                  "Relation Name": "boat",
                  "Parallel Aware": false,
                  "Filter": "(color \u003d \u0027red\u0027::bpchar)",
                  "Alias": "b",
                  "Node Type": "Seq Scan",
                  "Plan Width": 4,
                  "Startup Cost": 0.0,
                  "Plan Rows": 1000
                }
              ],
              "Parallel Aware": false,
              "Node Type": "Hash",
              "Plan Width": 4,
              "Startup Cost": 62.5,
              "Plan Rows": 1000
            }
          ],
          "Parallel Aware": false,
          "Node Type": "Hash Join",
          "Join Type": "Inner",
          "Plan Width": 4,
          "Startup Cost": 75.0,
          "Hash Cond": "(r.bid \u003d b.bid)",
          "Plan Rows": 5000,
          "Inner Unique": true
        },
        {
          "Parent Relationship": "Inner",
          "Total Cost": 641.71,
          "Plans": [
            {
              "Parent Relationship": "Outer",
              "Total Cost": 641.71,
              "Plans": [
                {
                  "Parent Relationship": "Outer",
                  "Total Cost": 579.21,
                  "Plans": [
                    {
                      "Parent Relationship": "Outer",
                      "Total Cost": 346.42,
                      "Plans": [
                        {
                          "Parent Relationship": "Outer",
                          "Total Cost": 231.99,
                          "Relation Name": "reserves",
                          "Parallel Aware": false,
                          "Alias": "r2",
                          "Node Type": "Seq Scan",
                          "Plan Width": 8,
                          "Startup Cost": 0.0,
                          "Plan Rows": 14999
                        },
                        {
                          "Parent Relationship": "Inner",
                          "Total Cost": 62.5,
                          "Plans": [
                            {
                              "Parent Relationship": "Outer",
                              "Total Cost": 62.5,
                              "Relation Name": "boat",
                              "Parallel Aware": false,
                              "Filter": "(color \u003d \u0027green\u0027::bpchar)",
                              "Alias": "b2",
                              "Node Type": "Seq Scan",
                              "Plan Width": 4,
                              "Startup Cost": 0.0,
                              "Plan Rows": 1000
                            }
                          ],
                          "Parallel Aware": false,
                          "Node Type": "Hash",
                          "Plan Width": 4,
                          "Startup Cost": 62.5,
                          "Plan Rows": 1000
                        }
                      ],
                      "Parallel Aware": false,
                      "Node Type": "Hash Join",
                      "Join Type": "Inner",
                      "Plan Width": 4,
                      "Startup Cost": 75.0,
                      "Hash Cond": "(r2.bid \u003d b2.bid)",
                      "Plan Rows": 5000,
                      "Inner Unique": true
                    },
                    {
                      "Parent Relationship": "Inner",
                      "Total Cost": 0.05,
                      "Scan Direction": "NoMovement",
                      "Relation Name": "sailors",
                      "Parallel Aware": false,
                      "Alias": "s2",
                      "Node Type": "Index Scan",
                      "Index Name": "idx_sailors_sid",
                      "Plan Width": 4,
                      "Startup Cost": 0.0,
                      "Index Cond": "(sid \u003d r2.sid)",
                      "Plan Rows": 1
                    }
                  ],
                  "Parallel Aware": false,
                  "Node Type": "Nested Loop",
                  "Join Type": "Inner",
                  "Plan Width": 8,
                  "Startup Cost": 75.0,
                  "Plan Rows": 5000,
                  "Inner Unique": true
                }
              ],
              "Parallel Aware": false,
              "Node Type": "Aggregate",
              "Plan Width": 8,
              "Strategy": "Hashed",
              "Startup Cost": 591.71,
              "Group Key": [
                "s2.sid"
              ],
              "Plan Rows": 5000,
              "Partial Mode": "Simple"
            }
          ],
          "Parallel Aware": false,
          "Node Type": "Hash",
          "Plan Width": 8,
          "Startup Cost": 641.71,
          "Plan Rows": 5000
        }
      ],
      "Parallel Aware": false,
      "Node Type": "Hash Join",
      "Join Type": "Inner",
      "Plan Width": 12,
      "Startup Cost": 779.21,
      "Hash Cond": "(r.sid \u003d s2.sid)",
      "Plan Rows": 2779,
      "Inner Unique": false
    },
    {
      "Parent Relationship": "Inner",
      "Total Cost": 0.05,
      "Scan Direction": "NoMovement",
      "Relation Name": "sailors",
      "Parallel Aware": false,
      "Alias": "s",
      "Node Type": "Index Scan",
      "Index Name": "idx_sailors_sid",
      "Plan Width": 25,
      "Startup Cost": 0.0,
      "Index Cond": "(sid \u003d r.sid)",
      "Plan Rows": 1
    }
  ],
  "Parallel Aware": false,
  "Node Type": "Nested Loop",
  "Join Type": "Inner",
  "Plan Width": 21,
  "Startup Cost": 779.21,
  "Plan Rows": 2778,
  "Inner Unique": true
}

------------------------------

Indicies Configuration #182:
Index hash on column sid in table sailors
Index hash on column color in table boat
Index btree on column bid in table boat

------------------------------

1. The Total Cost of the Plan = 1226.58
2. The Estimated Size of the Result Set = 2778
3. The Plan of the Query:
{
  "Total Cost": 1226.58,
  "Plans": [
    {
      "Parent Relationship": "Outer",
      "Total Cost": 1097.16,
      "Plans": [
        {
          "Parent Relationship": "Outer",
          "Total Cost": 346.42,
          "Plans": [
            {
              "Parent Relationship": "Outer",
              "Total Cost": 231.99,
              "Relation Name": "reserves",
              "Parallel Aware": false,
              "Alias": "r",
              "Node Type": "Seq Scan",
              "Plan Width": 8,
              "Startup Cost": 0.0,
              "Plan Rows": 14999
            },
            {
              "Parent Relationship": "Inner",
              "Total Cost": 62.5,
              "Plans": [
                {
                  "Parent Relationship": "Outer",
                  "Total Cost": 62.5,
                  "Relation Name": "boat",
                  "Parallel Aware": false,
                  "Filter": "(color \u003d \u0027red\u0027::bpchar)",
                  "Alias": "b",
                  "Node Type": "Seq Scan",
                  "Plan Width": 4,
                  "Startup Cost": 0.0,
                  "Plan Rows": 1000
                }
              ],
              "Parallel Aware": false,
              "Node Type": "Hash",
              "Plan Width": 4,
              "Startup Cost": 62.5,
              "Plan Rows": 1000
            }
          ],
          "Parallel Aware": false,
          "Node Type": "Hash Join",
          "Join Type": "Inner",
          "Plan Width": 4,
          "Startup Cost": 75.0,
          "Hash Cond": "(r.bid \u003d b.bid)",
          "Plan Rows": 5000,
          "Inner Unique": true
        },
        {
          "Parent Relationship": "Inner",
          "Total Cost": 641.71,
          "Plans": [
            {
              "Parent Relationship": "Outer",
              "Total Cost": 641.71,
              "Plans": [
                {
                  "Parent Relationship": "Outer",
                  "Total Cost": 579.21,
                  "Plans": [
                    {
                      "Parent Relationship": "Outer",
                      "Total Cost": 346.42,
                      "Plans": [
                        {
                          "Parent Relationship": "Outer",
                          "Total Cost": 231.99,
                          "Relation Name": "reserves",
                          "Parallel Aware": false,
                          "Alias": "r2",
                          "Node Type": "Seq Scan",
                          "Plan Width": 8,
                          "Startup Cost": 0.0,
                          "Plan Rows": 14999
                        },
                        {
                          "Parent Relationship": "Inner",
                          "Total Cost": 62.5,
                          "Plans": [
                            {
                              "Parent Relationship": "Outer",
                              "Total Cost": 62.5,
                              "Relation Name": "boat",
                              "Parallel Aware": false,
                              "Filter": "(color \u003d \u0027green\u0027::bpchar)",
                              "Alias": "b2",
                              "Node Type": "Seq Scan",
                              "Plan Width": 4,
                              "Startup Cost": 0.0,
                              "Plan Rows": 1000
                            }
                          ],
                          "Parallel Aware": false,
                          "Node Type": "Hash",
                          "Plan Width": 4,
                          "Startup Cost": 62.5,
                          "Plan Rows": 1000
                        }
                      ],
                      "Parallel Aware": false,
                      "Node Type": "Hash Join",
                      "Join Type": "Inner",
                      "Plan Width": 4,
                      "Startup Cost": 75.0,
                      "Hash Cond": "(r2.bid \u003d b2.bid)",
                      "Plan Rows": 5000,
                      "Inner Unique": true
                    },
                    {
                      "Parent Relationship": "Inner",
                      "Total Cost": 0.05,
                      "Scan Direction": "NoMovement",
                      "Relation Name": "sailors",
                      "Parallel Aware": false,
                      "Alias": "s2",
                      "Node Type": "Index Scan",
                      "Index Name": "idx_sailors_sid",
                      "Plan Width": 4,
                      "Startup Cost": 0.0,
                      "Index Cond": "(sid \u003d r2.sid)",
                      "Plan Rows": 1
                    }
                  ],
                  "Parallel Aware": false,
                  "Node Type": "Nested Loop",
                  "Join Type": "Inner",
                  "Plan Width": 8,
                  "Startup Cost": 75.0,
                  "Plan Rows": 5000,
                  "Inner Unique": true
                }
              ],
              "Parallel Aware": false,
              "Node Type": "Aggregate",
              "Plan Width": 8,
              "Strategy": "Hashed",
              "Startup Cost": 591.71,
              "Group Key": [
                "s2.sid"
              ],
              "Plan Rows": 5000,
              "Partial Mode": "Simple"
            }
          ],
          "Parallel Aware": false,
          "Node Type": "Hash",
          "Plan Width": 8,
          "Startup Cost": 641.71,
          "Plan Rows": 5000
        }
      ],
      "Parallel Aware": false,
      "Node Type": "Hash Join",
      "Join Type": "Inner",
      "Plan Width": 12,
      "Startup Cost": 779.21,
      "Hash Cond": "(r.sid \u003d s2.sid)",
      "Plan Rows": 2779,
      "Inner Unique": false
    },
    {
      "Parent Relationship": "Inner",
      "Total Cost": 0.05,
      "Scan Direction": "NoMovement",
      "Relation Name": "sailors",
      "Parallel Aware": false,
      "Alias": "s",
      "Node Type": "Index Scan",
      "Index Name": "idx_sailors_sid",
      "Plan Width": 25,
      "Startup Cost": 0.0,
      "Index Cond": "(sid \u003d r.sid)",
      "Plan Rows": 1
    }
  ],
  "Parallel Aware": false,
  "Node Type": "Nested Loop",
  "Join Type": "Inner",
  "Plan Width": 21,
  "Startup Cost": 779.21,
  "Plan Rows": 2778,
  "Inner Unique": true
}

------------------------------

Indicies Configuration #183:
Index hash on column sid in table sailors
Index hash on column color in table boat
Index hash on column bid in table boat

------------------------------

1. The Total Cost of the Plan = 1226.58
2. The Estimated Size of the Result Set = 2778
3. The Plan of the Query:
{
  "Total Cost": 1226.58,
  "Plans": [
    {
      "Parent Relationship": "Outer",
      "Total Cost": 1097.16,
      "Plans": [
        {
          "Parent Relationship": "Outer",
          "Total Cost": 346.42,
          "Plans": [
            {
              "Parent Relationship": "Outer",
              "Total Cost": 231.99,
              "Relation Name": "reserves",
              "Parallel Aware": false,
              "Alias": "r",
              "Node Type": "Seq Scan",
              "Plan Width": 8,
              "Startup Cost": 0.0,
              "Plan Rows": 14999
            },
            {
              "Parent Relationship": "Inner",
              "Total Cost": 62.5,
              "Plans": [
                {
                  "Parent Relationship": "Outer",
                  "Total Cost": 62.5,
                  "Relation Name": "boat",
                  "Parallel Aware": false,
                  "Filter": "(color \u003d \u0027red\u0027::bpchar)",
                  "Alias": "b",
                  "Node Type": "Seq Scan",
                  "Plan Width": 4,
                  "Startup Cost": 0.0,
                  "Plan Rows": 1000
                }
              ],
              "Parallel Aware": false,
              "Node Type": "Hash",
              "Plan Width": 4,
              "Startup Cost": 62.5,
              "Plan Rows": 1000
            }
          ],
          "Parallel Aware": false,
          "Node Type": "Hash Join",
          "Join Type": "Inner",
          "Plan Width": 4,
          "Startup Cost": 75.0,
          "Hash Cond": "(r.bid \u003d b.bid)",
          "Plan Rows": 5000,
          "Inner Unique": true
        },
        {
          "Parent Relationship": "Inner",
          "Total Cost": 641.71,
          "Plans": [
            {
              "Parent Relationship": "Outer",
              "Total Cost": 641.71,
              "Plans": [
                {
                  "Parent Relationship": "Outer",
                  "Total Cost": 579.21,
                  "Plans": [
                    {
                      "Parent Relationship": "Outer",
                      "Total Cost": 346.42,
                      "Plans": [
                        {
                          "Parent Relationship": "Outer",
                          "Total Cost": 231.99,
                          "Relation Name": "reserves",
                          "Parallel Aware": false,
                          "Alias": "r2",
                          "Node Type": "Seq Scan",
                          "Plan Width": 8,
                          "Startup Cost": 0.0,
                          "Plan Rows": 14999
                        },
                        {
                          "Parent Relationship": "Inner",
                          "Total Cost": 62.5,
                          "Plans": [
                            {
                              "Parent Relationship": "Outer",
                              "Total Cost": 62.5,
                              "Relation Name": "boat",
                              "Parallel Aware": false,
                              "Filter": "(color \u003d \u0027green\u0027::bpchar)",
                              "Alias": "b2",
                              "Node Type": "Seq Scan",
                              "Plan Width": 4,
                              "Startup Cost": 0.0,
                              "Plan Rows": 1000
                            }
                          ],
                          "Parallel Aware": false,
                          "Node Type": "Hash",
                          "Plan Width": 4,
                          "Startup Cost": 62.5,
                          "Plan Rows": 1000
                        }
                      ],
                      "Parallel Aware": false,
                      "Node Type": "Hash Join",
                      "Join Type": "Inner",
                      "Plan Width": 4,
                      "Startup Cost": 75.0,
                      "Hash Cond": "(r2.bid \u003d b2.bid)",
                      "Plan Rows": 5000,
                      "Inner Unique": true
                    },
                    {
                      "Parent Relationship": "Inner",
                      "Total Cost": 0.05,
                      "Scan Direction": "NoMovement",
                      "Relation Name": "sailors",
                      "Parallel Aware": false,
                      "Alias": "s2",
                      "Node Type": "Index Scan",
                      "Index Name": "idx_sailors_sid",
                      "Plan Width": 4,
                      "Startup Cost": 0.0,
                      "Index Cond": "(sid \u003d r2.sid)",
                      "Plan Rows": 1
                    }
                  ],
                  "Parallel Aware": false,
                  "Node Type": "Nested Loop",
                  "Join Type": "Inner",
                  "Plan Width": 8,
                  "Startup Cost": 75.0,
                  "Plan Rows": 5000,
                  "Inner Unique": true
                }
              ],
              "Parallel Aware": false,
              "Node Type": "Aggregate",
              "Plan Width": 8,
              "Strategy": "Hashed",
              "Startup Cost": 591.71,
              "Group Key": [
                "s2.sid"
              ],
              "Plan Rows": 5000,
              "Partial Mode": "Simple"
            }
          ],
          "Parallel Aware": false,
          "Node Type": "Hash",
          "Plan Width": 8,
          "Startup Cost": 641.71,
          "Plan Rows": 5000
        }
      ],
      "Parallel Aware": false,
      "Node Type": "Hash Join",
      "Join Type": "Inner",
      "Plan Width": 12,
      "Startup Cost": 779.21,
      "Hash Cond": "(r.sid \u003d s2.sid)",
      "Plan Rows": 2779,
      "Inner Unique": false
    },
    {
      "Parent Relationship": "Inner",
      "Total Cost": 0.05,
      "Scan Direction": "NoMovement",
      "Relation Name": "sailors",
      "Parallel Aware": false,
      "Alias": "s",
      "Node Type": "Index Scan",
      "Index Name": "idx_sailors_sid",
      "Plan Width": 25,
      "Startup Cost": 0.0,
      "Index Cond": "(sid \u003d r.sid)",
      "Plan Rows": 1
    }
  ],
  "Parallel Aware": false,
  "Node Type": "Nested Loop",
  "Join Type": "Inner",
  "Plan Width": 21,
  "Startup Cost": 779.21,
  "Plan Rows": 2778,
  "Inner Unique": true
}

------------------------------

Indicies Configuration #184:
Index hash on column sid in table sailors
Index hash on column color in table boat
Index btree on column sid in table reserves

------------------------------

1. The Total Cost of the Plan = 1226.58
2. The Estimated Size of the Result Set = 2778
3. The Plan of the Query:
{
  "Total Cost": 1226.58,
  "Plans": [
    {
      "Parent Relationship": "Outer",
      "Total Cost": 1097.16,
      "Plans": [
        {
          "Parent Relationship": "Outer",
          "Total Cost": 346.42,
          "Plans": [
            {
              "Parent Relationship": "Outer",
              "Total Cost": 231.99,
              "Relation Name": "reserves",
              "Parallel Aware": false,
              "Alias": "r",
              "Node Type": "Seq Scan",
              "Plan Width": 8,
              "Startup Cost": 0.0,
              "Plan Rows": 14999
            },
            {
              "Parent Relationship": "Inner",
              "Total Cost": 62.5,
              "Plans": [
                {
                  "Parent Relationship": "Outer",
                  "Total Cost": 62.5,
                  "Relation Name": "boat",
                  "Parallel Aware": false,
                  "Filter": "(color \u003d \u0027red\u0027::bpchar)",
                  "Alias": "b",
                  "Node Type": "Seq Scan",
                  "Plan Width": 4,
                  "Startup Cost": 0.0,
                  "Plan Rows": 1000
                }
              ],
              "Parallel Aware": false,
              "Node Type": "Hash",
              "Plan Width": 4,
              "Startup Cost": 62.5,
              "Plan Rows": 1000
            }
          ],
          "Parallel Aware": false,
          "Node Type": "Hash Join",
          "Join Type": "Inner",
          "Plan Width": 4,
          "Startup Cost": 75.0,
          "Hash Cond": "(r.bid \u003d b.bid)",
          "Plan Rows": 5000,
          "Inner Unique": true
        },
        {
          "Parent Relationship": "Inner",
          "Total Cost": 641.71,
          "Plans": [
            {
              "Parent Relationship": "Outer",
              "Total Cost": 641.71,
              "Plans": [
                {
                  "Parent Relationship": "Outer",
                  "Total Cost": 579.21,
                  "Plans": [
                    {
                      "Parent Relationship": "Outer",
                      "Total Cost": 346.42,
                      "Plans": [
                        {
                          "Parent Relationship": "Outer",
                          "Total Cost": 231.99,
                          "Relation Name": "reserves",
                          "Parallel Aware": false,
                          "Alias": "r2",
                          "Node Type": "Seq Scan",
                          "Plan Width": 8,
                          "Startup Cost": 0.0,
                          "Plan Rows": 14999
                        },
                        {
                          "Parent Relationship": "Inner",
                          "Total Cost": 62.5,
                          "Plans": [
                            {
                              "Parent Relationship": "Outer",
                              "Total Cost": 62.5,
                              "Relation Name": "boat",
                              "Parallel Aware": false,
                              "Filter": "(color \u003d \u0027green\u0027::bpchar)",
                              "Alias": "b2",
                              "Node Type": "Seq Scan",
                              "Plan Width": 4,
                              "Startup Cost": 0.0,
                              "Plan Rows": 1000
                            }
                          ],
                          "Parallel Aware": false,
                          "Node Type": "Hash",
                          "Plan Width": 4,
                          "Startup Cost": 62.5,
                          "Plan Rows": 1000
                        }
                      ],
                      "Parallel Aware": false,
                      "Node Type": "Hash Join",
                      "Join Type": "Inner",
                      "Plan Width": 4,
                      "Startup Cost": 75.0,
                      "Hash Cond": "(r2.bid \u003d b2.bid)",
                      "Plan Rows": 5000,
                      "Inner Unique": true
                    },
                    {
                      "Parent Relationship": "Inner",
                      "Total Cost": 0.05,
                      "Scan Direction": "NoMovement",
                      "Relation Name": "sailors",
                      "Parallel Aware": false,
                      "Alias": "s2",
                      "Node Type": "Index Scan",
                      "Index Name": "idx_sailors_sid",
                      "Plan Width": 4,
                      "Startup Cost": 0.0,
                      "Index Cond": "(sid \u003d r2.sid)",
                      "Plan Rows": 1
                    }
                  ],
                  "Parallel Aware": false,
                  "Node Type": "Nested Loop",
                  "Join Type": "Inner",
                  "Plan Width": 8,
                  "Startup Cost": 75.0,
                  "Plan Rows": 5000,
                  "Inner Unique": true
                }
              ],
              "Parallel Aware": false,
              "Node Type": "Aggregate",
              "Plan Width": 8,
              "Strategy": "Hashed",
              "Startup Cost": 591.71,
              "Group Key": [
                "s2.sid"
              ],
              "Plan Rows": 5000,
              "Partial Mode": "Simple"
            }
          ],
          "Parallel Aware": false,
          "Node Type": "Hash",
          "Plan Width": 8,
          "Startup Cost": 641.71,
          "Plan Rows": 5000
        }
      ],
      "Parallel Aware": false,
      "Node Type": "Hash Join",
      "Join Type": "Inner",
      "Plan Width": 12,
      "Startup Cost": 779.21,
      "Hash Cond": "(r.sid \u003d s2.sid)",
      "Plan Rows": 2779,
      "Inner Unique": false
    },
    {
      "Parent Relationship": "Inner",
      "Total Cost": 0.05,
      "Scan Direction": "NoMovement",
      "Relation Name": "sailors",
      "Parallel Aware": false,
      "Alias": "s",
      "Node Type": "Index Scan",
      "Index Name": "idx_sailors_sid",
      "Plan Width": 25,
      "Startup Cost": 0.0,
      "Index Cond": "(sid \u003d r.sid)",
      "Plan Rows": 1
    }
  ],
  "Parallel Aware": false,
  "Node Type": "Nested Loop",
  "Join Type": "Inner",
  "Plan Width": 21,
  "Startup Cost": 779.21,
  "Plan Rows": 2778,
  "Inner Unique": true
}

------------------------------

Indicies Configuration #185:
Index hash on column sid in table sailors
Index hash on column color in table boat
Index btree on column sid in table reserves
Index btree on column bid in table boat

------------------------------

1. The Total Cost of the Plan = 1226.58
2. The Estimated Size of the Result Set = 2778
3. The Plan of the Query:
{
  "Total Cost": 1226.58,
  "Plans": [
    {
      "Parent Relationship": "Outer",
      "Total Cost": 1097.16,
      "Plans": [
        {
          "Parent Relationship": "Outer",
          "Total Cost": 346.42,
          "Plans": [
            {
              "Parent Relationship": "Outer",
              "Total Cost": 231.99,
              "Relation Name": "reserves",
              "Parallel Aware": false,
              "Alias": "r",
              "Node Type": "Seq Scan",
              "Plan Width": 8,
              "Startup Cost": 0.0,
              "Plan Rows": 14999
            },
            {
              "Parent Relationship": "Inner",
              "Total Cost": 62.5,
              "Plans": [
                {
                  "Parent Relationship": "Outer",
                  "Total Cost": 62.5,
                  "Relation Name": "boat",
                  "Parallel Aware": false,
                  "Filter": "(color \u003d \u0027red\u0027::bpchar)",
                  "Alias": "b",
                  "Node Type": "Seq Scan",
                  "Plan Width": 4,
                  "Startup Cost": 0.0,
                  "Plan Rows": 1000
                }
              ],
              "Parallel Aware": false,
              "Node Type": "Hash",
              "Plan Width": 4,
              "Startup Cost": 62.5,
              "Plan Rows": 1000
            }
          ],
          "Parallel Aware": false,
          "Node Type": "Hash Join",
          "Join Type": "Inner",
          "Plan Width": 4,
          "Startup Cost": 75.0,
          "Hash Cond": "(r.bid \u003d b.bid)",
          "Plan Rows": 5000,
          "Inner Unique": true
        },
        {
          "Parent Relationship": "Inner",
          "Total Cost": 641.71,
          "Plans": [
            {
              "Parent Relationship": "Outer",
              "Total Cost": 641.71,
              "Plans": [
                {
                  "Parent Relationship": "Outer",
                  "Total Cost": 579.21,
                  "Plans": [
                    {
                      "Parent Relationship": "Outer",
                      "Total Cost": 346.42,
                      "Plans": [
                        {
                          "Parent Relationship": "Outer",
                          "Total Cost": 231.99,
                          "Relation Name": "reserves",
                          "Parallel Aware": false,
                          "Alias": "r2",
                          "Node Type": "Seq Scan",
                          "Plan Width": 8,
                          "Startup Cost": 0.0,
                          "Plan Rows": 14999
                        },
                        {
                          "Parent Relationship": "Inner",
                          "Total Cost": 62.5,
                          "Plans": [
                            {
                              "Parent Relationship": "Outer",
                              "Total Cost": 62.5,
                              "Relation Name": "boat",
                              "Parallel Aware": false,
                              "Filter": "(color \u003d \u0027green\u0027::bpchar)",
                              "Alias": "b2",
                              "Node Type": "Seq Scan",
                              "Plan Width": 4,
                              "Startup Cost": 0.0,
                              "Plan Rows": 1000
                            }
                          ],
                          "Parallel Aware": false,
                          "Node Type": "Hash",
                          "Plan Width": 4,
                          "Startup Cost": 62.5,
                          "Plan Rows": 1000
                        }
                      ],
                      "Parallel Aware": false,
                      "Node Type": "Hash Join",
                      "Join Type": "Inner",
                      "Plan Width": 4,
                      "Startup Cost": 75.0,
                      "Hash Cond": "(r2.bid \u003d b2.bid)",
                      "Plan Rows": 5000,
                      "Inner Unique": true
                    },
                    {
                      "Parent Relationship": "Inner",
                      "Total Cost": 0.05,
                      "Scan Direction": "NoMovement",
                      "Relation Name": "sailors",
                      "Parallel Aware": false,
                      "Alias": "s2",
                      "Node Type": "Index Scan",
                      "Index Name": "idx_sailors_sid",
                      "Plan Width": 4,
                      "Startup Cost": 0.0,
                      "Index Cond": "(sid \u003d r2.sid)",
                      "Plan Rows": 1
                    }
                  ],
                  "Parallel Aware": false,
                  "Node Type": "Nested Loop",
                  "Join Type": "Inner",
                  "Plan Width": 8,
                  "Startup Cost": 75.0,
                  "Plan Rows": 5000,
                  "Inner Unique": true
                }
              ],
              "Parallel Aware": false,
              "Node Type": "Aggregate",
              "Plan Width": 8,
              "Strategy": "Hashed",
              "Startup Cost": 591.71,
              "Group Key": [
                "s2.sid"
              ],
              "Plan Rows": 5000,
              "Partial Mode": "Simple"
            }
          ],
          "Parallel Aware": false,
          "Node Type": "Hash",
          "Plan Width": 8,
          "Startup Cost": 641.71,
          "Plan Rows": 5000
        }
      ],
      "Parallel Aware": false,
      "Node Type": "Hash Join",
      "Join Type": "Inner",
      "Plan Width": 12,
      "Startup Cost": 779.21,
      "Hash Cond": "(r.sid \u003d s2.sid)",
      "Plan Rows": 2779,
      "Inner Unique": false
    },
    {
      "Parent Relationship": "Inner",
      "Total Cost": 0.05,
      "Scan Direction": "NoMovement",
      "Relation Name": "sailors",
      "Parallel Aware": false,
      "Alias": "s",
      "Node Type": "Index Scan",
      "Index Name": "idx_sailors_sid",
      "Plan Width": 25,
      "Startup Cost": 0.0,
      "Index Cond": "(sid \u003d r.sid)",
      "Plan Rows": 1
    }
  ],
  "Parallel Aware": false,
  "Node Type": "Nested Loop",
  "Join Type": "Inner",
  "Plan Width": 21,
  "Startup Cost": 779.21,
  "Plan Rows": 2778,
  "Inner Unique": true
}

------------------------------

Indicies Configuration #186:
Index hash on column sid in table sailors
Index hash on column color in table boat
Index btree on column sid in table reserves
Index hash on column bid in table boat

------------------------------

1. The Total Cost of the Plan = 1226.58
2. The Estimated Size of the Result Set = 2778
3. The Plan of the Query:
{
  "Total Cost": 1226.58,
  "Plans": [
    {
      "Parent Relationship": "Outer",
      "Total Cost": 1097.16,
      "Plans": [
        {
          "Parent Relationship": "Outer",
          "Total Cost": 346.42,
          "Plans": [
            {
              "Parent Relationship": "Outer",
              "Total Cost": 231.99,
              "Relation Name": "reserves",
              "Parallel Aware": false,
              "Alias": "r",
              "Node Type": "Seq Scan",
              "Plan Width": 8,
              "Startup Cost": 0.0,
              "Plan Rows": 14999
            },
            {
              "Parent Relationship": "Inner",
              "Total Cost": 62.5,
              "Plans": [
                {
                  "Parent Relationship": "Outer",
                  "Total Cost": 62.5,
                  "Relation Name": "boat",
                  "Parallel Aware": false,
                  "Filter": "(color \u003d \u0027red\u0027::bpchar)",
                  "Alias": "b",
                  "Node Type": "Seq Scan",
                  "Plan Width": 4,
                  "Startup Cost": 0.0,
                  "Plan Rows": 1000
                }
              ],
              "Parallel Aware": false,
              "Node Type": "Hash",
              "Plan Width": 4,
              "Startup Cost": 62.5,
              "Plan Rows": 1000
            }
          ],
          "Parallel Aware": false,
          "Node Type": "Hash Join",
          "Join Type": "Inner",
          "Plan Width": 4,
          "Startup Cost": 75.0,
          "Hash Cond": "(r.bid \u003d b.bid)",
          "Plan Rows": 5000,
          "Inner Unique": true
        },
        {
          "Parent Relationship": "Inner",
          "Total Cost": 641.71,
          "Plans": [
            {
              "Parent Relationship": "Outer",
              "Total Cost": 641.71,
              "Plans": [
                {
                  "Parent Relationship": "Outer",
                  "Total Cost": 579.21,
                  "Plans": [
                    {
                      "Parent Relationship": "Outer",
                      "Total Cost": 346.42,
                      "Plans": [
                        {
                          "Parent Relationship": "Outer",
                          "Total Cost": 231.99,
                          "Relation Name": "reserves",
                          "Parallel Aware": false,
                          "Alias": "r2",
                          "Node Type": "Seq Scan",
                          "Plan Width": 8,
                          "Startup Cost": 0.0,
                          "Plan Rows": 14999
                        },
                        {
                          "Parent Relationship": "Inner",
                          "Total Cost": 62.5,
                          "Plans": [
                            {
                              "Parent Relationship": "Outer",
                              "Total Cost": 62.5,
                              "Relation Name": "boat",
                              "Parallel Aware": false,
                              "Filter": "(color \u003d \u0027green\u0027::bpchar)",
                              "Alias": "b2",
                              "Node Type": "Seq Scan",
                              "Plan Width": 4,
                              "Startup Cost": 0.0,
                              "Plan Rows": 1000
                            }
                          ],
                          "Parallel Aware": false,
                          "Node Type": "Hash",
                          "Plan Width": 4,
                          "Startup Cost": 62.5,
                          "Plan Rows": 1000
                        }
                      ],
                      "Parallel Aware": false,
                      "Node Type": "Hash Join",
                      "Join Type": "Inner",
                      "Plan Width": 4,
                      "Startup Cost": 75.0,
                      "Hash Cond": "(r2.bid \u003d b2.bid)",
                      "Plan Rows": 5000,
                      "Inner Unique": true
                    },
                    {
                      "Parent Relationship": "Inner",
                      "Total Cost": 0.05,
                      "Scan Direction": "NoMovement",
                      "Relation Name": "sailors",
                      "Parallel Aware": false,
                      "Alias": "s2",
                      "Node Type": "Index Scan",
                      "Index Name": "idx_sailors_sid",
                      "Plan Width": 4,
                      "Startup Cost": 0.0,
                      "Index Cond": "(sid \u003d r2.sid)",
                      "Plan Rows": 1
                    }
                  ],
                  "Parallel Aware": false,
                  "Node Type": "Nested Loop",
                  "Join Type": "Inner",
                  "Plan Width": 8,
                  "Startup Cost": 75.0,
                  "Plan Rows": 5000,
                  "Inner Unique": true
                }
              ],
              "Parallel Aware": false,
              "Node Type": "Aggregate",
              "Plan Width": 8,
              "Strategy": "Hashed",
              "Startup Cost": 591.71,
              "Group Key": [
                "s2.sid"
              ],
              "Plan Rows": 5000,
              "Partial Mode": "Simple"
            }
          ],
          "Parallel Aware": false,
          "Node Type": "Hash",
          "Plan Width": 8,
          "Startup Cost": 641.71,
          "Plan Rows": 5000
        }
      ],
      "Parallel Aware": false,
      "Node Type": "Hash Join",
      "Join Type": "Inner",
      "Plan Width": 12,
      "Startup Cost": 779.21,
      "Hash Cond": "(r.sid \u003d s2.sid)",
      "Plan Rows": 2779,
      "Inner Unique": false
    },
    {
      "Parent Relationship": "Inner",
      "Total Cost": 0.05,
      "Scan Direction": "NoMovement",
      "Relation Name": "sailors",
      "Parallel Aware": false,
      "Alias": "s",
      "Node Type": "Index Scan",
      "Index Name": "idx_sailors_sid",
      "Plan Width": 25,
      "Startup Cost": 0.0,
      "Index Cond": "(sid \u003d r.sid)",
      "Plan Rows": 1
    }
  ],
  "Parallel Aware": false,
  "Node Type": "Nested Loop",
  "Join Type": "Inner",
  "Plan Width": 21,
  "Startup Cost": 779.21,
  "Plan Rows": 2778,
  "Inner Unique": true
}

------------------------------

Indicies Configuration #187:
Index hash on column sid in table sailors
Index hash on column color in table boat
Index hash on column sid in table reserves

------------------------------

1. The Total Cost of the Plan = 1226.58
2. The Estimated Size of the Result Set = 2778
3. The Plan of the Query:
{
  "Total Cost": 1226.58,
  "Plans": [
    {
      "Parent Relationship": "Outer",
      "Total Cost": 1097.16,
      "Plans": [
        {
          "Parent Relationship": "Outer",
          "Total Cost": 346.42,
          "Plans": [
            {
              "Parent Relationship": "Outer",
              "Total Cost": 231.99,
              "Relation Name": "reserves",
              "Parallel Aware": false,
              "Alias": "r",
              "Node Type": "Seq Scan",
              "Plan Width": 8,
              "Startup Cost": 0.0,
              "Plan Rows": 14999
            },
            {
              "Parent Relationship": "Inner",
              "Total Cost": 62.5,
              "Plans": [
                {
                  "Parent Relationship": "Outer",
                  "Total Cost": 62.5,
                  "Relation Name": "boat",
                  "Parallel Aware": false,
                  "Filter": "(color \u003d \u0027red\u0027::bpchar)",
                  "Alias": "b",
                  "Node Type": "Seq Scan",
                  "Plan Width": 4,
                  "Startup Cost": 0.0,
                  "Plan Rows": 1000
                }
              ],
              "Parallel Aware": false,
              "Node Type": "Hash",
              "Plan Width": 4,
              "Startup Cost": 62.5,
              "Plan Rows": 1000
            }
          ],
          "Parallel Aware": false,
          "Node Type": "Hash Join",
          "Join Type": "Inner",
          "Plan Width": 4,
          "Startup Cost": 75.0,
          "Hash Cond": "(r.bid \u003d b.bid)",
          "Plan Rows": 5000,
          "Inner Unique": true
        },
        {
          "Parent Relationship": "Inner",
          "Total Cost": 641.71,
          "Plans": [
            {
              "Parent Relationship": "Outer",
              "Total Cost": 641.71,
              "Plans": [
                {
                  "Parent Relationship": "Outer",
                  "Total Cost": 579.21,
                  "Plans": [
                    {
                      "Parent Relationship": "Outer",
                      "Total Cost": 346.42,
                      "Plans": [
                        {
                          "Parent Relationship": "Outer",
                          "Total Cost": 231.99,
                          "Relation Name": "reserves",
                          "Parallel Aware": false,
                          "Alias": "r2",
                          "Node Type": "Seq Scan",
                          "Plan Width": 8,
                          "Startup Cost": 0.0,
                          "Plan Rows": 14999
                        },
                        {
                          "Parent Relationship": "Inner",
                          "Total Cost": 62.5,
                          "Plans": [
                            {
                              "Parent Relationship": "Outer",
                              "Total Cost": 62.5,
                              "Relation Name": "boat",
                              "Parallel Aware": false,
                              "Filter": "(color \u003d \u0027green\u0027::bpchar)",
                              "Alias": "b2",
                              "Node Type": "Seq Scan",
                              "Plan Width": 4,
                              "Startup Cost": 0.0,
                              "Plan Rows": 1000
                            }
                          ],
                          "Parallel Aware": false,
                          "Node Type": "Hash",
                          "Plan Width": 4,
                          "Startup Cost": 62.5,
                          "Plan Rows": 1000
                        }
                      ],
                      "Parallel Aware": false,
                      "Node Type": "Hash Join",
                      "Join Type": "Inner",
                      "Plan Width": 4,
                      "Startup Cost": 75.0,
                      "Hash Cond": "(r2.bid \u003d b2.bid)",
                      "Plan Rows": 5000,
                      "Inner Unique": true
                    },
                    {
                      "Parent Relationship": "Inner",
                      "Total Cost": 0.05,
                      "Scan Direction": "NoMovement",
                      "Relation Name": "sailors",
                      "Parallel Aware": false,
                      "Alias": "s2",
                      "Node Type": "Index Scan",
                      "Index Name": "idx_sailors_sid",
                      "Plan Width": 4,
                      "Startup Cost": 0.0,
                      "Index Cond": "(sid \u003d r2.sid)",
                      "Plan Rows": 1
                    }
                  ],
                  "Parallel Aware": false,
                  "Node Type": "Nested Loop",
                  "Join Type": "Inner",
                  "Plan Width": 8,
                  "Startup Cost": 75.0,
                  "Plan Rows": 5000,
                  "Inner Unique": true
                }
              ],
              "Parallel Aware": false,
              "Node Type": "Aggregate",
              "Plan Width": 8,
              "Strategy": "Hashed",
              "Startup Cost": 591.71,
              "Group Key": [
                "s2.sid"
              ],
              "Plan Rows": 5000,
              "Partial Mode": "Simple"
            }
          ],
          "Parallel Aware": false,
          "Node Type": "Hash",
          "Plan Width": 8,
          "Startup Cost": 641.71,
          "Plan Rows": 5000
        }
      ],
      "Parallel Aware": false,
      "Node Type": "Hash Join",
      "Join Type": "Inner",
      "Plan Width": 12,
      "Startup Cost": 779.21,
      "Hash Cond": "(r.sid \u003d s2.sid)",
      "Plan Rows": 2779,
      "Inner Unique": false
    },
    {
      "Parent Relationship": "Inner",
      "Total Cost": 0.05,
      "Scan Direction": "NoMovement",
      "Relation Name": "sailors",
      "Parallel Aware": false,
      "Alias": "s",
      "Node Type": "Index Scan",
      "Index Name": "idx_sailors_sid",
      "Plan Width": 25,
      "Startup Cost": 0.0,
      "Index Cond": "(sid \u003d r.sid)",
      "Plan Rows": 1
    }
  ],
  "Parallel Aware": false,
  "Node Type": "Nested Loop",
  "Join Type": "Inner",
  "Plan Width": 21,
  "Startup Cost": 779.21,
  "Plan Rows": 2778,
  "Inner Unique": true
}

------------------------------

Indicies Configuration #188:
Index hash on column sid in table sailors
Index hash on column color in table boat
Index hash on column sid in table reserves
Index btree on column bid in table boat

------------------------------

1. The Total Cost of the Plan = 1226.58
2. The Estimated Size of the Result Set = 2778
3. The Plan of the Query:
{
  "Total Cost": 1226.58,
  "Plans": [
    {
      "Parent Relationship": "Outer",
      "Total Cost": 1097.16,
      "Plans": [
        {
          "Parent Relationship": "Outer",
          "Total Cost": 346.42,
          "Plans": [
            {
              "Parent Relationship": "Outer",
              "Total Cost": 231.99,
              "Relation Name": "reserves",
              "Parallel Aware": false,
              "Alias": "r",
              "Node Type": "Seq Scan",
              "Plan Width": 8,
              "Startup Cost": 0.0,
              "Plan Rows": 14999
            },
            {
              "Parent Relationship": "Inner",
              "Total Cost": 62.5,
              "Plans": [
                {
                  "Parent Relationship": "Outer",
                  "Total Cost": 62.5,
                  "Relation Name": "boat",
                  "Parallel Aware": false,
                  "Filter": "(color \u003d \u0027red\u0027::bpchar)",
                  "Alias": "b",
                  "Node Type": "Seq Scan",
                  "Plan Width": 4,
                  "Startup Cost": 0.0,
                  "Plan Rows": 1000
                }
              ],
              "Parallel Aware": false,
              "Node Type": "Hash",
              "Plan Width": 4,
              "Startup Cost": 62.5,
              "Plan Rows": 1000
            }
          ],
          "Parallel Aware": false,
          "Node Type": "Hash Join",
          "Join Type": "Inner",
          "Plan Width": 4,
          "Startup Cost": 75.0,
          "Hash Cond": "(r.bid \u003d b.bid)",
          "Plan Rows": 5000,
          "Inner Unique": true
        },
        {
          "Parent Relationship": "Inner",
          "Total Cost": 641.71,
          "Plans": [
            {
              "Parent Relationship": "Outer",
              "Total Cost": 641.71,
              "Plans": [
                {
                  "Parent Relationship": "Outer",
                  "Total Cost": 579.21,
                  "Plans": [
                    {
                      "Parent Relationship": "Outer",
                      "Total Cost": 346.42,
                      "Plans": [
                        {
                          "Parent Relationship": "Outer",
                          "Total Cost": 231.99,
                          "Relation Name": "reserves",
                          "Parallel Aware": false,
                          "Alias": "r2",
                          "Node Type": "Seq Scan",
                          "Plan Width": 8,
                          "Startup Cost": 0.0,
                          "Plan Rows": 14999
                        },
                        {
                          "Parent Relationship": "Inner",
                          "Total Cost": 62.5,
                          "Plans": [
                            {
                              "Parent Relationship": "Outer",
                              "Total Cost": 62.5,
                              "Relation Name": "boat",
                              "Parallel Aware": false,
                              "Filter": "(color \u003d \u0027green\u0027::bpchar)",
                              "Alias": "b2",
                              "Node Type": "Seq Scan",
                              "Plan Width": 4,
                              "Startup Cost": 0.0,
                              "Plan Rows": 1000
                            }
                          ],
                          "Parallel Aware": false,
                          "Node Type": "Hash",
                          "Plan Width": 4,
                          "Startup Cost": 62.5,
                          "Plan Rows": 1000
                        }
                      ],
                      "Parallel Aware": false,
                      "Node Type": "Hash Join",
                      "Join Type": "Inner",
                      "Plan Width": 4,
                      "Startup Cost": 75.0,
                      "Hash Cond": "(r2.bid \u003d b2.bid)",
                      "Plan Rows": 5000,
                      "Inner Unique": true
                    },
                    {
                      "Parent Relationship": "Inner",
                      "Total Cost": 0.05,
                      "Scan Direction": "NoMovement",
                      "Relation Name": "sailors",
                      "Parallel Aware": false,
                      "Alias": "s2",
                      "Node Type": "Index Scan",
                      "Index Name": "idx_sailors_sid",
                      "Plan Width": 4,
                      "Startup Cost": 0.0,
                      "Index Cond": "(sid \u003d r2.sid)",
                      "Plan Rows": 1
                    }
                  ],
                  "Parallel Aware": false,
                  "Node Type": "Nested Loop",
                  "Join Type": "Inner",
                  "Plan Width": 8,
                  "Startup Cost": 75.0,
                  "Plan Rows": 5000,
                  "Inner Unique": true
                }
              ],
              "Parallel Aware": false,
              "Node Type": "Aggregate",
              "Plan Width": 8,
              "Strategy": "Hashed",
              "Startup Cost": 591.71,
              "Group Key": [
                "s2.sid"
              ],
              "Plan Rows": 5000,
              "Partial Mode": "Simple"
            }
          ],
          "Parallel Aware": false,
          "Node Type": "Hash",
          "Plan Width": 8,
          "Startup Cost": 641.71,
          "Plan Rows": 5000
        }
      ],
      "Parallel Aware": false,
      "Node Type": "Hash Join",
      "Join Type": "Inner",
      "Plan Width": 12,
      "Startup Cost": 779.21,
      "Hash Cond": "(r.sid \u003d s2.sid)",
      "Plan Rows": 2779,
      "Inner Unique": false
    },
    {
      "Parent Relationship": "Inner",
      "Total Cost": 0.05,
      "Scan Direction": "NoMovement",
      "Relation Name": "sailors",
      "Parallel Aware": false,
      "Alias": "s",
      "Node Type": "Index Scan",
      "Index Name": "idx_sailors_sid",
      "Plan Width": 25,
      "Startup Cost": 0.0,
      "Index Cond": "(sid \u003d r.sid)",
      "Plan Rows": 1
    }
  ],
  "Parallel Aware": false,
  "Node Type": "Nested Loop",
  "Join Type": "Inner",
  "Plan Width": 21,
  "Startup Cost": 779.21,
  "Plan Rows": 2778,
  "Inner Unique": true
}

------------------------------

Indicies Configuration #189:
Index hash on column sid in table sailors
Index hash on column color in table boat
Index hash on column sid in table reserves
Index hash on column bid in table boat

------------------------------

1. The Total Cost of the Plan = 1226.58
2. The Estimated Size of the Result Set = 2778
3. The Plan of the Query:
{
  "Total Cost": 1226.58,
  "Plans": [
    {
      "Parent Relationship": "Outer",
      "Total Cost": 1097.16,
      "Plans": [
        {
          "Parent Relationship": "Outer",
          "Total Cost": 346.42,
          "Plans": [
            {
              "Parent Relationship": "Outer",
              "Total Cost": 231.99,
              "Relation Name": "reserves",
              "Parallel Aware": false,
              "Alias": "r",
              "Node Type": "Seq Scan",
              "Plan Width": 8,
              "Startup Cost": 0.0,
              "Plan Rows": 14999
            },
            {
              "Parent Relationship": "Inner",
              "Total Cost": 62.5,
              "Plans": [
                {
                  "Parent Relationship": "Outer",
                  "Total Cost": 62.5,
                  "Relation Name": "boat",
                  "Parallel Aware": false,
                  "Filter": "(color \u003d \u0027red\u0027::bpchar)",
                  "Alias": "b",
                  "Node Type": "Seq Scan",
                  "Plan Width": 4,
                  "Startup Cost": 0.0,
                  "Plan Rows": 1000
                }
              ],
              "Parallel Aware": false,
              "Node Type": "Hash",
              "Plan Width": 4,
              "Startup Cost": 62.5,
              "Plan Rows": 1000
            }
          ],
          "Parallel Aware": false,
          "Node Type": "Hash Join",
          "Join Type": "Inner",
          "Plan Width": 4,
          "Startup Cost": 75.0,
          "Hash Cond": "(r.bid \u003d b.bid)",
          "Plan Rows": 5000,
          "Inner Unique": true
        },
        {
          "Parent Relationship": "Inner",
          "Total Cost": 641.71,
          "Plans": [
            {
              "Parent Relationship": "Outer",
              "Total Cost": 641.71,
              "Plans": [
                {
                  "Parent Relationship": "Outer",
                  "Total Cost": 579.21,
                  "Plans": [
                    {
                      "Parent Relationship": "Outer",
                      "Total Cost": 346.42,
                      "Plans": [
                        {
                          "Parent Relationship": "Outer",
                          "Total Cost": 231.99,
                          "Relation Name": "reserves",
                          "Parallel Aware": false,
                          "Alias": "r2",
                          "Node Type": "Seq Scan",
                          "Plan Width": 8,
                          "Startup Cost": 0.0,
                          "Plan Rows": 14999
                        },
                        {
                          "Parent Relationship": "Inner",
                          "Total Cost": 62.5,
                          "Plans": [
                            {
                              "Parent Relationship": "Outer",
                              "Total Cost": 62.5,
                              "Relation Name": "boat",
                              "Parallel Aware": false,
                              "Filter": "(color \u003d \u0027green\u0027::bpchar)",
                              "Alias": "b2",
                              "Node Type": "Seq Scan",
                              "Plan Width": 4,
                              "Startup Cost": 0.0,
                              "Plan Rows": 1000
                            }
                          ],
                          "Parallel Aware": false,
                          "Node Type": "Hash",
                          "Plan Width": 4,
                          "Startup Cost": 62.5,
                          "Plan Rows": 1000
                        }
                      ],
                      "Parallel Aware": false,
                      "Node Type": "Hash Join",
                      "Join Type": "Inner",
                      "Plan Width": 4,
                      "Startup Cost": 75.0,
                      "Hash Cond": "(r2.bid \u003d b2.bid)",
                      "Plan Rows": 5000,
                      "Inner Unique": true
                    },
                    {
                      "Parent Relationship": "Inner",
                      "Total Cost": 0.05,
                      "Scan Direction": "NoMovement",
                      "Relation Name": "sailors",
                      "Parallel Aware": false,
                      "Alias": "s2",
                      "Node Type": "Index Scan",
                      "Index Name": "idx_sailors_sid",
                      "Plan Width": 4,
                      "Startup Cost": 0.0,
                      "Index Cond": "(sid \u003d r2.sid)",
                      "Plan Rows": 1
                    }
                  ],
                  "Parallel Aware": false,
                  "Node Type": "Nested Loop",
                  "Join Type": "Inner",
                  "Plan Width": 8,
                  "Startup Cost": 75.0,
                  "Plan Rows": 5000,
                  "Inner Unique": true
                }
              ],
              "Parallel Aware": false,
              "Node Type": "Aggregate",
              "Plan Width": 8,
              "Strategy": "Hashed",
              "Startup Cost": 591.71,
              "Group Key": [
                "s2.sid"
              ],
              "Plan Rows": 5000,
              "Partial Mode": "Simple"
            }
          ],
          "Parallel Aware": false,
          "Node Type": "Hash",
          "Plan Width": 8,
          "Startup Cost": 641.71,
          "Plan Rows": 5000
        }
      ],
      "Parallel Aware": false,
      "Node Type": "Hash Join",
      "Join Type": "Inner",
      "Plan Width": 12,
      "Startup Cost": 779.21,
      "Hash Cond": "(r.sid \u003d s2.sid)",
      "Plan Rows": 2779,
      "Inner Unique": false
    },
    {
      "Parent Relationship": "Inner",
      "Total Cost": 0.05,
      "Scan Direction": "NoMovement",
      "Relation Name": "sailors",
      "Parallel Aware": false,
      "Alias": "s",
      "Node Type": "Index Scan",
      "Index Name": "idx_sailors_sid",
      "Plan Width": 25,
      "Startup Cost": 0.0,
      "Index Cond": "(sid \u003d r.sid)",
      "Plan Rows": 1
    }
  ],
  "Parallel Aware": false,
  "Node Type": "Nested Loop",
  "Join Type": "Inner",
  "Plan Width": 21,
  "Startup Cost": 779.21,
  "Plan Rows": 2778,
  "Inner Unique": true
}

------------------------------

Indicies Configuration #190:
Index hash on column sid in table sailors
Index btree on column bid in table reserves

------------------------------

1. The Total Cost of the Plan = 1226.58
2. The Estimated Size of the Result Set = 2778
3. The Plan of the Query:
{
  "Total Cost": 1226.58,
  "Plans": [
    {
      "Parent Relationship": "Outer",
      "Total Cost": 1097.16,
      "Plans": [
        {
          "Parent Relationship": "Outer",
          "Total Cost": 346.42,
          "Plans": [
            {
              "Parent Relationship": "Outer",
              "Total Cost": 231.99,
              "Relation Name": "reserves",
              "Parallel Aware": false,
              "Alias": "r",
              "Node Type": "Seq Scan",
              "Plan Width": 8,
              "Startup Cost": 0.0,
              "Plan Rows": 14999
            },
            {
              "Parent Relationship": "Inner",
              "Total Cost": 62.5,
              "Plans": [
                {
                  "Parent Relationship": "Outer",
                  "Total Cost": 62.5,
                  "Relation Name": "boat",
                  "Parallel Aware": false,
                  "Filter": "(color \u003d \u0027red\u0027::bpchar)",
                  "Alias": "b",
                  "Node Type": "Seq Scan",
                  "Plan Width": 4,
                  "Startup Cost": 0.0,
                  "Plan Rows": 1000
                }
              ],
              "Parallel Aware": false,
              "Node Type": "Hash",
              "Plan Width": 4,
              "Startup Cost": 62.5,
              "Plan Rows": 1000
            }
          ],
          "Parallel Aware": false,
          "Node Type": "Hash Join",
          "Join Type": "Inner",
          "Plan Width": 4,
          "Startup Cost": 75.0,
          "Hash Cond": "(r.bid \u003d b.bid)",
          "Plan Rows": 5000,
          "Inner Unique": true
        },
        {
          "Parent Relationship": "Inner",
          "Total Cost": 641.71,
          "Plans": [
            {
              "Parent Relationship": "Outer",
              "Total Cost": 641.71,
              "Plans": [
                {
                  "Parent Relationship": "Outer",
                  "Total Cost": 579.21,
                  "Plans": [
                    {
                      "Parent Relationship": "Outer",
                      "Total Cost": 346.42,
                      "Plans": [
                        {
                          "Parent Relationship": "Outer",
                          "Total Cost": 231.99,
                          "Relation Name": "reserves",
                          "Parallel Aware": false,
                          "Alias": "r2",
                          "Node Type": "Seq Scan",
                          "Plan Width": 8,
                          "Startup Cost": 0.0,
                          "Plan Rows": 14999
                        },
                        {
                          "Parent Relationship": "Inner",
                          "Total Cost": 62.5,
                          "Plans": [
                            {
                              "Parent Relationship": "Outer",
                              "Total Cost": 62.5,
                              "Relation Name": "boat",
                              "Parallel Aware": false,
                              "Filter": "(color \u003d \u0027green\u0027::bpchar)",
                              "Alias": "b2",
                              "Node Type": "Seq Scan",
                              "Plan Width": 4,
                              "Startup Cost": 0.0,
                              "Plan Rows": 1000
                            }
                          ],
                          "Parallel Aware": false,
                          "Node Type": "Hash",
                          "Plan Width": 4,
                          "Startup Cost": 62.5,
                          "Plan Rows": 1000
                        }
                      ],
                      "Parallel Aware": false,
                      "Node Type": "Hash Join",
                      "Join Type": "Inner",
                      "Plan Width": 4,
                      "Startup Cost": 75.0,
                      "Hash Cond": "(r2.bid \u003d b2.bid)",
                      "Plan Rows": 5000,
                      "Inner Unique": true
                    },
                    {
                      "Parent Relationship": "Inner",
                      "Total Cost": 0.05,
                      "Scan Direction": "NoMovement",
                      "Relation Name": "sailors",
                      "Parallel Aware": false,
                      "Alias": "s2",
                      "Node Type": "Index Scan",
                      "Index Name": "idx_sailors_sid",
                      "Plan Width": 4,
                      "Startup Cost": 0.0,
                      "Index Cond": "(sid \u003d r2.sid)",
                      "Plan Rows": 1
                    }
                  ],
                  "Parallel Aware": false,
                  "Node Type": "Nested Loop",
                  "Join Type": "Inner",
                  "Plan Width": 8,
                  "Startup Cost": 75.0,
                  "Plan Rows": 5000,
                  "Inner Unique": true
                }
              ],
              "Parallel Aware": false,
              "Node Type": "Aggregate",
              "Plan Width": 8,
              "Strategy": "Hashed",
              "Startup Cost": 591.71,
              "Group Key": [
                "s2.sid"
              ],
              "Plan Rows": 5000,
              "Partial Mode": "Simple"
            }
          ],
          "Parallel Aware": false,
          "Node Type": "Hash",
          "Plan Width": 8,
          "Startup Cost": 641.71,
          "Plan Rows": 5000
        }
      ],
      "Parallel Aware": false,
      "Node Type": "Hash Join",
      "Join Type": "Inner",
      "Plan Width": 12,
      "Startup Cost": 779.21,
      "Hash Cond": "(r.sid \u003d s2.sid)",
      "Plan Rows": 2779,
      "Inner Unique": false
    },
    {
      "Parent Relationship": "Inner",
      "Total Cost": 0.05,
      "Scan Direction": "NoMovement",
      "Relation Name": "sailors",
      "Parallel Aware": false,
      "Alias": "s",
      "Node Type": "Index Scan",
      "Index Name": "idx_sailors_sid",
      "Plan Width": 25,
      "Startup Cost": 0.0,
      "Index Cond": "(sid \u003d r.sid)",
      "Plan Rows": 1
    }
  ],
  "Parallel Aware": false,
  "Node Type": "Nested Loop",
  "Join Type": "Inner",
  "Plan Width": 21,
  "Startup Cost": 779.21,
  "Plan Rows": 2778,
  "Inner Unique": true
}

------------------------------

Indicies Configuration #191:
Index hash on column sid in table sailors
Index btree on column bid in table reserves
Index btree on column bid in table boat

------------------------------

1. The Total Cost of the Plan = 1226.58
2. The Estimated Size of the Result Set = 2778
3. The Plan of the Query:
{
  "Total Cost": 1226.58,
  "Plans": [
    {
      "Parent Relationship": "Outer",
      "Total Cost": 1097.16,
      "Plans": [
        {
          "Parent Relationship": "Outer",
          "Total Cost": 346.42,
          "Plans": [
            {
              "Parent Relationship": "Outer",
              "Total Cost": 231.99,
              "Relation Name": "reserves",
              "Parallel Aware": false,
              "Alias": "r",
              "Node Type": "Seq Scan",
              "Plan Width": 8,
              "Startup Cost": 0.0,
              "Plan Rows": 14999
            },
            {
              "Parent Relationship": "Inner",
              "Total Cost": 62.5,
              "Plans": [
                {
                  "Parent Relationship": "Outer",
                  "Total Cost": 62.5,
                  "Relation Name": "boat",
                  "Parallel Aware": false,
                  "Filter": "(color \u003d \u0027red\u0027::bpchar)",
                  "Alias": "b",
                  "Node Type": "Seq Scan",
                  "Plan Width": 4,
                  "Startup Cost": 0.0,
                  "Plan Rows": 1000
                }
              ],
              "Parallel Aware": false,
              "Node Type": "Hash",
              "Plan Width": 4,
              "Startup Cost": 62.5,
              "Plan Rows": 1000
            }
          ],
          "Parallel Aware": false,
          "Node Type": "Hash Join",
          "Join Type": "Inner",
          "Plan Width": 4,
          "Startup Cost": 75.0,
          "Hash Cond": "(r.bid \u003d b.bid)",
          "Plan Rows": 5000,
          "Inner Unique": true
        },
        {
          "Parent Relationship": "Inner",
          "Total Cost": 641.71,
          "Plans": [
            {
              "Parent Relationship": "Outer",
              "Total Cost": 641.71,
              "Plans": [
                {
                  "Parent Relationship": "Outer",
                  "Total Cost": 579.21,
                  "Plans": [
                    {
                      "Parent Relationship": "Outer",
                      "Total Cost": 346.42,
                      "Plans": [
                        {
                          "Parent Relationship": "Outer",
                          "Total Cost": 231.99,
                          "Relation Name": "reserves",
                          "Parallel Aware": false,
                          "Alias": "r2",
                          "Node Type": "Seq Scan",
                          "Plan Width": 8,
                          "Startup Cost": 0.0,
                          "Plan Rows": 14999
                        },
                        {
                          "Parent Relationship": "Inner",
                          "Total Cost": 62.5,
                          "Plans": [
                            {
                              "Parent Relationship": "Outer",
                              "Total Cost": 62.5,
                              "Relation Name": "boat",
                              "Parallel Aware": false,
                              "Filter": "(color \u003d \u0027green\u0027::bpchar)",
                              "Alias": "b2",
                              "Node Type": "Seq Scan",
                              "Plan Width": 4,
                              "Startup Cost": 0.0,
                              "Plan Rows": 1000
                            }
                          ],
                          "Parallel Aware": false,
                          "Node Type": "Hash",
                          "Plan Width": 4,
                          "Startup Cost": 62.5,
                          "Plan Rows": 1000
                        }
                      ],
                      "Parallel Aware": false,
                      "Node Type": "Hash Join",
                      "Join Type": "Inner",
                      "Plan Width": 4,
                      "Startup Cost": 75.0,
                      "Hash Cond": "(r2.bid \u003d b2.bid)",
                      "Plan Rows": 5000,
                      "Inner Unique": true
                    },
                    {
                      "Parent Relationship": "Inner",
                      "Total Cost": 0.05,
                      "Scan Direction": "NoMovement",
                      "Relation Name": "sailors",
                      "Parallel Aware": false,
                      "Alias": "s2",
                      "Node Type": "Index Scan",
                      "Index Name": "idx_sailors_sid",
                      "Plan Width": 4,
                      "Startup Cost": 0.0,
                      "Index Cond": "(sid \u003d r2.sid)",
                      "Plan Rows": 1
                    }
                  ],
                  "Parallel Aware": false,
                  "Node Type": "Nested Loop",
                  "Join Type": "Inner",
                  "Plan Width": 8,
                  "Startup Cost": 75.0,
                  "Plan Rows": 5000,
                  "Inner Unique": true
                }
              ],
              "Parallel Aware": false,
              "Node Type": "Aggregate",
              "Plan Width": 8,
              "Strategy": "Hashed",
              "Startup Cost": 591.71,
              "Group Key": [
                "s2.sid"
              ],
              "Plan Rows": 5000,
              "Partial Mode": "Simple"
            }
          ],
          "Parallel Aware": false,
          "Node Type": "Hash",
          "Plan Width": 8,
          "Startup Cost": 641.71,
          "Plan Rows": 5000
        }
      ],
      "Parallel Aware": false,
      "Node Type": "Hash Join",
      "Join Type": "Inner",
      "Plan Width": 12,
      "Startup Cost": 779.21,
      "Hash Cond": "(r.sid \u003d s2.sid)",
      "Plan Rows": 2779,
      "Inner Unique": false
    },
    {
      "Parent Relationship": "Inner",
      "Total Cost": 0.05,
      "Scan Direction": "NoMovement",
      "Relation Name": "sailors",
      "Parallel Aware": false,
      "Alias": "s",
      "Node Type": "Index Scan",
      "Index Name": "idx_sailors_sid",
      "Plan Width": 25,
      "Startup Cost": 0.0,
      "Index Cond": "(sid \u003d r.sid)",
      "Plan Rows": 1
    }
  ],
  "Parallel Aware": false,
  "Node Type": "Nested Loop",
  "Join Type": "Inner",
  "Plan Width": 21,
  "Startup Cost": 779.21,
  "Plan Rows": 2778,
  "Inner Unique": true
}

------------------------------

Indicies Configuration #192:
Index hash on column sid in table sailors
Index btree on column bid in table reserves
Index hash on column bid in table boat

------------------------------

1. The Total Cost of the Plan = 1226.58
2. The Estimated Size of the Result Set = 2778
3. The Plan of the Query:
{
  "Total Cost": 1226.58,
  "Plans": [
    {
      "Parent Relationship": "Outer",
      "Total Cost": 1097.16,
      "Plans": [
        {
          "Parent Relationship": "Outer",
          "Total Cost": 346.42,
          "Plans": [
            {
              "Parent Relationship": "Outer",
              "Total Cost": 231.99,
              "Relation Name": "reserves",
              "Parallel Aware": false,
              "Alias": "r",
              "Node Type": "Seq Scan",
              "Plan Width": 8,
              "Startup Cost": 0.0,
              "Plan Rows": 14999
            },
            {
              "Parent Relationship": "Inner",
              "Total Cost": 62.5,
              "Plans": [
                {
                  "Parent Relationship": "Outer",
                  "Total Cost": 62.5,
                  "Relation Name": "boat",
                  "Parallel Aware": false,
                  "Filter": "(color \u003d \u0027red\u0027::bpchar)",
                  "Alias": "b",
                  "Node Type": "Seq Scan",
                  "Plan Width": 4,
                  "Startup Cost": 0.0,
                  "Plan Rows": 1000
                }
              ],
              "Parallel Aware": false,
              "Node Type": "Hash",
              "Plan Width": 4,
              "Startup Cost": 62.5,
              "Plan Rows": 1000
            }
          ],
          "Parallel Aware": false,
          "Node Type": "Hash Join",
          "Join Type": "Inner",
          "Plan Width": 4,
          "Startup Cost": 75.0,
          "Hash Cond": "(r.bid \u003d b.bid)",
          "Plan Rows": 5000,
          "Inner Unique": true
        },
        {
          "Parent Relationship": "Inner",
          "Total Cost": 641.71,
          "Plans": [
            {
              "Parent Relationship": "Outer",
              "Total Cost": 641.71,
              "Plans": [
                {
                  "Parent Relationship": "Outer",
                  "Total Cost": 579.21,
                  "Plans": [
                    {
                      "Parent Relationship": "Outer",
                      "Total Cost": 346.42,
                      "Plans": [
                        {
                          "Parent Relationship": "Outer",
                          "Total Cost": 231.99,
                          "Relation Name": "reserves",
                          "Parallel Aware": false,
                          "Alias": "r2",
                          "Node Type": "Seq Scan",
                          "Plan Width": 8,
                          "Startup Cost": 0.0,
                          "Plan Rows": 14999
                        },
                        {
                          "Parent Relationship": "Inner",
                          "Total Cost": 62.5,
                          "Plans": [
                            {
                              "Parent Relationship": "Outer",
                              "Total Cost": 62.5,
                              "Relation Name": "boat",
                              "Parallel Aware": false,
                              "Filter": "(color \u003d \u0027green\u0027::bpchar)",
                              "Alias": "b2",
                              "Node Type": "Seq Scan",
                              "Plan Width": 4,
                              "Startup Cost": 0.0,
                              "Plan Rows": 1000
                            }
                          ],
                          "Parallel Aware": false,
                          "Node Type": "Hash",
                          "Plan Width": 4,
                          "Startup Cost": 62.5,
                          "Plan Rows": 1000
                        }
                      ],
                      "Parallel Aware": false,
                      "Node Type": "Hash Join",
                      "Join Type": "Inner",
                      "Plan Width": 4,
                      "Startup Cost": 75.0,
                      "Hash Cond": "(r2.bid \u003d b2.bid)",
                      "Plan Rows": 5000,
                      "Inner Unique": true
                    },
                    {
                      "Parent Relationship": "Inner",
                      "Total Cost": 0.05,
                      "Scan Direction": "NoMovement",
                      "Relation Name": "sailors",
                      "Parallel Aware": false,
                      "Alias": "s2",
                      "Node Type": "Index Scan",
                      "Index Name": "idx_sailors_sid",
                      "Plan Width": 4,
                      "Startup Cost": 0.0,
                      "Index Cond": "(sid \u003d r2.sid)",
                      "Plan Rows": 1
                    }
                  ],
                  "Parallel Aware": false,
                  "Node Type": "Nested Loop",
                  "Join Type": "Inner",
                  "Plan Width": 8,
                  "Startup Cost": 75.0,
                  "Plan Rows": 5000,
                  "Inner Unique": true
                }
              ],
              "Parallel Aware": false,
              "Node Type": "Aggregate",
              "Plan Width": 8,
              "Strategy": "Hashed",
              "Startup Cost": 591.71,
              "Group Key": [
                "s2.sid"
              ],
              "Plan Rows": 5000,
              "Partial Mode": "Simple"
            }
          ],
          "Parallel Aware": false,
          "Node Type": "Hash",
          "Plan Width": 8,
          "Startup Cost": 641.71,
          "Plan Rows": 5000
        }
      ],
      "Parallel Aware": false,
      "Node Type": "Hash Join",
      "Join Type": "Inner",
      "Plan Width": 12,
      "Startup Cost": 779.21,
      "Hash Cond": "(r.sid \u003d s2.sid)",
      "Plan Rows": 2779,
      "Inner Unique": false
    },
    {
      "Parent Relationship": "Inner",
      "Total Cost": 0.05,
      "Scan Direction": "NoMovement",
      "Relation Name": "sailors",
      "Parallel Aware": false,
      "Alias": "s",
      "Node Type": "Index Scan",
      "Index Name": "idx_sailors_sid",
      "Plan Width": 25,
      "Startup Cost": 0.0,
      "Index Cond": "(sid \u003d r.sid)",
      "Plan Rows": 1
    }
  ],
  "Parallel Aware": false,
  "Node Type": "Nested Loop",
  "Join Type": "Inner",
  "Plan Width": 21,
  "Startup Cost": 779.21,
  "Plan Rows": 2778,
  "Inner Unique": true
}

------------------------------

Indicies Configuration #193:
Index hash on column sid in table sailors
Index btree on column bid in table reserves
Index btree on column sid in table reserves

------------------------------

1. The Total Cost of the Plan = 1226.58
2. The Estimated Size of the Result Set = 2778
3. The Plan of the Query:
{
  "Total Cost": 1226.58,
  "Plans": [
    {
      "Parent Relationship": "Outer",
      "Total Cost": 1097.16,
      "Plans": [
        {
          "Parent Relationship": "Outer",
          "Total Cost": 346.42,
          "Plans": [
            {
              "Parent Relationship": "Outer",
              "Total Cost": 231.99,
              "Relation Name": "reserves",
              "Parallel Aware": false,
              "Alias": "r",
              "Node Type": "Seq Scan",
              "Plan Width": 8,
              "Startup Cost": 0.0,
              "Plan Rows": 14999
            },
            {
              "Parent Relationship": "Inner",
              "Total Cost": 62.5,
              "Plans": [
                {
                  "Parent Relationship": "Outer",
                  "Total Cost": 62.5,
                  "Relation Name": "boat",
                  "Parallel Aware": false,
                  "Filter": "(color \u003d \u0027red\u0027::bpchar)",
                  "Alias": "b",
                  "Node Type": "Seq Scan",
                  "Plan Width": 4,
                  "Startup Cost": 0.0,
                  "Plan Rows": 1000
                }
              ],
              "Parallel Aware": false,
              "Node Type": "Hash",
              "Plan Width": 4,
              "Startup Cost": 62.5,
              "Plan Rows": 1000
            }
          ],
          "Parallel Aware": false,
          "Node Type": "Hash Join",
          "Join Type": "Inner",
          "Plan Width": 4,
          "Startup Cost": 75.0,
          "Hash Cond": "(r.bid \u003d b.bid)",
          "Plan Rows": 5000,
          "Inner Unique": true
        },
        {
          "Parent Relationship": "Inner",
          "Total Cost": 641.71,
          "Plans": [
            {
              "Parent Relationship": "Outer",
              "Total Cost": 641.71,
              "Plans": [
                {
                  "Parent Relationship": "Outer",
                  "Total Cost": 579.21,
                  "Plans": [
                    {
                      "Parent Relationship": "Outer",
                      "Total Cost": 346.42,
                      "Plans": [
                        {
                          "Parent Relationship": "Outer",
                          "Total Cost": 231.99,
                          "Relation Name": "reserves",
                          "Parallel Aware": false,
                          "Alias": "r2",
                          "Node Type": "Seq Scan",
                          "Plan Width": 8,
                          "Startup Cost": 0.0,
                          "Plan Rows": 14999
                        },
                        {
                          "Parent Relationship": "Inner",
                          "Total Cost": 62.5,
                          "Plans": [
                            {
                              "Parent Relationship": "Outer",
                              "Total Cost": 62.5,
                              "Relation Name": "boat",
                              "Parallel Aware": false,
                              "Filter": "(color \u003d \u0027green\u0027::bpchar)",
                              "Alias": "b2",
                              "Node Type": "Seq Scan",
                              "Plan Width": 4,
                              "Startup Cost": 0.0,
                              "Plan Rows": 1000
                            }
                          ],
                          "Parallel Aware": false,
                          "Node Type": "Hash",
                          "Plan Width": 4,
                          "Startup Cost": 62.5,
                          "Plan Rows": 1000
                        }
                      ],
                      "Parallel Aware": false,
                      "Node Type": "Hash Join",
                      "Join Type": "Inner",
                      "Plan Width": 4,
                      "Startup Cost": 75.0,
                      "Hash Cond": "(r2.bid \u003d b2.bid)",
                      "Plan Rows": 5000,
                      "Inner Unique": true
                    },
                    {
                      "Parent Relationship": "Inner",
                      "Total Cost": 0.05,
                      "Scan Direction": "NoMovement",
                      "Relation Name": "sailors",
                      "Parallel Aware": false,
                      "Alias": "s2",
                      "Node Type": "Index Scan",
                      "Index Name": "idx_sailors_sid",
                      "Plan Width": 4,
                      "Startup Cost": 0.0,
                      "Index Cond": "(sid \u003d r2.sid)",
                      "Plan Rows": 1
                    }
                  ],
                  "Parallel Aware": false,
                  "Node Type": "Nested Loop",
                  "Join Type": "Inner",
                  "Plan Width": 8,
                  "Startup Cost": 75.0,
                  "Plan Rows": 5000,
                  "Inner Unique": true
                }
              ],
              "Parallel Aware": false,
              "Node Type": "Aggregate",
              "Plan Width": 8,
              "Strategy": "Hashed",
              "Startup Cost": 591.71,
              "Group Key": [
                "s2.sid"
              ],
              "Plan Rows": 5000,
              "Partial Mode": "Simple"
            }
          ],
          "Parallel Aware": false,
          "Node Type": "Hash",
          "Plan Width": 8,
          "Startup Cost": 641.71,
          "Plan Rows": 5000
        }
      ],
      "Parallel Aware": false,
      "Node Type": "Hash Join",
      "Join Type": "Inner",
      "Plan Width": 12,
      "Startup Cost": 779.21,
      "Hash Cond": "(r.sid \u003d s2.sid)",
      "Plan Rows": 2779,
      "Inner Unique": false
    },
    {
      "Parent Relationship": "Inner",
      "Total Cost": 0.05,
      "Scan Direction": "NoMovement",
      "Relation Name": "sailors",
      "Parallel Aware": false,
      "Alias": "s",
      "Node Type": "Index Scan",
      "Index Name": "idx_sailors_sid",
      "Plan Width": 25,
      "Startup Cost": 0.0,
      "Index Cond": "(sid \u003d r.sid)",
      "Plan Rows": 1
    }
  ],
  "Parallel Aware": false,
  "Node Type": "Nested Loop",
  "Join Type": "Inner",
  "Plan Width": 21,
  "Startup Cost": 779.21,
  "Plan Rows": 2778,
  "Inner Unique": true
}

------------------------------

Indicies Configuration #194:
Index hash on column sid in table sailors
Index btree on column bid in table reserves
Index btree on column sid in table reserves
Index btree on column bid in table boat

------------------------------

1. The Total Cost of the Plan = 1226.58
2. The Estimated Size of the Result Set = 2778
3. The Plan of the Query:
{
  "Total Cost": 1226.58,
  "Plans": [
    {
      "Parent Relationship": "Outer",
      "Total Cost": 1097.16,
      "Plans": [
        {
          "Parent Relationship": "Outer",
          "Total Cost": 346.42,
          "Plans": [
            {
              "Parent Relationship": "Outer",
              "Total Cost": 231.99,
              "Relation Name": "reserves",
              "Parallel Aware": false,
              "Alias": "r",
              "Node Type": "Seq Scan",
              "Plan Width": 8,
              "Startup Cost": 0.0,
              "Plan Rows": 14999
            },
            {
              "Parent Relationship": "Inner",
              "Total Cost": 62.5,
              "Plans": [
                {
                  "Parent Relationship": "Outer",
                  "Total Cost": 62.5,
                  "Relation Name": "boat",
                  "Parallel Aware": false,
                  "Filter": "(color \u003d \u0027red\u0027::bpchar)",
                  "Alias": "b",
                  "Node Type": "Seq Scan",
                  "Plan Width": 4,
                  "Startup Cost": 0.0,
                  "Plan Rows": 1000
                }
              ],
              "Parallel Aware": false,
              "Node Type": "Hash",
              "Plan Width": 4,
              "Startup Cost": 62.5,
              "Plan Rows": 1000
            }
          ],
          "Parallel Aware": false,
          "Node Type": "Hash Join",
          "Join Type": "Inner",
          "Plan Width": 4,
          "Startup Cost": 75.0,
          "Hash Cond": "(r.bid \u003d b.bid)",
          "Plan Rows": 5000,
          "Inner Unique": true
        },
        {
          "Parent Relationship": "Inner",
          "Total Cost": 641.71,
          "Plans": [
            {
              "Parent Relationship": "Outer",
              "Total Cost": 641.71,
              "Plans": [
                {
                  "Parent Relationship": "Outer",
                  "Total Cost": 579.21,
                  "Plans": [
                    {
                      "Parent Relationship": "Outer",
                      "Total Cost": 346.42,
                      "Plans": [
                        {
                          "Parent Relationship": "Outer",
                          "Total Cost": 231.99,
                          "Relation Name": "reserves",
                          "Parallel Aware": false,
                          "Alias": "r2",
                          "Node Type": "Seq Scan",
                          "Plan Width": 8,
                          "Startup Cost": 0.0,
                          "Plan Rows": 14999
                        },
                        {
                          "Parent Relationship": "Inner",
                          "Total Cost": 62.5,
                          "Plans": [
                            {
                              "Parent Relationship": "Outer",
                              "Total Cost": 62.5,
                              "Relation Name": "boat",
                              "Parallel Aware": false,
                              "Filter": "(color \u003d \u0027green\u0027::bpchar)",
                              "Alias": "b2",
                              "Node Type": "Seq Scan",
                              "Plan Width": 4,
                              "Startup Cost": 0.0,
                              "Plan Rows": 1000
                            }
                          ],
                          "Parallel Aware": false,
                          "Node Type": "Hash",
                          "Plan Width": 4,
                          "Startup Cost": 62.5,
                          "Plan Rows": 1000
                        }
                      ],
                      "Parallel Aware": false,
                      "Node Type": "Hash Join",
                      "Join Type": "Inner",
                      "Plan Width": 4,
                      "Startup Cost": 75.0,
                      "Hash Cond": "(r2.bid \u003d b2.bid)",
                      "Plan Rows": 5000,
                      "Inner Unique": true
                    },
                    {
                      "Parent Relationship": "Inner",
                      "Total Cost": 0.05,
                      "Scan Direction": "NoMovement",
                      "Relation Name": "sailors",
                      "Parallel Aware": false,
                      "Alias": "s2",
                      "Node Type": "Index Scan",
                      "Index Name": "idx_sailors_sid",
                      "Plan Width": 4,
                      "Startup Cost": 0.0,
                      "Index Cond": "(sid \u003d r2.sid)",
                      "Plan Rows": 1
                    }
                  ],
                  "Parallel Aware": false,
                  "Node Type": "Nested Loop",
                  "Join Type": "Inner",
                  "Plan Width": 8,
                  "Startup Cost": 75.0,
                  "Plan Rows": 5000,
                  "Inner Unique": true
                }
              ],
              "Parallel Aware": false,
              "Node Type": "Aggregate",
              "Plan Width": 8,
              "Strategy": "Hashed",
              "Startup Cost": 591.71,
              "Group Key": [
                "s2.sid"
              ],
              "Plan Rows": 5000,
              "Partial Mode": "Simple"
            }
          ],
          "Parallel Aware": false,
          "Node Type": "Hash",
          "Plan Width": 8,
          "Startup Cost": 641.71,
          "Plan Rows": 5000
        }
      ],
      "Parallel Aware": false,
      "Node Type": "Hash Join",
      "Join Type": "Inner",
      "Plan Width": 12,
      "Startup Cost": 779.21,
      "Hash Cond": "(r.sid \u003d s2.sid)",
      "Plan Rows": 2779,
      "Inner Unique": false
    },
    {
      "Parent Relationship": "Inner",
      "Total Cost": 0.05,
      "Scan Direction": "NoMovement",
      "Relation Name": "sailors",
      "Parallel Aware": false,
      "Alias": "s",
      "Node Type": "Index Scan",
      "Index Name": "idx_sailors_sid",
      "Plan Width": 25,
      "Startup Cost": 0.0,
      "Index Cond": "(sid \u003d r.sid)",
      "Plan Rows": 1
    }
  ],
  "Parallel Aware": false,
  "Node Type": "Nested Loop",
  "Join Type": "Inner",
  "Plan Width": 21,
  "Startup Cost": 779.21,
  "Plan Rows": 2778,
  "Inner Unique": true
}

------------------------------

Indicies Configuration #195:
Index hash on column sid in table sailors
Index btree on column bid in table reserves
Index btree on column sid in table reserves
Index hash on column bid in table boat

------------------------------

1. The Total Cost of the Plan = 1226.58
2. The Estimated Size of the Result Set = 2778
3. The Plan of the Query:
{
  "Total Cost": 1226.58,
  "Plans": [
    {
      "Parent Relationship": "Outer",
      "Total Cost": 1097.16,
      "Plans": [
        {
          "Parent Relationship": "Outer",
          "Total Cost": 346.42,
          "Plans": [
            {
              "Parent Relationship": "Outer",
              "Total Cost": 231.99,
              "Relation Name": "reserves",
              "Parallel Aware": false,
              "Alias": "r",
              "Node Type": "Seq Scan",
              "Plan Width": 8,
              "Startup Cost": 0.0,
              "Plan Rows": 14999
            },
            {
              "Parent Relationship": "Inner",
              "Total Cost": 62.5,
              "Plans": [
                {
                  "Parent Relationship": "Outer",
                  "Total Cost": 62.5,
                  "Relation Name": "boat",
                  "Parallel Aware": false,
                  "Filter": "(color \u003d \u0027red\u0027::bpchar)",
                  "Alias": "b",
                  "Node Type": "Seq Scan",
                  "Plan Width": 4,
                  "Startup Cost": 0.0,
                  "Plan Rows": 1000
                }
              ],
              "Parallel Aware": false,
              "Node Type": "Hash",
              "Plan Width": 4,
              "Startup Cost": 62.5,
              "Plan Rows": 1000
            }
          ],
          "Parallel Aware": false,
          "Node Type": "Hash Join",
          "Join Type": "Inner",
          "Plan Width": 4,
          "Startup Cost": 75.0,
          "Hash Cond": "(r.bid \u003d b.bid)",
          "Plan Rows": 5000,
          "Inner Unique": true
        },
        {
          "Parent Relationship": "Inner",
          "Total Cost": 641.71,
          "Plans": [
            {
              "Parent Relationship": "Outer",
              "Total Cost": 641.71,
              "Plans": [
                {
                  "Parent Relationship": "Outer",
                  "Total Cost": 579.21,
                  "Plans": [
                    {
                      "Parent Relationship": "Outer",
                      "Total Cost": 346.42,
                      "Plans": [
                        {
                          "Parent Relationship": "Outer",
                          "Total Cost": 231.99,
                          "Relation Name": "reserves",
                          "Parallel Aware": false,
                          "Alias": "r2",
                          "Node Type": "Seq Scan",
                          "Plan Width": 8,
                          "Startup Cost": 0.0,
                          "Plan Rows": 14999
                        },
                        {
                          "Parent Relationship": "Inner",
                          "Total Cost": 62.5,
                          "Plans": [
                            {
                              "Parent Relationship": "Outer",
                              "Total Cost": 62.5,
                              "Relation Name": "boat",
                              "Parallel Aware": false,
                              "Filter": "(color \u003d \u0027green\u0027::bpchar)",
                              "Alias": "b2",
                              "Node Type": "Seq Scan",
                              "Plan Width": 4,
                              "Startup Cost": 0.0,
                              "Plan Rows": 1000
                            }
                          ],
                          "Parallel Aware": false,
                          "Node Type": "Hash",
                          "Plan Width": 4,
                          "Startup Cost": 62.5,
                          "Plan Rows": 1000
                        }
                      ],
                      "Parallel Aware": false,
                      "Node Type": "Hash Join",
                      "Join Type": "Inner",
                      "Plan Width": 4,
                      "Startup Cost": 75.0,
                      "Hash Cond": "(r2.bid \u003d b2.bid)",
                      "Plan Rows": 5000,
                      "Inner Unique": true
                    },
                    {
                      "Parent Relationship": "Inner",
                      "Total Cost": 0.05,
                      "Scan Direction": "NoMovement",
                      "Relation Name": "sailors",
                      "Parallel Aware": false,
                      "Alias": "s2",
                      "Node Type": "Index Scan",
                      "Index Name": "idx_sailors_sid",
                      "Plan Width": 4,
                      "Startup Cost": 0.0,
                      "Index Cond": "(sid \u003d r2.sid)",
                      "Plan Rows": 1
                    }
                  ],
                  "Parallel Aware": false,
                  "Node Type": "Nested Loop",
                  "Join Type": "Inner",
                  "Plan Width": 8,
                  "Startup Cost": 75.0,
                  "Plan Rows": 5000,
                  "Inner Unique": true
                }
              ],
              "Parallel Aware": false,
              "Node Type": "Aggregate",
              "Plan Width": 8,
              "Strategy": "Hashed",
              "Startup Cost": 591.71,
              "Group Key": [
                "s2.sid"
              ],
              "Plan Rows": 5000,
              "Partial Mode": "Simple"
            }
          ],
          "Parallel Aware": false,
          "Node Type": "Hash",
          "Plan Width": 8,
          "Startup Cost": 641.71,
          "Plan Rows": 5000
        }
      ],
      "Parallel Aware": false,
      "Node Type": "Hash Join",
      "Join Type": "Inner",
      "Plan Width": 12,
      "Startup Cost": 779.21,
      "Hash Cond": "(r.sid \u003d s2.sid)",
      "Plan Rows": 2779,
      "Inner Unique": false
    },
    {
      "Parent Relationship": "Inner",
      "Total Cost": 0.05,
      "Scan Direction": "NoMovement",
      "Relation Name": "sailors",
      "Parallel Aware": false,
      "Alias": "s",
      "Node Type": "Index Scan",
      "Index Name": "idx_sailors_sid",
      "Plan Width": 25,
      "Startup Cost": 0.0,
      "Index Cond": "(sid \u003d r.sid)",
      "Plan Rows": 1
    }
  ],
  "Parallel Aware": false,
  "Node Type": "Nested Loop",
  "Join Type": "Inner",
  "Plan Width": 21,
  "Startup Cost": 779.21,
  "Plan Rows": 2778,
  "Inner Unique": true
}

------------------------------

Indicies Configuration #196:
Index hash on column sid in table sailors
Index btree on column bid in table reserves
Index hash on column sid in table reserves

------------------------------

1. The Total Cost of the Plan = 1226.58
2. The Estimated Size of the Result Set = 2778
3. The Plan of the Query:
{
  "Total Cost": 1226.58,
  "Plans": [
    {
      "Parent Relationship": "Outer",
      "Total Cost": 1097.16,
      "Plans": [
        {
          "Parent Relationship": "Outer",
          "Total Cost": 346.42,
          "Plans": [
            {
              "Parent Relationship": "Outer",
              "Total Cost": 231.99,
              "Relation Name": "reserves",
              "Parallel Aware": false,
              "Alias": "r",
              "Node Type": "Seq Scan",
              "Plan Width": 8,
              "Startup Cost": 0.0,
              "Plan Rows": 14999
            },
            {
              "Parent Relationship": "Inner",
              "Total Cost": 62.5,
              "Plans": [
                {
                  "Parent Relationship": "Outer",
                  "Total Cost": 62.5,
                  "Relation Name": "boat",
                  "Parallel Aware": false,
                  "Filter": "(color \u003d \u0027red\u0027::bpchar)",
                  "Alias": "b",
                  "Node Type": "Seq Scan",
                  "Plan Width": 4,
                  "Startup Cost": 0.0,
                  "Plan Rows": 1000
                }
              ],
              "Parallel Aware": false,
              "Node Type": "Hash",
              "Plan Width": 4,
              "Startup Cost": 62.5,
              "Plan Rows": 1000
            }
          ],
          "Parallel Aware": false,
          "Node Type": "Hash Join",
          "Join Type": "Inner",
          "Plan Width": 4,
          "Startup Cost": 75.0,
          "Hash Cond": "(r.bid \u003d b.bid)",
          "Plan Rows": 5000,
          "Inner Unique": true
        },
        {
          "Parent Relationship": "Inner",
          "Total Cost": 641.71,
          "Plans": [
            {
              "Parent Relationship": "Outer",
              "Total Cost": 641.71,
              "Plans": [
                {
                  "Parent Relationship": "Outer",
                  "Total Cost": 579.21,
                  "Plans": [
                    {
                      "Parent Relationship": "Outer",
                      "Total Cost": 346.42,
                      "Plans": [
                        {
                          "Parent Relationship": "Outer",
                          "Total Cost": 231.99,
                          "Relation Name": "reserves",
                          "Parallel Aware": false,
                          "Alias": "r2",
                          "Node Type": "Seq Scan",
                          "Plan Width": 8,
                          "Startup Cost": 0.0,
                          "Plan Rows": 14999
                        },
                        {
                          "Parent Relationship": "Inner",
                          "Total Cost": 62.5,
                          "Plans": [
                            {
                              "Parent Relationship": "Outer",
                              "Total Cost": 62.5,
                              "Relation Name": "boat",
                              "Parallel Aware": false,
                              "Filter": "(color \u003d \u0027green\u0027::bpchar)",
                              "Alias": "b2",
                              "Node Type": "Seq Scan",
                              "Plan Width": 4,
                              "Startup Cost": 0.0,
                              "Plan Rows": 1000
                            }
                          ],
                          "Parallel Aware": false,
                          "Node Type": "Hash",
                          "Plan Width": 4,
                          "Startup Cost": 62.5,
                          "Plan Rows": 1000
                        }
                      ],
                      "Parallel Aware": false,
                      "Node Type": "Hash Join",
                      "Join Type": "Inner",
                      "Plan Width": 4,
                      "Startup Cost": 75.0,
                      "Hash Cond": "(r2.bid \u003d b2.bid)",
                      "Plan Rows": 5000,
                      "Inner Unique": true
                    },
                    {
                      "Parent Relationship": "Inner",
                      "Total Cost": 0.05,
                      "Scan Direction": "NoMovement",
                      "Relation Name": "sailors",
                      "Parallel Aware": false,
                      "Alias": "s2",
                      "Node Type": "Index Scan",
                      "Index Name": "idx_sailors_sid",
                      "Plan Width": 4,
                      "Startup Cost": 0.0,
                      "Index Cond": "(sid \u003d r2.sid)",
                      "Plan Rows": 1
                    }
                  ],
                  "Parallel Aware": false,
                  "Node Type": "Nested Loop",
                  "Join Type": "Inner",
                  "Plan Width": 8,
                  "Startup Cost": 75.0,
                  "Plan Rows": 5000,
                  "Inner Unique": true
                }
              ],
              "Parallel Aware": false,
              "Node Type": "Aggregate",
              "Plan Width": 8,
              "Strategy": "Hashed",
              "Startup Cost": 591.71,
              "Group Key": [
                "s2.sid"
              ],
              "Plan Rows": 5000,
              "Partial Mode": "Simple"
            }
          ],
          "Parallel Aware": false,
          "Node Type": "Hash",
          "Plan Width": 8,
          "Startup Cost": 641.71,
          "Plan Rows": 5000
        }
      ],
      "Parallel Aware": false,
      "Node Type": "Hash Join",
      "Join Type": "Inner",
      "Plan Width": 12,
      "Startup Cost": 779.21,
      "Hash Cond": "(r.sid \u003d s2.sid)",
      "Plan Rows": 2779,
      "Inner Unique": false
    },
    {
      "Parent Relationship": "Inner",
      "Total Cost": 0.05,
      "Scan Direction": "NoMovement",
      "Relation Name": "sailors",
      "Parallel Aware": false,
      "Alias": "s",
      "Node Type": "Index Scan",
      "Index Name": "idx_sailors_sid",
      "Plan Width": 25,
      "Startup Cost": 0.0,
      "Index Cond": "(sid \u003d r.sid)",
      "Plan Rows": 1
    }
  ],
  "Parallel Aware": false,
  "Node Type": "Nested Loop",
  "Join Type": "Inner",
  "Plan Width": 21,
  "Startup Cost": 779.21,
  "Plan Rows": 2778,
  "Inner Unique": true
}

------------------------------

Indicies Configuration #197:
Index hash on column sid in table sailors
Index btree on column bid in table reserves
Index hash on column sid in table reserves
Index btree on column bid in table boat

------------------------------

1. The Total Cost of the Plan = 1226.58
2. The Estimated Size of the Result Set = 2778
3. The Plan of the Query:
{
  "Total Cost": 1226.58,
  "Plans": [
    {
      "Parent Relationship": "Outer",
      "Total Cost": 1097.16,
      "Plans": [
        {
          "Parent Relationship": "Outer",
          "Total Cost": 346.42,
          "Plans": [
            {
              "Parent Relationship": "Outer",
              "Total Cost": 231.99,
              "Relation Name": "reserves",
              "Parallel Aware": false,
              "Alias": "r",
              "Node Type": "Seq Scan",
              "Plan Width": 8,
              "Startup Cost": 0.0,
              "Plan Rows": 14999
            },
            {
              "Parent Relationship": "Inner",
              "Total Cost": 62.5,
              "Plans": [
                {
                  "Parent Relationship": "Outer",
                  "Total Cost": 62.5,
                  "Relation Name": "boat",
                  "Parallel Aware": false,
                  "Filter": "(color \u003d \u0027red\u0027::bpchar)",
                  "Alias": "b",
                  "Node Type": "Seq Scan",
                  "Plan Width": 4,
                  "Startup Cost": 0.0,
                  "Plan Rows": 1000
                }
              ],
              "Parallel Aware": false,
              "Node Type": "Hash",
              "Plan Width": 4,
              "Startup Cost": 62.5,
              "Plan Rows": 1000
            }
          ],
          "Parallel Aware": false,
          "Node Type": "Hash Join",
          "Join Type": "Inner",
          "Plan Width": 4,
          "Startup Cost": 75.0,
          "Hash Cond": "(r.bid \u003d b.bid)",
          "Plan Rows": 5000,
          "Inner Unique": true
        },
        {
          "Parent Relationship": "Inner",
          "Total Cost": 641.71,
          "Plans": [
            {
              "Parent Relationship": "Outer",
              "Total Cost": 641.71,
              "Plans": [
                {
                  "Parent Relationship": "Outer",
                  "Total Cost": 579.21,
                  "Plans": [
                    {
                      "Parent Relationship": "Outer",
                      "Total Cost": 346.42,
                      "Plans": [
                        {
                          "Parent Relationship": "Outer",
                          "Total Cost": 231.99,
                          "Relation Name": "reserves",
                          "Parallel Aware": false,
                          "Alias": "r2",
                          "Node Type": "Seq Scan",
                          "Plan Width": 8,
                          "Startup Cost": 0.0,
                          "Plan Rows": 14999
                        },
                        {
                          "Parent Relationship": "Inner",
                          "Total Cost": 62.5,
                          "Plans": [
                            {
                              "Parent Relationship": "Outer",
                              "Total Cost": 62.5,
                              "Relation Name": "boat",
                              "Parallel Aware": false,
                              "Filter": "(color \u003d \u0027green\u0027::bpchar)",
                              "Alias": "b2",
                              "Node Type": "Seq Scan",
                              "Plan Width": 4,
                              "Startup Cost": 0.0,
                              "Plan Rows": 1000
                            }
                          ],
                          "Parallel Aware": false,
                          "Node Type": "Hash",
                          "Plan Width": 4,
                          "Startup Cost": 62.5,
                          "Plan Rows": 1000
                        }
                      ],
                      "Parallel Aware": false,
                      "Node Type": "Hash Join",
                      "Join Type": "Inner",
                      "Plan Width": 4,
                      "Startup Cost": 75.0,
                      "Hash Cond": "(r2.bid \u003d b2.bid)",
                      "Plan Rows": 5000,
                      "Inner Unique": true
                    },
                    {
                      "Parent Relationship": "Inner",
                      "Total Cost": 0.05,
                      "Scan Direction": "NoMovement",
                      "Relation Name": "sailors",
                      "Parallel Aware": false,
                      "Alias": "s2",
                      "Node Type": "Index Scan",
                      "Index Name": "idx_sailors_sid",
                      "Plan Width": 4,
                      "Startup Cost": 0.0,
                      "Index Cond": "(sid \u003d r2.sid)",
                      "Plan Rows": 1
                    }
                  ],
                  "Parallel Aware": false,
                  "Node Type": "Nested Loop",
                  "Join Type": "Inner",
                  "Plan Width": 8,
                  "Startup Cost": 75.0,
                  "Plan Rows": 5000,
                  "Inner Unique": true
                }
              ],
              "Parallel Aware": false,
              "Node Type": "Aggregate",
              "Plan Width": 8,
              "Strategy": "Hashed",
              "Startup Cost": 591.71,
              "Group Key": [
                "s2.sid"
              ],
              "Plan Rows": 5000,
              "Partial Mode": "Simple"
            }
          ],
          "Parallel Aware": false,
          "Node Type": "Hash",
          "Plan Width": 8,
          "Startup Cost": 641.71,
          "Plan Rows": 5000
        }
      ],
      "Parallel Aware": false,
      "Node Type": "Hash Join",
      "Join Type": "Inner",
      "Plan Width": 12,
      "Startup Cost": 779.21,
      "Hash Cond": "(r.sid \u003d s2.sid)",
      "Plan Rows": 2779,
      "Inner Unique": false
    },
    {
      "Parent Relationship": "Inner",
      "Total Cost": 0.05,
      "Scan Direction": "NoMovement",
      "Relation Name": "sailors",
      "Parallel Aware": false,
      "Alias": "s",
      "Node Type": "Index Scan",
      "Index Name": "idx_sailors_sid",
      "Plan Width": 25,
      "Startup Cost": 0.0,
      "Index Cond": "(sid \u003d r.sid)",
      "Plan Rows": 1
    }
  ],
  "Parallel Aware": false,
  "Node Type": "Nested Loop",
  "Join Type": "Inner",
  "Plan Width": 21,
  "Startup Cost": 779.21,
  "Plan Rows": 2778,
  "Inner Unique": true
}

------------------------------

Indicies Configuration #198:
Index hash on column sid in table sailors
Index btree on column bid in table reserves
Index hash on column sid in table reserves
Index hash on column bid in table boat

------------------------------

1. The Total Cost of the Plan = 1226.58
2. The Estimated Size of the Result Set = 2778
3. The Plan of the Query:
{
  "Total Cost": 1226.58,
  "Plans": [
    {
      "Parent Relationship": "Outer",
      "Total Cost": 1097.16,
      "Plans": [
        {
          "Parent Relationship": "Outer",
          "Total Cost": 346.42,
          "Plans": [
            {
              "Parent Relationship": "Outer",
              "Total Cost": 231.99,
              "Relation Name": "reserves",
              "Parallel Aware": false,
              "Alias": "r",
              "Node Type": "Seq Scan",
              "Plan Width": 8,
              "Startup Cost": 0.0,
              "Plan Rows": 14999
            },
            {
              "Parent Relationship": "Inner",
              "Total Cost": 62.5,
              "Plans": [
                {
                  "Parent Relationship": "Outer",
                  "Total Cost": 62.5,
                  "Relation Name": "boat",
                  "Parallel Aware": false,
                  "Filter": "(color \u003d \u0027red\u0027::bpchar)",
                  "Alias": "b",
                  "Node Type": "Seq Scan",
                  "Plan Width": 4,
                  "Startup Cost": 0.0,
                  "Plan Rows": 1000
                }
              ],
              "Parallel Aware": false,
              "Node Type": "Hash",
              "Plan Width": 4,
              "Startup Cost": 62.5,
              "Plan Rows": 1000
            }
          ],
          "Parallel Aware": false,
          "Node Type": "Hash Join",
          "Join Type": "Inner",
          "Plan Width": 4,
          "Startup Cost": 75.0,
          "Hash Cond": "(r.bid \u003d b.bid)",
          "Plan Rows": 5000,
          "Inner Unique": true
        },
        {
          "Parent Relationship": "Inner",
          "Total Cost": 641.71,
          "Plans": [
            {
              "Parent Relationship": "Outer",
              "Total Cost": 641.71,
              "Plans": [
                {
                  "Parent Relationship": "Outer",
                  "Total Cost": 579.21,
                  "Plans": [
                    {
                      "Parent Relationship": "Outer",
                      "Total Cost": 346.42,
                      "Plans": [
                        {
                          "Parent Relationship": "Outer",
                          "Total Cost": 231.99,
                          "Relation Name": "reserves",
                          "Parallel Aware": false,
                          "Alias": "r2",
                          "Node Type": "Seq Scan",
                          "Plan Width": 8,
                          "Startup Cost": 0.0,
                          "Plan Rows": 14999
                        },
                        {
                          "Parent Relationship": "Inner",
                          "Total Cost": 62.5,
                          "Plans": [
                            {
                              "Parent Relationship": "Outer",
                              "Total Cost": 62.5,
                              "Relation Name": "boat",
                              "Parallel Aware": false,
                              "Filter": "(color \u003d \u0027green\u0027::bpchar)",
                              "Alias": "b2",
                              "Node Type": "Seq Scan",
                              "Plan Width": 4,
                              "Startup Cost": 0.0,
                              "Plan Rows": 1000
                            }
                          ],
                          "Parallel Aware": false,
                          "Node Type": "Hash",
                          "Plan Width": 4,
                          "Startup Cost": 62.5,
                          "Plan Rows": 1000
                        }
                      ],
                      "Parallel Aware": false,
                      "Node Type": "Hash Join",
                      "Join Type": "Inner",
                      "Plan Width": 4,
                      "Startup Cost": 75.0,
                      "Hash Cond": "(r2.bid \u003d b2.bid)",
                      "Plan Rows": 5000,
                      "Inner Unique": true
                    },
                    {
                      "Parent Relationship": "Inner",
                      "Total Cost": 0.05,
                      "Scan Direction": "NoMovement",
                      "Relation Name": "sailors",
                      "Parallel Aware": false,
                      "Alias": "s2",
                      "Node Type": "Index Scan",
                      "Index Name": "idx_sailors_sid",
                      "Plan Width": 4,
                      "Startup Cost": 0.0,
                      "Index Cond": "(sid \u003d r2.sid)",
                      "Plan Rows": 1
                    }
                  ],
                  "Parallel Aware": false,
                  "Node Type": "Nested Loop",
                  "Join Type": "Inner",
                  "Plan Width": 8,
                  "Startup Cost": 75.0,
                  "Plan Rows": 5000,
                  "Inner Unique": true
                }
              ],
              "Parallel Aware": false,
              "Node Type": "Aggregate",
              "Plan Width": 8,
              "Strategy": "Hashed",
              "Startup Cost": 591.71,
              "Group Key": [
                "s2.sid"
              ],
              "Plan Rows": 5000,
              "Partial Mode": "Simple"
            }
          ],
          "Parallel Aware": false,
          "Node Type": "Hash",
          "Plan Width": 8,
          "Startup Cost": 641.71,
          "Plan Rows": 5000
        }
      ],
      "Parallel Aware": false,
      "Node Type": "Hash Join",
      "Join Type": "Inner",
      "Plan Width": 12,
      "Startup Cost": 779.21,
      "Hash Cond": "(r.sid \u003d s2.sid)",
      "Plan Rows": 2779,
      "Inner Unique": false
    },
    {
      "Parent Relationship": "Inner",
      "Total Cost": 0.05,
      "Scan Direction": "NoMovement",
      "Relation Name": "sailors",
      "Parallel Aware": false,
      "Alias": "s",
      "Node Type": "Index Scan",
      "Index Name": "idx_sailors_sid",
      "Plan Width": 25,
      "Startup Cost": 0.0,
      "Index Cond": "(sid \u003d r.sid)",
      "Plan Rows": 1
    }
  ],
  "Parallel Aware": false,
  "Node Type": "Nested Loop",
  "Join Type": "Inner",
  "Plan Width": 21,
  "Startup Cost": 779.21,
  "Plan Rows": 2778,
  "Inner Unique": true
}

------------------------------

Indicies Configuration #199:
Index hash on column sid in table sailors
Index btree on column bid in table reserves
Index btree on column color in table boat

------------------------------

1. The Total Cost of the Plan = 1226.58
2. The Estimated Size of the Result Set = 2778
3. The Plan of the Query:
{
  "Total Cost": 1226.58,
  "Plans": [
    {
      "Parent Relationship": "Outer",
      "Total Cost": 1097.16,
      "Plans": [
        {
          "Parent Relationship": "Outer",
          "Total Cost": 346.42,
          "Plans": [
            {
              "Parent Relationship": "Outer",
              "Total Cost": 231.99,
              "Relation Name": "reserves",
              "Parallel Aware": false,
              "Alias": "r",
              "Node Type": "Seq Scan",
              "Plan Width": 8,
              "Startup Cost": 0.0,
              "Plan Rows": 14999
            },
            {
              "Parent Relationship": "Inner",
              "Total Cost": 62.5,
              "Plans": [
                {
                  "Parent Relationship": "Outer",
                  "Total Cost": 62.5,
                  "Relation Name": "boat",
                  "Parallel Aware": false,
                  "Filter": "(color \u003d \u0027red\u0027::bpchar)",
                  "Alias": "b",
                  "Node Type": "Seq Scan",
                  "Plan Width": 4,
                  "Startup Cost": 0.0,
                  "Plan Rows": 1000
                }
              ],
              "Parallel Aware": false,
              "Node Type": "Hash",
              "Plan Width": 4,
              "Startup Cost": 62.5,
              "Plan Rows": 1000
            }
          ],
          "Parallel Aware": false,
          "Node Type": "Hash Join",
          "Join Type": "Inner",
          "Plan Width": 4,
          "Startup Cost": 75.0,
          "Hash Cond": "(r.bid \u003d b.bid)",
          "Plan Rows": 5000,
          "Inner Unique": true
        },
        {
          "Parent Relationship": "Inner",
          "Total Cost": 641.71,
          "Plans": [
            {
              "Parent Relationship": "Outer",
              "Total Cost": 641.71,
              "Plans": [
                {
                  "Parent Relationship": "Outer",
                  "Total Cost": 579.21,
                  "Plans": [
                    {
                      "Parent Relationship": "Outer",
                      "Total Cost": 346.42,
                      "Plans": [
                        {
                          "Parent Relationship": "Outer",
                          "Total Cost": 231.99,
                          "Relation Name": "reserves",
                          "Parallel Aware": false,
                          "Alias": "r2",
                          "Node Type": "Seq Scan",
                          "Plan Width": 8,
                          "Startup Cost": 0.0,
                          "Plan Rows": 14999
                        },
                        {
                          "Parent Relationship": "Inner",
                          "Total Cost": 62.5,
                          "Plans": [
                            {
                              "Parent Relationship": "Outer",
                              "Total Cost": 62.5,
                              "Relation Name": "boat",
                              "Parallel Aware": false,
                              "Filter": "(color \u003d \u0027green\u0027::bpchar)",
                              "Alias": "b2",
                              "Node Type": "Seq Scan",
                              "Plan Width": 4,
                              "Startup Cost": 0.0,
                              "Plan Rows": 1000
                            }
                          ],
                          "Parallel Aware": false,
                          "Node Type": "Hash",
                          "Plan Width": 4,
                          "Startup Cost": 62.5,
                          "Plan Rows": 1000
                        }
                      ],
                      "Parallel Aware": false,
                      "Node Type": "Hash Join",
                      "Join Type": "Inner",
                      "Plan Width": 4,
                      "Startup Cost": 75.0,
                      "Hash Cond": "(r2.bid \u003d b2.bid)",
                      "Plan Rows": 5000,
                      "Inner Unique": true
                    },
                    {
                      "Parent Relationship": "Inner",
                      "Total Cost": 0.05,
                      "Scan Direction": "NoMovement",
                      "Relation Name": "sailors",
                      "Parallel Aware": false,
                      "Alias": "s2",
                      "Node Type": "Index Scan",
                      "Index Name": "idx_sailors_sid",
                      "Plan Width": 4,
                      "Startup Cost": 0.0,
                      "Index Cond": "(sid \u003d r2.sid)",
                      "Plan Rows": 1
                    }
                  ],
                  "Parallel Aware": false,
                  "Node Type": "Nested Loop",
                  "Join Type": "Inner",
                  "Plan Width": 8,
                  "Startup Cost": 75.0,
                  "Plan Rows": 5000,
                  "Inner Unique": true
                }
              ],
              "Parallel Aware": false,
              "Node Type": "Aggregate",
              "Plan Width": 8,
              "Strategy": "Hashed",
              "Startup Cost": 591.71,
              "Group Key": [
                "s2.sid"
              ],
              "Plan Rows": 5000,
              "Partial Mode": "Simple"
            }
          ],
          "Parallel Aware": false,
          "Node Type": "Hash",
          "Plan Width": 8,
          "Startup Cost": 641.71,
          "Plan Rows": 5000
        }
      ],
      "Parallel Aware": false,
      "Node Type": "Hash Join",
      "Join Type": "Inner",
      "Plan Width": 12,
      "Startup Cost": 779.21,
      "Hash Cond": "(r.sid \u003d s2.sid)",
      "Plan Rows": 2779,
      "Inner Unique": false
    },
    {
      "Parent Relationship": "Inner",
      "Total Cost": 0.05,
      "Scan Direction": "NoMovement",
      "Relation Name": "sailors",
      "Parallel Aware": false,
      "Alias": "s",
      "Node Type": "Index Scan",
      "Index Name": "idx_sailors_sid",
      "Plan Width": 25,
      "Startup Cost": 0.0,
      "Index Cond": "(sid \u003d r.sid)",
      "Plan Rows": 1
    }
  ],
  "Parallel Aware": false,
  "Node Type": "Nested Loop",
  "Join Type": "Inner",
  "Plan Width": 21,
  "Startup Cost": 779.21,
  "Plan Rows": 2778,
  "Inner Unique": true
}

------------------------------

Indicies Configuration #200:
Index hash on column sid in table sailors
Index btree on column bid in table reserves
Index btree on column color in table boat
Index btree on column bid in table boat

------------------------------

1. The Total Cost of the Plan = 1226.58
2. The Estimated Size of the Result Set = 2778
3. The Plan of the Query:
{
  "Total Cost": 1226.58,
  "Plans": [
    {
      "Parent Relationship": "Outer",
      "Total Cost": 1097.16,
      "Plans": [
        {
          "Parent Relationship": "Outer",
          "Total Cost": 346.42,
          "Plans": [
            {
              "Parent Relationship": "Outer",
              "Total Cost": 231.99,
              "Relation Name": "reserves",
              "Parallel Aware": false,
              "Alias": "r",
              "Node Type": "Seq Scan",
              "Plan Width": 8,
              "Startup Cost": 0.0,
              "Plan Rows": 14999
            },
            {
              "Parent Relationship": "Inner",
              "Total Cost": 62.5,
              "Plans": [
                {
                  "Parent Relationship": "Outer",
                  "Total Cost": 62.5,
                  "Relation Name": "boat",
                  "Parallel Aware": false,
                  "Filter": "(color \u003d \u0027red\u0027::bpchar)",
                  "Alias": "b",
                  "Node Type": "Seq Scan",
                  "Plan Width": 4,
                  "Startup Cost": 0.0,
                  "Plan Rows": 1000
                }
              ],
              "Parallel Aware": false,
              "Node Type": "Hash",
              "Plan Width": 4,
              "Startup Cost": 62.5,
              "Plan Rows": 1000
            }
          ],
          "Parallel Aware": false,
          "Node Type": "Hash Join",
          "Join Type": "Inner",
          "Plan Width": 4,
          "Startup Cost": 75.0,
          "Hash Cond": "(r.bid \u003d b.bid)",
          "Plan Rows": 5000,
          "Inner Unique": true
        },
        {
          "Parent Relationship": "Inner",
          "Total Cost": 641.71,
          "Plans": [
            {
              "Parent Relationship": "Outer",
              "Total Cost": 641.71,
              "Plans": [
                {
                  "Parent Relationship": "Outer",
                  "Total Cost": 579.21,
                  "Plans": [
                    {
                      "Parent Relationship": "Outer",
                      "Total Cost": 346.42,
                      "Plans": [
                        {
                          "Parent Relationship": "Outer",
                          "Total Cost": 231.99,
                          "Relation Name": "reserves",
                          "Parallel Aware": false,
                          "Alias": "r2",
                          "Node Type": "Seq Scan",
                          "Plan Width": 8,
                          "Startup Cost": 0.0,
                          "Plan Rows": 14999
                        },
                        {
                          "Parent Relationship": "Inner",
                          "Total Cost": 62.5,
                          "Plans": [
                            {
                              "Parent Relationship": "Outer",
                              "Total Cost": 62.5,
                              "Relation Name": "boat",
                              "Parallel Aware": false,
                              "Filter": "(color \u003d \u0027green\u0027::bpchar)",
                              "Alias": "b2",
                              "Node Type": "Seq Scan",
                              "Plan Width": 4,
                              "Startup Cost": 0.0,
                              "Plan Rows": 1000
                            }
                          ],
                          "Parallel Aware": false,
                          "Node Type": "Hash",
                          "Plan Width": 4,
                          "Startup Cost": 62.5,
                          "Plan Rows": 1000
                        }
                      ],
                      "Parallel Aware": false,
                      "Node Type": "Hash Join",
                      "Join Type": "Inner",
                      "Plan Width": 4,
                      "Startup Cost": 75.0,
                      "Hash Cond": "(r2.bid \u003d b2.bid)",
                      "Plan Rows": 5000,
                      "Inner Unique": true
                    },
                    {
                      "Parent Relationship": "Inner",
                      "Total Cost": 0.05,
                      "Scan Direction": "NoMovement",
                      "Relation Name": "sailors",
                      "Parallel Aware": false,
                      "Alias": "s2",
                      "Node Type": "Index Scan",
                      "Index Name": "idx_sailors_sid",
                      "Plan Width": 4,
                      "Startup Cost": 0.0,
                      "Index Cond": "(sid \u003d r2.sid)",
                      "Plan Rows": 1
                    }
                  ],
                  "Parallel Aware": false,
                  "Node Type": "Nested Loop",
                  "Join Type": "Inner",
                  "Plan Width": 8,
                  "Startup Cost": 75.0,
                  "Plan Rows": 5000,
                  "Inner Unique": true
                }
              ],
              "Parallel Aware": false,
              "Node Type": "Aggregate",
              "Plan Width": 8,
              "Strategy": "Hashed",
              "Startup Cost": 591.71,
              "Group Key": [
                "s2.sid"
              ],
              "Plan Rows": 5000,
              "Partial Mode": "Simple"
            }
          ],
          "Parallel Aware": false,
          "Node Type": "Hash",
          "Plan Width": 8,
          "Startup Cost": 641.71,
          "Plan Rows": 5000
        }
      ],
      "Parallel Aware": false,
      "Node Type": "Hash Join",
      "Join Type": "Inner",
      "Plan Width": 12,
      "Startup Cost": 779.21,
      "Hash Cond": "(r.sid \u003d s2.sid)",
      "Plan Rows": 2779,
      "Inner Unique": false
    },
    {
      "Parent Relationship": "Inner",
      "Total Cost": 0.05,
      "Scan Direction": "NoMovement",
      "Relation Name": "sailors",
      "Parallel Aware": false,
      "Alias": "s",
      "Node Type": "Index Scan",
      "Index Name": "idx_sailors_sid",
      "Plan Width": 25,
      "Startup Cost": 0.0,
      "Index Cond": "(sid \u003d r.sid)",
      "Plan Rows": 1
    }
  ],
  "Parallel Aware": false,
  "Node Type": "Nested Loop",
  "Join Type": "Inner",
  "Plan Width": 21,
  "Startup Cost": 779.21,
  "Plan Rows": 2778,
  "Inner Unique": true
}

------------------------------

Indicies Configuration #201:
Index hash on column sid in table sailors
Index btree on column bid in table reserves
Index btree on column color in table boat
Index hash on column bid in table boat

------------------------------

1. The Total Cost of the Plan = 1226.58
2. The Estimated Size of the Result Set = 2778
3. The Plan of the Query:
{
  "Total Cost": 1226.58,
  "Plans": [
    {
      "Parent Relationship": "Outer",
      "Total Cost": 1097.16,
      "Plans": [
        {
          "Parent Relationship": "Outer",
          "Total Cost": 346.42,
          "Plans": [
            {
              "Parent Relationship": "Outer",
              "Total Cost": 231.99,
              "Relation Name": "reserves",
              "Parallel Aware": false,
              "Alias": "r",
              "Node Type": "Seq Scan",
              "Plan Width": 8,
              "Startup Cost": 0.0,
              "Plan Rows": 14999
            },
            {
              "Parent Relationship": "Inner",
              "Total Cost": 62.5,
              "Plans": [
                {
                  "Parent Relationship": "Outer",
                  "Total Cost": 62.5,
                  "Relation Name": "boat",
                  "Parallel Aware": false,
                  "Filter": "(color \u003d \u0027red\u0027::bpchar)",
                  "Alias": "b",
                  "Node Type": "Seq Scan",
                  "Plan Width": 4,
                  "Startup Cost": 0.0,
                  "Plan Rows": 1000
                }
              ],
              "Parallel Aware": false,
              "Node Type": "Hash",
              "Plan Width": 4,
              "Startup Cost": 62.5,
              "Plan Rows": 1000
            }
          ],
          "Parallel Aware": false,
          "Node Type": "Hash Join",
          "Join Type": "Inner",
          "Plan Width": 4,
          "Startup Cost": 75.0,
          "Hash Cond": "(r.bid \u003d b.bid)",
          "Plan Rows": 5000,
          "Inner Unique": true
        },
        {
          "Parent Relationship": "Inner",
          "Total Cost": 641.71,
          "Plans": [
            {
              "Parent Relationship": "Outer",
              "Total Cost": 641.71,
              "Plans": [
                {
                  "Parent Relationship": "Outer",
                  "Total Cost": 579.21,
                  "Plans": [
                    {
                      "Parent Relationship": "Outer",
                      "Total Cost": 346.42,
                      "Plans": [
                        {
                          "Parent Relationship": "Outer",
                          "Total Cost": 231.99,
                          "Relation Name": "reserves",
                          "Parallel Aware": false,
                          "Alias": "r2",
                          "Node Type": "Seq Scan",
                          "Plan Width": 8,
                          "Startup Cost": 0.0,
                          "Plan Rows": 14999
                        },
                        {
                          "Parent Relationship": "Inner",
                          "Total Cost": 62.5,
                          "Plans": [
                            {
                              "Parent Relationship": "Outer",
                              "Total Cost": 62.5,
                              "Relation Name": "boat",
                              "Parallel Aware": false,
                              "Filter": "(color \u003d \u0027green\u0027::bpchar)",
                              "Alias": "b2",
                              "Node Type": "Seq Scan",
                              "Plan Width": 4,
                              "Startup Cost": 0.0,
                              "Plan Rows": 1000
                            }
                          ],
                          "Parallel Aware": false,
                          "Node Type": "Hash",
                          "Plan Width": 4,
                          "Startup Cost": 62.5,
                          "Plan Rows": 1000
                        }
                      ],
                      "Parallel Aware": false,
                      "Node Type": "Hash Join",
                      "Join Type": "Inner",
                      "Plan Width": 4,
                      "Startup Cost": 75.0,
                      "Hash Cond": "(r2.bid \u003d b2.bid)",
                      "Plan Rows": 5000,
                      "Inner Unique": true
                    },
                    {
                      "Parent Relationship": "Inner",
                      "Total Cost": 0.05,
                      "Scan Direction": "NoMovement",
                      "Relation Name": "sailors",
                      "Parallel Aware": false,
                      "Alias": "s2",
                      "Node Type": "Index Scan",
                      "Index Name": "idx_sailors_sid",
                      "Plan Width": 4,
                      "Startup Cost": 0.0,
                      "Index Cond": "(sid \u003d r2.sid)",
                      "Plan Rows": 1
                    }
                  ],
                  "Parallel Aware": false,
                  "Node Type": "Nested Loop",
                  "Join Type": "Inner",
                  "Plan Width": 8,
                  "Startup Cost": 75.0,
                  "Plan Rows": 5000,
                  "Inner Unique": true
                }
              ],
              "Parallel Aware": false,
              "Node Type": "Aggregate",
              "Plan Width": 8,
              "Strategy": "Hashed",
              "Startup Cost": 591.71,
              "Group Key": [
                "s2.sid"
              ],
              "Plan Rows": 5000,
              "Partial Mode": "Simple"
            }
          ],
          "Parallel Aware": false,
          "Node Type": "Hash",
          "Plan Width": 8,
          "Startup Cost": 641.71,
          "Plan Rows": 5000
        }
      ],
      "Parallel Aware": false,
      "Node Type": "Hash Join",
      "Join Type": "Inner",
      "Plan Width": 12,
      "Startup Cost": 779.21,
      "Hash Cond": "(r.sid \u003d s2.sid)",
      "Plan Rows": 2779,
      "Inner Unique": false
    },
    {
      "Parent Relationship": "Inner",
      "Total Cost": 0.05,
      "Scan Direction": "NoMovement",
      "Relation Name": "sailors",
      "Parallel Aware": false,
      "Alias": "s",
      "Node Type": "Index Scan",
      "Index Name": "idx_sailors_sid",
      "Plan Width": 25,
      "Startup Cost": 0.0,
      "Index Cond": "(sid \u003d r.sid)",
      "Plan Rows": 1
    }
  ],
  "Parallel Aware": false,
  "Node Type": "Nested Loop",
  "Join Type": "Inner",
  "Plan Width": 21,
  "Startup Cost": 779.21,
  "Plan Rows": 2778,
  "Inner Unique": true
}

------------------------------

Indicies Configuration #202:
Index hash on column sid in table sailors
Index btree on column bid in table reserves
Index btree on column color in table boat
Index btree on column sid in table reserves

------------------------------

1. The Total Cost of the Plan = 1226.58
2. The Estimated Size of the Result Set = 2778
3. The Plan of the Query:
{
  "Total Cost": 1226.58,
  "Plans": [
    {
      "Parent Relationship": "Outer",
      "Total Cost": 1097.16,
      "Plans": [
        {
          "Parent Relationship": "Outer",
          "Total Cost": 346.42,
          "Plans": [
            {
              "Parent Relationship": "Outer",
              "Total Cost": 231.99,
              "Relation Name": "reserves",
              "Parallel Aware": false,
              "Alias": "r",
              "Node Type": "Seq Scan",
              "Plan Width": 8,
              "Startup Cost": 0.0,
              "Plan Rows": 14999
            },
            {
              "Parent Relationship": "Inner",
              "Total Cost": 62.5,
              "Plans": [
                {
                  "Parent Relationship": "Outer",
                  "Total Cost": 62.5,
                  "Relation Name": "boat",
                  "Parallel Aware": false,
                  "Filter": "(color \u003d \u0027red\u0027::bpchar)",
                  "Alias": "b",
                  "Node Type": "Seq Scan",
                  "Plan Width": 4,
                  "Startup Cost": 0.0,
                  "Plan Rows": 1000
                }
              ],
              "Parallel Aware": false,
              "Node Type": "Hash",
              "Plan Width": 4,
              "Startup Cost": 62.5,
              "Plan Rows": 1000
            }
          ],
          "Parallel Aware": false,
          "Node Type": "Hash Join",
          "Join Type": "Inner",
          "Plan Width": 4,
          "Startup Cost": 75.0,
          "Hash Cond": "(r.bid \u003d b.bid)",
          "Plan Rows": 5000,
          "Inner Unique": true
        },
        {
          "Parent Relationship": "Inner",
          "Total Cost": 641.71,
          "Plans": [
            {
              "Parent Relationship": "Outer",
              "Total Cost": 641.71,
              "Plans": [
                {
                  "Parent Relationship": "Outer",
                  "Total Cost": 579.21,
                  "Plans": [
                    {
                      "Parent Relationship": "Outer",
                      "Total Cost": 346.42,
                      "Plans": [
                        {
                          "Parent Relationship": "Outer",
                          "Total Cost": 231.99,
                          "Relation Name": "reserves",
                          "Parallel Aware": false,
                          "Alias": "r2",
                          "Node Type": "Seq Scan",
                          "Plan Width": 8,
                          "Startup Cost": 0.0,
                          "Plan Rows": 14999
                        },
                        {
                          "Parent Relationship": "Inner",
                          "Total Cost": 62.5,
                          "Plans": [
                            {
                              "Parent Relationship": "Outer",
                              "Total Cost": 62.5,
                              "Relation Name": "boat",
                              "Parallel Aware": false,
                              "Filter": "(color \u003d \u0027green\u0027::bpchar)",
                              "Alias": "b2",
                              "Node Type": "Seq Scan",
                              "Plan Width": 4,
                              "Startup Cost": 0.0,
                              "Plan Rows": 1000
                            }
                          ],
                          "Parallel Aware": false,
                          "Node Type": "Hash",
                          "Plan Width": 4,
                          "Startup Cost": 62.5,
                          "Plan Rows": 1000
                        }
                      ],
                      "Parallel Aware": false,
                      "Node Type": "Hash Join",
                      "Join Type": "Inner",
                      "Plan Width": 4,
                      "Startup Cost": 75.0,
                      "Hash Cond": "(r2.bid \u003d b2.bid)",
                      "Plan Rows": 5000,
                      "Inner Unique": true
                    },
                    {
                      "Parent Relationship": "Inner",
                      "Total Cost": 0.05,
                      "Scan Direction": "NoMovement",
                      "Relation Name": "sailors",
                      "Parallel Aware": false,
                      "Alias": "s2",
                      "Node Type": "Index Scan",
                      "Index Name": "idx_sailors_sid",
                      "Plan Width": 4,
                      "Startup Cost": 0.0,
                      "Index Cond": "(sid \u003d r2.sid)",
                      "Plan Rows": 1
                    }
                  ],
                  "Parallel Aware": false,
                  "Node Type": "Nested Loop",
                  "Join Type": "Inner",
                  "Plan Width": 8,
                  "Startup Cost": 75.0,
                  "Plan Rows": 5000,
                  "Inner Unique": true
                }
              ],
              "Parallel Aware": false,
              "Node Type": "Aggregate",
              "Plan Width": 8,
              "Strategy": "Hashed",
              "Startup Cost": 591.71,
              "Group Key": [
                "s2.sid"
              ],
              "Plan Rows": 5000,
              "Partial Mode": "Simple"
            }
          ],
          "Parallel Aware": false,
          "Node Type": "Hash",
          "Plan Width": 8,
          "Startup Cost": 641.71,
          "Plan Rows": 5000
        }
      ],
      "Parallel Aware": false,
      "Node Type": "Hash Join",
      "Join Type": "Inner",
      "Plan Width": 12,
      "Startup Cost": 779.21,
      "Hash Cond": "(r.sid \u003d s2.sid)",
      "Plan Rows": 2779,
      "Inner Unique": false
    },
    {
      "Parent Relationship": "Inner",
      "Total Cost": 0.05,
      "Scan Direction": "NoMovement",
      "Relation Name": "sailors",
      "Parallel Aware": false,
      "Alias": "s",
      "Node Type": "Index Scan",
      "Index Name": "idx_sailors_sid",
      "Plan Width": 25,
      "Startup Cost": 0.0,
      "Index Cond": "(sid \u003d r.sid)",
      "Plan Rows": 1
    }
  ],
  "Parallel Aware": false,
  "Node Type": "Nested Loop",
  "Join Type": "Inner",
  "Plan Width": 21,
  "Startup Cost": 779.21,
  "Plan Rows": 2778,
  "Inner Unique": true
}

------------------------------

Indicies Configuration #203:
Index hash on column sid in table sailors
Index btree on column bid in table reserves
Index btree on column color in table boat
Index btree on column sid in table reserves
Index btree on column bid in table boat

------------------------------

1. The Total Cost of the Plan = 1226.58
2. The Estimated Size of the Result Set = 2778
3. The Plan of the Query:
{
  "Total Cost": 1226.58,
  "Plans": [
    {
      "Parent Relationship": "Outer",
      "Total Cost": 1097.16,
      "Plans": [
        {
          "Parent Relationship": "Outer",
          "Total Cost": 346.42,
          "Plans": [
            {
              "Parent Relationship": "Outer",
              "Total Cost": 231.99,
              "Relation Name": "reserves",
              "Parallel Aware": false,
              "Alias": "r",
              "Node Type": "Seq Scan",
              "Plan Width": 8,
              "Startup Cost": 0.0,
              "Plan Rows": 14999
            },
            {
              "Parent Relationship": "Inner",
              "Total Cost": 62.5,
              "Plans": [
                {
                  "Parent Relationship": "Outer",
                  "Total Cost": 62.5,
                  "Relation Name": "boat",
                  "Parallel Aware": false,
                  "Filter": "(color \u003d \u0027red\u0027::bpchar)",
                  "Alias": "b",
                  "Node Type": "Seq Scan",
                  "Plan Width": 4,
                  "Startup Cost": 0.0,
                  "Plan Rows": 1000
                }
              ],
              "Parallel Aware": false,
              "Node Type": "Hash",
              "Plan Width": 4,
              "Startup Cost": 62.5,
              "Plan Rows": 1000
            }
          ],
          "Parallel Aware": false,
          "Node Type": "Hash Join",
          "Join Type": "Inner",
          "Plan Width": 4,
          "Startup Cost": 75.0,
          "Hash Cond": "(r.bid \u003d b.bid)",
          "Plan Rows": 5000,
          "Inner Unique": true
        },
        {
          "Parent Relationship": "Inner",
          "Total Cost": 641.71,
          "Plans": [
            {
              "Parent Relationship": "Outer",
              "Total Cost": 641.71,
              "Plans": [
                {
                  "Parent Relationship": "Outer",
                  "Total Cost": 579.21,
                  "Plans": [
                    {
                      "Parent Relationship": "Outer",
                      "Total Cost": 346.42,
                      "Plans": [
                        {
                          "Parent Relationship": "Outer",
                          "Total Cost": 231.99,
                          "Relation Name": "reserves",
                          "Parallel Aware": false,
                          "Alias": "r2",
                          "Node Type": "Seq Scan",
                          "Plan Width": 8,
                          "Startup Cost": 0.0,
                          "Plan Rows": 14999
                        },
                        {
                          "Parent Relationship": "Inner",
                          "Total Cost": 62.5,
                          "Plans": [
                            {
                              "Parent Relationship": "Outer",
                              "Total Cost": 62.5,
                              "Relation Name": "boat",
                              "Parallel Aware": false,
                              "Filter": "(color \u003d \u0027green\u0027::bpchar)",
                              "Alias": "b2",
                              "Node Type": "Seq Scan",
                              "Plan Width": 4,
                              "Startup Cost": 0.0,
                              "Plan Rows": 1000
                            }
                          ],
                          "Parallel Aware": false,
                          "Node Type": "Hash",
                          "Plan Width": 4,
                          "Startup Cost": 62.5,
                          "Plan Rows": 1000
                        }
                      ],
                      "Parallel Aware": false,
                      "Node Type": "Hash Join",
                      "Join Type": "Inner",
                      "Plan Width": 4,
                      "Startup Cost": 75.0,
                      "Hash Cond": "(r2.bid \u003d b2.bid)",
                      "Plan Rows": 5000,
                      "Inner Unique": true
                    },
                    {
                      "Parent Relationship": "Inner",
                      "Total Cost": 0.05,
                      "Scan Direction": "NoMovement",
                      "Relation Name": "sailors",
                      "Parallel Aware": false,
                      "Alias": "s2",
                      "Node Type": "Index Scan",
                      "Index Name": "idx_sailors_sid",
                      "Plan Width": 4,
                      "Startup Cost": 0.0,
                      "Index Cond": "(sid \u003d r2.sid)",
                      "Plan Rows": 1
                    }
                  ],
                  "Parallel Aware": false,
                  "Node Type": "Nested Loop",
                  "Join Type": "Inner",
                  "Plan Width": 8,
                  "Startup Cost": 75.0,
                  "Plan Rows": 5000,
                  "Inner Unique": true
                }
              ],
              "Parallel Aware": false,
              "Node Type": "Aggregate",
              "Plan Width": 8,
              "Strategy": "Hashed",
              "Startup Cost": 591.71,
              "Group Key": [
                "s2.sid"
              ],
              "Plan Rows": 5000,
              "Partial Mode": "Simple"
            }
          ],
          "Parallel Aware": false,
          "Node Type": "Hash",
          "Plan Width": 8,
          "Startup Cost": 641.71,
          "Plan Rows": 5000
        }
      ],
      "Parallel Aware": false,
      "Node Type": "Hash Join",
      "Join Type": "Inner",
      "Plan Width": 12,
      "Startup Cost": 779.21,
      "Hash Cond": "(r.sid \u003d s2.sid)",
      "Plan Rows": 2779,
      "Inner Unique": false
    },
    {
      "Parent Relationship": "Inner",
      "Total Cost": 0.05,
      "Scan Direction": "NoMovement",
      "Relation Name": "sailors",
      "Parallel Aware": false,
      "Alias": "s",
      "Node Type": "Index Scan",
      "Index Name": "idx_sailors_sid",
      "Plan Width": 25,
      "Startup Cost": 0.0,
      "Index Cond": "(sid \u003d r.sid)",
      "Plan Rows": 1
    }
  ],
  "Parallel Aware": false,
  "Node Type": "Nested Loop",
  "Join Type": "Inner",
  "Plan Width": 21,
  "Startup Cost": 779.21,
  "Plan Rows": 2778,
  "Inner Unique": true
}

------------------------------

Indicies Configuration #204:
Index hash on column sid in table sailors
Index btree on column bid in table reserves
Index btree on column color in table boat
Index btree on column sid in table reserves
Index hash on column bid in table boat

------------------------------

1. The Total Cost of the Plan = 1226.58
2. The Estimated Size of the Result Set = 2778
3. The Plan of the Query:
{
  "Total Cost": 1226.58,
  "Plans": [
    {
      "Parent Relationship": "Outer",
      "Total Cost": 1097.16,
      "Plans": [
        {
          "Parent Relationship": "Outer",
          "Total Cost": 346.42,
          "Plans": [
            {
              "Parent Relationship": "Outer",
              "Total Cost": 231.99,
              "Relation Name": "reserves",
              "Parallel Aware": false,
              "Alias": "r",
              "Node Type": "Seq Scan",
              "Plan Width": 8,
              "Startup Cost": 0.0,
              "Plan Rows": 14999
            },
            {
              "Parent Relationship": "Inner",
              "Total Cost": 62.5,
              "Plans": [
                {
                  "Parent Relationship": "Outer",
                  "Total Cost": 62.5,
                  "Relation Name": "boat",
                  "Parallel Aware": false,
                  "Filter": "(color \u003d \u0027red\u0027::bpchar)",
                  "Alias": "b",
                  "Node Type": "Seq Scan",
                  "Plan Width": 4,
                  "Startup Cost": 0.0,
                  "Plan Rows": 1000
                }
              ],
              "Parallel Aware": false,
              "Node Type": "Hash",
              "Plan Width": 4,
              "Startup Cost": 62.5,
              "Plan Rows": 1000
            }
          ],
          "Parallel Aware": false,
          "Node Type": "Hash Join",
          "Join Type": "Inner",
          "Plan Width": 4,
          "Startup Cost": 75.0,
          "Hash Cond": "(r.bid \u003d b.bid)",
          "Plan Rows": 5000,
          "Inner Unique": true
        },
        {
          "Parent Relationship": "Inner",
          "Total Cost": 641.71,
          "Plans": [
            {
              "Parent Relationship": "Outer",
              "Total Cost": 641.71,
              "Plans": [
                {
                  "Parent Relationship": "Outer",
                  "Total Cost": 579.21,
                  "Plans": [
                    {
                      "Parent Relationship": "Outer",
                      "Total Cost": 346.42,
                      "Plans": [
                        {
                          "Parent Relationship": "Outer",
                          "Total Cost": 231.99,
                          "Relation Name": "reserves",
                          "Parallel Aware": false,
                          "Alias": "r2",
                          "Node Type": "Seq Scan",
                          "Plan Width": 8,
                          "Startup Cost": 0.0,
                          "Plan Rows": 14999
                        },
                        {
                          "Parent Relationship": "Inner",
                          "Total Cost": 62.5,
                          "Plans": [
                            {
                              "Parent Relationship": "Outer",
                              "Total Cost": 62.5,
                              "Relation Name": "boat",
                              "Parallel Aware": false,
                              "Filter": "(color \u003d \u0027green\u0027::bpchar)",
                              "Alias": "b2",
                              "Node Type": "Seq Scan",
                              "Plan Width": 4,
                              "Startup Cost": 0.0,
                              "Plan Rows": 1000
                            }
                          ],
                          "Parallel Aware": false,
                          "Node Type": "Hash",
                          "Plan Width": 4,
                          "Startup Cost": 62.5,
                          "Plan Rows": 1000
                        }
                      ],
                      "Parallel Aware": false,
                      "Node Type": "Hash Join",
                      "Join Type": "Inner",
                      "Plan Width": 4,
                      "Startup Cost": 75.0,
                      "Hash Cond": "(r2.bid \u003d b2.bid)",
                      "Plan Rows": 5000,
                      "Inner Unique": true
                    },
                    {
                      "Parent Relationship": "Inner",
                      "Total Cost": 0.05,
                      "Scan Direction": "NoMovement",
                      "Relation Name": "sailors",
                      "Parallel Aware": false,
                      "Alias": "s2",
                      "Node Type": "Index Scan",
                      "Index Name": "idx_sailors_sid",
                      "Plan Width": 4,
                      "Startup Cost": 0.0,
                      "Index Cond": "(sid \u003d r2.sid)",
                      "Plan Rows": 1
                    }
                  ],
                  "Parallel Aware": false,
                  "Node Type": "Nested Loop",
                  "Join Type": "Inner",
                  "Plan Width": 8,
                  "Startup Cost": 75.0,
                  "Plan Rows": 5000,
                  "Inner Unique": true
                }
              ],
              "Parallel Aware": false,
              "Node Type": "Aggregate",
              "Plan Width": 8,
              "Strategy": "Hashed",
              "Startup Cost": 591.71,
              "Group Key": [
                "s2.sid"
              ],
              "Plan Rows": 5000,
              "Partial Mode": "Simple"
            }
          ],
          "Parallel Aware": false,
          "Node Type": "Hash",
          "Plan Width": 8,
          "Startup Cost": 641.71,
          "Plan Rows": 5000
        }
      ],
      "Parallel Aware": false,
      "Node Type": "Hash Join",
      "Join Type": "Inner",
      "Plan Width": 12,
      "Startup Cost": 779.21,
      "Hash Cond": "(r.sid \u003d s2.sid)",
      "Plan Rows": 2779,
      "Inner Unique": false
    },
    {
      "Parent Relationship": "Inner",
      "Total Cost": 0.05,
      "Scan Direction": "NoMovement",
      "Relation Name": "sailors",
      "Parallel Aware": false,
      "Alias": "s",
      "Node Type": "Index Scan",
      "Index Name": "idx_sailors_sid",
      "Plan Width": 25,
      "Startup Cost": 0.0,
      "Index Cond": "(sid \u003d r.sid)",
      "Plan Rows": 1
    }
  ],
  "Parallel Aware": false,
  "Node Type": "Nested Loop",
  "Join Type": "Inner",
  "Plan Width": 21,
  "Startup Cost": 779.21,
  "Plan Rows": 2778,
  "Inner Unique": true
}

------------------------------

Indicies Configuration #205:
Index hash on column sid in table sailors
Index btree on column bid in table reserves
Index btree on column color in table boat
Index hash on column sid in table reserves

------------------------------

1. The Total Cost of the Plan = 1226.58
2. The Estimated Size of the Result Set = 2778
3. The Plan of the Query:
{
  "Total Cost": 1226.58,
  "Plans": [
    {
      "Parent Relationship": "Outer",
      "Total Cost": 1097.16,
      "Plans": [
        {
          "Parent Relationship": "Outer",
          "Total Cost": 346.42,
          "Plans": [
            {
              "Parent Relationship": "Outer",
              "Total Cost": 231.99,
              "Relation Name": "reserves",
              "Parallel Aware": false,
              "Alias": "r",
              "Node Type": "Seq Scan",
              "Plan Width": 8,
              "Startup Cost": 0.0,
              "Plan Rows": 14999
            },
            {
              "Parent Relationship": "Inner",
              "Total Cost": 62.5,
              "Plans": [
                {
                  "Parent Relationship": "Outer",
                  "Total Cost": 62.5,
                  "Relation Name": "boat",
                  "Parallel Aware": false,
                  "Filter": "(color \u003d \u0027red\u0027::bpchar)",
                  "Alias": "b",
                  "Node Type": "Seq Scan",
                  "Plan Width": 4,
                  "Startup Cost": 0.0,
                  "Plan Rows": 1000
                }
              ],
              "Parallel Aware": false,
              "Node Type": "Hash",
              "Plan Width": 4,
              "Startup Cost": 62.5,
              "Plan Rows": 1000
            }
          ],
          "Parallel Aware": false,
          "Node Type": "Hash Join",
          "Join Type": "Inner",
          "Plan Width": 4,
          "Startup Cost": 75.0,
          "Hash Cond": "(r.bid \u003d b.bid)",
          "Plan Rows": 5000,
          "Inner Unique": true
        },
        {
          "Parent Relationship": "Inner",
          "Total Cost": 641.71,
          "Plans": [
            {
              "Parent Relationship": "Outer",
              "Total Cost": 641.71,
              "Plans": [
                {
                  "Parent Relationship": "Outer",
                  "Total Cost": 579.21,
                  "Plans": [
                    {
                      "Parent Relationship": "Outer",
                      "Total Cost": 346.42,
                      "Plans": [
                        {
                          "Parent Relationship": "Outer",
                          "Total Cost": 231.99,
                          "Relation Name": "reserves",
                          "Parallel Aware": false,
                          "Alias": "r2",
                          "Node Type": "Seq Scan",
                          "Plan Width": 8,
                          "Startup Cost": 0.0,
                          "Plan Rows": 14999
                        },
                        {
                          "Parent Relationship": "Inner",
                          "Total Cost": 62.5,
                          "Plans": [
                            {
                              "Parent Relationship": "Outer",
                              "Total Cost": 62.5,
                              "Relation Name": "boat",
                              "Parallel Aware": false,
                              "Filter": "(color \u003d \u0027green\u0027::bpchar)",
                              "Alias": "b2",
                              "Node Type": "Seq Scan",
                              "Plan Width": 4,
                              "Startup Cost": 0.0,
                              "Plan Rows": 1000
                            }
                          ],
                          "Parallel Aware": false,
                          "Node Type": "Hash",
                          "Plan Width": 4,
                          "Startup Cost": 62.5,
                          "Plan Rows": 1000
                        }
                      ],
                      "Parallel Aware": false,
                      "Node Type": "Hash Join",
                      "Join Type": "Inner",
                      "Plan Width": 4,
                      "Startup Cost": 75.0,
                      "Hash Cond": "(r2.bid \u003d b2.bid)",
                      "Plan Rows": 5000,
                      "Inner Unique": true
                    },
                    {
                      "Parent Relationship": "Inner",
                      "Total Cost": 0.05,
                      "Scan Direction": "NoMovement",
                      "Relation Name": "sailors",
                      "Parallel Aware": false,
                      "Alias": "s2",
                      "Node Type": "Index Scan",
                      "Index Name": "idx_sailors_sid",
                      "Plan Width": 4,
                      "Startup Cost": 0.0,
                      "Index Cond": "(sid \u003d r2.sid)",
                      "Plan Rows": 1
                    }
                  ],
                  "Parallel Aware": false,
                  "Node Type": "Nested Loop",
                  "Join Type": "Inner",
                  "Plan Width": 8,
                  "Startup Cost": 75.0,
                  "Plan Rows": 5000,
                  "Inner Unique": true
                }
              ],
              "Parallel Aware": false,
              "Node Type": "Aggregate",
              "Plan Width": 8,
              "Strategy": "Hashed",
              "Startup Cost": 591.71,
              "Group Key": [
                "s2.sid"
              ],
              "Plan Rows": 5000,
              "Partial Mode": "Simple"
            }
          ],
          "Parallel Aware": false,
          "Node Type": "Hash",
          "Plan Width": 8,
          "Startup Cost": 641.71,
          "Plan Rows": 5000
        }
      ],
      "Parallel Aware": false,
      "Node Type": "Hash Join",
      "Join Type": "Inner",
      "Plan Width": 12,
      "Startup Cost": 779.21,
      "Hash Cond": "(r.sid \u003d s2.sid)",
      "Plan Rows": 2779,
      "Inner Unique": false
    },
    {
      "Parent Relationship": "Inner",
      "Total Cost": 0.05,
      "Scan Direction": "NoMovement",
      "Relation Name": "sailors",
      "Parallel Aware": false,
      "Alias": "s",
      "Node Type": "Index Scan",
      "Index Name": "idx_sailors_sid",
      "Plan Width": 25,
      "Startup Cost": 0.0,
      "Index Cond": "(sid \u003d r.sid)",
      "Plan Rows": 1
    }
  ],
  "Parallel Aware": false,
  "Node Type": "Nested Loop",
  "Join Type": "Inner",
  "Plan Width": 21,
  "Startup Cost": 779.21,
  "Plan Rows": 2778,
  "Inner Unique": true
}

------------------------------

Indicies Configuration #206:
Index hash on column sid in table sailors
Index btree on column bid in table reserves
Index btree on column color in table boat
Index hash on column sid in table reserves
Index btree on column bid in table boat

------------------------------

1. The Total Cost of the Plan = 1226.58
2. The Estimated Size of the Result Set = 2778
3. The Plan of the Query:
{
  "Total Cost": 1226.58,
  "Plans": [
    {
      "Parent Relationship": "Outer",
      "Total Cost": 1097.16,
      "Plans": [
        {
          "Parent Relationship": "Outer",
          "Total Cost": 346.42,
          "Plans": [
            {
              "Parent Relationship": "Outer",
              "Total Cost": 231.99,
              "Relation Name": "reserves",
              "Parallel Aware": false,
              "Alias": "r",
              "Node Type": "Seq Scan",
              "Plan Width": 8,
              "Startup Cost": 0.0,
              "Plan Rows": 14999
            },
            {
              "Parent Relationship": "Inner",
              "Total Cost": 62.5,
              "Plans": [
                {
                  "Parent Relationship": "Outer",
                  "Total Cost": 62.5,
                  "Relation Name": "boat",
                  "Parallel Aware": false,
                  "Filter": "(color \u003d \u0027red\u0027::bpchar)",
                  "Alias": "b",
                  "Node Type": "Seq Scan",
                  "Plan Width": 4,
                  "Startup Cost": 0.0,
                  "Plan Rows": 1000
                }
              ],
              "Parallel Aware": false,
              "Node Type": "Hash",
              "Plan Width": 4,
              "Startup Cost": 62.5,
              "Plan Rows": 1000
            }
          ],
          "Parallel Aware": false,
          "Node Type": "Hash Join",
          "Join Type": "Inner",
          "Plan Width": 4,
          "Startup Cost": 75.0,
          "Hash Cond": "(r.bid \u003d b.bid)",
          "Plan Rows": 5000,
          "Inner Unique": true
        },
        {
          "Parent Relationship": "Inner",
          "Total Cost": 641.71,
          "Plans": [
            {
              "Parent Relationship": "Outer",
              "Total Cost": 641.71,
              "Plans": [
                {
                  "Parent Relationship": "Outer",
                  "Total Cost": 579.21,
                  "Plans": [
                    {
                      "Parent Relationship": "Outer",
                      "Total Cost": 346.42,
                      "Plans": [
                        {
                          "Parent Relationship": "Outer",
                          "Total Cost": 231.99,
                          "Relation Name": "reserves",
                          "Parallel Aware": false,
                          "Alias": "r2",
                          "Node Type": "Seq Scan",
                          "Plan Width": 8,
                          "Startup Cost": 0.0,
                          "Plan Rows": 14999
                        },
                        {
                          "Parent Relationship": "Inner",
                          "Total Cost": 62.5,
                          "Plans": [
                            {
                              "Parent Relationship": "Outer",
                              "Total Cost": 62.5,
                              "Relation Name": "boat",
                              "Parallel Aware": false,
                              "Filter": "(color \u003d \u0027green\u0027::bpchar)",
                              "Alias": "b2",
                              "Node Type": "Seq Scan",
                              "Plan Width": 4,
                              "Startup Cost": 0.0,
                              "Plan Rows": 1000
                            }
                          ],
                          "Parallel Aware": false,
                          "Node Type": "Hash",
                          "Plan Width": 4,
                          "Startup Cost": 62.5,
                          "Plan Rows": 1000
                        }
                      ],
                      "Parallel Aware": false,
                      "Node Type": "Hash Join",
                      "Join Type": "Inner",
                      "Plan Width": 4,
                      "Startup Cost": 75.0,
                      "Hash Cond": "(r2.bid \u003d b2.bid)",
                      "Plan Rows": 5000,
                      "Inner Unique": true
                    },
                    {
                      "Parent Relationship": "Inner",
                      "Total Cost": 0.05,
                      "Scan Direction": "NoMovement",
                      "Relation Name": "sailors",
                      "Parallel Aware": false,
                      "Alias": "s2",
                      "Node Type": "Index Scan",
                      "Index Name": "idx_sailors_sid",
                      "Plan Width": 4,
                      "Startup Cost": 0.0,
                      "Index Cond": "(sid \u003d r2.sid)",
                      "Plan Rows": 1
                    }
                  ],
                  "Parallel Aware": false,
                  "Node Type": "Nested Loop",
                  "Join Type": "Inner",
                  "Plan Width": 8,
                  "Startup Cost": 75.0,
                  "Plan Rows": 5000,
                  "Inner Unique": true
                }
              ],
              "Parallel Aware": false,
              "Node Type": "Aggregate",
              "Plan Width": 8,
              "Strategy": "Hashed",
              "Startup Cost": 591.71,
              "Group Key": [
                "s2.sid"
              ],
              "Plan Rows": 5000,
              "Partial Mode": "Simple"
            }
          ],
          "Parallel Aware": false,
          "Node Type": "Hash",
          "Plan Width": 8,
          "Startup Cost": 641.71,
          "Plan Rows": 5000
        }
      ],
      "Parallel Aware": false,
      "Node Type": "Hash Join",
      "Join Type": "Inner",
      "Plan Width": 12,
      "Startup Cost": 779.21,
      "Hash Cond": "(r.sid \u003d s2.sid)",
      "Plan Rows": 2779,
      "Inner Unique": false
    },
    {
      "Parent Relationship": "Inner",
      "Total Cost": 0.05,
      "Scan Direction": "NoMovement",
      "Relation Name": "sailors",
      "Parallel Aware": false,
      "Alias": "s",
      "Node Type": "Index Scan",
      "Index Name": "idx_sailors_sid",
      "Plan Width": 25,
      "Startup Cost": 0.0,
      "Index Cond": "(sid \u003d r.sid)",
      "Plan Rows": 1
    }
  ],
  "Parallel Aware": false,
  "Node Type": "Nested Loop",
  "Join Type": "Inner",
  "Plan Width": 21,
  "Startup Cost": 779.21,
  "Plan Rows": 2778,
  "Inner Unique": true
}

------------------------------

Indicies Configuration #207:
Index hash on column sid in table sailors
Index btree on column bid in table reserves
Index btree on column color in table boat
Index hash on column sid in table reserves
Index hash on column bid in table boat

------------------------------

1. The Total Cost of the Plan = 1226.58
2. The Estimated Size of the Result Set = 2778
3. The Plan of the Query:
{
  "Total Cost": 1226.58,
  "Plans": [
    {
      "Parent Relationship": "Outer",
      "Total Cost": 1097.16,
      "Plans": [
        {
          "Parent Relationship": "Outer",
          "Total Cost": 346.42,
          "Plans": [
            {
              "Parent Relationship": "Outer",
              "Total Cost": 231.99,
              "Relation Name": "reserves",
              "Parallel Aware": false,
              "Alias": "r",
              "Node Type": "Seq Scan",
              "Plan Width": 8,
              "Startup Cost": 0.0,
              "Plan Rows": 14999
            },
            {
              "Parent Relationship": "Inner",
              "Total Cost": 62.5,
              "Plans": [
                {
                  "Parent Relationship": "Outer",
                  "Total Cost": 62.5,
                  "Relation Name": "boat",
                  "Parallel Aware": false,
                  "Filter": "(color \u003d \u0027red\u0027::bpchar)",
                  "Alias": "b",
                  "Node Type": "Seq Scan",
                  "Plan Width": 4,
                  "Startup Cost": 0.0,
                  "Plan Rows": 1000
                }
              ],
              "Parallel Aware": false,
              "Node Type": "Hash",
              "Plan Width": 4,
              "Startup Cost": 62.5,
              "Plan Rows": 1000
            }
          ],
          "Parallel Aware": false,
          "Node Type": "Hash Join",
          "Join Type": "Inner",
          "Plan Width": 4,
          "Startup Cost": 75.0,
          "Hash Cond": "(r.bid \u003d b.bid)",
          "Plan Rows": 5000,
          "Inner Unique": true
        },
        {
          "Parent Relationship": "Inner",
          "Total Cost": 641.71,
          "Plans": [
            {
              "Parent Relationship": "Outer",
              "Total Cost": 641.71,
              "Plans": [
                {
                  "Parent Relationship": "Outer",
                  "Total Cost": 579.21,
                  "Plans": [
                    {
                      "Parent Relationship": "Outer",
                      "Total Cost": 346.42,
                      "Plans": [
                        {
                          "Parent Relationship": "Outer",
                          "Total Cost": 231.99,
                          "Relation Name": "reserves",
                          "Parallel Aware": false,
                          "Alias": "r2",
                          "Node Type": "Seq Scan",
                          "Plan Width": 8,
                          "Startup Cost": 0.0,
                          "Plan Rows": 14999
                        },
                        {
                          "Parent Relationship": "Inner",
                          "Total Cost": 62.5,
                          "Plans": [
                            {
                              "Parent Relationship": "Outer",
                              "Total Cost": 62.5,
                              "Relation Name": "boat",
                              "Parallel Aware": false,
                              "Filter": "(color \u003d \u0027green\u0027::bpchar)",
                              "Alias": "b2",
                              "Node Type": "Seq Scan",
                              "Plan Width": 4,
                              "Startup Cost": 0.0,
                              "Plan Rows": 1000
                            }
                          ],
                          "Parallel Aware": false,
                          "Node Type": "Hash",
                          "Plan Width": 4,
                          "Startup Cost": 62.5,
                          "Plan Rows": 1000
                        }
                      ],
                      "Parallel Aware": false,
                      "Node Type": "Hash Join",
                      "Join Type": "Inner",
                      "Plan Width": 4,
                      "Startup Cost": 75.0,
                      "Hash Cond": "(r2.bid \u003d b2.bid)",
                      "Plan Rows": 5000,
                      "Inner Unique": true
                    },
                    {
                      "Parent Relationship": "Inner",
                      "Total Cost": 0.05,
                      "Scan Direction": "NoMovement",
                      "Relation Name": "sailors",
                      "Parallel Aware": false,
                      "Alias": "s2",
                      "Node Type": "Index Scan",
                      "Index Name": "idx_sailors_sid",
                      "Plan Width": 4,
                      "Startup Cost": 0.0,
                      "Index Cond": "(sid \u003d r2.sid)",
                      "Plan Rows": 1
                    }
                  ],
                  "Parallel Aware": false,
                  "Node Type": "Nested Loop",
                  "Join Type": "Inner",
                  "Plan Width": 8,
                  "Startup Cost": 75.0,
                  "Plan Rows": 5000,
                  "Inner Unique": true
                }
              ],
              "Parallel Aware": false,
              "Node Type": "Aggregate",
              "Plan Width": 8,
              "Strategy": "Hashed",
              "Startup Cost": 591.71,
              "Group Key": [
                "s2.sid"
              ],
              "Plan Rows": 5000,
              "Partial Mode": "Simple"
            }
          ],
          "Parallel Aware": false,
          "Node Type": "Hash",
          "Plan Width": 8,
          "Startup Cost": 641.71,
          "Plan Rows": 5000
        }
      ],
      "Parallel Aware": false,
      "Node Type": "Hash Join",
      "Join Type": "Inner",
      "Plan Width": 12,
      "Startup Cost": 779.21,
      "Hash Cond": "(r.sid \u003d s2.sid)",
      "Plan Rows": 2779,
      "Inner Unique": false
    },
    {
      "Parent Relationship": "Inner",
      "Total Cost": 0.05,
      "Scan Direction": "NoMovement",
      "Relation Name": "sailors",
      "Parallel Aware": false,
      "Alias": "s",
      "Node Type": "Index Scan",
      "Index Name": "idx_sailors_sid",
      "Plan Width": 25,
      "Startup Cost": 0.0,
      "Index Cond": "(sid \u003d r.sid)",
      "Plan Rows": 1
    }
  ],
  "Parallel Aware": false,
  "Node Type": "Nested Loop",
  "Join Type": "Inner",
  "Plan Width": 21,
  "Startup Cost": 779.21,
  "Plan Rows": 2778,
  "Inner Unique": true
}

------------------------------

Indicies Configuration #208:
Index hash on column sid in table sailors
Index btree on column bid in table reserves
Index hash on column color in table boat

------------------------------

1. The Total Cost of the Plan = 1226.58
2. The Estimated Size of the Result Set = 2778
3. The Plan of the Query:
{
  "Total Cost": 1226.58,
  "Plans": [
    {
      "Parent Relationship": "Outer",
      "Total Cost": 1097.16,
      "Plans": [
        {
          "Parent Relationship": "Outer",
          "Total Cost": 346.42,
          "Plans": [
            {
              "Parent Relationship": "Outer",
              "Total Cost": 231.99,
              "Relation Name": "reserves",
              "Parallel Aware": false,
              "Alias": "r",
              "Node Type": "Seq Scan",
              "Plan Width": 8,
              "Startup Cost": 0.0,
              "Plan Rows": 14999
            },
            {
              "Parent Relationship": "Inner",
              "Total Cost": 62.5,
              "Plans": [
                {
                  "Parent Relationship": "Outer",
                  "Total Cost": 62.5,
                  "Relation Name": "boat",
                  "Parallel Aware": false,
                  "Filter": "(color \u003d \u0027red\u0027::bpchar)",
                  "Alias": "b",
                  "Node Type": "Seq Scan",
                  "Plan Width": 4,
                  "Startup Cost": 0.0,
                  "Plan Rows": 1000
                }
              ],
              "Parallel Aware": false,
              "Node Type": "Hash",
              "Plan Width": 4,
              "Startup Cost": 62.5,
              "Plan Rows": 1000
            }
          ],
          "Parallel Aware": false,
          "Node Type": "Hash Join",
          "Join Type": "Inner",
          "Plan Width": 4,
          "Startup Cost": 75.0,
          "Hash Cond": "(r.bid \u003d b.bid)",
          "Plan Rows": 5000,
          "Inner Unique": true
        },
        {
          "Parent Relationship": "Inner",
          "Total Cost": 641.71,
          "Plans": [
            {
              "Parent Relationship": "Outer",
              "Total Cost": 641.71,
              "Plans": [
                {
                  "Parent Relationship": "Outer",
                  "Total Cost": 579.21,
                  "Plans": [
                    {
                      "Parent Relationship": "Outer",
                      "Total Cost": 346.42,
                      "Plans": [
                        {
                          "Parent Relationship": "Outer",
                          "Total Cost": 231.99,
                          "Relation Name": "reserves",
                          "Parallel Aware": false,
                          "Alias": "r2",
                          "Node Type": "Seq Scan",
                          "Plan Width": 8,
                          "Startup Cost": 0.0,
                          "Plan Rows": 14999
                        },
                        {
                          "Parent Relationship": "Inner",
                          "Total Cost": 62.5,
                          "Plans": [
                            {
                              "Parent Relationship": "Outer",
                              "Total Cost": 62.5,
                              "Relation Name": "boat",
                              "Parallel Aware": false,
                              "Filter": "(color \u003d \u0027green\u0027::bpchar)",
                              "Alias": "b2",
                              "Node Type": "Seq Scan",
                              "Plan Width": 4,
                              "Startup Cost": 0.0,
                              "Plan Rows": 1000
                            }
                          ],
                          "Parallel Aware": false,
                          "Node Type": "Hash",
                          "Plan Width": 4,
                          "Startup Cost": 62.5,
                          "Plan Rows": 1000
                        }
                      ],
                      "Parallel Aware": false,
                      "Node Type": "Hash Join",
                      "Join Type": "Inner",
                      "Plan Width": 4,
                      "Startup Cost": 75.0,
                      "Hash Cond": "(r2.bid \u003d b2.bid)",
                      "Plan Rows": 5000,
                      "Inner Unique": true
                    },
                    {
                      "Parent Relationship": "Inner",
                      "Total Cost": 0.05,
                      "Scan Direction": "NoMovement",
                      "Relation Name": "sailors",
                      "Parallel Aware": false,
                      "Alias": "s2",
                      "Node Type": "Index Scan",
                      "Index Name": "idx_sailors_sid",
                      "Plan Width": 4,
                      "Startup Cost": 0.0,
                      "Index Cond": "(sid \u003d r2.sid)",
                      "Plan Rows": 1
                    }
                  ],
                  "Parallel Aware": false,
                  "Node Type": "Nested Loop",
                  "Join Type": "Inner",
                  "Plan Width": 8,
                  "Startup Cost": 75.0,
                  "Plan Rows": 5000,
                  "Inner Unique": true
                }
              ],
              "Parallel Aware": false,
              "Node Type": "Aggregate",
              "Plan Width": 8,
              "Strategy": "Hashed",
              "Startup Cost": 591.71,
              "Group Key": [
                "s2.sid"
              ],
              "Plan Rows": 5000,
              "Partial Mode": "Simple"
            }
          ],
          "Parallel Aware": false,
          "Node Type": "Hash",
          "Plan Width": 8,
          "Startup Cost": 641.71,
          "Plan Rows": 5000
        }
      ],
      "Parallel Aware": false,
      "Node Type": "Hash Join",
      "Join Type": "Inner",
      "Plan Width": 12,
      "Startup Cost": 779.21,
      "Hash Cond": "(r.sid \u003d s2.sid)",
      "Plan Rows": 2779,
      "Inner Unique": false
    },
    {
      "Parent Relationship": "Inner",
      "Total Cost": 0.05,
      "Scan Direction": "NoMovement",
      "Relation Name": "sailors",
      "Parallel Aware": false,
      "Alias": "s",
      "Node Type": "Index Scan",
      "Index Name": "idx_sailors_sid",
      "Plan Width": 25,
      "Startup Cost": 0.0,
      "Index Cond": "(sid \u003d r.sid)",
      "Plan Rows": 1
    }
  ],
  "Parallel Aware": false,
  "Node Type": "Nested Loop",
  "Join Type": "Inner",
  "Plan Width": 21,
  "Startup Cost": 779.21,
  "Plan Rows": 2778,
  "Inner Unique": true
}

------------------------------

Indicies Configuration #209:
Index hash on column sid in table sailors
Index btree on column bid in table reserves
Index hash on column color in table boat
Index btree on column bid in table boat

------------------------------

1. The Total Cost of the Plan = 1226.58
2. The Estimated Size of the Result Set = 2778
3. The Plan of the Query:
{
  "Total Cost": 1226.58,
  "Plans": [
    {
      "Parent Relationship": "Outer",
      "Total Cost": 1097.16,
      "Plans": [
        {
          "Parent Relationship": "Outer",
          "Total Cost": 346.42,
          "Plans": [
            {
              "Parent Relationship": "Outer",
              "Total Cost": 231.99,
              "Relation Name": "reserves",
              "Parallel Aware": false,
              "Alias": "r",
              "Node Type": "Seq Scan",
              "Plan Width": 8,
              "Startup Cost": 0.0,
              "Plan Rows": 14999
            },
            {
              "Parent Relationship": "Inner",
              "Total Cost": 62.5,
              "Plans": [
                {
                  "Parent Relationship": "Outer",
                  "Total Cost": 62.5,
                  "Relation Name": "boat",
                  "Parallel Aware": false,
                  "Filter": "(color \u003d \u0027red\u0027::bpchar)",
                  "Alias": "b",
                  "Node Type": "Seq Scan",
                  "Plan Width": 4,
                  "Startup Cost": 0.0,
                  "Plan Rows": 1000
                }
              ],
              "Parallel Aware": false,
              "Node Type": "Hash",
              "Plan Width": 4,
              "Startup Cost": 62.5,
              "Plan Rows": 1000
            }
          ],
          "Parallel Aware": false,
          "Node Type": "Hash Join",
          "Join Type": "Inner",
          "Plan Width": 4,
          "Startup Cost": 75.0,
          "Hash Cond": "(r.bid \u003d b.bid)",
          "Plan Rows": 5000,
          "Inner Unique": true
        },
        {
          "Parent Relationship": "Inner",
          "Total Cost": 641.71,
          "Plans": [
            {
              "Parent Relationship": "Outer",
              "Total Cost": 641.71,
              "Plans": [
                {
                  "Parent Relationship": "Outer",
                  "Total Cost": 579.21,
                  "Plans": [
                    {
                      "Parent Relationship": "Outer",
                      "Total Cost": 346.42,
                      "Plans": [
                        {
                          "Parent Relationship": "Outer",
                          "Total Cost": 231.99,
                          "Relation Name": "reserves",
                          "Parallel Aware": false,
                          "Alias": "r2",
                          "Node Type": "Seq Scan",
                          "Plan Width": 8,
                          "Startup Cost": 0.0,
                          "Plan Rows": 14999
                        },
                        {
                          "Parent Relationship": "Inner",
                          "Total Cost": 62.5,
                          "Plans": [
                            {
                              "Parent Relationship": "Outer",
                              "Total Cost": 62.5,
                              "Relation Name": "boat",
                              "Parallel Aware": false,
                              "Filter": "(color \u003d \u0027green\u0027::bpchar)",
                              "Alias": "b2",
                              "Node Type": "Seq Scan",
                              "Plan Width": 4,
                              "Startup Cost": 0.0,
                              "Plan Rows": 1000
                            }
                          ],
                          "Parallel Aware": false,
                          "Node Type": "Hash",
                          "Plan Width": 4,
                          "Startup Cost": 62.5,
                          "Plan Rows": 1000
                        }
                      ],
                      "Parallel Aware": false,
                      "Node Type": "Hash Join",
                      "Join Type": "Inner",
                      "Plan Width": 4,
                      "Startup Cost": 75.0,
                      "Hash Cond": "(r2.bid \u003d b2.bid)",
                      "Plan Rows": 5000,
                      "Inner Unique": true
                    },
                    {
                      "Parent Relationship": "Inner",
                      "Total Cost": 0.05,
                      "Scan Direction": "NoMovement",
                      "Relation Name": "sailors",
                      "Parallel Aware": false,
                      "Alias": "s2",
                      "Node Type": "Index Scan",
                      "Index Name": "idx_sailors_sid",
                      "Plan Width": 4,
                      "Startup Cost": 0.0,
                      "Index Cond": "(sid \u003d r2.sid)",
                      "Plan Rows": 1
                    }
                  ],
                  "Parallel Aware": false,
                  "Node Type": "Nested Loop",
                  "Join Type": "Inner",
                  "Plan Width": 8,
                  "Startup Cost": 75.0,
                  "Plan Rows": 5000,
                  "Inner Unique": true
                }
              ],
              "Parallel Aware": false,
              "Node Type": "Aggregate",
              "Plan Width": 8,
              "Strategy": "Hashed",
              "Startup Cost": 591.71,
              "Group Key": [
                "s2.sid"
              ],
              "Plan Rows": 5000,
              "Partial Mode": "Simple"
            }
          ],
          "Parallel Aware": false,
          "Node Type": "Hash",
          "Plan Width": 8,
          "Startup Cost": 641.71,
          "Plan Rows": 5000
        }
      ],
      "Parallel Aware": false,
      "Node Type": "Hash Join",
      "Join Type": "Inner",
      "Plan Width": 12,
      "Startup Cost": 779.21,
      "Hash Cond": "(r.sid \u003d s2.sid)",
      "Plan Rows": 2779,
      "Inner Unique": false
    },
    {
      "Parent Relationship": "Inner",
      "Total Cost": 0.05,
      "Scan Direction": "NoMovement",
      "Relation Name": "sailors",
      "Parallel Aware": false,
      "Alias": "s",
      "Node Type": "Index Scan",
      "Index Name": "idx_sailors_sid",
      "Plan Width": 25,
      "Startup Cost": 0.0,
      "Index Cond": "(sid \u003d r.sid)",
      "Plan Rows": 1
    }
  ],
  "Parallel Aware": false,
  "Node Type": "Nested Loop",
  "Join Type": "Inner",
  "Plan Width": 21,
  "Startup Cost": 779.21,
  "Plan Rows": 2778,
  "Inner Unique": true
}

------------------------------

Indicies Configuration #210:
Index hash on column sid in table sailors
Index btree on column bid in table reserves
Index hash on column color in table boat
Index hash on column bid in table boat

------------------------------

1. The Total Cost of the Plan = 1226.58
2. The Estimated Size of the Result Set = 2778
3. The Plan of the Query:
{
  "Total Cost": 1226.58,
  "Plans": [
    {
      "Parent Relationship": "Outer",
      "Total Cost": 1097.16,
      "Plans": [
        {
          "Parent Relationship": "Outer",
          "Total Cost": 346.42,
          "Plans": [
            {
              "Parent Relationship": "Outer",
              "Total Cost": 231.99,
              "Relation Name": "reserves",
              "Parallel Aware": false,
              "Alias": "r",
              "Node Type": "Seq Scan",
              "Plan Width": 8,
              "Startup Cost": 0.0,
              "Plan Rows": 14999
            },
            {
              "Parent Relationship": "Inner",
              "Total Cost": 62.5,
              "Plans": [
                {
                  "Parent Relationship": "Outer",
                  "Total Cost": 62.5,
                  "Relation Name": "boat",
                  "Parallel Aware": false,
                  "Filter": "(color \u003d \u0027red\u0027::bpchar)",
                  "Alias": "b",
                  "Node Type": "Seq Scan",
                  "Plan Width": 4,
                  "Startup Cost": 0.0,
                  "Plan Rows": 1000
                }
              ],
              "Parallel Aware": false,
              "Node Type": "Hash",
              "Plan Width": 4,
              "Startup Cost": 62.5,
              "Plan Rows": 1000
            }
          ],
          "Parallel Aware": false,
          "Node Type": "Hash Join",
          "Join Type": "Inner",
          "Plan Width": 4,
          "Startup Cost": 75.0,
          "Hash Cond": "(r.bid \u003d b.bid)",
          "Plan Rows": 5000,
          "Inner Unique": true
        },
        {
          "Parent Relationship": "Inner",
          "Total Cost": 641.71,
          "Plans": [
            {
              "Parent Relationship": "Outer",
              "Total Cost": 641.71,
              "Plans": [
                {
                  "Parent Relationship": "Outer",
                  "Total Cost": 579.21,
                  "Plans": [
                    {
                      "Parent Relationship": "Outer",
                      "Total Cost": 346.42,
                      "Plans": [
                        {
                          "Parent Relationship": "Outer",
                          "Total Cost": 231.99,
                          "Relation Name": "reserves",
                          "Parallel Aware": false,
                          "Alias": "r2",
                          "Node Type": "Seq Scan",
                          "Plan Width": 8,
                          "Startup Cost": 0.0,
                          "Plan Rows": 14999
                        },
                        {
                          "Parent Relationship": "Inner",
                          "Total Cost": 62.5,
                          "Plans": [
                            {
                              "Parent Relationship": "Outer",
                              "Total Cost": 62.5,
                              "Relation Name": "boat",
                              "Parallel Aware": false,
                              "Filter": "(color \u003d \u0027green\u0027::bpchar)",
                              "Alias": "b2",
                              "Node Type": "Seq Scan",
                              "Plan Width": 4,
                              "Startup Cost": 0.0,
                              "Plan Rows": 1000
                            }
                          ],
                          "Parallel Aware": false,
                          "Node Type": "Hash",
                          "Plan Width": 4,
                          "Startup Cost": 62.5,
                          "Plan Rows": 1000
                        }
                      ],
                      "Parallel Aware": false,
                      "Node Type": "Hash Join",
                      "Join Type": "Inner",
                      "Plan Width": 4,
                      "Startup Cost": 75.0,
                      "Hash Cond": "(r2.bid \u003d b2.bid)",
                      "Plan Rows": 5000,
                      "Inner Unique": true
                    },
                    {
                      "Parent Relationship": "Inner",
                      "Total Cost": 0.05,
                      "Scan Direction": "NoMovement",
                      "Relation Name": "sailors",
                      "Parallel Aware": false,
                      "Alias": "s2",
                      "Node Type": "Index Scan",
                      "Index Name": "idx_sailors_sid",
                      "Plan Width": 4,
                      "Startup Cost": 0.0,
                      "Index Cond": "(sid \u003d r2.sid)",
                      "Plan Rows": 1
                    }
                  ],
                  "Parallel Aware": false,
                  "Node Type": "Nested Loop",
                  "Join Type": "Inner",
                  "Plan Width": 8,
                  "Startup Cost": 75.0,
                  "Plan Rows": 5000,
                  "Inner Unique": true
                }
              ],
              "Parallel Aware": false,
              "Node Type": "Aggregate",
              "Plan Width": 8,
              "Strategy": "Hashed",
              "Startup Cost": 591.71,
              "Group Key": [
                "s2.sid"
              ],
              "Plan Rows": 5000,
              "Partial Mode": "Simple"
            }
          ],
          "Parallel Aware": false,
          "Node Type": "Hash",
          "Plan Width": 8,
          "Startup Cost": 641.71,
          "Plan Rows": 5000
        }
      ],
      "Parallel Aware": false,
      "Node Type": "Hash Join",
      "Join Type": "Inner",
      "Plan Width": 12,
      "Startup Cost": 779.21,
      "Hash Cond": "(r.sid \u003d s2.sid)",
      "Plan Rows": 2779,
      "Inner Unique": false
    },
    {
      "Parent Relationship": "Inner",
      "Total Cost": 0.05,
      "Scan Direction": "NoMovement",
      "Relation Name": "sailors",
      "Parallel Aware": false,
      "Alias": "s",
      "Node Type": "Index Scan",
      "Index Name": "idx_sailors_sid",
      "Plan Width": 25,
      "Startup Cost": 0.0,
      "Index Cond": "(sid \u003d r.sid)",
      "Plan Rows": 1
    }
  ],
  "Parallel Aware": false,
  "Node Type": "Nested Loop",
  "Join Type": "Inner",
  "Plan Width": 21,
  "Startup Cost": 779.21,
  "Plan Rows": 2778,
  "Inner Unique": true
}

------------------------------

Indicies Configuration #211:
Index hash on column sid in table sailors
Index btree on column bid in table reserves
Index hash on column color in table boat
Index btree on column sid in table reserves

------------------------------

1. The Total Cost of the Plan = 1226.58
2. The Estimated Size of the Result Set = 2778
3. The Plan of the Query:
{
  "Total Cost": 1226.58,
  "Plans": [
    {
      "Parent Relationship": "Outer",
      "Total Cost": 1097.16,
      "Plans": [
        {
          "Parent Relationship": "Outer",
          "Total Cost": 346.42,
          "Plans": [
            {
              "Parent Relationship": "Outer",
              "Total Cost": 231.99,
              "Relation Name": "reserves",
              "Parallel Aware": false,
              "Alias": "r",
              "Node Type": "Seq Scan",
              "Plan Width": 8,
              "Startup Cost": 0.0,
              "Plan Rows": 14999
            },
            {
              "Parent Relationship": "Inner",
              "Total Cost": 62.5,
              "Plans": [
                {
                  "Parent Relationship": "Outer",
                  "Total Cost": 62.5,
                  "Relation Name": "boat",
                  "Parallel Aware": false,
                  "Filter": "(color \u003d \u0027red\u0027::bpchar)",
                  "Alias": "b",
                  "Node Type": "Seq Scan",
                  "Plan Width": 4,
                  "Startup Cost": 0.0,
                  "Plan Rows": 1000
                }
              ],
              "Parallel Aware": false,
              "Node Type": "Hash",
              "Plan Width": 4,
              "Startup Cost": 62.5,
              "Plan Rows": 1000
            }
          ],
          "Parallel Aware": false,
          "Node Type": "Hash Join",
          "Join Type": "Inner",
          "Plan Width": 4,
          "Startup Cost": 75.0,
          "Hash Cond": "(r.bid \u003d b.bid)",
          "Plan Rows": 5000,
          "Inner Unique": true
        },
        {
          "Parent Relationship": "Inner",
          "Total Cost": 641.71,
          "Plans": [
            {
              "Parent Relationship": "Outer",
              "Total Cost": 641.71,
              "Plans": [
                {
                  "Parent Relationship": "Outer",
                  "Total Cost": 579.21,
                  "Plans": [
                    {
                      "Parent Relationship": "Outer",
                      "Total Cost": 346.42,
                      "Plans": [
                        {
                          "Parent Relationship": "Outer",
                          "Total Cost": 231.99,
                          "Relation Name": "reserves",
                          "Parallel Aware": false,
                          "Alias": "r2",
                          "Node Type": "Seq Scan",
                          "Plan Width": 8,
                          "Startup Cost": 0.0,
                          "Plan Rows": 14999
                        },
                        {
                          "Parent Relationship": "Inner",
                          "Total Cost": 62.5,
                          "Plans": [
                            {
                              "Parent Relationship": "Outer",
                              "Total Cost": 62.5,
                              "Relation Name": "boat",
                              "Parallel Aware": false,
                              "Filter": "(color \u003d \u0027green\u0027::bpchar)",
                              "Alias": "b2",
                              "Node Type": "Seq Scan",
                              "Plan Width": 4,
                              "Startup Cost": 0.0,
                              "Plan Rows": 1000
                            }
                          ],
                          "Parallel Aware": false,
                          "Node Type": "Hash",
                          "Plan Width": 4,
                          "Startup Cost": 62.5,
                          "Plan Rows": 1000
                        }
                      ],
                      "Parallel Aware": false,
                      "Node Type": "Hash Join",
                      "Join Type": "Inner",
                      "Plan Width": 4,
                      "Startup Cost": 75.0,
                      "Hash Cond": "(r2.bid \u003d b2.bid)",
                      "Plan Rows": 5000,
                      "Inner Unique": true
                    },
                    {
                      "Parent Relationship": "Inner",
                      "Total Cost": 0.05,
                      "Scan Direction": "NoMovement",
                      "Relation Name": "sailors",
                      "Parallel Aware": false,
                      "Alias": "s2",
                      "Node Type": "Index Scan",
                      "Index Name": "idx_sailors_sid",
                      "Plan Width": 4,
                      "Startup Cost": 0.0,
                      "Index Cond": "(sid \u003d r2.sid)",
                      "Plan Rows": 1
                    }
                  ],
                  "Parallel Aware": false,
                  "Node Type": "Nested Loop",
                  "Join Type": "Inner",
                  "Plan Width": 8,
                  "Startup Cost": 75.0,
                  "Plan Rows": 5000,
                  "Inner Unique": true
                }
              ],
              "Parallel Aware": false,
              "Node Type": "Aggregate",
              "Plan Width": 8,
              "Strategy": "Hashed",
              "Startup Cost": 591.71,
              "Group Key": [
                "s2.sid"
              ],
              "Plan Rows": 5000,
              "Partial Mode": "Simple"
            }
          ],
          "Parallel Aware": false,
          "Node Type": "Hash",
          "Plan Width": 8,
          "Startup Cost": 641.71,
          "Plan Rows": 5000
        }
      ],
      "Parallel Aware": false,
      "Node Type": "Hash Join",
      "Join Type": "Inner",
      "Plan Width": 12,
      "Startup Cost": 779.21,
      "Hash Cond": "(r.sid \u003d s2.sid)",
      "Plan Rows": 2779,
      "Inner Unique": false
    },
    {
      "Parent Relationship": "Inner",
      "Total Cost": 0.05,
      "Scan Direction": "NoMovement",
      "Relation Name": "sailors",
      "Parallel Aware": false,
      "Alias": "s",
      "Node Type": "Index Scan",
      "Index Name": "idx_sailors_sid",
      "Plan Width": 25,
      "Startup Cost": 0.0,
      "Index Cond": "(sid \u003d r.sid)",
      "Plan Rows": 1
    }
  ],
  "Parallel Aware": false,
  "Node Type": "Nested Loop",
  "Join Type": "Inner",
  "Plan Width": 21,
  "Startup Cost": 779.21,
  "Plan Rows": 2778,
  "Inner Unique": true
}

------------------------------

Indicies Configuration #212:
Index hash on column sid in table sailors
Index btree on column bid in table reserves
Index hash on column color in table boat
Index btree on column sid in table reserves
Index btree on column bid in table boat

------------------------------

1. The Total Cost of the Plan = 1226.58
2. The Estimated Size of the Result Set = 2778
3. The Plan of the Query:
{
  "Total Cost": 1226.58,
  "Plans": [
    {
      "Parent Relationship": "Outer",
      "Total Cost": 1097.16,
      "Plans": [
        {
          "Parent Relationship": "Outer",
          "Total Cost": 346.42,
          "Plans": [
            {
              "Parent Relationship": "Outer",
              "Total Cost": 231.99,
              "Relation Name": "reserves",
              "Parallel Aware": false,
              "Alias": "r",
              "Node Type": "Seq Scan",
              "Plan Width": 8,
              "Startup Cost": 0.0,
              "Plan Rows": 14999
            },
            {
              "Parent Relationship": "Inner",
              "Total Cost": 62.5,
              "Plans": [
                {
                  "Parent Relationship": "Outer",
                  "Total Cost": 62.5,
                  "Relation Name": "boat",
                  "Parallel Aware": false,
                  "Filter": "(color \u003d \u0027red\u0027::bpchar)",
                  "Alias": "b",
                  "Node Type": "Seq Scan",
                  "Plan Width": 4,
                  "Startup Cost": 0.0,
                  "Plan Rows": 1000
                }
              ],
              "Parallel Aware": false,
              "Node Type": "Hash",
              "Plan Width": 4,
              "Startup Cost": 62.5,
              "Plan Rows": 1000
            }
          ],
          "Parallel Aware": false,
          "Node Type": "Hash Join",
          "Join Type": "Inner",
          "Plan Width": 4,
          "Startup Cost": 75.0,
          "Hash Cond": "(r.bid \u003d b.bid)",
          "Plan Rows": 5000,
          "Inner Unique": true
        },
        {
          "Parent Relationship": "Inner",
          "Total Cost": 641.71,
          "Plans": [
            {
              "Parent Relationship": "Outer",
              "Total Cost": 641.71,
              "Plans": [
                {
                  "Parent Relationship": "Outer",
                  "Total Cost": 579.21,
                  "Plans": [
                    {
                      "Parent Relationship": "Outer",
                      "Total Cost": 346.42,
                      "Plans": [
                        {
                          "Parent Relationship": "Outer",
                          "Total Cost": 231.99,
                          "Relation Name": "reserves",
                          "Parallel Aware": false,
                          "Alias": "r2",
                          "Node Type": "Seq Scan",
                          "Plan Width": 8,
                          "Startup Cost": 0.0,
                          "Plan Rows": 14999
                        },
                        {
                          "Parent Relationship": "Inner",
                          "Total Cost": 62.5,
                          "Plans": [
                            {
                              "Parent Relationship": "Outer",
                              "Total Cost": 62.5,
                              "Relation Name": "boat",
                              "Parallel Aware": false,
                              "Filter": "(color \u003d \u0027green\u0027::bpchar)",
                              "Alias": "b2",
                              "Node Type": "Seq Scan",
                              "Plan Width": 4,
                              "Startup Cost": 0.0,
                              "Plan Rows": 1000
                            }
                          ],
                          "Parallel Aware": false,
                          "Node Type": "Hash",
                          "Plan Width": 4,
                          "Startup Cost": 62.5,
                          "Plan Rows": 1000
                        }
                      ],
                      "Parallel Aware": false,
                      "Node Type": "Hash Join",
                      "Join Type": "Inner",
                      "Plan Width": 4,
                      "Startup Cost": 75.0,
                      "Hash Cond": "(r2.bid \u003d b2.bid)",
                      "Plan Rows": 5000,
                      "Inner Unique": true
                    },
                    {
                      "Parent Relationship": "Inner",
                      "Total Cost": 0.05,
                      "Scan Direction": "NoMovement",
                      "Relation Name": "sailors",
                      "Parallel Aware": false,
                      "Alias": "s2",
                      "Node Type": "Index Scan",
                      "Index Name": "idx_sailors_sid",
                      "Plan Width": 4,
                      "Startup Cost": 0.0,
                      "Index Cond": "(sid \u003d r2.sid)",
                      "Plan Rows": 1
                    }
                  ],
                  "Parallel Aware": false,
                  "Node Type": "Nested Loop",
                  "Join Type": "Inner",
                  "Plan Width": 8,
                  "Startup Cost": 75.0,
                  "Plan Rows": 5000,
                  "Inner Unique": true
                }
              ],
              "Parallel Aware": false,
              "Node Type": "Aggregate",
              "Plan Width": 8,
              "Strategy": "Hashed",
              "Startup Cost": 591.71,
              "Group Key": [
                "s2.sid"
              ],
              "Plan Rows": 5000,
              "Partial Mode": "Simple"
            }
          ],
          "Parallel Aware": false,
          "Node Type": "Hash",
          "Plan Width": 8,
          "Startup Cost": 641.71,
          "Plan Rows": 5000
        }
      ],
      "Parallel Aware": false,
      "Node Type": "Hash Join",
      "Join Type": "Inner",
      "Plan Width": 12,
      "Startup Cost": 779.21,
      "Hash Cond": "(r.sid \u003d s2.sid)",
      "Plan Rows": 2779,
      "Inner Unique": false
    },
    {
      "Parent Relationship": "Inner",
      "Total Cost": 0.05,
      "Scan Direction": "NoMovement",
      "Relation Name": "sailors",
      "Parallel Aware": false,
      "Alias": "s",
      "Node Type": "Index Scan",
      "Index Name": "idx_sailors_sid",
      "Plan Width": 25,
      "Startup Cost": 0.0,
      "Index Cond": "(sid \u003d r.sid)",
      "Plan Rows": 1
    }
  ],
  "Parallel Aware": false,
  "Node Type": "Nested Loop",
  "Join Type": "Inner",
  "Plan Width": 21,
  "Startup Cost": 779.21,
  "Plan Rows": 2778,
  "Inner Unique": true
}

------------------------------

Indicies Configuration #213:
Index hash on column sid in table sailors
Index btree on column bid in table reserves
Index hash on column color in table boat
Index btree on column sid in table reserves
Index hash on column bid in table boat

------------------------------

1. The Total Cost of the Plan = 1226.58
2. The Estimated Size of the Result Set = 2778
3. The Plan of the Query:
{
  "Total Cost": 1226.58,
  "Plans": [
    {
      "Parent Relationship": "Outer",
      "Total Cost": 1097.16,
      "Plans": [
        {
          "Parent Relationship": "Outer",
          "Total Cost": 346.42,
          "Plans": [
            {
              "Parent Relationship": "Outer",
              "Total Cost": 231.99,
              "Relation Name": "reserves",
              "Parallel Aware": false,
              "Alias": "r",
              "Node Type": "Seq Scan",
              "Plan Width": 8,
              "Startup Cost": 0.0,
              "Plan Rows": 14999
            },
            {
              "Parent Relationship": "Inner",
              "Total Cost": 62.5,
              "Plans": [
                {
                  "Parent Relationship": "Outer",
                  "Total Cost": 62.5,
                  "Relation Name": "boat",
                  "Parallel Aware": false,
                  "Filter": "(color \u003d \u0027red\u0027::bpchar)",
                  "Alias": "b",
                  "Node Type": "Seq Scan",
                  "Plan Width": 4,
                  "Startup Cost": 0.0,
                  "Plan Rows": 1000
                }
              ],
              "Parallel Aware": false,
              "Node Type": "Hash",
              "Plan Width": 4,
              "Startup Cost": 62.5,
              "Plan Rows": 1000
            }
          ],
          "Parallel Aware": false,
          "Node Type": "Hash Join",
          "Join Type": "Inner",
          "Plan Width": 4,
          "Startup Cost": 75.0,
          "Hash Cond": "(r.bid \u003d b.bid)",
          "Plan Rows": 5000,
          "Inner Unique": true
        },
        {
          "Parent Relationship": "Inner",
          "Total Cost": 641.71,
          "Plans": [
            {
              "Parent Relationship": "Outer",
              "Total Cost": 641.71,
              "Plans": [
                {
                  "Parent Relationship": "Outer",
                  "Total Cost": 579.21,
                  "Plans": [
                    {
                      "Parent Relationship": "Outer",
                      "Total Cost": 346.42,
                      "Plans": [
                        {
                          "Parent Relationship": "Outer",
                          "Total Cost": 231.99,
                          "Relation Name": "reserves",
                          "Parallel Aware": false,
                          "Alias": "r2",
                          "Node Type": "Seq Scan",
                          "Plan Width": 8,
                          "Startup Cost": 0.0,
                          "Plan Rows": 14999
                        },
                        {
                          "Parent Relationship": "Inner",
                          "Total Cost": 62.5,
                          "Plans": [
                            {
                              "Parent Relationship": "Outer",
                              "Total Cost": 62.5,
                              "Relation Name": "boat",
                              "Parallel Aware": false,
                              "Filter": "(color \u003d \u0027green\u0027::bpchar)",
                              "Alias": "b2",
                              "Node Type": "Seq Scan",
                              "Plan Width": 4,
                              "Startup Cost": 0.0,
                              "Plan Rows": 1000
                            }
                          ],
                          "Parallel Aware": false,
                          "Node Type": "Hash",
                          "Plan Width": 4,
                          "Startup Cost": 62.5,
                          "Plan Rows": 1000
                        }
                      ],
                      "Parallel Aware": false,
                      "Node Type": "Hash Join",
                      "Join Type": "Inner",
                      "Plan Width": 4,
                      "Startup Cost": 75.0,
                      "Hash Cond": "(r2.bid \u003d b2.bid)",
                      "Plan Rows": 5000,
                      "Inner Unique": true
                    },
                    {
                      "Parent Relationship": "Inner",
                      "Total Cost": 0.05,
                      "Scan Direction": "NoMovement",
                      "Relation Name": "sailors",
                      "Parallel Aware": false,
                      "Alias": "s2",
                      "Node Type": "Index Scan",
                      "Index Name": "idx_sailors_sid",
                      "Plan Width": 4,
                      "Startup Cost": 0.0,
                      "Index Cond": "(sid \u003d r2.sid)",
                      "Plan Rows": 1
                    }
                  ],
                  "Parallel Aware": false,
                  "Node Type": "Nested Loop",
                  "Join Type": "Inner",
                  "Plan Width": 8,
                  "Startup Cost": 75.0,
                  "Plan Rows": 5000,
                  "Inner Unique": true
                }
              ],
              "Parallel Aware": false,
              "Node Type": "Aggregate",
              "Plan Width": 8,
              "Strategy": "Hashed",
              "Startup Cost": 591.71,
              "Group Key": [
                "s2.sid"
              ],
              "Plan Rows": 5000,
              "Partial Mode": "Simple"
            }
          ],
          "Parallel Aware": false,
          "Node Type": "Hash",
          "Plan Width": 8,
          "Startup Cost": 641.71,
          "Plan Rows": 5000
        }
      ],
      "Parallel Aware": false,
      "Node Type": "Hash Join",
      "Join Type": "Inner",
      "Plan Width": 12,
      "Startup Cost": 779.21,
      "Hash Cond": "(r.sid \u003d s2.sid)",
      "Plan Rows": 2779,
      "Inner Unique": false
    },
    {
      "Parent Relationship": "Inner",
      "Total Cost": 0.05,
      "Scan Direction": "NoMovement",
      "Relation Name": "sailors",
      "Parallel Aware": false,
      "Alias": "s",
      "Node Type": "Index Scan",
      "Index Name": "idx_sailors_sid",
      "Plan Width": 25,
      "Startup Cost": 0.0,
      "Index Cond": "(sid \u003d r.sid)",
      "Plan Rows": 1
    }
  ],
  "Parallel Aware": false,
  "Node Type": "Nested Loop",
  "Join Type": "Inner",
  "Plan Width": 21,
  "Startup Cost": 779.21,
  "Plan Rows": 2778,
  "Inner Unique": true
}

------------------------------

Indicies Configuration #214:
Index hash on column sid in table sailors
Index btree on column bid in table reserves
Index hash on column color in table boat
Index hash on column sid in table reserves

------------------------------

1. The Total Cost of the Plan = 1226.58
2. The Estimated Size of the Result Set = 2778
3. The Plan of the Query:
{
  "Total Cost": 1226.58,
  "Plans": [
    {
      "Parent Relationship": "Outer",
      "Total Cost": 1097.16,
      "Plans": [
        {
          "Parent Relationship": "Outer",
          "Total Cost": 346.42,
          "Plans": [
            {
              "Parent Relationship": "Outer",
              "Total Cost": 231.99,
              "Relation Name": "reserves",
              "Parallel Aware": false,
              "Alias": "r",
              "Node Type": "Seq Scan",
              "Plan Width": 8,
              "Startup Cost": 0.0,
              "Plan Rows": 14999
            },
            {
              "Parent Relationship": "Inner",
              "Total Cost": 62.5,
              "Plans": [
                {
                  "Parent Relationship": "Outer",
                  "Total Cost": 62.5,
                  "Relation Name": "boat",
                  "Parallel Aware": false,
                  "Filter": "(color \u003d \u0027red\u0027::bpchar)",
                  "Alias": "b",
                  "Node Type": "Seq Scan",
                  "Plan Width": 4,
                  "Startup Cost": 0.0,
                  "Plan Rows": 1000
                }
              ],
              "Parallel Aware": false,
              "Node Type": "Hash",
              "Plan Width": 4,
              "Startup Cost": 62.5,
              "Plan Rows": 1000
            }
          ],
          "Parallel Aware": false,
          "Node Type": "Hash Join",
          "Join Type": "Inner",
          "Plan Width": 4,
          "Startup Cost": 75.0,
          "Hash Cond": "(r.bid \u003d b.bid)",
          "Plan Rows": 5000,
          "Inner Unique": true
        },
        {
          "Parent Relationship": "Inner",
          "Total Cost": 641.71,
          "Plans": [
            {
              "Parent Relationship": "Outer",
              "Total Cost": 641.71,
              "Plans": [
                {
                  "Parent Relationship": "Outer",
                  "Total Cost": 579.21,
                  "Plans": [
                    {
                      "Parent Relationship": "Outer",
                      "Total Cost": 346.42,
                      "Plans": [
                        {
                          "Parent Relationship": "Outer",
                          "Total Cost": 231.99,
                          "Relation Name": "reserves",
                          "Parallel Aware": false,
                          "Alias": "r2",
                          "Node Type": "Seq Scan",
                          "Plan Width": 8,
                          "Startup Cost": 0.0,
                          "Plan Rows": 14999
                        },
                        {
                          "Parent Relationship": "Inner",
                          "Total Cost": 62.5,
                          "Plans": [
                            {
                              "Parent Relationship": "Outer",
                              "Total Cost": 62.5,
                              "Relation Name": "boat",
                              "Parallel Aware": false,
                              "Filter": "(color \u003d \u0027green\u0027::bpchar)",
                              "Alias": "b2",
                              "Node Type": "Seq Scan",
                              "Plan Width": 4,
                              "Startup Cost": 0.0,
                              "Plan Rows": 1000
                            }
                          ],
                          "Parallel Aware": false,
                          "Node Type": "Hash",
                          "Plan Width": 4,
                          "Startup Cost": 62.5,
                          "Plan Rows": 1000
                        }
                      ],
                      "Parallel Aware": false,
                      "Node Type": "Hash Join",
                      "Join Type": "Inner",
                      "Plan Width": 4,
                      "Startup Cost": 75.0,
                      "Hash Cond": "(r2.bid \u003d b2.bid)",
                      "Plan Rows": 5000,
                      "Inner Unique": true
                    },
                    {
                      "Parent Relationship": "Inner",
                      "Total Cost": 0.05,
                      "Scan Direction": "NoMovement",
                      "Relation Name": "sailors",
                      "Parallel Aware": false,
                      "Alias": "s2",
                      "Node Type": "Index Scan",
                      "Index Name": "idx_sailors_sid",
                      "Plan Width": 4,
                      "Startup Cost": 0.0,
                      "Index Cond": "(sid \u003d r2.sid)",
                      "Plan Rows": 1
                    }
                  ],
                  "Parallel Aware": false,
                  "Node Type": "Nested Loop",
                  "Join Type": "Inner",
                  "Plan Width": 8,
                  "Startup Cost": 75.0,
                  "Plan Rows": 5000,
                  "Inner Unique": true
                }
              ],
              "Parallel Aware": false,
              "Node Type": "Aggregate",
              "Plan Width": 8,
              "Strategy": "Hashed",
              "Startup Cost": 591.71,
              "Group Key": [
                "s2.sid"
              ],
              "Plan Rows": 5000,
              "Partial Mode": "Simple"
            }
          ],
          "Parallel Aware": false,
          "Node Type": "Hash",
          "Plan Width": 8,
          "Startup Cost": 641.71,
          "Plan Rows": 5000
        }
      ],
      "Parallel Aware": false,
      "Node Type": "Hash Join",
      "Join Type": "Inner",
      "Plan Width": 12,
      "Startup Cost": 779.21,
      "Hash Cond": "(r.sid \u003d s2.sid)",
      "Plan Rows": 2779,
      "Inner Unique": false
    },
    {
      "Parent Relationship": "Inner",
      "Total Cost": 0.05,
      "Scan Direction": "NoMovement",
      "Relation Name": "sailors",
      "Parallel Aware": false,
      "Alias": "s",
      "Node Type": "Index Scan",
      "Index Name": "idx_sailors_sid",
      "Plan Width": 25,
      "Startup Cost": 0.0,
      "Index Cond": "(sid \u003d r.sid)",
      "Plan Rows": 1
    }
  ],
  "Parallel Aware": false,
  "Node Type": "Nested Loop",
  "Join Type": "Inner",
  "Plan Width": 21,
  "Startup Cost": 779.21,
  "Plan Rows": 2778,
  "Inner Unique": true
}

------------------------------

Indicies Configuration #215:
Index hash on column sid in table sailors
Index btree on column bid in table reserves
Index hash on column color in table boat
Index hash on column sid in table reserves
Index btree on column bid in table boat

------------------------------

1. The Total Cost of the Plan = 1226.58
2. The Estimated Size of the Result Set = 2778
3. The Plan of the Query:
{
  "Total Cost": 1226.58,
  "Plans": [
    {
      "Parent Relationship": "Outer",
      "Total Cost": 1097.16,
      "Plans": [
        {
          "Parent Relationship": "Outer",
          "Total Cost": 346.42,
          "Plans": [
            {
              "Parent Relationship": "Outer",
              "Total Cost": 231.99,
              "Relation Name": "reserves",
              "Parallel Aware": false,
              "Alias": "r",
              "Node Type": "Seq Scan",
              "Plan Width": 8,
              "Startup Cost": 0.0,
              "Plan Rows": 14999
            },
            {
              "Parent Relationship": "Inner",
              "Total Cost": 62.5,
              "Plans": [
                {
                  "Parent Relationship": "Outer",
                  "Total Cost": 62.5,
                  "Relation Name": "boat",
                  "Parallel Aware": false,
                  "Filter": "(color \u003d \u0027red\u0027::bpchar)",
                  "Alias": "b",
                  "Node Type": "Seq Scan",
                  "Plan Width": 4,
                  "Startup Cost": 0.0,
                  "Plan Rows": 1000
                }
              ],
              "Parallel Aware": false,
              "Node Type": "Hash",
              "Plan Width": 4,
              "Startup Cost": 62.5,
              "Plan Rows": 1000
            }
          ],
          "Parallel Aware": false,
          "Node Type": "Hash Join",
          "Join Type": "Inner",
          "Plan Width": 4,
          "Startup Cost": 75.0,
          "Hash Cond": "(r.bid \u003d b.bid)",
          "Plan Rows": 5000,
          "Inner Unique": true
        },
        {
          "Parent Relationship": "Inner",
          "Total Cost": 641.71,
          "Plans": [
            {
              "Parent Relationship": "Outer",
              "Total Cost": 641.71,
              "Plans": [
                {
                  "Parent Relationship": "Outer",
                  "Total Cost": 579.21,
                  "Plans": [
                    {
                      "Parent Relationship": "Outer",
                      "Total Cost": 346.42,
                      "Plans": [
                        {
                          "Parent Relationship": "Outer",
                          "Total Cost": 231.99,
                          "Relation Name": "reserves",
                          "Parallel Aware": false,
                          "Alias": "r2",
                          "Node Type": "Seq Scan",
                          "Plan Width": 8,
                          "Startup Cost": 0.0,
                          "Plan Rows": 14999
                        },
                        {
                          "Parent Relationship": "Inner",
                          "Total Cost": 62.5,
                          "Plans": [
                            {
                              "Parent Relationship": "Outer",
                              "Total Cost": 62.5,
                              "Relation Name": "boat",
                              "Parallel Aware": false,
                              "Filter": "(color \u003d \u0027green\u0027::bpchar)",
                              "Alias": "b2",
                              "Node Type": "Seq Scan",
                              "Plan Width": 4,
                              "Startup Cost": 0.0,
                              "Plan Rows": 1000
                            }
                          ],
                          "Parallel Aware": false,
                          "Node Type": "Hash",
                          "Plan Width": 4,
                          "Startup Cost": 62.5,
                          "Plan Rows": 1000
                        }
                      ],
                      "Parallel Aware": false,
                      "Node Type": "Hash Join",
                      "Join Type": "Inner",
                      "Plan Width": 4,
                      "Startup Cost": 75.0,
                      "Hash Cond": "(r2.bid \u003d b2.bid)",
                      "Plan Rows": 5000,
                      "Inner Unique": true
                    },
                    {
                      "Parent Relationship": "Inner",
                      "Total Cost": 0.05,
                      "Scan Direction": "NoMovement",
                      "Relation Name": "sailors",
                      "Parallel Aware": false,
                      "Alias": "s2",
                      "Node Type": "Index Scan",
                      "Index Name": "idx_sailors_sid",
                      "Plan Width": 4,
                      "Startup Cost": 0.0,
                      "Index Cond": "(sid \u003d r2.sid)",
                      "Plan Rows": 1
                    }
                  ],
                  "Parallel Aware": false,
                  "Node Type": "Nested Loop",
                  "Join Type": "Inner",
                  "Plan Width": 8,
                  "Startup Cost": 75.0,
                  "Plan Rows": 5000,
                  "Inner Unique": true
                }
              ],
              "Parallel Aware": false,
              "Node Type": "Aggregate",
              "Plan Width": 8,
              "Strategy": "Hashed",
              "Startup Cost": 591.71,
              "Group Key": [
                "s2.sid"
              ],
              "Plan Rows": 5000,
              "Partial Mode": "Simple"
            }
          ],
          "Parallel Aware": false,
          "Node Type": "Hash",
          "Plan Width": 8,
          "Startup Cost": 641.71,
          "Plan Rows": 5000
        }
      ],
      "Parallel Aware": false,
      "Node Type": "Hash Join",
      "Join Type": "Inner",
      "Plan Width": 12,
      "Startup Cost": 779.21,
      "Hash Cond": "(r.sid \u003d s2.sid)",
      "Plan Rows": 2779,
      "Inner Unique": false
    },
    {
      "Parent Relationship": "Inner",
      "Total Cost": 0.05,
      "Scan Direction": "NoMovement",
      "Relation Name": "sailors",
      "Parallel Aware": false,
      "Alias": "s",
      "Node Type": "Index Scan",
      "Index Name": "idx_sailors_sid",
      "Plan Width": 25,
      "Startup Cost": 0.0,
      "Index Cond": "(sid \u003d r.sid)",
      "Plan Rows": 1
    }
  ],
  "Parallel Aware": false,
  "Node Type": "Nested Loop",
  "Join Type": "Inner",
  "Plan Width": 21,
  "Startup Cost": 779.21,
  "Plan Rows": 2778,
  "Inner Unique": true
}

------------------------------

Indicies Configuration #216:
Index hash on column sid in table sailors
Index btree on column bid in table reserves
Index hash on column color in table boat
Index hash on column sid in table reserves
Index hash on column bid in table boat

------------------------------

1. The Total Cost of the Plan = 1226.58
2. The Estimated Size of the Result Set = 2778
3. The Plan of the Query:
{
  "Total Cost": 1226.58,
  "Plans": [
    {
      "Parent Relationship": "Outer",
      "Total Cost": 1097.16,
      "Plans": [
        {
          "Parent Relationship": "Outer",
          "Total Cost": 346.42,
          "Plans": [
            {
              "Parent Relationship": "Outer",
              "Total Cost": 231.99,
              "Relation Name": "reserves",
              "Parallel Aware": false,
              "Alias": "r",
              "Node Type": "Seq Scan",
              "Plan Width": 8,
              "Startup Cost": 0.0,
              "Plan Rows": 14999
            },
            {
              "Parent Relationship": "Inner",
              "Total Cost": 62.5,
              "Plans": [
                {
                  "Parent Relationship": "Outer",
                  "Total Cost": 62.5,
                  "Relation Name": "boat",
                  "Parallel Aware": false,
                  "Filter": "(color \u003d \u0027red\u0027::bpchar)",
                  "Alias": "b",
                  "Node Type": "Seq Scan",
                  "Plan Width": 4,
                  "Startup Cost": 0.0,
                  "Plan Rows": 1000
                }
              ],
              "Parallel Aware": false,
              "Node Type": "Hash",
              "Plan Width": 4,
              "Startup Cost": 62.5,
              "Plan Rows": 1000
            }
          ],
          "Parallel Aware": false,
          "Node Type": "Hash Join",
          "Join Type": "Inner",
          "Plan Width": 4,
          "Startup Cost": 75.0,
          "Hash Cond": "(r.bid \u003d b.bid)",
          "Plan Rows": 5000,
          "Inner Unique": true
        },
        {
          "Parent Relationship": "Inner",
          "Total Cost": 641.71,
          "Plans": [
            {
              "Parent Relationship": "Outer",
              "Total Cost": 641.71,
              "Plans": [
                {
                  "Parent Relationship": "Outer",
                  "Total Cost": 579.21,
                  "Plans": [
                    {
                      "Parent Relationship": "Outer",
                      "Total Cost": 346.42,
                      "Plans": [
                        {
                          "Parent Relationship": "Outer",
                          "Total Cost": 231.99,
                          "Relation Name": "reserves",
                          "Parallel Aware": false,
                          "Alias": "r2",
                          "Node Type": "Seq Scan",
                          "Plan Width": 8,
                          "Startup Cost": 0.0,
                          "Plan Rows": 14999
                        },
                        {
                          "Parent Relationship": "Inner",
                          "Total Cost": 62.5,
                          "Plans": [
                            {
                              "Parent Relationship": "Outer",
                              "Total Cost": 62.5,
                              "Relation Name": "boat",
                              "Parallel Aware": false,
                              "Filter": "(color \u003d \u0027green\u0027::bpchar)",
                              "Alias": "b2",
                              "Node Type": "Seq Scan",
                              "Plan Width": 4,
                              "Startup Cost": 0.0,
                              "Plan Rows": 1000
                            }
                          ],
                          "Parallel Aware": false,
                          "Node Type": "Hash",
                          "Plan Width": 4,
                          "Startup Cost": 62.5,
                          "Plan Rows": 1000
                        }
                      ],
                      "Parallel Aware": false,
                      "Node Type": "Hash Join",
                      "Join Type": "Inner",
                      "Plan Width": 4,
                      "Startup Cost": 75.0,
                      "Hash Cond": "(r2.bid \u003d b2.bid)",
                      "Plan Rows": 5000,
                      "Inner Unique": true
                    },
                    {
                      "Parent Relationship": "Inner",
                      "Total Cost": 0.05,
                      "Scan Direction": "NoMovement",
                      "Relation Name": "sailors",
                      "Parallel Aware": false,
                      "Alias": "s2",
                      "Node Type": "Index Scan",
                      "Index Name": "idx_sailors_sid",
                      "Plan Width": 4,
                      "Startup Cost": 0.0,
                      "Index Cond": "(sid \u003d r2.sid)",
                      "Plan Rows": 1
                    }
                  ],
                  "Parallel Aware": false,
                  "Node Type": "Nested Loop",
                  "Join Type": "Inner",
                  "Plan Width": 8,
                  "Startup Cost": 75.0,
                  "Plan Rows": 5000,
                  "Inner Unique": true
                }
              ],
              "Parallel Aware": false,
              "Node Type": "Aggregate",
              "Plan Width": 8,
              "Strategy": "Hashed",
              "Startup Cost": 591.71,
              "Group Key": [
                "s2.sid"
              ],
              "Plan Rows": 5000,
              "Partial Mode": "Simple"
            }
          ],
          "Parallel Aware": false,
          "Node Type": "Hash",
          "Plan Width": 8,
          "Startup Cost": 641.71,
          "Plan Rows": 5000
        }
      ],
      "Parallel Aware": false,
      "Node Type": "Hash Join",
      "Join Type": "Inner",
      "Plan Width": 12,
      "Startup Cost": 779.21,
      "Hash Cond": "(r.sid \u003d s2.sid)",
      "Plan Rows": 2779,
      "Inner Unique": false
    },
    {
      "Parent Relationship": "Inner",
      "Total Cost": 0.05,
      "Scan Direction": "NoMovement",
      "Relation Name": "sailors",
      "Parallel Aware": false,
      "Alias": "s",
      "Node Type": "Index Scan",
      "Index Name": "idx_sailors_sid",
      "Plan Width": 25,
      "Startup Cost": 0.0,
      "Index Cond": "(sid \u003d r.sid)",
      "Plan Rows": 1
    }
  ],
  "Parallel Aware": false,
  "Node Type": "Nested Loop",
  "Join Type": "Inner",
  "Plan Width": 21,
  "Startup Cost": 779.21,
  "Plan Rows": 2778,
  "Inner Unique": true
}

------------------------------

Indicies Configuration #217:
Index hash on column sid in table sailors
Index hash on column bid in table reserves

------------------------------

1. The Total Cost of the Plan = 1226.58
2. The Estimated Size of the Result Set = 2778
3. The Plan of the Query:
{
  "Total Cost": 1226.58,
  "Plans": [
    {
      "Parent Relationship": "Outer",
      "Total Cost": 1097.16,
      "Plans": [
        {
          "Parent Relationship": "Outer",
          "Total Cost": 346.42,
          "Plans": [
            {
              "Parent Relationship": "Outer",
              "Total Cost": 231.99,
              "Relation Name": "reserves",
              "Parallel Aware": false,
              "Alias": "r",
              "Node Type": "Seq Scan",
              "Plan Width": 8,
              "Startup Cost": 0.0,
              "Plan Rows": 14999
            },
            {
              "Parent Relationship": "Inner",
              "Total Cost": 62.5,
              "Plans": [
                {
                  "Parent Relationship": "Outer",
                  "Total Cost": 62.5,
                  "Relation Name": "boat",
                  "Parallel Aware": false,
                  "Filter": "(color \u003d \u0027red\u0027::bpchar)",
                  "Alias": "b",
                  "Node Type": "Seq Scan",
                  "Plan Width": 4,
                  "Startup Cost": 0.0,
                  "Plan Rows": 1000
                }
              ],
              "Parallel Aware": false,
              "Node Type": "Hash",
              "Plan Width": 4,
              "Startup Cost": 62.5,
              "Plan Rows": 1000
            }
          ],
          "Parallel Aware": false,
          "Node Type": "Hash Join",
          "Join Type": "Inner",
          "Plan Width": 4,
          "Startup Cost": 75.0,
          "Hash Cond": "(r.bid \u003d b.bid)",
          "Plan Rows": 5000,
          "Inner Unique": true
        },
        {
          "Parent Relationship": "Inner",
          "Total Cost": 641.71,
          "Plans": [
            {
              "Parent Relationship": "Outer",
              "Total Cost": 641.71,
              "Plans": [
                {
                  "Parent Relationship": "Outer",
                  "Total Cost": 579.21,
                  "Plans": [
                    {
                      "Parent Relationship": "Outer",
                      "Total Cost": 346.42,
                      "Plans": [
                        {
                          "Parent Relationship": "Outer",
                          "Total Cost": 231.99,
                          "Relation Name": "reserves",
                          "Parallel Aware": false,
                          "Alias": "r2",
                          "Node Type": "Seq Scan",
                          "Plan Width": 8,
                          "Startup Cost": 0.0,
                          "Plan Rows": 14999
                        },
                        {
                          "Parent Relationship": "Inner",
                          "Total Cost": 62.5,
                          "Plans": [
                            {
                              "Parent Relationship": "Outer",
                              "Total Cost": 62.5,
                              "Relation Name": "boat",
                              "Parallel Aware": false,
                              "Filter": "(color \u003d \u0027green\u0027::bpchar)",
                              "Alias": "b2",
                              "Node Type": "Seq Scan",
                              "Plan Width": 4,
                              "Startup Cost": 0.0,
                              "Plan Rows": 1000
                            }
                          ],
                          "Parallel Aware": false,
                          "Node Type": "Hash",
                          "Plan Width": 4,
                          "Startup Cost": 62.5,
                          "Plan Rows": 1000
                        }
                      ],
                      "Parallel Aware": false,
                      "Node Type": "Hash Join",
                      "Join Type": "Inner",
                      "Plan Width": 4,
                      "Startup Cost": 75.0,
                      "Hash Cond": "(r2.bid \u003d b2.bid)",
                      "Plan Rows": 5000,
                      "Inner Unique": true
                    },
                    {
                      "Parent Relationship": "Inner",
                      "Total Cost": 0.05,
                      "Scan Direction": "NoMovement",
                      "Relation Name": "sailors",
                      "Parallel Aware": false,
                      "Alias": "s2",
                      "Node Type": "Index Scan",
                      "Index Name": "idx_sailors_sid",
                      "Plan Width": 4,
                      "Startup Cost": 0.0,
                      "Index Cond": "(sid \u003d r2.sid)",
                      "Plan Rows": 1
                    }
                  ],
                  "Parallel Aware": false,
                  "Node Type": "Nested Loop",
                  "Join Type": "Inner",
                  "Plan Width": 8,
                  "Startup Cost": 75.0,
                  "Plan Rows": 5000,
                  "Inner Unique": true
                }
              ],
              "Parallel Aware": false,
              "Node Type": "Aggregate",
              "Plan Width": 8,
              "Strategy": "Hashed",
              "Startup Cost": 591.71,
              "Group Key": [
                "s2.sid"
              ],
              "Plan Rows": 5000,
              "Partial Mode": "Simple"
            }
          ],
          "Parallel Aware": false,
          "Node Type": "Hash",
          "Plan Width": 8,
          "Startup Cost": 641.71,
          "Plan Rows": 5000
        }
      ],
      "Parallel Aware": false,
      "Node Type": "Hash Join",
      "Join Type": "Inner",
      "Plan Width": 12,
      "Startup Cost": 779.21,
      "Hash Cond": "(r.sid \u003d s2.sid)",
      "Plan Rows": 2779,
      "Inner Unique": false
    },
    {
      "Parent Relationship": "Inner",
      "Total Cost": 0.05,
      "Scan Direction": "NoMovement",
      "Relation Name": "sailors",
      "Parallel Aware": false,
      "Alias": "s",
      "Node Type": "Index Scan",
      "Index Name": "idx_sailors_sid",
      "Plan Width": 25,
      "Startup Cost": 0.0,
      "Index Cond": "(sid \u003d r.sid)",
      "Plan Rows": 1
    }
  ],
  "Parallel Aware": false,
  "Node Type": "Nested Loop",
  "Join Type": "Inner",
  "Plan Width": 21,
  "Startup Cost": 779.21,
  "Plan Rows": 2778,
  "Inner Unique": true
}

------------------------------

Indicies Configuration #218:
Index hash on column sid in table sailors
Index hash on column bid in table reserves
Index btree on column bid in table boat

------------------------------

1. The Total Cost of the Plan = 1226.58
2. The Estimated Size of the Result Set = 2778
3. The Plan of the Query:
{
  "Total Cost": 1226.58,
  "Plans": [
    {
      "Parent Relationship": "Outer",
      "Total Cost": 1097.16,
      "Plans": [
        {
          "Parent Relationship": "Outer",
          "Total Cost": 346.42,
          "Plans": [
            {
              "Parent Relationship": "Outer",
              "Total Cost": 231.99,
              "Relation Name": "reserves",
              "Parallel Aware": false,
              "Alias": "r",
              "Node Type": "Seq Scan",
              "Plan Width": 8,
              "Startup Cost": 0.0,
              "Plan Rows": 14999
            },
            {
              "Parent Relationship": "Inner",
              "Total Cost": 62.5,
              "Plans": [
                {
                  "Parent Relationship": "Outer",
                  "Total Cost": 62.5,
                  "Relation Name": "boat",
                  "Parallel Aware": false,
                  "Filter": "(color \u003d \u0027red\u0027::bpchar)",
                  "Alias": "b",
                  "Node Type": "Seq Scan",
                  "Plan Width": 4,
                  "Startup Cost": 0.0,
                  "Plan Rows": 1000
                }
              ],
              "Parallel Aware": false,
              "Node Type": "Hash",
              "Plan Width": 4,
              "Startup Cost": 62.5,
              "Plan Rows": 1000
            }
          ],
          "Parallel Aware": false,
          "Node Type": "Hash Join",
          "Join Type": "Inner",
          "Plan Width": 4,
          "Startup Cost": 75.0,
          "Hash Cond": "(r.bid \u003d b.bid)",
          "Plan Rows": 5000,
          "Inner Unique": true
        },
        {
          "Parent Relationship": "Inner",
          "Total Cost": 641.71,
          "Plans": [
            {
              "Parent Relationship": "Outer",
              "Total Cost": 641.71,
              "Plans": [
                {
                  "Parent Relationship": "Outer",
                  "Total Cost": 579.21,
                  "Plans": [
                    {
                      "Parent Relationship": "Outer",
                      "Total Cost": 346.42,
                      "Plans": [
                        {
                          "Parent Relationship": "Outer",
                          "Total Cost": 231.99,
                          "Relation Name": "reserves",
                          "Parallel Aware": false,
                          "Alias": "r2",
                          "Node Type": "Seq Scan",
                          "Plan Width": 8,
                          "Startup Cost": 0.0,
                          "Plan Rows": 14999
                        },
                        {
                          "Parent Relationship": "Inner",
                          "Total Cost": 62.5,
                          "Plans": [
                            {
                              "Parent Relationship": "Outer",
                              "Total Cost": 62.5,
                              "Relation Name": "boat",
                              "Parallel Aware": false,
                              "Filter": "(color \u003d \u0027green\u0027::bpchar)",
                              "Alias": "b2",
                              "Node Type": "Seq Scan",
                              "Plan Width": 4,
                              "Startup Cost": 0.0,
                              "Plan Rows": 1000
                            }
                          ],
                          "Parallel Aware": false,
                          "Node Type": "Hash",
                          "Plan Width": 4,
                          "Startup Cost": 62.5,
                          "Plan Rows": 1000
                        }
                      ],
                      "Parallel Aware": false,
                      "Node Type": "Hash Join",
                      "Join Type": "Inner",
                      "Plan Width": 4,
                      "Startup Cost": 75.0,
                      "Hash Cond": "(r2.bid \u003d b2.bid)",
                      "Plan Rows": 5000,
                      "Inner Unique": true
                    },
                    {
                      "Parent Relationship": "Inner",
                      "Total Cost": 0.05,
                      "Scan Direction": "NoMovement",
                      "Relation Name": "sailors",
                      "Parallel Aware": false,
                      "Alias": "s2",
                      "Node Type": "Index Scan",
                      "Index Name": "idx_sailors_sid",
                      "Plan Width": 4,
                      "Startup Cost": 0.0,
                      "Index Cond": "(sid \u003d r2.sid)",
                      "Plan Rows": 1
                    }
                  ],
                  "Parallel Aware": false,
                  "Node Type": "Nested Loop",
                  "Join Type": "Inner",
                  "Plan Width": 8,
                  "Startup Cost": 75.0,
                  "Plan Rows": 5000,
                  "Inner Unique": true
                }
              ],
              "Parallel Aware": false,
              "Node Type": "Aggregate",
              "Plan Width": 8,
              "Strategy": "Hashed",
              "Startup Cost": 591.71,
              "Group Key": [
                "s2.sid"
              ],
              "Plan Rows": 5000,
              "Partial Mode": "Simple"
            }
          ],
          "Parallel Aware": false,
          "Node Type": "Hash",
          "Plan Width": 8,
          "Startup Cost": 641.71,
          "Plan Rows": 5000
        }
      ],
      "Parallel Aware": false,
      "Node Type": "Hash Join",
      "Join Type": "Inner",
      "Plan Width": 12,
      "Startup Cost": 779.21,
      "Hash Cond": "(r.sid \u003d s2.sid)",
      "Plan Rows": 2779,
      "Inner Unique": false
    },
    {
      "Parent Relationship": "Inner",
      "Total Cost": 0.05,
      "Scan Direction": "NoMovement",
      "Relation Name": "sailors",
      "Parallel Aware": false,
      "Alias": "s",
      "Node Type": "Index Scan",
      "Index Name": "idx_sailors_sid",
      "Plan Width": 25,
      "Startup Cost": 0.0,
      "Index Cond": "(sid \u003d r.sid)",
      "Plan Rows": 1
    }
  ],
  "Parallel Aware": false,
  "Node Type": "Nested Loop",
  "Join Type": "Inner",
  "Plan Width": 21,
  "Startup Cost": 779.21,
  "Plan Rows": 2778,
  "Inner Unique": true
}

------------------------------

Indicies Configuration #219:
Index hash on column sid in table sailors
Index hash on column bid in table reserves
Index hash on column bid in table boat

------------------------------

1. The Total Cost of the Plan = 1226.58
2. The Estimated Size of the Result Set = 2778
3. The Plan of the Query:
{
  "Total Cost": 1226.58,
  "Plans": [
    {
      "Parent Relationship": "Outer",
      "Total Cost": 1097.16,
      "Plans": [
        {
          "Parent Relationship": "Outer",
          "Total Cost": 346.42,
          "Plans": [
            {
              "Parent Relationship": "Outer",
              "Total Cost": 231.99,
              "Relation Name": "reserves",
              "Parallel Aware": false,
              "Alias": "r",
              "Node Type": "Seq Scan",
              "Plan Width": 8,
              "Startup Cost": 0.0,
              "Plan Rows": 14999
            },
            {
              "Parent Relationship": "Inner",
              "Total Cost": 62.5,
              "Plans": [
                {
                  "Parent Relationship": "Outer",
                  "Total Cost": 62.5,
                  "Relation Name": "boat",
                  "Parallel Aware": false,
                  "Filter": "(color \u003d \u0027red\u0027::bpchar)",
                  "Alias": "b",
                  "Node Type": "Seq Scan",
                  "Plan Width": 4,
                  "Startup Cost": 0.0,
                  "Plan Rows": 1000
                }
              ],
              "Parallel Aware": false,
              "Node Type": "Hash",
              "Plan Width": 4,
              "Startup Cost": 62.5,
              "Plan Rows": 1000
            }
          ],
          "Parallel Aware": false,
          "Node Type": "Hash Join",
          "Join Type": "Inner",
          "Plan Width": 4,
          "Startup Cost": 75.0,
          "Hash Cond": "(r.bid \u003d b.bid)",
          "Plan Rows": 5000,
          "Inner Unique": true
        },
        {
          "Parent Relationship": "Inner",
          "Total Cost": 641.71,
          "Plans": [
            {
              "Parent Relationship": "Outer",
              "Total Cost": 641.71,
              "Plans": [
                {
                  "Parent Relationship": "Outer",
                  "Total Cost": 579.21,
                  "Plans": [
                    {
                      "Parent Relationship": "Outer",
                      "Total Cost": 346.42,
                      "Plans": [
                        {
                          "Parent Relationship": "Outer",
                          "Total Cost": 231.99,
                          "Relation Name": "reserves",
                          "Parallel Aware": false,
                          "Alias": "r2",
                          "Node Type": "Seq Scan",
                          "Plan Width": 8,
                          "Startup Cost": 0.0,
                          "Plan Rows": 14999
                        },
                        {
                          "Parent Relationship": "Inner",
                          "Total Cost": 62.5,
                          "Plans": [
                            {
                              "Parent Relationship": "Outer",
                              "Total Cost": 62.5,
                              "Relation Name": "boat",
                              "Parallel Aware": false,
                              "Filter": "(color \u003d \u0027green\u0027::bpchar)",
                              "Alias": "b2",
                              "Node Type": "Seq Scan",
                              "Plan Width": 4,
                              "Startup Cost": 0.0,
                              "Plan Rows": 1000
                            }
                          ],
                          "Parallel Aware": false,
                          "Node Type": "Hash",
                          "Plan Width": 4,
                          "Startup Cost": 62.5,
                          "Plan Rows": 1000
                        }
                      ],
                      "Parallel Aware": false,
                      "Node Type": "Hash Join",
                      "Join Type": "Inner",
                      "Plan Width": 4,
                      "Startup Cost": 75.0,
                      "Hash Cond": "(r2.bid \u003d b2.bid)",
                      "Plan Rows": 5000,
                      "Inner Unique": true
                    },
                    {
                      "Parent Relationship": "Inner",
                      "Total Cost": 0.05,
                      "Scan Direction": "NoMovement",
                      "Relation Name": "sailors",
                      "Parallel Aware": false,
                      "Alias": "s2",
                      "Node Type": "Index Scan",
                      "Index Name": "idx_sailors_sid",
                      "Plan Width": 4,
                      "Startup Cost": 0.0,
                      "Index Cond": "(sid \u003d r2.sid)",
                      "Plan Rows": 1
                    }
                  ],
                  "Parallel Aware": false,
                  "Node Type": "Nested Loop",
                  "Join Type": "Inner",
                  "Plan Width": 8,
                  "Startup Cost": 75.0,
                  "Plan Rows": 5000,
                  "Inner Unique": true
                }
              ],
              "Parallel Aware": false,
              "Node Type": "Aggregate",
              "Plan Width": 8,
              "Strategy": "Hashed",
              "Startup Cost": 591.71,
              "Group Key": [
                "s2.sid"
              ],
              "Plan Rows": 5000,
              "Partial Mode": "Simple"
            }
          ],
          "Parallel Aware": false,
          "Node Type": "Hash",
          "Plan Width": 8,
          "Startup Cost": 641.71,
          "Plan Rows": 5000
        }
      ],
      "Parallel Aware": false,
      "Node Type": "Hash Join",
      "Join Type": "Inner",
      "Plan Width": 12,
      "Startup Cost": 779.21,
      "Hash Cond": "(r.sid \u003d s2.sid)",
      "Plan Rows": 2779,
      "Inner Unique": false
    },
    {
      "Parent Relationship": "Inner",
      "Total Cost": 0.05,
      "Scan Direction": "NoMovement",
      "Relation Name": "sailors",
      "Parallel Aware": false,
      "Alias": "s",
      "Node Type": "Index Scan",
      "Index Name": "idx_sailors_sid",
      "Plan Width": 25,
      "Startup Cost": 0.0,
      "Index Cond": "(sid \u003d r.sid)",
      "Plan Rows": 1
    }
  ],
  "Parallel Aware": false,
  "Node Type": "Nested Loop",
  "Join Type": "Inner",
  "Plan Width": 21,
  "Startup Cost": 779.21,
  "Plan Rows": 2778,
  "Inner Unique": true
}

------------------------------

Indicies Configuration #220:
Index hash on column sid in table sailors
Index hash on column bid in table reserves
Index btree on column sid in table reserves

------------------------------

1. The Total Cost of the Plan = 1226.58
2. The Estimated Size of the Result Set = 2778
3. The Plan of the Query:
{
  "Total Cost": 1226.58,
  "Plans": [
    {
      "Parent Relationship": "Outer",
      "Total Cost": 1097.16,
      "Plans": [
        {
          "Parent Relationship": "Outer",
          "Total Cost": 346.42,
          "Plans": [
            {
              "Parent Relationship": "Outer",
              "Total Cost": 231.99,
              "Relation Name": "reserves",
              "Parallel Aware": false,
              "Alias": "r",
              "Node Type": "Seq Scan",
              "Plan Width": 8,
              "Startup Cost": 0.0,
              "Plan Rows": 14999
            },
            {
              "Parent Relationship": "Inner",
              "Total Cost": 62.5,
              "Plans": [
                {
                  "Parent Relationship": "Outer",
                  "Total Cost": 62.5,
                  "Relation Name": "boat",
                  "Parallel Aware": false,
                  "Filter": "(color \u003d \u0027red\u0027::bpchar)",
                  "Alias": "b",
                  "Node Type": "Seq Scan",
                  "Plan Width": 4,
                  "Startup Cost": 0.0,
                  "Plan Rows": 1000
                }
              ],
              "Parallel Aware": false,
              "Node Type": "Hash",
              "Plan Width": 4,
              "Startup Cost": 62.5,
              "Plan Rows": 1000
            }
          ],
          "Parallel Aware": false,
          "Node Type": "Hash Join",
          "Join Type": "Inner",
          "Plan Width": 4,
          "Startup Cost": 75.0,
          "Hash Cond": "(r.bid \u003d b.bid)",
          "Plan Rows": 5000,
          "Inner Unique": true
        },
        {
          "Parent Relationship": "Inner",
          "Total Cost": 641.71,
          "Plans": [
            {
              "Parent Relationship": "Outer",
              "Total Cost": 641.71,
              "Plans": [
                {
                  "Parent Relationship": "Outer",
                  "Total Cost": 579.21,
                  "Plans": [
                    {
                      "Parent Relationship": "Outer",
                      "Total Cost": 346.42,
                      "Plans": [
                        {
                          "Parent Relationship": "Outer",
                          "Total Cost": 231.99,
                          "Relation Name": "reserves",
                          "Parallel Aware": false,
                          "Alias": "r2",
                          "Node Type": "Seq Scan",
                          "Plan Width": 8,
                          "Startup Cost": 0.0,
                          "Plan Rows": 14999
                        },
                        {
                          "Parent Relationship": "Inner",
                          "Total Cost": 62.5,
                          "Plans": [
                            {
                              "Parent Relationship": "Outer",
                              "Total Cost": 62.5,
                              "Relation Name": "boat",
                              "Parallel Aware": false,
                              "Filter": "(color \u003d \u0027green\u0027::bpchar)",
                              "Alias": "b2",
                              "Node Type": "Seq Scan",
                              "Plan Width": 4,
                              "Startup Cost": 0.0,
                              "Plan Rows": 1000
                            }
                          ],
                          "Parallel Aware": false,
                          "Node Type": "Hash",
                          "Plan Width": 4,
                          "Startup Cost": 62.5,
                          "Plan Rows": 1000
                        }
                      ],
                      "Parallel Aware": false,
                      "Node Type": "Hash Join",
                      "Join Type": "Inner",
                      "Plan Width": 4,
                      "Startup Cost": 75.0,
                      "Hash Cond": "(r2.bid \u003d b2.bid)",
                      "Plan Rows": 5000,
                      "Inner Unique": true
                    },
                    {
                      "Parent Relationship": "Inner",
                      "Total Cost": 0.05,
                      "Scan Direction": "NoMovement",
                      "Relation Name": "sailors",
                      "Parallel Aware": false,
                      "Alias": "s2",
                      "Node Type": "Index Scan",
                      "Index Name": "idx_sailors_sid",
                      "Plan Width": 4,
                      "Startup Cost": 0.0,
                      "Index Cond": "(sid \u003d r2.sid)",
                      "Plan Rows": 1
                    }
                  ],
                  "Parallel Aware": false,
                  "Node Type": "Nested Loop",
                  "Join Type": "Inner",
                  "Plan Width": 8,
                  "Startup Cost": 75.0,
                  "Plan Rows": 5000,
                  "Inner Unique": true
                }
              ],
              "Parallel Aware": false,
              "Node Type": "Aggregate",
              "Plan Width": 8,
              "Strategy": "Hashed",
              "Startup Cost": 591.71,
              "Group Key": [
                "s2.sid"
              ],
              "Plan Rows": 5000,
              "Partial Mode": "Simple"
            }
          ],
          "Parallel Aware": false,
          "Node Type": "Hash",
          "Plan Width": 8,
          "Startup Cost": 641.71,
          "Plan Rows": 5000
        }
      ],
      "Parallel Aware": false,
      "Node Type": "Hash Join",
      "Join Type": "Inner",
      "Plan Width": 12,
      "Startup Cost": 779.21,
      "Hash Cond": "(r.sid \u003d s2.sid)",
      "Plan Rows": 2779,
      "Inner Unique": false
    },
    {
      "Parent Relationship": "Inner",
      "Total Cost": 0.05,
      "Scan Direction": "NoMovement",
      "Relation Name": "sailors",
      "Parallel Aware": false,
      "Alias": "s",
      "Node Type": "Index Scan",
      "Index Name": "idx_sailors_sid",
      "Plan Width": 25,
      "Startup Cost": 0.0,
      "Index Cond": "(sid \u003d r.sid)",
      "Plan Rows": 1
    }
  ],
  "Parallel Aware": false,
  "Node Type": "Nested Loop",
  "Join Type": "Inner",
  "Plan Width": 21,
  "Startup Cost": 779.21,
  "Plan Rows": 2778,
  "Inner Unique": true
}

------------------------------

Indicies Configuration #221:
Index hash on column sid in table sailors
Index hash on column bid in table reserves
Index btree on column sid in table reserves
Index btree on column bid in table boat

------------------------------

1. The Total Cost of the Plan = 1226.58
2. The Estimated Size of the Result Set = 2778
3. The Plan of the Query:
{
  "Total Cost": 1226.58,
  "Plans": [
    {
      "Parent Relationship": "Outer",
      "Total Cost": 1097.16,
      "Plans": [
        {
          "Parent Relationship": "Outer",
          "Total Cost": 346.42,
          "Plans": [
            {
              "Parent Relationship": "Outer",
              "Total Cost": 231.99,
              "Relation Name": "reserves",
              "Parallel Aware": false,
              "Alias": "r",
              "Node Type": "Seq Scan",
              "Plan Width": 8,
              "Startup Cost": 0.0,
              "Plan Rows": 14999
            },
            {
              "Parent Relationship": "Inner",
              "Total Cost": 62.5,
              "Plans": [
                {
                  "Parent Relationship": "Outer",
                  "Total Cost": 62.5,
                  "Relation Name": "boat",
                  "Parallel Aware": false,
                  "Filter": "(color \u003d \u0027red\u0027::bpchar)",
                  "Alias": "b",
                  "Node Type": "Seq Scan",
                  "Plan Width": 4,
                  "Startup Cost": 0.0,
                  "Plan Rows": 1000
                }
              ],
              "Parallel Aware": false,
              "Node Type": "Hash",
              "Plan Width": 4,
              "Startup Cost": 62.5,
              "Plan Rows": 1000
            }
          ],
          "Parallel Aware": false,
          "Node Type": "Hash Join",
          "Join Type": "Inner",
          "Plan Width": 4,
          "Startup Cost": 75.0,
          "Hash Cond": "(r.bid \u003d b.bid)",
          "Plan Rows": 5000,
          "Inner Unique": true
        },
        {
          "Parent Relationship": "Inner",
          "Total Cost": 641.71,
          "Plans": [
            {
              "Parent Relationship": "Outer",
              "Total Cost": 641.71,
              "Plans": [
                {
                  "Parent Relationship": "Outer",
                  "Total Cost": 579.21,
                  "Plans": [
                    {
                      "Parent Relationship": "Outer",
                      "Total Cost": 346.42,
                      "Plans": [
                        {
                          "Parent Relationship": "Outer",
                          "Total Cost": 231.99,
                          "Relation Name": "reserves",
                          "Parallel Aware": false,
                          "Alias": "r2",
                          "Node Type": "Seq Scan",
                          "Plan Width": 8,
                          "Startup Cost": 0.0,
                          "Plan Rows": 14999
                        },
                        {
                          "Parent Relationship": "Inner",
                          "Total Cost": 62.5,
                          "Plans": [
                            {
                              "Parent Relationship": "Outer",
                              "Total Cost": 62.5,
                              "Relation Name": "boat",
                              "Parallel Aware": false,
                              "Filter": "(color \u003d \u0027green\u0027::bpchar)",
                              "Alias": "b2",
                              "Node Type": "Seq Scan",
                              "Plan Width": 4,
                              "Startup Cost": 0.0,
                              "Plan Rows": 1000
                            }
                          ],
                          "Parallel Aware": false,
                          "Node Type": "Hash",
                          "Plan Width": 4,
                          "Startup Cost": 62.5,
                          "Plan Rows": 1000
                        }
                      ],
                      "Parallel Aware": false,
                      "Node Type": "Hash Join",
                      "Join Type": "Inner",
                      "Plan Width": 4,
                      "Startup Cost": 75.0,
                      "Hash Cond": "(r2.bid \u003d b2.bid)",
                      "Plan Rows": 5000,
                      "Inner Unique": true
                    },
                    {
                      "Parent Relationship": "Inner",
                      "Total Cost": 0.05,
                      "Scan Direction": "NoMovement",
                      "Relation Name": "sailors",
                      "Parallel Aware": false,
                      "Alias": "s2",
                      "Node Type": "Index Scan",
                      "Index Name": "idx_sailors_sid",
                      "Plan Width": 4,
                      "Startup Cost": 0.0,
                      "Index Cond": "(sid \u003d r2.sid)",
                      "Plan Rows": 1
                    }
                  ],
                  "Parallel Aware": false,
                  "Node Type": "Nested Loop",
                  "Join Type": "Inner",
                  "Plan Width": 8,
                  "Startup Cost": 75.0,
                  "Plan Rows": 5000,
                  "Inner Unique": true
                }
              ],
              "Parallel Aware": false,
              "Node Type": "Aggregate",
              "Plan Width": 8,
              "Strategy": "Hashed",
              "Startup Cost": 591.71,
              "Group Key": [
                "s2.sid"
              ],
              "Plan Rows": 5000,
              "Partial Mode": "Simple"
            }
          ],
          "Parallel Aware": false,
          "Node Type": "Hash",
          "Plan Width": 8,
          "Startup Cost": 641.71,
          "Plan Rows": 5000
        }
      ],
      "Parallel Aware": false,
      "Node Type": "Hash Join",
      "Join Type": "Inner",
      "Plan Width": 12,
      "Startup Cost": 779.21,
      "Hash Cond": "(r.sid \u003d s2.sid)",
      "Plan Rows": 2779,
      "Inner Unique": false
    },
    {
      "Parent Relationship": "Inner",
      "Total Cost": 0.05,
      "Scan Direction": "NoMovement",
      "Relation Name": "sailors",
      "Parallel Aware": false,
      "Alias": "s",
      "Node Type": "Index Scan",
      "Index Name": "idx_sailors_sid",
      "Plan Width": 25,
      "Startup Cost": 0.0,
      "Index Cond": "(sid \u003d r.sid)",
      "Plan Rows": 1
    }
  ],
  "Parallel Aware": false,
  "Node Type": "Nested Loop",
  "Join Type": "Inner",
  "Plan Width": 21,
  "Startup Cost": 779.21,
  "Plan Rows": 2778,
  "Inner Unique": true
}

------------------------------

Indicies Configuration #222:
Index hash on column sid in table sailors
Index hash on column bid in table reserves
Index btree on column sid in table reserves
Index hash on column bid in table boat

------------------------------

1. The Total Cost of the Plan = 1226.58
2. The Estimated Size of the Result Set = 2778
3. The Plan of the Query:
{
  "Total Cost": 1226.58,
  "Plans": [
    {
      "Parent Relationship": "Outer",
      "Total Cost": 1097.16,
      "Plans": [
        {
          "Parent Relationship": "Outer",
          "Total Cost": 346.42,
          "Plans": [
            {
              "Parent Relationship": "Outer",
              "Total Cost": 231.99,
              "Relation Name": "reserves",
              "Parallel Aware": false,
              "Alias": "r",
              "Node Type": "Seq Scan",
              "Plan Width": 8,
              "Startup Cost": 0.0,
              "Plan Rows": 14999
            },
            {
              "Parent Relationship": "Inner",
              "Total Cost": 62.5,
              "Plans": [
                {
                  "Parent Relationship": "Outer",
                  "Total Cost": 62.5,
                  "Relation Name": "boat",
                  "Parallel Aware": false,
                  "Filter": "(color \u003d \u0027red\u0027::bpchar)",
                  "Alias": "b",
                  "Node Type": "Seq Scan",
                  "Plan Width": 4,
                  "Startup Cost": 0.0,
                  "Plan Rows": 1000
                }
              ],
              "Parallel Aware": false,
              "Node Type": "Hash",
              "Plan Width": 4,
              "Startup Cost": 62.5,
              "Plan Rows": 1000
            }
          ],
          "Parallel Aware": false,
          "Node Type": "Hash Join",
          "Join Type": "Inner",
          "Plan Width": 4,
          "Startup Cost": 75.0,
          "Hash Cond": "(r.bid \u003d b.bid)",
          "Plan Rows": 5000,
          "Inner Unique": true
        },
        {
          "Parent Relationship": "Inner",
          "Total Cost": 641.71,
          "Plans": [
            {
              "Parent Relationship": "Outer",
              "Total Cost": 641.71,
              "Plans": [
                {
                  "Parent Relationship": "Outer",
                  "Total Cost": 579.21,
                  "Plans": [
                    {
                      "Parent Relationship": "Outer",
                      "Total Cost": 346.42,
                      "Plans": [
                        {
                          "Parent Relationship": "Outer",
                          "Total Cost": 231.99,
                          "Relation Name": "reserves",
                          "Parallel Aware": false,
                          "Alias": "r2",
                          "Node Type": "Seq Scan",
                          "Plan Width": 8,
                          "Startup Cost": 0.0,
                          "Plan Rows": 14999
                        },
                        {
                          "Parent Relationship": "Inner",
                          "Total Cost": 62.5,
                          "Plans": [
                            {
                              "Parent Relationship": "Outer",
                              "Total Cost": 62.5,
                              "Relation Name": "boat",
                              "Parallel Aware": false,
                              "Filter": "(color \u003d \u0027green\u0027::bpchar)",
                              "Alias": "b2",
                              "Node Type": "Seq Scan",
                              "Plan Width": 4,
                              "Startup Cost": 0.0,
                              "Plan Rows": 1000
                            }
                          ],
                          "Parallel Aware": false,
                          "Node Type": "Hash",
                          "Plan Width": 4,
                          "Startup Cost": 62.5,
                          "Plan Rows": 1000
                        }
                      ],
                      "Parallel Aware": false,
                      "Node Type": "Hash Join",
                      "Join Type": "Inner",
                      "Plan Width": 4,
                      "Startup Cost": 75.0,
                      "Hash Cond": "(r2.bid \u003d b2.bid)",
                      "Plan Rows": 5000,
                      "Inner Unique": true
                    },
                    {
                      "Parent Relationship": "Inner",
                      "Total Cost": 0.05,
                      "Scan Direction": "NoMovement",
                      "Relation Name": "sailors",
                      "Parallel Aware": false,
                      "Alias": "s2",
                      "Node Type": "Index Scan",
                      "Index Name": "idx_sailors_sid",
                      "Plan Width": 4,
                      "Startup Cost": 0.0,
                      "Index Cond": "(sid \u003d r2.sid)",
                      "Plan Rows": 1
                    }
                  ],
                  "Parallel Aware": false,
                  "Node Type": "Nested Loop",
                  "Join Type": "Inner",
                  "Plan Width": 8,
                  "Startup Cost": 75.0,
                  "Plan Rows": 5000,
                  "Inner Unique": true
                }
              ],
              "Parallel Aware": false,
              "Node Type": "Aggregate",
              "Plan Width": 8,
              "Strategy": "Hashed",
              "Startup Cost": 591.71,
              "Group Key": [
                "s2.sid"
              ],
              "Plan Rows": 5000,
              "Partial Mode": "Simple"
            }
          ],
          "Parallel Aware": false,
          "Node Type": "Hash",
          "Plan Width": 8,
          "Startup Cost": 641.71,
          "Plan Rows": 5000
        }
      ],
      "Parallel Aware": false,
      "Node Type": "Hash Join",
      "Join Type": "Inner",
      "Plan Width": 12,
      "Startup Cost": 779.21,
      "Hash Cond": "(r.sid \u003d s2.sid)",
      "Plan Rows": 2779,
      "Inner Unique": false
    },
    {
      "Parent Relationship": "Inner",
      "Total Cost": 0.05,
      "Scan Direction": "NoMovement",
      "Relation Name": "sailors",
      "Parallel Aware": false,
      "Alias": "s",
      "Node Type": "Index Scan",
      "Index Name": "idx_sailors_sid",
      "Plan Width": 25,
      "Startup Cost": 0.0,
      "Index Cond": "(sid \u003d r.sid)",
      "Plan Rows": 1
    }
  ],
  "Parallel Aware": false,
  "Node Type": "Nested Loop",
  "Join Type": "Inner",
  "Plan Width": 21,
  "Startup Cost": 779.21,
  "Plan Rows": 2778,
  "Inner Unique": true
}

------------------------------

Indicies Configuration #223:
Index hash on column sid in table sailors
Index hash on column bid in table reserves
Index hash on column sid in table reserves

------------------------------

1. The Total Cost of the Plan = 1226.58
2. The Estimated Size of the Result Set = 2778
3. The Plan of the Query:
{
  "Total Cost": 1226.58,
  "Plans": [
    {
      "Parent Relationship": "Outer",
      "Total Cost": 1097.16,
      "Plans": [
        {
          "Parent Relationship": "Outer",
          "Total Cost": 346.42,
          "Plans": [
            {
              "Parent Relationship": "Outer",
              "Total Cost": 231.99,
              "Relation Name": "reserves",
              "Parallel Aware": false,
              "Alias": "r",
              "Node Type": "Seq Scan",
              "Plan Width": 8,
              "Startup Cost": 0.0,
              "Plan Rows": 14999
            },
            {
              "Parent Relationship": "Inner",
              "Total Cost": 62.5,
              "Plans": [
                {
                  "Parent Relationship": "Outer",
                  "Total Cost": 62.5,
                  "Relation Name": "boat",
                  "Parallel Aware": false,
                  "Filter": "(color \u003d \u0027red\u0027::bpchar)",
                  "Alias": "b",
                  "Node Type": "Seq Scan",
                  "Plan Width": 4,
                  "Startup Cost": 0.0,
                  "Plan Rows": 1000
                }
              ],
              "Parallel Aware": false,
              "Node Type": "Hash",
              "Plan Width": 4,
              "Startup Cost": 62.5,
              "Plan Rows": 1000
            }
          ],
          "Parallel Aware": false,
          "Node Type": "Hash Join",
          "Join Type": "Inner",
          "Plan Width": 4,
          "Startup Cost": 75.0,
          "Hash Cond": "(r.bid \u003d b.bid)",
          "Plan Rows": 5000,
          "Inner Unique": true
        },
        {
          "Parent Relationship": "Inner",
          "Total Cost": 641.71,
          "Plans": [
            {
              "Parent Relationship": "Outer",
              "Total Cost": 641.71,
              "Plans": [
                {
                  "Parent Relationship": "Outer",
                  "Total Cost": 579.21,
                  "Plans": [
                    {
                      "Parent Relationship": "Outer",
                      "Total Cost": 346.42,
                      "Plans": [
                        {
                          "Parent Relationship": "Outer",
                          "Total Cost": 231.99,
                          "Relation Name": "reserves",
                          "Parallel Aware": false,
                          "Alias": "r2",
                          "Node Type": "Seq Scan",
                          "Plan Width": 8,
                          "Startup Cost": 0.0,
                          "Plan Rows": 14999
                        },
                        {
                          "Parent Relationship": "Inner",
                          "Total Cost": 62.5,
                          "Plans": [
                            {
                              "Parent Relationship": "Outer",
                              "Total Cost": 62.5,
                              "Relation Name": "boat",
                              "Parallel Aware": false,
                              "Filter": "(color \u003d \u0027green\u0027::bpchar)",
                              "Alias": "b2",
                              "Node Type": "Seq Scan",
                              "Plan Width": 4,
                              "Startup Cost": 0.0,
                              "Plan Rows": 1000
                            }
                          ],
                          "Parallel Aware": false,
                          "Node Type": "Hash",
                          "Plan Width": 4,
                          "Startup Cost": 62.5,
                          "Plan Rows": 1000
                        }
                      ],
                      "Parallel Aware": false,
                      "Node Type": "Hash Join",
                      "Join Type": "Inner",
                      "Plan Width": 4,
                      "Startup Cost": 75.0,
                      "Hash Cond": "(r2.bid \u003d b2.bid)",
                      "Plan Rows": 5000,
                      "Inner Unique": true
                    },
                    {
                      "Parent Relationship": "Inner",
                      "Total Cost": 0.05,
                      "Scan Direction": "NoMovement",
                      "Relation Name": "sailors",
                      "Parallel Aware": false,
                      "Alias": "s2",
                      "Node Type": "Index Scan",
                      "Index Name": "idx_sailors_sid",
                      "Plan Width": 4,
                      "Startup Cost": 0.0,
                      "Index Cond": "(sid \u003d r2.sid)",
                      "Plan Rows": 1
                    }
                  ],
                  "Parallel Aware": false,
                  "Node Type": "Nested Loop",
                  "Join Type": "Inner",
                  "Plan Width": 8,
                  "Startup Cost": 75.0,
                  "Plan Rows": 5000,
                  "Inner Unique": true
                }
              ],
              "Parallel Aware": false,
              "Node Type": "Aggregate",
              "Plan Width": 8,
              "Strategy": "Hashed",
              "Startup Cost": 591.71,
              "Group Key": [
                "s2.sid"
              ],
              "Plan Rows": 5000,
              "Partial Mode": "Simple"
            }
          ],
          "Parallel Aware": false,
          "Node Type": "Hash",
          "Plan Width": 8,
          "Startup Cost": 641.71,
          "Plan Rows": 5000
        }
      ],
      "Parallel Aware": false,
      "Node Type": "Hash Join",
      "Join Type": "Inner",
      "Plan Width": 12,
      "Startup Cost": 779.21,
      "Hash Cond": "(r.sid \u003d s2.sid)",
      "Plan Rows": 2779,
      "Inner Unique": false
    },
    {
      "Parent Relationship": "Inner",
      "Total Cost": 0.05,
      "Scan Direction": "NoMovement",
      "Relation Name": "sailors",
      "Parallel Aware": false,
      "Alias": "s",
      "Node Type": "Index Scan",
      "Index Name": "idx_sailors_sid",
      "Plan Width": 25,
      "Startup Cost": 0.0,
      "Index Cond": "(sid \u003d r.sid)",
      "Plan Rows": 1
    }
  ],
  "Parallel Aware": false,
  "Node Type": "Nested Loop",
  "Join Type": "Inner",
  "Plan Width": 21,
  "Startup Cost": 779.21,
  "Plan Rows": 2778,
  "Inner Unique": true
}

------------------------------

Indicies Configuration #224:
Index hash on column sid in table sailors
Index hash on column bid in table reserves
Index hash on column sid in table reserves
Index btree on column bid in table boat

------------------------------

1. The Total Cost of the Plan = 1226.58
2. The Estimated Size of the Result Set = 2778
3. The Plan of the Query:
{
  "Total Cost": 1226.58,
  "Plans": [
    {
      "Parent Relationship": "Outer",
      "Total Cost": 1097.16,
      "Plans": [
        {
          "Parent Relationship": "Outer",
          "Total Cost": 346.42,
          "Plans": [
            {
              "Parent Relationship": "Outer",
              "Total Cost": 231.99,
              "Relation Name": "reserves",
              "Parallel Aware": false,
              "Alias": "r",
              "Node Type": "Seq Scan",
              "Plan Width": 8,
              "Startup Cost": 0.0,
              "Plan Rows": 14999
            },
            {
              "Parent Relationship": "Inner",
              "Total Cost": 62.5,
              "Plans": [
                {
                  "Parent Relationship": "Outer",
                  "Total Cost": 62.5,
                  "Relation Name": "boat",
                  "Parallel Aware": false,
                  "Filter": "(color \u003d \u0027red\u0027::bpchar)",
                  "Alias": "b",
                  "Node Type": "Seq Scan",
                  "Plan Width": 4,
                  "Startup Cost": 0.0,
                  "Plan Rows": 1000
                }
              ],
              "Parallel Aware": false,
              "Node Type": "Hash",
              "Plan Width": 4,
              "Startup Cost": 62.5,
              "Plan Rows": 1000
            }
          ],
          "Parallel Aware": false,
          "Node Type": "Hash Join",
          "Join Type": "Inner",
          "Plan Width": 4,
          "Startup Cost": 75.0,
          "Hash Cond": "(r.bid \u003d b.bid)",
          "Plan Rows": 5000,
          "Inner Unique": true
        },
        {
          "Parent Relationship": "Inner",
          "Total Cost": 641.71,
          "Plans": [
            {
              "Parent Relationship": "Outer",
              "Total Cost": 641.71,
              "Plans": [
                {
                  "Parent Relationship": "Outer",
                  "Total Cost": 579.21,
                  "Plans": [
                    {
                      "Parent Relationship": "Outer",
                      "Total Cost": 346.42,
                      "Plans": [
                        {
                          "Parent Relationship": "Outer",
                          "Total Cost": 231.99,
                          "Relation Name": "reserves",
                          "Parallel Aware": false,
                          "Alias": "r2",
                          "Node Type": "Seq Scan",
                          "Plan Width": 8,
                          "Startup Cost": 0.0,
                          "Plan Rows": 14999
                        },
                        {
                          "Parent Relationship": "Inner",
                          "Total Cost": 62.5,
                          "Plans": [
                            {
                              "Parent Relationship": "Outer",
                              "Total Cost": 62.5,
                              "Relation Name": "boat",
                              "Parallel Aware": false,
                              "Filter": "(color \u003d \u0027green\u0027::bpchar)",
                              "Alias": "b2",
                              "Node Type": "Seq Scan",
                              "Plan Width": 4,
                              "Startup Cost": 0.0,
                              "Plan Rows": 1000
                            }
                          ],
                          "Parallel Aware": false,
                          "Node Type": "Hash",
                          "Plan Width": 4,
                          "Startup Cost": 62.5,
                          "Plan Rows": 1000
                        }
                      ],
                      "Parallel Aware": false,
                      "Node Type": "Hash Join",
                      "Join Type": "Inner",
                      "Plan Width": 4,
                      "Startup Cost": 75.0,
                      "Hash Cond": "(r2.bid \u003d b2.bid)",
                      "Plan Rows": 5000,
                      "Inner Unique": true
                    },
                    {
                      "Parent Relationship": "Inner",
                      "Total Cost": 0.05,
                      "Scan Direction": "NoMovement",
                      "Relation Name": "sailors",
                      "Parallel Aware": false,
                      "Alias": "s2",
                      "Node Type": "Index Scan",
                      "Index Name": "idx_sailors_sid",
                      "Plan Width": 4,
                      "Startup Cost": 0.0,
                      "Index Cond": "(sid \u003d r2.sid)",
                      "Plan Rows": 1
                    }
                  ],
                  "Parallel Aware": false,
                  "Node Type": "Nested Loop",
                  "Join Type": "Inner",
                  "Plan Width": 8,
                  "Startup Cost": 75.0,
                  "Plan Rows": 5000,
                  "Inner Unique": true
                }
              ],
              "Parallel Aware": false,
              "Node Type": "Aggregate",
              "Plan Width": 8,
              "Strategy": "Hashed",
              "Startup Cost": 591.71,
              "Group Key": [
                "s2.sid"
              ],
              "Plan Rows": 5000,
              "Partial Mode": "Simple"
            }
          ],
          "Parallel Aware": false,
          "Node Type": "Hash",
          "Plan Width": 8,
          "Startup Cost": 641.71,
          "Plan Rows": 5000
        }
      ],
      "Parallel Aware": false,
      "Node Type": "Hash Join",
      "Join Type": "Inner",
      "Plan Width": 12,
      "Startup Cost": 779.21,
      "Hash Cond": "(r.sid \u003d s2.sid)",
      "Plan Rows": 2779,
      "Inner Unique": false
    },
    {
      "Parent Relationship": "Inner",
      "Total Cost": 0.05,
      "Scan Direction": "NoMovement",
      "Relation Name": "sailors",
      "Parallel Aware": false,
      "Alias": "s",
      "Node Type": "Index Scan",
      "Index Name": "idx_sailors_sid",
      "Plan Width": 25,
      "Startup Cost": 0.0,
      "Index Cond": "(sid \u003d r.sid)",
      "Plan Rows": 1
    }
  ],
  "Parallel Aware": false,
  "Node Type": "Nested Loop",
  "Join Type": "Inner",
  "Plan Width": 21,
  "Startup Cost": 779.21,
  "Plan Rows": 2778,
  "Inner Unique": true
}

------------------------------

Indicies Configuration #225:
Index hash on column sid in table sailors
Index hash on column bid in table reserves
Index hash on column sid in table reserves
Index hash on column bid in table boat

------------------------------

1. The Total Cost of the Plan = 1226.58
2. The Estimated Size of the Result Set = 2778
3. The Plan of the Query:
{
  "Total Cost": 1226.58,
  "Plans": [
    {
      "Parent Relationship": "Outer",
      "Total Cost": 1097.16,
      "Plans": [
        {
          "Parent Relationship": "Outer",
          "Total Cost": 346.42,
          "Plans": [
            {
              "Parent Relationship": "Outer",
              "Total Cost": 231.99,
              "Relation Name": "reserves",
              "Parallel Aware": false,
              "Alias": "r",
              "Node Type": "Seq Scan",
              "Plan Width": 8,
              "Startup Cost": 0.0,
              "Plan Rows": 14999
            },
            {
              "Parent Relationship": "Inner",
              "Total Cost": 62.5,
              "Plans": [
                {
                  "Parent Relationship": "Outer",
                  "Total Cost": 62.5,
                  "Relation Name": "boat",
                  "Parallel Aware": false,
                  "Filter": "(color \u003d \u0027red\u0027::bpchar)",
                  "Alias": "b",
                  "Node Type": "Seq Scan",
                  "Plan Width": 4,
                  "Startup Cost": 0.0,
                  "Plan Rows": 1000
                }
              ],
              "Parallel Aware": false,
              "Node Type": "Hash",
              "Plan Width": 4,
              "Startup Cost": 62.5,
              "Plan Rows": 1000
            }
          ],
          "Parallel Aware": false,
          "Node Type": "Hash Join",
          "Join Type": "Inner",
          "Plan Width": 4,
          "Startup Cost": 75.0,
          "Hash Cond": "(r.bid \u003d b.bid)",
          "Plan Rows": 5000,
          "Inner Unique": true
        },
        {
          "Parent Relationship": "Inner",
          "Total Cost": 641.71,
          "Plans": [
            {
              "Parent Relationship": "Outer",
              "Total Cost": 641.71,
              "Plans": [
                {
                  "Parent Relationship": "Outer",
                  "Total Cost": 579.21,
                  "Plans": [
                    {
                      "Parent Relationship": "Outer",
                      "Total Cost": 346.42,
                      "Plans": [
                        {
                          "Parent Relationship": "Outer",
                          "Total Cost": 231.99,
                          "Relation Name": "reserves",
                          "Parallel Aware": false,
                          "Alias": "r2",
                          "Node Type": "Seq Scan",
                          "Plan Width": 8,
                          "Startup Cost": 0.0,
                          "Plan Rows": 14999
                        },
                        {
                          "Parent Relationship": "Inner",
                          "Total Cost": 62.5,
                          "Plans": [
                            {
                              "Parent Relationship": "Outer",
                              "Total Cost": 62.5,
                              "Relation Name": "boat",
                              "Parallel Aware": false,
                              "Filter": "(color \u003d \u0027green\u0027::bpchar)",
                              "Alias": "b2",
                              "Node Type": "Seq Scan",
                              "Plan Width": 4,
                              "Startup Cost": 0.0,
                              "Plan Rows": 1000
                            }
                          ],
                          "Parallel Aware": false,
                          "Node Type": "Hash",
                          "Plan Width": 4,
                          "Startup Cost": 62.5,
                          "Plan Rows": 1000
                        }
                      ],
                      "Parallel Aware": false,
                      "Node Type": "Hash Join",
                      "Join Type": "Inner",
                      "Plan Width": 4,
                      "Startup Cost": 75.0,
                      "Hash Cond": "(r2.bid \u003d b2.bid)",
                      "Plan Rows": 5000,
                      "Inner Unique": true
                    },
                    {
                      "Parent Relationship": "Inner",
                      "Total Cost": 0.05,
                      "Scan Direction": "NoMovement",
                      "Relation Name": "sailors",
                      "Parallel Aware": false,
                      "Alias": "s2",
                      "Node Type": "Index Scan",
                      "Index Name": "idx_sailors_sid",
                      "Plan Width": 4,
                      "Startup Cost": 0.0,
                      "Index Cond": "(sid \u003d r2.sid)",
                      "Plan Rows": 1
                    }
                  ],
                  "Parallel Aware": false,
                  "Node Type": "Nested Loop",
                  "Join Type": "Inner",
                  "Plan Width": 8,
                  "Startup Cost": 75.0,
                  "Plan Rows": 5000,
                  "Inner Unique": true
                }
              ],
              "Parallel Aware": false,
              "Node Type": "Aggregate",
              "Plan Width": 8,
              "Strategy": "Hashed",
              "Startup Cost": 591.71,
              "Group Key": [
                "s2.sid"
              ],
              "Plan Rows": 5000,
              "Partial Mode": "Simple"
            }
          ],
          "Parallel Aware": false,
          "Node Type": "Hash",
          "Plan Width": 8,
          "Startup Cost": 641.71,
          "Plan Rows": 5000
        }
      ],
      "Parallel Aware": false,
      "Node Type": "Hash Join",
      "Join Type": "Inner",
      "Plan Width": 12,
      "Startup Cost": 779.21,
      "Hash Cond": "(r.sid \u003d s2.sid)",
      "Plan Rows": 2779,
      "Inner Unique": false
    },
    {
      "Parent Relationship": "Inner",
      "Total Cost": 0.05,
      "Scan Direction": "NoMovement",
      "Relation Name": "sailors",
      "Parallel Aware": false,
      "Alias": "s",
      "Node Type": "Index Scan",
      "Index Name": "idx_sailors_sid",
      "Plan Width": 25,
      "Startup Cost": 0.0,
      "Index Cond": "(sid \u003d r.sid)",
      "Plan Rows": 1
    }
  ],
  "Parallel Aware": false,
  "Node Type": "Nested Loop",
  "Join Type": "Inner",
  "Plan Width": 21,
  "Startup Cost": 779.21,
  "Plan Rows": 2778,
  "Inner Unique": true
}

------------------------------

Indicies Configuration #226:
Index hash on column sid in table sailors
Index hash on column bid in table reserves
Index btree on column color in table boat

------------------------------

1. The Total Cost of the Plan = 1226.58
2. The Estimated Size of the Result Set = 2778
3. The Plan of the Query:
{
  "Total Cost": 1226.58,
  "Plans": [
    {
      "Parent Relationship": "Outer",
      "Total Cost": 1097.16,
      "Plans": [
        {
          "Parent Relationship": "Outer",
          "Total Cost": 346.42,
          "Plans": [
            {
              "Parent Relationship": "Outer",
              "Total Cost": 231.99,
              "Relation Name": "reserves",
              "Parallel Aware": false,
              "Alias": "r",
              "Node Type": "Seq Scan",
              "Plan Width": 8,
              "Startup Cost": 0.0,
              "Plan Rows": 14999
            },
            {
              "Parent Relationship": "Inner",
              "Total Cost": 62.5,
              "Plans": [
                {
                  "Parent Relationship": "Outer",
                  "Total Cost": 62.5,
                  "Relation Name": "boat",
                  "Parallel Aware": false,
                  "Filter": "(color \u003d \u0027red\u0027::bpchar)",
                  "Alias": "b",
                  "Node Type": "Seq Scan",
                  "Plan Width": 4,
                  "Startup Cost": 0.0,
                  "Plan Rows": 1000
                }
              ],
              "Parallel Aware": false,
              "Node Type": "Hash",
              "Plan Width": 4,
              "Startup Cost": 62.5,
              "Plan Rows": 1000
            }
          ],
          "Parallel Aware": false,
          "Node Type": "Hash Join",
          "Join Type": "Inner",
          "Plan Width": 4,
          "Startup Cost": 75.0,
          "Hash Cond": "(r.bid \u003d b.bid)",
          "Plan Rows": 5000,
          "Inner Unique": true
        },
        {
          "Parent Relationship": "Inner",
          "Total Cost": 641.71,
          "Plans": [
            {
              "Parent Relationship": "Outer",
              "Total Cost": 641.71,
              "Plans": [
                {
                  "Parent Relationship": "Outer",
                  "Total Cost": 579.21,
                  "Plans": [
                    {
                      "Parent Relationship": "Outer",
                      "Total Cost": 346.42,
                      "Plans": [
                        {
                          "Parent Relationship": "Outer",
                          "Total Cost": 231.99,
                          "Relation Name": "reserves",
                          "Parallel Aware": false,
                          "Alias": "r2",
                          "Node Type": "Seq Scan",
                          "Plan Width": 8,
                          "Startup Cost": 0.0,
                          "Plan Rows": 14999
                        },
                        {
                          "Parent Relationship": "Inner",
                          "Total Cost": 62.5,
                          "Plans": [
                            {
                              "Parent Relationship": "Outer",
                              "Total Cost": 62.5,
                              "Relation Name": "boat",
                              "Parallel Aware": false,
                              "Filter": "(color \u003d \u0027green\u0027::bpchar)",
                              "Alias": "b2",
                              "Node Type": "Seq Scan",
                              "Plan Width": 4,
                              "Startup Cost": 0.0,
                              "Plan Rows": 1000
                            }
                          ],
                          "Parallel Aware": false,
                          "Node Type": "Hash",
                          "Plan Width": 4,
                          "Startup Cost": 62.5,
                          "Plan Rows": 1000
                        }
                      ],
                      "Parallel Aware": false,
                      "Node Type": "Hash Join",
                      "Join Type": "Inner",
                      "Plan Width": 4,
                      "Startup Cost": 75.0,
                      "Hash Cond": "(r2.bid \u003d b2.bid)",
                      "Plan Rows": 5000,
                      "Inner Unique": true
                    },
                    {
                      "Parent Relationship": "Inner",
                      "Total Cost": 0.05,
                      "Scan Direction": "NoMovement",
                      "Relation Name": "sailors",
                      "Parallel Aware": false,
                      "Alias": "s2",
                      "Node Type": "Index Scan",
                      "Index Name": "idx_sailors_sid",
                      "Plan Width": 4,
                      "Startup Cost": 0.0,
                      "Index Cond": "(sid \u003d r2.sid)",
                      "Plan Rows": 1
                    }
                  ],
                  "Parallel Aware": false,
                  "Node Type": "Nested Loop",
                  "Join Type": "Inner",
                  "Plan Width": 8,
                  "Startup Cost": 75.0,
                  "Plan Rows": 5000,
                  "Inner Unique": true
                }
              ],
              "Parallel Aware": false,
              "Node Type": "Aggregate",
              "Plan Width": 8,
              "Strategy": "Hashed",
              "Startup Cost": 591.71,
              "Group Key": [
                "s2.sid"
              ],
              "Plan Rows": 5000,
              "Partial Mode": "Simple"
            }
          ],
          "Parallel Aware": false,
          "Node Type": "Hash",
          "Plan Width": 8,
          "Startup Cost": 641.71,
          "Plan Rows": 5000
        }
      ],
      "Parallel Aware": false,
      "Node Type": "Hash Join",
      "Join Type": "Inner",
      "Plan Width": 12,
      "Startup Cost": 779.21,
      "Hash Cond": "(r.sid \u003d s2.sid)",
      "Plan Rows": 2779,
      "Inner Unique": false
    },
    {
      "Parent Relationship": "Inner",
      "Total Cost": 0.05,
      "Scan Direction": "NoMovement",
      "Relation Name": "sailors",
      "Parallel Aware": false,
      "Alias": "s",
      "Node Type": "Index Scan",
      "Index Name": "idx_sailors_sid",
      "Plan Width": 25,
      "Startup Cost": 0.0,
      "Index Cond": "(sid \u003d r.sid)",
      "Plan Rows": 1
    }
  ],
  "Parallel Aware": false,
  "Node Type": "Nested Loop",
  "Join Type": "Inner",
  "Plan Width": 21,
  "Startup Cost": 779.21,
  "Plan Rows": 2778,
  "Inner Unique": true
}

------------------------------

Indicies Configuration #227:
Index hash on column sid in table sailors
Index hash on column bid in table reserves
Index btree on column color in table boat
Index btree on column bid in table boat

------------------------------

1. The Total Cost of the Plan = 1226.58
2. The Estimated Size of the Result Set = 2778
3. The Plan of the Query:
{
  "Total Cost": 1226.58,
  "Plans": [
    {
      "Parent Relationship": "Outer",
      "Total Cost": 1097.16,
      "Plans": [
        {
          "Parent Relationship": "Outer",
          "Total Cost": 346.42,
          "Plans": [
            {
              "Parent Relationship": "Outer",
              "Total Cost": 231.99,
              "Relation Name": "reserves",
              "Parallel Aware": false,
              "Alias": "r",
              "Node Type": "Seq Scan",
              "Plan Width": 8,
              "Startup Cost": 0.0,
              "Plan Rows": 14999
            },
            {
              "Parent Relationship": "Inner",
              "Total Cost": 62.5,
              "Plans": [
                {
                  "Parent Relationship": "Outer",
                  "Total Cost": 62.5,
                  "Relation Name": "boat",
                  "Parallel Aware": false,
                  "Filter": "(color \u003d \u0027red\u0027::bpchar)",
                  "Alias": "b",
                  "Node Type": "Seq Scan",
                  "Plan Width": 4,
                  "Startup Cost": 0.0,
                  "Plan Rows": 1000
                }
              ],
              "Parallel Aware": false,
              "Node Type": "Hash",
              "Plan Width": 4,
              "Startup Cost": 62.5,
              "Plan Rows": 1000
            }
          ],
          "Parallel Aware": false,
          "Node Type": "Hash Join",
          "Join Type": "Inner",
          "Plan Width": 4,
          "Startup Cost": 75.0,
          "Hash Cond": "(r.bid \u003d b.bid)",
          "Plan Rows": 5000,
          "Inner Unique": true
        },
        {
          "Parent Relationship": "Inner",
          "Total Cost": 641.71,
          "Plans": [
            {
              "Parent Relationship": "Outer",
              "Total Cost": 641.71,
              "Plans": [
                {
                  "Parent Relationship": "Outer",
                  "Total Cost": 579.21,
                  "Plans": [
                    {
                      "Parent Relationship": "Outer",
                      "Total Cost": 346.42,
                      "Plans": [
                        {
                          "Parent Relationship": "Outer",
                          "Total Cost": 231.99,
                          "Relation Name": "reserves",
                          "Parallel Aware": false,
                          "Alias": "r2",
                          "Node Type": "Seq Scan",
                          "Plan Width": 8,
                          "Startup Cost": 0.0,
                          "Plan Rows": 14999
                        },
                        {
                          "Parent Relationship": "Inner",
                          "Total Cost": 62.5,
                          "Plans": [
                            {
                              "Parent Relationship": "Outer",
                              "Total Cost": 62.5,
                              "Relation Name": "boat",
                              "Parallel Aware": false,
                              "Filter": "(color \u003d \u0027green\u0027::bpchar)",
                              "Alias": "b2",
                              "Node Type": "Seq Scan",
                              "Plan Width": 4,
                              "Startup Cost": 0.0,
                              "Plan Rows": 1000
                            }
                          ],
                          "Parallel Aware": false,
                          "Node Type": "Hash",
                          "Plan Width": 4,
                          "Startup Cost": 62.5,
                          "Plan Rows": 1000
                        }
                      ],
                      "Parallel Aware": false,
                      "Node Type": "Hash Join",
                      "Join Type": "Inner",
                      "Plan Width": 4,
                      "Startup Cost": 75.0,
                      "Hash Cond": "(r2.bid \u003d b2.bid)",
                      "Plan Rows": 5000,
                      "Inner Unique": true
                    },
                    {
                      "Parent Relationship": "Inner",
                      "Total Cost": 0.05,
                      "Scan Direction": "NoMovement",
                      "Relation Name": "sailors",
                      "Parallel Aware": false,
                      "Alias": "s2",
                      "Node Type": "Index Scan",
                      "Index Name": "idx_sailors_sid",
                      "Plan Width": 4,
                      "Startup Cost": 0.0,
                      "Index Cond": "(sid \u003d r2.sid)",
                      "Plan Rows": 1
                    }
                  ],
                  "Parallel Aware": false,
                  "Node Type": "Nested Loop",
                  "Join Type": "Inner",
                  "Plan Width": 8,
                  "Startup Cost": 75.0,
                  "Plan Rows": 5000,
                  "Inner Unique": true
                }
              ],
              "Parallel Aware": false,
              "Node Type": "Aggregate",
              "Plan Width": 8,
              "Strategy": "Hashed",
              "Startup Cost": 591.71,
              "Group Key": [
                "s2.sid"
              ],
              "Plan Rows": 5000,
              "Partial Mode": "Simple"
            }
          ],
          "Parallel Aware": false,
          "Node Type": "Hash",
          "Plan Width": 8,
          "Startup Cost": 641.71,
          "Plan Rows": 5000
        }
      ],
      "Parallel Aware": false,
      "Node Type": "Hash Join",
      "Join Type": "Inner",
      "Plan Width": 12,
      "Startup Cost": 779.21,
      "Hash Cond": "(r.sid \u003d s2.sid)",
      "Plan Rows": 2779,
      "Inner Unique": false
    },
    {
      "Parent Relationship": "Inner",
      "Total Cost": 0.05,
      "Scan Direction": "NoMovement",
      "Relation Name": "sailors",
      "Parallel Aware": false,
      "Alias": "s",
      "Node Type": "Index Scan",
      "Index Name": "idx_sailors_sid",
      "Plan Width": 25,
      "Startup Cost": 0.0,
      "Index Cond": "(sid \u003d r.sid)",
      "Plan Rows": 1
    }
  ],
  "Parallel Aware": false,
  "Node Type": "Nested Loop",
  "Join Type": "Inner",
  "Plan Width": 21,
  "Startup Cost": 779.21,
  "Plan Rows": 2778,
  "Inner Unique": true
}

------------------------------

Indicies Configuration #228:
Index hash on column sid in table sailors
Index hash on column bid in table reserves
Index btree on column color in table boat
Index hash on column bid in table boat

------------------------------

1. The Total Cost of the Plan = 1226.58
2. The Estimated Size of the Result Set = 2778
3. The Plan of the Query:
{
  "Total Cost": 1226.58,
  "Plans": [
    {
      "Parent Relationship": "Outer",
      "Total Cost": 1097.16,
      "Plans": [
        {
          "Parent Relationship": "Outer",
          "Total Cost": 346.42,
          "Plans": [
            {
              "Parent Relationship": "Outer",
              "Total Cost": 231.99,
              "Relation Name": "reserves",
              "Parallel Aware": false,
              "Alias": "r",
              "Node Type": "Seq Scan",
              "Plan Width": 8,
              "Startup Cost": 0.0,
              "Plan Rows": 14999
            },
            {
              "Parent Relationship": "Inner",
              "Total Cost": 62.5,
              "Plans": [
                {
                  "Parent Relationship": "Outer",
                  "Total Cost": 62.5,
                  "Relation Name": "boat",
                  "Parallel Aware": false,
                  "Filter": "(color \u003d \u0027red\u0027::bpchar)",
                  "Alias": "b",
                  "Node Type": "Seq Scan",
                  "Plan Width": 4,
                  "Startup Cost": 0.0,
                  "Plan Rows": 1000
                }
              ],
              "Parallel Aware": false,
              "Node Type": "Hash",
              "Plan Width": 4,
              "Startup Cost": 62.5,
              "Plan Rows": 1000
            }
          ],
          "Parallel Aware": false,
          "Node Type": "Hash Join",
          "Join Type": "Inner",
          "Plan Width": 4,
          "Startup Cost": 75.0,
          "Hash Cond": "(r.bid \u003d b.bid)",
          "Plan Rows": 5000,
          "Inner Unique": true
        },
        {
          "Parent Relationship": "Inner",
          "Total Cost": 641.71,
          "Plans": [
            {
              "Parent Relationship": "Outer",
              "Total Cost": 641.71,
              "Plans": [
                {
                  "Parent Relationship": "Outer",
                  "Total Cost": 579.21,
                  "Plans": [
                    {
                      "Parent Relationship": "Outer",
                      "Total Cost": 346.42,
                      "Plans": [
                        {
                          "Parent Relationship": "Outer",
                          "Total Cost": 231.99,
                          "Relation Name": "reserves",
                          "Parallel Aware": false,
                          "Alias": "r2",
                          "Node Type": "Seq Scan",
                          "Plan Width": 8,
                          "Startup Cost": 0.0,
                          "Plan Rows": 14999
                        },
                        {
                          "Parent Relationship": "Inner",
                          "Total Cost": 62.5,
                          "Plans": [
                            {
                              "Parent Relationship": "Outer",
                              "Total Cost": 62.5,
                              "Relation Name": "boat",
                              "Parallel Aware": false,
                              "Filter": "(color \u003d \u0027green\u0027::bpchar)",
                              "Alias": "b2",
                              "Node Type": "Seq Scan",
                              "Plan Width": 4,
                              "Startup Cost": 0.0,
                              "Plan Rows": 1000
                            }
                          ],
                          "Parallel Aware": false,
                          "Node Type": "Hash",
                          "Plan Width": 4,
                          "Startup Cost": 62.5,
                          "Plan Rows": 1000
                        }
                      ],
                      "Parallel Aware": false,
                      "Node Type": "Hash Join",
                      "Join Type": "Inner",
                      "Plan Width": 4,
                      "Startup Cost": 75.0,
                      "Hash Cond": "(r2.bid \u003d b2.bid)",
                      "Plan Rows": 5000,
                      "Inner Unique": true
                    },
                    {
                      "Parent Relationship": "Inner",
                      "Total Cost": 0.05,
                      "Scan Direction": "NoMovement",
                      "Relation Name": "sailors",
                      "Parallel Aware": false,
                      "Alias": "s2",
                      "Node Type": "Index Scan",
                      "Index Name": "idx_sailors_sid",
                      "Plan Width": 4,
                      "Startup Cost": 0.0,
                      "Index Cond": "(sid \u003d r2.sid)",
                      "Plan Rows": 1
                    }
                  ],
                  "Parallel Aware": false,
                  "Node Type": "Nested Loop",
                  "Join Type": "Inner",
                  "Plan Width": 8,
                  "Startup Cost": 75.0,
                  "Plan Rows": 5000,
                  "Inner Unique": true
                }
              ],
              "Parallel Aware": false,
              "Node Type": "Aggregate",
              "Plan Width": 8,
              "Strategy": "Hashed",
              "Startup Cost": 591.71,
              "Group Key": [
                "s2.sid"
              ],
              "Plan Rows": 5000,
              "Partial Mode": "Simple"
            }
          ],
          "Parallel Aware": false,
          "Node Type": "Hash",
          "Plan Width": 8,
          "Startup Cost": 641.71,
          "Plan Rows": 5000
        }
      ],
      "Parallel Aware": false,
      "Node Type": "Hash Join",
      "Join Type": "Inner",
      "Plan Width": 12,
      "Startup Cost": 779.21,
      "Hash Cond": "(r.sid \u003d s2.sid)",
      "Plan Rows": 2779,
      "Inner Unique": false
    },
    {
      "Parent Relationship": "Inner",
      "Total Cost": 0.05,
      "Scan Direction": "NoMovement",
      "Relation Name": "sailors",
      "Parallel Aware": false,
      "Alias": "s",
      "Node Type": "Index Scan",
      "Index Name": "idx_sailors_sid",
      "Plan Width": 25,
      "Startup Cost": 0.0,
      "Index Cond": "(sid \u003d r.sid)",
      "Plan Rows": 1
    }
  ],
  "Parallel Aware": false,
  "Node Type": "Nested Loop",
  "Join Type": "Inner",
  "Plan Width": 21,
  "Startup Cost": 779.21,
  "Plan Rows": 2778,
  "Inner Unique": true
}

------------------------------

Indicies Configuration #229:
Index hash on column sid in table sailors
Index hash on column bid in table reserves
Index btree on column color in table boat
Index btree on column sid in table reserves

------------------------------

1. The Total Cost of the Plan = 1226.58
2. The Estimated Size of the Result Set = 2778
3. The Plan of the Query:
{
  "Total Cost": 1226.58,
  "Plans": [
    {
      "Parent Relationship": "Outer",
      "Total Cost": 1097.16,
      "Plans": [
        {
          "Parent Relationship": "Outer",
          "Total Cost": 346.42,
          "Plans": [
            {
              "Parent Relationship": "Outer",
              "Total Cost": 231.99,
              "Relation Name": "reserves",
              "Parallel Aware": false,
              "Alias": "r",
              "Node Type": "Seq Scan",
              "Plan Width": 8,
              "Startup Cost": 0.0,
              "Plan Rows": 14999
            },
            {
              "Parent Relationship": "Inner",
              "Total Cost": 62.5,
              "Plans": [
                {
                  "Parent Relationship": "Outer",
                  "Total Cost": 62.5,
                  "Relation Name": "boat",
                  "Parallel Aware": false,
                  "Filter": "(color \u003d \u0027red\u0027::bpchar)",
                  "Alias": "b",
                  "Node Type": "Seq Scan",
                  "Plan Width": 4,
                  "Startup Cost": 0.0,
                  "Plan Rows": 1000
                }
              ],
              "Parallel Aware": false,
              "Node Type": "Hash",
              "Plan Width": 4,
              "Startup Cost": 62.5,
              "Plan Rows": 1000
            }
          ],
          "Parallel Aware": false,
          "Node Type": "Hash Join",
          "Join Type": "Inner",
          "Plan Width": 4,
          "Startup Cost": 75.0,
          "Hash Cond": "(r.bid \u003d b.bid)",
          "Plan Rows": 5000,
          "Inner Unique": true
        },
        {
          "Parent Relationship": "Inner",
          "Total Cost": 641.71,
          "Plans": [
            {
              "Parent Relationship": "Outer",
              "Total Cost": 641.71,
              "Plans": [
                {
                  "Parent Relationship": "Outer",
                  "Total Cost": 579.21,
                  "Plans": [
                    {
                      "Parent Relationship": "Outer",
                      "Total Cost": 346.42,
                      "Plans": [
                        {
                          "Parent Relationship": "Outer",
                          "Total Cost": 231.99,
                          "Relation Name": "reserves",
                          "Parallel Aware": false,
                          "Alias": "r2",
                          "Node Type": "Seq Scan",
                          "Plan Width": 8,
                          "Startup Cost": 0.0,
                          "Plan Rows": 14999
                        },
                        {
                          "Parent Relationship": "Inner",
                          "Total Cost": 62.5,
                          "Plans": [
                            {
                              "Parent Relationship": "Outer",
                              "Total Cost": 62.5,
                              "Relation Name": "boat",
                              "Parallel Aware": false,
                              "Filter": "(color \u003d \u0027green\u0027::bpchar)",
                              "Alias": "b2",
                              "Node Type": "Seq Scan",
                              "Plan Width": 4,
                              "Startup Cost": 0.0,
                              "Plan Rows": 1000
                            }
                          ],
                          "Parallel Aware": false,
                          "Node Type": "Hash",
                          "Plan Width": 4,
                          "Startup Cost": 62.5,
                          "Plan Rows": 1000
                        }
                      ],
                      "Parallel Aware": false,
                      "Node Type": "Hash Join",
                      "Join Type": "Inner",
                      "Plan Width": 4,
                      "Startup Cost": 75.0,
                      "Hash Cond": "(r2.bid \u003d b2.bid)",
                      "Plan Rows": 5000,
                      "Inner Unique": true
                    },
                    {
                      "Parent Relationship": "Inner",
                      "Total Cost": 0.05,
                      "Scan Direction": "NoMovement",
                      "Relation Name": "sailors",
                      "Parallel Aware": false,
                      "Alias": "s2",
                      "Node Type": "Index Scan",
                      "Index Name": "idx_sailors_sid",
                      "Plan Width": 4,
                      "Startup Cost": 0.0,
                      "Index Cond": "(sid \u003d r2.sid)",
                      "Plan Rows": 1
                    }
                  ],
                  "Parallel Aware": false,
                  "Node Type": "Nested Loop",
                  "Join Type": "Inner",
                  "Plan Width": 8,
                  "Startup Cost": 75.0,
                  "Plan Rows": 5000,
                  "Inner Unique": true
                }
              ],
              "Parallel Aware": false,
              "Node Type": "Aggregate",
              "Plan Width": 8,
              "Strategy": "Hashed",
              "Startup Cost": 591.71,
              "Group Key": [
                "s2.sid"
              ],
              "Plan Rows": 5000,
              "Partial Mode": "Simple"
            }
          ],
          "Parallel Aware": false,
          "Node Type": "Hash",
          "Plan Width": 8,
          "Startup Cost": 641.71,
          "Plan Rows": 5000
        }
      ],
      "Parallel Aware": false,
      "Node Type": "Hash Join",
      "Join Type": "Inner",
      "Plan Width": 12,
      "Startup Cost": 779.21,
      "Hash Cond": "(r.sid \u003d s2.sid)",
      "Plan Rows": 2779,
      "Inner Unique": false
    },
    {
      "Parent Relationship": "Inner",
      "Total Cost": 0.05,
      "Scan Direction": "NoMovement",
      "Relation Name": "sailors",
      "Parallel Aware": false,
      "Alias": "s",
      "Node Type": "Index Scan",
      "Index Name": "idx_sailors_sid",
      "Plan Width": 25,
      "Startup Cost": 0.0,
      "Index Cond": "(sid \u003d r.sid)",
      "Plan Rows": 1
    }
  ],
  "Parallel Aware": false,
  "Node Type": "Nested Loop",
  "Join Type": "Inner",
  "Plan Width": 21,
  "Startup Cost": 779.21,
  "Plan Rows": 2778,
  "Inner Unique": true
}

------------------------------

Indicies Configuration #230:
Index hash on column sid in table sailors
Index hash on column bid in table reserves
Index btree on column color in table boat
Index btree on column sid in table reserves
Index btree on column bid in table boat

------------------------------

1. The Total Cost of the Plan = 1226.58
2. The Estimated Size of the Result Set = 2778
3. The Plan of the Query:
{
  "Total Cost": 1226.58,
  "Plans": [
    {
      "Parent Relationship": "Outer",
      "Total Cost": 1097.16,
      "Plans": [
        {
          "Parent Relationship": "Outer",
          "Total Cost": 346.42,
          "Plans": [
            {
              "Parent Relationship": "Outer",
              "Total Cost": 231.99,
              "Relation Name": "reserves",
              "Parallel Aware": false,
              "Alias": "r",
              "Node Type": "Seq Scan",
              "Plan Width": 8,
              "Startup Cost": 0.0,
              "Plan Rows": 14999
            },
            {
              "Parent Relationship": "Inner",
              "Total Cost": 62.5,
              "Plans": [
                {
                  "Parent Relationship": "Outer",
                  "Total Cost": 62.5,
                  "Relation Name": "boat",
                  "Parallel Aware": false,
                  "Filter": "(color \u003d \u0027red\u0027::bpchar)",
                  "Alias": "b",
                  "Node Type": "Seq Scan",
                  "Plan Width": 4,
                  "Startup Cost": 0.0,
                  "Plan Rows": 1000
                }
              ],
              "Parallel Aware": false,
              "Node Type": "Hash",
              "Plan Width": 4,
              "Startup Cost": 62.5,
              "Plan Rows": 1000
            }
          ],
          "Parallel Aware": false,
          "Node Type": "Hash Join",
          "Join Type": "Inner",
          "Plan Width": 4,
          "Startup Cost": 75.0,
          "Hash Cond": "(r.bid \u003d b.bid)",
          "Plan Rows": 5000,
          "Inner Unique": true
        },
        {
          "Parent Relationship": "Inner",
          "Total Cost": 641.71,
          "Plans": [
            {
              "Parent Relationship": "Outer",
              "Total Cost": 641.71,
              "Plans": [
                {
                  "Parent Relationship": "Outer",
                  "Total Cost": 579.21,
                  "Plans": [
                    {
                      "Parent Relationship": "Outer",
                      "Total Cost": 346.42,
                      "Plans": [
                        {
                          "Parent Relationship": "Outer",
                          "Total Cost": 231.99,
                          "Relation Name": "reserves",
                          "Parallel Aware": false,
                          "Alias": "r2",
                          "Node Type": "Seq Scan",
                          "Plan Width": 8,
                          "Startup Cost": 0.0,
                          "Plan Rows": 14999
                        },
                        {
                          "Parent Relationship": "Inner",
                          "Total Cost": 62.5,
                          "Plans": [
                            {
                              "Parent Relationship": "Outer",
                              "Total Cost": 62.5,
                              "Relation Name": "boat",
                              "Parallel Aware": false,
                              "Filter": "(color \u003d \u0027green\u0027::bpchar)",
                              "Alias": "b2",
                              "Node Type": "Seq Scan",
                              "Plan Width": 4,
                              "Startup Cost": 0.0,
                              "Plan Rows": 1000
                            }
                          ],
                          "Parallel Aware": false,
                          "Node Type": "Hash",
                          "Plan Width": 4,
                          "Startup Cost": 62.5,
                          "Plan Rows": 1000
                        }
                      ],
                      "Parallel Aware": false,
                      "Node Type": "Hash Join",
                      "Join Type": "Inner",
                      "Plan Width": 4,
                      "Startup Cost": 75.0,
                      "Hash Cond": "(r2.bid \u003d b2.bid)",
                      "Plan Rows": 5000,
                      "Inner Unique": true
                    },
                    {
                      "Parent Relationship": "Inner",
                      "Total Cost": 0.05,
                      "Scan Direction": "NoMovement",
                      "Relation Name": "sailors",
                      "Parallel Aware": false,
                      "Alias": "s2",
                      "Node Type": "Index Scan",
                      "Index Name": "idx_sailors_sid",
                      "Plan Width": 4,
                      "Startup Cost": 0.0,
                      "Index Cond": "(sid \u003d r2.sid)",
                      "Plan Rows": 1
                    }
                  ],
                  "Parallel Aware": false,
                  "Node Type": "Nested Loop",
                  "Join Type": "Inner",
                  "Plan Width": 8,
                  "Startup Cost": 75.0,
                  "Plan Rows": 5000,
                  "Inner Unique": true
                }
              ],
              "Parallel Aware": false,
              "Node Type": "Aggregate",
              "Plan Width": 8,
              "Strategy": "Hashed",
              "Startup Cost": 591.71,
              "Group Key": [
                "s2.sid"
              ],
              "Plan Rows": 5000,
              "Partial Mode": "Simple"
            }
          ],
          "Parallel Aware": false,
          "Node Type": "Hash",
          "Plan Width": 8,
          "Startup Cost": 641.71,
          "Plan Rows": 5000
        }
      ],
      "Parallel Aware": false,
      "Node Type": "Hash Join",
      "Join Type": "Inner",
      "Plan Width": 12,
      "Startup Cost": 779.21,
      "Hash Cond": "(r.sid \u003d s2.sid)",
      "Plan Rows": 2779,
      "Inner Unique": false
    },
    {
      "Parent Relationship": "Inner",
      "Total Cost": 0.05,
      "Scan Direction": "NoMovement",
      "Relation Name": "sailors",
      "Parallel Aware": false,
      "Alias": "s",
      "Node Type": "Index Scan",
      "Index Name": "idx_sailors_sid",
      "Plan Width": 25,
      "Startup Cost": 0.0,
      "Index Cond": "(sid \u003d r.sid)",
      "Plan Rows": 1
    }
  ],
  "Parallel Aware": false,
  "Node Type": "Nested Loop",
  "Join Type": "Inner",
  "Plan Width": 21,
  "Startup Cost": 779.21,
  "Plan Rows": 2778,
  "Inner Unique": true
}

------------------------------

Indicies Configuration #231:
Index hash on column sid in table sailors
Index hash on column bid in table reserves
Index btree on column color in table boat
Index btree on column sid in table reserves
Index hash on column bid in table boat

------------------------------

1. The Total Cost of the Plan = 1226.58
2. The Estimated Size of the Result Set = 2778
3. The Plan of the Query:
{
  "Total Cost": 1226.58,
  "Plans": [
    {
      "Parent Relationship": "Outer",
      "Total Cost": 1097.16,
      "Plans": [
        {
          "Parent Relationship": "Outer",
          "Total Cost": 346.42,
          "Plans": [
            {
              "Parent Relationship": "Outer",
              "Total Cost": 231.99,
              "Relation Name": "reserves",
              "Parallel Aware": false,
              "Alias": "r",
              "Node Type": "Seq Scan",
              "Plan Width": 8,
              "Startup Cost": 0.0,
              "Plan Rows": 14999
            },
            {
              "Parent Relationship": "Inner",
              "Total Cost": 62.5,
              "Plans": [
                {
                  "Parent Relationship": "Outer",
                  "Total Cost": 62.5,
                  "Relation Name": "boat",
                  "Parallel Aware": false,
                  "Filter": "(color \u003d \u0027red\u0027::bpchar)",
                  "Alias": "b",
                  "Node Type": "Seq Scan",
                  "Plan Width": 4,
                  "Startup Cost": 0.0,
                  "Plan Rows": 1000
                }
              ],
              "Parallel Aware": false,
              "Node Type": "Hash",
              "Plan Width": 4,
              "Startup Cost": 62.5,
              "Plan Rows": 1000
            }
          ],
          "Parallel Aware": false,
          "Node Type": "Hash Join",
          "Join Type": "Inner",
          "Plan Width": 4,
          "Startup Cost": 75.0,
          "Hash Cond": "(r.bid \u003d b.bid)",
          "Plan Rows": 5000,
          "Inner Unique": true
        },
        {
          "Parent Relationship": "Inner",
          "Total Cost": 641.71,
          "Plans": [
            {
              "Parent Relationship": "Outer",
              "Total Cost": 641.71,
              "Plans": [
                {
                  "Parent Relationship": "Outer",
                  "Total Cost": 579.21,
                  "Plans": [
                    {
                      "Parent Relationship": "Outer",
                      "Total Cost": 346.42,
                      "Plans": [
                        {
                          "Parent Relationship": "Outer",
                          "Total Cost": 231.99,
                          "Relation Name": "reserves",
                          "Parallel Aware": false,
                          "Alias": "r2",
                          "Node Type": "Seq Scan",
                          "Plan Width": 8,
                          "Startup Cost": 0.0,
                          "Plan Rows": 14999
                        },
                        {
                          "Parent Relationship": "Inner",
                          "Total Cost": 62.5,
                          "Plans": [
                            {
                              "Parent Relationship": "Outer",
                              "Total Cost": 62.5,
                              "Relation Name": "boat",
                              "Parallel Aware": false,
                              "Filter": "(color \u003d \u0027green\u0027::bpchar)",
                              "Alias": "b2",
                              "Node Type": "Seq Scan",
                              "Plan Width": 4,
                              "Startup Cost": 0.0,
                              "Plan Rows": 1000
                            }
                          ],
                          "Parallel Aware": false,
                          "Node Type": "Hash",
                          "Plan Width": 4,
                          "Startup Cost": 62.5,
                          "Plan Rows": 1000
                        }
                      ],
                      "Parallel Aware": false,
                      "Node Type": "Hash Join",
                      "Join Type": "Inner",
                      "Plan Width": 4,
                      "Startup Cost": 75.0,
                      "Hash Cond": "(r2.bid \u003d b2.bid)",
                      "Plan Rows": 5000,
                      "Inner Unique": true
                    },
                    {
                      "Parent Relationship": "Inner",
                      "Total Cost": 0.05,
                      "Scan Direction": "NoMovement",
                      "Relation Name": "sailors",
                      "Parallel Aware": false,
                      "Alias": "s2",
                      "Node Type": "Index Scan",
                      "Index Name": "idx_sailors_sid",
                      "Plan Width": 4,
                      "Startup Cost": 0.0,
                      "Index Cond": "(sid \u003d r2.sid)",
                      "Plan Rows": 1
                    }
                  ],
                  "Parallel Aware": false,
                  "Node Type": "Nested Loop",
                  "Join Type": "Inner",
                  "Plan Width": 8,
                  "Startup Cost": 75.0,
                  "Plan Rows": 5000,
                  "Inner Unique": true
                }
              ],
              "Parallel Aware": false,
              "Node Type": "Aggregate",
              "Plan Width": 8,
              "Strategy": "Hashed",
              "Startup Cost": 591.71,
              "Group Key": [
                "s2.sid"
              ],
              "Plan Rows": 5000,
              "Partial Mode": "Simple"
            }
          ],
          "Parallel Aware": false,
          "Node Type": "Hash",
          "Plan Width": 8,
          "Startup Cost": 641.71,
          "Plan Rows": 5000
        }
      ],
      "Parallel Aware": false,
      "Node Type": "Hash Join",
      "Join Type": "Inner",
      "Plan Width": 12,
      "Startup Cost": 779.21,
      "Hash Cond": "(r.sid \u003d s2.sid)",
      "Plan Rows": 2779,
      "Inner Unique": false
    },
    {
      "Parent Relationship": "Inner",
      "Total Cost": 0.05,
      "Scan Direction": "NoMovement",
      "Relation Name": "sailors",
      "Parallel Aware": false,
      "Alias": "s",
      "Node Type": "Index Scan",
      "Index Name": "idx_sailors_sid",
      "Plan Width": 25,
      "Startup Cost": 0.0,
      "Index Cond": "(sid \u003d r.sid)",
      "Plan Rows": 1
    }
  ],
  "Parallel Aware": false,
  "Node Type": "Nested Loop",
  "Join Type": "Inner",
  "Plan Width": 21,
  "Startup Cost": 779.21,
  "Plan Rows": 2778,
  "Inner Unique": true
}

------------------------------

Indicies Configuration #232:
Index hash on column sid in table sailors
Index hash on column bid in table reserves
Index btree on column color in table boat
Index hash on column sid in table reserves

------------------------------

1. The Total Cost of the Plan = 1226.58
2. The Estimated Size of the Result Set = 2778
3. The Plan of the Query:
{
  "Total Cost": 1226.58,
  "Plans": [
    {
      "Parent Relationship": "Outer",
      "Total Cost": 1097.16,
      "Plans": [
        {
          "Parent Relationship": "Outer",
          "Total Cost": 346.42,
          "Plans": [
            {
              "Parent Relationship": "Outer",
              "Total Cost": 231.99,
              "Relation Name": "reserves",
              "Parallel Aware": false,
              "Alias": "r",
              "Node Type": "Seq Scan",
              "Plan Width": 8,
              "Startup Cost": 0.0,
              "Plan Rows": 14999
            },
            {
              "Parent Relationship": "Inner",
              "Total Cost": 62.5,
              "Plans": [
                {
                  "Parent Relationship": "Outer",
                  "Total Cost": 62.5,
                  "Relation Name": "boat",
                  "Parallel Aware": false,
                  "Filter": "(color \u003d \u0027red\u0027::bpchar)",
                  "Alias": "b",
                  "Node Type": "Seq Scan",
                  "Plan Width": 4,
                  "Startup Cost": 0.0,
                  "Plan Rows": 1000
                }
              ],
              "Parallel Aware": false,
              "Node Type": "Hash",
              "Plan Width": 4,
              "Startup Cost": 62.5,
              "Plan Rows": 1000
            }
          ],
          "Parallel Aware": false,
          "Node Type": "Hash Join",
          "Join Type": "Inner",
          "Plan Width": 4,
          "Startup Cost": 75.0,
          "Hash Cond": "(r.bid \u003d b.bid)",
          "Plan Rows": 5000,
          "Inner Unique": true
        },
        {
          "Parent Relationship": "Inner",
          "Total Cost": 641.71,
          "Plans": [
            {
              "Parent Relationship": "Outer",
              "Total Cost": 641.71,
              "Plans": [
                {
                  "Parent Relationship": "Outer",
                  "Total Cost": 579.21,
                  "Plans": [
                    {
                      "Parent Relationship": "Outer",
                      "Total Cost": 346.42,
                      "Plans": [
                        {
                          "Parent Relationship": "Outer",
                          "Total Cost": 231.99,
                          "Relation Name": "reserves",
                          "Parallel Aware": false,
                          "Alias": "r2",
                          "Node Type": "Seq Scan",
                          "Plan Width": 8,
                          "Startup Cost": 0.0,
                          "Plan Rows": 14999
                        },
                        {
                          "Parent Relationship": "Inner",
                          "Total Cost": 62.5,
                          "Plans": [
                            {
                              "Parent Relationship": "Outer",
                              "Total Cost": 62.5,
                              "Relation Name": "boat",
                              "Parallel Aware": false,
                              "Filter": "(color \u003d \u0027green\u0027::bpchar)",
                              "Alias": "b2",
                              "Node Type": "Seq Scan",
                              "Plan Width": 4,
                              "Startup Cost": 0.0,
                              "Plan Rows": 1000
                            }
                          ],
                          "Parallel Aware": false,
                          "Node Type": "Hash",
                          "Plan Width": 4,
                          "Startup Cost": 62.5,
                          "Plan Rows": 1000
                        }
                      ],
                      "Parallel Aware": false,
                      "Node Type": "Hash Join",
                      "Join Type": "Inner",
                      "Plan Width": 4,
                      "Startup Cost": 75.0,
                      "Hash Cond": "(r2.bid \u003d b2.bid)",
                      "Plan Rows": 5000,
                      "Inner Unique": true
                    },
                    {
                      "Parent Relationship": "Inner",
                      "Total Cost": 0.05,
                      "Scan Direction": "NoMovement",
                      "Relation Name": "sailors",
                      "Parallel Aware": false,
                      "Alias": "s2",
                      "Node Type": "Index Scan",
                      "Index Name": "idx_sailors_sid",
                      "Plan Width": 4,
                      "Startup Cost": 0.0,
                      "Index Cond": "(sid \u003d r2.sid)",
                      "Plan Rows": 1
                    }
                  ],
                  "Parallel Aware": false,
                  "Node Type": "Nested Loop",
                  "Join Type": "Inner",
                  "Plan Width": 8,
                  "Startup Cost": 75.0,
                  "Plan Rows": 5000,
                  "Inner Unique": true
                }
              ],
              "Parallel Aware": false,
              "Node Type": "Aggregate",
              "Plan Width": 8,
              "Strategy": "Hashed",
              "Startup Cost": 591.71,
              "Group Key": [
                "s2.sid"
              ],
              "Plan Rows": 5000,
              "Partial Mode": "Simple"
            }
          ],
          "Parallel Aware": false,
          "Node Type": "Hash",
          "Plan Width": 8,
          "Startup Cost": 641.71,
          "Plan Rows": 5000
        }
      ],
      "Parallel Aware": false,
      "Node Type": "Hash Join",
      "Join Type": "Inner",
      "Plan Width": 12,
      "Startup Cost": 779.21,
      "Hash Cond": "(r.sid \u003d s2.sid)",
      "Plan Rows": 2779,
      "Inner Unique": false
    },
    {
      "Parent Relationship": "Inner",
      "Total Cost": 0.05,
      "Scan Direction": "NoMovement",
      "Relation Name": "sailors",
      "Parallel Aware": false,
      "Alias": "s",
      "Node Type": "Index Scan",
      "Index Name": "idx_sailors_sid",
      "Plan Width": 25,
      "Startup Cost": 0.0,
      "Index Cond": "(sid \u003d r.sid)",
      "Plan Rows": 1
    }
  ],
  "Parallel Aware": false,
  "Node Type": "Nested Loop",
  "Join Type": "Inner",
  "Plan Width": 21,
  "Startup Cost": 779.21,
  "Plan Rows": 2778,
  "Inner Unique": true
}

------------------------------

Indicies Configuration #233:
Index hash on column sid in table sailors
Index hash on column bid in table reserves
Index btree on column color in table boat
Index hash on column sid in table reserves
Index btree on column bid in table boat

------------------------------

1. The Total Cost of the Plan = 1226.58
2. The Estimated Size of the Result Set = 2778
3. The Plan of the Query:
{
  "Total Cost": 1226.58,
  "Plans": [
    {
      "Parent Relationship": "Outer",
      "Total Cost": 1097.16,
      "Plans": [
        {
          "Parent Relationship": "Outer",
          "Total Cost": 346.42,
          "Plans": [
            {
              "Parent Relationship": "Outer",
              "Total Cost": 231.99,
              "Relation Name": "reserves",
              "Parallel Aware": false,
              "Alias": "r",
              "Node Type": "Seq Scan",
              "Plan Width": 8,
              "Startup Cost": 0.0,
              "Plan Rows": 14999
            },
            {
              "Parent Relationship": "Inner",
              "Total Cost": 62.5,
              "Plans": [
                {
                  "Parent Relationship": "Outer",
                  "Total Cost": 62.5,
                  "Relation Name": "boat",
                  "Parallel Aware": false,
                  "Filter": "(color \u003d \u0027red\u0027::bpchar)",
                  "Alias": "b",
                  "Node Type": "Seq Scan",
                  "Plan Width": 4,
                  "Startup Cost": 0.0,
                  "Plan Rows": 1000
                }
              ],
              "Parallel Aware": false,
              "Node Type": "Hash",
              "Plan Width": 4,
              "Startup Cost": 62.5,
              "Plan Rows": 1000
            }
          ],
          "Parallel Aware": false,
          "Node Type": "Hash Join",
          "Join Type": "Inner",
          "Plan Width": 4,
          "Startup Cost": 75.0,
          "Hash Cond": "(r.bid \u003d b.bid)",
          "Plan Rows": 5000,
          "Inner Unique": true
        },
        {
          "Parent Relationship": "Inner",
          "Total Cost": 641.71,
          "Plans": [
            {
              "Parent Relationship": "Outer",
              "Total Cost": 641.71,
              "Plans": [
                {
                  "Parent Relationship": "Outer",
                  "Total Cost": 579.21,
                  "Plans": [
                    {
                      "Parent Relationship": "Outer",
                      "Total Cost": 346.42,
                      "Plans": [
                        {
                          "Parent Relationship": "Outer",
                          "Total Cost": 231.99,
                          "Relation Name": "reserves",
                          "Parallel Aware": false,
                          "Alias": "r2",
                          "Node Type": "Seq Scan",
                          "Plan Width": 8,
                          "Startup Cost": 0.0,
                          "Plan Rows": 14999
                        },
                        {
                          "Parent Relationship": "Inner",
                          "Total Cost": 62.5,
                          "Plans": [
                            {
                              "Parent Relationship": "Outer",
                              "Total Cost": 62.5,
                              "Relation Name": "boat",
                              "Parallel Aware": false,
                              "Filter": "(color \u003d \u0027green\u0027::bpchar)",
                              "Alias": "b2",
                              "Node Type": "Seq Scan",
                              "Plan Width": 4,
                              "Startup Cost": 0.0,
                              "Plan Rows": 1000
                            }
                          ],
                          "Parallel Aware": false,
                          "Node Type": "Hash",
                          "Plan Width": 4,
                          "Startup Cost": 62.5,
                          "Plan Rows": 1000
                        }
                      ],
                      "Parallel Aware": false,
                      "Node Type": "Hash Join",
                      "Join Type": "Inner",
                      "Plan Width": 4,
                      "Startup Cost": 75.0,
                      "Hash Cond": "(r2.bid \u003d b2.bid)",
                      "Plan Rows": 5000,
                      "Inner Unique": true
                    },
                    {
                      "Parent Relationship": "Inner",
                      "Total Cost": 0.05,
                      "Scan Direction": "NoMovement",
                      "Relation Name": "sailors",
                      "Parallel Aware": false,
                      "Alias": "s2",
                      "Node Type": "Index Scan",
                      "Index Name": "idx_sailors_sid",
                      "Plan Width": 4,
                      "Startup Cost": 0.0,
                      "Index Cond": "(sid \u003d r2.sid)",
                      "Plan Rows": 1
                    }
                  ],
                  "Parallel Aware": false,
                  "Node Type": "Nested Loop",
                  "Join Type": "Inner",
                  "Plan Width": 8,
                  "Startup Cost": 75.0,
                  "Plan Rows": 5000,
                  "Inner Unique": true
                }
              ],
              "Parallel Aware": false,
              "Node Type": "Aggregate",
              "Plan Width": 8,
              "Strategy": "Hashed",
              "Startup Cost": 591.71,
              "Group Key": [
                "s2.sid"
              ],
              "Plan Rows": 5000,
              "Partial Mode": "Simple"
            }
          ],
          "Parallel Aware": false,
          "Node Type": "Hash",
          "Plan Width": 8,
          "Startup Cost": 641.71,
          "Plan Rows": 5000
        }
      ],
      "Parallel Aware": false,
      "Node Type": "Hash Join",
      "Join Type": "Inner",
      "Plan Width": 12,
      "Startup Cost": 779.21,
      "Hash Cond": "(r.sid \u003d s2.sid)",
      "Plan Rows": 2779,
      "Inner Unique": false
    },
    {
      "Parent Relationship": "Inner",
      "Total Cost": 0.05,
      "Scan Direction": "NoMovement",
      "Relation Name": "sailors",
      "Parallel Aware": false,
      "Alias": "s",
      "Node Type": "Index Scan",
      "Index Name": "idx_sailors_sid",
      "Plan Width": 25,
      "Startup Cost": 0.0,
      "Index Cond": "(sid \u003d r.sid)",
      "Plan Rows": 1
    }
  ],
  "Parallel Aware": false,
  "Node Type": "Nested Loop",
  "Join Type": "Inner",
  "Plan Width": 21,
  "Startup Cost": 779.21,
  "Plan Rows": 2778,
  "Inner Unique": true
}

------------------------------

Indicies Configuration #234:
Index hash on column sid in table sailors
Index hash on column bid in table reserves
Index btree on column color in table boat
Index hash on column sid in table reserves
Index hash on column bid in table boat

------------------------------

1. The Total Cost of the Plan = 1226.58
2. The Estimated Size of the Result Set = 2778
3. The Plan of the Query:
{
  "Total Cost": 1226.58,
  "Plans": [
    {
      "Parent Relationship": "Outer",
      "Total Cost": 1097.16,
      "Plans": [
        {
          "Parent Relationship": "Outer",
          "Total Cost": 346.42,
          "Plans": [
            {
              "Parent Relationship": "Outer",
              "Total Cost": 231.99,
              "Relation Name": "reserves",
              "Parallel Aware": false,
              "Alias": "r",
              "Node Type": "Seq Scan",
              "Plan Width": 8,
              "Startup Cost": 0.0,
              "Plan Rows": 14999
            },
            {
              "Parent Relationship": "Inner",
              "Total Cost": 62.5,
              "Plans": [
                {
                  "Parent Relationship": "Outer",
                  "Total Cost": 62.5,
                  "Relation Name": "boat",
                  "Parallel Aware": false,
                  "Filter": "(color \u003d \u0027red\u0027::bpchar)",
                  "Alias": "b",
                  "Node Type": "Seq Scan",
                  "Plan Width": 4,
                  "Startup Cost": 0.0,
                  "Plan Rows": 1000
                }
              ],
              "Parallel Aware": false,
              "Node Type": "Hash",
              "Plan Width": 4,
              "Startup Cost": 62.5,
              "Plan Rows": 1000
            }
          ],
          "Parallel Aware": false,
          "Node Type": "Hash Join",
          "Join Type": "Inner",
          "Plan Width": 4,
          "Startup Cost": 75.0,
          "Hash Cond": "(r.bid \u003d b.bid)",
          "Plan Rows": 5000,
          "Inner Unique": true
        },
        {
          "Parent Relationship": "Inner",
          "Total Cost": 641.71,
          "Plans": [
            {
              "Parent Relationship": "Outer",
              "Total Cost": 641.71,
              "Plans": [
                {
                  "Parent Relationship": "Outer",
                  "Total Cost": 579.21,
                  "Plans": [
                    {
                      "Parent Relationship": "Outer",
                      "Total Cost": 346.42,
                      "Plans": [
                        {
                          "Parent Relationship": "Outer",
                          "Total Cost": 231.99,
                          "Relation Name": "reserves",
                          "Parallel Aware": false,
                          "Alias": "r2",
                          "Node Type": "Seq Scan",
                          "Plan Width": 8,
                          "Startup Cost": 0.0,
                          "Plan Rows": 14999
                        },
                        {
                          "Parent Relationship": "Inner",
                          "Total Cost": 62.5,
                          "Plans": [
                            {
                              "Parent Relationship": "Outer",
                              "Total Cost": 62.5,
                              "Relation Name": "boat",
                              "Parallel Aware": false,
                              "Filter": "(color \u003d \u0027green\u0027::bpchar)",
                              "Alias": "b2",
                              "Node Type": "Seq Scan",
                              "Plan Width": 4,
                              "Startup Cost": 0.0,
                              "Plan Rows": 1000
                            }
                          ],
                          "Parallel Aware": false,
                          "Node Type": "Hash",
                          "Plan Width": 4,
                          "Startup Cost": 62.5,
                          "Plan Rows": 1000
                        }
                      ],
                      "Parallel Aware": false,
                      "Node Type": "Hash Join",
                      "Join Type": "Inner",
                      "Plan Width": 4,
                      "Startup Cost": 75.0,
                      "Hash Cond": "(r2.bid \u003d b2.bid)",
                      "Plan Rows": 5000,
                      "Inner Unique": true
                    },
                    {
                      "Parent Relationship": "Inner",
                      "Total Cost": 0.05,
                      "Scan Direction": "NoMovement",
                      "Relation Name": "sailors",
                      "Parallel Aware": false,
                      "Alias": "s2",
                      "Node Type": "Index Scan",
                      "Index Name": "idx_sailors_sid",
                      "Plan Width": 4,
                      "Startup Cost": 0.0,
                      "Index Cond": "(sid \u003d r2.sid)",
                      "Plan Rows": 1
                    }
                  ],
                  "Parallel Aware": false,
                  "Node Type": "Nested Loop",
                  "Join Type": "Inner",
                  "Plan Width": 8,
                  "Startup Cost": 75.0,
                  "Plan Rows": 5000,
                  "Inner Unique": true
                }
              ],
              "Parallel Aware": false,
              "Node Type": "Aggregate",
              "Plan Width": 8,
              "Strategy": "Hashed",
              "Startup Cost": 591.71,
              "Group Key": [
                "s2.sid"
              ],
              "Plan Rows": 5000,
              "Partial Mode": "Simple"
            }
          ],
          "Parallel Aware": false,
          "Node Type": "Hash",
          "Plan Width": 8,
          "Startup Cost": 641.71,
          "Plan Rows": 5000
        }
      ],
      "Parallel Aware": false,
      "Node Type": "Hash Join",
      "Join Type": "Inner",
      "Plan Width": 12,
      "Startup Cost": 779.21,
      "Hash Cond": "(r.sid \u003d s2.sid)",
      "Plan Rows": 2779,
      "Inner Unique": false
    },
    {
      "Parent Relationship": "Inner",
      "Total Cost": 0.05,
      "Scan Direction": "NoMovement",
      "Relation Name": "sailors",
      "Parallel Aware": false,
      "Alias": "s",
      "Node Type": "Index Scan",
      "Index Name": "idx_sailors_sid",
      "Plan Width": 25,
      "Startup Cost": 0.0,
      "Index Cond": "(sid \u003d r.sid)",
      "Plan Rows": 1
    }
  ],
  "Parallel Aware": false,
  "Node Type": "Nested Loop",
  "Join Type": "Inner",
  "Plan Width": 21,
  "Startup Cost": 779.21,
  "Plan Rows": 2778,
  "Inner Unique": true
}

------------------------------

Indicies Configuration #235:
Index hash on column sid in table sailors
Index hash on column bid in table reserves
Index hash on column color in table boat

------------------------------

1. The Total Cost of the Plan = 1226.58
2. The Estimated Size of the Result Set = 2778
3. The Plan of the Query:
{
  "Total Cost": 1226.58,
  "Plans": [
    {
      "Parent Relationship": "Outer",
      "Total Cost": 1097.16,
      "Plans": [
        {
          "Parent Relationship": "Outer",
          "Total Cost": 346.42,
          "Plans": [
            {
              "Parent Relationship": "Outer",
              "Total Cost": 231.99,
              "Relation Name": "reserves",
              "Parallel Aware": false,
              "Alias": "r",
              "Node Type": "Seq Scan",
              "Plan Width": 8,
              "Startup Cost": 0.0,
              "Plan Rows": 14999
            },
            {
              "Parent Relationship": "Inner",
              "Total Cost": 62.5,
              "Plans": [
                {
                  "Parent Relationship": "Outer",
                  "Total Cost": 62.5,
                  "Relation Name": "boat",
                  "Parallel Aware": false,
                  "Filter": "(color \u003d \u0027red\u0027::bpchar)",
                  "Alias": "b",
                  "Node Type": "Seq Scan",
                  "Plan Width": 4,
                  "Startup Cost": 0.0,
                  "Plan Rows": 1000
                }
              ],
              "Parallel Aware": false,
              "Node Type": "Hash",
              "Plan Width": 4,
              "Startup Cost": 62.5,
              "Plan Rows": 1000
            }
          ],
          "Parallel Aware": false,
          "Node Type": "Hash Join",
          "Join Type": "Inner",
          "Plan Width": 4,
          "Startup Cost": 75.0,
          "Hash Cond": "(r.bid \u003d b.bid)",
          "Plan Rows": 5000,
          "Inner Unique": true
        },
        {
          "Parent Relationship": "Inner",
          "Total Cost": 641.71,
          "Plans": [
            {
              "Parent Relationship": "Outer",
              "Total Cost": 641.71,
              "Plans": [
                {
                  "Parent Relationship": "Outer",
                  "Total Cost": 579.21,
                  "Plans": [
                    {
                      "Parent Relationship": "Outer",
                      "Total Cost": 346.42,
                      "Plans": [
                        {
                          "Parent Relationship": "Outer",
                          "Total Cost": 231.99,
                          "Relation Name": "reserves",
                          "Parallel Aware": false,
                          "Alias": "r2",
                          "Node Type": "Seq Scan",
                          "Plan Width": 8,
                          "Startup Cost": 0.0,
                          "Plan Rows": 14999
                        },
                        {
                          "Parent Relationship": "Inner",
                          "Total Cost": 62.5,
                          "Plans": [
                            {
                              "Parent Relationship": "Outer",
                              "Total Cost": 62.5,
                              "Relation Name": "boat",
                              "Parallel Aware": false,
                              "Filter": "(color \u003d \u0027green\u0027::bpchar)",
                              "Alias": "b2",
                              "Node Type": "Seq Scan",
                              "Plan Width": 4,
                              "Startup Cost": 0.0,
                              "Plan Rows": 1000
                            }
                          ],
                          "Parallel Aware": false,
                          "Node Type": "Hash",
                          "Plan Width": 4,
                          "Startup Cost": 62.5,
                          "Plan Rows": 1000
                        }
                      ],
                      "Parallel Aware": false,
                      "Node Type": "Hash Join",
                      "Join Type": "Inner",
                      "Plan Width": 4,
                      "Startup Cost": 75.0,
                      "Hash Cond": "(r2.bid \u003d b2.bid)",
                      "Plan Rows": 5000,
                      "Inner Unique": true
                    },
                    {
                      "Parent Relationship": "Inner",
                      "Total Cost": 0.05,
                      "Scan Direction": "NoMovement",
                      "Relation Name": "sailors",
                      "Parallel Aware": false,
                      "Alias": "s2",
                      "Node Type": "Index Scan",
                      "Index Name": "idx_sailors_sid",
                      "Plan Width": 4,
                      "Startup Cost": 0.0,
                      "Index Cond": "(sid \u003d r2.sid)",
                      "Plan Rows": 1
                    }
                  ],
                  "Parallel Aware": false,
                  "Node Type": "Nested Loop",
                  "Join Type": "Inner",
                  "Plan Width": 8,
                  "Startup Cost": 75.0,
                  "Plan Rows": 5000,
                  "Inner Unique": true
                }
              ],
              "Parallel Aware": false,
              "Node Type": "Aggregate",
              "Plan Width": 8,
              "Strategy": "Hashed",
              "Startup Cost": 591.71,
              "Group Key": [
                "s2.sid"
              ],
              "Plan Rows": 5000,
              "Partial Mode": "Simple"
            }
          ],
          "Parallel Aware": false,
          "Node Type": "Hash",
          "Plan Width": 8,
          "Startup Cost": 641.71,
          "Plan Rows": 5000
        }
      ],
      "Parallel Aware": false,
      "Node Type": "Hash Join",
      "Join Type": "Inner",
      "Plan Width": 12,
      "Startup Cost": 779.21,
      "Hash Cond": "(r.sid \u003d s2.sid)",
      "Plan Rows": 2779,
      "Inner Unique": false
    },
    {
      "Parent Relationship": "Inner",
      "Total Cost": 0.05,
      "Scan Direction": "NoMovement",
      "Relation Name": "sailors",
      "Parallel Aware": false,
      "Alias": "s",
      "Node Type": "Index Scan",
      "Index Name": "idx_sailors_sid",
      "Plan Width": 25,
      "Startup Cost": 0.0,
      "Index Cond": "(sid \u003d r.sid)",
      "Plan Rows": 1
    }
  ],
  "Parallel Aware": false,
  "Node Type": "Nested Loop",
  "Join Type": "Inner",
  "Plan Width": 21,
  "Startup Cost": 779.21,
  "Plan Rows": 2778,
  "Inner Unique": true
}

------------------------------

Indicies Configuration #236:
Index hash on column sid in table sailors
Index hash on column bid in table reserves
Index hash on column color in table boat
Index btree on column bid in table boat

------------------------------

1. The Total Cost of the Plan = 1226.58
2. The Estimated Size of the Result Set = 2778
3. The Plan of the Query:
{
  "Total Cost": 1226.58,
  "Plans": [
    {
      "Parent Relationship": "Outer",
      "Total Cost": 1097.16,
      "Plans": [
        {
          "Parent Relationship": "Outer",
          "Total Cost": 346.42,
          "Plans": [
            {
              "Parent Relationship": "Outer",
              "Total Cost": 231.99,
              "Relation Name": "reserves",
              "Parallel Aware": false,
              "Alias": "r",
              "Node Type": "Seq Scan",
              "Plan Width": 8,
              "Startup Cost": 0.0,
              "Plan Rows": 14999
            },
            {
              "Parent Relationship": "Inner",
              "Total Cost": 62.5,
              "Plans": [
                {
                  "Parent Relationship": "Outer",
                  "Total Cost": 62.5,
                  "Relation Name": "boat",
                  "Parallel Aware": false,
                  "Filter": "(color \u003d \u0027red\u0027::bpchar)",
                  "Alias": "b",
                  "Node Type": "Seq Scan",
                  "Plan Width": 4,
                  "Startup Cost": 0.0,
                  "Plan Rows": 1000
                }
              ],
              "Parallel Aware": false,
              "Node Type": "Hash",
              "Plan Width": 4,
              "Startup Cost": 62.5,
              "Plan Rows": 1000
            }
          ],
          "Parallel Aware": false,
          "Node Type": "Hash Join",
          "Join Type": "Inner",
          "Plan Width": 4,
          "Startup Cost": 75.0,
          "Hash Cond": "(r.bid \u003d b.bid)",
          "Plan Rows": 5000,
          "Inner Unique": true
        },
        {
          "Parent Relationship": "Inner",
          "Total Cost": 641.71,
          "Plans": [
            {
              "Parent Relationship": "Outer",
              "Total Cost": 641.71,
              "Plans": [
                {
                  "Parent Relationship": "Outer",
                  "Total Cost": 579.21,
                  "Plans": [
                    {
                      "Parent Relationship": "Outer",
                      "Total Cost": 346.42,
                      "Plans": [
                        {
                          "Parent Relationship": "Outer",
                          "Total Cost": 231.99,
                          "Relation Name": "reserves",
                          "Parallel Aware": false,
                          "Alias": "r2",
                          "Node Type": "Seq Scan",
                          "Plan Width": 8,
                          "Startup Cost": 0.0,
                          "Plan Rows": 14999
                        },
                        {
                          "Parent Relationship": "Inner",
                          "Total Cost": 62.5,
                          "Plans": [
                            {
                              "Parent Relationship": "Outer",
                              "Total Cost": 62.5,
                              "Relation Name": "boat",
                              "Parallel Aware": false,
                              "Filter": "(color \u003d \u0027green\u0027::bpchar)",
                              "Alias": "b2",
                              "Node Type": "Seq Scan",
                              "Plan Width": 4,
                              "Startup Cost": 0.0,
                              "Plan Rows": 1000
                            }
                          ],
                          "Parallel Aware": false,
                          "Node Type": "Hash",
                          "Plan Width": 4,
                          "Startup Cost": 62.5,
                          "Plan Rows": 1000
                        }
                      ],
                      "Parallel Aware": false,
                      "Node Type": "Hash Join",
                      "Join Type": "Inner",
                      "Plan Width": 4,
                      "Startup Cost": 75.0,
                      "Hash Cond": "(r2.bid \u003d b2.bid)",
                      "Plan Rows": 5000,
                      "Inner Unique": true
                    },
                    {
                      "Parent Relationship": "Inner",
                      "Total Cost": 0.05,
                      "Scan Direction": "NoMovement",
                      "Relation Name": "sailors",
                      "Parallel Aware": false,
                      "Alias": "s2",
                      "Node Type": "Index Scan",
                      "Index Name": "idx_sailors_sid",
                      "Plan Width": 4,
                      "Startup Cost": 0.0,
                      "Index Cond": "(sid \u003d r2.sid)",
                      "Plan Rows": 1
                    }
                  ],
                  "Parallel Aware": false,
                  "Node Type": "Nested Loop",
                  "Join Type": "Inner",
                  "Plan Width": 8,
                  "Startup Cost": 75.0,
                  "Plan Rows": 5000,
                  "Inner Unique": true
                }
              ],
              "Parallel Aware": false,
              "Node Type": "Aggregate",
              "Plan Width": 8,
              "Strategy": "Hashed",
              "Startup Cost": 591.71,
              "Group Key": [
                "s2.sid"
              ],
              "Plan Rows": 5000,
              "Partial Mode": "Simple"
            }
          ],
          "Parallel Aware": false,
          "Node Type": "Hash",
          "Plan Width": 8,
          "Startup Cost": 641.71,
          "Plan Rows": 5000
        }
      ],
      "Parallel Aware": false,
      "Node Type": "Hash Join",
      "Join Type": "Inner",
      "Plan Width": 12,
      "Startup Cost": 779.21,
      "Hash Cond": "(r.sid \u003d s2.sid)",
      "Plan Rows": 2779,
      "Inner Unique": false
    },
    {
      "Parent Relationship": "Inner",
      "Total Cost": 0.05,
      "Scan Direction": "NoMovement",
      "Relation Name": "sailors",
      "Parallel Aware": false,
      "Alias": "s",
      "Node Type": "Index Scan",
      "Index Name": "idx_sailors_sid",
      "Plan Width": 25,
      "Startup Cost": 0.0,
      "Index Cond": "(sid \u003d r.sid)",
      "Plan Rows": 1
    }
  ],
  "Parallel Aware": false,
  "Node Type": "Nested Loop",
  "Join Type": "Inner",
  "Plan Width": 21,
  "Startup Cost": 779.21,
  "Plan Rows": 2778,
  "Inner Unique": true
}

------------------------------

Indicies Configuration #237:
Index hash on column sid in table sailors
Index hash on column bid in table reserves
Index hash on column color in table boat
Index hash on column bid in table boat

------------------------------

1. The Total Cost of the Plan = 1226.58
2. The Estimated Size of the Result Set = 2778
3. The Plan of the Query:
{
  "Total Cost": 1226.58,
  "Plans": [
    {
      "Parent Relationship": "Outer",
      "Total Cost": 1097.16,
      "Plans": [
        {
          "Parent Relationship": "Outer",
          "Total Cost": 346.42,
          "Plans": [
            {
              "Parent Relationship": "Outer",
              "Total Cost": 231.99,
              "Relation Name": "reserves",
              "Parallel Aware": false,
              "Alias": "r",
              "Node Type": "Seq Scan",
              "Plan Width": 8,
              "Startup Cost": 0.0,
              "Plan Rows": 14999
            },
            {
              "Parent Relationship": "Inner",
              "Total Cost": 62.5,
              "Plans": [
                {
                  "Parent Relationship": "Outer",
                  "Total Cost": 62.5,
                  "Relation Name": "boat",
                  "Parallel Aware": false,
                  "Filter": "(color \u003d \u0027red\u0027::bpchar)",
                  "Alias": "b",
                  "Node Type": "Seq Scan",
                  "Plan Width": 4,
                  "Startup Cost": 0.0,
                  "Plan Rows": 1000
                }
              ],
              "Parallel Aware": false,
              "Node Type": "Hash",
              "Plan Width": 4,
              "Startup Cost": 62.5,
              "Plan Rows": 1000
            }
          ],
          "Parallel Aware": false,
          "Node Type": "Hash Join",
          "Join Type": "Inner",
          "Plan Width": 4,
          "Startup Cost": 75.0,
          "Hash Cond": "(r.bid \u003d b.bid)",
          "Plan Rows": 5000,
          "Inner Unique": true
        },
        {
          "Parent Relationship": "Inner",
          "Total Cost": 641.71,
          "Plans": [
            {
              "Parent Relationship": "Outer",
              "Total Cost": 641.71,
              "Plans": [
                {
                  "Parent Relationship": "Outer",
                  "Total Cost": 579.21,
                  "Plans": [
                    {
                      "Parent Relationship": "Outer",
                      "Total Cost": 346.42,
                      "Plans": [
                        {
                          "Parent Relationship": "Outer",
                          "Total Cost": 231.99,
                          "Relation Name": "reserves",
                          "Parallel Aware": false,
                          "Alias": "r2",
                          "Node Type": "Seq Scan",
                          "Plan Width": 8,
                          "Startup Cost": 0.0,
                          "Plan Rows": 14999
                        },
                        {
                          "Parent Relationship": "Inner",
                          "Total Cost": 62.5,
                          "Plans": [
                            {
                              "Parent Relationship": "Outer",
                              "Total Cost": 62.5,
                              "Relation Name": "boat",
                              "Parallel Aware": false,
                              "Filter": "(color \u003d \u0027green\u0027::bpchar)",
                              "Alias": "b2",
                              "Node Type": "Seq Scan",
                              "Plan Width": 4,
                              "Startup Cost": 0.0,
                              "Plan Rows": 1000
                            }
                          ],
                          "Parallel Aware": false,
                          "Node Type": "Hash",
                          "Plan Width": 4,
                          "Startup Cost": 62.5,
                          "Plan Rows": 1000
                        }
                      ],
                      "Parallel Aware": false,
                      "Node Type": "Hash Join",
                      "Join Type": "Inner",
                      "Plan Width": 4,
                      "Startup Cost": 75.0,
                      "Hash Cond": "(r2.bid \u003d b2.bid)",
                      "Plan Rows": 5000,
                      "Inner Unique": true
                    },
                    {
                      "Parent Relationship": "Inner",
                      "Total Cost": 0.05,
                      "Scan Direction": "NoMovement",
                      "Relation Name": "sailors",
                      "Parallel Aware": false,
                      "Alias": "s2",
                      "Node Type": "Index Scan",
                      "Index Name": "idx_sailors_sid",
                      "Plan Width": 4,
                      "Startup Cost": 0.0,
                      "Index Cond": "(sid \u003d r2.sid)",
                      "Plan Rows": 1
                    }
                  ],
                  "Parallel Aware": false,
                  "Node Type": "Nested Loop",
                  "Join Type": "Inner",
                  "Plan Width": 8,
                  "Startup Cost": 75.0,
                  "Plan Rows": 5000,
                  "Inner Unique": true
                }
              ],
              "Parallel Aware": false,
              "Node Type": "Aggregate",
              "Plan Width": 8,
              "Strategy": "Hashed",
              "Startup Cost": 591.71,
              "Group Key": [
                "s2.sid"
              ],
              "Plan Rows": 5000,
              "Partial Mode": "Simple"
            }
          ],
          "Parallel Aware": false,
          "Node Type": "Hash",
          "Plan Width": 8,
          "Startup Cost": 641.71,
          "Plan Rows": 5000
        }
      ],
      "Parallel Aware": false,
      "Node Type": "Hash Join",
      "Join Type": "Inner",
      "Plan Width": 12,
      "Startup Cost": 779.21,
      "Hash Cond": "(r.sid \u003d s2.sid)",
      "Plan Rows": 2779,
      "Inner Unique": false
    },
    {
      "Parent Relationship": "Inner",
      "Total Cost": 0.05,
      "Scan Direction": "NoMovement",
      "Relation Name": "sailors",
      "Parallel Aware": false,
      "Alias": "s",
      "Node Type": "Index Scan",
      "Index Name": "idx_sailors_sid",
      "Plan Width": 25,
      "Startup Cost": 0.0,
      "Index Cond": "(sid \u003d r.sid)",
      "Plan Rows": 1
    }
  ],
  "Parallel Aware": false,
  "Node Type": "Nested Loop",
  "Join Type": "Inner",
  "Plan Width": 21,
  "Startup Cost": 779.21,
  "Plan Rows": 2778,
  "Inner Unique": true
}

------------------------------

Indicies Configuration #238:
Index hash on column sid in table sailors
Index hash on column bid in table reserves
Index hash on column color in table boat
Index btree on column sid in table reserves

------------------------------

1. The Total Cost of the Plan = 1226.58
2. The Estimated Size of the Result Set = 2778
3. The Plan of the Query:
{
  "Total Cost": 1226.58,
  "Plans": [
    {
      "Parent Relationship": "Outer",
      "Total Cost": 1097.16,
      "Plans": [
        {
          "Parent Relationship": "Outer",
          "Total Cost": 346.42,
          "Plans": [
            {
              "Parent Relationship": "Outer",
              "Total Cost": 231.99,
              "Relation Name": "reserves",
              "Parallel Aware": false,
              "Alias": "r",
              "Node Type": "Seq Scan",
              "Plan Width": 8,
              "Startup Cost": 0.0,
              "Plan Rows": 14999
            },
            {
              "Parent Relationship": "Inner",
              "Total Cost": 62.5,
              "Plans": [
                {
                  "Parent Relationship": "Outer",
                  "Total Cost": 62.5,
                  "Relation Name": "boat",
                  "Parallel Aware": false,
                  "Filter": "(color \u003d \u0027red\u0027::bpchar)",
                  "Alias": "b",
                  "Node Type": "Seq Scan",
                  "Plan Width": 4,
                  "Startup Cost": 0.0,
                  "Plan Rows": 1000
                }
              ],
              "Parallel Aware": false,
              "Node Type": "Hash",
              "Plan Width": 4,
              "Startup Cost": 62.5,
              "Plan Rows": 1000
            }
          ],
          "Parallel Aware": false,
          "Node Type": "Hash Join",
          "Join Type": "Inner",
          "Plan Width": 4,
          "Startup Cost": 75.0,
          "Hash Cond": "(r.bid \u003d b.bid)",
          "Plan Rows": 5000,
          "Inner Unique": true
        },
        {
          "Parent Relationship": "Inner",
          "Total Cost": 641.71,
          "Plans": [
            {
              "Parent Relationship": "Outer",
              "Total Cost": 641.71,
              "Plans": [
                {
                  "Parent Relationship": "Outer",
                  "Total Cost": 579.21,
                  "Plans": [
                    {
                      "Parent Relationship": "Outer",
                      "Total Cost": 346.42,
                      "Plans": [
                        {
                          "Parent Relationship": "Outer",
                          "Total Cost": 231.99,
                          "Relation Name": "reserves",
                          "Parallel Aware": false,
                          "Alias": "r2",
                          "Node Type": "Seq Scan",
                          "Plan Width": 8,
                          "Startup Cost": 0.0,
                          "Plan Rows": 14999
                        },
                        {
                          "Parent Relationship": "Inner",
                          "Total Cost": 62.5,
                          "Plans": [
                            {
                              "Parent Relationship": "Outer",
                              "Total Cost": 62.5,
                              "Relation Name": "boat",
                              "Parallel Aware": false,
                              "Filter": "(color \u003d \u0027green\u0027::bpchar)",
                              "Alias": "b2",
                              "Node Type": "Seq Scan",
                              "Plan Width": 4,
                              "Startup Cost": 0.0,
                              "Plan Rows": 1000
                            }
                          ],
                          "Parallel Aware": false,
                          "Node Type": "Hash",
                          "Plan Width": 4,
                          "Startup Cost": 62.5,
                          "Plan Rows": 1000
                        }
                      ],
                      "Parallel Aware": false,
                      "Node Type": "Hash Join",
                      "Join Type": "Inner",
                      "Plan Width": 4,
                      "Startup Cost": 75.0,
                      "Hash Cond": "(r2.bid \u003d b2.bid)",
                      "Plan Rows": 5000,
                      "Inner Unique": true
                    },
                    {
                      "Parent Relationship": "Inner",
                      "Total Cost": 0.05,
                      "Scan Direction": "NoMovement",
                      "Relation Name": "sailors",
                      "Parallel Aware": false,
                      "Alias": "s2",
                      "Node Type": "Index Scan",
                      "Index Name": "idx_sailors_sid",
                      "Plan Width": 4,
                      "Startup Cost": 0.0,
                      "Index Cond": "(sid \u003d r2.sid)",
                      "Plan Rows": 1
                    }
                  ],
                  "Parallel Aware": false,
                  "Node Type": "Nested Loop",
                  "Join Type": "Inner",
                  "Plan Width": 8,
                  "Startup Cost": 75.0,
                  "Plan Rows": 5000,
                  "Inner Unique": true
                }
              ],
              "Parallel Aware": false,
              "Node Type": "Aggregate",
              "Plan Width": 8,
              "Strategy": "Hashed",
              "Startup Cost": 591.71,
              "Group Key": [
                "s2.sid"
              ],
              "Plan Rows": 5000,
              "Partial Mode": "Simple"
            }
          ],
          "Parallel Aware": false,
          "Node Type": "Hash",
          "Plan Width": 8,
          "Startup Cost": 641.71,
          "Plan Rows": 5000
        }
      ],
      "Parallel Aware": false,
      "Node Type": "Hash Join",
      "Join Type": "Inner",
      "Plan Width": 12,
      "Startup Cost": 779.21,
      "Hash Cond": "(r.sid \u003d s2.sid)",
      "Plan Rows": 2779,
      "Inner Unique": false
    },
    {
      "Parent Relationship": "Inner",
      "Total Cost": 0.05,
      "Scan Direction": "NoMovement",
      "Relation Name": "sailors",
      "Parallel Aware": false,
      "Alias": "s",
      "Node Type": "Index Scan",
      "Index Name": "idx_sailors_sid",
      "Plan Width": 25,
      "Startup Cost": 0.0,
      "Index Cond": "(sid \u003d r.sid)",
      "Plan Rows": 1
    }
  ],
  "Parallel Aware": false,
  "Node Type": "Nested Loop",
  "Join Type": "Inner",
  "Plan Width": 21,
  "Startup Cost": 779.21,
  "Plan Rows": 2778,
  "Inner Unique": true
}

------------------------------

Indicies Configuration #239:
Index hash on column sid in table sailors
Index hash on column bid in table reserves
Index hash on column color in table boat
Index btree on column sid in table reserves
Index btree on column bid in table boat

------------------------------

1. The Total Cost of the Plan = 1226.58
2. The Estimated Size of the Result Set = 2778
3. The Plan of the Query:
{
  "Total Cost": 1226.58,
  "Plans": [
    {
      "Parent Relationship": "Outer",
      "Total Cost": 1097.16,
      "Plans": [
        {
          "Parent Relationship": "Outer",
          "Total Cost": 346.42,
          "Plans": [
            {
              "Parent Relationship": "Outer",
              "Total Cost": 231.99,
              "Relation Name": "reserves",
              "Parallel Aware": false,
              "Alias": "r",
              "Node Type": "Seq Scan",
              "Plan Width": 8,
              "Startup Cost": 0.0,
              "Plan Rows": 14999
            },
            {
              "Parent Relationship": "Inner",
              "Total Cost": 62.5,
              "Plans": [
                {
                  "Parent Relationship": "Outer",
                  "Total Cost": 62.5,
                  "Relation Name": "boat",
                  "Parallel Aware": false,
                  "Filter": "(color \u003d \u0027red\u0027::bpchar)",
                  "Alias": "b",
                  "Node Type": "Seq Scan",
                  "Plan Width": 4,
                  "Startup Cost": 0.0,
                  "Plan Rows": 1000
                }
              ],
              "Parallel Aware": false,
              "Node Type": "Hash",
              "Plan Width": 4,
              "Startup Cost": 62.5,
              "Plan Rows": 1000
            }
          ],
          "Parallel Aware": false,
          "Node Type": "Hash Join",
          "Join Type": "Inner",
          "Plan Width": 4,
          "Startup Cost": 75.0,
          "Hash Cond": "(r.bid \u003d b.bid)",
          "Plan Rows": 5000,
          "Inner Unique": true
        },
        {
          "Parent Relationship": "Inner",
          "Total Cost": 641.71,
          "Plans": [
            {
              "Parent Relationship": "Outer",
              "Total Cost": 641.71,
              "Plans": [
                {
                  "Parent Relationship": "Outer",
                  "Total Cost": 579.21,
                  "Plans": [
                    {
                      "Parent Relationship": "Outer",
                      "Total Cost": 346.42,
                      "Plans": [
                        {
                          "Parent Relationship": "Outer",
                          "Total Cost": 231.99,
                          "Relation Name": "reserves",
                          "Parallel Aware": false,
                          "Alias": "r2",
                          "Node Type": "Seq Scan",
                          "Plan Width": 8,
                          "Startup Cost": 0.0,
                          "Plan Rows": 14999
                        },
                        {
                          "Parent Relationship": "Inner",
                          "Total Cost": 62.5,
                          "Plans": [
                            {
                              "Parent Relationship": "Outer",
                              "Total Cost": 62.5,
                              "Relation Name": "boat",
                              "Parallel Aware": false,
                              "Filter": "(color \u003d \u0027green\u0027::bpchar)",
                              "Alias": "b2",
                              "Node Type": "Seq Scan",
                              "Plan Width": 4,
                              "Startup Cost": 0.0,
                              "Plan Rows": 1000
                            }
                          ],
                          "Parallel Aware": false,
                          "Node Type": "Hash",
                          "Plan Width": 4,
                          "Startup Cost": 62.5,
                          "Plan Rows": 1000
                        }
                      ],
                      "Parallel Aware": false,
                      "Node Type": "Hash Join",
                      "Join Type": "Inner",
                      "Plan Width": 4,
                      "Startup Cost": 75.0,
                      "Hash Cond": "(r2.bid \u003d b2.bid)",
                      "Plan Rows": 5000,
                      "Inner Unique": true
                    },
                    {
                      "Parent Relationship": "Inner",
                      "Total Cost": 0.05,
                      "Scan Direction": "NoMovement",
                      "Relation Name": "sailors",
                      "Parallel Aware": false,
                      "Alias": "s2",
                      "Node Type": "Index Scan",
                      "Index Name": "idx_sailors_sid",
                      "Plan Width": 4,
                      "Startup Cost": 0.0,
                      "Index Cond": "(sid \u003d r2.sid)",
                      "Plan Rows": 1
                    }
                  ],
                  "Parallel Aware": false,
                  "Node Type": "Nested Loop",
                  "Join Type": "Inner",
                  "Plan Width": 8,
                  "Startup Cost": 75.0,
                  "Plan Rows": 5000,
                  "Inner Unique": true
                }
              ],
              "Parallel Aware": false,
              "Node Type": "Aggregate",
              "Plan Width": 8,
              "Strategy": "Hashed",
              "Startup Cost": 591.71,
              "Group Key": [
                "s2.sid"
              ],
              "Plan Rows": 5000,
              "Partial Mode": "Simple"
            }
          ],
          "Parallel Aware": false,
          "Node Type": "Hash",
          "Plan Width": 8,
          "Startup Cost": 641.71,
          "Plan Rows": 5000
        }
      ],
      "Parallel Aware": false,
      "Node Type": "Hash Join",
      "Join Type": "Inner",
      "Plan Width": 12,
      "Startup Cost": 779.21,
      "Hash Cond": "(r.sid \u003d s2.sid)",
      "Plan Rows": 2779,
      "Inner Unique": false
    },
    {
      "Parent Relationship": "Inner",
      "Total Cost": 0.05,
      "Scan Direction": "NoMovement",
      "Relation Name": "sailors",
      "Parallel Aware": false,
      "Alias": "s",
      "Node Type": "Index Scan",
      "Index Name": "idx_sailors_sid",
      "Plan Width": 25,
      "Startup Cost": 0.0,
      "Index Cond": "(sid \u003d r.sid)",
      "Plan Rows": 1
    }
  ],
  "Parallel Aware": false,
  "Node Type": "Nested Loop",
  "Join Type": "Inner",
  "Plan Width": 21,
  "Startup Cost": 779.21,
  "Plan Rows": 2778,
  "Inner Unique": true
}

------------------------------

Indicies Configuration #240:
Index hash on column sid in table sailors
Index hash on column bid in table reserves
Index hash on column color in table boat
Index btree on column sid in table reserves
Index hash on column bid in table boat

------------------------------

1. The Total Cost of the Plan = 1226.58
2. The Estimated Size of the Result Set = 2778
3. The Plan of the Query:
{
  "Total Cost": 1226.58,
  "Plans": [
    {
      "Parent Relationship": "Outer",
      "Total Cost": 1097.16,
      "Plans": [
        {
          "Parent Relationship": "Outer",
          "Total Cost": 346.42,
          "Plans": [
            {
              "Parent Relationship": "Outer",
              "Total Cost": 231.99,
              "Relation Name": "reserves",
              "Parallel Aware": false,
              "Alias": "r",
              "Node Type": "Seq Scan",
              "Plan Width": 8,
              "Startup Cost": 0.0,
              "Plan Rows": 14999
            },
            {
              "Parent Relationship": "Inner",
              "Total Cost": 62.5,
              "Plans": [
                {
                  "Parent Relationship": "Outer",
                  "Total Cost": 62.5,
                  "Relation Name": "boat",
                  "Parallel Aware": false,
                  "Filter": "(color \u003d \u0027red\u0027::bpchar)",
                  "Alias": "b",
                  "Node Type": "Seq Scan",
                  "Plan Width": 4,
                  "Startup Cost": 0.0,
                  "Plan Rows": 1000
                }
              ],
              "Parallel Aware": false,
              "Node Type": "Hash",
              "Plan Width": 4,
              "Startup Cost": 62.5,
              "Plan Rows": 1000
            }
          ],
          "Parallel Aware": false,
          "Node Type": "Hash Join",
          "Join Type": "Inner",
          "Plan Width": 4,
          "Startup Cost": 75.0,
          "Hash Cond": "(r.bid \u003d b.bid)",
          "Plan Rows": 5000,
          "Inner Unique": true
        },
        {
          "Parent Relationship": "Inner",
          "Total Cost": 641.71,
          "Plans": [
            {
              "Parent Relationship": "Outer",
              "Total Cost": 641.71,
              "Plans": [
                {
                  "Parent Relationship": "Outer",
                  "Total Cost": 579.21,
                  "Plans": [
                    {
                      "Parent Relationship": "Outer",
                      "Total Cost": 346.42,
                      "Plans": [
                        {
                          "Parent Relationship": "Outer",
                          "Total Cost": 231.99,
                          "Relation Name": "reserves",
                          "Parallel Aware": false,
                          "Alias": "r2",
                          "Node Type": "Seq Scan",
                          "Plan Width": 8,
                          "Startup Cost": 0.0,
                          "Plan Rows": 14999
                        },
                        {
                          "Parent Relationship": "Inner",
                          "Total Cost": 62.5,
                          "Plans": [
                            {
                              "Parent Relationship": "Outer",
                              "Total Cost": 62.5,
                              "Relation Name": "boat",
                              "Parallel Aware": false,
                              "Filter": "(color \u003d \u0027green\u0027::bpchar)",
                              "Alias": "b2",
                              "Node Type": "Seq Scan",
                              "Plan Width": 4,
                              "Startup Cost": 0.0,
                              "Plan Rows": 1000
                            }
                          ],
                          "Parallel Aware": false,
                          "Node Type": "Hash",
                          "Plan Width": 4,
                          "Startup Cost": 62.5,
                          "Plan Rows": 1000
                        }
                      ],
                      "Parallel Aware": false,
                      "Node Type": "Hash Join",
                      "Join Type": "Inner",
                      "Plan Width": 4,
                      "Startup Cost": 75.0,
                      "Hash Cond": "(r2.bid \u003d b2.bid)",
                      "Plan Rows": 5000,
                      "Inner Unique": true
                    },
                    {
                      "Parent Relationship": "Inner",
                      "Total Cost": 0.05,
                      "Scan Direction": "NoMovement",
                      "Relation Name": "sailors",
                      "Parallel Aware": false,
                      "Alias": "s2",
                      "Node Type": "Index Scan",
                      "Index Name": "idx_sailors_sid",
                      "Plan Width": 4,
                      "Startup Cost": 0.0,
                      "Index Cond": "(sid \u003d r2.sid)",
                      "Plan Rows": 1
                    }
                  ],
                  "Parallel Aware": false,
                  "Node Type": "Nested Loop",
                  "Join Type": "Inner",
                  "Plan Width": 8,
                  "Startup Cost": 75.0,
                  "Plan Rows": 5000,
                  "Inner Unique": true
                }
              ],
              "Parallel Aware": false,
              "Node Type": "Aggregate",
              "Plan Width": 8,
              "Strategy": "Hashed",
              "Startup Cost": 591.71,
              "Group Key": [
                "s2.sid"
              ],
              "Plan Rows": 5000,
              "Partial Mode": "Simple"
            }
          ],
          "Parallel Aware": false,
          "Node Type": "Hash",
          "Plan Width": 8,
          "Startup Cost": 641.71,
          "Plan Rows": 5000
        }
      ],
      "Parallel Aware": false,
      "Node Type": "Hash Join",
      "Join Type": "Inner",
      "Plan Width": 12,
      "Startup Cost": 779.21,
      "Hash Cond": "(r.sid \u003d s2.sid)",
      "Plan Rows": 2779,
      "Inner Unique": false
    },
    {
      "Parent Relationship": "Inner",
      "Total Cost": 0.05,
      "Scan Direction": "NoMovement",
      "Relation Name": "sailors",
      "Parallel Aware": false,
      "Alias": "s",
      "Node Type": "Index Scan",
      "Index Name": "idx_sailors_sid",
      "Plan Width": 25,
      "Startup Cost": 0.0,
      "Index Cond": "(sid \u003d r.sid)",
      "Plan Rows": 1
    }
  ],
  "Parallel Aware": false,
  "Node Type": "Nested Loop",
  "Join Type": "Inner",
  "Plan Width": 21,
  "Startup Cost": 779.21,
  "Plan Rows": 2778,
  "Inner Unique": true
}

------------------------------

Indicies Configuration #241:
Index hash on column sid in table sailors
Index hash on column bid in table reserves
Index hash on column color in table boat
Index hash on column sid in table reserves

------------------------------

1. The Total Cost of the Plan = 1226.58
2. The Estimated Size of the Result Set = 2778
3. The Plan of the Query:
{
  "Total Cost": 1226.58,
  "Plans": [
    {
      "Parent Relationship": "Outer",
      "Total Cost": 1097.16,
      "Plans": [
        {
          "Parent Relationship": "Outer",
          "Total Cost": 346.42,
          "Plans": [
            {
              "Parent Relationship": "Outer",
              "Total Cost": 231.99,
              "Relation Name": "reserves",
              "Parallel Aware": false,
              "Alias": "r",
              "Node Type": "Seq Scan",
              "Plan Width": 8,
              "Startup Cost": 0.0,
              "Plan Rows": 14999
            },
            {
              "Parent Relationship": "Inner",
              "Total Cost": 62.5,
              "Plans": [
                {
                  "Parent Relationship": "Outer",
                  "Total Cost": 62.5,
                  "Relation Name": "boat",
                  "Parallel Aware": false,
                  "Filter": "(color \u003d \u0027red\u0027::bpchar)",
                  "Alias": "b",
                  "Node Type": "Seq Scan",
                  "Plan Width": 4,
                  "Startup Cost": 0.0,
                  "Plan Rows": 1000
                }
              ],
              "Parallel Aware": false,
              "Node Type": "Hash",
              "Plan Width": 4,
              "Startup Cost": 62.5,
              "Plan Rows": 1000
            }
          ],
          "Parallel Aware": false,
          "Node Type": "Hash Join",
          "Join Type": "Inner",
          "Plan Width": 4,
          "Startup Cost": 75.0,
          "Hash Cond": "(r.bid \u003d b.bid)",
          "Plan Rows": 5000,
          "Inner Unique": true
        },
        {
          "Parent Relationship": "Inner",
          "Total Cost": 641.71,
          "Plans": [
            {
              "Parent Relationship": "Outer",
              "Total Cost": 641.71,
              "Plans": [
                {
                  "Parent Relationship": "Outer",
                  "Total Cost": 579.21,
                  "Plans": [
                    {
                      "Parent Relationship": "Outer",
                      "Total Cost": 346.42,
                      "Plans": [
                        {
                          "Parent Relationship": "Outer",
                          "Total Cost": 231.99,
                          "Relation Name": "reserves",
                          "Parallel Aware": false,
                          "Alias": "r2",
                          "Node Type": "Seq Scan",
                          "Plan Width": 8,
                          "Startup Cost": 0.0,
                          "Plan Rows": 14999
                        },
                        {
                          "Parent Relationship": "Inner",
                          "Total Cost": 62.5,
                          "Plans": [
                            {
                              "Parent Relationship": "Outer",
                              "Total Cost": 62.5,
                              "Relation Name": "boat",
                              "Parallel Aware": false,
                              "Filter": "(color \u003d \u0027green\u0027::bpchar)",
                              "Alias": "b2",
                              "Node Type": "Seq Scan",
                              "Plan Width": 4,
                              "Startup Cost": 0.0,
                              "Plan Rows": 1000
                            }
                          ],
                          "Parallel Aware": false,
                          "Node Type": "Hash",
                          "Plan Width": 4,
                          "Startup Cost": 62.5,
                          "Plan Rows": 1000
                        }
                      ],
                      "Parallel Aware": false,
                      "Node Type": "Hash Join",
                      "Join Type": "Inner",
                      "Plan Width": 4,
                      "Startup Cost": 75.0,
                      "Hash Cond": "(r2.bid \u003d b2.bid)",
                      "Plan Rows": 5000,
                      "Inner Unique": true
                    },
                    {
                      "Parent Relationship": "Inner",
                      "Total Cost": 0.05,
                      "Scan Direction": "NoMovement",
                      "Relation Name": "sailors",
                      "Parallel Aware": false,
                      "Alias": "s2",
                      "Node Type": "Index Scan",
                      "Index Name": "idx_sailors_sid",
                      "Plan Width": 4,
                      "Startup Cost": 0.0,
                      "Index Cond": "(sid \u003d r2.sid)",
                      "Plan Rows": 1
                    }
                  ],
                  "Parallel Aware": false,
                  "Node Type": "Nested Loop",
                  "Join Type": "Inner",
                  "Plan Width": 8,
                  "Startup Cost": 75.0,
                  "Plan Rows": 5000,
                  "Inner Unique": true
                }
              ],
              "Parallel Aware": false,
              "Node Type": "Aggregate",
              "Plan Width": 8,
              "Strategy": "Hashed",
              "Startup Cost": 591.71,
              "Group Key": [
                "s2.sid"
              ],
              "Plan Rows": 5000,
              "Partial Mode": "Simple"
            }
          ],
          "Parallel Aware": false,
          "Node Type": "Hash",
          "Plan Width": 8,
          "Startup Cost": 641.71,
          "Plan Rows": 5000
        }
      ],
      "Parallel Aware": false,
      "Node Type": "Hash Join",
      "Join Type": "Inner",
      "Plan Width": 12,
      "Startup Cost": 779.21,
      "Hash Cond": "(r.sid \u003d s2.sid)",
      "Plan Rows": 2779,
      "Inner Unique": false
    },
    {
      "Parent Relationship": "Inner",
      "Total Cost": 0.05,
      "Scan Direction": "NoMovement",
      "Relation Name": "sailors",
      "Parallel Aware": false,
      "Alias": "s",
      "Node Type": "Index Scan",
      "Index Name": "idx_sailors_sid",
      "Plan Width": 25,
      "Startup Cost": 0.0,
      "Index Cond": "(sid \u003d r.sid)",
      "Plan Rows": 1
    }
  ],
  "Parallel Aware": false,
  "Node Type": "Nested Loop",
  "Join Type": "Inner",
  "Plan Width": 21,
  "Startup Cost": 779.21,
  "Plan Rows": 2778,
  "Inner Unique": true
}

------------------------------

Indicies Configuration #242:
Index hash on column sid in table sailors
Index hash on column bid in table reserves
Index hash on column color in table boat
Index hash on column sid in table reserves
Index btree on column bid in table boat

------------------------------

1. The Total Cost of the Plan = 1226.58
2. The Estimated Size of the Result Set = 2778
3. The Plan of the Query:
{
  "Total Cost": 1226.58,
  "Plans": [
    {
      "Parent Relationship": "Outer",
      "Total Cost": 1097.16,
      "Plans": [
        {
          "Parent Relationship": "Outer",
          "Total Cost": 346.42,
          "Plans": [
            {
              "Parent Relationship": "Outer",
              "Total Cost": 231.99,
              "Relation Name": "reserves",
              "Parallel Aware": false,
              "Alias": "r",
              "Node Type": "Seq Scan",
              "Plan Width": 8,
              "Startup Cost": 0.0,
              "Plan Rows": 14999
            },
            {
              "Parent Relationship": "Inner",
              "Total Cost": 62.5,
              "Plans": [
                {
                  "Parent Relationship": "Outer",
                  "Total Cost": 62.5,
                  "Relation Name": "boat",
                  "Parallel Aware": false,
                  "Filter": "(color \u003d \u0027red\u0027::bpchar)",
                  "Alias": "b",
                  "Node Type": "Seq Scan",
                  "Plan Width": 4,
                  "Startup Cost": 0.0,
                  "Plan Rows": 1000
                }
              ],
              "Parallel Aware": false,
              "Node Type": "Hash",
              "Plan Width": 4,
              "Startup Cost": 62.5,
              "Plan Rows": 1000
            }
          ],
          "Parallel Aware": false,
          "Node Type": "Hash Join",
          "Join Type": "Inner",
          "Plan Width": 4,
          "Startup Cost": 75.0,
          "Hash Cond": "(r.bid \u003d b.bid)",
          "Plan Rows": 5000,
          "Inner Unique": true
        },
        {
          "Parent Relationship": "Inner",
          "Total Cost": 641.71,
          "Plans": [
            {
              "Parent Relationship": "Outer",
              "Total Cost": 641.71,
              "Plans": [
                {
                  "Parent Relationship": "Outer",
                  "Total Cost": 579.21,
                  "Plans": [
                    {
                      "Parent Relationship": "Outer",
                      "Total Cost": 346.42,
                      "Plans": [
                        {
                          "Parent Relationship": "Outer",
                          "Total Cost": 231.99,
                          "Relation Name": "reserves",
                          "Parallel Aware": false,
                          "Alias": "r2",
                          "Node Type": "Seq Scan",
                          "Plan Width": 8,
                          "Startup Cost": 0.0,
                          "Plan Rows": 14999
                        },
                        {
                          "Parent Relationship": "Inner",
                          "Total Cost": 62.5,
                          "Plans": [
                            {
                              "Parent Relationship": "Outer",
                              "Total Cost": 62.5,
                              "Relation Name": "boat",
                              "Parallel Aware": false,
                              "Filter": "(color \u003d \u0027green\u0027::bpchar)",
                              "Alias": "b2",
                              "Node Type": "Seq Scan",
                              "Plan Width": 4,
                              "Startup Cost": 0.0,
                              "Plan Rows": 1000
                            }
                          ],
                          "Parallel Aware": false,
                          "Node Type": "Hash",
                          "Plan Width": 4,
                          "Startup Cost": 62.5,
                          "Plan Rows": 1000
                        }
                      ],
                      "Parallel Aware": false,
                      "Node Type": "Hash Join",
                      "Join Type": "Inner",
                      "Plan Width": 4,
                      "Startup Cost": 75.0,
                      "Hash Cond": "(r2.bid \u003d b2.bid)",
                      "Plan Rows": 5000,
                      "Inner Unique": true
                    },
                    {
                      "Parent Relationship": "Inner",
                      "Total Cost": 0.05,
                      "Scan Direction": "NoMovement",
                      "Relation Name": "sailors",
                      "Parallel Aware": false,
                      "Alias": "s2",
                      "Node Type": "Index Scan",
                      "Index Name": "idx_sailors_sid",
                      "Plan Width": 4,
                      "Startup Cost": 0.0,
                      "Index Cond": "(sid \u003d r2.sid)",
                      "Plan Rows": 1
                    }
                  ],
                  "Parallel Aware": false,
                  "Node Type": "Nested Loop",
                  "Join Type": "Inner",
                  "Plan Width": 8,
                  "Startup Cost": 75.0,
                  "Plan Rows": 5000,
                  "Inner Unique": true
                }
              ],
              "Parallel Aware": false,
              "Node Type": "Aggregate",
              "Plan Width": 8,
              "Strategy": "Hashed",
              "Startup Cost": 591.71,
              "Group Key": [
                "s2.sid"
              ],
              "Plan Rows": 5000,
              "Partial Mode": "Simple"
            }
          ],
          "Parallel Aware": false,
          "Node Type": "Hash",
          "Plan Width": 8,
          "Startup Cost": 641.71,
          "Plan Rows": 5000
        }
      ],
      "Parallel Aware": false,
      "Node Type": "Hash Join",
      "Join Type": "Inner",
      "Plan Width": 12,
      "Startup Cost": 779.21,
      "Hash Cond": "(r.sid \u003d s2.sid)",
      "Plan Rows": 2779,
      "Inner Unique": false
    },
    {
      "Parent Relationship": "Inner",
      "Total Cost": 0.05,
      "Scan Direction": "NoMovement",
      "Relation Name": "sailors",
      "Parallel Aware": false,
      "Alias": "s",
      "Node Type": "Index Scan",
      "Index Name": "idx_sailors_sid",
      "Plan Width": 25,
      "Startup Cost": 0.0,
      "Index Cond": "(sid \u003d r.sid)",
      "Plan Rows": 1
    }
  ],
  "Parallel Aware": false,
  "Node Type": "Nested Loop",
  "Join Type": "Inner",
  "Plan Width": 21,
  "Startup Cost": 779.21,
  "Plan Rows": 2778,
  "Inner Unique": true
}

------------------------------

Indicies Configuration #243:
Index hash on column sid in table sailors
Index hash on column bid in table reserves
Index hash on column color in table boat
Index hash on column sid in table reserves
Index hash on column bid in table boat

------------------------------

1. The Total Cost of the Plan = 1226.58
2. The Estimated Size of the Result Set = 2778
3. The Plan of the Query:
{
  "Total Cost": 1226.58,
  "Plans": [
    {
      "Parent Relationship": "Outer",
      "Total Cost": 1097.16,
      "Plans": [
        {
          "Parent Relationship": "Outer",
          "Total Cost": 346.42,
          "Plans": [
            {
              "Parent Relationship": "Outer",
              "Total Cost": 231.99,
              "Relation Name": "reserves",
              "Parallel Aware": false,
              "Alias": "r",
              "Node Type": "Seq Scan",
              "Plan Width": 8,
              "Startup Cost": 0.0,
              "Plan Rows": 14999
            },
            {
              "Parent Relationship": "Inner",
              "Total Cost": 62.5,
              "Plans": [
                {
                  "Parent Relationship": "Outer",
                  "Total Cost": 62.5,
                  "Relation Name": "boat",
                  "Parallel Aware": false,
                  "Filter": "(color \u003d \u0027red\u0027::bpchar)",
                  "Alias": "b",
                  "Node Type": "Seq Scan",
                  "Plan Width": 4,
                  "Startup Cost": 0.0,
                  "Plan Rows": 1000
                }
              ],
              "Parallel Aware": false,
              "Node Type": "Hash",
              "Plan Width": 4,
              "Startup Cost": 62.5,
              "Plan Rows": 1000
            }
          ],
          "Parallel Aware": false,
          "Node Type": "Hash Join",
          "Join Type": "Inner",
          "Plan Width": 4,
          "Startup Cost": 75.0,
          "Hash Cond": "(r.bid \u003d b.bid)",
          "Plan Rows": 5000,
          "Inner Unique": true
        },
        {
          "Parent Relationship": "Inner",
          "Total Cost": 641.71,
          "Plans": [
            {
              "Parent Relationship": "Outer",
              "Total Cost": 641.71,
              "Plans": [
                {
                  "Parent Relationship": "Outer",
                  "Total Cost": 579.21,
                  "Plans": [
                    {
                      "Parent Relationship": "Outer",
                      "Total Cost": 346.42,
                      "Plans": [
                        {
                          "Parent Relationship": "Outer",
                          "Total Cost": 231.99,
                          "Relation Name": "reserves",
                          "Parallel Aware": false,
                          "Alias": "r2",
                          "Node Type": "Seq Scan",
                          "Plan Width": 8,
                          "Startup Cost": 0.0,
                          "Plan Rows": 14999
                        },
                        {
                          "Parent Relationship": "Inner",
                          "Total Cost": 62.5,
                          "Plans": [
                            {
                              "Parent Relationship": "Outer",
                              "Total Cost": 62.5,
                              "Relation Name": "boat",
                              "Parallel Aware": false,
                              "Filter": "(color \u003d \u0027green\u0027::bpchar)",
                              "Alias": "b2",
                              "Node Type": "Seq Scan",
                              "Plan Width": 4,
                              "Startup Cost": 0.0,
                              "Plan Rows": 1000
                            }
                          ],
                          "Parallel Aware": false,
                          "Node Type": "Hash",
                          "Plan Width": 4,
                          "Startup Cost": 62.5,
                          "Plan Rows": 1000
                        }
                      ],
                      "Parallel Aware": false,
                      "Node Type": "Hash Join",
                      "Join Type": "Inner",
                      "Plan Width": 4,
                      "Startup Cost": 75.0,
                      "Hash Cond": "(r2.bid \u003d b2.bid)",
                      "Plan Rows": 5000,
                      "Inner Unique": true
                    },
                    {
                      "Parent Relationship": "Inner",
                      "Total Cost": 0.05,
                      "Scan Direction": "NoMovement",
                      "Relation Name": "sailors",
                      "Parallel Aware": false,
                      "Alias": "s2",
                      "Node Type": "Index Scan",
                      "Index Name": "idx_sailors_sid",
                      "Plan Width": 4,
                      "Startup Cost": 0.0,
                      "Index Cond": "(sid \u003d r2.sid)",
                      "Plan Rows": 1
                    }
                  ],
                  "Parallel Aware": false,
                  "Node Type": "Nested Loop",
                  "Join Type": "Inner",
                  "Plan Width": 8,
                  "Startup Cost": 75.0,
                  "Plan Rows": 5000,
                  "Inner Unique": true
                }
              ],
              "Parallel Aware": false,
              "Node Type": "Aggregate",
              "Plan Width": 8,
              "Strategy": "Hashed",
              "Startup Cost": 591.71,
              "Group Key": [
                "s2.sid"
              ],
              "Plan Rows": 5000,
              "Partial Mode": "Simple"
            }
          ],
          "Parallel Aware": false,
          "Node Type": "Hash",
          "Plan Width": 8,
          "Startup Cost": 641.71,
          "Plan Rows": 5000
        }
      ],
      "Parallel Aware": false,
      "Node Type": "Hash Join",
      "Join Type": "Inner",
      "Plan Width": 12,
      "Startup Cost": 779.21,
      "Hash Cond": "(r.sid \u003d s2.sid)",
      "Plan Rows": 2779,
      "Inner Unique": false
    },
    {
      "Parent Relationship": "Inner",
      "Total Cost": 0.05,
      "Scan Direction": "NoMovement",
      "Relation Name": "sailors",
      "Parallel Aware": false,
      "Alias": "s",
      "Node Type": "Index Scan",
      "Index Name": "idx_sailors_sid",
      "Plan Width": 25,
      "Startup Cost": 0.0,
      "Index Cond": "(sid \u003d r.sid)",
      "Plan Rows": 1
    }
  ],
  "Parallel Aware": false,
  "Node Type": "Nested Loop",
  "Join Type": "Inner",
  "Plan Width": 21,
  "Startup Cost": 779.21,
  "Plan Rows": 2778,
  "Inner Unique": true
}
The Optimal Configuration is Number 163 with Total Cost = 1226.580000

##############################

End of Query Analyzation

##############################

