Query #8:
Connected to Database: "schema3"

Running Query:
 select s.sname
from sailors s
where s.sid in ( select r.sid
from reserves r
where r. bid in (select b.bid
from boat b
where b.color = 'red'));

Query Result Set:

------------------------------

sname                         
Sailor3                       
Sailor5                       
Sailor6                       
Sailor8                       
Sailor9                       
Sailor11                      
Sailor12                      
Sailor14                      
Sailor15                      
Sailor17                      
Sailor18                      
Sailor20                      
Sailor21                      
Sailor23                      
Sailor24                      
Sailor26                      
Sailor27                      
Sailor29                      
Sailor30                      
Sailor32                      
Sailor33                      
Sailor35                      
Sailor36                      
Sailor38                      
Sailor39                      
Sailor41                      
Sailor42                      
Sailor44                      
Sailor45                      
Sailor47                      
Sailor48                      
Sailor50                      
Sailor51                      
Sailor53                      
Sailor54                      
Sailor56                      
Sailor57                      
Sailor59                      
Sailor60                      
Sailor62                      
Sailor63                      
Sailor65                      
Sailor66                      
Sailor68                      
Sailor69                      
Sailor71                      
Sailor72                      
Sailor74                      
Sailor75                      
Sailor77                      
Sailor78                      
Sailor80                      
Sailor81                      
Sailor83                      
Sailor84                      
Sailor86                      
Sailor87                      
Sailor89                      
Sailor90                      
Sailor92                      
Sailor93                      
Sailor95                      
Sailor96                      
Sailor98                      
Sailor99                      
Sailor101                     
Sailor102                     
Sailor104                     
Sailor105                     
Sailor107                     
Sailor108                     
Sailor110                     
Sailor111                     
Sailor113                     
Sailor114                     
Sailor116                     
Sailor117                     
Sailor119                     
Sailor120                     
Sailor122                     
Sailor123                     
Sailor125                     
Sailor126                     
Sailor128                     
Sailor129                     
Sailor131                     
Sailor132                     
Sailor134                     
Sailor135                     
Sailor137                     
Sailor138                     
Sailor140                     
Sailor141                     
Sailor143                     
Sailor144                     
Sailor146                     
Sailor147                     
Sailor149                     
Sailor150                     
Sailor152                     
Sailor153                     
Sailor155                     
Sailor156                     
Sailor158                     
Sailor159                     
Sailor161                     
Sailor162                     
Sailor164                     
Sailor165                     
Sailor167                     
Sailor168                     
Sailor170                     
Sailor171                     
Sailor173                     
Sailor174                     
Sailor176                     
Sailor177                     
Sailor179                     
Sailor180                     
Sailor182                     
Sailor183                     
Sailor185                     
Sailor186                     
Sailor188                     
Sailor189                     
Sailor191                     
Sailor192                     
Sailor194                     
Sailor195                     
Sailor197                     
Sailor198                     
Sailor200                     
Sailor201                     
Sailor203                     
Sailor204                     
Sailor206                     
Sailor207                     
Sailor209                     
Sailor210                     
Sailor212                     
Sailor213                     
Sailor215                     
Sailor216                     
Sailor218                     
Sailor219                     
Sailor221                     
Sailor222                     
Sailor224                     
Sailor225                     
Sailor227                     
Sailor228                     
Sailor230                     
Sailor231                     
Sailor233                     
Sailor234                     
Sailor236                     
Sailor237                     
Sailor239                     
Sailor240                     
Sailor242                     
Sailor243                     
Sailor245                     
Sailor246                     
Sailor248                     
Sailor249                     
Sailor251                     
Sailor252                     
Sailor254                     
Sailor255                     
Sailor257                     
Sailor258                     
Sailor260                     
Sailor261                     
Sailor263                     
Sailor264                     
Sailor266                     
Sailor267                     
Sailor269                     
Sailor270                     
Sailor272                     
Sailor273                     
Sailor275                     
Sailor276                     
Sailor278                     
Sailor279                     
Sailor281                     
Sailor282                     
Sailor284                     
Sailor285                     
Sailor287                     
Sailor288                     
Sailor290                     
Sailor291                     
Sailor293                     
Sailor294                     
Sailor296                     
Sailor297                     
Sailor299                     
Sailor300                     
Sailor302                     
Sailor303                     
Sailor305                     
Sailor306                     
Sailor308                     
Sailor309                     
Sailor311                     
Sailor312                     
Sailor314                     
Sailor315                     
Sailor317                     
Sailor318                     
Sailor320                     
Sailor321                     
Sailor323                     
Sailor324                     
Sailor326                     
Sailor327                     
Sailor329                     
Sailor330                     
Sailor332                     
Sailor333                     
Sailor335                     
Sailor336                     
Sailor338                     
Sailor339                     
Sailor341                     
Sailor342                     
Sailor344                     
Sailor345                     
Sailor347                     
Sailor348                     
Sailor350                     
Sailor351                     
Sailor353                     
Sailor354                     
Sailor356                     
Sailor357                     
Sailor359                     
Sailor360                     
Sailor362                     
Sailor363                     
Sailor365                     
Sailor366                     
Sailor368                     
Sailor369                     
Sailor371                     
Sailor372                     
Sailor374                     
Sailor375                     
Sailor377                     
Sailor378                     
Sailor380                     
Sailor381                     
Sailor383                     
Sailor384                     
Sailor386                     
Sailor387                     
Sailor389                     
Sailor390                     
Sailor392                     
Sailor393                     
Sailor395                     
Sailor396                     
Sailor398                     
Sailor399                     
Sailor401                     
Sailor402                     
Sailor404                     
Sailor405                     
Sailor407                     
Sailor408                     
Sailor410                     
Sailor411                     
Sailor413                     
Sailor414                     
Sailor416                     
Sailor417                     
Sailor419                     
Sailor420                     
Sailor422                     
Sailor423                     
Sailor425                     
Sailor426                     
Sailor428                     
Sailor429                     
Sailor431                     
Sailor432                     
Sailor434                     
Sailor435                     
Sailor437                     
Sailor438                     
Sailor440                     
Sailor441                     
Sailor443                     
Sailor444                     
Sailor446                     
Sailor447                     
Sailor449                     
Sailor450                     
Sailor452                     
Sailor453                     
Sailor455                     
Sailor456                     
Sailor458                     
Sailor459                     
Sailor461                     
Sailor462                     
Sailor464                     
Sailor465                     
Sailor467                     
Sailor468                     
Sailor470                     
Sailor471                     
Sailor473                     
Sailor474                     
Sailor476                     
Sailor477                     
Sailor479                     
Sailor480                     
Sailor482                     
Sailor483                     
Sailor485                     
Sailor486                     
Sailor488                     
Sailor489                     
Sailor491                     
Sailor492                     
Sailor494                     
Sailor495                     
Sailor497                     
Sailor498                     
Sailor500                     
Sailor501                     
Sailor503                     
Sailor504                     
Sailor506                     
Sailor507                     
Sailor509                     
Sailor510                     
Sailor512                     
Sailor513                     
Sailor515                     
Sailor516                     
Sailor518                     
Sailor519                     
Sailor521                     
Sailor522                     
Sailor524                     
Sailor525                     
Sailor527                     
Sailor528                     
Sailor530                     
Sailor531                     
Sailor533                     
Sailor534                     
Sailor536                     
Sailor537                     
Sailor539                     
Sailor540                     
Sailor542                     
Sailor543                     
Sailor545                     
Sailor546                     
Sailor548                     
Sailor549                     
Sailor551                     
Sailor552                     
Sailor554                     
Sailor555                     
Sailor557                     
Sailor558                     
Sailor560                     
Sailor561                     
Sailor563                     
Sailor564                     
Sailor566                     
Sailor567                     
Sailor569                     
Sailor570                     
Sailor572                     
Sailor573                     
Sailor575                     
Sailor576                     
Sailor578                     
Sailor579                     
Sailor581                     
Sailor582                     
Sailor584                     
Sailor585                     
Sailor587                     
Sailor588                     
Sailor590                     
Sailor591                     
Sailor593                     
Sailor594                     
Sailor596                     
Sailor597                     
Sailor599                     
Sailor600                     
Sailor602                     
Sailor603                     
Sailor605                     
Sailor606                     
Sailor608                     
Sailor609                     
Sailor611                     
Sailor612                     
Sailor614                     
Sailor615                     
Sailor617                     
Sailor618                     
Sailor620                     
Sailor621                     
Sailor623                     
Sailor624                     
Sailor626                     
Sailor627                     
Sailor629                     
Sailor630                     
Sailor632                     
Sailor633                     
Sailor635                     
Sailor636                     
Sailor638                     
Sailor639                     
Sailor641                     
Sailor642                     
Sailor644                     
Sailor645                     
Sailor647                     
Sailor648                     
Sailor650                     
Sailor651                     
Sailor653                     
Sailor654                     
Sailor656                     
Sailor657                     
Sailor659                     
Sailor660                     
Sailor662                     
Sailor663                     
Sailor665                     
Sailor666                     
Sailor668                     
Sailor669                     
Sailor671                     
Sailor672                     
Sailor674                     
Sailor675                     
Sailor677                     
Sailor678                     
Sailor680                     
Sailor681                     
Sailor683                     
Sailor684                     
Sailor686                     
Sailor687                     
Sailor689                     
Sailor690                     
Sailor692                     
Sailor693                     
Sailor695                     
Sailor696                     
Sailor698                     
Sailor699                     
Sailor701                     
Sailor702                     
Sailor704                     
Sailor705                     
Sailor707                     
Sailor708                     
Sailor710                     
Sailor711                     
Sailor713                     
Sailor714                     
Sailor716                     
Sailor717                     
Sailor719                     
Sailor720                     
Sailor722                     
Sailor723                     
Sailor725                     
Sailor726                     
Sailor728                     
Sailor729                     
Sailor731                     
Sailor732                     
Sailor734                     
Sailor735                     
Sailor737                     
Sailor738                     
Sailor740                     
Sailor741                     
Sailor743                     
Sailor744                     
Sailor746                     
Sailor747                     
Sailor749                     
Sailor750                     
Sailor752                     
Sailor753                     
Sailor755                     
Sailor756                     
Sailor758                     
Sailor759                     
Sailor761                     
Sailor762                     
Sailor764                     
Sailor765                     
Sailor767                     
Sailor768                     
Sailor770                     
Sailor771                     
Sailor773                     
Sailor774                     
Sailor776                     
Sailor777                     
Sailor779                     
Sailor780                     
Sailor782                     
Sailor783                     
Sailor785                     
Sailor786                     
Sailor788                     
Sailor789                     
Sailor791                     
Sailor792                     
Sailor794                     
Sailor795                     
Sailor797                     
Sailor798                     
Sailor800                     
Sailor801                     
Sailor803                     
Sailor804                     
Sailor806                     
Sailor807                     
Sailor809                     
Sailor810                     
Sailor812                     
Sailor813                     
Sailor815                     
Sailor816                     
Sailor818                     
Sailor819                     
Sailor821                     
Sailor822                     
Sailor824                     
Sailor825                     
Sailor827                     
Sailor828                     
Sailor830                     
Sailor831                     
Sailor833                     
Sailor834                     
Sailor836                     
Sailor837                     
Sailor839                     
Sailor840                     
Sailor842                     
Sailor843                     
Sailor845                     
Sailor846                     
Sailor848                     
Sailor849                     
Sailor851                     
Sailor852                     
Sailor854                     
Sailor855                     
Sailor857                     
Sailor858                     
Sailor860                     
Sailor861                     
Sailor863                     
Sailor864                     
Sailor866                     
Sailor867                     
Sailor869                     
Sailor870                     
Sailor872                     
Sailor873                     
Sailor875                     
Sailor876                     
Sailor878                     
Sailor879                     
Sailor881                     
Sailor882                     
Sailor884                     
Sailor885                     
Sailor887                     
Sailor888                     
Sailor890                     
Sailor891                     
Sailor893                     
Sailor894                     
Sailor896                     
Sailor897                     
Sailor899                     
Sailor900                     
Sailor902                     
Sailor903                     
Sailor905                     
Sailor906                     
Sailor908                     
Sailor909                     
Sailor911                     
Sailor912                     
Sailor914                     
Sailor915                     
Sailor917                     
Sailor918                     
Sailor920                     
Sailor921                     
Sailor923                     
Sailor924                     
Sailor926                     
Sailor927                     
Sailor929                     
Sailor930                     
Sailor932                     
Sailor933                     
Sailor935                     
Sailor936                     
Sailor938                     
Sailor939                     
Sailor941                     
Sailor942                     
Sailor944                     
Sailor945                     
Sailor947                     
Sailor948                     
Sailor950                     
Sailor951                     
Sailor953                     
Sailor954                     
Sailor956                     
Sailor957                     
Sailor959                     
Sailor960                     
Sailor962                     
Sailor963                     
Sailor965                     
Sailor966                     
Sailor968                     
Sailor969                     
Sailor971                     
Sailor972                     
Sailor974                     
Sailor975                     
Sailor977                     
Sailor978                     
Sailor980                     
Sailor981                     
Sailor983                     
Sailor984                     
Sailor986                     
Sailor987                     
Sailor989                     
Sailor990                     
Sailor992                     
Sailor993                     
Sailor995                     
Sailor996                     
Sailor998                     
Sailor999                     
Sailor1001                    
Sailor1002                    
Sailor1004                    
Sailor1005                    
Sailor1007                    
Sailor1008                    
Sailor1010                    
Sailor1011                    
Sailor1013                    
Sailor1014                    
Sailor1016                    
Sailor1017                    
Sailor1019                    
Sailor1020                    
Sailor1022                    
Sailor1023                    
Sailor1025                    
Sailor1026                    
Sailor1028                    
Sailor1029                    
Sailor1031                    
Sailor1032                    
Sailor1034                    
Sailor1035                    
Sailor1037                    
Sailor1038                    
Sailor1040                    
Sailor1041                    
Sailor1043                    
Sailor1044                    
Sailor1046                    
Sailor1047                    
Sailor1049                    
Sailor1050                    
Sailor1052                    
Sailor1053                    
Sailor1055                    
Sailor1056                    
Sailor1058                    
Sailor1059                    
Sailor1061                    
Sailor1062                    
Sailor1064                    
Sailor1065                    
Sailor1067                    
Sailor1068                    
Sailor1070                    
Sailor1071                    
Sailor1073                    
Sailor1074                    
Sailor1076                    
Sailor1077                    
Sailor1079                    
Sailor1080                    
Sailor1082                    
Sailor1083                    
Sailor1085                    
Sailor1086                    
Sailor1088                    
Sailor1089                    
Sailor1091                    
Sailor1092                    
Sailor1094                    
Sailor1095                    
Sailor1097                    
Sailor1098                    
Sailor1100                    
Sailor1101                    
Sailor1103                    
Sailor1104                    
Sailor1106                    
Sailor1107                    
Sailor1109                    
Sailor1110                    
Sailor1112                    
Sailor1113                    
Sailor1115                    
Sailor1116                    
Sailor1118                    
Sailor1119                    
Sailor1121                    
Sailor1122                    
Sailor1124                    
Sailor1125                    
Sailor1127                    
Sailor1128                    
Sailor1130                    
Sailor1131                    
Sailor1133                    
Sailor1134                    
Sailor1136                    
Sailor1137                    
Sailor1139                    
Sailor1140                    
Sailor1142                    
Sailor1143                    
Sailor1145                    
Sailor1146                    
Sailor1148                    
Sailor1149                    
Sailor1151                    
Sailor1152                    
Sailor1154                    
Sailor1155                    
Sailor1157                    
Sailor1158                    
Sailor1160                    
Sailor1161                    
Sailor1163                    
Sailor1164                    
Sailor1166                    
Sailor1167                    
Sailor1169                    
Sailor1170                    
Sailor1172                    
Sailor1173                    
Sailor1175                    
Sailor1176                    
Sailor1178                    
Sailor1179                    
Sailor1181                    
Sailor1182                    
Sailor1184                    
Sailor1185                    
Sailor1187                    
Sailor1188                    
Sailor1190                    
Sailor1191                    
Sailor1193                    
Sailor1194                    
Sailor1196                    
Sailor1197                    
Sailor1199                    
Sailor1200                    
Sailor1202                    
Sailor1203                    
Sailor1205                    
Sailor1206                    
Sailor1208                    
Sailor1209                    
Sailor1211                    
Sailor1212                    
Sailor1214                    
Sailor1215                    
Sailor1217                    
Sailor1218                    
Sailor1220                    
Sailor1221                    
Sailor1223                    
Sailor1224                    
Sailor1226                    
Sailor1227                    
Sailor1229                    
Sailor1230                    
Sailor1232                    
Sailor1233                    
Sailor1235                    
Sailor1236                    
Sailor1238                    
Sailor1239                    
Sailor1241                    
Sailor1242                    
Sailor1244                    
Sailor1245                    
Sailor1247                    
Sailor1248                    
Sailor1250                    
Sailor1251                    
Sailor1253                    
Sailor1254                    
Sailor1256                    
Sailor1257                    
Sailor1259                    
Sailor1260                    
Sailor1262                    
Sailor1263                    
Sailor1265                    
Sailor1266                    
Sailor1268                    
Sailor1269                    
Sailor1271                    
Sailor1272                    
Sailor1274                    
Sailor1275                    
Sailor1277                    
Sailor1278                    
Sailor1280                    
Sailor1281                    
Sailor1283                    
Sailor1284                    
Sailor1286                    
Sailor1287                    
Sailor1289                    
Sailor1290                    
Sailor1292                    
Sailor1293                    
Sailor1295                    
Sailor1296                    
Sailor1298                    
Sailor1299                    
Sailor1301                    
Sailor1302                    
Sailor1304                    
Sailor1305                    
Sailor1307                    
Sailor1308                    
Sailor1310                    
Sailor1311                    
Sailor1313                    
Sailor1314                    
Sailor1316                    
Sailor1317                    
Sailor1319                    
Sailor1320                    
Sailor1322                    
Sailor1323                    
Sailor1325                    
Sailor1326                    
Sailor1328                    
Sailor1329                    
Sailor1331                    
Sailor1332                    
Sailor1334                    
Sailor1335                    
Sailor1337                    
Sailor1338                    
Sailor1340                    
Sailor1341                    
Sailor1343                    
Sailor1344                    
Sailor1346                    
Sailor1347                    
Sailor1349                    
Sailor1350                    
Sailor1352                    
Sailor1353                    
Sailor1355                    
Sailor1356                    
Sailor1358                    
Sailor1359                    
Sailor1361                    
Sailor1362                    
Sailor1364                    
Sailor1365                    
Sailor1367                    
Sailor1368                    
Sailor1370                    
Sailor1371                    
Sailor1373                    
Sailor1374                    
Sailor1376                    
Sailor1377                    
Sailor1379                    
Sailor1380                    
Sailor1382                    
Sailor1383                    
Sailor1385                    
Sailor1386                    
Sailor1388                    
Sailor1389                    
Sailor1391                    
Sailor1392                    
Sailor1394                    
Sailor1395                    
Sailor1397                    
Sailor1398                    
Sailor1400                    
Sailor1401                    
Sailor1403                    
Sailor1404                    
Sailor1406                    
Sailor1407                    
Sailor1409                    
Sailor1410                    
Sailor1412                    
Sailor1413                    
Sailor1415                    
Sailor1416                    
Sailor1418                    
Sailor1419                    
Sailor1421                    
Sailor1422                    
Sailor1424                    
Sailor1425                    
Sailor1427                    
Sailor1428                    
Sailor1430                    
Sailor1431                    
Sailor1433                    
Sailor1434                    
Sailor1436                    
Sailor1437                    
Sailor1439                    
Sailor1440                    
Sailor1442                    
Sailor1443                    
Sailor1445                    
Sailor1446                    
Sailor1448                    
Sailor1449                    
Sailor1451                    
Sailor1452                    
Sailor1454                    
Sailor1455                    
Sailor1457                    
Sailor1458                    
Sailor1460                    
Sailor1461                    
Sailor1463                    
Sailor1464                    
Sailor1466                    
Sailor1467                    
Sailor1469                    
Sailor1470                    
Sailor1472                    
Sailor1473                    
Sailor1475                    
Sailor1476                    
Sailor1478                    
Sailor1479                    
Sailor1481                    
Sailor1482                    
Sailor1484                    
Sailor1485                    
Sailor1487                    
Sailor1488                    
Sailor1490                    
Sailor1491                    
Sailor1493                    
Sailor1494                    
Sailor1496                    
Sailor1497                    
Sailor1499                    
Sailor1500                    
Sailor1502                    
Sailor1503                    
Sailor1505                    
Sailor1506                    
Sailor1508                    
Sailor1509                    
Sailor1511                    
Sailor1512                    
Sailor1514                    
Sailor1515                    
Sailor1517                    
Sailor1518                    
Sailor1520                    
Sailor1521                    
Sailor1523                    
Sailor1524                    
Sailor1526                    
Sailor1527                    
Sailor1529                    
Sailor1530                    
Sailor1532                    
Sailor1533                    
Sailor1535                    
Sailor1536                    
Sailor1538                    
Sailor1539                    
Sailor1541                    
Sailor1542                    
Sailor1544                    
Sailor1545                    
Sailor1547                    
Sailor1548                    
Sailor1550                    
Sailor1551                    
Sailor1553                    
Sailor1554                    
Sailor1556                    
Sailor1557                    
Sailor1559                    
Sailor1560                    
Sailor1562                    
Sailor1563                    
Sailor1565                    
Sailor1566                    
Sailor1568                    
Sailor1569                    
Sailor1571                    
Sailor1572                    
Sailor1574                    
Sailor1575                    
Sailor1577                    
Sailor1578                    
Sailor1580                    
Sailor1581                    
Sailor1583                    
Sailor1584                    
Sailor1586                    
Sailor1587                    
Sailor1589                    
Sailor1590                    
Sailor1592                    
Sailor1593                    
Sailor1595                    
Sailor1596                    
Sailor1598                    
Sailor1599                    
Sailor1601                    
Sailor1602                    
Sailor1604                    
Sailor1605                    
Sailor1607                    
Sailor1608                    
Sailor1610                    
Sailor1611                    
Sailor1613                    
Sailor1614                    
Sailor1616                    
Sailor1617                    
Sailor1619                    
Sailor1620                    
Sailor1622                    
Sailor1623                    
Sailor1625                    
Sailor1626                    
Sailor1628                    
Sailor1629                    
Sailor1631                    
Sailor1632                    
Sailor1634                    
Sailor1635                    
Sailor1637                    
Sailor1638                    
Sailor1640                    
Sailor1641                    
Sailor1643                    
Sailor1644                    
Sailor1646                    
Sailor1647                    
Sailor1649                    
Sailor1650                    
Sailor1652                    
Sailor1653                    
Sailor1655                    
Sailor1656                    
Sailor1658                    
Sailor1659                    
Sailor1661                    
Sailor1662                    
Sailor1664                    
Sailor1665                    
Sailor1667                    
Sailor1668                    
Sailor1670                    
Sailor1671                    
Sailor1673                    
Sailor1674                    
Sailor1676                    
Sailor1677                    
Sailor1679                    
Sailor1680                    
Sailor1682                    
Sailor1683                    
Sailor1685                    
Sailor1686                    
Sailor1688                    
Sailor1689                    
Sailor1691                    
Sailor1692                    
Sailor1694                    
Sailor1695                    
Sailor1697                    
Sailor1698                    
Sailor1700                    
Sailor1701                    
Sailor1703                    
Sailor1704                    
Sailor1706                    
Sailor1707                    
Sailor1709                    
Sailor1710                    
Sailor1712                    
Sailor1713                    
Sailor1715                    
Sailor1716                    
Sailor1718                    
Sailor1719                    
Sailor1721                    
Sailor1722                    
Sailor1724                    
Sailor1725                    
Sailor1727                    
Sailor1728                    
Sailor1730                    
Sailor1731                    
Sailor1733                    
Sailor1734                    
Sailor1736                    
Sailor1737                    
Sailor1739                    
Sailor1740                    
Sailor1742                    
Sailor1743                    
Sailor1745                    
Sailor1746                    
Sailor1748                    
Sailor1749                    
Sailor1751                    
Sailor1752                    
Sailor1754                    
Sailor1755                    
Sailor1757                    
Sailor1758                    
Sailor1760                    
Sailor1761                    
Sailor1763                    
Sailor1764                    
Sailor1766                    
Sailor1767                    
Sailor1769                    
Sailor1770                    
Sailor1772                    
Sailor1773                    
Sailor1775                    
Sailor1776                    
Sailor1778                    
Sailor1779                    
Sailor1781                    
Sailor1782                    
Sailor1784                    
Sailor1785                    
Sailor1787                    
Sailor1788                    
Sailor1790                    
Sailor1791                    
Sailor1793                    
Sailor1794                    
Sailor1796                    
Sailor1797                    
Sailor1799                    
Sailor1800                    
Sailor1802                    
Sailor1803                    
Sailor1805                    
Sailor1806                    
Sailor1808                    
Sailor1809                    
Sailor1811                    
Sailor1812                    
Sailor1814                    
Sailor1815                    
Sailor1817                    
Sailor1818                    
Sailor1820                    
Sailor1821                    
Sailor1823                    
Sailor1824                    
Sailor1826                    
Sailor1827                    
Sailor1829                    
Sailor1830                    
Sailor1832                    
Sailor1833                    
Sailor1835                    
Sailor1836                    
Sailor1838                    
Sailor1839                    
Sailor1841                    
Sailor1842                    
Sailor1844                    
Sailor1845                    
Sailor1847                    
Sailor1848                    
Sailor1850                    
Sailor1851                    
Sailor1853                    
Sailor1854                    
Sailor1856                    
Sailor1857                    
Sailor1859                    
Sailor1860                    
Sailor1862                    
Sailor1863                    
Sailor1865                    
Sailor1866                    
Sailor1868                    
Sailor1869                    
Sailor1871                    
Sailor1872                    
Sailor1874                    
Sailor1875                    
Sailor1877                    
Sailor1878                    
Sailor1880                    
Sailor1881                    
Sailor1883                    
Sailor1884                    
Sailor1886                    
Sailor1887                    
Sailor1889                    
Sailor1890                    
Sailor1892                    
Sailor1893                    
Sailor1895                    
Sailor1896                    
Sailor1898                    
Sailor1899                    
Sailor1901                    
Sailor1902                    
Sailor1904                    
Sailor1905                    
Sailor1907                    
Sailor1908                    
Sailor1910                    
Sailor1911                    
Sailor1913                    
Sailor1914                    
Sailor1916                    
Sailor1917                    
Sailor1919                    
Sailor1920                    
Sailor1922                    
Sailor1923                    
Sailor1925                    
Sailor1926                    
Sailor1928                    
Sailor1929                    
Sailor1931                    
Sailor1932                    
Sailor1934                    
Sailor1935                    
Sailor1937                    
Sailor1938                    
Sailor1940                    
Sailor1941                    
Sailor1943                    
Sailor1944                    
Sailor1946                    
Sailor1947                    
Sailor1949                    
Sailor1950                    
Sailor1952                    
Sailor1953                    
Sailor1955                    
Sailor1956                    
Sailor1958                    
Sailor1959                    
Sailor1961                    
Sailor1962                    
Sailor1964                    
Sailor1965                    
Sailor1967                    
Sailor1968                    
Sailor1970                    
Sailor1971                    
Sailor1973                    
Sailor1974                    
Sailor1976                    
Sailor1977                    
Sailor1979                    
Sailor1980                    
Sailor1982                    
Sailor1983                    
Sailor1985                    
Sailor1986                    
Sailor1988                    
Sailor1989                    
Sailor1991                    
Sailor1992                    
Sailor1994                    
Sailor1995                    
Sailor1997                    
Sailor1998                    
Sailor2000                    
Sailor2001                    
Sailor2003                    
Sailor2004                    
Sailor2006                    
Sailor2007                    
Sailor2009                    
Sailor2010                    
Sailor2012                    
Sailor2013                    
Sailor2015                    
Sailor2016                    
Sailor2018                    
Sailor2019                    
Sailor2021                    
Sailor2022                    
Sailor2024                    
Sailor2025                    
Sailor2027                    
Sailor2028                    
Sailor2030                    
Sailor2031                    
Sailor2033                    
Sailor2034                    
Sailor2036                    
Sailor2037                    
Sailor2039                    
Sailor2040                    
Sailor2042                    
Sailor2043                    
Sailor2045                    
Sailor2046                    
Sailor2048                    
Sailor2049                    
Sailor2051                    
Sailor2052                    
Sailor2054                    
Sailor2055                    
Sailor2057                    
Sailor2058                    
Sailor2060                    
Sailor2061                    
Sailor2063                    
Sailor2064                    
Sailor2066                    
Sailor2067                    
Sailor2069                    
Sailor2070                    
Sailor2072                    
Sailor2073                    
Sailor2075                    
Sailor2076                    
Sailor2078                    
Sailor2079                    
Sailor2081                    
Sailor2082                    
Sailor2084                    
Sailor2085                    
Sailor2087                    
Sailor2088                    
Sailor2090                    
Sailor2091                    
Sailor2093                    
Sailor2094                    
Sailor2096                    
Sailor2097                    
Sailor2099                    
Sailor2100                    
Sailor2102                    
Sailor2103                    
Sailor2105                    
Sailor2106                    
Sailor2108                    
Sailor2109                    
Sailor2111                    
Sailor2112                    
Sailor2114                    
Sailor2115                    
Sailor2117                    
Sailor2118                    
Sailor2120                    
Sailor2121                    
Sailor2123                    
Sailor2124                    
Sailor2126                    
Sailor2127                    
Sailor2129                    
Sailor2130                    
Sailor2132                    
Sailor2133                    
Sailor2135                    
Sailor2136                    
Sailor2138                    
Sailor2139                    
Sailor2141                    
Sailor2142                    
Sailor2144                    
Sailor2145                    
Sailor2147                    
Sailor2148                    
Sailor2150                    
Sailor2151                    
Sailor2153                    
Sailor2154                    
Sailor2156                    
Sailor2157                    
Sailor2159                    
Sailor2160                    
Sailor2162                    
Sailor2163                    
Sailor2165                    
Sailor2166                    
Sailor2168                    
Sailor2169                    
Sailor2171                    
Sailor2172                    
Sailor2174                    
Sailor2175                    
Sailor2177                    
Sailor2178                    
Sailor2180                    
Sailor2181                    
Sailor2183                    
Sailor2184                    
Sailor2186                    
Sailor2187                    
Sailor2189                    
Sailor2190                    
Sailor2192                    
Sailor2193                    
Sailor2195                    
Sailor2196                    
Sailor2198                    
Sailor2199                    
Sailor2201                    
Sailor2202                    
Sailor2204                    
Sailor2205                    
Sailor2207                    
Sailor2208                    
Sailor2210                    
Sailor2211                    
Sailor2213                    
Sailor2214                    
Sailor2216                    
Sailor2217                    
Sailor2219                    
Sailor2220                    
Sailor2222                    
Sailor2223                    
Sailor2225                    
Sailor2226                    
Sailor2228                    
Sailor2229                    
Sailor2231                    
Sailor2232                    
Sailor2234                    
Sailor2235                    
Sailor2237                    
Sailor2238                    
Sailor2240                    
Sailor2241                    
Sailor2243                    
Sailor2244                    
Sailor2246                    
Sailor2247                    
Sailor2249                    
Sailor2250                    
Sailor2252                    
Sailor2253                    
Sailor2255                    
Sailor2256                    
Sailor2258                    
Sailor2259                    
Sailor2261                    
Sailor2262                    
Sailor2264                    
Sailor2265                    
Sailor2267                    
Sailor2268                    
Sailor2270                    
Sailor2271                    
Sailor2273                    
Sailor2274                    
Sailor2276                    
Sailor2277                    
Sailor2279                    
Sailor2280                    
Sailor2282                    
Sailor2283                    
Sailor2285                    
Sailor2286                    
Sailor2288                    
Sailor2289                    
Sailor2291                    
Sailor2292                    
Sailor2294                    
Sailor2295                    
Sailor2297                    
Sailor2298                    
Sailor2300                    
Sailor2301                    
Sailor2303                    
Sailor2304                    
Sailor2306                    
Sailor2307                    
Sailor2309                    
Sailor2310                    
Sailor2312                    
Sailor2313                    
Sailor2315                    
Sailor2316                    
Sailor2318                    
Sailor2319                    
Sailor2321                    
Sailor2322                    
Sailor2324                    
Sailor2325                    
Sailor2327                    
Sailor2328                    
Sailor2330                    
Sailor2331                    
Sailor2333                    
Sailor2334                    
Sailor2336                    
Sailor2337                    
Sailor2339                    
Sailor2340                    
Sailor2342                    
Sailor2343                    
Sailor2345                    
Sailor2346                    
Sailor2348                    
Sailor2349                    
Sailor2351                    
Sailor2352                    
Sailor2354                    
Sailor2355                    
Sailor2357                    
Sailor2358                    
Sailor2360                    
Sailor2361                    
Sailor2363                    
Sailor2364                    
Sailor2366                    
Sailor2367                    
Sailor2369                    
Sailor2370                    
Sailor2372                    
Sailor2373                    
Sailor2375                    
Sailor2376                    
Sailor2378                    
Sailor2379                    
Sailor2381                    
Sailor2382                    
Sailor2384                    
Sailor2385                    
Sailor2387                    
Sailor2388                    
Sailor2390                    
Sailor2391                    
Sailor2393                    
Sailor2394                    
Sailor2396                    
Sailor2397                    
Sailor2399                    
Sailor2400                    
Sailor2402                    
Sailor2403                    
Sailor2405                    
Sailor2406                    
Sailor2408                    
Sailor2409                    
Sailor2411                    
Sailor2412                    
Sailor2414                    
Sailor2415                    
Sailor2417                    
Sailor2418                    
Sailor2420                    
Sailor2421                    
Sailor2423                    
Sailor2424                    
Sailor2426                    
Sailor2427                    
Sailor2429                    
Sailor2430                    
Sailor2432                    
Sailor2433                    
Sailor2435                    
Sailor2436                    
Sailor2438                    
Sailor2439                    
Sailor2441                    
Sailor2442                    
Sailor2444                    
Sailor2445                    
Sailor2447                    
Sailor2448                    
Sailor2450                    
Sailor2451                    
Sailor2453                    
Sailor2454                    
Sailor2456                    
Sailor2457                    
Sailor2459                    
Sailor2460                    
Sailor2462                    
Sailor2463                    
Sailor2465                    
Sailor2466                    
Sailor2468                    
Sailor2469                    
Sailor2471                    
Sailor2472                    
Sailor2474                    
Sailor2475                    
Sailor2477                    
Sailor2478                    
Sailor2480                    
Sailor2481                    
Sailor2483                    
Sailor2484                    
Sailor2486                    
Sailor2487                    
Sailor2489                    
Sailor2490                    
Sailor2492                    
Sailor2493                    
Sailor2495                    
Sailor2496                    
Sailor2498                    
Sailor2499                    
Sailor2501                    
Sailor2502                    
Sailor2504                    
Sailor2505                    
Sailor2507                    
Sailor2508                    
Sailor2510                    
Sailor2511                    
Sailor2513                    
Sailor2514                    
Sailor2516                    
Sailor2517                    
Sailor2519                    
Sailor2520                    
Sailor2522                    
Sailor2523                    
Sailor2525                    
Sailor2526                    
Sailor2528                    
Sailor2529                    
Sailor2531                    
Sailor2532                    
Sailor2534                    
Sailor2535                    
Sailor2537                    
Sailor2538                    
Sailor2540                    
Sailor2541                    
Sailor2543                    
Sailor2544                    
Sailor2546                    
Sailor2547                    
Sailor2549                    
Sailor2550                    
Sailor2552                    
Sailor2553                    
Sailor2555                    
Sailor2556                    
Sailor2558                    
Sailor2559                    
Sailor2561                    
Sailor2562                    
Sailor2564                    
Sailor2565                    
Sailor2567                    
Sailor2568                    
Sailor2570                    
Sailor2571                    
Sailor2573                    
Sailor2574                    
Sailor2576                    
Sailor2577                    
Sailor2579                    
Sailor2580                    
Sailor2582                    
Sailor2583                    
Sailor2585                    
Sailor2586                    
Sailor2588                    
Sailor2589                    
Sailor2591                    
Sailor2592                    
Sailor2594                    
Sailor2595                    
Sailor2597                    
Sailor2598                    
Sailor2600                    
Sailor2601                    
Sailor2603                    
Sailor2604                    
Sailor2606                    
Sailor2607                    
Sailor2609                    
Sailor2610                    
Sailor2612                    
Sailor2613                    
Sailor2615                    
Sailor2616                    
Sailor2618                    
Sailor2619                    
Sailor2621                    
Sailor2622                    
Sailor2624                    
Sailor2625                    
Sailor2627                    
Sailor2628                    
Sailor2630                    
Sailor2631                    
Sailor2633                    
Sailor2634                    
Sailor2636                    
Sailor2637                    
Sailor2639                    
Sailor2640                    
Sailor2642                    
Sailor2643                    
Sailor2645                    
Sailor2646                    
Sailor2648                    
Sailor2649                    
Sailor2651                    
Sailor2652                    
Sailor2654                    
Sailor2655                    
Sailor2657                    
Sailor2658                    
Sailor2660                    
Sailor2661                    
Sailor2663                    
Sailor2664                    
Sailor2666                    
Sailor2667                    
Sailor2669                    
Sailor2670                    
Sailor2672                    
Sailor2673                    
Sailor2675                    
Sailor2676                    
Sailor2678                    
Sailor2679                    
Sailor2681                    
Sailor2682                    
Sailor2684                    
Sailor2685                    
Sailor2687                    
Sailor2688                    
Sailor2690                    
Sailor2691                    
Sailor2693                    
Sailor2694                    
Sailor2696                    
Sailor2697                    
Sailor2699                    
Sailor2700                    
Sailor2702                    
Sailor2703                    
Sailor2705                    
Sailor2706                    
Sailor2708                    
Sailor2709                    
Sailor2711                    
Sailor2712                    
Sailor2714                    
Sailor2715                    
Sailor2717                    
Sailor2718                    
Sailor2720                    
Sailor2721                    
Sailor2723                    
Sailor2724                    
Sailor2726                    
Sailor2727                    
Sailor2729                    
Sailor2730                    
Sailor2732                    
Sailor2733                    
Sailor2735                    
Sailor2736                    
Sailor2738                    
Sailor2739                    
Sailor2741                    
Sailor2742                    
Sailor2744                    
Sailor2745                    
Sailor2747                    
Sailor2748                    
Sailor2750                    
Sailor2751                    
Sailor2753                    
Sailor2754                    
Sailor2756                    
Sailor2757                    
Sailor2759                    
Sailor2760                    
Sailor2762                    
Sailor2763                    
Sailor2765                    
Sailor2766                    
Sailor2768                    
Sailor2769                    
Sailor2771                    
Sailor2772                    
Sailor2774                    
Sailor2775                    
Sailor2777                    
Sailor2778                    
Sailor2780                    
Sailor2781                    
Sailor2783                    
Sailor2784                    
Sailor2786                    
Sailor2787                    
Sailor2789                    
Sailor2790                    
Sailor2792                    
Sailor2793                    
Sailor2795                    
Sailor2796                    
Sailor2798                    
Sailor2799                    
Sailor2801                    
Sailor2802                    
Sailor2804                    
Sailor2805                    
Sailor2807                    
Sailor2808                    
Sailor2810                    
Sailor2811                    
Sailor2813                    
Sailor2814                    
Sailor2816                    
Sailor2817                    
Sailor2819                    
Sailor2820                    
Sailor2822                    
Sailor2823                    
Sailor2825                    
Sailor2826                    
Sailor2828                    
Sailor2829                    
Sailor2831                    
Sailor2832                    
Sailor2834                    
Sailor2835                    
Sailor2837                    
Sailor2838                    
Sailor2840                    
Sailor2841                    
Sailor2843                    
Sailor2844                    
Sailor2846                    
Sailor2847                    
Sailor2849                    
Sailor2850                    
Sailor2852                    
Sailor2853                    
Sailor2855                    
Sailor2856                    
Sailor2858                    
Sailor2859                    
Sailor2861                    
Sailor2862                    
Sailor2864                    
Sailor2865                    
Sailor2867                    
Sailor2868                    
Sailor2870                    
Sailor2871                    
Sailor2873                    
Sailor2874                    
Sailor2876                    
Sailor2877                    
Sailor2879                    
Sailor2880                    
Sailor2882                    
Sailor2883                    
Sailor2885                    
Sailor2886                    
Sailor2888                    
Sailor2889                    
Sailor2891                    
Sailor2892                    
Sailor2894                    
Sailor2895                    
Sailor2897                    
Sailor2898                    
Sailor2900                    
Sailor2901                    
Sailor2903                    
Sailor2904                    
Sailor2906                    
Sailor2907                    
Sailor2909                    
Sailor2910                    
Sailor2912                    
Sailor2913                    
Sailor2915                    
Sailor2916                    
Sailor2918                    
Sailor2919                    
Sailor2921                    
Sailor2922                    
Sailor2924                    
Sailor2925                    
Sailor2927                    
Sailor2928                    
Sailor2930                    
Sailor2931                    
Sailor2933                    
Sailor2934                    
Sailor2936                    
Sailor2937                    
Sailor2939                    
Sailor2940                    
Sailor2942                    
Sailor2943                    
Sailor2945                    
Sailor2946                    
Sailor2948                    
Sailor2949                    
Sailor2951                    
Sailor2952                    
Sailor2954                    
Sailor2955                    
Sailor2957                    
Sailor2958                    
Sailor2960                    
Sailor2961                    
Sailor2963                    
Sailor2964                    
Sailor2966                    
Sailor2967                    
Sailor2969                    
Sailor2970                    
Sailor2972                    
Sailor2973                    
Sailor2975                    
Sailor2976                    
Sailor2978                    
Sailor2979                    
Sailor2981                    
Sailor2982                    
Sailor2984                    
Sailor2985                    
Sailor2987                    
Sailor2988                    
Sailor2990                    
Sailor2991                    
Sailor2993                    
Sailor2994                    
Sailor2996                    
Sailor2997                    
Sailor2999                    
Sailor3000                    
Sailor3002                    
Sailor3003                    
Sailor3005                    
Sailor3006                    
Sailor3008                    
Sailor3009                    
Sailor3011                    
Sailor3012                    
Sailor3014                    
Sailor3015                    
Sailor3017                    
Sailor3018                    
Sailor3020                    
Sailor3021                    
Sailor3023                    
Sailor3024                    
Sailor3026                    
Sailor3027                    
Sailor3029                    
Sailor3030                    
Sailor3032                    
Sailor3033                    
Sailor3035                    
Sailor3036                    
Sailor3038                    
Sailor3039                    
Sailor3041                    
Sailor3042                    
Sailor3044                    
Sailor3045                    
Sailor3047                    
Sailor3048                    
Sailor3050                    
Sailor3051                    
Sailor3053                    
Sailor3054                    
Sailor3056                    
Sailor3057                    
Sailor3059                    
Sailor3060                    
Sailor3062                    
Sailor3063                    
Sailor3065                    
Sailor3066                    
Sailor3068                    
Sailor3069                    
Sailor3071                    
Sailor3072                    
Sailor3074                    
Sailor3075                    
Sailor3077                    
Sailor3078                    
Sailor3080                    
Sailor3081                    
Sailor3083                    
Sailor3084                    
Sailor3086                    
Sailor3087                    
Sailor3089                    
Sailor3090                    
Sailor3092                    
Sailor3093                    
Sailor3095                    
Sailor3096                    
Sailor3098                    
Sailor3099                    
Sailor3101                    
Sailor3102                    
Sailor3104                    
Sailor3105                    
Sailor3107                    
Sailor3108                    
Sailor3110                    
Sailor3111                    
Sailor3113                    
Sailor3114                    
Sailor3116                    
Sailor3117                    
Sailor3119                    
Sailor3120                    
Sailor3122                    
Sailor3123                    
Sailor3125                    
Sailor3126                    
Sailor3128                    
Sailor3129                    
Sailor3131                    
Sailor3132                    
Sailor3134                    
Sailor3135                    
Sailor3137                    
Sailor3138                    
Sailor3140                    
Sailor3141                    
Sailor3143                    
Sailor3144                    
Sailor3146                    
Sailor3147                    
Sailor3149                    
Sailor3150                    
Sailor3152                    
Sailor3153                    
Sailor3155                    
Sailor3156                    
Sailor3158                    
Sailor3159                    
Sailor3161                    
Sailor3162                    
Sailor3164                    
Sailor3165                    
Sailor3167                    
Sailor3168                    
Sailor3170                    
Sailor3171                    
Sailor3173                    
Sailor3174                    
Sailor3176                    
Sailor3177                    
Sailor3179                    
Sailor3180                    
Sailor3182                    
Sailor3183                    
Sailor3185                    
Sailor3186                    
Sailor3188                    
Sailor3189                    
Sailor3191                    
Sailor3192                    
Sailor3194                    
Sailor3195                    
Sailor3197                    
Sailor3198                    
Sailor3200                    
Sailor3201                    
Sailor3203                    
Sailor3204                    
Sailor3206                    
Sailor3207                    
Sailor3209                    
Sailor3210                    
Sailor3212                    
Sailor3213                    
Sailor3215                    
Sailor3216                    
Sailor3218                    
Sailor3219                    
Sailor3221                    
Sailor3222                    
Sailor3224                    
Sailor3225                    
Sailor3227                    
Sailor3228                    
Sailor3230                    
Sailor3231                    
Sailor3233                    
Sailor3234                    
Sailor3236                    
Sailor3237                    
Sailor3239                    
Sailor3240                    
Sailor3242                    
Sailor3243                    
Sailor3245                    
Sailor3246                    
Sailor3248                    
Sailor3249                    
Sailor3251                    
Sailor3252                    
Sailor3254                    
Sailor3255                    
Sailor3257                    
Sailor3258                    
Sailor3260                    
Sailor3261                    
Sailor3263                    
Sailor3264                    
Sailor3266                    
Sailor3267                    
Sailor3269                    
Sailor3270                    
Sailor3272                    
Sailor3273                    
Sailor3275                    
Sailor3276                    
Sailor3278                    
Sailor3279                    
Sailor3281                    
Sailor3282                    
Sailor3284                    
Sailor3285                    
Sailor3287                    
Sailor3288                    
Sailor3290                    
Sailor3291                    
Sailor3293                    
Sailor3294                    
Sailor3296                    
Sailor3297                    
Sailor3299                    
Sailor3300                    
Sailor3302                    
Sailor3303                    
Sailor3305                    
Sailor3306                    
Sailor3308                    
Sailor3309                    
Sailor3311                    
Sailor3312                    
Sailor3314                    
Sailor3315                    
Sailor3317                    
Sailor3318                    
Sailor3320                    
Sailor3321                    
Sailor3323                    
Sailor3324                    
Sailor3326                    
Sailor3327                    
Sailor3329                    
Sailor3330                    
Sailor3332                    
Sailor3333                    
Sailor3335                    
Sailor3336                    
Sailor3338                    
Sailor3339                    
Sailor3341                    
Sailor3342                    
Sailor3344                    
Sailor3345                    
Sailor3347                    
Sailor3348                    
Sailor3350                    
Sailor3351                    
Sailor3353                    
Sailor3354                    
Sailor3356                    
Sailor3357                    
Sailor3359                    
Sailor3360                    
Sailor3362                    
Sailor3363                    
Sailor3365                    
Sailor3366                    
Sailor3368                    
Sailor3369                    
Sailor3371                    
Sailor3372                    
Sailor3374                    
Sailor3375                    
Sailor3377                    
Sailor3378                    
Sailor3380                    
Sailor3381                    
Sailor3383                    
Sailor3384                    
Sailor3386                    
Sailor3387                    
Sailor3389                    
Sailor3390                    
Sailor3392                    
Sailor3393                    
Sailor3395                    
Sailor3396                    
Sailor3398                    
Sailor3399                    
Sailor3401                    
Sailor3402                    
Sailor3404                    
Sailor3405                    
Sailor3407                    
Sailor3408                    
Sailor3410                    
Sailor3411                    
Sailor3413                    
Sailor3414                    
Sailor3416                    
Sailor3417                    
Sailor3419                    
Sailor3420                    
Sailor3422                    
Sailor3423                    
Sailor3425                    
Sailor3426                    
Sailor3428                    
Sailor3429                    
Sailor3431                    
Sailor3432                    
Sailor3434                    
Sailor3435                    
Sailor3437                    
Sailor3438                    
Sailor3440                    
Sailor3441                    
Sailor3443                    
Sailor3444                    
Sailor3446                    
Sailor3447                    
Sailor3449                    
Sailor3450                    
Sailor3452                    
Sailor3453                    
Sailor3455                    
Sailor3456                    
Sailor3458                    
Sailor3459                    
Sailor3461                    
Sailor3462                    
Sailor3464                    
Sailor3465                    
Sailor3467                    
Sailor3468                    
Sailor3470                    
Sailor3471                    
Sailor3473                    
Sailor3474                    
Sailor3476                    
Sailor3477                    
Sailor3479                    
Sailor3480                    
Sailor3482                    
Sailor3483                    
Sailor3485                    
Sailor3486                    
Sailor3488                    
Sailor3489                    
Sailor3491                    
Sailor3492                    
Sailor3494                    
Sailor3495                    
Sailor3497                    
Sailor3498                    
Sailor3500                    
Sailor3501                    
Sailor3503                    
Sailor3504                    
Sailor3506                    
Sailor3507                    
Sailor3509                    
Sailor3510                    
Sailor3512                    
Sailor3513                    
Sailor3515                    
Sailor3516                    
Sailor3518                    
Sailor3519                    
Sailor3521                    
Sailor3522                    
Sailor3524                    
Sailor3525                    
Sailor3527                    
Sailor3528                    
Sailor3530                    
Sailor3531                    
Sailor3533                    
Sailor3534                    
Sailor3536                    
Sailor3537                    
Sailor3539                    
Sailor3540                    
Sailor3542                    
Sailor3543                    
Sailor3545                    
Sailor3546                    
Sailor3548                    
Sailor3549                    
Sailor3551                    
Sailor3552                    
Sailor3554                    
Sailor3555                    
Sailor3557                    
Sailor3558                    
Sailor3560                    
Sailor3561                    
Sailor3563                    
Sailor3564                    
Sailor3566                    
Sailor3567                    
Sailor3569                    
Sailor3570                    
Sailor3572                    
Sailor3573                    
Sailor3575                    
Sailor3576                    
Sailor3578                    
Sailor3579                    
Sailor3581                    
Sailor3582                    
Sailor3584                    
Sailor3585                    
Sailor3587                    
Sailor3588                    
Sailor3590                    
Sailor3591                    
Sailor3593                    
Sailor3594                    
Sailor3596                    
Sailor3597                    
Sailor3599                    
Sailor3600                    
Sailor3602                    
Sailor3603                    
Sailor3605                    
Sailor3606                    
Sailor3608                    
Sailor3609                    
Sailor3611                    
Sailor3612                    
Sailor3614                    
Sailor3615                    
Sailor3617                    
Sailor3618                    
Sailor3620                    
Sailor3621                    
Sailor3623                    
Sailor3624                    
Sailor3626                    
Sailor3627                    
Sailor3629                    
Sailor3630                    
Sailor3632                    
Sailor3633                    
Sailor3635                    
Sailor3636                    
Sailor3638                    
Sailor3639                    
Sailor3641                    
Sailor3642                    
Sailor3644                    
Sailor3645                    
Sailor3647                    
Sailor3648                    
Sailor3650                    
Sailor3651                    
Sailor3653                    
Sailor3654                    
Sailor3656                    
Sailor3657                    
Sailor3659                    
Sailor3660                    
Sailor3662                    
Sailor3663                    
Sailor3665                    
Sailor3666                    
Sailor3668                    
Sailor3669                    
Sailor3671                    
Sailor3672                    
Sailor3674                    
Sailor3675                    
Sailor3677                    
Sailor3678                    
Sailor3680                    
Sailor3681                    
Sailor3683                    
Sailor3684                    
Sailor3686                    
Sailor3687                    
Sailor3689                    
Sailor3690                    
Sailor3692                    
Sailor3693                    
Sailor3695                    
Sailor3696                    
Sailor3698                    
Sailor3699                    
Sailor3701                    
Sailor3702                    
Sailor3704                    
Sailor3705                    
Sailor3707                    
Sailor3708                    
Sailor3710                    
Sailor3711                    
Sailor3713                    
Sailor3714                    
Sailor3716                    
Sailor3717                    
Sailor3719                    
Sailor3720                    
Sailor3722                    
Sailor3723                    
Sailor3725                    
Sailor3726                    
Sailor3728                    
Sailor3729                    
Sailor3731                    
Sailor3732                    
Sailor3734                    
Sailor3735                    
Sailor3737                    
Sailor3738                    
Sailor3740                    
Sailor3741                    
Sailor3743                    
Sailor3744                    
Sailor3746                    
Sailor3747                    
Sailor3749                    
Sailor3750                    
Sailor3752                    
Sailor3753                    
Sailor3755                    
Sailor3756                    
Sailor3758                    
Sailor3759                    
Sailor3761                    
Sailor3762                    
Sailor3764                    
Sailor3765                    
Sailor3767                    
Sailor3768                    
Sailor3770                    
Sailor3771                    
Sailor3773                    
Sailor3774                    
Sailor3776                    
Sailor3777                    
Sailor3779                    
Sailor3780                    
Sailor3782                    
Sailor3783                    
Sailor3785                    
Sailor3786                    
Sailor3788                    
Sailor3789                    
Sailor3791                    
Sailor3792                    
Sailor3794                    
Sailor3795                    
Sailor3797                    
Sailor3798                    
Sailor3800                    
Sailor3801                    
Sailor3803                    
Sailor3804                    
Sailor3806                    
Sailor3807                    
Sailor3809                    
Sailor3810                    
Sailor3812                    
Sailor3813                    
Sailor3815                    
Sailor3816                    
Sailor3818                    
Sailor3819                    
Sailor3821                    
Sailor3822                    
Sailor3824                    
Sailor3825                    
Sailor3827                    
Sailor3828                    
Sailor3830                    
Sailor3831                    
Sailor3833                    
Sailor3834                    
Sailor3836                    
Sailor3837                    
Sailor3839                    
Sailor3840                    
Sailor3842                    
Sailor3843                    
Sailor3845                    
Sailor3846                    
Sailor3848                    
Sailor3849                    
Sailor3851                    
Sailor3852                    
Sailor3854                    
Sailor3855                    
Sailor3857                    
Sailor3858                    
Sailor3860                    
Sailor3861                    
Sailor3863                    
Sailor3864                    
Sailor3866                    
Sailor3867                    
Sailor3869                    
Sailor3870                    
Sailor3872                    
Sailor3873                    
Sailor3875                    
Sailor3876                    
Sailor3878                    
Sailor3879                    
Sailor3881                    
Sailor3882                    
Sailor3884                    
Sailor3885                    
Sailor3887                    
Sailor3888                    
Sailor3890                    
Sailor3891                    
Sailor3893                    
Sailor3894                    
Sailor3896                    
Sailor3897                    
Sailor3899                    
Sailor3900                    
Sailor3902                    
Sailor3903                    
Sailor3905                    
Sailor3906                    
Sailor3908                    
Sailor3909                    
Sailor3911                    
Sailor3912                    
Sailor3914                    
Sailor3915                    
Sailor3917                    
Sailor3918                    
Sailor3920                    
Sailor3921                    
Sailor3923                    
Sailor3924                    
Sailor3926                    
Sailor3927                    
Sailor3929                    
Sailor3930                    
Sailor3932                    
Sailor3933                    
Sailor3935                    
Sailor3936                    
Sailor3938                    
Sailor3939                    
Sailor3941                    
Sailor3942                    
Sailor3944                    
Sailor3945                    
Sailor3947                    
Sailor3948                    
Sailor3950                    
Sailor3951                    
Sailor3953                    
Sailor3954                    
Sailor3956                    
Sailor3957                    
Sailor3959                    
Sailor3960                    
Sailor3962                    
Sailor3963                    
Sailor3965                    
Sailor3966                    
Sailor3968                    
Sailor3969                    
Sailor3971                    
Sailor3972                    
Sailor3974                    
Sailor3975                    
Sailor3977                    
Sailor3978                    
Sailor3980                    
Sailor3981                    
Sailor3983                    
Sailor3984                    
Sailor3986                    
Sailor3987                    
Sailor3989                    
Sailor3990                    
Sailor3992                    
Sailor3993                    
Sailor3995                    
Sailor3996                    
Sailor3998                    
Sailor3999                    
Sailor4001                    
Sailor4002                    
Sailor4004                    
Sailor4005                    
Sailor4007                    
Sailor4008                    
Sailor4010                    
Sailor4011                    
Sailor4013                    
Sailor4014                    
Sailor4016                    
Sailor4017                    
Sailor4019                    
Sailor4020                    
Sailor4022                    
Sailor4023                    
Sailor4025                    
Sailor4026                    
Sailor4028                    
Sailor4029                    
Sailor4031                    
Sailor4032                    
Sailor4034                    
Sailor4035                    
Sailor4037                    
Sailor4038                    
Sailor4040                    
Sailor4041                    
Sailor4043                    
Sailor4044                    
Sailor4046                    
Sailor4047                    
Sailor4049                    
Sailor4050                    
Sailor4052                    
Sailor4053                    
Sailor4055                    
Sailor4056                    
Sailor4058                    
Sailor4059                    
Sailor4061                    
Sailor4062                    
Sailor4064                    
Sailor4065                    
Sailor4067                    
Sailor4068                    
Sailor4070                    
Sailor4071                    
Sailor4073                    
Sailor4074                    
Sailor4076                    
Sailor4077                    
Sailor4079                    
Sailor4080                    
Sailor4082                    
Sailor4083                    
Sailor4085                    
Sailor4086                    
Sailor4088                    
Sailor4089                    
Sailor4091                    
Sailor4092                    
Sailor4094                    
Sailor4095                    
Sailor4097                    
Sailor4098                    
Sailor4100                    
Sailor4101                    
Sailor4103                    
Sailor4104                    
Sailor4106                    
Sailor4107                    
Sailor4109                    
Sailor4110                    
Sailor4112                    
Sailor4113                    
Sailor4115                    
Sailor4116                    
Sailor4118                    
Sailor4119                    
Sailor4121                    
Sailor4122                    
Sailor4124                    
Sailor4125                    
Sailor4127                    
Sailor4128                    
Sailor4130                    
Sailor4131                    
Sailor4133                    
Sailor4134                    
Sailor4136                    
Sailor4137                    
Sailor4139                    
Sailor4140                    
Sailor4142                    
Sailor4143                    
Sailor4145                    
Sailor4146                    
Sailor4148                    
Sailor4149                    
Sailor4151                    
Sailor4152                    
Sailor4154                    
Sailor4155                    
Sailor4157                    
Sailor4158                    
Sailor4160                    
Sailor4161                    
Sailor4163                    
Sailor4164                    
Sailor4166                    
Sailor4167                    
Sailor4169                    
Sailor4170                    
Sailor4172                    
Sailor4173                    
Sailor4175                    
Sailor4176                    
Sailor4178                    
Sailor4179                    
Sailor4181                    
Sailor4182                    
Sailor4184                    
Sailor4185                    
Sailor4187                    
Sailor4188                    
Sailor4190                    
Sailor4191                    
Sailor4193                    
Sailor4194                    
Sailor4196                    
Sailor4197                    
Sailor4199                    
Sailor4200                    
Sailor4202                    
Sailor4203                    
Sailor4205                    
Sailor4206                    
Sailor4208                    
Sailor4209                    
Sailor4211                    
Sailor4212                    
Sailor4214                    
Sailor4215                    
Sailor4217                    
Sailor4218                    
Sailor4220                    
Sailor4221                    
Sailor4223                    
Sailor4224                    
Sailor4226                    
Sailor4227                    
Sailor4229                    
Sailor4230                    
Sailor4232                    
Sailor4233                    
Sailor4235                    
Sailor4236                    
Sailor4238                    
Sailor4239                    
Sailor4241                    
Sailor4242                    
Sailor4244                    
Sailor4245                    
Sailor4247                    
Sailor4248                    
Sailor4250                    
Sailor4251                    
Sailor4253                    
Sailor4254                    
Sailor4256                    
Sailor4257                    
Sailor4259                    
Sailor4260                    
Sailor4262                    
Sailor4263                    
Sailor4265                    
Sailor4266                    
Sailor4268                    
Sailor4269                    
Sailor4271                    
Sailor4272                    
Sailor4274                    
Sailor4275                    
Sailor4277                    
Sailor4278                    
Sailor4280                    
Sailor4281                    
Sailor4283                    
Sailor4284                    
Sailor4286                    
Sailor4287                    
Sailor4289                    
Sailor4290                    
Sailor4292                    
Sailor4293                    
Sailor4295                    
Sailor4296                    
Sailor4298                    
Sailor4299                    
Sailor4301                    
Sailor4302                    
Sailor4304                    
Sailor4305                    
Sailor4307                    
Sailor4308                    
Sailor4310                    
Sailor4311                    
Sailor4313                    
Sailor4314                    
Sailor4316                    
Sailor4317                    
Sailor4319                    
Sailor4320                    
Sailor4322                    
Sailor4323                    
Sailor4325                    
Sailor4326                    
Sailor4328                    
Sailor4329                    
Sailor4331                    
Sailor4332                    
Sailor4334                    
Sailor4335                    
Sailor4337                    
Sailor4338                    
Sailor4340                    
Sailor4341                    
Sailor4343                    
Sailor4344                    
Sailor4346                    
Sailor4347                    
Sailor4349                    
Sailor4350                    
Sailor4352                    
Sailor4353                    
Sailor4355                    
Sailor4356                    
Sailor4358                    
Sailor4359                    
Sailor4361                    
Sailor4362                    
Sailor4364                    
Sailor4365                    
Sailor4367                    
Sailor4368                    
Sailor4370                    
Sailor4371                    
Sailor4373                    
Sailor4374                    
Sailor4376                    
Sailor4377                    
Sailor4379                    
Sailor4380                    
Sailor4382                    
Sailor4383                    
Sailor4385                    
Sailor4386                    
Sailor4388                    
Sailor4389                    
Sailor4391                    
Sailor4392                    
Sailor4394                    
Sailor4395                    
Sailor4397                    
Sailor4398                    
Sailor4400                    
Sailor4401                    
Sailor4403                    
Sailor4404                    
Sailor4406                    
Sailor4407                    
Sailor4409                    
Sailor4410                    
Sailor4412                    
Sailor4413                    
Sailor4415                    
Sailor4416                    
Sailor4418                    
Sailor4419                    
Sailor4421                    
Sailor4422                    
Sailor4424                    
Sailor4425                    
Sailor4427                    
Sailor4428                    
Sailor4430                    
Sailor4431                    
Sailor4433                    
Sailor4434                    
Sailor4436                    
Sailor4437                    
Sailor4439                    
Sailor4440                    
Sailor4442                    
Sailor4443                    
Sailor4445                    
Sailor4446                    
Sailor4448                    
Sailor4449                    
Sailor4451                    
Sailor4452                    
Sailor4454                    
Sailor4455                    
Sailor4457                    
Sailor4458                    
Sailor4460                    
Sailor4461                    
Sailor4463                    
Sailor4464                    
Sailor4466                    
Sailor4467                    
Sailor4469                    
Sailor4470                    
Sailor4472                    
Sailor4473                    
Sailor4475                    
Sailor4476                    
Sailor4478                    
Sailor4479                    
Sailor4481                    
Sailor4482                    
Sailor4484                    
Sailor4485                    
Sailor4487                    
Sailor4488                    
Sailor4490                    
Sailor4491                    
Sailor4493                    
Sailor4494                    
Sailor4496                    
Sailor4497                    
Sailor4499                    
Sailor4500                    
Sailor4502                    
Sailor4503                    
Sailor4505                    
Sailor4506                    
Sailor4508                    
Sailor4509                    
Sailor4511                    
Sailor4512                    
Sailor4514                    
Sailor4515                    
Sailor4517                    
Sailor4518                    
Sailor4520                    
Sailor4521                    
Sailor4523                    
Sailor4524                    
Sailor4526                    
Sailor4527                    
Sailor4529                    
Sailor4530                    
Sailor4532                    
Sailor4533                    
Sailor4535                    
Sailor4536                    
Sailor4538                    
Sailor4539                    
Sailor4541                    
Sailor4542                    
Sailor4544                    
Sailor4545                    
Sailor4547                    
Sailor4548                    
Sailor4550                    
Sailor4551                    
Sailor4553                    
Sailor4554                    
Sailor4556                    
Sailor4557                    
Sailor4559                    
Sailor4560                    
Sailor4562                    
Sailor4563                    
Sailor4565                    
Sailor4566                    
Sailor4568                    
Sailor4569                    
Sailor4571                    
Sailor4572                    
Sailor4574                    
Sailor4575                    
Sailor4577                    
Sailor4578                    
Sailor4580                    
Sailor4581                    
Sailor4583                    
Sailor4584                    
Sailor4586                    
Sailor4587                    
Sailor4589                    
Sailor4590                    
Sailor4592                    
Sailor4593                    
Sailor4595                    
Sailor4596                    
Sailor4598                    
Sailor4599                    
Sailor4601                    
Sailor4602                    
Sailor4604                    
Sailor4605                    
Sailor4607                    
Sailor4608                    
Sailor4610                    
Sailor4611                    
Sailor4613                    
Sailor4614                    
Sailor4616                    
Sailor4617                    
Sailor4619                    
Sailor4620                    
Sailor4622                    
Sailor4623                    
Sailor4625                    
Sailor4626                    
Sailor4628                    
Sailor4629                    
Sailor4631                    
Sailor4632                    
Sailor4634                    
Sailor4635                    
Sailor4637                    
Sailor4638                    
Sailor4640                    
Sailor4641                    
Sailor4643                    
Sailor4644                    
Sailor4646                    
Sailor4647                    
Sailor4649                    
Sailor4650                    
Sailor4652                    
Sailor4653                    
Sailor4655                    
Sailor4656                    
Sailor4658                    
Sailor4659                    
Sailor4661                    
Sailor4662                    
Sailor4664                    
Sailor4665                    
Sailor4667                    
Sailor4668                    
Sailor4670                    
Sailor4671                    
Sailor4673                    
Sailor4674                    
Sailor4676                    
Sailor4677                    
Sailor4679                    
Sailor4680                    
Sailor4682                    
Sailor4683                    
Sailor4685                    
Sailor4686                    
Sailor4688                    
Sailor4689                    
Sailor4691                    
Sailor4692                    
Sailor4694                    
Sailor4695                    
Sailor4697                    
Sailor4698                    
Sailor4700                    
Sailor4701                    
Sailor4703                    
Sailor4704                    
Sailor4706                    
Sailor4707                    
Sailor4709                    
Sailor4710                    
Sailor4712                    
Sailor4713                    
Sailor4715                    
Sailor4716                    
Sailor4718                    
Sailor4719                    
Sailor4721                    
Sailor4722                    
Sailor4724                    
Sailor4725                    
Sailor4727                    
Sailor4728                    
Sailor4730                    
Sailor4731                    
Sailor4733                    
Sailor4734                    
Sailor4736                    
Sailor4737                    
Sailor4739                    
Sailor4740                    
Sailor4742                    
Sailor4743                    
Sailor4745                    
Sailor4746                    
Sailor4748                    
Sailor4749                    
Sailor4751                    
Sailor4752                    
Sailor4754                    
Sailor4755                    
Sailor4757                    
Sailor4758                    
Sailor4760                    
Sailor4761                    
Sailor4763                    
Sailor4764                    
Sailor4766                    
Sailor4767                    
Sailor4769                    
Sailor4770                    
Sailor4772                    
Sailor4773                    
Sailor4775                    
Sailor4776                    
Sailor4778                    
Sailor4779                    
Sailor4781                    
Sailor4782                    
Sailor4784                    
Sailor4785                    
Sailor4787                    
Sailor4788                    
Sailor4790                    
Sailor4791                    
Sailor4793                    
Sailor4794                    
Sailor4796                    
Sailor4797                    
Sailor4799                    
Sailor4800                    
Sailor4802                    
Sailor4803                    
Sailor4805                    
Sailor4806                    
Sailor4808                    
Sailor4809                    
Sailor4811                    
Sailor4812                    
Sailor4814                    
Sailor4815                    
Sailor4817                    
Sailor4818                    
Sailor4820                    
Sailor4821                    
Sailor4823                    
Sailor4824                    
Sailor4826                    
Sailor4827                    
Sailor4829                    
Sailor4830                    
Sailor4832                    
Sailor4833                    
Sailor4835                    
Sailor4836                    
Sailor4838                    
Sailor4839                    
Sailor4841                    
Sailor4842                    
Sailor4844                    
Sailor4845                    
Sailor4847                    
Sailor4848                    
Sailor4850                    
Sailor4851                    
Sailor4853                    
Sailor4854                    
Sailor4856                    
Sailor4857                    
Sailor4859                    
Sailor4860                    
Sailor4862                    
Sailor4863                    
Sailor4865                    
Sailor4866                    
Sailor4868                    
Sailor4869                    
Sailor4871                    
Sailor4872                    
Sailor4874                    
Sailor4875                    
Sailor4877                    
Sailor4878                    
Sailor4880                    
Sailor4881                    
Sailor4883                    
Sailor4884                    
Sailor4886                    
Sailor4887                    
Sailor4889                    
Sailor4890                    
Sailor4892                    
Sailor4893                    
Sailor4895                    
Sailor4896                    
Sailor4898                    
Sailor4899                    
Sailor4901                    
Sailor4902                    
Sailor4904                    
Sailor4905                    
Sailor4907                    
Sailor4908                    
Sailor4910                    
Sailor4911                    
Sailor4913                    
Sailor4914                    
Sailor4916                    
Sailor4917                    
Sailor4919                    
Sailor4920                    
Sailor4922                    
Sailor4923                    
Sailor4925                    
Sailor4926                    
Sailor4928                    
Sailor4929                    
Sailor4931                    
Sailor4932                    
Sailor4934                    
Sailor4935                    
Sailor4937                    
Sailor4938                    
Sailor4940                    
Sailor4941                    
Sailor4943                    
Sailor4944                    
Sailor4946                    
Sailor4947                    
Sailor4949                    
Sailor4950                    
Sailor4952                    
Sailor4953                    
Sailor4955                    
Sailor4956                    
Sailor4958                    
Sailor4959                    
Sailor4961                    
Sailor4962                    
Sailor4964                    
Sailor4965                    
Sailor4967                    
Sailor4968                    
Sailor4970                    
Sailor4971                    
Sailor4973                    
Sailor4974                    
Sailor4976                    
Sailor4977                    
Sailor4979                    
Sailor4980                    
Sailor4982                    
Sailor4983                    
Sailor4985                    
Sailor4986                    
Sailor4988                    
Sailor4989                    
Sailor4991                    
Sailor4992                    
Sailor4994                    
Sailor4995                    
Sailor4997                    
Sailor4998                    
Sailor5000                    
Sailor5001                    
Sailor5003                    
Sailor5004                    
Sailor5006                    
Sailor5007                    
Sailor5009                    
Sailor5010                    
Sailor5012                    
Sailor5013                    
Sailor5015                    
Sailor5016                    
Sailor5018                    
Sailor5019                    
Sailor5021                    
Sailor5022                    
Sailor5024                    
Sailor5025                    
Sailor5027                    
Sailor5028                    
Sailor5030                    
Sailor5031                    
Sailor5033                    
Sailor5034                    
Sailor5036                    
Sailor5037                    
Sailor5039                    
Sailor5040                    
Sailor5042                    
Sailor5043                    
Sailor5045                    
Sailor5046                    
Sailor5048                    
Sailor5049                    
Sailor5051                    
Sailor5052                    
Sailor5054                    
Sailor5055                    
Sailor5057                    
Sailor5058                    
Sailor5060                    
Sailor5061                    
Sailor5063                    
Sailor5064                    
Sailor5066                    
Sailor5067                    
Sailor5069                    
Sailor5070                    
Sailor5072                    
Sailor5073                    
Sailor5075                    
Sailor5076                    
Sailor5078                    
Sailor5079                    
Sailor5081                    
Sailor5082                    
Sailor5084                    
Sailor5085                    
Sailor5087                    
Sailor5088                    
Sailor5090                    
Sailor5091                    
Sailor5093                    
Sailor5094                    
Sailor5096                    
Sailor5097                    
Sailor5099                    
Sailor5100                    
Sailor5102                    
Sailor5103                    
Sailor5105                    
Sailor5106                    
Sailor5108                    
Sailor5109                    
Sailor5111                    
Sailor5112                    
Sailor5114                    
Sailor5115                    
Sailor5117                    
Sailor5118                    
Sailor5120                    
Sailor5121                    
Sailor5123                    
Sailor5124                    
Sailor5126                    
Sailor5127                    
Sailor5129                    
Sailor5130                    
Sailor5132                    
Sailor5133                    
Sailor5135                    
Sailor5136                    
Sailor5138                    
Sailor5139                    
Sailor5141                    
Sailor5142                    
Sailor5144                    
Sailor5145                    
Sailor5147                    
Sailor5148                    
Sailor5150                    
Sailor5151                    
Sailor5153                    
Sailor5154                    
Sailor5156                    
Sailor5157                    
Sailor5159                    
Sailor5160                    
Sailor5162                    
Sailor5163                    
Sailor5165                    
Sailor5166                    
Sailor5168                    
Sailor5169                    
Sailor5171                    
Sailor5172                    
Sailor5174                    
Sailor5175                    
Sailor5177                    
Sailor5178                    
Sailor5180                    
Sailor5181                    
Sailor5183                    
Sailor5184                    
Sailor5186                    
Sailor5187                    
Sailor5189                    
Sailor5190                    
Sailor5192                    
Sailor5193                    
Sailor5195                    
Sailor5196                    
Sailor5198                    
Sailor5199                    
Sailor5201                    
Sailor5202                    
Sailor5204                    
Sailor5205                    
Sailor5207                    
Sailor5208                    
Sailor5210                    
Sailor5211                    
Sailor5213                    
Sailor5214                    
Sailor5216                    
Sailor5217                    
Sailor5219                    
Sailor5220                    
Sailor5222                    
Sailor5223                    
Sailor5225                    
Sailor5226                    
Sailor5228                    
Sailor5229                    
Sailor5231                    
Sailor5232                    
Sailor5234                    
Sailor5235                    
Sailor5237                    
Sailor5238                    
Sailor5240                    
Sailor5241                    
Sailor5243                    
Sailor5244                    
Sailor5246                    
Sailor5247                    
Sailor5249                    
Sailor5250                    
Sailor5252                    
Sailor5253                    
Sailor5255                    
Sailor5256                    
Sailor5258                    
Sailor5259                    
Sailor5261                    
Sailor5262                    
Sailor5264                    
Sailor5265                    
Sailor5267                    
Sailor5268                    
Sailor5270                    
Sailor5271                    
Sailor5273                    
Sailor5274                    
Sailor5276                    
Sailor5277                    
Sailor5279                    
Sailor5280                    
Sailor5282                    
Sailor5283                    
Sailor5285                    
Sailor5286                    
Sailor5288                    
Sailor5289                    
Sailor5291                    
Sailor5292                    
Sailor5294                    
Sailor5295                    
Sailor5297                    
Sailor5298                    
Sailor5300                    
Sailor5301                    
Sailor5303                    
Sailor5304                    
Sailor5306                    
Sailor5307                    
Sailor5309                    
Sailor5310                    
Sailor5312                    
Sailor5313                    
Sailor5315                    
Sailor5316                    
Sailor5318                    
Sailor5319                    
Sailor5321                    
Sailor5322                    
Sailor5324                    
Sailor5325                    
Sailor5327                    
Sailor5328                    
Sailor5330                    
Sailor5331                    
Sailor5333                    
Sailor5334                    
Sailor5336                    
Sailor5337                    
Sailor5339                    
Sailor5340                    
Sailor5342                    
Sailor5343                    
Sailor5345                    
Sailor5346                    
Sailor5348                    
Sailor5349                    
Sailor5351                    
Sailor5352                    
Sailor5354                    
Sailor5355                    
Sailor5357                    
Sailor5358                    
Sailor5360                    
Sailor5361                    
Sailor5363                    
Sailor5364                    
Sailor5366                    
Sailor5367                    
Sailor5369                    
Sailor5370                    
Sailor5372                    
Sailor5373                    
Sailor5375                    
Sailor5376                    
Sailor5378                    
Sailor5379                    
Sailor5381                    
Sailor5382                    
Sailor5384                    
Sailor5385                    
Sailor5387                    
Sailor5388                    
Sailor5390                    
Sailor5391                    
Sailor5393                    
Sailor5394                    
Sailor5396                    
Sailor5397                    
Sailor5399                    
Sailor5400                    
Sailor5402                    
Sailor5403                    
Sailor5405                    
Sailor5406                    
Sailor5408                    
Sailor5409                    
Sailor5411                    
Sailor5412                    
Sailor5414                    
Sailor5415                    
Sailor5417                    
Sailor5418                    
Sailor5420                    
Sailor5421                    
Sailor5423                    
Sailor5424                    
Sailor5426                    
Sailor5427                    
Sailor5429                    
Sailor5430                    
Sailor5432                    
Sailor5433                    
Sailor5435                    
Sailor5436                    
Sailor5438                    
Sailor5439                    
Sailor5441                    
Sailor5442                    
Sailor5444                    
Sailor5445                    
Sailor5447                    
Sailor5448                    
Sailor5450                    
Sailor5451                    
Sailor5453                    
Sailor5454                    
Sailor5456                    
Sailor5457                    
Sailor5459                    
Sailor5460                    
Sailor5462                    
Sailor5463                    
Sailor5465                    
Sailor5466                    
Sailor5468                    
Sailor5469                    
Sailor5471                    
Sailor5472                    
Sailor5474                    
Sailor5475                    
Sailor5477                    
Sailor5478                    
Sailor5480                    
Sailor5481                    
Sailor5483                    
Sailor5484                    
Sailor5486                    
Sailor5487                    
Sailor5489                    
Sailor5490                    
Sailor5492                    
Sailor5493                    
Sailor5495                    
Sailor5496                    
Sailor5498                    
Sailor5499                    
Sailor5501                    
Sailor5502                    
Sailor5504                    
Sailor5505                    
Sailor5507                    
Sailor5508                    
Sailor5510                    
Sailor5511                    
Sailor5513                    
Sailor5514                    
Sailor5516                    
Sailor5517                    
Sailor5519                    
Sailor5520                    
Sailor5522                    
Sailor5523                    
Sailor5525                    
Sailor5526                    
Sailor5528                    
Sailor5529                    
Sailor5531                    
Sailor5532                    
Sailor5534                    
Sailor5535                    
Sailor5537                    
Sailor5538                    
Sailor5540                    
Sailor5541                    
Sailor5543                    
Sailor5544                    
Sailor5546                    
Sailor5547                    
Sailor5549                    
Sailor5550                    
Sailor5552                    
Sailor5553                    
Sailor5555                    
Sailor5556                    
Sailor5558                    
Sailor5559                    
Sailor5561                    
Sailor5562                    
Sailor5564                    
Sailor5565                    
Sailor5567                    
Sailor5568                    
Sailor5570                    
Sailor5571                    
Sailor5573                    
Sailor5574                    
Sailor5576                    
Sailor5577                    
Sailor5579                    
Sailor5580                    
Sailor5582                    
Sailor5583                    
Sailor5585                    
Sailor5586                    
Sailor5588                    
Sailor5589                    
Sailor5591                    
Sailor5592                    
Sailor5594                    
Sailor5595                    
Sailor5597                    
Sailor5598                    
Sailor5600                    
Sailor5601                    
Sailor5603                    
Sailor5604                    
Sailor5606                    
Sailor5607                    
Sailor5609                    
Sailor5610                    
Sailor5612                    
Sailor5613                    
Sailor5615                    
Sailor5616                    
Sailor5618                    
Sailor5619                    
Sailor5621                    
Sailor5622                    
Sailor5624                    
Sailor5625                    
Sailor5627                    
Sailor5628                    
Sailor5630                    
Sailor5631                    
Sailor5633                    
Sailor5634                    
Sailor5636                    
Sailor5637                    
Sailor5639                    
Sailor5640                    
Sailor5642                    
Sailor5643                    
Sailor5645                    
Sailor5646                    
Sailor5648                    
Sailor5649                    
Sailor5651                    
Sailor5652                    
Sailor5654                    
Sailor5655                    
Sailor5657                    
Sailor5658                    
Sailor5660                    
Sailor5661                    
Sailor5663                    
Sailor5664                    
Sailor5666                    
Sailor5667                    
Sailor5669                    
Sailor5670                    
Sailor5672                    
Sailor5673                    
Sailor5675                    
Sailor5676                    
Sailor5678                    
Sailor5679                    
Sailor5681                    
Sailor5682                    
Sailor5684                    
Sailor5685                    
Sailor5687                    
Sailor5688                    
Sailor5690                    
Sailor5691                    
Sailor5693                    
Sailor5694                    
Sailor5696                    
Sailor5697                    
Sailor5699                    
Sailor5700                    
Sailor5702                    
Sailor5703                    
Sailor5705                    
Sailor5706                    
Sailor5708                    
Sailor5709                    
Sailor5711                    
Sailor5712                    
Sailor5714                    
Sailor5715                    
Sailor5717                    
Sailor5718                    
Sailor5720                    
Sailor5721                    
Sailor5723                    
Sailor5724                    
Sailor5726                    
Sailor5727                    
Sailor5729                    
Sailor5730                    
Sailor5732                    
Sailor5733                    
Sailor5735                    
Sailor5736                    
Sailor5738                    
Sailor5739                    
Sailor5741                    
Sailor5742                    
Sailor5744                    
Sailor5745                    
Sailor5747                    
Sailor5748                    
Sailor5750                    
Sailor5751                    
Sailor5753                    
Sailor5754                    
Sailor5756                    
Sailor5757                    
Sailor5759                    
Sailor5760                    
Sailor5762                    
Sailor5763                    
Sailor5765                    
Sailor5766                    
Sailor5768                    
Sailor5769                    
Sailor5771                    
Sailor5772                    
Sailor5774                    
Sailor5775                    
Sailor5777                    
Sailor5778                    
Sailor5780                    
Sailor5781                    
Sailor5783                    
Sailor5784                    
Sailor5786                    
Sailor5787                    
Sailor5789                    
Sailor5790                    
Sailor5792                    
Sailor5793                    
Sailor5795                    
Sailor5796                    
Sailor5798                    
Sailor5799                    
Sailor5801                    
Sailor5802                    
Sailor5804                    
Sailor5805                    
Sailor5807                    
Sailor5808                    
Sailor5810                    
Sailor5811                    
Sailor5813                    
Sailor5814                    
Sailor5816                    
Sailor5817                    
Sailor5819                    
Sailor5820                    
Sailor5822                    
Sailor5823                    
Sailor5825                    
Sailor5826                    
Sailor5828                    
Sailor5829                    
Sailor5831                    
Sailor5832                    
Sailor5834                    
Sailor5835                    
Sailor5837                    
Sailor5838                    
Sailor5840                    
Sailor5841                    
Sailor5843                    
Sailor5844                    
Sailor5846                    
Sailor5847                    
Sailor5849                    
Sailor5850                    
Sailor5852                    
Sailor5853                    
Sailor5855                    
Sailor5856                    
Sailor5858                    
Sailor5859                    
Sailor5861                    
Sailor5862                    
Sailor5864                    
Sailor5865                    
Sailor5867                    
Sailor5868                    
Sailor5870                    
Sailor5871                    
Sailor5873                    
Sailor5874                    
Sailor5876                    
Sailor5877                    
Sailor5879                    
Sailor5880                    
Sailor5882                    
Sailor5883                    
Sailor5885                    
Sailor5886                    
Sailor5888                    
Sailor5889                    
Sailor5891                    
Sailor5892                    
Sailor5894                    
Sailor5895                    
Sailor5897                    
Sailor5898                    
Sailor5900                    
Sailor5901                    
Sailor5903                    
Sailor5904                    
Sailor5906                    
Sailor5907                    
Sailor5909                    
Sailor5910                    
Sailor5912                    
Sailor5913                    
Sailor5915                    
Sailor5916                    
Sailor5918                    
Sailor5919                    
Sailor5921                    
Sailor5922                    
Sailor5924                    
Sailor5925                    
Sailor5927                    
Sailor5928                    
Sailor5930                    
Sailor5931                    
Sailor5933                    
Sailor5934                    
Sailor5936                    
Sailor5937                    
Sailor5939                    
Sailor5940                    
Sailor5942                    
Sailor5943                    
Sailor5945                    
Sailor5946                    
Sailor5948                    
Sailor5949                    
Sailor5951                    
Sailor5952                    
Sailor5954                    
Sailor5955                    
Sailor5957                    
Sailor5958                    
Sailor5960                    
Sailor5961                    
Sailor5963                    
Sailor5964                    
Sailor5966                    
Sailor5967                    
Sailor5969                    
Sailor5970                    
Sailor5972                    
Sailor5973                    
Sailor5975                    
Sailor5976                    
Sailor5978                    
Sailor5979                    
Sailor5981                    
Sailor5982                    
Sailor5984                    
Sailor5985                    
Sailor5987                    
Sailor5988                    
Sailor5990                    
Sailor5991                    
Sailor5993                    
Sailor5994                    
Sailor5996                    
Sailor5997                    
Sailor5999                    
Sailor6000                    
Sailor6003                    
Sailor6006                    
Sailor6009                    
Sailor6012                    
Sailor6015                    
Sailor6018                    
Sailor6021                    
Sailor6024                    
Sailor6027                    
Sailor6030                    
Sailor6033                    
Sailor6036                    
Sailor6039                    
Sailor6042                    
Sailor6045                    
Sailor6048                    
Sailor6051                    
Sailor6054                    
Sailor6057                    
Sailor6060                    
Sailor6063                    
Sailor6066                    
Sailor6069                    
Sailor6072                    
Sailor6075                    
Sailor6078                    
Sailor6081                    
Sailor6084                    
Sailor6087                    
Sailor6090                    
Sailor6093                    
Sailor6096                    
Sailor6099                    
Sailor6102                    
Sailor6105                    
Sailor6108                    
Sailor6111                    
Sailor6114                    
Sailor6117                    
Sailor6120                    
Sailor6123                    
Sailor6126                    
Sailor6129                    
Sailor6132                    
Sailor6135                    
Sailor6138                    
Sailor6141                    
Sailor6144                    
Sailor6147                    
Sailor6150                    
Sailor6153                    
Sailor6156                    
Sailor6159                    
Sailor6162                    
Sailor6165                    
Sailor6168                    
Sailor6171                    
Sailor6174                    
Sailor6177                    
Sailor6180                    
Sailor6183                    
Sailor6186                    
Sailor6189                    
Sailor6192                    
Sailor6195                    
Sailor6198                    
Sailor6201                    
Sailor6204                    
Sailor6207                    
Sailor6210                    
Sailor6213                    
Sailor6216                    
Sailor6219                    
Sailor6222                    
Sailor6225                    
Sailor6228                    
Sailor6231                    
Sailor6234                    
Sailor6237                    
Sailor6240                    
Sailor6243                    
Sailor6246                    
Sailor6249                    
Sailor6252                    
Sailor6255                    
Sailor6258                    
Sailor6261                    
Sailor6264                    
Sailor6267                    
Sailor6270                    
Sailor6273                    
Sailor6276                    
Sailor6279                    
Sailor6282                    
Sailor6285                    
Sailor6288                    
Sailor6291                    
Sailor6294                    
Sailor6297                    
Sailor6300                    
Sailor6303                    
Sailor6306                    
Sailor6309                    
Sailor6312                    
Sailor6315                    
Sailor6318                    
Sailor6321                    
Sailor6324                    
Sailor6327                    
Sailor6330                    
Sailor6333                    
Sailor6336                    
Sailor6339                    
Sailor6342                    
Sailor6345                    
Sailor6348                    
Sailor6351                    
Sailor6354                    
Sailor6357                    
Sailor6360                    
Sailor6363                    
Sailor6366                    
Sailor6369                    
Sailor6372                    
Sailor6375                    
Sailor6378                    
Sailor6381                    
Sailor6384                    
Sailor6387                    
Sailor6390                    
Sailor6393                    
Sailor6396                    
Sailor6399                    
Sailor6402                    
Sailor6405                    
Sailor6408                    
Sailor6411                    
Sailor6414                    
Sailor6417                    
Sailor6420                    
Sailor6423                    
Sailor6426                    
Sailor6429                    
Sailor6432                    
Sailor6435                    
Sailor6438                    
Sailor6441                    
Sailor6444                    
Sailor6447                    
Sailor6450                    
Sailor6453                    
Sailor6456                    
Sailor6459                    
Sailor6462                    
Sailor6465                    
Sailor6468                    
Sailor6471                    
Sailor6474                    
Sailor6477                    
Sailor6480                    
Sailor6483                    
Sailor6486                    
Sailor6489                    
Sailor6492                    
Sailor6495                    
Sailor6498                    
Sailor6501                    
Sailor6504                    
Sailor6507                    
Sailor6510                    
Sailor6513                    
Sailor6516                    
Sailor6519                    
Sailor6522                    
Sailor6525                    
Sailor6528                    
Sailor6531                    
Sailor6534                    
Sailor6537                    
Sailor6540                    
Sailor6543                    
Sailor6546                    
Sailor6549                    
Sailor6552                    
Sailor6555                    
Sailor6558                    
Sailor6561                    
Sailor6564                    
Sailor6567                    
Sailor6570                    
Sailor6573                    
Sailor6576                    
Sailor6579                    
Sailor6582                    
Sailor6585                    
Sailor6588                    
Sailor6591                    
Sailor6594                    
Sailor6597                    
Sailor6600                    
Sailor6603                    
Sailor6606                    
Sailor6609                    
Sailor6612                    
Sailor6615                    
Sailor6618                    
Sailor6621                    
Sailor6624                    
Sailor6627                    
Sailor6630                    
Sailor6633                    
Sailor6636                    
Sailor6639                    
Sailor6642                    
Sailor6645                    
Sailor6648                    
Sailor6651                    
Sailor6654                    
Sailor6657                    
Sailor6660                    
Sailor6663                    
Sailor6666                    
Sailor6669                    
Sailor6672                    
Sailor6675                    
Sailor6678                    
Sailor6681                    
Sailor6684                    
Sailor6687                    
Sailor6690                    
Sailor6693                    
Sailor6696                    
Sailor6699                    
Sailor6702                    
Sailor6705                    
Sailor6708                    
Sailor6711                    
Sailor6714                    
Sailor6717                    
Sailor6720                    
Sailor6723                    
Sailor6726                    
Sailor6729                    
Sailor6732                    
Sailor6735                    
Sailor6738                    
Sailor6741                    
Sailor6744                    
Sailor6747                    
Sailor6750                    
Sailor6753                    
Sailor6756                    
Sailor6759                    
Sailor6762                    
Sailor6765                    
Sailor6768                    
Sailor6771                    
Sailor6774                    
Sailor6777                    
Sailor6780                    
Sailor6783                    
Sailor6786                    
Sailor6789                    
Sailor6792                    
Sailor6795                    
Sailor6798                    
Sailor6801                    
Sailor6804                    
Sailor6807                    
Sailor6810                    
Sailor6813                    
Sailor6816                    
Sailor6819                    
Sailor6822                    
Sailor6825                    
Sailor6828                    
Sailor6831                    
Sailor6834                    
Sailor6837                    
Sailor6840                    
Sailor6843                    
Sailor6846                    
Sailor6849                    
Sailor6852                    
Sailor6855                    
Sailor6858                    
Sailor6861                    
Sailor6864                    
Sailor6867                    
Sailor6870                    
Sailor6873                    
Sailor6876                    
Sailor6879                    
Sailor6882                    
Sailor6885                    
Sailor6888                    
Sailor6891                    
Sailor6894                    
Sailor6897                    
Sailor6900                    
Sailor6903                    
Sailor6906                    
Sailor6909                    
Sailor6912                    
Sailor6915                    
Sailor6918                    
Sailor6921                    
Sailor6924                    
Sailor6927                    
Sailor6930                    
Sailor6933                    
Sailor6936                    
Sailor6939                    
Sailor6942                    
Sailor6945                    
Sailor6948                    
Sailor6951                    
Sailor6954                    
Sailor6957                    
Sailor6960                    
Sailor6963                    
Sailor6966                    
Sailor6969                    
Sailor6972                    
Sailor6975                    
Sailor6978                    
Sailor6981                    
Sailor6984                    
Sailor6987                    
Sailor6990                    
Sailor6993                    
Sailor6996                    
Sailor6999                    
Sailor7002                    
Sailor7005                    
Sailor7008                    
Sailor7011                    
Sailor7014                    
Sailor7017                    
Sailor7020                    
Sailor7023                    
Sailor7026                    
Sailor7029                    
Sailor7032                    
Sailor7035                    
Sailor7038                    
Sailor7041                    
Sailor7044                    
Sailor7047                    
Sailor7050                    
Sailor7053                    
Sailor7056                    
Sailor7059                    
Sailor7062                    
Sailor7065                    
Sailor7068                    
Sailor7071                    
Sailor7074                    
Sailor7077                    
Sailor7080                    
Sailor7083                    
Sailor7086                    
Sailor7089                    
Sailor7092                    
Sailor7095                    
Sailor7098                    
Sailor7101                    
Sailor7104                    
Sailor7107                    
Sailor7110                    
Sailor7113                    
Sailor7116                    
Sailor7119                    
Sailor7122                    
Sailor7125                    
Sailor7128                    
Sailor7131                    
Sailor7134                    
Sailor7137                    
Sailor7140                    
Sailor7143                    
Sailor7146                    
Sailor7149                    
Sailor7152                    
Sailor7155                    
Sailor7158                    
Sailor7161                    
Sailor7164                    
Sailor7167                    
Sailor7170                    
Sailor7173                    
Sailor7176                    
Sailor7179                    
Sailor7182                    
Sailor7185                    
Sailor7188                    
Sailor7191                    
Sailor7194                    
Sailor7197                    
Sailor7200                    
Sailor7203                    
Sailor7206                    
Sailor7209                    
Sailor7212                    
Sailor7215                    
Sailor7218                    
Sailor7221                    
Sailor7224                    
Sailor7227                    
Sailor7230                    
Sailor7233                    
Sailor7236                    
Sailor7239                    
Sailor7242                    
Sailor7245                    
Sailor7248                    
Sailor7251                    
Sailor7254                    
Sailor7257                    
Sailor7260                    
Sailor7263                    
Sailor7266                    
Sailor7269                    
Sailor7272                    
Sailor7275                    
Sailor7278                    
Sailor7281                    
Sailor7284                    
Sailor7287                    
Sailor7290                    
Sailor7293                    
Sailor7296                    
Sailor7299                    
Sailor7302                    
Sailor7305                    
Sailor7308                    
Sailor7311                    
Sailor7314                    
Sailor7317                    
Sailor7320                    
Sailor7323                    
Sailor7326                    
Sailor7329                    
Sailor7332                    
Sailor7335                    
Sailor7338                    
Sailor7341                    
Sailor7344                    
Sailor7347                    
Sailor7350                    
Sailor7353                    
Sailor7356                    
Sailor7359                    
Sailor7362                    
Sailor7365                    
Sailor7368                    
Sailor7371                    
Sailor7374                    
Sailor7377                    
Sailor7380                    
Sailor7383                    
Sailor7386                    
Sailor7389                    
Sailor7392                    
Sailor7395                    
Sailor7398                    
Sailor7401                    
Sailor7404                    
Sailor7407                    
Sailor7410                    
Sailor7413                    
Sailor7416                    
Sailor7419                    
Sailor7422                    
Sailor7425                    
Sailor7428                    
Sailor7431                    
Sailor7434                    
Sailor7437                    
Sailor7440                    
Sailor7443                    
Sailor7446                    
Sailor7449                    
Sailor7452                    
Sailor7455                    
Sailor7458                    
Sailor7461                    
Sailor7464                    
Sailor7467                    
Sailor7470                    
Sailor7473                    
Sailor7476                    
Sailor7479                    
Sailor7482                    
Sailor7485                    
Sailor7488                    
Sailor7491                    
Sailor7494                    
Sailor7497                    
Sailor7500                    
Sailor7503                    
Sailor7506                    
Sailor7509                    
Sailor7512                    
Sailor7515                    
Sailor7518                    
Sailor7521                    
Sailor7524                    
Sailor7527                    
Sailor7530                    
Sailor7533                    
Sailor7536                    
Sailor7539                    
Sailor7542                    
Sailor7545                    
Sailor7548                    
Sailor7551                    
Sailor7554                    
Sailor7557                    
Sailor7560                    
Sailor7563                    
Sailor7566                    
Sailor7569                    
Sailor7572                    
Sailor7575                    
Sailor7578                    
Sailor7581                    
Sailor7584                    
Sailor7587                    
Sailor7590                    
Sailor7593                    
Sailor7596                    
Sailor7599                    
Sailor7602                    
Sailor7605                    
Sailor7608                    
Sailor7611                    
Sailor7614                    
Sailor7617                    
Sailor7620                    
Sailor7623                    
Sailor7626                    
Sailor7629                    
Sailor7632                    
Sailor7635                    
Sailor7638                    
Sailor7641                    
Sailor7644                    
Sailor7647                    
Sailor7650                    
Sailor7653                    
Sailor7656                    
Sailor7659                    
Sailor7662                    
Sailor7665                    
Sailor7668                    
Sailor7671                    
Sailor7674                    
Sailor7677                    
Sailor7680                    
Sailor7683                    
Sailor7686                    
Sailor7689                    
Sailor7692                    
Sailor7695                    
Sailor7698                    
Sailor7701                    
Sailor7704                    
Sailor7707                    
Sailor7710                    
Sailor7713                    
Sailor7716                    
Sailor7719                    
Sailor7722                    
Sailor7725                    
Sailor7728                    
Sailor7731                    
Sailor7734                    
Sailor7737                    
Sailor7740                    
Sailor7743                    
Sailor7746                    
Sailor7749                    
Sailor7752                    
Sailor7755                    
Sailor7758                    
Sailor7761                    
Sailor7764                    
Sailor7767                    
Sailor7770                    
Sailor7773                    
Sailor7776                    
Sailor7779                    
Sailor7782                    
Sailor7785                    
Sailor7788                    
Sailor7791                    
Sailor7794                    
Sailor7797                    
Sailor7800                    
Sailor7803                    
Sailor7806                    
Sailor7809                    
Sailor7812                    
Sailor7815                    
Sailor7818                    
Sailor7821                    
Sailor7824                    
Sailor7827                    
Sailor7830                    
Sailor7833                    
Sailor7836                    
Sailor7839                    
Sailor7842                    
Sailor7845                    
Sailor7848                    
Sailor7851                    
Sailor7854                    
Sailor7857                    
Sailor7860                    
Sailor7863                    
Sailor7866                    
Sailor7869                    
Sailor7872                    
Sailor7875                    
Sailor7878                    
Sailor7881                    
Sailor7884                    
Sailor7887                    
Sailor7890                    
Sailor7893                    
Sailor7896                    
Sailor7899                    
Sailor7902                    
Sailor7905                    
Sailor7908                    
Sailor7911                    
Sailor7914                    
Sailor7917                    
Sailor7920                    
Sailor7923                    
Sailor7926                    
Sailor7929                    
Sailor7932                    
Sailor7935                    
Sailor7938                    
Sailor7941                    
Sailor7944                    
Sailor7947                    
Sailor7950                    
Sailor7953                    
Sailor7956                    
Sailor7959                    
Sailor7962                    
Sailor7965                    
Sailor7968                    
Sailor7971                    
Sailor7974                    
Sailor7977                    
Sailor7980                    
Sailor7983                    
Sailor7986                    
Sailor7989                    
Sailor7992                    
Sailor7995                    
Sailor7998                    
Sailor8001                    
Sailor8004                    
Sailor8007                    
Sailor8010                    
Sailor8013                    
Sailor8016                    
Sailor8019                    
Sailor8022                    
Sailor8025                    
Sailor8028                    
Sailor8031                    
Sailor8034                    
Sailor8037                    
Sailor8040                    
Sailor8043                    
Sailor8046                    
Sailor8049                    
Sailor8052                    
Sailor8055                    
Sailor8058                    
Sailor8061                    
Sailor8064                    
Sailor8067                    
Sailor8070                    
Sailor8073                    
Sailor8076                    
Sailor8079                    
Sailor8082                    
Sailor8085                    
Sailor8088                    
Sailor8091                    
Sailor8094                    
Sailor8097                    
Sailor8100                    
Sailor8103                    
Sailor8106                    
Sailor8109                    
Sailor8112                    
Sailor8115                    
Sailor8118                    
Sailor8121                    
Sailor8124                    
Sailor8127                    
Sailor8130                    
Sailor8133                    
Sailor8136                    
Sailor8139                    
Sailor8142                    
Sailor8145                    
Sailor8148                    
Sailor8151                    
Sailor8154                    
Sailor8157                    
Sailor8160                    
Sailor8163                    
Sailor8166                    
Sailor8169                    
Sailor8172                    
Sailor8175                    
Sailor8178                    
Sailor8181                    
Sailor8184                    
Sailor8187                    
Sailor8190                    
Sailor8193                    
Sailor8196                    
Sailor8199                    
Sailor8202                    
Sailor8205                    
Sailor8208                    
Sailor8211                    
Sailor8214                    
Sailor8217                    
Sailor8220                    
Sailor8223                    
Sailor8226                    
Sailor8229                    
Sailor8232                    
Sailor8235                    
Sailor8238                    
Sailor8241                    
Sailor8244                    
Sailor8247                    
Sailor8250                    
Sailor8253                    
Sailor8256                    
Sailor8259                    
Sailor8262                    
Sailor8265                    
Sailor8268                    
Sailor8271                    
Sailor8274                    
Sailor8277                    
Sailor8280                    
Sailor8283                    
Sailor8286                    
Sailor8289                    
Sailor8292                    
Sailor8295                    
Sailor8298                    
Sailor8301                    
Sailor8304                    
Sailor8307                    
Sailor8310                    
Sailor8313                    
Sailor8316                    
Sailor8319                    
Sailor8322                    
Sailor8325                    
Sailor8328                    
Sailor8331                    
Sailor8334                    
Sailor8337                    
Sailor8340                    
Sailor8343                    
Sailor8346                    
Sailor8349                    
Sailor8352                    
Sailor8355                    
Sailor8358                    
Sailor8361                    
Sailor8364                    
Sailor8367                    
Sailor8370                    
Sailor8373                    
Sailor8376                    
Sailor8379                    
Sailor8382                    
Sailor8385                    
Sailor8388                    
Sailor8391                    
Sailor8394                    
Sailor8397                    
Sailor8400                    
Sailor8403                    
Sailor8406                    
Sailor8409                    
Sailor8412                    
Sailor8415                    
Sailor8418                    
Sailor8421                    
Sailor8424                    
Sailor8427                    
Sailor8430                    
Sailor8433                    
Sailor8436                    
Sailor8439                    
Sailor8442                    
Sailor8445                    
Sailor8448                    
Sailor8451                    
Sailor8454                    
Sailor8457                    
Sailor8460                    
Sailor8463                    
Sailor8466                    
Sailor8469                    
Sailor8472                    
Sailor8475                    
Sailor8478                    
Sailor8481                    
Sailor8484                    
Sailor8487                    
Sailor8490                    
Sailor8493                    
Sailor8496                    
Sailor8499                    
Sailor8504                    
Sailor8507                    
Sailor8510                    
Sailor8513                    
Sailor8516                    
Sailor8519                    
Sailor8522                    
Sailor8525                    
Sailor8528                    
Sailor8531                    
Sailor8534                    
Sailor8537                    
Sailor8540                    
Sailor8543                    
Sailor8546                    
Sailor8549                    
Sailor8552                    
Sailor8555                    
Sailor8558                    
Sailor8561                    
Sailor8564                    
Sailor8567                    
Sailor8570                    
Sailor8573                    
Sailor8576                    
Sailor8579                    
Sailor8582                    
Sailor8585                    
Sailor8588                    
Sailor8591                    
Sailor8594                    
Sailor8597                    
Sailor8600                    
Sailor8603                    
Sailor8606                    
Sailor8609                    
Sailor8612                    
Sailor8615                    
Sailor8618                    
Sailor8621                    
Sailor8624                    
Sailor8627                    
Sailor8630                    
Sailor8633                    
Sailor8636                    
Sailor8639                    
Sailor8642                    
Sailor8645                    
Sailor8648                    
Sailor8651                    
Sailor8654                    
Sailor8657                    
Sailor8660                    
Sailor8663                    
Sailor8666                    
Sailor8669                    
Sailor8672                    
Sailor8675                    
Sailor8678                    
Sailor8681                    
Sailor8684                    
Sailor8687                    
Sailor8690                    
Sailor8693                    
Sailor8696                    
Sailor8699                    
Sailor8702                    
Sailor8705                    
Sailor8708                    
Sailor8711                    
Sailor8714                    
Sailor8717                    
Sailor8720                    
Sailor8723                    
Sailor8726                    
Sailor8729                    
Sailor8732                    
Sailor8735                    
Sailor8738                    
Sailor8741                    
Sailor8744                    
Sailor8747                    
Sailor8750                    
Sailor8753                    
Sailor8756                    
Sailor8759                    
Sailor8762                    
Sailor8765                    
Sailor8768                    
Sailor8771                    
Sailor8774                    
Sailor8777                    
Sailor8780                    
Sailor8783                    
Sailor8786                    
Sailor8789                    
Sailor8792                    
Sailor8795                    
Sailor8798                    
Sailor8801                    
Sailor8804                    
Sailor8807                    
Sailor8810                    
Sailor8813                    
Sailor8816                    
Sailor8819                    
Sailor8822                    
Sailor8825                    
Sailor8828                    
Sailor8831                    
Sailor8834                    
Sailor8837                    
Sailor8840                    
Sailor8843                    
Sailor8846                    
Sailor8849                    
Sailor8852                    
Sailor8855                    
Sailor8858                    
Sailor8861                    
Sailor8864                    
Sailor8867                    
Sailor8870                    
Sailor8873                    
Sailor8876                    
Sailor8879                    
Sailor8882                    
Sailor8885                    
Sailor8888                    
Sailor8891                    
Sailor8894                    
Sailor8897                    
Sailor8900                    
Sailor8903                    
Sailor8906                    
Sailor8909                    
Sailor8912                    
Sailor8915                    
Sailor8918                    
Sailor8921                    
Sailor8924                    
Sailor8927                    
Sailor8930                    
Sailor8933                    
Sailor8936                    
Sailor8939                    
Sailor8942                    
Sailor8945                    
Sailor8948                    
Sailor8951                    
Sailor8954                    
Sailor8957                    
Sailor8960                    
Sailor8963                    
Sailor8966                    
Sailor8969                    
Sailor8972                    
Sailor8975                    
Sailor8978                    
Sailor8981                    
Sailor8984                    
Sailor8987                    
Sailor8990                    
Sailor8993                    
Sailor8996                    
Sailor8999                    


End of Results
The Size of the Result Set = 4998

##############################


------------------------------

Indicies Configuration #1:
No Indicies Used

------------------------------

1. The Total Cost of the Plan = 653.17
2. The Estimated Size of the Result Set = 5000
3. The Plan of the Query:
{
  "Total Cost": 653.17,
  "Plans": [
    {
      "Parent Relationship": "Outer",
      "Total Cost": 165.0,
      "Relation Name": "sailors",
      "Parallel Aware": false,
      "Alias": "s",
      "Node Type": "Seq Scan",
      "Plan Width": 25,
      "Startup Cost": 0.0,
      "Plan Rows": 9000
    },
    {
      "Parent Relationship": "Inner",
      "Total Cost": 346.42,
      "Plans": [
        {
          "Parent Relationship": "Outer",
          "Total Cost": 346.42,
          "Plans": [
            {
              "Parent Relationship": "Outer",
              "Total Cost": 231.99,
              "Relation Name": "reserves",
              "Parallel Aware": false,
              "Alias": "r",
              "Node Type": "Seq Scan",
              "Plan Width": 8,
              "Startup Cost": 0.0,
              "Plan Rows": 14999
            },
            {
              "Parent Relationship": "Inner",
              "Total Cost": 62.5,
              "Plans": [
                {
                  "Parent Relationship": "Outer",
                  "Total Cost": 62.5,
                  "Relation Name": "boat",
                  "Parallel Aware": false,
                  "Filter": "(color \u003d \u0027red\u0027::bpchar)",
                  "Alias": "b",
                  "Node Type": "Seq Scan",
                  "Plan Width": 4,
                  "Startup Cost": 0.0,
                  "Plan Rows": 1000
                }
              ],
              "Parallel Aware": false,
              "Node Type": "Hash",
              "Plan Width": 4,
              "Startup Cost": 62.5,
              "Plan Rows": 1000
            }
          ],
          "Parallel Aware": false,
          "Node Type": "Hash Join",
          "Join Type": "Inner",
          "Plan Width": 4,
          "Startup Cost": 75.0,
          "Hash Cond": "(r.bid \u003d b.bid)",
          "Plan Rows": 5000,
          "Inner Unique": true
        }
      ],
      "Parallel Aware": false,
      "Node Type": "Hash",
      "Plan Width": 4,
      "Startup Cost": 346.42,
      "Plan Rows": 5000
    }
  ],
  "Parallel Aware": false,
  "Node Type": "Hash Join",
  "Join Type": "Semi",
  "Plan Width": 21,
  "Startup Cost": 408.92,
  "Hash Cond": "(s.sid \u003d r.sid)",
  "Plan Rows": 5000,
  "Inner Unique": false
}

------------------------------

Indicies Configuration #2:
Index btree on column color in table boat

------------------------------

1. The Total Cost of the Plan = 653.17
2. The Estimated Size of the Result Set = 5000
3. The Plan of the Query:
{
  "Total Cost": 653.17,
  "Plans": [
    {
      "Parent Relationship": "Outer",
      "Total Cost": 165.0,
      "Relation Name": "sailors",
      "Parallel Aware": false,
      "Alias": "s",
      "Node Type": "Seq Scan",
      "Plan Width": 25,
      "Startup Cost": 0.0,
      "Plan Rows": 9000
    },
    {
      "Parent Relationship": "Inner",
      "Total Cost": 346.42,
      "Plans": [
        {
          "Parent Relationship": "Outer",
          "Total Cost": 346.42,
          "Plans": [
            {
              "Parent Relationship": "Outer",
              "Total Cost": 231.99,
              "Relation Name": "reserves",
              "Parallel Aware": false,
              "Alias": "r",
              "Node Type": "Seq Scan",
              "Plan Width": 8,
              "Startup Cost": 0.0,
              "Plan Rows": 14999
            },
            {
              "Parent Relationship": "Inner",
              "Total Cost": 62.5,
              "Plans": [
                {
                  "Parent Relationship": "Outer",
                  "Total Cost": 62.5,
                  "Relation Name": "boat",
                  "Parallel Aware": false,
                  "Filter": "(color \u003d \u0027red\u0027::bpchar)",
                  "Alias": "b",
                  "Node Type": "Seq Scan",
                  "Plan Width": 4,
                  "Startup Cost": 0.0,
                  "Plan Rows": 1000
                }
              ],
              "Parallel Aware": false,
              "Node Type": "Hash",
              "Plan Width": 4,
              "Startup Cost": 62.5,
              "Plan Rows": 1000
            }
          ],
          "Parallel Aware": false,
          "Node Type": "Hash Join",
          "Join Type": "Inner",
          "Plan Width": 4,
          "Startup Cost": 75.0,
          "Hash Cond": "(r.bid \u003d b.bid)",
          "Plan Rows": 5000,
          "Inner Unique": true
        }
      ],
      "Parallel Aware": false,
      "Node Type": "Hash",
      "Plan Width": 4,
      "Startup Cost": 346.42,
      "Plan Rows": 5000
    }
  ],
  "Parallel Aware": false,
  "Node Type": "Hash Join",
  "Join Type": "Semi",
  "Plan Width": 21,
  "Startup Cost": 408.92,
  "Hash Cond": "(s.sid \u003d r.sid)",
  "Plan Rows": 5000,
  "Inner Unique": false
}

------------------------------

Indicies Configuration #3:
Index hash on column color in table boat

------------------------------

1. The Total Cost of the Plan = 653.17
2. The Estimated Size of the Result Set = 5000
3. The Plan of the Query:
{
  "Total Cost": 653.17,
  "Plans": [
    {
      "Parent Relationship": "Outer",
      "Total Cost": 165.0,
      "Relation Name": "sailors",
      "Parallel Aware": false,
      "Alias": "s",
      "Node Type": "Seq Scan",
      "Plan Width": 25,
      "Startup Cost": 0.0,
      "Plan Rows": 9000
    },
    {
      "Parent Relationship": "Inner",
      "Total Cost": 346.42,
      "Plans": [
        {
          "Parent Relationship": "Outer",
          "Total Cost": 346.42,
          "Plans": [
            {
              "Parent Relationship": "Outer",
              "Total Cost": 231.99,
              "Relation Name": "reserves",
              "Parallel Aware": false,
              "Alias": "r",
              "Node Type": "Seq Scan",
              "Plan Width": 8,
              "Startup Cost": 0.0,
              "Plan Rows": 14999
            },
            {
              "Parent Relationship": "Inner",
              "Total Cost": 62.5,
              "Plans": [
                {
                  "Parent Relationship": "Outer",
                  "Total Cost": 62.5,
                  "Relation Name": "boat",
                  "Parallel Aware": false,
                  "Filter": "(color \u003d \u0027red\u0027::bpchar)",
                  "Alias": "b",
                  "Node Type": "Seq Scan",
                  "Plan Width": 4,
                  "Startup Cost": 0.0,
                  "Plan Rows": 1000
                }
              ],
              "Parallel Aware": false,
              "Node Type": "Hash",
              "Plan Width": 4,
              "Startup Cost": 62.5,
              "Plan Rows": 1000
            }
          ],
          "Parallel Aware": false,
          "Node Type": "Hash Join",
          "Join Type": "Inner",
          "Plan Width": 4,
          "Startup Cost": 75.0,
          "Hash Cond": "(r.bid \u003d b.bid)",
          "Plan Rows": 5000,
          "Inner Unique": true
        }
      ],
      "Parallel Aware": false,
      "Node Type": "Hash",
      "Plan Width": 4,
      "Startup Cost": 346.42,
      "Plan Rows": 5000
    }
  ],
  "Parallel Aware": false,
  "Node Type": "Hash Join",
  "Join Type": "Semi",
  "Plan Width": 21,
  "Startup Cost": 408.92,
  "Hash Cond": "(s.sid \u003d r.sid)",
  "Plan Rows": 5000,
  "Inner Unique": false
}

------------------------------

Indicies Configuration #4:
Index btree on column bid in table reserves

------------------------------

1. The Total Cost of the Plan = 653.17
2. The Estimated Size of the Result Set = 5000
3. The Plan of the Query:
{
  "Total Cost": 653.17,
  "Plans": [
    {
      "Parent Relationship": "Outer",
      "Total Cost": 165.0,
      "Relation Name": "sailors",
      "Parallel Aware": false,
      "Alias": "s",
      "Node Type": "Seq Scan",
      "Plan Width": 25,
      "Startup Cost": 0.0,
      "Plan Rows": 9000
    },
    {
      "Parent Relationship": "Inner",
      "Total Cost": 346.42,
      "Plans": [
        {
          "Parent Relationship": "Outer",
          "Total Cost": 346.42,
          "Plans": [
            {
              "Parent Relationship": "Outer",
              "Total Cost": 231.99,
              "Relation Name": "reserves",
              "Parallel Aware": false,
              "Alias": "r",
              "Node Type": "Seq Scan",
              "Plan Width": 8,
              "Startup Cost": 0.0,
              "Plan Rows": 14999
            },
            {
              "Parent Relationship": "Inner",
              "Total Cost": 62.5,
              "Plans": [
                {
                  "Parent Relationship": "Outer",
                  "Total Cost": 62.5,
                  "Relation Name": "boat",
                  "Parallel Aware": false,
                  "Filter": "(color \u003d \u0027red\u0027::bpchar)",
                  "Alias": "b",
                  "Node Type": "Seq Scan",
                  "Plan Width": 4,
                  "Startup Cost": 0.0,
                  "Plan Rows": 1000
                }
              ],
              "Parallel Aware": false,
              "Node Type": "Hash",
              "Plan Width": 4,
              "Startup Cost": 62.5,
              "Plan Rows": 1000
            }
          ],
          "Parallel Aware": false,
          "Node Type": "Hash Join",
          "Join Type": "Inner",
          "Plan Width": 4,
          "Startup Cost": 75.0,
          "Hash Cond": "(r.bid \u003d b.bid)",
          "Plan Rows": 5000,
          "Inner Unique": true
        }
      ],
      "Parallel Aware": false,
      "Node Type": "Hash",
      "Plan Width": 4,
      "Startup Cost": 346.42,
      "Plan Rows": 5000
    }
  ],
  "Parallel Aware": false,
  "Node Type": "Hash Join",
  "Join Type": "Semi",
  "Plan Width": 21,
  "Startup Cost": 408.92,
  "Hash Cond": "(s.sid \u003d r.sid)",
  "Plan Rows": 5000,
  "Inner Unique": false
}

------------------------------

Indicies Configuration #5:
Index btree on column bid in table reserves
Index btree on column color in table boat

------------------------------

1. The Total Cost of the Plan = 653.17
2. The Estimated Size of the Result Set = 5000
3. The Plan of the Query:
{
  "Total Cost": 653.17,
  "Plans": [
    {
      "Parent Relationship": "Outer",
      "Total Cost": 165.0,
      "Relation Name": "sailors",
      "Parallel Aware": false,
      "Alias": "s",
      "Node Type": "Seq Scan",
      "Plan Width": 25,
      "Startup Cost": 0.0,
      "Plan Rows": 9000
    },
    {
      "Parent Relationship": "Inner",
      "Total Cost": 346.42,
      "Plans": [
        {
          "Parent Relationship": "Outer",
          "Total Cost": 346.42,
          "Plans": [
            {
              "Parent Relationship": "Outer",
              "Total Cost": 231.99,
              "Relation Name": "reserves",
              "Parallel Aware": false,
              "Alias": "r",
              "Node Type": "Seq Scan",
              "Plan Width": 8,
              "Startup Cost": 0.0,
              "Plan Rows": 14999
            },
            {
              "Parent Relationship": "Inner",
              "Total Cost": 62.5,
              "Plans": [
                {
                  "Parent Relationship": "Outer",
                  "Total Cost": 62.5,
                  "Relation Name": "boat",
                  "Parallel Aware": false,
                  "Filter": "(color \u003d \u0027red\u0027::bpchar)",
                  "Alias": "b",
                  "Node Type": "Seq Scan",
                  "Plan Width": 4,
                  "Startup Cost": 0.0,
                  "Plan Rows": 1000
                }
              ],
              "Parallel Aware": false,
              "Node Type": "Hash",
              "Plan Width": 4,
              "Startup Cost": 62.5,
              "Plan Rows": 1000
            }
          ],
          "Parallel Aware": false,
          "Node Type": "Hash Join",
          "Join Type": "Inner",
          "Plan Width": 4,
          "Startup Cost": 75.0,
          "Hash Cond": "(r.bid \u003d b.bid)",
          "Plan Rows": 5000,
          "Inner Unique": true
        }
      ],
      "Parallel Aware": false,
      "Node Type": "Hash",
      "Plan Width": 4,
      "Startup Cost": 346.42,
      "Plan Rows": 5000
    }
  ],
  "Parallel Aware": false,
  "Node Type": "Hash Join",
  "Join Type": "Semi",
  "Plan Width": 21,
  "Startup Cost": 408.92,
  "Hash Cond": "(s.sid \u003d r.sid)",
  "Plan Rows": 5000,
  "Inner Unique": false
}

------------------------------

Indicies Configuration #6:
Index btree on column bid in table reserves
Index hash on column color in table boat

------------------------------

1. The Total Cost of the Plan = 653.17
2. The Estimated Size of the Result Set = 5000
3. The Plan of the Query:
{
  "Total Cost": 653.17,
  "Plans": [
    {
      "Parent Relationship": "Outer",
      "Total Cost": 165.0,
      "Relation Name": "sailors",
      "Parallel Aware": false,
      "Alias": "s",
      "Node Type": "Seq Scan",
      "Plan Width": 25,
      "Startup Cost": 0.0,
      "Plan Rows": 9000
    },
    {
      "Parent Relationship": "Inner",
      "Total Cost": 346.42,
      "Plans": [
        {
          "Parent Relationship": "Outer",
          "Total Cost": 346.42,
          "Plans": [
            {
              "Parent Relationship": "Outer",
              "Total Cost": 231.99,
              "Relation Name": "reserves",
              "Parallel Aware": false,
              "Alias": "r",
              "Node Type": "Seq Scan",
              "Plan Width": 8,
              "Startup Cost": 0.0,
              "Plan Rows": 14999
            },
            {
              "Parent Relationship": "Inner",
              "Total Cost": 62.5,
              "Plans": [
                {
                  "Parent Relationship": "Outer",
                  "Total Cost": 62.5,
                  "Relation Name": "boat",
                  "Parallel Aware": false,
                  "Filter": "(color \u003d \u0027red\u0027::bpchar)",
                  "Alias": "b",
                  "Node Type": "Seq Scan",
                  "Plan Width": 4,
                  "Startup Cost": 0.0,
                  "Plan Rows": 1000
                }
              ],
              "Parallel Aware": false,
              "Node Type": "Hash",
              "Plan Width": 4,
              "Startup Cost": 62.5,
              "Plan Rows": 1000
            }
          ],
          "Parallel Aware": false,
          "Node Type": "Hash Join",
          "Join Type": "Inner",
          "Plan Width": 4,
          "Startup Cost": 75.0,
          "Hash Cond": "(r.bid \u003d b.bid)",
          "Plan Rows": 5000,
          "Inner Unique": true
        }
      ],
      "Parallel Aware": false,
      "Node Type": "Hash",
      "Plan Width": 4,
      "Startup Cost": 346.42,
      "Plan Rows": 5000
    }
  ],
  "Parallel Aware": false,
  "Node Type": "Hash Join",
  "Join Type": "Semi",
  "Plan Width": 21,
  "Startup Cost": 408.92,
  "Hash Cond": "(s.sid \u003d r.sid)",
  "Plan Rows": 5000,
  "Inner Unique": false
}

------------------------------

Indicies Configuration #7:
Index hash on column bid in table reserves

------------------------------

1. The Total Cost of the Plan = 653.17
2. The Estimated Size of the Result Set = 5000
3. The Plan of the Query:
{
  "Total Cost": 653.17,
  "Plans": [
    {
      "Parent Relationship": "Outer",
      "Total Cost": 165.0,
      "Relation Name": "sailors",
      "Parallel Aware": false,
      "Alias": "s",
      "Node Type": "Seq Scan",
      "Plan Width": 25,
      "Startup Cost": 0.0,
      "Plan Rows": 9000
    },
    {
      "Parent Relationship": "Inner",
      "Total Cost": 346.42,
      "Plans": [
        {
          "Parent Relationship": "Outer",
          "Total Cost": 346.42,
          "Plans": [
            {
              "Parent Relationship": "Outer",
              "Total Cost": 231.99,
              "Relation Name": "reserves",
              "Parallel Aware": false,
              "Alias": "r",
              "Node Type": "Seq Scan",
              "Plan Width": 8,
              "Startup Cost": 0.0,
              "Plan Rows": 14999
            },
            {
              "Parent Relationship": "Inner",
              "Total Cost": 62.5,
              "Plans": [
                {
                  "Parent Relationship": "Outer",
                  "Total Cost": 62.5,
                  "Relation Name": "boat",
                  "Parallel Aware": false,
                  "Filter": "(color \u003d \u0027red\u0027::bpchar)",
                  "Alias": "b",
                  "Node Type": "Seq Scan",
                  "Plan Width": 4,
                  "Startup Cost": 0.0,
                  "Plan Rows": 1000
                }
              ],
              "Parallel Aware": false,
              "Node Type": "Hash",
              "Plan Width": 4,
              "Startup Cost": 62.5,
              "Plan Rows": 1000
            }
          ],
          "Parallel Aware": false,
          "Node Type": "Hash Join",
          "Join Type": "Inner",
          "Plan Width": 4,
          "Startup Cost": 75.0,
          "Hash Cond": "(r.bid \u003d b.bid)",
          "Plan Rows": 5000,
          "Inner Unique": true
        }
      ],
      "Parallel Aware": false,
      "Node Type": "Hash",
      "Plan Width": 4,
      "Startup Cost": 346.42,
      "Plan Rows": 5000
    }
  ],
  "Parallel Aware": false,
  "Node Type": "Hash Join",
  "Join Type": "Semi",
  "Plan Width": 21,
  "Startup Cost": 408.92,
  "Hash Cond": "(s.sid \u003d r.sid)",
  "Plan Rows": 5000,
  "Inner Unique": false
}

------------------------------

Indicies Configuration #8:
Index hash on column bid in table reserves
Index btree on column color in table boat

------------------------------

1. The Total Cost of the Plan = 653.17
2. The Estimated Size of the Result Set = 5000
3. The Plan of the Query:
{
  "Total Cost": 653.17,
  "Plans": [
    {
      "Parent Relationship": "Outer",
      "Total Cost": 165.0,
      "Relation Name": "sailors",
      "Parallel Aware": false,
      "Alias": "s",
      "Node Type": "Seq Scan",
      "Plan Width": 25,
      "Startup Cost": 0.0,
      "Plan Rows": 9000
    },
    {
      "Parent Relationship": "Inner",
      "Total Cost": 346.42,
      "Plans": [
        {
          "Parent Relationship": "Outer",
          "Total Cost": 346.42,
          "Plans": [
            {
              "Parent Relationship": "Outer",
              "Total Cost": 231.99,
              "Relation Name": "reserves",
              "Parallel Aware": false,
              "Alias": "r",
              "Node Type": "Seq Scan",
              "Plan Width": 8,
              "Startup Cost": 0.0,
              "Plan Rows": 14999
            },
            {
              "Parent Relationship": "Inner",
              "Total Cost": 62.5,
              "Plans": [
                {
                  "Parent Relationship": "Outer",
                  "Total Cost": 62.5,
                  "Relation Name": "boat",
                  "Parallel Aware": false,
                  "Filter": "(color \u003d \u0027red\u0027::bpchar)",
                  "Alias": "b",
                  "Node Type": "Seq Scan",
                  "Plan Width": 4,
                  "Startup Cost": 0.0,
                  "Plan Rows": 1000
                }
              ],
              "Parallel Aware": false,
              "Node Type": "Hash",
              "Plan Width": 4,
              "Startup Cost": 62.5,
              "Plan Rows": 1000
            }
          ],
          "Parallel Aware": false,
          "Node Type": "Hash Join",
          "Join Type": "Inner",
          "Plan Width": 4,
          "Startup Cost": 75.0,
          "Hash Cond": "(r.bid \u003d b.bid)",
          "Plan Rows": 5000,
          "Inner Unique": true
        }
      ],
      "Parallel Aware": false,
      "Node Type": "Hash",
      "Plan Width": 4,
      "Startup Cost": 346.42,
      "Plan Rows": 5000
    }
  ],
  "Parallel Aware": false,
  "Node Type": "Hash Join",
  "Join Type": "Semi",
  "Plan Width": 21,
  "Startup Cost": 408.92,
  "Hash Cond": "(s.sid \u003d r.sid)",
  "Plan Rows": 5000,
  "Inner Unique": false
}

------------------------------

Indicies Configuration #9:
Index hash on column bid in table reserves
Index hash on column color in table boat

------------------------------

1. The Total Cost of the Plan = 653.17
2. The Estimated Size of the Result Set = 5000
3. The Plan of the Query:
{
  "Total Cost": 653.17,
  "Plans": [
    {
      "Parent Relationship": "Outer",
      "Total Cost": 165.0,
      "Relation Name": "sailors",
      "Parallel Aware": false,
      "Alias": "s",
      "Node Type": "Seq Scan",
      "Plan Width": 25,
      "Startup Cost": 0.0,
      "Plan Rows": 9000
    },
    {
      "Parent Relationship": "Inner",
      "Total Cost": 346.42,
      "Plans": [
        {
          "Parent Relationship": "Outer",
          "Total Cost": 346.42,
          "Plans": [
            {
              "Parent Relationship": "Outer",
              "Total Cost": 231.99,
              "Relation Name": "reserves",
              "Parallel Aware": false,
              "Alias": "r",
              "Node Type": "Seq Scan",
              "Plan Width": 8,
              "Startup Cost": 0.0,
              "Plan Rows": 14999
            },
            {
              "Parent Relationship": "Inner",
              "Total Cost": 62.5,
              "Plans": [
                {
                  "Parent Relationship": "Outer",
                  "Total Cost": 62.5,
                  "Relation Name": "boat",
                  "Parallel Aware": false,
                  "Filter": "(color \u003d \u0027red\u0027::bpchar)",
                  "Alias": "b",
                  "Node Type": "Seq Scan",
                  "Plan Width": 4,
                  "Startup Cost": 0.0,
                  "Plan Rows": 1000
                }
              ],
              "Parallel Aware": false,
              "Node Type": "Hash",
              "Plan Width": 4,
              "Startup Cost": 62.5,
              "Plan Rows": 1000
            }
          ],
          "Parallel Aware": false,
          "Node Type": "Hash Join",
          "Join Type": "Inner",
          "Plan Width": 4,
          "Startup Cost": 75.0,
          "Hash Cond": "(r.bid \u003d b.bid)",
          "Plan Rows": 5000,
          "Inner Unique": true
        }
      ],
      "Parallel Aware": false,
      "Node Type": "Hash",
      "Plan Width": 4,
      "Startup Cost": 346.42,
      "Plan Rows": 5000
    }
  ],
  "Parallel Aware": false,
  "Node Type": "Hash Join",
  "Join Type": "Semi",
  "Plan Width": 21,
  "Startup Cost": 408.92,
  "Hash Cond": "(s.sid \u003d r.sid)",
  "Plan Rows": 5000,
  "Inner Unique": false
}

------------------------------

Indicies Configuration #10:
Index btree on column sid in table sailors

------------------------------

1. The Total Cost of the Plan = 653.17
2. The Estimated Size of the Result Set = 5000
3. The Plan of the Query:
{
  "Total Cost": 653.17,
  "Plans": [
    {
      "Parent Relationship": "Outer",
      "Total Cost": 165.0,
      "Relation Name": "sailors",
      "Parallel Aware": false,
      "Alias": "s",
      "Node Type": "Seq Scan",
      "Plan Width": 25,
      "Startup Cost": 0.0,
      "Plan Rows": 9000
    },
    {
      "Parent Relationship": "Inner",
      "Total Cost": 346.42,
      "Plans": [
        {
          "Parent Relationship": "Outer",
          "Total Cost": 346.42,
          "Plans": [
            {
              "Parent Relationship": "Outer",
              "Total Cost": 231.99,
              "Relation Name": "reserves",
              "Parallel Aware": false,
              "Alias": "r",
              "Node Type": "Seq Scan",
              "Plan Width": 8,
              "Startup Cost": 0.0,
              "Plan Rows": 14999
            },
            {
              "Parent Relationship": "Inner",
              "Total Cost": 62.5,
              "Plans": [
                {
                  "Parent Relationship": "Outer",
                  "Total Cost": 62.5,
                  "Relation Name": "boat",
                  "Parallel Aware": false,
                  "Filter": "(color \u003d \u0027red\u0027::bpchar)",
                  "Alias": "b",
                  "Node Type": "Seq Scan",
                  "Plan Width": 4,
                  "Startup Cost": 0.0,
                  "Plan Rows": 1000
                }
              ],
              "Parallel Aware": false,
              "Node Type": "Hash",
              "Plan Width": 4,
              "Startup Cost": 62.5,
              "Plan Rows": 1000
            }
          ],
          "Parallel Aware": false,
          "Node Type": "Hash Join",
          "Join Type": "Inner",
          "Plan Width": 4,
          "Startup Cost": 75.0,
          "Hash Cond": "(r.bid \u003d b.bid)",
          "Plan Rows": 5000,
          "Inner Unique": true
        }
      ],
      "Parallel Aware": false,
      "Node Type": "Hash",
      "Plan Width": 4,
      "Startup Cost": 346.42,
      "Plan Rows": 5000
    }
  ],
  "Parallel Aware": false,
  "Node Type": "Hash Join",
  "Join Type": "Semi",
  "Plan Width": 21,
  "Startup Cost": 408.92,
  "Hash Cond": "(s.sid \u003d r.sid)",
  "Plan Rows": 5000,
  "Inner Unique": false
}

------------------------------

Indicies Configuration #11:
Index btree on column sid in table sailors
Index btree on column color in table boat

------------------------------

1. The Total Cost of the Plan = 653.17
2. The Estimated Size of the Result Set = 5000
3. The Plan of the Query:
{
  "Total Cost": 653.17,
  "Plans": [
    {
      "Parent Relationship": "Outer",
      "Total Cost": 165.0,
      "Relation Name": "sailors",
      "Parallel Aware": false,
      "Alias": "s",
      "Node Type": "Seq Scan",
      "Plan Width": 25,
      "Startup Cost": 0.0,
      "Plan Rows": 9000
    },
    {
      "Parent Relationship": "Inner",
      "Total Cost": 346.42,
      "Plans": [
        {
          "Parent Relationship": "Outer",
          "Total Cost": 346.42,
          "Plans": [
            {
              "Parent Relationship": "Outer",
              "Total Cost": 231.99,
              "Relation Name": "reserves",
              "Parallel Aware": false,
              "Alias": "r",
              "Node Type": "Seq Scan",
              "Plan Width": 8,
              "Startup Cost": 0.0,
              "Plan Rows": 14999
            },
            {
              "Parent Relationship": "Inner",
              "Total Cost": 62.5,
              "Plans": [
                {
                  "Parent Relationship": "Outer",
                  "Total Cost": 62.5,
                  "Relation Name": "boat",
                  "Parallel Aware": false,
                  "Filter": "(color \u003d \u0027red\u0027::bpchar)",
                  "Alias": "b",
                  "Node Type": "Seq Scan",
                  "Plan Width": 4,
                  "Startup Cost": 0.0,
                  "Plan Rows": 1000
                }
              ],
              "Parallel Aware": false,
              "Node Type": "Hash",
              "Plan Width": 4,
              "Startup Cost": 62.5,
              "Plan Rows": 1000
            }
          ],
          "Parallel Aware": false,
          "Node Type": "Hash Join",
          "Join Type": "Inner",
          "Plan Width": 4,
          "Startup Cost": 75.0,
          "Hash Cond": "(r.bid \u003d b.bid)",
          "Plan Rows": 5000,
          "Inner Unique": true
        }
      ],
      "Parallel Aware": false,
      "Node Type": "Hash",
      "Plan Width": 4,
      "Startup Cost": 346.42,
      "Plan Rows": 5000
    }
  ],
  "Parallel Aware": false,
  "Node Type": "Hash Join",
  "Join Type": "Semi",
  "Plan Width": 21,
  "Startup Cost": 408.92,
  "Hash Cond": "(s.sid \u003d r.sid)",
  "Plan Rows": 5000,
  "Inner Unique": false
}

------------------------------

Indicies Configuration #12:
Index btree on column sid in table sailors
Index hash on column color in table boat

------------------------------

1. The Total Cost of the Plan = 653.17
2. The Estimated Size of the Result Set = 5000
3. The Plan of the Query:
{
  "Total Cost": 653.17,
  "Plans": [
    {
      "Parent Relationship": "Outer",
      "Total Cost": 165.0,
      "Relation Name": "sailors",
      "Parallel Aware": false,
      "Alias": "s",
      "Node Type": "Seq Scan",
      "Plan Width": 25,
      "Startup Cost": 0.0,
      "Plan Rows": 9000
    },
    {
      "Parent Relationship": "Inner",
      "Total Cost": 346.42,
      "Plans": [
        {
          "Parent Relationship": "Outer",
          "Total Cost": 346.42,
          "Plans": [
            {
              "Parent Relationship": "Outer",
              "Total Cost": 231.99,
              "Relation Name": "reserves",
              "Parallel Aware": false,
              "Alias": "r",
              "Node Type": "Seq Scan",
              "Plan Width": 8,
              "Startup Cost": 0.0,
              "Plan Rows": 14999
            },
            {
              "Parent Relationship": "Inner",
              "Total Cost": 62.5,
              "Plans": [
                {
                  "Parent Relationship": "Outer",
                  "Total Cost": 62.5,
                  "Relation Name": "boat",
                  "Parallel Aware": false,
                  "Filter": "(color \u003d \u0027red\u0027::bpchar)",
                  "Alias": "b",
                  "Node Type": "Seq Scan",
                  "Plan Width": 4,
                  "Startup Cost": 0.0,
                  "Plan Rows": 1000
                }
              ],
              "Parallel Aware": false,
              "Node Type": "Hash",
              "Plan Width": 4,
              "Startup Cost": 62.5,
              "Plan Rows": 1000
            }
          ],
          "Parallel Aware": false,
          "Node Type": "Hash Join",
          "Join Type": "Inner",
          "Plan Width": 4,
          "Startup Cost": 75.0,
          "Hash Cond": "(r.bid \u003d b.bid)",
          "Plan Rows": 5000,
          "Inner Unique": true
        }
      ],
      "Parallel Aware": false,
      "Node Type": "Hash",
      "Plan Width": 4,
      "Startup Cost": 346.42,
      "Plan Rows": 5000
    }
  ],
  "Parallel Aware": false,
  "Node Type": "Hash Join",
  "Join Type": "Semi",
  "Plan Width": 21,
  "Startup Cost": 408.92,
  "Hash Cond": "(s.sid \u003d r.sid)",
  "Plan Rows": 5000,
  "Inner Unique": false
}

------------------------------

Indicies Configuration #13:
Index btree on column sid in table sailors
Index btree on column bid in table reserves

------------------------------

1. The Total Cost of the Plan = 653.17
2. The Estimated Size of the Result Set = 5000
3. The Plan of the Query:
{
  "Total Cost": 653.17,
  "Plans": [
    {
      "Parent Relationship": "Outer",
      "Total Cost": 165.0,
      "Relation Name": "sailors",
      "Parallel Aware": false,
      "Alias": "s",
      "Node Type": "Seq Scan",
      "Plan Width": 25,
      "Startup Cost": 0.0,
      "Plan Rows": 9000
    },
    {
      "Parent Relationship": "Inner",
      "Total Cost": 346.42,
      "Plans": [
        {
          "Parent Relationship": "Outer",
          "Total Cost": 346.42,
          "Plans": [
            {
              "Parent Relationship": "Outer",
              "Total Cost": 231.99,
              "Relation Name": "reserves",
              "Parallel Aware": false,
              "Alias": "r",
              "Node Type": "Seq Scan",
              "Plan Width": 8,
              "Startup Cost": 0.0,
              "Plan Rows": 14999
            },
            {
              "Parent Relationship": "Inner",
              "Total Cost": 62.5,
              "Plans": [
                {
                  "Parent Relationship": "Outer",
                  "Total Cost": 62.5,
                  "Relation Name": "boat",
                  "Parallel Aware": false,
                  "Filter": "(color \u003d \u0027red\u0027::bpchar)",
                  "Alias": "b",
                  "Node Type": "Seq Scan",
                  "Plan Width": 4,
                  "Startup Cost": 0.0,
                  "Plan Rows": 1000
                }
              ],
              "Parallel Aware": false,
              "Node Type": "Hash",
              "Plan Width": 4,
              "Startup Cost": 62.5,
              "Plan Rows": 1000
            }
          ],
          "Parallel Aware": false,
          "Node Type": "Hash Join",
          "Join Type": "Inner",
          "Plan Width": 4,
          "Startup Cost": 75.0,
          "Hash Cond": "(r.bid \u003d b.bid)",
          "Plan Rows": 5000,
          "Inner Unique": true
        }
      ],
      "Parallel Aware": false,
      "Node Type": "Hash",
      "Plan Width": 4,
      "Startup Cost": 346.42,
      "Plan Rows": 5000
    }
  ],
  "Parallel Aware": false,
  "Node Type": "Hash Join",
  "Join Type": "Semi",
  "Plan Width": 21,
  "Startup Cost": 408.92,
  "Hash Cond": "(s.sid \u003d r.sid)",
  "Plan Rows": 5000,
  "Inner Unique": false
}

------------------------------

Indicies Configuration #14:
Index btree on column sid in table sailors
Index btree on column bid in table reserves
Index btree on column color in table boat

------------------------------

1. The Total Cost of the Plan = 653.17
2. The Estimated Size of the Result Set = 5000
3. The Plan of the Query:
{
  "Total Cost": 653.17,
  "Plans": [
    {
      "Parent Relationship": "Outer",
      "Total Cost": 165.0,
      "Relation Name": "sailors",
      "Parallel Aware": false,
      "Alias": "s",
      "Node Type": "Seq Scan",
      "Plan Width": 25,
      "Startup Cost": 0.0,
      "Plan Rows": 9000
    },
    {
      "Parent Relationship": "Inner",
      "Total Cost": 346.42,
      "Plans": [
        {
          "Parent Relationship": "Outer",
          "Total Cost": 346.42,
          "Plans": [
            {
              "Parent Relationship": "Outer",
              "Total Cost": 231.99,
              "Relation Name": "reserves",
              "Parallel Aware": false,
              "Alias": "r",
              "Node Type": "Seq Scan",
              "Plan Width": 8,
              "Startup Cost": 0.0,
              "Plan Rows": 14999
            },
            {
              "Parent Relationship": "Inner",
              "Total Cost": 62.5,
              "Plans": [
                {
                  "Parent Relationship": "Outer",
                  "Total Cost": 62.5,
                  "Relation Name": "boat",
                  "Parallel Aware": false,
                  "Filter": "(color \u003d \u0027red\u0027::bpchar)",
                  "Alias": "b",
                  "Node Type": "Seq Scan",
                  "Plan Width": 4,
                  "Startup Cost": 0.0,
                  "Plan Rows": 1000
                }
              ],
              "Parallel Aware": false,
              "Node Type": "Hash",
              "Plan Width": 4,
              "Startup Cost": 62.5,
              "Plan Rows": 1000
            }
          ],
          "Parallel Aware": false,
          "Node Type": "Hash Join",
          "Join Type": "Inner",
          "Plan Width": 4,
          "Startup Cost": 75.0,
          "Hash Cond": "(r.bid \u003d b.bid)",
          "Plan Rows": 5000,
          "Inner Unique": true
        }
      ],
      "Parallel Aware": false,
      "Node Type": "Hash",
      "Plan Width": 4,
      "Startup Cost": 346.42,
      "Plan Rows": 5000
    }
  ],
  "Parallel Aware": false,
  "Node Type": "Hash Join",
  "Join Type": "Semi",
  "Plan Width": 21,
  "Startup Cost": 408.92,
  "Hash Cond": "(s.sid \u003d r.sid)",
  "Plan Rows": 5000,
  "Inner Unique": false
}

------------------------------

Indicies Configuration #15:
Index btree on column sid in table sailors
Index btree on column bid in table reserves
Index hash on column color in table boat

------------------------------

1. The Total Cost of the Plan = 653.17
2. The Estimated Size of the Result Set = 5000
3. The Plan of the Query:
{
  "Total Cost": 653.17,
  "Plans": [
    {
      "Parent Relationship": "Outer",
      "Total Cost": 165.0,
      "Relation Name": "sailors",
      "Parallel Aware": false,
      "Alias": "s",
      "Node Type": "Seq Scan",
      "Plan Width": 25,
      "Startup Cost": 0.0,
      "Plan Rows": 9000
    },
    {
      "Parent Relationship": "Inner",
      "Total Cost": 346.42,
      "Plans": [
        {
          "Parent Relationship": "Outer",
          "Total Cost": 346.42,
          "Plans": [
            {
              "Parent Relationship": "Outer",
              "Total Cost": 231.99,
              "Relation Name": "reserves",
              "Parallel Aware": false,
              "Alias": "r",
              "Node Type": "Seq Scan",
              "Plan Width": 8,
              "Startup Cost": 0.0,
              "Plan Rows": 14999
            },
            {
              "Parent Relationship": "Inner",
              "Total Cost": 62.5,
              "Plans": [
                {
                  "Parent Relationship": "Outer",
                  "Total Cost": 62.5,
                  "Relation Name": "boat",
                  "Parallel Aware": false,
                  "Filter": "(color \u003d \u0027red\u0027::bpchar)",
                  "Alias": "b",
                  "Node Type": "Seq Scan",
                  "Plan Width": 4,
                  "Startup Cost": 0.0,
                  "Plan Rows": 1000
                }
              ],
              "Parallel Aware": false,
              "Node Type": "Hash",
              "Plan Width": 4,
              "Startup Cost": 62.5,
              "Plan Rows": 1000
            }
          ],
          "Parallel Aware": false,
          "Node Type": "Hash Join",
          "Join Type": "Inner",
          "Plan Width": 4,
          "Startup Cost": 75.0,
          "Hash Cond": "(r.bid \u003d b.bid)",
          "Plan Rows": 5000,
          "Inner Unique": true
        }
      ],
      "Parallel Aware": false,
      "Node Type": "Hash",
      "Plan Width": 4,
      "Startup Cost": 346.42,
      "Plan Rows": 5000
    }
  ],
  "Parallel Aware": false,
  "Node Type": "Hash Join",
  "Join Type": "Semi",
  "Plan Width": 21,
  "Startup Cost": 408.92,
  "Hash Cond": "(s.sid \u003d r.sid)",
  "Plan Rows": 5000,
  "Inner Unique": false
}

------------------------------

Indicies Configuration #16:
Index btree on column sid in table sailors
Index hash on column bid in table reserves

------------------------------

1. The Total Cost of the Plan = 653.17
2. The Estimated Size of the Result Set = 5000
3. The Plan of the Query:
{
  "Total Cost": 653.17,
  "Plans": [
    {
      "Parent Relationship": "Outer",
      "Total Cost": 165.0,
      "Relation Name": "sailors",
      "Parallel Aware": false,
      "Alias": "s",
      "Node Type": "Seq Scan",
      "Plan Width": 25,
      "Startup Cost": 0.0,
      "Plan Rows": 9000
    },
    {
      "Parent Relationship": "Inner",
      "Total Cost": 346.42,
      "Plans": [
        {
          "Parent Relationship": "Outer",
          "Total Cost": 346.42,
          "Plans": [
            {
              "Parent Relationship": "Outer",
              "Total Cost": 231.99,
              "Relation Name": "reserves",
              "Parallel Aware": false,
              "Alias": "r",
              "Node Type": "Seq Scan",
              "Plan Width": 8,
              "Startup Cost": 0.0,
              "Plan Rows": 14999
            },
            {
              "Parent Relationship": "Inner",
              "Total Cost": 62.5,
              "Plans": [
                {
                  "Parent Relationship": "Outer",
                  "Total Cost": 62.5,
                  "Relation Name": "boat",
                  "Parallel Aware": false,
                  "Filter": "(color \u003d \u0027red\u0027::bpchar)",
                  "Alias": "b",
                  "Node Type": "Seq Scan",
                  "Plan Width": 4,
                  "Startup Cost": 0.0,
                  "Plan Rows": 1000
                }
              ],
              "Parallel Aware": false,
              "Node Type": "Hash",
              "Plan Width": 4,
              "Startup Cost": 62.5,
              "Plan Rows": 1000
            }
          ],
          "Parallel Aware": false,
          "Node Type": "Hash Join",
          "Join Type": "Inner",
          "Plan Width": 4,
          "Startup Cost": 75.0,
          "Hash Cond": "(r.bid \u003d b.bid)",
          "Plan Rows": 5000,
          "Inner Unique": true
        }
      ],
      "Parallel Aware": false,
      "Node Type": "Hash",
      "Plan Width": 4,
      "Startup Cost": 346.42,
      "Plan Rows": 5000
    }
  ],
  "Parallel Aware": false,
  "Node Type": "Hash Join",
  "Join Type": "Semi",
  "Plan Width": 21,
  "Startup Cost": 408.92,
  "Hash Cond": "(s.sid \u003d r.sid)",
  "Plan Rows": 5000,
  "Inner Unique": false
}

------------------------------

Indicies Configuration #17:
Index btree on column sid in table sailors
Index hash on column bid in table reserves
Index btree on column color in table boat

------------------------------

1. The Total Cost of the Plan = 653.17
2. The Estimated Size of the Result Set = 5000
3. The Plan of the Query:
{
  "Total Cost": 653.17,
  "Plans": [
    {
      "Parent Relationship": "Outer",
      "Total Cost": 165.0,
      "Relation Name": "sailors",
      "Parallel Aware": false,
      "Alias": "s",
      "Node Type": "Seq Scan",
      "Plan Width": 25,
      "Startup Cost": 0.0,
      "Plan Rows": 9000
    },
    {
      "Parent Relationship": "Inner",
      "Total Cost": 346.42,
      "Plans": [
        {
          "Parent Relationship": "Outer",
          "Total Cost": 346.42,
          "Plans": [
            {
              "Parent Relationship": "Outer",
              "Total Cost": 231.99,
              "Relation Name": "reserves",
              "Parallel Aware": false,
              "Alias": "r",
              "Node Type": "Seq Scan",
              "Plan Width": 8,
              "Startup Cost": 0.0,
              "Plan Rows": 14999
            },
            {
              "Parent Relationship": "Inner",
              "Total Cost": 62.5,
              "Plans": [
                {
                  "Parent Relationship": "Outer",
                  "Total Cost": 62.5,
                  "Relation Name": "boat",
                  "Parallel Aware": false,
                  "Filter": "(color \u003d \u0027red\u0027::bpchar)",
                  "Alias": "b",
                  "Node Type": "Seq Scan",
                  "Plan Width": 4,
                  "Startup Cost": 0.0,
                  "Plan Rows": 1000
                }
              ],
              "Parallel Aware": false,
              "Node Type": "Hash",
              "Plan Width": 4,
              "Startup Cost": 62.5,
              "Plan Rows": 1000
            }
          ],
          "Parallel Aware": false,
          "Node Type": "Hash Join",
          "Join Type": "Inner",
          "Plan Width": 4,
          "Startup Cost": 75.0,
          "Hash Cond": "(r.bid \u003d b.bid)",
          "Plan Rows": 5000,
          "Inner Unique": true
        }
      ],
      "Parallel Aware": false,
      "Node Type": "Hash",
      "Plan Width": 4,
      "Startup Cost": 346.42,
      "Plan Rows": 5000
    }
  ],
  "Parallel Aware": false,
  "Node Type": "Hash Join",
  "Join Type": "Semi",
  "Plan Width": 21,
  "Startup Cost": 408.92,
  "Hash Cond": "(s.sid \u003d r.sid)",
  "Plan Rows": 5000,
  "Inner Unique": false
}

------------------------------

Indicies Configuration #18:
Index btree on column sid in table sailors
Index hash on column bid in table reserves
Index hash on column color in table boat

------------------------------

1. The Total Cost of the Plan = 653.17
2. The Estimated Size of the Result Set = 5000
3. The Plan of the Query:
{
  "Total Cost": 653.17,
  "Plans": [
    {
      "Parent Relationship": "Outer",
      "Total Cost": 165.0,
      "Relation Name": "sailors",
      "Parallel Aware": false,
      "Alias": "s",
      "Node Type": "Seq Scan",
      "Plan Width": 25,
      "Startup Cost": 0.0,
      "Plan Rows": 9000
    },
    {
      "Parent Relationship": "Inner",
      "Total Cost": 346.42,
      "Plans": [
        {
          "Parent Relationship": "Outer",
          "Total Cost": 346.42,
          "Plans": [
            {
              "Parent Relationship": "Outer",
              "Total Cost": 231.99,
              "Relation Name": "reserves",
              "Parallel Aware": false,
              "Alias": "r",
              "Node Type": "Seq Scan",
              "Plan Width": 8,
              "Startup Cost": 0.0,
              "Plan Rows": 14999
            },
            {
              "Parent Relationship": "Inner",
              "Total Cost": 62.5,
              "Plans": [
                {
                  "Parent Relationship": "Outer",
                  "Total Cost": 62.5,
                  "Relation Name": "boat",
                  "Parallel Aware": false,
                  "Filter": "(color \u003d \u0027red\u0027::bpchar)",
                  "Alias": "b",
                  "Node Type": "Seq Scan",
                  "Plan Width": 4,
                  "Startup Cost": 0.0,
                  "Plan Rows": 1000
                }
              ],
              "Parallel Aware": false,
              "Node Type": "Hash",
              "Plan Width": 4,
              "Startup Cost": 62.5,
              "Plan Rows": 1000
            }
          ],
          "Parallel Aware": false,
          "Node Type": "Hash Join",
          "Join Type": "Inner",
          "Plan Width": 4,
          "Startup Cost": 75.0,
          "Hash Cond": "(r.bid \u003d b.bid)",
          "Plan Rows": 5000,
          "Inner Unique": true
        }
      ],
      "Parallel Aware": false,
      "Node Type": "Hash",
      "Plan Width": 4,
      "Startup Cost": 346.42,
      "Plan Rows": 5000
    }
  ],
  "Parallel Aware": false,
  "Node Type": "Hash Join",
  "Join Type": "Semi",
  "Plan Width": 21,
  "Startup Cost": 408.92,
  "Hash Cond": "(s.sid \u003d r.sid)",
  "Plan Rows": 5000,
  "Inner Unique": false
}

------------------------------

Indicies Configuration #19:
Index hash on column sid in table sailors

------------------------------

1. The Total Cost of the Plan = 653.17
2. The Estimated Size of the Result Set = 5000
3. The Plan of the Query:
{
  "Total Cost": 653.17,
  "Plans": [
    {
      "Parent Relationship": "Outer",
      "Total Cost": 165.0,
      "Relation Name": "sailors",
      "Parallel Aware": false,
      "Alias": "s",
      "Node Type": "Seq Scan",
      "Plan Width": 25,
      "Startup Cost": 0.0,
      "Plan Rows": 9000
    },
    {
      "Parent Relationship": "Inner",
      "Total Cost": 346.42,
      "Plans": [
        {
          "Parent Relationship": "Outer",
          "Total Cost": 346.42,
          "Plans": [
            {
              "Parent Relationship": "Outer",
              "Total Cost": 231.99,
              "Relation Name": "reserves",
              "Parallel Aware": false,
              "Alias": "r",
              "Node Type": "Seq Scan",
              "Plan Width": 8,
              "Startup Cost": 0.0,
              "Plan Rows": 14999
            },
            {
              "Parent Relationship": "Inner",
              "Total Cost": 62.5,
              "Plans": [
                {
                  "Parent Relationship": "Outer",
                  "Total Cost": 62.5,
                  "Relation Name": "boat",
                  "Parallel Aware": false,
                  "Filter": "(color \u003d \u0027red\u0027::bpchar)",
                  "Alias": "b",
                  "Node Type": "Seq Scan",
                  "Plan Width": 4,
                  "Startup Cost": 0.0,
                  "Plan Rows": 1000
                }
              ],
              "Parallel Aware": false,
              "Node Type": "Hash",
              "Plan Width": 4,
              "Startup Cost": 62.5,
              "Plan Rows": 1000
            }
          ],
          "Parallel Aware": false,
          "Node Type": "Hash Join",
          "Join Type": "Inner",
          "Plan Width": 4,
          "Startup Cost": 75.0,
          "Hash Cond": "(r.bid \u003d b.bid)",
          "Plan Rows": 5000,
          "Inner Unique": true
        }
      ],
      "Parallel Aware": false,
      "Node Type": "Hash",
      "Plan Width": 4,
      "Startup Cost": 346.42,
      "Plan Rows": 5000
    }
  ],
  "Parallel Aware": false,
  "Node Type": "Hash Join",
  "Join Type": "Semi",
  "Plan Width": 21,
  "Startup Cost": 408.92,
  "Hash Cond": "(s.sid \u003d r.sid)",
  "Plan Rows": 5000,
  "Inner Unique": false
}

------------------------------

Indicies Configuration #20:
Index hash on column sid in table sailors
Index btree on column color in table boat

------------------------------

1. The Total Cost of the Plan = 653.17
2. The Estimated Size of the Result Set = 5000
3. The Plan of the Query:
{
  "Total Cost": 653.17,
  "Plans": [
    {
      "Parent Relationship": "Outer",
      "Total Cost": 165.0,
      "Relation Name": "sailors",
      "Parallel Aware": false,
      "Alias": "s",
      "Node Type": "Seq Scan",
      "Plan Width": 25,
      "Startup Cost": 0.0,
      "Plan Rows": 9000
    },
    {
      "Parent Relationship": "Inner",
      "Total Cost": 346.42,
      "Plans": [
        {
          "Parent Relationship": "Outer",
          "Total Cost": 346.42,
          "Plans": [
            {
              "Parent Relationship": "Outer",
              "Total Cost": 231.99,
              "Relation Name": "reserves",
              "Parallel Aware": false,
              "Alias": "r",
              "Node Type": "Seq Scan",
              "Plan Width": 8,
              "Startup Cost": 0.0,
              "Plan Rows": 14999
            },
            {
              "Parent Relationship": "Inner",
              "Total Cost": 62.5,
              "Plans": [
                {
                  "Parent Relationship": "Outer",
                  "Total Cost": 62.5,
                  "Relation Name": "boat",
                  "Parallel Aware": false,
                  "Filter": "(color \u003d \u0027red\u0027::bpchar)",
                  "Alias": "b",
                  "Node Type": "Seq Scan",
                  "Plan Width": 4,
                  "Startup Cost": 0.0,
                  "Plan Rows": 1000
                }
              ],
              "Parallel Aware": false,
              "Node Type": "Hash",
              "Plan Width": 4,
              "Startup Cost": 62.5,
              "Plan Rows": 1000
            }
          ],
          "Parallel Aware": false,
          "Node Type": "Hash Join",
          "Join Type": "Inner",
          "Plan Width": 4,
          "Startup Cost": 75.0,
          "Hash Cond": "(r.bid \u003d b.bid)",
          "Plan Rows": 5000,
          "Inner Unique": true
        }
      ],
      "Parallel Aware": false,
      "Node Type": "Hash",
      "Plan Width": 4,
      "Startup Cost": 346.42,
      "Plan Rows": 5000
    }
  ],
  "Parallel Aware": false,
  "Node Type": "Hash Join",
  "Join Type": "Semi",
  "Plan Width": 21,
  "Startup Cost": 408.92,
  "Hash Cond": "(s.sid \u003d r.sid)",
  "Plan Rows": 5000,
  "Inner Unique": false
}

------------------------------

Indicies Configuration #21:
Index hash on column sid in table sailors
Index hash on column color in table boat

------------------------------

1. The Total Cost of the Plan = 653.17
2. The Estimated Size of the Result Set = 5000
3. The Plan of the Query:
{
  "Total Cost": 653.17,
  "Plans": [
    {
      "Parent Relationship": "Outer",
      "Total Cost": 165.0,
      "Relation Name": "sailors",
      "Parallel Aware": false,
      "Alias": "s",
      "Node Type": "Seq Scan",
      "Plan Width": 25,
      "Startup Cost": 0.0,
      "Plan Rows": 9000
    },
    {
      "Parent Relationship": "Inner",
      "Total Cost": 346.42,
      "Plans": [
        {
          "Parent Relationship": "Outer",
          "Total Cost": 346.42,
          "Plans": [
            {
              "Parent Relationship": "Outer",
              "Total Cost": 231.99,
              "Relation Name": "reserves",
              "Parallel Aware": false,
              "Alias": "r",
              "Node Type": "Seq Scan",
              "Plan Width": 8,
              "Startup Cost": 0.0,
              "Plan Rows": 14999
            },
            {
              "Parent Relationship": "Inner",
              "Total Cost": 62.5,
              "Plans": [
                {
                  "Parent Relationship": "Outer",
                  "Total Cost": 62.5,
                  "Relation Name": "boat",
                  "Parallel Aware": false,
                  "Filter": "(color \u003d \u0027red\u0027::bpchar)",
                  "Alias": "b",
                  "Node Type": "Seq Scan",
                  "Plan Width": 4,
                  "Startup Cost": 0.0,
                  "Plan Rows": 1000
                }
              ],
              "Parallel Aware": false,
              "Node Type": "Hash",
              "Plan Width": 4,
              "Startup Cost": 62.5,
              "Plan Rows": 1000
            }
          ],
          "Parallel Aware": false,
          "Node Type": "Hash Join",
          "Join Type": "Inner",
          "Plan Width": 4,
          "Startup Cost": 75.0,
          "Hash Cond": "(r.bid \u003d b.bid)",
          "Plan Rows": 5000,
          "Inner Unique": true
        }
      ],
      "Parallel Aware": false,
      "Node Type": "Hash",
      "Plan Width": 4,
      "Startup Cost": 346.42,
      "Plan Rows": 5000
    }
  ],
  "Parallel Aware": false,
  "Node Type": "Hash Join",
  "Join Type": "Semi",
  "Plan Width": 21,
  "Startup Cost": 408.92,
  "Hash Cond": "(s.sid \u003d r.sid)",
  "Plan Rows": 5000,
  "Inner Unique": false
}

------------------------------

Indicies Configuration #22:
Index hash on column sid in table sailors
Index btree on column bid in table reserves

------------------------------

1. The Total Cost of the Plan = 653.17
2. The Estimated Size of the Result Set = 5000
3. The Plan of the Query:
{
  "Total Cost": 653.17,
  "Plans": [
    {
      "Parent Relationship": "Outer",
      "Total Cost": 165.0,
      "Relation Name": "sailors",
      "Parallel Aware": false,
      "Alias": "s",
      "Node Type": "Seq Scan",
      "Plan Width": 25,
      "Startup Cost": 0.0,
      "Plan Rows": 9000
    },
    {
      "Parent Relationship": "Inner",
      "Total Cost": 346.42,
      "Plans": [
        {
          "Parent Relationship": "Outer",
          "Total Cost": 346.42,
          "Plans": [
            {
              "Parent Relationship": "Outer",
              "Total Cost": 231.99,
              "Relation Name": "reserves",
              "Parallel Aware": false,
              "Alias": "r",
              "Node Type": "Seq Scan",
              "Plan Width": 8,
              "Startup Cost": 0.0,
              "Plan Rows": 14999
            },
            {
              "Parent Relationship": "Inner",
              "Total Cost": 62.5,
              "Plans": [
                {
                  "Parent Relationship": "Outer",
                  "Total Cost": 62.5,
                  "Relation Name": "boat",
                  "Parallel Aware": false,
                  "Filter": "(color \u003d \u0027red\u0027::bpchar)",
                  "Alias": "b",
                  "Node Type": "Seq Scan",
                  "Plan Width": 4,
                  "Startup Cost": 0.0,
                  "Plan Rows": 1000
                }
              ],
              "Parallel Aware": false,
              "Node Type": "Hash",
              "Plan Width": 4,
              "Startup Cost": 62.5,
              "Plan Rows": 1000
            }
          ],
          "Parallel Aware": false,
          "Node Type": "Hash Join",
          "Join Type": "Inner",
          "Plan Width": 4,
          "Startup Cost": 75.0,
          "Hash Cond": "(r.bid \u003d b.bid)",
          "Plan Rows": 5000,
          "Inner Unique": true
        }
      ],
      "Parallel Aware": false,
      "Node Type": "Hash",
      "Plan Width": 4,
      "Startup Cost": 346.42,
      "Plan Rows": 5000
    }
  ],
  "Parallel Aware": false,
  "Node Type": "Hash Join",
  "Join Type": "Semi",
  "Plan Width": 21,
  "Startup Cost": 408.92,
  "Hash Cond": "(s.sid \u003d r.sid)",
  "Plan Rows": 5000,
  "Inner Unique": false
}

------------------------------

Indicies Configuration #23:
Index hash on column sid in table sailors
Index btree on column bid in table reserves
Index btree on column color in table boat

------------------------------

1. The Total Cost of the Plan = 653.17
2. The Estimated Size of the Result Set = 5000
3. The Plan of the Query:
{
  "Total Cost": 653.17,
  "Plans": [
    {
      "Parent Relationship": "Outer",
      "Total Cost": 165.0,
      "Relation Name": "sailors",
      "Parallel Aware": false,
      "Alias": "s",
      "Node Type": "Seq Scan",
      "Plan Width": 25,
      "Startup Cost": 0.0,
      "Plan Rows": 9000
    },
    {
      "Parent Relationship": "Inner",
      "Total Cost": 346.42,
      "Plans": [
        {
          "Parent Relationship": "Outer",
          "Total Cost": 346.42,
          "Plans": [
            {
              "Parent Relationship": "Outer",
              "Total Cost": 231.99,
              "Relation Name": "reserves",
              "Parallel Aware": false,
              "Alias": "r",
              "Node Type": "Seq Scan",
              "Plan Width": 8,
              "Startup Cost": 0.0,
              "Plan Rows": 14999
            },
            {
              "Parent Relationship": "Inner",
              "Total Cost": 62.5,
              "Plans": [
                {
                  "Parent Relationship": "Outer",
                  "Total Cost": 62.5,
                  "Relation Name": "boat",
                  "Parallel Aware": false,
                  "Filter": "(color \u003d \u0027red\u0027::bpchar)",
                  "Alias": "b",
                  "Node Type": "Seq Scan",
                  "Plan Width": 4,
                  "Startup Cost": 0.0,
                  "Plan Rows": 1000
                }
              ],
              "Parallel Aware": false,
              "Node Type": "Hash",
              "Plan Width": 4,
              "Startup Cost": 62.5,
              "Plan Rows": 1000
            }
          ],
          "Parallel Aware": false,
          "Node Type": "Hash Join",
          "Join Type": "Inner",
          "Plan Width": 4,
          "Startup Cost": 75.0,
          "Hash Cond": "(r.bid \u003d b.bid)",
          "Plan Rows": 5000,
          "Inner Unique": true
        }
      ],
      "Parallel Aware": false,
      "Node Type": "Hash",
      "Plan Width": 4,
      "Startup Cost": 346.42,
      "Plan Rows": 5000
    }
  ],
  "Parallel Aware": false,
  "Node Type": "Hash Join",
  "Join Type": "Semi",
  "Plan Width": 21,
  "Startup Cost": 408.92,
  "Hash Cond": "(s.sid \u003d r.sid)",
  "Plan Rows": 5000,
  "Inner Unique": false
}

------------------------------

Indicies Configuration #24:
Index hash on column sid in table sailors
Index btree on column bid in table reserves
Index hash on column color in table boat

------------------------------

1. The Total Cost of the Plan = 653.17
2. The Estimated Size of the Result Set = 5000
3. The Plan of the Query:
{
  "Total Cost": 653.17,
  "Plans": [
    {
      "Parent Relationship": "Outer",
      "Total Cost": 165.0,
      "Relation Name": "sailors",
      "Parallel Aware": false,
      "Alias": "s",
      "Node Type": "Seq Scan",
      "Plan Width": 25,
      "Startup Cost": 0.0,
      "Plan Rows": 9000
    },
    {
      "Parent Relationship": "Inner",
      "Total Cost": 346.42,
      "Plans": [
        {
          "Parent Relationship": "Outer",
          "Total Cost": 346.42,
          "Plans": [
            {
              "Parent Relationship": "Outer",
              "Total Cost": 231.99,
              "Relation Name": "reserves",
              "Parallel Aware": false,
              "Alias": "r",
              "Node Type": "Seq Scan",
              "Plan Width": 8,
              "Startup Cost": 0.0,
              "Plan Rows": 14999
            },
            {
              "Parent Relationship": "Inner",
              "Total Cost": 62.5,
              "Plans": [
                {
                  "Parent Relationship": "Outer",
                  "Total Cost": 62.5,
                  "Relation Name": "boat",
                  "Parallel Aware": false,
                  "Filter": "(color \u003d \u0027red\u0027::bpchar)",
                  "Alias": "b",
                  "Node Type": "Seq Scan",
                  "Plan Width": 4,
                  "Startup Cost": 0.0,
                  "Plan Rows": 1000
                }
              ],
              "Parallel Aware": false,
              "Node Type": "Hash",
              "Plan Width": 4,
              "Startup Cost": 62.5,
              "Plan Rows": 1000
            }
          ],
          "Parallel Aware": false,
          "Node Type": "Hash Join",
          "Join Type": "Inner",
          "Plan Width": 4,
          "Startup Cost": 75.0,
          "Hash Cond": "(r.bid \u003d b.bid)",
          "Plan Rows": 5000,
          "Inner Unique": true
        }
      ],
      "Parallel Aware": false,
      "Node Type": "Hash",
      "Plan Width": 4,
      "Startup Cost": 346.42,
      "Plan Rows": 5000
    }
  ],
  "Parallel Aware": false,
  "Node Type": "Hash Join",
  "Join Type": "Semi",
  "Plan Width": 21,
  "Startup Cost": 408.92,
  "Hash Cond": "(s.sid \u003d r.sid)",
  "Plan Rows": 5000,
  "Inner Unique": false
}

------------------------------

Indicies Configuration #25:
Index hash on column sid in table sailors
Index hash on column bid in table reserves

------------------------------

1. The Total Cost of the Plan = 653.17
2. The Estimated Size of the Result Set = 5000
3. The Plan of the Query:
{
  "Total Cost": 653.17,
  "Plans": [
    {
      "Parent Relationship": "Outer",
      "Total Cost": 165.0,
      "Relation Name": "sailors",
      "Parallel Aware": false,
      "Alias": "s",
      "Node Type": "Seq Scan",
      "Plan Width": 25,
      "Startup Cost": 0.0,
      "Plan Rows": 9000
    },
    {
      "Parent Relationship": "Inner",
      "Total Cost": 346.42,
      "Plans": [
        {
          "Parent Relationship": "Outer",
          "Total Cost": 346.42,
          "Plans": [
            {
              "Parent Relationship": "Outer",
              "Total Cost": 231.99,
              "Relation Name": "reserves",
              "Parallel Aware": false,
              "Alias": "r",
              "Node Type": "Seq Scan",
              "Plan Width": 8,
              "Startup Cost": 0.0,
              "Plan Rows": 14999
            },
            {
              "Parent Relationship": "Inner",
              "Total Cost": 62.5,
              "Plans": [
                {
                  "Parent Relationship": "Outer",
                  "Total Cost": 62.5,
                  "Relation Name": "boat",
                  "Parallel Aware": false,
                  "Filter": "(color \u003d \u0027red\u0027::bpchar)",
                  "Alias": "b",
                  "Node Type": "Seq Scan",
                  "Plan Width": 4,
                  "Startup Cost": 0.0,
                  "Plan Rows": 1000
                }
              ],
              "Parallel Aware": false,
              "Node Type": "Hash",
              "Plan Width": 4,
              "Startup Cost": 62.5,
              "Plan Rows": 1000
            }
          ],
          "Parallel Aware": false,
          "Node Type": "Hash Join",
          "Join Type": "Inner",
          "Plan Width": 4,
          "Startup Cost": 75.0,
          "Hash Cond": "(r.bid \u003d b.bid)",
          "Plan Rows": 5000,
          "Inner Unique": true
        }
      ],
      "Parallel Aware": false,
      "Node Type": "Hash",
      "Plan Width": 4,
      "Startup Cost": 346.42,
      "Plan Rows": 5000
    }
  ],
  "Parallel Aware": false,
  "Node Type": "Hash Join",
  "Join Type": "Semi",
  "Plan Width": 21,
  "Startup Cost": 408.92,
  "Hash Cond": "(s.sid \u003d r.sid)",
  "Plan Rows": 5000,
  "Inner Unique": false
}

------------------------------

Indicies Configuration #26:
Index hash on column sid in table sailors
Index hash on column bid in table reserves
Index btree on column color in table boat

------------------------------

1. The Total Cost of the Plan = 653.17
2. The Estimated Size of the Result Set = 5000
3. The Plan of the Query:
{
  "Total Cost": 653.17,
  "Plans": [
    {
      "Parent Relationship": "Outer",
      "Total Cost": 165.0,
      "Relation Name": "sailors",
      "Parallel Aware": false,
      "Alias": "s",
      "Node Type": "Seq Scan",
      "Plan Width": 25,
      "Startup Cost": 0.0,
      "Plan Rows": 9000
    },
    {
      "Parent Relationship": "Inner",
      "Total Cost": 346.42,
      "Plans": [
        {
          "Parent Relationship": "Outer",
          "Total Cost": 346.42,
          "Plans": [
            {
              "Parent Relationship": "Outer",
              "Total Cost": 231.99,
              "Relation Name": "reserves",
              "Parallel Aware": false,
              "Alias": "r",
              "Node Type": "Seq Scan",
              "Plan Width": 8,
              "Startup Cost": 0.0,
              "Plan Rows": 14999
            },
            {
              "Parent Relationship": "Inner",
              "Total Cost": 62.5,
              "Plans": [
                {
                  "Parent Relationship": "Outer",
                  "Total Cost": 62.5,
                  "Relation Name": "boat",
                  "Parallel Aware": false,
                  "Filter": "(color \u003d \u0027red\u0027::bpchar)",
                  "Alias": "b",
                  "Node Type": "Seq Scan",
                  "Plan Width": 4,
                  "Startup Cost": 0.0,
                  "Plan Rows": 1000
                }
              ],
              "Parallel Aware": false,
              "Node Type": "Hash",
              "Plan Width": 4,
              "Startup Cost": 62.5,
              "Plan Rows": 1000
            }
          ],
          "Parallel Aware": false,
          "Node Type": "Hash Join",
          "Join Type": "Inner",
          "Plan Width": 4,
          "Startup Cost": 75.0,
          "Hash Cond": "(r.bid \u003d b.bid)",
          "Plan Rows": 5000,
          "Inner Unique": true
        }
      ],
      "Parallel Aware": false,
      "Node Type": "Hash",
      "Plan Width": 4,
      "Startup Cost": 346.42,
      "Plan Rows": 5000
    }
  ],
  "Parallel Aware": false,
  "Node Type": "Hash Join",
  "Join Type": "Semi",
  "Plan Width": 21,
  "Startup Cost": 408.92,
  "Hash Cond": "(s.sid \u003d r.sid)",
  "Plan Rows": 5000,
  "Inner Unique": false
}

------------------------------

Indicies Configuration #27:
Index hash on column sid in table sailors
Index hash on column bid in table reserves
Index hash on column color in table boat

------------------------------

1. The Total Cost of the Plan = 653.17
2. The Estimated Size of the Result Set = 5000
3. The Plan of the Query:
{
  "Total Cost": 653.17,
  "Plans": [
    {
      "Parent Relationship": "Outer",
      "Total Cost": 165.0,
      "Relation Name": "sailors",
      "Parallel Aware": false,
      "Alias": "s",
      "Node Type": "Seq Scan",
      "Plan Width": 25,
      "Startup Cost": 0.0,
      "Plan Rows": 9000
    },
    {
      "Parent Relationship": "Inner",
      "Total Cost": 346.42,
      "Plans": [
        {
          "Parent Relationship": "Outer",
          "Total Cost": 346.42,
          "Plans": [
            {
              "Parent Relationship": "Outer",
              "Total Cost": 231.99,
              "Relation Name": "reserves",
              "Parallel Aware": false,
              "Alias": "r",
              "Node Type": "Seq Scan",
              "Plan Width": 8,
              "Startup Cost": 0.0,
              "Plan Rows": 14999
            },
            {
              "Parent Relationship": "Inner",
              "Total Cost": 62.5,
              "Plans": [
                {
                  "Parent Relationship": "Outer",
                  "Total Cost": 62.5,
                  "Relation Name": "boat",
                  "Parallel Aware": false,
                  "Filter": "(color \u003d \u0027red\u0027::bpchar)",
                  "Alias": "b",
                  "Node Type": "Seq Scan",
                  "Plan Width": 4,
                  "Startup Cost": 0.0,
                  "Plan Rows": 1000
                }
              ],
              "Parallel Aware": false,
              "Node Type": "Hash",
              "Plan Width": 4,
              "Startup Cost": 62.5,
              "Plan Rows": 1000
            }
          ],
          "Parallel Aware": false,
          "Node Type": "Hash Join",
          "Join Type": "Inner",
          "Plan Width": 4,
          "Startup Cost": 75.0,
          "Hash Cond": "(r.bid \u003d b.bid)",
          "Plan Rows": 5000,
          "Inner Unique": true
        }
      ],
      "Parallel Aware": false,
      "Node Type": "Hash",
      "Plan Width": 4,
      "Startup Cost": 346.42,
      "Plan Rows": 5000
    }
  ],
  "Parallel Aware": false,
  "Node Type": "Hash Join",
  "Join Type": "Semi",
  "Plan Width": 21,
  "Startup Cost": 408.92,
  "Hash Cond": "(s.sid \u003d r.sid)",
  "Plan Rows": 5000,
  "Inner Unique": false
}
The Optimal Configuration is Number 1 with Total Cost = 653.170000

##############################

End of Query Analyzation

##############################

