Query #4:
Connected to Database: "schema2"

Running Query:
 select e.fname, e.lname
from employee as e
where e.ssn in ( 
select essn
from dependent as d
where e.fname != d.dependent_name
and 
e.sex!=d.sex );

Query Result Set:

------------------------------

fname                         lname                         
Employee1                     employee1                     
Employee2                     employee2                     
Employee3                     employee3                     
Employee4                     employee4                     
Employee5                     employee5                     
Employee6                     employee6                     
Employee7                     employee7                     
Employee8                     employee8                     
Employee9                     employee9                     
Employee10                    employee10                    
Employee11                    employee11                    
Employee12                    employee12                    
Employee13                    employee13                    
Employee14                    employee14                    
Employee15                    employee15                    
Employee16                    employee16                    
Employee17                    employee17                    
Employee18                    employee18                    
Employee19                    employee19                    
Employee20                    employee20                    
Employee21                    employee21                    
Employee22                    employee22                    
Employee23                    employee23                    
Employee24                    employee24                    
Employee25                    employee25                    
Employee26                    employee26                    
Employee27                    employee27                    
Employee28                    employee28                    
Employee29                    employee29                    
Employee30                    employee30                    
Employee31                    employee31                    
Employee32                    employee32                    
Employee33                    employee33                    
Employee34                    employee34                    
Employee35                    employee35                    
Employee36                    employee36                    
Employee37                    employee37                    
Employee38                    employee38                    
Employee39                    employee39                    
Employee40                    employee40                    
Employee41                    employee41                    
Employee42                    employee42                    
Employee43                    employee43                    
Employee44                    employee44                    
Employee45                    employee45                    
Employee46                    employee46                    
Employee47                    employee47                    
Employee48                    employee48                    
Employee49                    employee49                    
Employee50                    employee50                    
Employee51                    employee51                    
Employee52                    employee52                    
Employee53                    employee53                    
Employee54                    employee54                    
Employee55                    employee55                    
Employee56                    employee56                    
Employee57                    employee57                    
Employee58                    employee58                    
Employee59                    employee59                    
Employee60                    employee60                    
Employee61                    employee61                    
Employee62                    employee62                    
Employee63                    employee63                    
Employee64                    employee64                    
Employee65                    employee65                    
Employee66                    employee66                    
Employee67                    employee67                    
Employee68                    employee68                    
Employee69                    employee69                    
Employee70                    employee70                    
Employee71                    employee71                    
Employee72                    employee72                    
Employee73                    employee73                    
Employee74                    employee74                    
Employee75                    employee75                    
Employee76                    employee76                    
Employee77                    employee77                    
Employee78                    employee78                    
Employee79                    employee79                    
Employee80                    employee80                    
Employee81                    employee81                    
Employee82                    employee82                    
Employee83                    employee83                    
Employee84                    employee84                    
Employee85                    employee85                    
Employee86                    employee86                    
Employee87                    employee87                    
Employee88                    employee88                    
Employee89                    employee89                    
Employee90                    employee90                    
Employee91                    employee91                    
Employee92                    employee92                    
Employee93                    employee93                    
Employee94                    employee94                    
Employee95                    employee95                    
Employee96                    employee96                    
Employee97                    employee97                    
Employee98                    employee98                    
Employee99                    employee99                    
Employee100                   employee100                   
Employee101                   employee101                   
Employee102                   employee102                   
Employee103                   employee103                   
Employee104                   employee104                   
Employee105                   employee105                   
Employee106                   employee106                   
Employee107                   employee107                   
Employee108                   employee108                   
Employee109                   employee109                   
Employee110                   employee110                   
Employee111                   employee111                   
Employee112                   employee112                   
Employee113                   employee113                   
Employee114                   employee114                   
Employee115                   employee115                   
Employee116                   employee116                   
Employee117                   employee117                   
Employee118                   employee118                   
Employee119                   employee119                   
Employee120                   employee120                   
Employee121                   employee121                   
Employee122                   employee122                   
Employee123                   employee123                   
Employee124                   employee124                   
Employee125                   employee125                   
Employee126                   employee126                   
Employee127                   employee127                   
Employee128                   employee128                   
Employee129                   employee129                   
Employee130                   employee130                   
Employee131                   employee131                   
Employee132                   employee132                   
Employee133                   employee133                   
Employee134                   employee134                   
Employee135                   employee135                   
Employee136                   employee136                   
Employee137                   employee137                   
Employee138                   employee138                   
Employee139                   employee139                   
Employee140                   employee140                   
Employee141                   employee141                   
Employee142                   employee142                   
Employee143                   employee143                   
Employee144                   employee144                   
Employee145                   employee145                   
Employee146                   employee146                   
Employee147                   employee147                   
Employee148                   employee148                   
Employee149                   employee149                   
Employee150                   employee150                   
Employee151                   employee151                   
Employee152                   employee152                   
Employee153                   employee153                   
Employee154                   employee154                   
Employee155                   employee155                   
Employee156                   employee156                   
Employee157                   employee157                   
Employee158                   employee158                   
Employee159                   employee159                   
Employee160                   employee160                   
Employee161                   employee161                   
Employee162                   employee162                   
Employee163                   employee163                   
Employee164                   employee164                   
Employee165                   employee165                   
Employee166                   employee166                   
Employee167                   employee167                   
Employee168                   employee168                   
Employee169                   employee169                   
Employee170                   employee170                   
Employee171                   employee171                   
Employee172                   employee172                   
Employee173                   employee173                   
Employee174                   employee174                   
Employee175                   employee175                   
Employee176                   employee176                   
Employee177                   employee177                   
Employee178                   employee178                   
Employee179                   employee179                   
Employee180                   employee180                   
Employee181                   employee181                   
Employee182                   employee182                   
Employee183                   employee183                   
Employee184                   employee184                   
Employee185                   employee185                   
Employee186                   employee186                   
Employee187                   employee187                   
Employee188                   employee188                   
Employee189                   employee189                   
Employee190                   employee190                   
Employee191                   employee191                   
Employee192                   employee192                   
Employee193                   employee193                   
Employee194                   employee194                   
Employee195                   employee195                   
Employee196                   employee196                   
Employee197                   employee197                   
Employee198                   employee198                   
Employee199                   employee199                   
Employee200                   employee200                   
Employee201                   employee201                   
Employee202                   employee202                   
Employee203                   employee203                   
Employee204                   employee204                   
Employee205                   employee205                   
Employee206                   employee206                   
Employee207                   employee207                   
Employee208                   employee208                   
Employee209                   employee209                   
Employee210                   employee210                   
Employee211                   employee211                   
Employee212                   employee212                   
Employee213                   employee213                   
Employee214                   employee214                   
Employee215                   employee215                   
Employee216                   employee216                   
Employee217                   employee217                   
Employee218                   employee218                   
Employee219                   employee219                   
Employee220                   employee220                   
Employee221                   employee221                   
Employee222                   employee222                   
Employee223                   employee223                   
Employee224                   employee224                   
Employee225                   employee225                   
Employee226                   employee226                   
Employee227                   employee227                   
Employee228                   employee228                   
Employee229                   employee229                   
Employee230                   employee230                   
Employee231                   employee231                   
Employee232                   employee232                   
Employee233                   employee233                   
Employee234                   employee234                   
Employee235                   employee235                   
Employee236                   employee236                   
Employee237                   employee237                   
Employee238                   employee238                   
Employee239                   employee239                   
Employee240                   employee240                   
Employee241                   employee241                   
Employee242                   employee242                   
Employee243                   employee243                   
Employee244                   employee244                   
Employee245                   employee245                   
Employee246                   employee246                   
Employee247                   employee247                   
Employee248                   employee248                   
Employee249                   employee249                   
Employee250                   employee250                   
Employee251                   employee251                   
Employee252                   employee252                   
Employee253                   employee253                   
Employee254                   employee254                   
Employee255                   employee255                   
Employee256                   employee256                   
Employee257                   employee257                   
Employee258                   employee258                   
Employee259                   employee259                   
Employee260                   employee260                   
Employee261                   employee261                   
Employee262                   employee262                   
Employee263                   employee263                   
Employee264                   employee264                   
Employee265                   employee265                   
Employee266                   employee266                   
Employee267                   employee267                   
Employee268                   employee268                   
Employee269                   employee269                   
Employee270                   employee270                   
Employee271                   employee271                   
Employee272                   employee272                   
Employee273                   employee273                   
Employee274                   employee274                   
Employee275                   employee275                   
Employee276                   employee276                   
Employee277                   employee277                   
Employee278                   employee278                   
Employee279                   employee279                   
Employee280                   employee280                   
Employee281                   employee281                   
Employee282                   employee282                   
Employee283                   employee283                   
Employee284                   employee284                   
Employee285                   employee285                   
Employee286                   employee286                   
Employee287                   employee287                   
Employee288                   employee288                   
Employee289                   employee289                   
Employee290                   employee290                   
Employee291                   employee291                   
Employee292                   employee292                   
Employee293                   employee293                   
Employee294                   employee294                   
Employee295                   employee295                   
Employee296                   employee296                   
Employee297                   employee297                   
Employee298                   employee298                   
Employee299                   employee299                   
Employee300                   employee300                   
Employee301                   employee301                   
Employee302                   employee302                   
Employee303                   employee303                   
Employee304                   employee304                   
Employee305                   employee305                   
Employee306                   employee306                   
Employee307                   employee307                   
Employee308                   employee308                   
Employee309                   employee309                   
Employee310                   employee310                   
Employee311                   employee311                   
Employee312                   employee312                   
Employee313                   employee313                   
Employee314                   employee314                   
Employee315                   employee315                   
Employee316                   employee316                   
Employee317                   employee317                   
Employee318                   employee318                   
Employee319                   employee319                   
Employee320                   employee320                   
Employee321                   employee321                   
Employee322                   employee322                   
Employee323                   employee323                   
Employee324                   employee324                   
Employee325                   employee325                   
Employee326                   employee326                   
Employee327                   employee327                   
Employee328                   employee328                   
Employee329                   employee329                   
Employee330                   employee330                   
Employee331                   employee331                   
Employee332                   employee332                   
Employee333                   employee333                   
Employee334                   employee334                   
Employee335                   employee335                   
Employee336                   employee336                   
Employee337                   employee337                   
Employee338                   employee338                   
Employee339                   employee339                   
Employee340                   employee340                   
Employee341                   employee341                   
Employee342                   employee342                   
Employee343                   employee343                   
Employee344                   employee344                   
Employee345                   employee345                   
Employee346                   employee346                   
Employee347                   employee347                   
Employee348                   employee348                   
Employee349                   employee349                   
Employee350                   employee350                   
Employee351                   employee351                   
Employee352                   employee352                   
Employee353                   employee353                   
Employee354                   employee354                   
Employee355                   employee355                   
Employee356                   employee356                   
Employee357                   employee357                   
Employee358                   employee358                   
Employee359                   employee359                   
Employee360                   employee360                   
Employee361                   employee361                   
Employee362                   employee362                   
Employee363                   employee363                   
Employee364                   employee364                   
Employee365                   employee365                   
Employee366                   employee366                   
Employee367                   employee367                   
Employee368                   employee368                   
Employee369                   employee369                   
Employee370                   employee370                   
Employee371                   employee371                   
Employee372                   employee372                   
Employee373                   employee373                   
Employee374                   employee374                   
Employee375                   employee375                   
Employee376                   employee376                   
Employee377                   employee377                   
Employee378                   employee378                   
Employee379                   employee379                   
Employee380                   employee380                   
Employee381                   employee381                   
Employee382                   employee382                   
Employee383                   employee383                   
Employee384                   employee384                   
Employee385                   employee385                   
Employee386                   employee386                   
Employee387                   employee387                   
Employee388                   employee388                   
Employee389                   employee389                   
Employee390                   employee390                   
Employee391                   employee391                   
Employee392                   employee392                   
Employee393                   employee393                   
Employee394                   employee394                   
Employee395                   employee395                   
Employee396                   employee396                   
Employee397                   employee397                   
Employee398                   employee398                   
Employee399                   employee399                   
Employee400                   employee400                   
Employee401                   employee401                   
Employee402                   employee402                   
Employee403                   employee403                   
Employee404                   employee404                   
Employee405                   employee405                   
Employee406                   employee406                   
Employee407                   employee407                   
Employee408                   employee408                   
Employee409                   employee409                   
Employee410                   employee410                   
Employee411                   employee411                   
Employee412                   employee412                   
Employee413                   employee413                   
Employee414                   employee414                   
Employee415                   employee415                   
Employee416                   employee416                   
Employee417                   employee417                   
Employee418                   employee418                   
Employee419                   employee419                   
Employee420                   employee420                   
Employee421                   employee421                   
Employee422                   employee422                   
Employee423                   employee423                   
Employee424                   employee424                   
Employee425                   employee425                   
Employee426                   employee426                   
Employee427                   employee427                   
Employee428                   employee428                   
Employee429                   employee429                   
Employee430                   employee430                   
Employee431                   employee431                   
Employee432                   employee432                   
Employee433                   employee433                   
Employee434                   employee434                   
Employee435                   employee435                   
Employee436                   employee436                   
Employee437                   employee437                   
Employee438                   employee438                   
Employee439                   employee439                   
Employee440                   employee440                   
Employee441                   employee441                   
Employee442                   employee442                   
Employee443                   employee443                   
Employee444                   employee444                   
Employee445                   employee445                   
Employee446                   employee446                   
Employee447                   employee447                   
Employee448                   employee448                   
Employee449                   employee449                   
Employee450                   employee450                   
Employee451                   employee451                   
Employee452                   employee452                   
Employee453                   employee453                   
Employee454                   employee454                   
Employee455                   employee455                   
Employee456                   employee456                   
Employee457                   employee457                   
Employee458                   employee458                   
Employee459                   employee459                   
Employee460                   employee460                   
Employee461                   employee461                   
Employee462                   employee462                   
Employee463                   employee463                   
Employee464                   employee464                   
Employee465                   employee465                   
Employee466                   employee466                   
Employee467                   employee467                   
Employee468                   employee468                   
Employee469                   employee469                   
Employee470                   employee470                   
Employee471                   employee471                   
Employee472                   employee472                   
Employee473                   employee473                   
Employee474                   employee474                   
Employee475                   employee475                   
Employee476                   employee476                   
Employee477                   employee477                   
Employee478                   employee478                   
Employee479                   employee479                   
Employee480                   employee480                   
Employee481                   employee481                   
Employee482                   employee482                   
Employee483                   employee483                   
Employee484                   employee484                   
Employee485                   employee485                   
Employee486                   employee486                   
Employee487                   employee487                   
Employee488                   employee488                   
Employee489                   employee489                   
Employee490                   employee490                   
Employee491                   employee491                   
Employee492                   employee492                   
Employee493                   employee493                   
Employee494                   employee494                   
Employee495                   employee495                   
Employee496                   employee496                   
Employee497                   employee497                   
Employee498                   employee498                   
Employee499                   employee499                   
Employee500                   employee500                   
Employee501                   employee501                   
Employee502                   employee502                   
Employee503                   employee503                   
Employee504                   employee504                   
Employee505                   employee505                   
Employee506                   employee506                   
Employee507                   employee507                   
Employee508                   employee508                   
Employee509                   employee509                   
Employee510                   employee510                   
Employee511                   employee511                   
Employee512                   employee512                   
Employee513                   employee513                   
Employee514                   employee514                   
Employee515                   employee515                   
Employee516                   employee516                   
Employee517                   employee517                   
Employee518                   employee518                   
Employee519                   employee519                   
Employee520                   employee520                   
Employee521                   employee521                   
Employee522                   employee522                   
Employee523                   employee523                   
Employee524                   employee524                   
Employee525                   employee525                   
Employee526                   employee526                   
Employee527                   employee527                   
Employee528                   employee528                   
Employee529                   employee529                   
Employee530                   employee530                   
Employee531                   employee531                   
Employee532                   employee532                   
Employee533                   employee533                   
Employee534                   employee534                   
Employee535                   employee535                   
Employee536                   employee536                   
Employee537                   employee537                   
Employee538                   employee538                   
Employee539                   employee539                   
Employee540                   employee540                   
Employee541                   employee541                   
Employee542                   employee542                   
Employee543                   employee543                   
Employee544                   employee544                   
Employee545                   employee545                   
Employee546                   employee546                   
Employee547                   employee547                   
Employee548                   employee548                   
Employee549                   employee549                   
Employee550                   employee550                   
Employee551                   employee551                   
Employee552                   employee552                   
Employee553                   employee553                   
Employee554                   employee554                   
Employee555                   employee555                   
Employee556                   employee556                   
Employee557                   employee557                   
Employee558                   employee558                   
Employee559                   employee559                   
Employee560                   employee560                   
Employee561                   employee561                   
Employee562                   employee562                   
Employee563                   employee563                   
Employee564                   employee564                   
Employee565                   employee565                   
Employee566                   employee566                   
Employee567                   employee567                   
Employee568                   employee568                   
Employee569                   employee569                   
Employee570                   employee570                   
Employee571                   employee571                   
Employee572                   employee572                   
Employee573                   employee573                   
Employee574                   employee574                   
Employee575                   employee575                   
Employee576                   employee576                   
Employee577                   employee577                   
Employee578                   employee578                   
Employee579                   employee579                   
Employee580                   employee580                   
Employee581                   employee581                   
Employee582                   employee582                   
Employee583                   employee583                   
Employee584                   employee584                   
Employee585                   employee585                   
Employee586                   employee586                   
Employee587                   employee587                   
Employee588                   employee588                   
Employee589                   employee589                   
Employee590                   employee590                   
Employee591                   employee591                   
Employee592                   employee592                   
Employee593                   employee593                   
Employee594                   employee594                   
Employee595                   employee595                   
Employee596                   employee596                   
Employee597                   employee597                   
Employee598                   employee598                   
Employee599                   employee599                   
Employee600                   employee600                   
Employee601                   employee601                   
Employee602                   employee602                   
Employee603                   employee603                   
Employee604                   employee604                   
Employee605                   employee605                   
Employee606                   employee606                   
Employee607                   employee607                   
Employee608                   employee608                   
Employee609                   employee609                   
Employee610                   employee610                   
Employee611                   employee611                   
Employee612                   employee612                   
Employee613                   employee613                   
Employee614                   employee614                   
Employee615                   employee615                   
Employee616                   employee616                   
Employee617                   employee617                   
Employee618                   employee618                   
Employee619                   employee619                   
Employee620                   employee620                   
Employee621                   employee621                   
Employee622                   employee622                   
Employee623                   employee623                   
Employee624                   employee624                   
Employee625                   employee625                   
Employee626                   employee626                   
Employee627                   employee627                   
Employee628                   employee628                   
Employee629                   employee629                   
Employee630                   employee630                   
Employee631                   employee631                   
Employee632                   employee632                   
Employee633                   employee633                   
Employee634                   employee634                   
Employee635                   employee635                   
Employee636                   employee636                   
Employee637                   employee637                   
Employee638                   employee638                   
Employee639                   employee639                   
Employee640                   employee640                   
Employee641                   employee641                   
Employee642                   employee642                   
Employee643                   employee643                   
Employee644                   employee644                   
Employee645                   employee645                   
Employee646                   employee646                   
Employee647                   employee647                   
Employee648                   employee648                   
Employee649                   employee649                   
Employee650                   employee650                   
Employee651                   employee651                   
Employee652                   employee652                   
Employee653                   employee653                   
Employee654                   employee654                   
Employee655                   employee655                   
Employee656                   employee656                   
Employee657                   employee657                   
Employee658                   employee658                   
Employee659                   employee659                   
Employee660                   employee660                   
Employee661                   employee661                   
Employee662                   employee662                   
Employee663                   employee663                   
Employee664                   employee664                   
Employee665                   employee665                   
Employee666                   employee666                   
Employee667                   employee667                   
Employee668                   employee668                   
Employee669                   employee669                   
Employee670                   employee670                   
Employee671                   employee671                   
Employee672                   employee672                   
Employee673                   employee673                   
Employee674                   employee674                   
Employee675                   employee675                   
Employee676                   employee676                   
Employee677                   employee677                   
Employee678                   employee678                   
Employee679                   employee679                   
Employee680                   employee680                   
Employee681                   employee681                   
Employee682                   employee682                   
Employee683                   employee683                   
Employee684                   employee684                   
Employee685                   employee685                   
Employee686                   employee686                   
Employee687                   employee687                   
Employee688                   employee688                   
Employee689                   employee689                   
Employee690                   employee690                   
Employee691                   employee691                   
Employee692                   employee692                   
Employee693                   employee693                   
Employee694                   employee694                   
Employee695                   employee695                   
Employee696                   employee696                   
Employee697                   employee697                   
Employee698                   employee698                   
Employee699                   employee699                   
Employee700                   employee700                   
Employee701                   employee701                   
Employee702                   employee702                   
Employee703                   employee703                   
Employee704                   employee704                   
Employee705                   employee705                   
Employee706                   employee706                   
Employee707                   employee707                   
Employee708                   employee708                   
Employee709                   employee709                   
Employee710                   employee710                   
Employee711                   employee711                   
Employee712                   employee712                   
Employee713                   employee713                   
Employee714                   employee714                   
Employee715                   employee715                   
Employee716                   employee716                   
Employee717                   employee717                   
Employee718                   employee718                   
Employee719                   employee719                   
Employee720                   employee720                   
Employee721                   employee721                   
Employee722                   employee722                   
Employee723                   employee723                   
Employee724                   employee724                   
Employee725                   employee725                   
Employee726                   employee726                   
Employee727                   employee727                   
Employee728                   employee728                   
Employee729                   employee729                   
Employee730                   employee730                   
Employee731                   employee731                   
Employee732                   employee732                   
Employee733                   employee733                   
Employee734                   employee734                   
Employee735                   employee735                   
Employee736                   employee736                   
Employee737                   employee737                   
Employee738                   employee738                   
Employee739                   employee739                   
Employee740                   employee740                   
Employee741                   employee741                   
Employee742                   employee742                   
Employee743                   employee743                   
Employee744                   employee744                   
Employee745                   employee745                   
Employee746                   employee746                   
Employee747                   employee747                   
Employee748                   employee748                   
Employee749                   employee749                   
Employee750                   employee750                   
Employee751                   employee751                   
Employee752                   employee752                   
Employee753                   employee753                   
Employee754                   employee754                   
Employee755                   employee755                   
Employee756                   employee756                   
Employee757                   employee757                   
Employee758                   employee758                   
Employee759                   employee759                   
Employee760                   employee760                   
Employee761                   employee761                   
Employee762                   employee762                   
Employee763                   employee763                   
Employee764                   employee764                   
Employee765                   employee765                   
Employee766                   employee766                   
Employee767                   employee767                   
Employee768                   employee768                   
Employee769                   employee769                   
Employee770                   employee770                   
Employee771                   employee771                   
Employee772                   employee772                   
Employee773                   employee773                   
Employee774                   employee774                   
Employee775                   employee775                   
Employee776                   employee776                   
Employee777                   employee777                   
Employee778                   employee778                   
Employee779                   employee779                   
Employee780                   employee780                   
Employee781                   employee781                   
Employee782                   employee782                   
Employee783                   employee783                   
Employee784                   employee784                   
Employee785                   employee785                   
Employee786                   employee786                   
Employee787                   employee787                   
Employee788                   employee788                   
Employee789                   employee789                   
Employee790                   employee790                   
Employee791                   employee791                   
Employee792                   employee792                   
Employee793                   employee793                   
Employee794                   employee794                   
Employee795                   employee795                   
Employee796                   employee796                   
Employee797                   employee797                   
Employee798                   employee798                   
Employee799                   employee799                   
Employee800                   employee800                   
Employee801                   employee801                   
Employee802                   employee802                   
Employee803                   employee803                   
Employee804                   employee804                   
Employee805                   employee805                   
Employee806                   employee806                   
Employee807                   employee807                   
Employee808                   employee808                   
Employee809                   employee809                   
Employee810                   employee810                   
Employee811                   employee811                   
Employee812                   employee812                   
Employee813                   employee813                   
Employee814                   employee814                   
Employee815                   employee815                   
Employee816                   employee816                   
Employee817                   employee817                   
Employee818                   employee818                   
Employee819                   employee819                   
Employee820                   employee820                   
Employee821                   employee821                   
Employee822                   employee822                   
Employee823                   employee823                   
Employee824                   employee824                   
Employee825                   employee825                   
Employee826                   employee826                   
Employee827                   employee827                   
Employee828                   employee828                   
Employee829                   employee829                   
Employee830                   employee830                   
Employee831                   employee831                   
Employee832                   employee832                   
Employee833                   employee833                   
Employee834                   employee834                   
Employee835                   employee835                   
Employee836                   employee836                   
Employee837                   employee837                   
Employee838                   employee838                   
Employee839                   employee839                   
Employee840                   employee840                   
Employee841                   employee841                   
Employee842                   employee842                   
Employee843                   employee843                   
Employee844                   employee844                   
Employee845                   employee845                   
Employee846                   employee846                   
Employee847                   employee847                   
Employee848                   employee848                   
Employee849                   employee849                   
Employee850                   employee850                   
Employee851                   employee851                   
Employee852                   employee852                   
Employee853                   employee853                   
Employee854                   employee854                   
Employee855                   employee855                   
Employee856                   employee856                   
Employee857                   employee857                   
Employee858                   employee858                   
Employee859                   employee859                   
Employee860                   employee860                   
Employee861                   employee861                   
Employee862                   employee862                   
Employee863                   employee863                   
Employee864                   employee864                   
Employee865                   employee865                   
Employee866                   employee866                   
Employee867                   employee867                   
Employee868                   employee868                   
Employee869                   employee869                   
Employee870                   employee870                   
Employee871                   employee871                   
Employee872                   employee872                   
Employee873                   employee873                   
Employee874                   employee874                   
Employee875                   employee875                   
Employee876                   employee876                   
Employee877                   employee877                   
Employee878                   employee878                   
Employee879                   employee879                   
Employee880                   employee880                   
Employee881                   employee881                   
Employee882                   employee882                   
Employee883                   employee883                   
Employee884                   employee884                   
Employee885                   employee885                   
Employee886                   employee886                   
Employee887                   employee887                   
Employee888                   employee888                   
Employee889                   employee889                   
Employee890                   employee890                   
Employee891                   employee891                   
Employee892                   employee892                   
Employee893                   employee893                   
Employee894                   employee894                   
Employee895                   employee895                   
Employee896                   employee896                   
Employee897                   employee897                   
Employee898                   employee898                   
Employee899                   employee899                   
Employee900                   employee900                   
Employee901                   employee901                   
Employee902                   employee902                   
Employee903                   employee903                   
Employee904                   employee904                   
Employee905                   employee905                   
Employee906                   employee906                   
Employee907                   employee907                   
Employee908                   employee908                   
Employee909                   employee909                   
Employee910                   employee910                   
Employee911                   employee911                   
Employee912                   employee912                   
Employee913                   employee913                   
Employee914                   employee914                   
Employee915                   employee915                   
Employee916                   employee916                   
Employee917                   employee917                   
Employee918                   employee918                   
Employee919                   employee919                   
Employee920                   employee920                   
Employee921                   employee921                   
Employee922                   employee922                   
Employee923                   employee923                   
Employee924                   employee924                   
Employee925                   employee925                   
Employee926                   employee926                   
Employee927                   employee927                   
Employee928                   employee928                   
Employee929                   employee929                   
Employee930                   employee930                   
Employee931                   employee931                   
Employee932                   employee932                   
Employee933                   employee933                   
Employee934                   employee934                   
Employee935                   employee935                   
Employee936                   employee936                   
Employee937                   employee937                   
Employee938                   employee938                   
Employee939                   employee939                   
Employee940                   employee940                   
Employee941                   employee941                   
Employee942                   employee942                   
Employee943                   employee943                   
Employee944                   employee944                   
Employee945                   employee945                   
Employee946                   employee946                   
Employee947                   employee947                   
Employee948                   employee948                   
Employee949                   employee949                   
Employee950                   employee950                   
Employee951                   employee951                   
Employee952                   employee952                   
Employee953                   employee953                   
Employee954                   employee954                   
Employee955                   employee955                   
Employee956                   employee956                   
Employee957                   employee957                   
Employee958                   employee958                   
Employee959                   employee959                   
Employee960                   employee960                   
Employee961                   employee961                   
Employee962                   employee962                   
Employee963                   employee963                   
Employee964                   employee964                   
Employee965                   employee965                   
Employee966                   employee966                   
Employee967                   employee967                   
Employee968                   employee968                   
Employee969                   employee969                   
Employee970                   employee970                   
Employee971                   employee971                   
Employee972                   employee972                   
Employee973                   employee973                   
Employee974                   employee974                   
Employee975                   employee975                   
Employee976                   employee976                   
Employee977                   employee977                   
Employee978                   employee978                   
Employee979                   employee979                   
Employee980                   employee980                   
Employee981                   employee981                   
Employee982                   employee982                   
Employee983                   employee983                   
Employee984                   employee984                   
Employee985                   employee985                   
Employee986                   employee986                   
Employee987                   employee987                   
Employee988                   employee988                   
Employee989                   employee989                   
Employee990                   employee990                   
Employee991                   employee991                   
Employee992                   employee992                   
Employee993                   employee993                   
Employee994                   employee994                   
Employee995                   employee995                   
Employee996                   employee996                   
Employee997                   employee997                   
Employee998                   employee998                   
Employee999                   employee999                   
Employee1000                  employee1000                  
Employee1001                  employee1001                  
Employee1002                  employee1002                  
Employee1003                  employee1003                  
Employee1004                  employee1004                  
Employee1005                  employee1005                  
Employee1006                  employee1006                  
Employee1007                  employee1007                  
Employee1008                  employee1008                  
Employee1009                  employee1009                  
Employee1010                  employee1010                  
Employee1011                  employee1011                  
Employee1012                  employee1012                  
Employee1013                  employee1013                  
Employee1014                  employee1014                  
Employee1015                  employee1015                  
Employee1016                  employee1016                  
Employee1017                  employee1017                  
Employee1018                  employee1018                  
Employee1019                  employee1019                  
Employee1020                  employee1020                  
Employee1021                  employee1021                  
Employee1022                  employee1022                  
Employee1023                  employee1023                  
Employee1024                  employee1024                  
Employee1025                  employee1025                  
Employee1026                  employee1026                  
Employee1027                  employee1027                  
Employee1028                  employee1028                  
Employee1029                  employee1029                  
Employee1030                  employee1030                  
Employee1031                  employee1031                  
Employee1032                  employee1032                  
Employee1033                  employee1033                  
Employee1034                  employee1034                  
Employee1035                  employee1035                  
Employee1036                  employee1036                  
Employee1037                  employee1037                  
Employee1038                  employee1038                  
Employee1039                  employee1039                  
Employee1040                  employee1040                  
Employee1041                  employee1041                  
Employee1042                  employee1042                  
Employee1043                  employee1043                  
Employee1044                  employee1044                  
Employee1045                  employee1045                  
Employee1046                  employee1046                  
Employee1047                  employee1047                  
Employee1048                  employee1048                  
Employee1049                  employee1049                  
Employee1050                  employee1050                  
Employee1051                  employee1051                  
Employee1052                  employee1052                  
Employee1053                  employee1053                  
Employee1054                  employee1054                  
Employee1055                  employee1055                  
Employee1056                  employee1056                  
Employee1057                  employee1057                  
Employee1058                  employee1058                  
Employee1059                  employee1059                  
Employee1060                  employee1060                  
Employee1061                  employee1061                  
Employee1062                  employee1062                  
Employee1063                  employee1063                  
Employee1064                  employee1064                  
Employee1065                  employee1065                  
Employee1066                  employee1066                  
Employee1067                  employee1067                  
Employee1068                  employee1068                  
Employee1069                  employee1069                  
Employee1070                  employee1070                  
Employee1071                  employee1071                  
Employee1072                  employee1072                  
Employee1073                  employee1073                  
Employee1074                  employee1074                  
Employee1075                  employee1075                  
Employee1076                  employee1076                  
Employee1077                  employee1077                  
Employee1078                  employee1078                  
Employee1079                  employee1079                  
Employee1080                  employee1080                  
Employee1081                  employee1081                  
Employee1082                  employee1082                  
Employee1083                  employee1083                  
Employee1084                  employee1084                  
Employee1085                  employee1085                  
Employee1086                  employee1086                  
Employee1087                  employee1087                  
Employee1088                  employee1088                  
Employee1089                  employee1089                  
Employee1090                  employee1090                  
Employee1091                  employee1091                  
Employee1092                  employee1092                  
Employee1093                  employee1093                  
Employee1094                  employee1094                  
Employee1095                  employee1095                  
Employee1096                  employee1096                  
Employee1097                  employee1097                  
Employee1098                  employee1098                  
Employee1099                  employee1099                  
Employee1100                  employee1100                  
Employee1101                  employee1101                  
Employee1102                  employee1102                  
Employee1103                  employee1103                  
Employee1104                  employee1104                  
Employee1105                  employee1105                  
Employee1106                  employee1106                  
Employee1107                  employee1107                  
Employee1108                  employee1108                  
Employee1109                  employee1109                  
Employee1110                  employee1110                  
Employee1111                  employee1111                  
Employee1112                  employee1112                  
Employee1113                  employee1113                  
Employee1114                  employee1114                  
Employee1115                  employee1115                  
Employee1116                  employee1116                  
Employee1117                  employee1117                  
Employee1118                  employee1118                  
Employee1119                  employee1119                  
Employee1120                  employee1120                  
Employee1121                  employee1121                  
Employee1122                  employee1122                  
Employee1123                  employee1123                  
Employee1124                  employee1124                  
Employee1125                  employee1125                  
Employee1126                  employee1126                  
Employee1127                  employee1127                  
Employee1128                  employee1128                  
Employee1129                  employee1129                  
Employee1130                  employee1130                  
Employee1131                  employee1131                  
Employee1132                  employee1132                  
Employee1133                  employee1133                  
Employee1134                  employee1134                  
Employee1135                  employee1135                  
Employee1136                  employee1136                  
Employee1137                  employee1137                  
Employee1138                  employee1138                  
Employee1139                  employee1139                  
Employee1140                  employee1140                  
Employee1141                  employee1141                  
Employee1142                  employee1142                  
Employee1143                  employee1143                  
Employee1144                  employee1144                  
Employee1145                  employee1145                  
Employee1146                  employee1146                  
Employee1147                  employee1147                  
Employee1148                  employee1148                  
Employee1149                  employee1149                  
Employee1150                  employee1150                  
Employee1151                  employee1151                  
Employee1152                  employee1152                  
Employee1153                  employee1153                  
Employee1154                  employee1154                  
Employee1155                  employee1155                  
Employee1156                  employee1156                  
Employee1157                  employee1157                  
Employee1158                  employee1158                  
Employee1159                  employee1159                  
Employee1160                  employee1160                  
Employee1161                  employee1161                  
Employee1162                  employee1162                  
Employee1163                  employee1163                  
Employee1164                  employee1164                  
Employee1165                  employee1165                  
Employee1166                  employee1166                  
Employee1167                  employee1167                  
Employee1168                  employee1168                  
Employee1169                  employee1169                  
Employee1170                  employee1170                  
Employee1171                  employee1171                  
Employee1172                  employee1172                  
Employee1173                  employee1173                  
Employee1174                  employee1174                  
Employee1175                  employee1175                  
Employee1176                  employee1176                  
Employee1177                  employee1177                  
Employee1178                  employee1178                  
Employee1179                  employee1179                  
Employee1180                  employee1180                  
Employee1181                  employee1181                  
Employee1182                  employee1182                  
Employee1183                  employee1183                  
Employee1184                  employee1184                  
Employee1185                  employee1185                  
Employee1186                  employee1186                  
Employee1187                  employee1187                  
Employee1188                  employee1188                  
Employee1189                  employee1189                  
Employee1190                  employee1190                  
Employee1191                  employee1191                  
Employee1192                  employee1192                  
Employee1193                  employee1193                  
Employee1194                  employee1194                  
Employee1195                  employee1195                  
Employee1196                  employee1196                  
Employee1197                  employee1197                  
Employee1198                  employee1198                  
Employee1199                  employee1199                  
Employee1200                  employee1200                  
Employee1201                  employee1201                  
Employee1202                  employee1202                  
Employee1203                  employee1203                  
Employee1204                  employee1204                  
Employee1205                  employee1205                  
Employee1206                  employee1206                  
Employee1207                  employee1207                  
Employee1208                  employee1208                  
Employee1209                  employee1209                  
Employee1210                  employee1210                  
Employee1211                  employee1211                  
Employee1212                  employee1212                  
Employee1213                  employee1213                  
Employee1214                  employee1214                  
Employee1215                  employee1215                  
Employee1216                  employee1216                  
Employee1217                  employee1217                  
Employee1218                  employee1218                  
Employee1219                  employee1219                  
Employee1220                  employee1220                  
Employee1221                  employee1221                  
Employee1222                  employee1222                  
Employee1223                  employee1223                  
Employee1224                  employee1224                  
Employee1225                  employee1225                  
Employee1226                  employee1226                  
Employee1227                  employee1227                  
Employee1228                  employee1228                  
Employee1229                  employee1229                  
Employee1230                  employee1230                  
Employee1231                  employee1231                  
Employee1232                  employee1232                  
Employee1233                  employee1233                  
Employee1234                  employee1234                  
Employee1235                  employee1235                  
Employee1236                  employee1236                  
Employee1237                  employee1237                  
Employee1238                  employee1238                  
Employee1239                  employee1239                  
Employee1240                  employee1240                  
Employee1241                  employee1241                  
Employee1242                  employee1242                  
Employee1243                  employee1243                  
Employee1244                  employee1244                  
Employee1245                  employee1245                  
Employee1246                  employee1246                  
Employee1247                  employee1247                  
Employee1248                  employee1248                  
Employee1249                  employee1249                  
Employee1250                  employee1250                  
Employee1251                  employee1251                  
Employee1252                  employee1252                  
Employee1253                  employee1253                  
Employee1254                  employee1254                  
Employee1255                  employee1255                  
Employee1256                  employee1256                  
Employee1257                  employee1257                  
Employee1258                  employee1258                  
Employee1259                  employee1259                  
Employee1260                  employee1260                  
Employee1261                  employee1261                  
Employee1262                  employee1262                  
Employee1263                  employee1263                  
Employee1264                  employee1264                  
Employee1265                  employee1265                  
Employee1266                  employee1266                  
Employee1267                  employee1267                  
Employee1268                  employee1268                  
Employee1269                  employee1269                  
Employee1270                  employee1270                  
Employee1271                  employee1271                  
Employee1272                  employee1272                  
Employee1273                  employee1273                  
Employee1274                  employee1274                  
Employee1275                  employee1275                  
Employee1276                  employee1276                  
Employee1277                  employee1277                  
Employee1278                  employee1278                  
Employee1279                  employee1279                  
Employee1280                  employee1280                  
Employee1281                  employee1281                  
Employee1282                  employee1282                  
Employee1283                  employee1283                  
Employee1284                  employee1284                  
Employee1285                  employee1285                  
Employee1286                  employee1286                  
Employee1287                  employee1287                  
Employee1288                  employee1288                  
Employee1289                  employee1289                  
Employee1290                  employee1290                  
Employee1291                  employee1291                  
Employee1292                  employee1292                  
Employee1293                  employee1293                  
Employee1294                  employee1294                  
Employee1295                  employee1295                  
Employee1296                  employee1296                  
Employee1297                  employee1297                  
Employee1298                  employee1298                  
Employee1299                  employee1299                  
Employee1300                  employee1300                  
Employee1301                  employee1301                  
Employee1302                  employee1302                  
Employee1303                  employee1303                  
Employee1304                  employee1304                  
Employee1305                  employee1305                  
Employee1306                  employee1306                  
Employee1307                  employee1307                  
Employee1308                  employee1308                  
Employee1309                  employee1309                  
Employee1310                  employee1310                  
Employee1311                  employee1311                  
Employee1312                  employee1312                  
Employee1313                  employee1313                  
Employee1314                  employee1314                  
Employee1315                  employee1315                  
Employee1316                  employee1316                  
Employee1317                  employee1317                  
Employee1318                  employee1318                  
Employee1319                  employee1319                  
Employee1320                  employee1320                  
Employee1321                  employee1321                  
Employee1322                  employee1322                  
Employee1323                  employee1323                  
Employee1324                  employee1324                  
Employee1325                  employee1325                  
Employee1326                  employee1326                  
Employee1327                  employee1327                  
Employee1328                  employee1328                  
Employee1329                  employee1329                  
Employee1330                  employee1330                  
Employee1331                  employee1331                  
Employee1332                  employee1332                  
Employee1333                  employee1333                  
Employee1334                  employee1334                  
Employee1335                  employee1335                  
Employee1336                  employee1336                  
Employee1337                  employee1337                  
Employee1338                  employee1338                  
Employee1339                  employee1339                  
Employee1340                  employee1340                  
Employee1341                  employee1341                  
Employee1342                  employee1342                  
Employee1343                  employee1343                  
Employee1344                  employee1344                  
Employee1345                  employee1345                  
Employee1346                  employee1346                  
Employee1347                  employee1347                  
Employee1348                  employee1348                  
Employee1349                  employee1349                  
Employee1350                  employee1350                  
Employee1351                  employee1351                  
Employee1352                  employee1352                  
Employee1353                  employee1353                  
Employee1354                  employee1354                  
Employee1355                  employee1355                  
Employee1356                  employee1356                  
Employee1357                  employee1357                  
Employee1358                  employee1358                  
Employee1359                  employee1359                  
Employee1360                  employee1360                  
Employee1361                  employee1361                  
Employee1362                  employee1362                  
Employee1363                  employee1363                  
Employee1364                  employee1364                  
Employee1365                  employee1365                  
Employee1366                  employee1366                  
Employee1367                  employee1367                  
Employee1368                  employee1368                  
Employee1369                  employee1369                  
Employee1370                  employee1370                  
Employee1371                  employee1371                  
Employee1372                  employee1372                  
Employee1373                  employee1373                  
Employee1374                  employee1374                  
Employee1375                  employee1375                  
Employee1376                  employee1376                  
Employee1377                  employee1377                  
Employee1378                  employee1378                  
Employee1379                  employee1379                  
Employee1380                  employee1380                  
Employee1381                  employee1381                  
Employee1382                  employee1382                  
Employee1383                  employee1383                  
Employee1384                  employee1384                  
Employee1385                  employee1385                  
Employee1386                  employee1386                  
Employee1387                  employee1387                  
Employee1388                  employee1388                  
Employee1389                  employee1389                  
Employee1390                  employee1390                  
Employee1391                  employee1391                  
Employee1392                  employee1392                  
Employee1393                  employee1393                  
Employee1394                  employee1394                  
Employee1395                  employee1395                  
Employee1396                  employee1396                  
Employee1397                  employee1397                  
Employee1398                  employee1398                  
Employee1399                  employee1399                  
Employee1400                  employee1400                  
Employee1401                  employee1401                  
Employee1402                  employee1402                  
Employee1403                  employee1403                  
Employee1404                  employee1404                  
Employee1405                  employee1405                  
Employee1406                  employee1406                  
Employee1407                  employee1407                  
Employee1408                  employee1408                  
Employee1409                  employee1409                  
Employee1410                  employee1410                  
Employee1411                  employee1411                  
Employee1412                  employee1412                  
Employee1413                  employee1413                  
Employee1414                  employee1414                  
Employee1415                  employee1415                  
Employee1416                  employee1416                  
Employee1417                  employee1417                  
Employee1418                  employee1418                  
Employee1419                  employee1419                  
Employee1420                  employee1420                  
Employee1421                  employee1421                  
Employee1422                  employee1422                  
Employee1423                  employee1423                  
Employee1424                  employee1424                  
Employee1425                  employee1425                  
Employee1426                  employee1426                  
Employee1427                  employee1427                  
Employee1428                  employee1428                  
Employee1429                  employee1429                  
Employee1430                  employee1430                  
Employee1431                  employee1431                  
Employee1432                  employee1432                  
Employee1433                  employee1433                  
Employee1434                  employee1434                  
Employee1435                  employee1435                  
Employee1436                  employee1436                  
Employee1437                  employee1437                  
Employee1438                  employee1438                  
Employee1439                  employee1439                  
Employee1440                  employee1440                  
Employee1441                  employee1441                  
Employee1442                  employee1442                  
Employee1443                  employee1443                  
Employee1444                  employee1444                  
Employee1445                  employee1445                  
Employee1446                  employee1446                  
Employee1447                  employee1447                  
Employee1448                  employee1448                  
Employee1449                  employee1449                  
Employee1450                  employee1450                  
Employee1451                  employee1451                  
Employee1452                  employee1452                  
Employee1453                  employee1453                  
Employee1454                  employee1454                  
Employee1455                  employee1455                  
Employee1456                  employee1456                  
Employee1457                  employee1457                  
Employee1458                  employee1458                  
Employee1459                  employee1459                  
Employee1460                  employee1460                  
Employee1461                  employee1461                  
Employee1462                  employee1462                  
Employee1463                  employee1463                  
Employee1464                  employee1464                  
Employee1465                  employee1465                  
Employee1466                  employee1466                  
Employee1467                  employee1467                  
Employee1468                  employee1468                  
Employee1469                  employee1469                  
Employee1470                  employee1470                  
Employee1471                  employee1471                  
Employee1472                  employee1472                  
Employee1473                  employee1473                  
Employee1474                  employee1474                  
Employee1475                  employee1475                  
Employee1476                  employee1476                  
Employee1477                  employee1477                  
Employee1478                  employee1478                  
Employee1479                  employee1479                  
Employee1480                  employee1480                  
Employee1481                  employee1481                  
Employee1482                  employee1482                  
Employee1483                  employee1483                  
Employee1484                  employee1484                  
Employee1485                  employee1485                  
Employee1486                  employee1486                  
Employee1487                  employee1487                  
Employee1488                  employee1488                  
Employee1489                  employee1489                  
Employee1490                  employee1490                  
Employee1491                  employee1491                  
Employee1492                  employee1492                  
Employee1493                  employee1493                  
Employee1494                  employee1494                  
Employee1495                  employee1495                  
Employee1496                  employee1496                  
Employee1497                  employee1497                  
Employee1498                  employee1498                  
Employee1499                  employee1499                  
Employee1500                  employee1500                  
Employee1501                  employee1501                  
Employee1502                  employee1502                  
Employee1503                  employee1503                  
Employee1504                  employee1504                  
Employee1505                  employee1505                  
Employee1506                  employee1506                  
Employee1507                  employee1507                  
Employee1508                  employee1508                  
Employee1509                  employee1509                  
Employee1510                  employee1510                  
Employee1511                  employee1511                  
Employee1512                  employee1512                  
Employee1513                  employee1513                  
Employee1514                  employee1514                  
Employee1515                  employee1515                  
Employee1516                  employee1516                  
Employee1517                  employee1517                  
Employee1518                  employee1518                  
Employee1519                  employee1519                  
Employee1520                  employee1520                  
Employee1521                  employee1521                  
Employee1522                  employee1522                  
Employee1523                  employee1523                  
Employee1524                  employee1524                  
Employee1525                  employee1525                  
Employee1526                  employee1526                  
Employee1527                  employee1527                  
Employee1528                  employee1528                  
Employee1529                  employee1529                  
Employee1530                  employee1530                  
Employee1531                  employee1531                  
Employee1532                  employee1532                  
Employee1533                  employee1533                  
Employee1534                  employee1534                  
Employee1535                  employee1535                  
Employee1536                  employee1536                  
Employee1537                  employee1537                  
Employee1538                  employee1538                  
Employee1539                  employee1539                  
Employee1540                  employee1540                  
Employee1541                  employee1541                  
Employee1542                  employee1542                  
Employee1543                  employee1543                  
Employee1544                  employee1544                  
Employee1545                  employee1545                  
Employee1546                  employee1546                  
Employee1547                  employee1547                  
Employee1548                  employee1548                  
Employee1549                  employee1549                  
Employee1550                  employee1550                  
Employee1551                  employee1551                  
Employee1552                  employee1552                  
Employee1553                  employee1553                  
Employee1554                  employee1554                  
Employee1555                  employee1555                  
Employee1556                  employee1556                  
Employee1557                  employee1557                  
Employee1558                  employee1558                  
Employee1559                  employee1559                  
Employee1560                  employee1560                  
Employee1561                  employee1561                  
Employee1562                  employee1562                  
Employee1563                  employee1563                  
Employee1564                  employee1564                  
Employee1565                  employee1565                  
Employee1566                  employee1566                  
Employee1567                  employee1567                  
Employee1568                  employee1568                  
Employee1569                  employee1569                  
Employee1570                  employee1570                  
Employee1571                  employee1571                  
Employee1572                  employee1572                  
Employee1573                  employee1573                  
Employee1574                  employee1574                  
Employee1575                  employee1575                  
Employee1576                  employee1576                  
Employee1577                  employee1577                  
Employee1578                  employee1578                  
Employee1579                  employee1579                  
Employee1580                  employee1580                  
Employee1581                  employee1581                  
Employee1582                  employee1582                  
Employee1583                  employee1583                  
Employee1584                  employee1584                  
Employee1585                  employee1585                  
Employee1586                  employee1586                  
Employee1587                  employee1587                  
Employee1588                  employee1588                  
Employee1589                  employee1589                  
Employee1590                  employee1590                  
Employee1591                  employee1591                  
Employee1592                  employee1592                  
Employee1593                  employee1593                  
Employee1594                  employee1594                  
Employee1595                  employee1595                  
Employee1596                  employee1596                  
Employee1597                  employee1597                  
Employee1598                  employee1598                  
Employee1599                  employee1599                  
Employee1600                  employee1600                  
Employee1601                  employee1601                  
Employee1602                  employee1602                  
Employee1603                  employee1603                  
Employee1604                  employee1604                  
Employee1605                  employee1605                  
Employee1606                  employee1606                  
Employee1607                  employee1607                  
Employee1608                  employee1608                  
Employee1609                  employee1609                  
Employee1610                  employee1610                  
Employee1611                  employee1611                  
Employee1612                  employee1612                  
Employee1613                  employee1613                  
Employee1614                  employee1614                  
Employee1615                  employee1615                  
Employee1616                  employee1616                  
Employee1617                  employee1617                  
Employee1618                  employee1618                  
Employee1619                  employee1619                  
Employee1620                  employee1620                  
Employee1621                  employee1621                  
Employee1622                  employee1622                  
Employee1623                  employee1623                  
Employee1624                  employee1624                  
Employee1625                  employee1625                  
Employee1626                  employee1626                  
Employee1627                  employee1627                  
Employee1628                  employee1628                  
Employee1629                  employee1629                  
Employee1630                  employee1630                  
Employee1631                  employee1631                  
Employee1632                  employee1632                  
Employee1633                  employee1633                  
Employee1634                  employee1634                  
Employee1635                  employee1635                  
Employee1636                  employee1636                  
Employee1637                  employee1637                  
Employee1638                  employee1638                  
Employee1639                  employee1639                  
Employee1640                  employee1640                  
Employee1641                  employee1641                  
Employee1642                  employee1642                  
Employee1643                  employee1643                  
Employee1644                  employee1644                  
Employee1645                  employee1645                  
Employee1646                  employee1646                  
Employee1647                  employee1647                  
Employee1648                  employee1648                  
Employee1649                  employee1649                  
Employee1650                  employee1650                  
Employee1651                  employee1651                  
Employee1652                  employee1652                  
Employee1653                  employee1653                  
Employee1654                  employee1654                  
Employee1655                  employee1655                  
Employee1656                  employee1656                  
Employee1657                  employee1657                  
Employee1658                  employee1658                  
Employee1659                  employee1659                  
Employee1660                  employee1660                  
Employee1661                  employee1661                  
Employee1662                  employee1662                  
Employee1663                  employee1663                  
Employee1664                  employee1664                  
Employee1665                  employee1665                  
Employee1666                  employee1666                  
Employee1667                  employee1667                  
Employee1668                  employee1668                  
Employee1669                  employee1669                  
Employee1670                  employee1670                  
Employee1671                  employee1671                  
Employee1672                  employee1672                  
Employee1673                  employee1673                  
Employee1674                  employee1674                  
Employee1675                  employee1675                  
Employee1676                  employee1676                  
Employee1677                  employee1677                  
Employee1678                  employee1678                  
Employee1679                  employee1679                  
Employee1680                  employee1680                  
Employee1681                  employee1681                  
Employee1682                  employee1682                  
Employee1683                  employee1683                  
Employee1684                  employee1684                  
Employee1685                  employee1685                  
Employee1686                  employee1686                  
Employee1687                  employee1687                  
Employee1688                  employee1688                  
Employee1689                  employee1689                  
Employee1690                  employee1690                  
Employee1691                  employee1691                  
Employee1692                  employee1692                  
Employee1693                  employee1693                  
Employee1694                  employee1694                  
Employee1695                  employee1695                  
Employee1696                  employee1696                  
Employee1697                  employee1697                  
Employee1698                  employee1698                  
Employee1699                  employee1699                  
Employee1700                  employee1700                  
Employee1701                  employee1701                  
Employee1702                  employee1702                  
Employee1703                  employee1703                  
Employee1704                  employee1704                  
Employee1705                  employee1705                  
Employee1706                  employee1706                  
Employee1707                  employee1707                  
Employee1708                  employee1708                  
Employee1709                  employee1709                  
Employee1710                  employee1710                  
Employee1711                  employee1711                  
Employee1712                  employee1712                  
Employee1713                  employee1713                  
Employee1714                  employee1714                  
Employee1715                  employee1715                  
Employee1716                  employee1716                  
Employee1717                  employee1717                  
Employee1718                  employee1718                  
Employee1719                  employee1719                  
Employee1720                  employee1720                  
Employee1721                  employee1721                  
Employee1722                  employee1722                  
Employee1723                  employee1723                  
Employee1724                  employee1724                  
Employee1725                  employee1725                  
Employee1726                  employee1726                  
Employee1727                  employee1727                  
Employee1728                  employee1728                  
Employee1729                  employee1729                  
Employee1730                  employee1730                  
Employee1731                  employee1731                  
Employee1732                  employee1732                  
Employee1733                  employee1733                  
Employee1734                  employee1734                  
Employee1735                  employee1735                  
Employee1736                  employee1736                  
Employee1737                  employee1737                  
Employee1738                  employee1738                  
Employee1739                  employee1739                  
Employee1740                  employee1740                  
Employee1741                  employee1741                  
Employee1742                  employee1742                  
Employee1743                  employee1743                  
Employee1744                  employee1744                  
Employee1745                  employee1745                  
Employee1746                  employee1746                  
Employee1747                  employee1747                  
Employee1748                  employee1748                  
Employee1749                  employee1749                  
Employee1750                  employee1750                  
Employee1751                  employee1751                  
Employee1752                  employee1752                  
Employee1753                  employee1753                  
Employee1754                  employee1754                  
Employee1755                  employee1755                  
Employee1756                  employee1756                  
Employee1757                  employee1757                  
Employee1758                  employee1758                  
Employee1759                  employee1759                  
Employee1760                  employee1760                  
Employee1761                  employee1761                  
Employee1762                  employee1762                  
Employee1763                  employee1763                  
Employee1764                  employee1764                  
Employee1765                  employee1765                  
Employee1766                  employee1766                  
Employee1767                  employee1767                  
Employee1768                  employee1768                  
Employee1769                  employee1769                  
Employee1770                  employee1770                  
Employee1771                  employee1771                  
Employee1772                  employee1772                  
Employee1773                  employee1773                  
Employee1774                  employee1774                  
Employee1775                  employee1775                  
Employee1776                  employee1776                  
Employee1777                  employee1777                  
Employee1778                  employee1778                  
Employee1779                  employee1779                  
Employee1780                  employee1780                  
Employee1781                  employee1781                  
Employee1782                  employee1782                  
Employee1783                  employee1783                  
Employee1784                  employee1784                  
Employee1785                  employee1785                  
Employee1786                  employee1786                  
Employee1787                  employee1787                  
Employee1788                  employee1788                  
Employee1789                  employee1789                  
Employee1790                  employee1790                  
Employee1791                  employee1791                  
Employee1792                  employee1792                  
Employee1793                  employee1793                  
Employee1794                  employee1794                  
Employee1795                  employee1795                  
Employee1796                  employee1796                  
Employee1797                  employee1797                  
Employee1798                  employee1798                  
Employee1799                  employee1799                  
Employee1800                  employee1800                  
Employee1801                  employee1801                  
Employee1802                  employee1802                  
Employee1803                  employee1803                  
Employee1804                  employee1804                  
Employee1805                  employee1805                  
Employee1806                  employee1806                  
Employee1807                  employee1807                  
Employee1808                  employee1808                  
Employee1809                  employee1809                  
Employee1810                  employee1810                  
Employee1811                  employee1811                  
Employee1812                  employee1812                  
Employee1813                  employee1813                  
Employee1814                  employee1814                  
Employee1815                  employee1815                  
Employee1816                  employee1816                  
Employee1817                  employee1817                  
Employee1818                  employee1818                  
Employee1819                  employee1819                  
Employee1820                  employee1820                  
Employee1821                  employee1821                  
Employee1822                  employee1822                  
Employee1823                  employee1823                  
Employee1824                  employee1824                  
Employee1825                  employee1825                  
Employee1826                  employee1826                  
Employee1827                  employee1827                  
Employee1828                  employee1828                  
Employee1829                  employee1829                  
Employee1830                  employee1830                  
Employee1831                  employee1831                  
Employee1832                  employee1832                  
Employee1833                  employee1833                  
Employee1834                  employee1834                  
Employee1835                  employee1835                  
Employee1836                  employee1836                  
Employee1837                  employee1837                  
Employee1838                  employee1838                  
Employee1839                  employee1839                  
Employee1840                  employee1840                  
Employee1841                  employee1841                  
Employee1842                  employee1842                  
Employee1843                  employee1843                  
Employee1844                  employee1844                  
Employee1845                  employee1845                  
Employee1846                  employee1846                  
Employee1847                  employee1847                  
Employee1848                  employee1848                  
Employee1849                  employee1849                  
Employee1850                  employee1850                  
Employee1851                  employee1851                  
Employee1852                  employee1852                  
Employee1853                  employee1853                  
Employee1854                  employee1854                  
Employee1855                  employee1855                  
Employee1856                  employee1856                  
Employee1857                  employee1857                  
Employee1858                  employee1858                  
Employee1859                  employee1859                  
Employee1860                  employee1860                  
Employee1861                  employee1861                  
Employee1862                  employee1862                  
Employee1863                  employee1863                  
Employee1864                  employee1864                  
Employee1865                  employee1865                  
Employee1866                  employee1866                  
Employee1867                  employee1867                  
Employee1868                  employee1868                  
Employee1869                  employee1869                  
Employee1870                  employee1870                  
Employee1871                  employee1871                  
Employee1872                  employee1872                  
Employee1873                  employee1873                  
Employee1874                  employee1874                  
Employee1875                  employee1875                  
Employee1876                  employee1876                  
Employee1877                  employee1877                  
Employee1878                  employee1878                  
Employee1879                  employee1879                  
Employee1880                  employee1880                  
Employee1881                  employee1881                  
Employee1882                  employee1882                  
Employee1883                  employee1883                  
Employee1884                  employee1884                  
Employee1885                  employee1885                  
Employee1886                  employee1886                  
Employee1887                  employee1887                  
Employee1888                  employee1888                  
Employee1889                  employee1889                  
Employee1890                  employee1890                  
Employee1891                  employee1891                  
Employee1892                  employee1892                  
Employee1893                  employee1893                  
Employee1894                  employee1894                  
Employee1895                  employee1895                  
Employee1896                  employee1896                  
Employee1897                  employee1897                  
Employee1898                  employee1898                  
Employee1899                  employee1899                  
Employee1900                  employee1900                  
Employee1901                  employee1901                  
Employee1902                  employee1902                  
Employee1903                  employee1903                  
Employee1904                  employee1904                  
Employee1905                  employee1905                  
Employee1906                  employee1906                  
Employee1907                  employee1907                  
Employee1908                  employee1908                  
Employee1909                  employee1909                  
Employee1910                  employee1910                  
Employee1911                  employee1911                  
Employee1912                  employee1912                  
Employee1913                  employee1913                  
Employee1914                  employee1914                  
Employee1915                  employee1915                  
Employee1916                  employee1916                  
Employee1917                  employee1917                  
Employee1918                  employee1918                  
Employee1919                  employee1919                  
Employee1920                  employee1920                  
Employee1921                  employee1921                  
Employee1922                  employee1922                  
Employee1923                  employee1923                  
Employee1924                  employee1924                  
Employee1925                  employee1925                  
Employee1926                  employee1926                  
Employee1927                  employee1927                  
Employee1928                  employee1928                  
Employee1929                  employee1929                  
Employee1930                  employee1930                  
Employee1931                  employee1931                  
Employee1932                  employee1932                  
Employee1933                  employee1933                  
Employee1934                  employee1934                  
Employee1935                  employee1935                  
Employee1936                  employee1936                  
Employee1937                  employee1937                  
Employee1938                  employee1938                  
Employee1939                  employee1939                  
Employee1940                  employee1940                  
Employee1941                  employee1941                  
Employee1942                  employee1942                  
Employee1943                  employee1943                  
Employee1944                  employee1944                  
Employee1945                  employee1945                  
Employee1946                  employee1946                  
Employee1947                  employee1947                  
Employee1948                  employee1948                  
Employee1949                  employee1949                  
Employee1950                  employee1950                  
Employee1951                  employee1951                  
Employee1952                  employee1952                  
Employee1953                  employee1953                  
Employee1954                  employee1954                  
Employee1955                  employee1955                  
Employee1956                  employee1956                  
Employee1957                  employee1957                  
Employee1958                  employee1958                  
Employee1959                  employee1959                  
Employee1960                  employee1960                  
Employee1961                  employee1961                  
Employee1962                  employee1962                  
Employee1963                  employee1963                  
Employee1964                  employee1964                  
Employee1965                  employee1965                  
Employee1966                  employee1966                  
Employee1967                  employee1967                  
Employee1968                  employee1968                  
Employee1969                  employee1969                  
Employee1970                  employee1970                  
Employee1971                  employee1971                  
Employee1972                  employee1972                  
Employee1973                  employee1973                  
Employee1974                  employee1974                  
Employee1975                  employee1975                  
Employee1976                  employee1976                  
Employee1977                  employee1977                  
Employee1978                  employee1978                  
Employee1979                  employee1979                  
Employee1980                  employee1980                  
Employee1981                  employee1981                  
Employee1982                  employee1982                  
Employee1983                  employee1983                  
Employee1984                  employee1984                  
Employee1985                  employee1985                  
Employee1986                  employee1986                  
Employee1987                  employee1987                  
Employee1988                  employee1988                  
Employee1989                  employee1989                  
Employee1990                  employee1990                  
Employee1991                  employee1991                  
Employee1992                  employee1992                  
Employee1993                  employee1993                  
Employee1994                  employee1994                  
Employee1995                  employee1995                  
Employee1996                  employee1996                  
Employee1997                  employee1997                  
Employee1998                  employee1998                  
Employee1999                  employee1999                  
Employee2000                  employee2000                  
Employee2001                  employee2001                  
Employee2002                  employee2002                  
Employee2003                  employee2003                  
Employee2004                  employee2004                  
Employee2005                  employee2005                  
Employee2006                  employee2006                  
Employee2007                  employee2007                  
Employee2008                  employee2008                  
Employee2009                  employee2009                  
Employee2010                  employee2010                  
Employee2011                  employee2011                  
Employee2012                  employee2012                  
Employee2013                  employee2013                  
Employee2014                  employee2014                  
Employee2015                  employee2015                  
Employee2016                  employee2016                  
Employee2017                  employee2017                  
Employee2018                  employee2018                  
Employee2019                  employee2019                  
Employee2020                  employee2020                  
Employee2021                  employee2021                  
Employee2022                  employee2022                  
Employee2023                  employee2023                  
Employee2024                  employee2024                  
Employee2025                  employee2025                  
Employee2026                  employee2026                  
Employee2027                  employee2027                  
Employee2028                  employee2028                  
Employee2029                  employee2029                  
Employee2030                  employee2030                  
Employee2031                  employee2031                  
Employee2032                  employee2032                  
Employee2033                  employee2033                  
Employee2034                  employee2034                  
Employee2035                  employee2035                  
Employee2036                  employee2036                  
Employee2037                  employee2037                  
Employee2038                  employee2038                  
Employee2039                  employee2039                  
Employee2040                  employee2040                  
Employee2041                  employee2041                  
Employee2042                  employee2042                  
Employee2043                  employee2043                  
Employee2044                  employee2044                  
Employee2045                  employee2045                  
Employee2046                  employee2046                  
Employee2047                  employee2047                  
Employee2048                  employee2048                  
Employee2049                  employee2049                  
Employee2050                  employee2050                  
Employee2051                  employee2051                  
Employee2052                  employee2052                  
Employee2053                  employee2053                  
Employee2054                  employee2054                  
Employee2055                  employee2055                  
Employee2056                  employee2056                  
Employee2057                  employee2057                  
Employee2058                  employee2058                  
Employee2059                  employee2059                  
Employee2060                  employee2060                  
Employee2061                  employee2061                  
Employee2062                  employee2062                  
Employee2063                  employee2063                  
Employee2064                  employee2064                  
Employee2065                  employee2065                  
Employee2066                  employee2066                  
Employee2067                  employee2067                  
Employee2068                  employee2068                  
Employee2069                  employee2069                  
Employee2070                  employee2070                  
Employee2071                  employee2071                  
Employee2072                  employee2072                  
Employee2073                  employee2073                  
Employee2074                  employee2074                  
Employee2075                  employee2075                  
Employee2076                  employee2076                  
Employee2077                  employee2077                  
Employee2078                  employee2078                  
Employee2079                  employee2079                  
Employee2080                  employee2080                  
Employee2081                  employee2081                  
Employee2082                  employee2082                  
Employee2083                  employee2083                  
Employee2084                  employee2084                  
Employee2085                  employee2085                  
Employee2086                  employee2086                  
Employee2087                  employee2087                  
Employee2088                  employee2088                  
Employee2089                  employee2089                  
Employee2090                  employee2090                  
Employee2091                  employee2091                  
Employee2092                  employee2092                  
Employee2093                  employee2093                  
Employee2094                  employee2094                  
Employee2095                  employee2095                  
Employee2096                  employee2096                  
Employee2097                  employee2097                  
Employee2098                  employee2098                  
Employee2099                  employee2099                  
Employee2100                  employee2100                  
Employee2101                  employee2101                  
Employee2102                  employee2102                  
Employee2103                  employee2103                  
Employee2104                  employee2104                  
Employee2105                  employee2105                  
Employee2106                  employee2106                  
Employee2107                  employee2107                  
Employee2108                  employee2108                  
Employee2109                  employee2109                  
Employee2110                  employee2110                  
Employee2111                  employee2111                  
Employee2112                  employee2112                  
Employee2113                  employee2113                  
Employee2114                  employee2114                  
Employee2115                  employee2115                  
Employee2116                  employee2116                  
Employee2117                  employee2117                  
Employee2118                  employee2118                  
Employee2119                  employee2119                  
Employee2120                  employee2120                  
Employee2121                  employee2121                  
Employee2122                  employee2122                  
Employee2123                  employee2123                  
Employee2124                  employee2124                  
Employee2125                  employee2125                  
Employee2126                  employee2126                  
Employee2127                  employee2127                  
Employee2128                  employee2128                  
Employee2129                  employee2129                  
Employee2130                  employee2130                  
Employee2131                  employee2131                  
Employee2132                  employee2132                  
Employee2133                  employee2133                  
Employee2134                  employee2134                  
Employee2135                  employee2135                  
Employee2136                  employee2136                  
Employee2137                  employee2137                  
Employee2138                  employee2138                  
Employee2139                  employee2139                  
Employee2140                  employee2140                  
Employee2141                  employee2141                  
Employee2142                  employee2142                  
Employee2143                  employee2143                  
Employee2144                  employee2144                  
Employee2145                  employee2145                  
Employee2146                  employee2146                  
Employee2147                  employee2147                  
Employee2148                  employee2148                  
Employee2149                  employee2149                  
Employee2150                  employee2150                  
Employee2151                  employee2151                  
Employee2152                  employee2152                  
Employee2153                  employee2153                  
Employee2154                  employee2154                  
Employee2155                  employee2155                  
Employee2156                  employee2156                  
Employee2157                  employee2157                  
Employee2158                  employee2158                  
Employee2159                  employee2159                  
Employee2160                  employee2160                  
Employee2161                  employee2161                  
Employee2162                  employee2162                  
Employee2163                  employee2163                  
Employee2164                  employee2164                  
Employee2165                  employee2165                  
Employee2166                  employee2166                  
Employee2167                  employee2167                  
Employee2168                  employee2168                  
Employee2169                  employee2169                  
Employee2170                  employee2170                  
Employee2171                  employee2171                  
Employee2172                  employee2172                  
Employee2173                  employee2173                  
Employee2174                  employee2174                  
Employee2175                  employee2175                  
Employee2176                  employee2176                  
Employee2177                  employee2177                  
Employee2178                  employee2178                  
Employee2179                  employee2179                  
Employee2180                  employee2180                  
Employee2181                  employee2181                  
Employee2182                  employee2182                  
Employee2183                  employee2183                  
Employee2184                  employee2184                  
Employee2185                  employee2185                  
Employee2186                  employee2186                  
Employee2187                  employee2187                  
Employee2188                  employee2188                  
Employee2189                  employee2189                  
Employee2190                  employee2190                  
Employee2191                  employee2191                  
Employee2192                  employee2192                  
Employee2193                  employee2193                  
Employee2194                  employee2194                  
Employee2195                  employee2195                  
Employee2196                  employee2196                  
Employee2197                  employee2197                  
Employee2198                  employee2198                  
Employee2199                  employee2199                  
Employee2200                  employee2200                  
Employee2201                  employee2201                  
Employee2202                  employee2202                  
Employee2203                  employee2203                  
Employee2204                  employee2204                  
Employee2205                  employee2205                  
Employee2206                  employee2206                  
Employee2207                  employee2207                  
Employee2208                  employee2208                  
Employee2209                  employee2209                  
Employee2210                  employee2210                  
Employee2211                  employee2211                  
Employee2212                  employee2212                  
Employee2213                  employee2213                  
Employee2214                  employee2214                  
Employee2215                  employee2215                  
Employee2216                  employee2216                  
Employee2217                  employee2217                  
Employee2218                  employee2218                  
Employee2219                  employee2219                  
Employee2220                  employee2220                  
Employee2221                  employee2221                  
Employee2222                  employee2222                  
Employee2223                  employee2223                  
Employee2224                  employee2224                  
Employee2225                  employee2225                  
Employee2226                  employee2226                  
Employee2227                  employee2227                  
Employee2228                  employee2228                  
Employee2229                  employee2229                  
Employee2230                  employee2230                  
Employee2231                  employee2231                  
Employee2232                  employee2232                  
Employee2233                  employee2233                  
Employee2234                  employee2234                  
Employee2235                  employee2235                  
Employee2236                  employee2236                  
Employee2237                  employee2237                  
Employee2238                  employee2238                  
Employee2239                  employee2239                  
Employee2240                  employee2240                  
Employee2241                  employee2241                  
Employee2242                  employee2242                  
Employee2243                  employee2243                  
Employee2244                  employee2244                  
Employee2245                  employee2245                  
Employee2246                  employee2246                  
Employee2247                  employee2247                  
Employee2248                  employee2248                  
Employee2249                  employee2249                  
Employee2250                  employee2250                  
Employee2251                  employee2251                  
Employee2252                  employee2252                  
Employee2253                  employee2253                  
Employee2254                  employee2254                  
Employee2255                  employee2255                  
Employee2256                  employee2256                  
Employee2257                  employee2257                  
Employee2258                  employee2258                  
Employee2259                  employee2259                  
Employee2260                  employee2260                  
Employee2261                  employee2261                  
Employee2262                  employee2262                  
Employee2263                  employee2263                  
Employee2264                  employee2264                  
Employee2265                  employee2265                  
Employee2266                  employee2266                  
Employee2267                  employee2267                  
Employee2268                  employee2268                  
Employee2269                  employee2269                  
Employee2270                  employee2270                  
Employee2271                  employee2271                  
Employee2272                  employee2272                  
Employee2273                  employee2273                  
Employee2274                  employee2274                  
Employee2275                  employee2275                  
Employee2276                  employee2276                  
Employee2277                  employee2277                  
Employee2278                  employee2278                  
Employee2279                  employee2279                  
Employee2280                  employee2280                  
Employee2281                  employee2281                  
Employee2282                  employee2282                  
Employee2283                  employee2283                  
Employee2284                  employee2284                  
Employee2285                  employee2285                  
Employee2286                  employee2286                  
Employee2287                  employee2287                  
Employee2288                  employee2288                  
Employee2289                  employee2289                  
Employee2290                  employee2290                  
Employee2291                  employee2291                  
Employee2292                  employee2292                  
Employee2293                  employee2293                  
Employee2294                  employee2294                  
Employee2295                  employee2295                  
Employee2296                  employee2296                  
Employee2297                  employee2297                  
Employee2298                  employee2298                  
Employee2299                  employee2299                  
Employee2300                  employee2300                  
Employee2301                  employee2301                  
Employee2302                  employee2302                  
Employee2303                  employee2303                  
Employee2304                  employee2304                  
Employee2305                  employee2305                  
Employee2306                  employee2306                  
Employee2307                  employee2307                  
Employee2308                  employee2308                  
Employee2309                  employee2309                  
Employee2310                  employee2310                  
Employee2311                  employee2311                  
Employee2312                  employee2312                  
Employee2313                  employee2313                  
Employee2314                  employee2314                  
Employee2315                  employee2315                  
Employee2316                  employee2316                  
Employee2317                  employee2317                  
Employee2318                  employee2318                  
Employee2319                  employee2319                  
Employee2320                  employee2320                  
Employee2321                  employee2321                  
Employee2322                  employee2322                  
Employee2323                  employee2323                  
Employee2324                  employee2324                  
Employee2325                  employee2325                  
Employee2326                  employee2326                  
Employee2327                  employee2327                  
Employee2328                  employee2328                  
Employee2329                  employee2329                  
Employee2330                  employee2330                  
Employee2331                  employee2331                  
Employee2332                  employee2332                  
Employee2333                  employee2333                  
Employee2334                  employee2334                  
Employee2335                  employee2335                  
Employee2336                  employee2336                  
Employee2337                  employee2337                  
Employee2338                  employee2338                  
Employee2339                  employee2339                  
Employee2340                  employee2340                  
Employee2341                  employee2341                  
Employee2342                  employee2342                  
Employee2343                  employee2343                  
Employee2344                  employee2344                  
Employee2345                  employee2345                  
Employee2346                  employee2346                  
Employee2347                  employee2347                  
Employee2348                  employee2348                  
Employee2349                  employee2349                  
Employee2350                  employee2350                  
Employee2351                  employee2351                  
Employee2352                  employee2352                  
Employee2353                  employee2353                  
Employee2354                  employee2354                  
Employee2355                  employee2355                  
Employee2356                  employee2356                  
Employee2357                  employee2357                  
Employee2358                  employee2358                  
Employee2359                  employee2359                  
Employee2360                  employee2360                  
Employee2361                  employee2361                  
Employee2362                  employee2362                  
Employee2363                  employee2363                  
Employee2364                  employee2364                  
Employee2365                  employee2365                  
Employee2366                  employee2366                  
Employee2367                  employee2367                  
Employee2368                  employee2368                  
Employee2369                  employee2369                  
Employee2370                  employee2370                  
Employee2371                  employee2371                  
Employee2372                  employee2372                  
Employee2373                  employee2373                  
Employee2374                  employee2374                  
Employee2375                  employee2375                  
Employee2376                  employee2376                  
Employee2377                  employee2377                  
Employee2378                  employee2378                  
Employee2379                  employee2379                  
Employee2380                  employee2380                  
Employee2381                  employee2381                  
Employee2382                  employee2382                  
Employee2383                  employee2383                  
Employee2384                  employee2384                  
Employee2385                  employee2385                  
Employee2386                  employee2386                  
Employee2387                  employee2387                  
Employee2388                  employee2388                  
Employee2389                  employee2389                  
Employee2390                  employee2390                  
Employee2391                  employee2391                  
Employee2392                  employee2392                  
Employee2393                  employee2393                  
Employee2394                  employee2394                  
Employee2395                  employee2395                  
Employee2396                  employee2396                  
Employee2397                  employee2397                  
Employee2398                  employee2398                  
Employee2399                  employee2399                  
Employee2400                  employee2400                  
Employee2401                  employee2401                  
Employee2402                  employee2402                  
Employee2403                  employee2403                  
Employee2404                  employee2404                  
Employee2405                  employee2405                  
Employee2406                  employee2406                  
Employee2407                  employee2407                  
Employee2408                  employee2408                  
Employee2409                  employee2409                  
Employee2410                  employee2410                  
Employee2411                  employee2411                  
Employee2412                  employee2412                  
Employee2413                  employee2413                  
Employee2414                  employee2414                  
Employee2415                  employee2415                  
Employee2416                  employee2416                  
Employee2417                  employee2417                  
Employee2418                  employee2418                  
Employee2419                  employee2419                  
Employee2420                  employee2420                  
Employee2421                  employee2421                  
Employee2422                  employee2422                  
Employee2423                  employee2423                  
Employee2424                  employee2424                  
Employee2425                  employee2425                  
Employee2426                  employee2426                  
Employee2427                  employee2427                  
Employee2428                  employee2428                  
Employee2429                  employee2429                  
Employee2430                  employee2430                  
Employee2431                  employee2431                  
Employee2432                  employee2432                  
Employee2433                  employee2433                  
Employee2434                  employee2434                  
Employee2435                  employee2435                  
Employee2436                  employee2436                  
Employee2437                  employee2437                  
Employee2438                  employee2438                  
Employee2439                  employee2439                  
Employee2440                  employee2440                  
Employee2441                  employee2441                  
Employee2442                  employee2442                  
Employee2443                  employee2443                  
Employee2444                  employee2444                  
Employee2445                  employee2445                  
Employee2446                  employee2446                  
Employee2447                  employee2447                  
Employee2448                  employee2448                  
Employee2449                  employee2449                  
Employee2450                  employee2450                  
Employee2451                  employee2451                  
Employee2452                  employee2452                  
Employee2453                  employee2453                  
Employee2454                  employee2454                  
Employee2455                  employee2455                  
Employee2456                  employee2456                  
Employee2457                  employee2457                  
Employee2458                  employee2458                  
Employee2459                  employee2459                  
Employee2460                  employee2460                  
Employee2461                  employee2461                  
Employee2462                  employee2462                  
Employee2463                  employee2463                  
Employee2464                  employee2464                  
Employee2465                  employee2465                  
Employee2466                  employee2466                  
Employee2467                  employee2467                  
Employee2468                  employee2468                  
Employee2469                  employee2469                  
Employee2470                  employee2470                  
Employee2471                  employee2471                  
Employee2472                  employee2472                  
Employee2473                  employee2473                  
Employee2474                  employee2474                  
Employee2475                  employee2475                  
Employee2476                  employee2476                  
Employee2477                  employee2477                  
Employee2478                  employee2478                  
Employee2479                  employee2479                  
Employee2480                  employee2480                  
Employee2481                  employee2481                  
Employee2482                  employee2482                  
Employee2483                  employee2483                  
Employee2484                  employee2484                  
Employee2485                  employee2485                  
Employee2486                  employee2486                  
Employee2487                  employee2487                  
Employee2488                  employee2488                  
Employee2489                  employee2489                  
Employee2490                  employee2490                  
Employee2491                  employee2491                  
Employee2492                  employee2492                  
Employee2493                  employee2493                  
Employee2494                  employee2494                  
Employee2495                  employee2495                  
Employee2496                  employee2496                  
Employee2497                  employee2497                  
Employee2498                  employee2498                  
Employee2499                  employee2499                  
Employee2500                  employee2500                  
Employee2501                  employee2501                  
Employee2502                  employee2502                  
Employee2503                  employee2503                  
Employee2504                  employee2504                  
Employee2505                  employee2505                  
Employee2506                  employee2506                  
Employee2507                  employee2507                  
Employee2508                  employee2508                  
Employee2509                  employee2509                  
Employee2510                  employee2510                  
Employee2511                  employee2511                  
Employee2512                  employee2512                  
Employee2513                  employee2513                  
Employee2514                  employee2514                  
Employee2515                  employee2515                  
Employee2516                  employee2516                  
Employee2517                  employee2517                  
Employee2518                  employee2518                  
Employee2519                  employee2519                  
Employee2520                  employee2520                  
Employee2521                  employee2521                  
Employee2522                  employee2522                  
Employee2523                  employee2523                  
Employee2524                  employee2524                  
Employee2525                  employee2525                  
Employee2526                  employee2526                  
Employee2527                  employee2527                  
Employee2528                  employee2528                  
Employee2529                  employee2529                  
Employee2530                  employee2530                  
Employee2531                  employee2531                  
Employee2532                  employee2532                  
Employee2533                  employee2533                  
Employee2534                  employee2534                  
Employee2535                  employee2535                  
Employee2536                  employee2536                  
Employee2537                  employee2537                  
Employee2538                  employee2538                  
Employee2539                  employee2539                  
Employee2540                  employee2540                  
Employee2541                  employee2541                  
Employee2542                  employee2542                  
Employee2543                  employee2543                  
Employee2544                  employee2544                  
Employee2545                  employee2545                  
Employee2546                  employee2546                  
Employee2547                  employee2547                  
Employee2548                  employee2548                  
Employee2549                  employee2549                  
Employee2550                  employee2550                  
Employee2551                  employee2551                  
Employee2552                  employee2552                  
Employee2553                  employee2553                  
Employee2554                  employee2554                  
Employee2555                  employee2555                  
Employee2556                  employee2556                  
Employee2557                  employee2557                  
Employee2558                  employee2558                  
Employee2559                  employee2559                  
Employee2560                  employee2560                  
Employee2561                  employee2561                  
Employee2562                  employee2562                  
Employee2563                  employee2563                  
Employee2564                  employee2564                  
Employee2565                  employee2565                  
Employee2566                  employee2566                  
Employee2567                  employee2567                  
Employee2568                  employee2568                  
Employee2569                  employee2569                  
Employee2570                  employee2570                  
Employee2571                  employee2571                  
Employee2572                  employee2572                  
Employee2573                  employee2573                  
Employee2574                  employee2574                  
Employee2575                  employee2575                  
Employee2576                  employee2576                  
Employee2577                  employee2577                  
Employee2578                  employee2578                  
Employee2579                  employee2579                  
Employee2580                  employee2580                  
Employee2581                  employee2581                  
Employee2582                  employee2582                  
Employee2583                  employee2583                  
Employee2584                  employee2584                  
Employee2585                  employee2585                  
Employee2586                  employee2586                  
Employee2587                  employee2587                  
Employee2588                  employee2588                  
Employee2589                  employee2589                  
Employee2590                  employee2590                  
Employee2591                  employee2591                  
Employee2592                  employee2592                  
Employee2593                  employee2593                  
Employee2594                  employee2594                  
Employee2595                  employee2595                  
Employee2596                  employee2596                  
Employee2597                  employee2597                  
Employee2598                  employee2598                  
Employee2599                  employee2599                  
Employee2600                  employee2600                  
Employee2601                  employee2601                  
Employee2602                  employee2602                  
Employee2603                  employee2603                  
Employee2604                  employee2604                  
Employee2605                  employee2605                  
Employee2606                  employee2606                  
Employee2607                  employee2607                  
Employee2608                  employee2608                  
Employee2609                  employee2609                  
Employee2610                  employee2610                  
Employee2611                  employee2611                  
Employee2612                  employee2612                  
Employee2613                  employee2613                  
Employee2614                  employee2614                  
Employee2615                  employee2615                  
Employee2616                  employee2616                  
Employee2617                  employee2617                  
Employee2618                  employee2618                  
Employee2619                  employee2619                  
Employee2620                  employee2620                  
Employee2621                  employee2621                  
Employee2622                  employee2622                  
Employee2623                  employee2623                  
Employee2624                  employee2624                  
Employee2625                  employee2625                  
Employee2626                  employee2626                  
Employee2627                  employee2627                  
Employee2628                  employee2628                  
Employee2629                  employee2629                  
Employee2630                  employee2630                  
Employee2631                  employee2631                  
Employee2632                  employee2632                  
Employee2633                  employee2633                  
Employee2634                  employee2634                  
Employee2635                  employee2635                  
Employee2636                  employee2636                  
Employee2637                  employee2637                  
Employee2638                  employee2638                  
Employee2639                  employee2639                  
Employee2640                  employee2640                  
Employee2641                  employee2641                  
Employee2642                  employee2642                  
Employee2643                  employee2643                  
Employee2644                  employee2644                  
Employee2645                  employee2645                  
Employee2646                  employee2646                  
Employee2647                  employee2647                  
Employee2648                  employee2648                  
Employee2649                  employee2649                  
Employee2650                  employee2650                  
Employee2651                  employee2651                  
Employee2652                  employee2652                  
Employee2653                  employee2653                  
Employee2654                  employee2654                  
Employee2655                  employee2655                  
Employee2656                  employee2656                  
Employee2657                  employee2657                  
Employee2658                  employee2658                  
Employee2659                  employee2659                  
Employee2660                  employee2660                  
Employee2661                  employee2661                  
Employee2662                  employee2662                  
Employee2663                  employee2663                  
Employee2664                  employee2664                  
Employee2665                  employee2665                  
Employee2666                  employee2666                  
Employee2667                  employee2667                  
Employee2668                  employee2668                  
Employee2669                  employee2669                  
Employee2670                  employee2670                  
Employee2671                  employee2671                  
Employee2672                  employee2672                  
Employee2673                  employee2673                  
Employee2674                  employee2674                  
Employee2675                  employee2675                  
Employee2676                  employee2676                  
Employee2677                  employee2677                  
Employee2678                  employee2678                  
Employee2679                  employee2679                  
Employee2680                  employee2680                  
Employee2681                  employee2681                  
Employee2682                  employee2682                  
Employee2683                  employee2683                  
Employee2684                  employee2684                  
Employee2685                  employee2685                  
Employee2686                  employee2686                  
Employee2687                  employee2687                  
Employee2688                  employee2688                  
Employee2689                  employee2689                  
Employee2690                  employee2690                  
Employee2691                  employee2691                  
Employee2692                  employee2692                  
Employee2693                  employee2693                  
Employee2694                  employee2694                  
Employee2695                  employee2695                  
Employee2696                  employee2696                  
Employee2697                  employee2697                  
Employee2698                  employee2698                  
Employee2699                  employee2699                  
Employee2700                  employee2700                  
Employee2701                  employee2701                  
Employee2702                  employee2702                  
Employee2703                  employee2703                  
Employee2704                  employee2704                  
Employee2705                  employee2705                  
Employee2706                  employee2706                  
Employee2707                  employee2707                  
Employee2708                  employee2708                  
Employee2709                  employee2709                  
Employee2710                  employee2710                  
Employee2711                  employee2711                  
Employee2712                  employee2712                  
Employee2713                  employee2713                  
Employee2714                  employee2714                  
Employee2715                  employee2715                  
Employee2716                  employee2716                  
Employee2717                  employee2717                  
Employee2718                  employee2718                  
Employee2719                  employee2719                  
Employee2720                  employee2720                  
Employee2721                  employee2721                  
Employee2722                  employee2722                  
Employee2723                  employee2723                  
Employee2724                  employee2724                  
Employee2725                  employee2725                  
Employee2726                  employee2726                  
Employee2727                  employee2727                  
Employee2728                  employee2728                  
Employee2729                  employee2729                  
Employee2730                  employee2730                  
Employee2731                  employee2731                  
Employee2732                  employee2732                  
Employee2733                  employee2733                  
Employee2734                  employee2734                  
Employee2735                  employee2735                  
Employee2736                  employee2736                  
Employee2737                  employee2737                  
Employee2738                  employee2738                  
Employee2739                  employee2739                  
Employee2740                  employee2740                  
Employee2741                  employee2741                  
Employee2742                  employee2742                  
Employee2743                  employee2743                  
Employee2744                  employee2744                  
Employee2745                  employee2745                  
Employee2746                  employee2746                  
Employee2747                  employee2747                  
Employee2748                  employee2748                  
Employee2749                  employee2749                  
Employee2750                  employee2750                  
Employee2751                  employee2751                  
Employee2752                  employee2752                  
Employee2753                  employee2753                  
Employee2754                  employee2754                  
Employee2755                  employee2755                  
Employee2756                  employee2756                  
Employee2757                  employee2757                  
Employee2758                  employee2758                  
Employee2759                  employee2759                  
Employee2760                  employee2760                  
Employee2761                  employee2761                  
Employee2762                  employee2762                  
Employee2763                  employee2763                  
Employee2764                  employee2764                  
Employee2765                  employee2765                  
Employee2766                  employee2766                  
Employee2767                  employee2767                  
Employee2768                  employee2768                  
Employee2769                  employee2769                  
Employee2770                  employee2770                  
Employee2771                  employee2771                  
Employee2772                  employee2772                  
Employee2773                  employee2773                  
Employee2774                  employee2774                  
Employee2775                  employee2775                  
Employee2776                  employee2776                  
Employee2777                  employee2777                  
Employee2778                  employee2778                  
Employee2779                  employee2779                  
Employee2780                  employee2780                  
Employee2781                  employee2781                  
Employee2782                  employee2782                  
Employee2783                  employee2783                  
Employee2784                  employee2784                  
Employee2785                  employee2785                  
Employee2786                  employee2786                  
Employee2787                  employee2787                  
Employee2788                  employee2788                  
Employee2789                  employee2789                  
Employee2790                  employee2790                  
Employee2791                  employee2791                  
Employee2792                  employee2792                  
Employee2793                  employee2793                  
Employee2794                  employee2794                  
Employee2795                  employee2795                  
Employee2796                  employee2796                  
Employee2797                  employee2797                  
Employee2798                  employee2798                  
Employee2799                  employee2799                  
Employee2800                  employee2800                  
Employee2801                  employee2801                  
Employee2802                  employee2802                  
Employee2803                  employee2803                  
Employee2804                  employee2804                  
Employee2805                  employee2805                  
Employee2806                  employee2806                  
Employee2807                  employee2807                  
Employee2808                  employee2808                  
Employee2809                  employee2809                  
Employee2810                  employee2810                  
Employee2811                  employee2811                  
Employee2812                  employee2812                  
Employee2813                  employee2813                  
Employee2814                  employee2814                  
Employee2815                  employee2815                  
Employee2816                  employee2816                  
Employee2817                  employee2817                  
Employee2818                  employee2818                  
Employee2819                  employee2819                  
Employee2820                  employee2820                  
Employee2821                  employee2821                  
Employee2822                  employee2822                  
Employee2823                  employee2823                  
Employee2824                  employee2824                  
Employee2825                  employee2825                  
Employee2826                  employee2826                  
Employee2827                  employee2827                  
Employee2828                  employee2828                  
Employee2829                  employee2829                  
Employee2830                  employee2830                  
Employee2831                  employee2831                  
Employee2832                  employee2832                  
Employee2833                  employee2833                  
Employee2834                  employee2834                  
Employee2835                  employee2835                  
Employee2836                  employee2836                  
Employee2837                  employee2837                  
Employee2838                  employee2838                  
Employee2839                  employee2839                  
Employee2840                  employee2840                  
Employee2841                  employee2841                  
Employee2842                  employee2842                  
Employee2843                  employee2843                  
Employee2844                  employee2844                  
Employee2845                  employee2845                  
Employee2846                  employee2846                  
Employee2847                  employee2847                  
Employee2848                  employee2848                  
Employee2849                  employee2849                  
Employee2850                  employee2850                  
Employee2851                  employee2851                  
Employee2852                  employee2852                  
Employee2853                  employee2853                  
Employee2854                  employee2854                  
Employee2855                  employee2855                  
Employee2856                  employee2856                  
Employee2857                  employee2857                  
Employee2858                  employee2858                  
Employee2859                  employee2859                  
Employee2860                  employee2860                  
Employee2861                  employee2861                  
Employee2862                  employee2862                  
Employee2863                  employee2863                  
Employee2864                  employee2864                  
Employee2865                  employee2865                  
Employee2866                  employee2866                  
Employee2867                  employee2867                  
Employee2868                  employee2868                  
Employee2869                  employee2869                  
Employee2870                  employee2870                  
Employee2871                  employee2871                  
Employee2872                  employee2872                  
Employee2873                  employee2873                  
Employee2874                  employee2874                  
Employee2875                  employee2875                  
Employee2876                  employee2876                  
Employee2877                  employee2877                  
Employee2878                  employee2878                  
Employee2879                  employee2879                  
Employee2880                  employee2880                  
Employee2881                  employee2881                  
Employee2882                  employee2882                  
Employee2883                  employee2883                  
Employee2884                  employee2884                  
Employee2885                  employee2885                  
Employee2886                  employee2886                  
Employee2887                  employee2887                  
Employee2888                  employee2888                  
Employee2889                  employee2889                  
Employee2890                  employee2890                  
Employee2891                  employee2891                  
Employee2892                  employee2892                  
Employee2893                  employee2893                  
Employee2894                  employee2894                  
Employee2895                  employee2895                  
Employee2896                  employee2896                  
Employee2897                  employee2897                  
Employee2898                  employee2898                  
Employee2899                  employee2899                  
Employee2900                  employee2900                  
Employee2901                  employee2901                  
Employee2902                  employee2902                  
Employee2903                  employee2903                  
Employee2904                  employee2904                  
Employee2905                  employee2905                  
Employee2906                  employee2906                  
Employee2907                  employee2907                  
Employee2908                  employee2908                  
Employee2909                  employee2909                  
Employee2910                  employee2910                  
Employee2911                  employee2911                  
Employee2912                  employee2912                  
Employee2913                  employee2913                  
Employee2914                  employee2914                  
Employee2915                  employee2915                  
Employee2916                  employee2916                  
Employee2917                  employee2917                  
Employee2918                  employee2918                  
Employee2919                  employee2919                  
Employee2920                  employee2920                  
Employee2921                  employee2921                  
Employee2922                  employee2922                  
Employee2923                  employee2923                  
Employee2924                  employee2924                  
Employee2925                  employee2925                  
Employee2926                  employee2926                  
Employee2927                  employee2927                  
Employee2928                  employee2928                  
Employee2929                  employee2929                  
Employee2930                  employee2930                  
Employee2931                  employee2931                  
Employee2932                  employee2932                  
Employee2933                  employee2933                  
Employee2934                  employee2934                  
Employee2935                  employee2935                  
Employee2936                  employee2936                  
Employee2937                  employee2937                  
Employee2938                  employee2938                  
Employee2939                  employee2939                  
Employee2940                  employee2940                  
Employee2941                  employee2941                  
Employee2942                  employee2942                  
Employee2943                  employee2943                  
Employee2944                  employee2944                  
Employee2945                  employee2945                  
Employee2946                  employee2946                  
Employee2947                  employee2947                  
Employee2948                  employee2948                  
Employee2949                  employee2949                  
Employee2950                  employee2950                  
Employee2951                  employee2951                  
Employee2952                  employee2952                  
Employee2953                  employee2953                  
Employee2954                  employee2954                  
Employee2955                  employee2955                  
Employee2956                  employee2956                  
Employee2957                  employee2957                  
Employee2958                  employee2958                  
Employee2959                  employee2959                  
Employee2960                  employee2960                  
Employee2961                  employee2961                  
Employee2962                  employee2962                  
Employee2963                  employee2963                  
Employee2964                  employee2964                  
Employee2965                  employee2965                  
Employee2966                  employee2966                  
Employee2967                  employee2967                  
Employee2968                  employee2968                  
Employee2969                  employee2969                  
Employee2970                  employee2970                  
Employee2971                  employee2971                  
Employee2972                  employee2972                  
Employee2973                  employee2973                  
Employee2974                  employee2974                  
Employee2975                  employee2975                  
Employee2976                  employee2976                  
Employee2977                  employee2977                  
Employee2978                  employee2978                  
Employee2979                  employee2979                  
Employee2980                  employee2980                  
Employee2981                  employee2981                  
Employee2982                  employee2982                  
Employee2983                  employee2983                  
Employee2984                  employee2984                  
Employee2985                  employee2985                  
Employee2986                  employee2986                  
Employee2987                  employee2987                  
Employee2988                  employee2988                  
Employee2989                  employee2989                  
Employee2990                  employee2990                  
Employee2991                  employee2991                  
Employee2992                  employee2992                  
Employee2993                  employee2993                  
Employee2994                  employee2994                  
Employee2995                  employee2995                  
Employee2996                  employee2996                  
Employee2997                  employee2997                  
Employee2998                  employee2998                  
Employee2999                  employee2999                  
Employee3000                  employee3000                  
Employee3001                  employee3001                  
Employee3002                  employee3002                  
Employee3003                  employee3003                  
Employee3004                  employee3004                  
Employee3005                  employee3005                  
Employee3006                  employee3006                  
Employee3007                  employee3007                  
Employee3008                  employee3008                  
Employee3009                  employee3009                  
Employee3010                  employee3010                  
Employee3011                  employee3011                  
Employee3012                  employee3012                  
Employee3013                  employee3013                  
Employee3014                  employee3014                  
Employee3015                  employee3015                  
Employee3016                  employee3016                  
Employee3017                  employee3017                  
Employee3018                  employee3018                  
Employee3019                  employee3019                  
Employee3020                  employee3020                  
Employee3021                  employee3021                  
Employee3022                  employee3022                  
Employee3023                  employee3023                  
Employee3024                  employee3024                  
Employee3025                  employee3025                  
Employee3026                  employee3026                  
Employee3027                  employee3027                  
Employee3028                  employee3028                  
Employee3029                  employee3029                  
Employee3030                  employee3030                  
Employee3031                  employee3031                  
Employee3032                  employee3032                  
Employee3033                  employee3033                  
Employee3034                  employee3034                  
Employee3035                  employee3035                  
Employee3036                  employee3036                  
Employee3037                  employee3037                  
Employee3038                  employee3038                  
Employee3039                  employee3039                  
Employee3040                  employee3040                  
Employee3041                  employee3041                  
Employee3042                  employee3042                  
Employee3043                  employee3043                  
Employee3044                  employee3044                  
Employee3045                  employee3045                  
Employee3046                  employee3046                  
Employee3047                  employee3047                  
Employee3048                  employee3048                  
Employee3049                  employee3049                  
Employee3050                  employee3050                  
Employee3051                  employee3051                  
Employee3052                  employee3052                  
Employee3053                  employee3053                  
Employee3054                  employee3054                  
Employee3055                  employee3055                  
Employee3056                  employee3056                  
Employee3057                  employee3057                  
Employee3058                  employee3058                  
Employee3059                  employee3059                  
Employee3060                  employee3060                  
Employee3061                  employee3061                  
Employee3062                  employee3062                  
Employee3063                  employee3063                  
Employee3064                  employee3064                  
Employee3065                  employee3065                  
Employee3066                  employee3066                  
Employee3067                  employee3067                  
Employee3068                  employee3068                  
Employee3069                  employee3069                  
Employee3070                  employee3070                  
Employee3071                  employee3071                  
Employee3072                  employee3072                  
Employee3073                  employee3073                  
Employee3074                  employee3074                  
Employee3075                  employee3075                  
Employee3076                  employee3076                  
Employee3077                  employee3077                  
Employee3078                  employee3078                  
Employee3079                  employee3079                  
Employee3080                  employee3080                  
Employee3081                  employee3081                  
Employee3082                  employee3082                  
Employee3083                  employee3083                  
Employee3084                  employee3084                  
Employee3085                  employee3085                  
Employee3086                  employee3086                  
Employee3087                  employee3087                  
Employee3088                  employee3088                  
Employee3089                  employee3089                  
Employee3090                  employee3090                  
Employee3091                  employee3091                  
Employee3092                  employee3092                  
Employee3093                  employee3093                  
Employee3094                  employee3094                  
Employee3095                  employee3095                  
Employee3096                  employee3096                  
Employee3097                  employee3097                  
Employee3098                  employee3098                  
Employee3099                  employee3099                  
Employee3100                  employee3100                  
Employee3101                  employee3101                  
Employee3102                  employee3102                  
Employee3103                  employee3103                  
Employee3104                  employee3104                  
Employee3105                  employee3105                  
Employee3106                  employee3106                  
Employee3107                  employee3107                  
Employee3108                  employee3108                  
Employee3109                  employee3109                  
Employee3110                  employee3110                  
Employee3111                  employee3111                  
Employee3112                  employee3112                  
Employee3113                  employee3113                  
Employee3114                  employee3114                  
Employee3115                  employee3115                  
Employee3116                  employee3116                  
Employee3117                  employee3117                  
Employee3118                  employee3118                  
Employee3119                  employee3119                  
Employee3120                  employee3120                  
Employee3121                  employee3121                  
Employee3122                  employee3122                  
Employee3123                  employee3123                  
Employee3124                  employee3124                  
Employee3125                  employee3125                  
Employee3126                  employee3126                  
Employee3127                  employee3127                  
Employee3128                  employee3128                  
Employee3129                  employee3129                  
Employee3130                  employee3130                  
Employee3131                  employee3131                  
Employee3132                  employee3132                  
Employee3133                  employee3133                  
Employee3134                  employee3134                  
Employee3135                  employee3135                  
Employee3136                  employee3136                  
Employee3137                  employee3137                  
Employee3138                  employee3138                  
Employee3139                  employee3139                  
Employee3140                  employee3140                  
Employee3141                  employee3141                  
Employee3142                  employee3142                  
Employee3143                  employee3143                  
Employee3144                  employee3144                  
Employee3145                  employee3145                  
Employee3146                  employee3146                  
Employee3147                  employee3147                  
Employee3148                  employee3148                  
Employee3149                  employee3149                  
Employee3150                  employee3150                  
Employee3151                  employee3151                  
Employee3152                  employee3152                  
Employee3153                  employee3153                  
Employee3154                  employee3154                  
Employee3155                  employee3155                  
Employee3156                  employee3156                  
Employee3157                  employee3157                  
Employee3158                  employee3158                  
Employee3159                  employee3159                  
Employee3160                  employee3160                  
Employee3161                  employee3161                  
Employee3162                  employee3162                  
Employee3163                  employee3163                  
Employee3164                  employee3164                  
Employee3165                  employee3165                  
Employee3166                  employee3166                  
Employee3167                  employee3167                  
Employee3168                  employee3168                  
Employee3169                  employee3169                  
Employee3170                  employee3170                  
Employee3171                  employee3171                  
Employee3172                  employee3172                  
Employee3173                  employee3173                  
Employee3174                  employee3174                  
Employee3175                  employee3175                  
Employee3176                  employee3176                  
Employee3177                  employee3177                  
Employee3178                  employee3178                  
Employee3179                  employee3179                  
Employee3180                  employee3180                  
Employee3181                  employee3181                  
Employee3182                  employee3182                  
Employee3183                  employee3183                  
Employee3184                  employee3184                  
Employee3185                  employee3185                  
Employee3186                  employee3186                  
Employee3187                  employee3187                  
Employee3188                  employee3188                  
Employee3189                  employee3189                  
Employee3190                  employee3190                  
Employee3191                  employee3191                  
Employee3192                  employee3192                  
Employee3193                  employee3193                  
Employee3194                  employee3194                  
Employee3195                  employee3195                  
Employee3196                  employee3196                  
Employee3197                  employee3197                  
Employee3198                  employee3198                  
Employee3199                  employee3199                  
Employee3200                  employee3200                  
Employee3201                  employee3201                  
Employee3202                  employee3202                  
Employee3203                  employee3203                  
Employee3204                  employee3204                  
Employee3205                  employee3205                  
Employee3206                  employee3206                  
Employee3207                  employee3207                  
Employee3208                  employee3208                  
Employee3209                  employee3209                  
Employee3210                  employee3210                  
Employee3211                  employee3211                  
Employee3212                  employee3212                  
Employee3213                  employee3213                  
Employee3214                  employee3214                  
Employee3215                  employee3215                  
Employee3216                  employee3216                  
Employee3217                  employee3217                  
Employee3218                  employee3218                  
Employee3219                  employee3219                  
Employee3220                  employee3220                  
Employee3221                  employee3221                  
Employee3222                  employee3222                  
Employee3223                  employee3223                  
Employee3224                  employee3224                  
Employee3225                  employee3225                  
Employee3226                  employee3226                  
Employee3227                  employee3227                  
Employee3228                  employee3228                  
Employee3229                  employee3229                  
Employee3230                  employee3230                  
Employee3231                  employee3231                  
Employee3232                  employee3232                  
Employee3233                  employee3233                  
Employee3234                  employee3234                  
Employee3235                  employee3235                  
Employee3236                  employee3236                  
Employee3237                  employee3237                  
Employee3238                  employee3238                  
Employee3239                  employee3239                  
Employee3240                  employee3240                  
Employee3241                  employee3241                  
Employee3242                  employee3242                  
Employee3243                  employee3243                  
Employee3244                  employee3244                  
Employee3245                  employee3245                  
Employee3246                  employee3246                  
Employee3247                  employee3247                  
Employee3248                  employee3248                  
Employee3249                  employee3249                  
Employee3250                  employee3250                  
Employee3251                  employee3251                  
Employee3252                  employee3252                  
Employee3253                  employee3253                  
Employee3254                  employee3254                  
Employee3255                  employee3255                  
Employee3256                  employee3256                  
Employee3257                  employee3257                  
Employee3258                  employee3258                  
Employee3259                  employee3259                  
Employee3260                  employee3260                  
Employee3261                  employee3261                  
Employee3262                  employee3262                  
Employee3263                  employee3263                  
Employee3264                  employee3264                  
Employee3265                  employee3265                  
Employee3266                  employee3266                  
Employee3267                  employee3267                  
Employee3268                  employee3268                  
Employee3269                  employee3269                  
Employee3270                  employee3270                  
Employee3271                  employee3271                  
Employee3272                  employee3272                  
Employee3273                  employee3273                  
Employee3274                  employee3274                  
Employee3275                  employee3275                  
Employee3276                  employee3276                  
Employee3277                  employee3277                  
Employee3278                  employee3278                  
Employee3279                  employee3279                  
Employee3280                  employee3280                  
Employee3281                  employee3281                  
Employee3282                  employee3282                  
Employee3283                  employee3283                  
Employee3284                  employee3284                  
Employee3285                  employee3285                  
Employee3286                  employee3286                  
Employee3287                  employee3287                  
Employee3288                  employee3288                  
Employee3289                  employee3289                  
Employee3290                  employee3290                  
Employee3291                  employee3291                  
Employee3292                  employee3292                  
Employee3293                  employee3293                  
Employee3294                  employee3294                  
Employee3295                  employee3295                  
Employee3296                  employee3296                  
Employee3297                  employee3297                  
Employee3298                  employee3298                  
Employee3299                  employee3299                  
Employee3300                  employee3300                  
Employee3301                  employee3301                  
Employee3302                  employee3302                  
Employee3303                  employee3303                  
Employee3304                  employee3304                  
Employee3305                  employee3305                  
Employee3306                  employee3306                  
Employee3307                  employee3307                  
Employee3308                  employee3308                  
Employee3309                  employee3309                  
Employee3310                  employee3310                  
Employee3311                  employee3311                  
Employee3312                  employee3312                  
Employee3313                  employee3313                  
Employee3314                  employee3314                  
Employee3315                  employee3315                  
Employee3316                  employee3316                  
Employee3317                  employee3317                  
Employee3318                  employee3318                  
Employee3319                  employee3319                  
Employee3320                  employee3320                  
Employee3321                  employee3321                  
Employee3322                  employee3322                  
Employee3323                  employee3323                  
Employee3324                  employee3324                  
Employee3325                  employee3325                  
Employee3326                  employee3326                  
Employee3327                  employee3327                  
Employee3328                  employee3328                  
Employee3329                  employee3329                  
Employee3330                  employee3330                  
Employee3331                  employee3331                  
Employee3332                  employee3332                  
Employee3333                  employee3333                  
Employee3334                  employee3334                  
Employee3335                  employee3335                  
Employee3336                  employee3336                  
Employee3337                  employee3337                  
Employee3338                  employee3338                  
Employee3339                  employee3339                  
Employee3340                  employee3340                  
Employee3341                  employee3341                  
Employee3342                  employee3342                  
Employee3343                  employee3343                  
Employee3344                  employee3344                  
Employee3345                  employee3345                  
Employee3346                  employee3346                  
Employee3347                  employee3347                  
Employee3348                  employee3348                  
Employee3349                  employee3349                  
Employee3350                  employee3350                  
Employee3351                  employee3351                  
Employee3352                  employee3352                  
Employee3353                  employee3353                  
Employee3354                  employee3354                  
Employee3355                  employee3355                  
Employee3356                  employee3356                  
Employee3357                  employee3357                  
Employee3358                  employee3358                  
Employee3359                  employee3359                  
Employee3360                  employee3360                  
Employee3361                  employee3361                  
Employee3362                  employee3362                  
Employee3363                  employee3363                  
Employee3364                  employee3364                  
Employee3365                  employee3365                  
Employee3366                  employee3366                  
Employee3367                  employee3367                  
Employee3368                  employee3368                  
Employee3369                  employee3369                  
Employee3370                  employee3370                  
Employee3371                  employee3371                  
Employee3372                  employee3372                  
Employee3373                  employee3373                  
Employee3374                  employee3374                  
Employee3375                  employee3375                  
Employee3376                  employee3376                  
Employee3377                  employee3377                  
Employee3378                  employee3378                  
Employee3379                  employee3379                  
Employee3380                  employee3380                  
Employee3381                  employee3381                  
Employee3382                  employee3382                  
Employee3383                  employee3383                  
Employee3384                  employee3384                  
Employee3385                  employee3385                  
Employee3386                  employee3386                  
Employee3387                  employee3387                  
Employee3388                  employee3388                  
Employee3389                  employee3389                  
Employee3390                  employee3390                  
Employee3391                  employee3391                  
Employee3392                  employee3392                  
Employee3393                  employee3393                  
Employee3394                  employee3394                  
Employee3395                  employee3395                  
Employee3396                  employee3396                  
Employee3397                  employee3397                  
Employee3398                  employee3398                  
Employee3399                  employee3399                  
Employee3400                  employee3400                  
Employee3401                  employee3401                  
Employee3402                  employee3402                  
Employee3403                  employee3403                  
Employee3404                  employee3404                  
Employee3405                  employee3405                  
Employee3406                  employee3406                  
Employee3407                  employee3407                  
Employee3408                  employee3408                  
Employee3409                  employee3409                  
Employee3410                  employee3410                  
Employee3411                  employee3411                  
Employee3412                  employee3412                  
Employee3413                  employee3413                  
Employee3414                  employee3414                  
Employee3415                  employee3415                  
Employee3416                  employee3416                  
Employee3417                  employee3417                  
Employee3418                  employee3418                  
Employee3419                  employee3419                  
Employee3420                  employee3420                  
Employee3421                  employee3421                  
Employee3422                  employee3422                  
Employee3423                  employee3423                  
Employee3424                  employee3424                  
Employee3425                  employee3425                  
Employee3426                  employee3426                  
Employee3427                  employee3427                  
Employee3428                  employee3428                  
Employee3429                  employee3429                  
Employee3430                  employee3430                  
Employee3431                  employee3431                  
Employee3432                  employee3432                  
Employee3433                  employee3433                  
Employee3434                  employee3434                  
Employee3435                  employee3435                  
Employee3436                  employee3436                  
Employee3437                  employee3437                  
Employee3438                  employee3438                  
Employee3439                  employee3439                  
Employee3440                  employee3440                  
Employee3441                  employee3441                  
Employee3442                  employee3442                  
Employee3443                  employee3443                  
Employee3444                  employee3444                  
Employee3445                  employee3445                  
Employee3446                  employee3446                  
Employee3447                  employee3447                  
Employee3448                  employee3448                  
Employee3449                  employee3449                  
Employee3450                  employee3450                  
Employee3451                  employee3451                  
Employee3452                  employee3452                  
Employee3453                  employee3453                  
Employee3454                  employee3454                  
Employee3455                  employee3455                  
Employee3456                  employee3456                  
Employee3457                  employee3457                  
Employee3458                  employee3458                  
Employee3459                  employee3459                  
Employee3460                  employee3460                  
Employee3461                  employee3461                  
Employee3462                  employee3462                  
Employee3463                  employee3463                  
Employee3464                  employee3464                  
Employee3465                  employee3465                  
Employee3466                  employee3466                  
Employee3467                  employee3467                  
Employee3468                  employee3468                  
Employee3469                  employee3469                  
Employee3470                  employee3470                  
Employee3471                  employee3471                  
Employee3472                  employee3472                  
Employee3473                  employee3473                  
Employee3474                  employee3474                  
Employee3475                  employee3475                  
Employee3476                  employee3476                  
Employee3477                  employee3477                  
Employee3478                  employee3478                  
Employee3479                  employee3479                  
Employee3480                  employee3480                  
Employee3481                  employee3481                  
Employee3482                  employee3482                  
Employee3483                  employee3483                  
Employee3484                  employee3484                  
Employee3485                  employee3485                  
Employee3486                  employee3486                  
Employee3487                  employee3487                  
Employee3488                  employee3488                  
Employee3489                  employee3489                  
Employee3490                  employee3490                  
Employee3491                  employee3491                  
Employee3492                  employee3492                  
Employee3493                  employee3493                  
Employee3494                  employee3494                  
Employee3495                  employee3495                  
Employee3496                  employee3496                  
Employee3497                  employee3497                  
Employee3498                  employee3498                  
Employee3499                  employee3499                  
Employee3500                  employee3500                  
Employee3501                  employee3501                  
Employee3502                  employee3502                  
Employee3503                  employee3503                  
Employee3504                  employee3504                  
Employee3505                  employee3505                  
Employee3506                  employee3506                  
Employee3507                  employee3507                  
Employee3508                  employee3508                  
Employee3509                  employee3509                  
Employee3510                  employee3510                  
Employee3511                  employee3511                  
Employee3512                  employee3512                  
Employee3513                  employee3513                  
Employee3514                  employee3514                  
Employee3515                  employee3515                  
Employee3516                  employee3516                  
Employee3517                  employee3517                  
Employee3518                  employee3518                  
Employee3519                  employee3519                  
Employee3520                  employee3520                  
Employee3521                  employee3521                  
Employee3522                  employee3522                  
Employee3523                  employee3523                  
Employee3524                  employee3524                  
Employee3525                  employee3525                  
Employee3526                  employee3526                  
Employee3527                  employee3527                  
Employee3528                  employee3528                  
Employee3529                  employee3529                  
Employee3530                  employee3530                  
Employee3531                  employee3531                  
Employee3532                  employee3532                  
Employee3533                  employee3533                  
Employee3534                  employee3534                  
Employee3535                  employee3535                  
Employee3536                  employee3536                  
Employee3537                  employee3537                  
Employee3538                  employee3538                  
Employee3539                  employee3539                  
Employee3540                  employee3540                  
Employee3541                  employee3541                  
Employee3542                  employee3542                  
Employee3543                  employee3543                  
Employee3544                  employee3544                  
Employee3545                  employee3545                  
Employee3546                  employee3546                  
Employee3547                  employee3547                  
Employee3548                  employee3548                  
Employee3549                  employee3549                  
Employee3550                  employee3550                  
Employee3551                  employee3551                  
Employee3552                  employee3552                  
Employee3553                  employee3553                  
Employee3554                  employee3554                  
Employee3555                  employee3555                  
Employee3556                  employee3556                  
Employee3557                  employee3557                  
Employee3558                  employee3558                  
Employee3559                  employee3559                  
Employee3560                  employee3560                  
Employee3561                  employee3561                  
Employee3562                  employee3562                  
Employee3563                  employee3563                  
Employee3564                  employee3564                  
Employee3565                  employee3565                  
Employee3566                  employee3566                  
Employee3567                  employee3567                  
Employee3568                  employee3568                  
Employee3569                  employee3569                  
Employee3570                  employee3570                  
Employee3571                  employee3571                  
Employee3572                  employee3572                  
Employee3573                  employee3573                  
Employee3574                  employee3574                  
Employee3575                  employee3575                  
Employee3576                  employee3576                  
Employee3577                  employee3577                  
Employee3578                  employee3578                  
Employee3579                  employee3579                  
Employee3580                  employee3580                  
Employee3581                  employee3581                  
Employee3582                  employee3582                  
Employee3583                  employee3583                  
Employee3584                  employee3584                  
Employee3585                  employee3585                  
Employee3586                  employee3586                  
Employee3587                  employee3587                  
Employee3588                  employee3588                  
Employee3589                  employee3589                  
Employee3590                  employee3590                  
Employee3591                  employee3591                  
Employee3592                  employee3592                  
Employee3593                  employee3593                  
Employee3594                  employee3594                  
Employee3595                  employee3595                  
Employee3596                  employee3596                  
Employee3597                  employee3597                  
Employee3598                  employee3598                  
Employee3599                  employee3599                  
Employee3600                  employee3600                  
Employee3601                  employee3601                  
Employee3602                  employee3602                  
Employee3603                  employee3603                  
Employee3604                  employee3604                  
Employee3605                  employee3605                  
Employee3606                  employee3606                  
Employee3607                  employee3607                  
Employee3608                  employee3608                  
Employee3609                  employee3609                  
Employee3610                  employee3610                  
Employee3611                  employee3611                  
Employee3612                  employee3612                  
Employee3613                  employee3613                  
Employee3614                  employee3614                  
Employee3615                  employee3615                  
Employee3616                  employee3616                  
Employee3617                  employee3617                  
Employee3618                  employee3618                  
Employee3619                  employee3619                  
Employee3620                  employee3620                  
Employee3621                  employee3621                  
Employee3622                  employee3622                  
Employee3623                  employee3623                  
Employee3624                  employee3624                  
Employee3625                  employee3625                  
Employee3626                  employee3626                  
Employee3627                  employee3627                  
Employee3628                  employee3628                  
Employee3629                  employee3629                  
Employee3630                  employee3630                  
Employee3631                  employee3631                  
Employee3632                  employee3632                  
Employee3633                  employee3633                  
Employee3634                  employee3634                  
Employee3635                  employee3635                  
Employee3636                  employee3636                  
Employee3637                  employee3637                  
Employee3638                  employee3638                  
Employee3639                  employee3639                  
Employee3640                  employee3640                  
Employee3641                  employee3641                  
Employee3642                  employee3642                  
Employee3643                  employee3643                  
Employee3644                  employee3644                  
Employee3645                  employee3645                  
Employee3646                  employee3646                  
Employee3647                  employee3647                  
Employee3648                  employee3648                  
Employee3649                  employee3649                  
Employee3650                  employee3650                  
Employee3651                  employee3651                  
Employee3652                  employee3652                  
Employee3653                  employee3653                  
Employee3654                  employee3654                  
Employee3655                  employee3655                  
Employee3656                  employee3656                  
Employee3657                  employee3657                  
Employee3658                  employee3658                  
Employee3659                  employee3659                  
Employee3660                  employee3660                  
Employee3661                  employee3661                  
Employee3662                  employee3662                  
Employee3663                  employee3663                  
Employee3664                  employee3664                  
Employee3665                  employee3665                  
Employee3666                  employee3666                  
Employee3667                  employee3667                  
Employee3668                  employee3668                  
Employee3669                  employee3669                  
Employee3670                  employee3670                  
Employee3671                  employee3671                  
Employee3672                  employee3672                  
Employee3673                  employee3673                  
Employee3674                  employee3674                  
Employee3675                  employee3675                  
Employee3676                  employee3676                  
Employee3677                  employee3677                  
Employee3678                  employee3678                  
Employee3679                  employee3679                  
Employee3680                  employee3680                  
Employee3681                  employee3681                  
Employee3682                  employee3682                  
Employee3683                  employee3683                  
Employee3684                  employee3684                  
Employee3685                  employee3685                  
Employee3686                  employee3686                  
Employee3687                  employee3687                  
Employee3688                  employee3688                  
Employee3689                  employee3689                  
Employee3690                  employee3690                  
Employee3691                  employee3691                  
Employee3692                  employee3692                  
Employee3693                  employee3693                  
Employee3694                  employee3694                  
Employee3695                  employee3695                  
Employee3696                  employee3696                  
Employee3697                  employee3697                  
Employee3698                  employee3698                  
Employee3699                  employee3699                  
Employee3700                  employee3700                  
Employee3701                  employee3701                  
Employee3702                  employee3702                  
Employee3703                  employee3703                  
Employee3704                  employee3704                  
Employee3705                  employee3705                  
Employee3706                  employee3706                  
Employee3707                  employee3707                  
Employee3708                  employee3708                  
Employee3709                  employee3709                  
Employee3710                  employee3710                  
Employee3711                  employee3711                  
Employee3712                  employee3712                  
Employee3713                  employee3713                  
Employee3714                  employee3714                  
Employee3715                  employee3715                  
Employee3716                  employee3716                  
Employee3717                  employee3717                  
Employee3718                  employee3718                  
Employee3719                  employee3719                  
Employee3720                  employee3720                  
Employee3721                  employee3721                  
Employee3722                  employee3722                  
Employee3723                  employee3723                  
Employee3724                  employee3724                  
Employee3725                  employee3725                  
Employee3726                  employee3726                  
Employee3727                  employee3727                  
Employee3728                  employee3728                  
Employee3729                  employee3729                  
Employee3730                  employee3730                  
Employee3731                  employee3731                  
Employee3732                  employee3732                  
Employee3733                  employee3733                  
Employee3734                  employee3734                  
Employee3735                  employee3735                  
Employee3736                  employee3736                  
Employee3737                  employee3737                  
Employee3738                  employee3738                  
Employee3739                  employee3739                  
Employee3740                  employee3740                  
Employee3741                  employee3741                  
Employee3742                  employee3742                  
Employee3743                  employee3743                  
Employee3744                  employee3744                  
Employee3745                  employee3745                  
Employee3746                  employee3746                  
Employee3747                  employee3747                  
Employee3748                  employee3748                  
Employee3749                  employee3749                  
Employee3750                  employee3750                  
Employee3751                  employee3751                  
Employee3752                  employee3752                  
Employee3753                  employee3753                  
Employee3754                  employee3754                  
Employee3755                  employee3755                  
Employee3756                  employee3756                  
Employee3757                  employee3757                  
Employee3758                  employee3758                  
Employee3759                  employee3759                  
Employee3760                  employee3760                  
Employee3761                  employee3761                  
Employee3762                  employee3762                  
Employee3763                  employee3763                  
Employee3764                  employee3764                  
Employee3765                  employee3765                  
Employee3766                  employee3766                  
Employee3767                  employee3767                  
Employee3768                  employee3768                  
Employee3769                  employee3769                  
Employee3770                  employee3770                  
Employee3771                  employee3771                  
Employee3772                  employee3772                  
Employee3773                  employee3773                  
Employee3774                  employee3774                  
Employee3775                  employee3775                  
Employee3776                  employee3776                  
Employee3777                  employee3777                  
Employee3778                  employee3778                  
Employee3779                  employee3779                  
Employee3780                  employee3780                  
Employee3781                  employee3781                  
Employee3782                  employee3782                  
Employee3783                  employee3783                  
Employee3784                  employee3784                  
Employee3785                  employee3785                  
Employee3786                  employee3786                  
Employee3787                  employee3787                  
Employee3788                  employee3788                  
Employee3789                  employee3789                  
Employee3790                  employee3790                  
Employee3791                  employee3791                  
Employee3792                  employee3792                  
Employee3793                  employee3793                  
Employee3794                  employee3794                  
Employee3795                  employee3795                  
Employee3796                  employee3796                  
Employee3797                  employee3797                  
Employee3798                  employee3798                  
Employee3799                  employee3799                  
Employee3800                  employee3800                  
Employee3801                  employee3801                  
Employee3802                  employee3802                  
Employee3803                  employee3803                  
Employee3804                  employee3804                  
Employee3805                  employee3805                  
Employee3806                  employee3806                  
Employee3807                  employee3807                  
Employee3808                  employee3808                  
Employee3809                  employee3809                  
Employee3810                  employee3810                  
Employee3811                  employee3811                  
Employee3812                  employee3812                  
Employee3813                  employee3813                  
Employee3814                  employee3814                  
Employee3815                  employee3815                  
Employee3816                  employee3816                  
Employee3817                  employee3817                  
Employee3818                  employee3818                  
Employee3819                  employee3819                  
Employee3820                  employee3820                  
Employee3821                  employee3821                  
Employee3822                  employee3822                  
Employee3823                  employee3823                  
Employee3824                  employee3824                  
Employee3825                  employee3825                  
Employee3826                  employee3826                  
Employee3827                  employee3827                  
Employee3828                  employee3828                  
Employee3829                  employee3829                  
Employee3830                  employee3830                  
Employee3831                  employee3831                  
Employee3832                  employee3832                  
Employee3833                  employee3833                  
Employee3834                  employee3834                  
Employee3835                  employee3835                  
Employee3836                  employee3836                  
Employee3837                  employee3837                  
Employee3838                  employee3838                  
Employee3839                  employee3839                  
Employee3840                  employee3840                  
Employee3841                  employee3841                  
Employee3842                  employee3842                  
Employee3843                  employee3843                  
Employee3844                  employee3844                  
Employee3845                  employee3845                  
Employee3846                  employee3846                  
Employee3847                  employee3847                  
Employee3848                  employee3848                  
Employee3849                  employee3849                  
Employee3850                  employee3850                  
Employee3851                  employee3851                  
Employee3852                  employee3852                  
Employee3853                  employee3853                  
Employee3854                  employee3854                  
Employee3855                  employee3855                  
Employee3856                  employee3856                  
Employee3857                  employee3857                  
Employee3858                  employee3858                  
Employee3859                  employee3859                  
Employee3860                  employee3860                  
Employee3861                  employee3861                  
Employee3862                  employee3862                  
Employee3863                  employee3863                  
Employee3864                  employee3864                  
Employee3865                  employee3865                  
Employee3866                  employee3866                  
Employee3867                  employee3867                  
Employee3868                  employee3868                  
Employee3869                  employee3869                  
Employee3870                  employee3870                  
Employee3871                  employee3871                  
Employee3872                  employee3872                  
Employee3873                  employee3873                  
Employee3874                  employee3874                  
Employee3875                  employee3875                  
Employee3876                  employee3876                  
Employee3877                  employee3877                  
Employee3878                  employee3878                  
Employee3879                  employee3879                  
Employee3880                  employee3880                  
Employee3881                  employee3881                  
Employee3882                  employee3882                  
Employee3883                  employee3883                  
Employee3884                  employee3884                  
Employee3885                  employee3885                  
Employee3886                  employee3886                  
Employee3887                  employee3887                  
Employee3888                  employee3888                  
Employee3889                  employee3889                  
Employee3890                  employee3890                  
Employee3891                  employee3891                  
Employee3892                  employee3892                  
Employee3893                  employee3893                  
Employee3894                  employee3894                  
Employee3895                  employee3895                  
Employee3896                  employee3896                  
Employee3897                  employee3897                  
Employee3898                  employee3898                  
Employee3899                  employee3899                  
Employee3900                  employee3900                  
Employee3901                  employee3901                  
Employee3902                  employee3902                  
Employee3903                  employee3903                  
Employee3904                  employee3904                  
Employee3905                  employee3905                  
Employee3906                  employee3906                  
Employee3907                  employee3907                  
Employee3908                  employee3908                  
Employee3909                  employee3909                  
Employee3910                  employee3910                  
Employee3911                  employee3911                  
Employee3912                  employee3912                  
Employee3913                  employee3913                  
Employee3914                  employee3914                  
Employee3915                  employee3915                  
Employee3916                  employee3916                  
Employee3917                  employee3917                  
Employee3918                  employee3918                  
Employee3919                  employee3919                  
Employee3920                  employee3920                  
Employee3921                  employee3921                  
Employee3922                  employee3922                  
Employee3923                  employee3923                  
Employee3924                  employee3924                  
Employee3925                  employee3925                  
Employee3926                  employee3926                  
Employee3927                  employee3927                  
Employee3928                  employee3928                  
Employee3929                  employee3929                  
Employee3930                  employee3930                  
Employee3931                  employee3931                  
Employee3932                  employee3932                  
Employee3933                  employee3933                  
Employee3934                  employee3934                  
Employee3935                  employee3935                  
Employee3936                  employee3936                  
Employee3937                  employee3937                  
Employee3938                  employee3938                  
Employee3939                  employee3939                  
Employee3940                  employee3940                  
Employee3941                  employee3941                  
Employee3942                  employee3942                  
Employee3943                  employee3943                  
Employee3944                  employee3944                  
Employee3945                  employee3945                  
Employee3946                  employee3946                  
Employee3947                  employee3947                  
Employee3948                  employee3948                  
Employee3949                  employee3949                  
Employee3950                  employee3950                  
Employee3951                  employee3951                  
Employee3952                  employee3952                  
Employee3953                  employee3953                  
Employee3954                  employee3954                  
Employee3955                  employee3955                  
Employee3956                  employee3956                  
Employee3957                  employee3957                  
Employee3958                  employee3958                  
Employee3959                  employee3959                  
Employee3960                  employee3960                  
Employee3961                  employee3961                  
Employee3962                  employee3962                  
Employee3963                  employee3963                  
Employee3964                  employee3964                  
Employee3965                  employee3965                  
Employee3966                  employee3966                  
Employee3967                  employee3967                  
Employee3968                  employee3968                  
Employee3969                  employee3969                  
Employee3970                  employee3970                  
Employee3971                  employee3971                  
Employee3972                  employee3972                  
Employee3973                  employee3973                  
Employee3974                  employee3974                  
Employee3975                  employee3975                  
Employee3976                  employee3976                  
Employee3977                  employee3977                  
Employee3978                  employee3978                  
Employee3979                  employee3979                  
Employee3980                  employee3980                  
Employee3981                  employee3981                  
Employee3982                  employee3982                  
Employee3983                  employee3983                  
Employee3984                  employee3984                  
Employee3985                  employee3985                  
Employee3986                  employee3986                  
Employee3987                  employee3987                  
Employee3988                  employee3988                  
Employee3989                  employee3989                  
Employee3990                  employee3990                  
Employee3991                  employee3991                  
Employee3992                  employee3992                  
Employee3993                  employee3993                  
Employee3994                  employee3994                  
Employee3995                  employee3995                  
Employee3996                  employee3996                  
Employee3997                  employee3997                  
Employee3998                  employee3998                  
Employee3999                  employee3999                  
Employee4000                  employee4000                  
Employee4001                  employee4001                  
Employee4002                  employee4002                  
Employee4003                  employee4003                  
Employee4004                  employee4004                  
Employee4005                  employee4005                  
Employee4006                  employee4006                  
Employee4007                  employee4007                  
Employee4008                  employee4008                  
Employee4009                  employee4009                  
Employee4010                  employee4010                  
Employee4011                  employee4011                  
Employee4012                  employee4012                  
Employee4013                  employee4013                  
Employee4014                  employee4014                  
Employee4015                  employee4015                  
Employee4016                  employee4016                  
Employee4017                  employee4017                  
Employee4018                  employee4018                  
Employee4019                  employee4019                  
Employee4020                  employee4020                  
Employee4021                  employee4021                  
Employee4022                  employee4022                  
Employee4023                  employee4023                  
Employee4024                  employee4024                  
Employee4025                  employee4025                  
Employee4026                  employee4026                  
Employee4027                  employee4027                  
Employee4028                  employee4028                  
Employee4029                  employee4029                  
Employee4030                  employee4030                  
Employee4031                  employee4031                  
Employee4032                  employee4032                  
Employee4033                  employee4033                  
Employee4034                  employee4034                  
Employee4035                  employee4035                  
Employee4036                  employee4036                  
Employee4037                  employee4037                  
Employee4038                  employee4038                  
Employee4039                  employee4039                  
Employee4040                  employee4040                  
Employee4041                  employee4041                  
Employee4042                  employee4042                  
Employee4043                  employee4043                  
Employee4044                  employee4044                  
Employee4045                  employee4045                  
Employee4046                  employee4046                  
Employee4047                  employee4047                  
Employee4048                  employee4048                  
Employee4049                  employee4049                  
Employee4050                  employee4050                  
Employee4051                  employee4051                  
Employee4052                  employee4052                  
Employee4053                  employee4053                  
Employee4054                  employee4054                  
Employee4055                  employee4055                  
Employee4056                  employee4056                  
Employee4057                  employee4057                  
Employee4058                  employee4058                  
Employee4059                  employee4059                  
Employee4060                  employee4060                  
Employee4061                  employee4061                  
Employee4062                  employee4062                  
Employee4063                  employee4063                  
Employee4064                  employee4064                  
Employee4065                  employee4065                  
Employee4066                  employee4066                  
Employee4067                  employee4067                  
Employee4068                  employee4068                  
Employee4069                  employee4069                  
Employee4070                  employee4070                  
Employee4071                  employee4071                  
Employee4072                  employee4072                  
Employee4073                  employee4073                  
Employee4074                  employee4074                  
Employee4075                  employee4075                  
Employee4076                  employee4076                  
Employee4077                  employee4077                  
Employee4078                  employee4078                  
Employee4079                  employee4079                  
Employee4080                  employee4080                  
Employee4081                  employee4081                  
Employee4082                  employee4082                  
Employee4083                  employee4083                  
Employee4084                  employee4084                  
Employee4085                  employee4085                  
Employee4086                  employee4086                  
Employee4087                  employee4087                  
Employee4088                  employee4088                  
Employee4089                  employee4089                  
Employee4090                  employee4090                  
Employee4091                  employee4091                  
Employee4092                  employee4092                  
Employee4093                  employee4093                  
Employee4094                  employee4094                  
Employee4095                  employee4095                  
Employee4096                  employee4096                  
Employee4097                  employee4097                  
Employee4098                  employee4098                  
Employee4099                  employee4099                  
Employee4100                  employee4100                  
Employee4101                  employee4101                  
Employee4102                  employee4102                  
Employee4103                  employee4103                  
Employee4104                  employee4104                  
Employee4105                  employee4105                  
Employee4106                  employee4106                  
Employee4107                  employee4107                  
Employee4108                  employee4108                  
Employee4109                  employee4109                  
Employee4110                  employee4110                  
Employee4111                  employee4111                  
Employee4112                  employee4112                  
Employee4113                  employee4113                  
Employee4114                  employee4114                  
Employee4115                  employee4115                  
Employee4116                  employee4116                  
Employee4117                  employee4117                  
Employee4118                  employee4118                  
Employee4119                  employee4119                  
Employee4120                  employee4120                  
Employee4121                  employee4121                  
Employee4122                  employee4122                  
Employee4123                  employee4123                  
Employee4124                  employee4124                  
Employee4125                  employee4125                  
Employee4126                  employee4126                  
Employee4127                  employee4127                  
Employee4128                  employee4128                  
Employee4129                  employee4129                  
Employee4130                  employee4130                  
Employee4131                  employee4131                  
Employee4132                  employee4132                  
Employee4133                  employee4133                  
Employee4134                  employee4134                  
Employee4135                  employee4135                  
Employee4136                  employee4136                  
Employee4137                  employee4137                  
Employee4138                  employee4138                  
Employee4139                  employee4139                  
Employee4140                  employee4140                  
Employee4141                  employee4141                  
Employee4142                  employee4142                  
Employee4143                  employee4143                  
Employee4144                  employee4144                  
Employee4145                  employee4145                  
Employee4146                  employee4146                  
Employee4147                  employee4147                  
Employee4148                  employee4148                  
Employee4149                  employee4149                  
Employee4150                  employee4150                  
Employee4151                  employee4151                  
Employee4152                  employee4152                  
Employee4153                  employee4153                  
Employee4154                  employee4154                  
Employee4155                  employee4155                  
Employee4156                  employee4156                  
Employee4157                  employee4157                  
Employee4158                  employee4158                  
Employee4159                  employee4159                  
Employee4160                  employee4160                  
Employee4161                  employee4161                  
Employee4162                  employee4162                  
Employee4163                  employee4163                  
Employee4164                  employee4164                  
Employee4165                  employee4165                  
Employee4166                  employee4166                  
Employee4167                  employee4167                  
Employee4168                  employee4168                  
Employee4169                  employee4169                  
Employee4170                  employee4170                  
Employee4171                  employee4171                  
Employee4172                  employee4172                  
Employee4173                  employee4173                  
Employee4174                  employee4174                  
Employee4175                  employee4175                  
Employee4176                  employee4176                  
Employee4177                  employee4177                  
Employee4178                  employee4178                  
Employee4179                  employee4179                  
Employee4180                  employee4180                  
Employee4181                  employee4181                  
Employee4182                  employee4182                  
Employee4183                  employee4183                  
Employee4184                  employee4184                  
Employee4185                  employee4185                  
Employee4186                  employee4186                  
Employee4187                  employee4187                  
Employee4188                  employee4188                  
Employee4189                  employee4189                  
Employee4190                  employee4190                  
Employee4191                  employee4191                  
Employee4192                  employee4192                  
Employee4193                  employee4193                  
Employee4194                  employee4194                  
Employee4195                  employee4195                  
Employee4196                  employee4196                  
Employee4197                  employee4197                  
Employee4198                  employee4198                  
Employee4199                  employee4199                  
Employee4200                  employee4200                  
Employee4201                  employee4201                  
Employee4202                  employee4202                  
Employee4203                  employee4203                  
Employee4204                  employee4204                  
Employee4205                  employee4205                  
Employee4206                  employee4206                  
Employee4207                  employee4207                  
Employee4208                  employee4208                  
Employee4209                  employee4209                  
Employee4210                  employee4210                  
Employee4211                  employee4211                  
Employee4212                  employee4212                  
Employee4213                  employee4213                  
Employee4214                  employee4214                  
Employee4215                  employee4215                  
Employee4216                  employee4216                  
Employee4217                  employee4217                  
Employee4218                  employee4218                  
Employee4219                  employee4219                  
Employee4220                  employee4220                  
Employee4221                  employee4221                  
Employee4222                  employee4222                  
Employee4223                  employee4223                  
Employee4224                  employee4224                  
Employee4225                  employee4225                  
Employee4226                  employee4226                  
Employee4227                  employee4227                  
Employee4228                  employee4228                  
Employee4229                  employee4229                  
Employee4230                  employee4230                  
Employee4231                  employee4231                  
Employee4232                  employee4232                  
Employee4233                  employee4233                  
Employee4234                  employee4234                  
Employee4235                  employee4235                  
Employee4236                  employee4236                  
Employee4237                  employee4237                  
Employee4238                  employee4238                  
Employee4239                  employee4239                  
Employee4240                  employee4240                  
Employee4241                  employee4241                  
Employee4242                  employee4242                  
Employee4243                  employee4243                  
Employee4244                  employee4244                  
Employee4245                  employee4245                  
Employee4246                  employee4246                  
Employee4247                  employee4247                  
Employee4248                  employee4248                  
Employee4249                  employee4249                  
Employee4250                  employee4250                  
Employee4251                  employee4251                  
Employee4252                  employee4252                  
Employee4253                  employee4253                  
Employee4254                  employee4254                  
Employee4255                  employee4255                  
Employee4256                  employee4256                  
Employee4257                  employee4257                  
Employee4258                  employee4258                  
Employee4259                  employee4259                  
Employee4260                  employee4260                  
Employee4261                  employee4261                  
Employee4262                  employee4262                  
Employee4263                  employee4263                  
Employee4264                  employee4264                  
Employee4265                  employee4265                  
Employee4266                  employee4266                  
Employee4267                  employee4267                  
Employee4268                  employee4268                  
Employee4269                  employee4269                  
Employee4270                  employee4270                  
Employee4271                  employee4271                  
Employee4272                  employee4272                  
Employee4273                  employee4273                  
Employee4274                  employee4274                  
Employee4275                  employee4275                  
Employee4276                  employee4276                  
Employee4277                  employee4277                  
Employee4278                  employee4278                  
Employee4279                  employee4279                  
Employee4280                  employee4280                  
Employee4281                  employee4281                  
Employee4282                  employee4282                  
Employee4283                  employee4283                  
Employee4284                  employee4284                  
Employee4285                  employee4285                  
Employee4286                  employee4286                  
Employee4287                  employee4287                  
Employee4288                  employee4288                  
Employee4289                  employee4289                  
Employee4290                  employee4290                  
Employee4291                  employee4291                  
Employee4292                  employee4292                  
Employee4293                  employee4293                  
Employee4294                  employee4294                  
Employee4295                  employee4295                  
Employee4296                  employee4296                  
Employee4297                  employee4297                  
Employee4298                  employee4298                  
Employee4299                  employee4299                  
Employee4300                  employee4300                  
Employee4301                  employee4301                  
Employee4302                  employee4302                  
Employee4303                  employee4303                  
Employee4304                  employee4304                  
Employee4305                  employee4305                  
Employee4306                  employee4306                  
Employee4307                  employee4307                  
Employee4308                  employee4308                  
Employee4309                  employee4309                  
Employee4310                  employee4310                  
Employee4311                  employee4311                  
Employee4312                  employee4312                  
Employee4313                  employee4313                  
Employee4314                  employee4314                  
Employee4315                  employee4315                  
Employee4316                  employee4316                  
Employee4317                  employee4317                  
Employee4318                  employee4318                  
Employee4319                  employee4319                  
Employee4320                  employee4320                  
Employee4321                  employee4321                  
Employee4322                  employee4322                  
Employee4323                  employee4323                  
Employee4324                  employee4324                  
Employee4325                  employee4325                  
Employee4326                  employee4326                  
Employee4327                  employee4327                  
Employee4328                  employee4328                  
Employee4329                  employee4329                  
Employee4330                  employee4330                  
Employee4331                  employee4331                  
Employee4332                  employee4332                  
Employee4333                  employee4333                  
Employee4334                  employee4334                  
Employee4335                  employee4335                  
Employee4336                  employee4336                  
Employee4337                  employee4337                  
Employee4338                  employee4338                  
Employee4339                  employee4339                  
Employee4340                  employee4340                  
Employee4341                  employee4341                  
Employee4342                  employee4342                  
Employee4343                  employee4343                  
Employee4344                  employee4344                  
Employee4345                  employee4345                  
Employee4346                  employee4346                  
Employee4347                  employee4347                  
Employee4348                  employee4348                  
Employee4349                  employee4349                  
Employee4350                  employee4350                  
Employee4351                  employee4351                  
Employee4352                  employee4352                  
Employee4353                  employee4353                  
Employee4354                  employee4354                  
Employee4355                  employee4355                  
Employee4356                  employee4356                  
Employee4357                  employee4357                  
Employee4358                  employee4358                  
Employee4359                  employee4359                  
Employee4360                  employee4360                  
Employee4361                  employee4361                  
Employee4362                  employee4362                  
Employee4363                  employee4363                  
Employee4364                  employee4364                  
Employee4365                  employee4365                  
Employee4366                  employee4366                  
Employee4367                  employee4367                  
Employee4368                  employee4368                  
Employee4369                  employee4369                  
Employee4370                  employee4370                  
Employee4371                  employee4371                  
Employee4372                  employee4372                  
Employee4373                  employee4373                  
Employee4374                  employee4374                  
Employee4375                  employee4375                  
Employee4376                  employee4376                  
Employee4377                  employee4377                  
Employee4378                  employee4378                  
Employee4379                  employee4379                  
Employee4380                  employee4380                  
Employee4381                  employee4381                  
Employee4382                  employee4382                  
Employee4383                  employee4383                  
Employee4384                  employee4384                  
Employee4385                  employee4385                  
Employee4386                  employee4386                  
Employee4387                  employee4387                  
Employee4388                  employee4388                  
Employee4389                  employee4389                  
Employee4390                  employee4390                  
Employee4391                  employee4391                  
Employee4392                  employee4392                  
Employee4393                  employee4393                  
Employee4394                  employee4394                  
Employee4395                  employee4395                  
Employee4396                  employee4396                  
Employee4397                  employee4397                  
Employee4398                  employee4398                  
Employee4399                  employee4399                  
Employee4400                  employee4400                  
Employee4401                  employee4401                  
Employee4402                  employee4402                  
Employee4403                  employee4403                  
Employee4404                  employee4404                  
Employee4405                  employee4405                  
Employee4406                  employee4406                  
Employee4407                  employee4407                  
Employee4408                  employee4408                  
Employee4409                  employee4409                  
Employee4410                  employee4410                  
Employee4411                  employee4411                  
Employee4412                  employee4412                  
Employee4413                  employee4413                  
Employee4414                  employee4414                  
Employee4415                  employee4415                  
Employee4416                  employee4416                  
Employee4417                  employee4417                  
Employee4418                  employee4418                  
Employee4419                  employee4419                  
Employee4420                  employee4420                  
Employee4421                  employee4421                  
Employee4422                  employee4422                  
Employee4423                  employee4423                  
Employee4424                  employee4424                  
Employee4425                  employee4425                  
Employee4426                  employee4426                  
Employee4427                  employee4427                  
Employee4428                  employee4428                  
Employee4429                  employee4429                  
Employee4430                  employee4430                  
Employee4431                  employee4431                  
Employee4432                  employee4432                  
Employee4433                  employee4433                  
Employee4434                  employee4434                  
Employee4435                  employee4435                  
Employee4436                  employee4436                  
Employee4437                  employee4437                  
Employee4438                  employee4438                  
Employee4439                  employee4439                  
Employee4440                  employee4440                  
Employee4441                  employee4441                  
Employee4442                  employee4442                  
Employee4443                  employee4443                  
Employee4444                  employee4444                  
Employee4445                  employee4445                  
Employee4446                  employee4446                  
Employee4447                  employee4447                  
Employee4448                  employee4448                  
Employee4449                  employee4449                  
Employee4450                  employee4450                  
Employee4451                  employee4451                  
Employee4452                  employee4452                  
Employee4453                  employee4453                  
Employee4454                  employee4454                  
Employee4455                  employee4455                  
Employee4456                  employee4456                  
Employee4457                  employee4457                  
Employee4458                  employee4458                  
Employee4459                  employee4459                  
Employee4460                  employee4460                  
Employee4461                  employee4461                  
Employee4462                  employee4462                  
Employee4463                  employee4463                  
Employee4464                  employee4464                  
Employee4465                  employee4465                  
Employee4466                  employee4466                  
Employee4467                  employee4467                  
Employee4468                  employee4468                  
Employee4469                  employee4469                  
Employee4470                  employee4470                  
Employee4471                  employee4471                  
Employee4472                  employee4472                  
Employee4473                  employee4473                  
Employee4474                  employee4474                  
Employee4475                  employee4475                  
Employee4476                  employee4476                  
Employee4477                  employee4477                  
Employee4478                  employee4478                  
Employee4479                  employee4479                  
Employee4480                  employee4480                  
Employee4481                  employee4481                  
Employee4482                  employee4482                  
Employee4483                  employee4483                  
Employee4484                  employee4484                  
Employee4485                  employee4485                  
Employee4486                  employee4486                  
Employee4487                  employee4487                  
Employee4488                  employee4488                  
Employee4489                  employee4489                  
Employee4490                  employee4490                  
Employee4491                  employee4491                  
Employee4492                  employee4492                  
Employee4493                  employee4493                  
Employee4494                  employee4494                  
Employee4495                  employee4495                  
Employee4496                  employee4496                  
Employee4497                  employee4497                  
Employee4498                  employee4498                  
Employee4499                  employee4499                  
Employee4500                  employee4500                  
Employee4501                  employee4501                  
Employee4502                  employee4502                  
Employee4503                  employee4503                  
Employee4504                  employee4504                  
Employee4505                  employee4505                  
Employee4506                  employee4506                  
Employee4507                  employee4507                  
Employee4508                  employee4508                  
Employee4509                  employee4509                  
Employee4510                  employee4510                  
Employee4511                  employee4511                  
Employee4512                  employee4512                  
Employee4513                  employee4513                  
Employee4514                  employee4514                  
Employee4515                  employee4515                  
Employee4516                  employee4516                  
Employee4517                  employee4517                  
Employee4518                  employee4518                  
Employee4519                  employee4519                  
Employee4520                  employee4520                  
Employee4521                  employee4521                  
Employee4522                  employee4522                  
Employee4523                  employee4523                  
Employee4524                  employee4524                  
Employee4525                  employee4525                  
Employee4526                  employee4526                  
Employee4527                  employee4527                  
Employee4528                  employee4528                  
Employee4529                  employee4529                  
Employee4530                  employee4530                  
Employee4531                  employee4531                  
Employee4532                  employee4532                  
Employee4533                  employee4533                  
Employee4534                  employee4534                  
Employee4535                  employee4535                  
Employee4536                  employee4536                  
Employee4537                  employee4537                  
Employee4538                  employee4538                  
Employee4539                  employee4539                  
Employee4540                  employee4540                  
Employee4541                  employee4541                  
Employee4542                  employee4542                  
Employee4543                  employee4543                  
Employee4544                  employee4544                  
Employee4545                  employee4545                  
Employee4546                  employee4546                  
Employee4547                  employee4547                  
Employee4548                  employee4548                  
Employee4549                  employee4549                  
Employee4550                  employee4550                  
Employee4551                  employee4551                  
Employee4552                  employee4552                  
Employee4553                  employee4553                  
Employee4554                  employee4554                  
Employee4555                  employee4555                  
Employee4556                  employee4556                  
Employee4557                  employee4557                  
Employee4558                  employee4558                  
Employee4559                  employee4559                  
Employee4560                  employee4560                  
Employee4561                  employee4561                  
Employee4562                  employee4562                  
Employee4563                  employee4563                  
Employee4564                  employee4564                  
Employee4565                  employee4565                  
Employee4566                  employee4566                  
Employee4567                  employee4567                  
Employee4568                  employee4568                  
Employee4569                  employee4569                  
Employee4570                  employee4570                  
Employee4571                  employee4571                  
Employee4572                  employee4572                  
Employee4573                  employee4573                  
Employee4574                  employee4574                  
Employee4575                  employee4575                  
Employee4576                  employee4576                  
Employee4577                  employee4577                  
Employee4578                  employee4578                  
Employee4579                  employee4579                  
Employee4580                  employee4580                  
Employee4581                  employee4581                  
Employee4582                  employee4582                  
Employee4583                  employee4583                  
Employee4584                  employee4584                  
Employee4585                  employee4585                  
Employee4586                  employee4586                  
Employee4587                  employee4587                  
Employee4588                  employee4588                  
Employee4589                  employee4589                  
Employee4590                  employee4590                  
Employee4591                  employee4591                  
Employee4592                  employee4592                  
Employee4593                  employee4593                  
Employee4594                  employee4594                  
Employee4595                  employee4595                  
Employee4596                  employee4596                  
Employee4597                  employee4597                  
Employee4598                  employee4598                  
Employee4599                  employee4599                  
Employee4600                  employee4600                  
Employee4601                  employee4601                  
Employee4602                  employee4602                  
Employee4603                  employee4603                  
Employee4604                  employee4604                  
Employee4605                  employee4605                  
Employee4606                  employee4606                  
Employee4607                  employee4607                  
Employee4608                  employee4608                  
Employee4609                  employee4609                  
Employee4610                  employee4610                  
Employee4611                  employee4611                  
Employee4612                  employee4612                  
Employee4613                  employee4613                  
Employee4614                  employee4614                  
Employee4615                  employee4615                  
Employee4616                  employee4616                  
Employee4617                  employee4617                  
Employee4618                  employee4618                  
Employee4619                  employee4619                  
Employee4620                  employee4620                  
Employee4621                  employee4621                  
Employee4622                  employee4622                  
Employee4623                  employee4623                  
Employee4624                  employee4624                  
Employee4625                  employee4625                  
Employee4626                  employee4626                  
Employee4627                  employee4627                  
Employee4628                  employee4628                  
Employee4629                  employee4629                  
Employee4630                  employee4630                  
Employee4631                  employee4631                  
Employee4632                  employee4632                  
Employee4633                  employee4633                  
Employee4634                  employee4634                  
Employee4635                  employee4635                  
Employee4636                  employee4636                  
Employee4637                  employee4637                  
Employee4638                  employee4638                  
Employee4639                  employee4639                  
Employee4640                  employee4640                  
Employee4641                  employee4641                  
Employee4642                  employee4642                  
Employee4643                  employee4643                  
Employee4644                  employee4644                  
Employee4645                  employee4645                  
Employee4646                  employee4646                  
Employee4647                  employee4647                  
Employee4648                  employee4648                  
Employee4649                  employee4649                  
Employee4650                  employee4650                  
Employee4651                  employee4651                  
Employee4652                  employee4652                  
Employee4653                  employee4653                  
Employee4654                  employee4654                  
Employee4655                  employee4655                  
Employee4656                  employee4656                  
Employee4657                  employee4657                  
Employee4658                  employee4658                  
Employee4659                  employee4659                  
Employee4660                  employee4660                  
Employee4661                  employee4661                  
Employee4662                  employee4662                  
Employee4663                  employee4663                  
Employee4664                  employee4664                  
Employee4665                  employee4665                  
Employee4666                  employee4666                  
Employee4667                  employee4667                  
Employee4668                  employee4668                  
Employee4669                  employee4669                  
Employee4670                  employee4670                  
Employee4671                  employee4671                  
Employee4672                  employee4672                  
Employee4673                  employee4673                  
Employee4674                  employee4674                  
Employee4675                  employee4675                  
Employee4676                  employee4676                  
Employee4677                  employee4677                  
Employee4678                  employee4678                  
Employee4679                  employee4679                  
Employee4680                  employee4680                  
Employee4681                  employee4681                  
Employee4682                  employee4682                  
Employee4683                  employee4683                  
Employee4684                  employee4684                  
Employee4685                  employee4685                  
Employee4686                  employee4686                  
Employee4687                  employee4687                  
Employee4688                  employee4688                  
Employee4689                  employee4689                  
Employee4690                  employee4690                  
Employee4691                  employee4691                  
Employee4692                  employee4692                  
Employee4693                  employee4693                  
Employee4694                  employee4694                  
Employee4695                  employee4695                  
Employee4696                  employee4696                  
Employee4697                  employee4697                  
Employee4698                  employee4698                  
Employee4699                  employee4699                  
Employee4700                  employee4700                  
Employee4701                  employee4701                  
Employee4702                  employee4702                  
Employee4703                  employee4703                  
Employee4704                  employee4704                  
Employee4705                  employee4705                  
Employee4706                  employee4706                  
Employee4707                  employee4707                  
Employee4708                  employee4708                  
Employee4709                  employee4709                  
Employee4710                  employee4710                  
Employee4711                  employee4711                  
Employee4712                  employee4712                  
Employee4713                  employee4713                  
Employee4714                  employee4714                  
Employee4715                  employee4715                  
Employee4716                  employee4716                  
Employee4717                  employee4717                  
Employee4718                  employee4718                  
Employee4719                  employee4719                  
Employee4720                  employee4720                  
Employee4721                  employee4721                  
Employee4722                  employee4722                  
Employee4723                  employee4723                  
Employee4724                  employee4724                  
Employee4725                  employee4725                  
Employee4726                  employee4726                  
Employee4727                  employee4727                  
Employee4728                  employee4728                  
Employee4729                  employee4729                  
Employee4730                  employee4730                  
Employee4731                  employee4731                  
Employee4732                  employee4732                  
Employee4733                  employee4733                  
Employee4734                  employee4734                  
Employee4735                  employee4735                  
Employee4736                  employee4736                  
Employee4737                  employee4737                  
Employee4738                  employee4738                  
Employee4739                  employee4739                  
Employee4740                  employee4740                  
Employee4741                  employee4741                  
Employee4742                  employee4742                  
Employee4743                  employee4743                  
Employee4744                  employee4744                  
Employee4745                  employee4745                  
Employee4746                  employee4746                  
Employee4747                  employee4747                  
Employee4748                  employee4748                  
Employee4749                  employee4749                  
Employee4750                  employee4750                  
Employee4751                  employee4751                  
Employee4752                  employee4752                  
Employee4753                  employee4753                  
Employee4754                  employee4754                  
Employee4755                  employee4755                  
Employee4756                  employee4756                  
Employee4757                  employee4757                  
Employee4758                  employee4758                  
Employee4759                  employee4759                  
Employee4760                  employee4760                  
Employee4761                  employee4761                  
Employee4762                  employee4762                  
Employee4763                  employee4763                  
Employee4764                  employee4764                  
Employee4765                  employee4765                  
Employee4766                  employee4766                  
Employee4767                  employee4767                  
Employee4768                  employee4768                  
Employee4769                  employee4769                  
Employee4770                  employee4770                  
Employee4771                  employee4771                  
Employee4772                  employee4772                  
Employee4773                  employee4773                  
Employee4774                  employee4774                  
Employee4775                  employee4775                  
Employee4776                  employee4776                  
Employee4777                  employee4777                  
Employee4778                  employee4778                  
Employee4779                  employee4779                  
Employee4780                  employee4780                  
Employee4781                  employee4781                  
Employee4782                  employee4782                  
Employee4783                  employee4783                  
Employee4784                  employee4784                  
Employee4785                  employee4785                  
Employee4786                  employee4786                  
Employee4787                  employee4787                  
Employee4788                  employee4788                  
Employee4789                  employee4789                  
Employee4790                  employee4790                  
Employee4791                  employee4791                  
Employee4792                  employee4792                  
Employee4793                  employee4793                  
Employee4794                  employee4794                  
Employee4795                  employee4795                  
Employee4796                  employee4796                  
Employee4797                  employee4797                  
Employee4798                  employee4798                  
Employee4799                  employee4799                  
Employee4800                  employee4800                  
Employee4801                  employee4801                  
Employee4802                  employee4802                  
Employee4803                  employee4803                  
Employee4804                  employee4804                  
Employee4805                  employee4805                  
Employee4806                  employee4806                  
Employee4807                  employee4807                  
Employee4808                  employee4808                  
Employee4809                  employee4809                  
Employee4810                  employee4810                  
Employee4811                  employee4811                  
Employee4812                  employee4812                  
Employee4813                  employee4813                  
Employee4814                  employee4814                  
Employee4815                  employee4815                  
Employee4816                  employee4816                  
Employee4817                  employee4817                  
Employee4818                  employee4818                  
Employee4819                  employee4819                  
Employee4820                  employee4820                  
Employee4821                  employee4821                  
Employee4822                  employee4822                  
Employee4823                  employee4823                  
Employee4824                  employee4824                  
Employee4825                  employee4825                  
Employee4826                  employee4826                  
Employee4827                  employee4827                  
Employee4828                  employee4828                  
Employee4829                  employee4829                  
Employee4830                  employee4830                  
Employee4831                  employee4831                  
Employee4832                  employee4832                  
Employee4833                  employee4833                  
Employee4834                  employee4834                  
Employee4835                  employee4835                  
Employee4836                  employee4836                  
Employee4837                  employee4837                  
Employee4838                  employee4838                  
Employee4839                  employee4839                  
Employee4840                  employee4840                  
Employee4841                  employee4841                  
Employee4842                  employee4842                  
Employee4843                  employee4843                  
Employee4844                  employee4844                  
Employee4845                  employee4845                  
Employee4846                  employee4846                  
Employee4847                  employee4847                  
Employee4848                  employee4848                  
Employee4849                  employee4849                  
Employee4850                  employee4850                  
Employee4851                  employee4851                  
Employee4852                  employee4852                  
Employee4853                  employee4853                  
Employee4854                  employee4854                  
Employee4855                  employee4855                  
Employee4856                  employee4856                  
Employee4857                  employee4857                  
Employee4858                  employee4858                  
Employee4859                  employee4859                  
Employee4860                  employee4860                  
Employee4861                  employee4861                  
Employee4862                  employee4862                  
Employee4863                  employee4863                  
Employee4864                  employee4864                  
Employee4865                  employee4865                  
Employee4866                  employee4866                  
Employee4867                  employee4867                  
Employee4868                  employee4868                  
Employee4869                  employee4869                  
Employee4870                  employee4870                  
Employee4871                  employee4871                  
Employee4872                  employee4872                  
Employee4873                  employee4873                  
Employee4874                  employee4874                  
Employee4875                  employee4875                  
Employee4876                  employee4876                  
Employee4877                  employee4877                  
Employee4878                  employee4878                  
Employee4879                  employee4879                  
Employee4880                  employee4880                  
Employee4881                  employee4881                  
Employee4882                  employee4882                  
Employee4883                  employee4883                  
Employee4884                  employee4884                  
Employee4885                  employee4885                  
Employee4886                  employee4886                  
Employee4887                  employee4887                  
Employee4888                  employee4888                  
Employee4889                  employee4889                  
Employee4890                  employee4890                  
Employee4891                  employee4891                  
Employee4892                  employee4892                  
Employee4893                  employee4893                  
Employee4894                  employee4894                  
Employee4895                  employee4895                  
Employee4896                  employee4896                  
Employee4897                  employee4897                  
Employee4898                  employee4898                  
Employee4899                  employee4899                  
Employee4900                  employee4900                  
Employee4901                  employee4901                  
Employee4902                  employee4902                  
Employee4903                  employee4903                  
Employee4904                  employee4904                  
Employee4905                  employee4905                  
Employee4906                  employee4906                  
Employee4907                  employee4907                  
Employee4908                  employee4908                  
Employee4909                  employee4909                  
Employee4910                  employee4910                  
Employee4911                  employee4911                  
Employee4912                  employee4912                  
Employee4913                  employee4913                  
Employee4914                  employee4914                  
Employee4915                  employee4915                  
Employee4916                  employee4916                  
Employee4917                  employee4917                  
Employee4918                  employee4918                  
Employee4919                  employee4919                  
Employee4920                  employee4920                  
Employee4921                  employee4921                  
Employee4922                  employee4922                  
Employee4923                  employee4923                  
Employee4924                  employee4924                  
Employee4925                  employee4925                  
Employee4926                  employee4926                  
Employee4927                  employee4927                  
Employee4928                  employee4928                  
Employee4929                  employee4929                  
Employee4930                  employee4930                  
Employee4931                  employee4931                  
Employee4932                  employee4932                  
Employee4933                  employee4933                  
Employee4934                  employee4934                  
Employee4935                  employee4935                  
Employee4936                  employee4936                  
Employee4937                  employee4937                  
Employee4938                  employee4938                  
Employee4939                  employee4939                  
Employee4940                  employee4940                  
Employee4941                  employee4941                  
Employee4942                  employee4942                  
Employee4943                  employee4943                  
Employee4944                  employee4944                  
Employee4945                  employee4945                  
Employee4946                  employee4946                  
Employee4947                  employee4947                  
Employee4948                  employee4948                  
Employee4949                  employee4949                  
Employee4950                  employee4950                  
Employee4951                  employee4951                  
Employee4952                  employee4952                  
Employee4953                  employee4953                  
Employee4954                  employee4954                  
Employee4955                  employee4955                  
Employee4956                  employee4956                  
Employee4957                  employee4957                  
Employee4958                  employee4958                  
Employee4959                  employee4959                  
Employee4960                  employee4960                  
Employee4961                  employee4961                  
Employee4962                  employee4962                  
Employee4963                  employee4963                  
Employee4964                  employee4964                  
Employee4965                  employee4965                  
Employee4966                  employee4966                  
Employee4967                  employee4967                  
Employee4968                  employee4968                  
Employee4969                  employee4969                  
Employee4970                  employee4970                  
Employee4971                  employee4971                  
Employee4972                  employee4972                  
Employee4973                  employee4973                  
Employee4974                  employee4974                  
Employee4975                  employee4975                  
Employee4976                  employee4976                  
Employee4977                  employee4977                  
Employee4978                  employee4978                  
Employee4979                  employee4979                  
Employee4980                  employee4980                  
Employee4981                  employee4981                  
Employee4982                  employee4982                  
Employee4983                  employee4983                  
Employee4984                  employee4984                  
Employee4985                  employee4985                  
Employee4986                  employee4986                  
Employee4987                  employee4987                  
Employee4988                  employee4988                  
Employee4989                  employee4989                  
Employee4990                  employee4990                  
Employee4991                  employee4991                  
Employee4992                  employee4992                  
Employee4993                  employee4993                  
Employee4994                  employee4994                  
Employee4995                  employee4995                  
Employee4996                  employee4996                  
Employee4997                  employee4997                  
Employee4998                  employee4998                  
Employee4999                  employee4999                  


End of Results
The Size of the Result Set = 4999

##############################


------------------------------

Indicies Configuration #1:
No Indicies Used

------------------------------

1. The Total Cost of the Plan = 666617.26
2. The Estimated Size of the Result Set = 2501
3. The Plan of the Query:
{
  "Total Cost": 666617.26,
  "Plans": [
    {
      "Parent Relationship": "SubPlan",
      "Total Cost": 253.98,
      "Relation Name": "dependent",
      "Parallel Aware": false,
      "Filter": "((e.fname \u003c\u003e dependent_name) AND (e.sex \u003c\u003e sex))",
      "Subplan Name": "SubPlan 1",
      "Alias": "d",
      "Node Type": "Seq Scan",
      "Plan Width": 4,
      "Startup Cost": 0.0,
      "Plan Rows": 4999
    }
  ],
  "Relation Name": "employee",
  "Parallel Aware": false,
  "Filter": "(SubPlan 1)",
  "Alias": "e",
  "Node Type": "Seq Scan",
  "Plan Width": 42,
  "Startup Cost": 0.0,
  "Plan Rows": 2501
}

------------------------------

Indicies Configuration #2:
Index btree on column fname in table employee

------------------------------

1. The Total Cost of the Plan = 666617.26
2. The Estimated Size of the Result Set = 2501
3. The Plan of the Query:
{
  "Total Cost": 666617.26,
  "Plans": [
    {
      "Parent Relationship": "SubPlan",
      "Total Cost": 253.98,
      "Relation Name": "dependent",
      "Parallel Aware": false,
      "Filter": "((e.fname \u003c\u003e dependent_name) AND (e.sex \u003c\u003e sex))",
      "Subplan Name": "SubPlan 1",
      "Alias": "d",
      "Node Type": "Seq Scan",
      "Plan Width": 4,
      "Startup Cost": 0.0,
      "Plan Rows": 4999
    }
  ],
  "Relation Name": "employee",
  "Parallel Aware": false,
  "Filter": "(SubPlan 1)",
  "Alias": "e",
  "Node Type": "Seq Scan",
  "Plan Width": 42,
  "Startup Cost": 0.0,
  "Plan Rows": 2501
}

------------------------------

Indicies Configuration #3:
Index hash on column fname in table employee

------------------------------

1. The Total Cost of the Plan = 666617.26
2. The Estimated Size of the Result Set = 2501
3. The Plan of the Query:
{
  "Total Cost": 666617.26,
  "Plans": [
    {
      "Parent Relationship": "SubPlan",
      "Total Cost": 253.98,
      "Relation Name": "dependent",
      "Parallel Aware": false,
      "Filter": "((e.fname \u003c\u003e dependent_name) AND (e.sex \u003c\u003e sex))",
      "Subplan Name": "SubPlan 1",
      "Alias": "d",
      "Node Type": "Seq Scan",
      "Plan Width": 4,
      "Startup Cost": 0.0,
      "Plan Rows": 4999
    }
  ],
  "Relation Name": "employee",
  "Parallel Aware": false,
  "Filter": "(SubPlan 1)",
  "Alias": "e",
  "Node Type": "Seq Scan",
  "Plan Width": 42,
  "Startup Cost": 0.0,
  "Plan Rows": 2501
}

------------------------------

Indicies Configuration #4:
Index btree on column sex in table dependent

------------------------------

1. The Total Cost of the Plan = 666617.26
2. The Estimated Size of the Result Set = 2501
3. The Plan of the Query:
{
  "Total Cost": 666617.26,
  "Plans": [
    {
      "Parent Relationship": "SubPlan",
      "Total Cost": 253.98,
      "Relation Name": "dependent",
      "Parallel Aware": false,
      "Filter": "((e.fname \u003c\u003e dependent_name) AND (e.sex \u003c\u003e sex))",
      "Subplan Name": "SubPlan 1",
      "Alias": "d",
      "Node Type": "Seq Scan",
      "Plan Width": 4,
      "Startup Cost": 0.0,
      "Plan Rows": 4999
    }
  ],
  "Relation Name": "employee",
  "Parallel Aware": false,
  "Filter": "(SubPlan 1)",
  "Alias": "e",
  "Node Type": "Seq Scan",
  "Plan Width": 42,
  "Startup Cost": 0.0,
  "Plan Rows": 2501
}

------------------------------

Indicies Configuration #5:
Index btree on column sex in table dependent
Index btree on column fname in table employee

------------------------------

1. The Total Cost of the Plan = 666617.26
2. The Estimated Size of the Result Set = 2501
3. The Plan of the Query:
{
  "Total Cost": 666617.26,
  "Plans": [
    {
      "Parent Relationship": "SubPlan",
      "Total Cost": 253.98,
      "Relation Name": "dependent",
      "Parallel Aware": false,
      "Filter": "((e.fname \u003c\u003e dependent_name) AND (e.sex \u003c\u003e sex))",
      "Subplan Name": "SubPlan 1",
      "Alias": "d",
      "Node Type": "Seq Scan",
      "Plan Width": 4,
      "Startup Cost": 0.0,
      "Plan Rows": 4999
    }
  ],
  "Relation Name": "employee",
  "Parallel Aware": false,
  "Filter": "(SubPlan 1)",
  "Alias": "e",
  "Node Type": "Seq Scan",
  "Plan Width": 42,
  "Startup Cost": 0.0,
  "Plan Rows": 2501
}

------------------------------

Indicies Configuration #6:
Index btree on column sex in table dependent
Index hash on column fname in table employee

------------------------------

1. The Total Cost of the Plan = 666617.26
2. The Estimated Size of the Result Set = 2501
3. The Plan of the Query:
{
  "Total Cost": 666617.26,
  "Plans": [
    {
      "Parent Relationship": "SubPlan",
      "Total Cost": 253.98,
      "Relation Name": "dependent",
      "Parallel Aware": false,
      "Filter": "((e.fname \u003c\u003e dependent_name) AND (e.sex \u003c\u003e sex))",
      "Subplan Name": "SubPlan 1",
      "Alias": "d",
      "Node Type": "Seq Scan",
      "Plan Width": 4,
      "Startup Cost": 0.0,
      "Plan Rows": 4999
    }
  ],
  "Relation Name": "employee",
  "Parallel Aware": false,
  "Filter": "(SubPlan 1)",
  "Alias": "e",
  "Node Type": "Seq Scan",
  "Plan Width": 42,
  "Startup Cost": 0.0,
  "Plan Rows": 2501
}

------------------------------

Indicies Configuration #7:
Index hash on column sex in table dependent

------------------------------

1. The Total Cost of the Plan = 666617.26
2. The Estimated Size of the Result Set = 2501
3. The Plan of the Query:
{
  "Total Cost": 666617.26,
  "Plans": [
    {
      "Parent Relationship": "SubPlan",
      "Total Cost": 253.98,
      "Relation Name": "dependent",
      "Parallel Aware": false,
      "Filter": "((e.fname \u003c\u003e dependent_name) AND (e.sex \u003c\u003e sex))",
      "Subplan Name": "SubPlan 1",
      "Alias": "d",
      "Node Type": "Seq Scan",
      "Plan Width": 4,
      "Startup Cost": 0.0,
      "Plan Rows": 4999
    }
  ],
  "Relation Name": "employee",
  "Parallel Aware": false,
  "Filter": "(SubPlan 1)",
  "Alias": "e",
  "Node Type": "Seq Scan",
  "Plan Width": 42,
  "Startup Cost": 0.0,
  "Plan Rows": 2501
}

------------------------------

Indicies Configuration #8:
Index hash on column sex in table dependent
Index btree on column fname in table employee

------------------------------

1. The Total Cost of the Plan = 666617.26
2. The Estimated Size of the Result Set = 2501
3. The Plan of the Query:
{
  "Total Cost": 666617.26,
  "Plans": [
    {
      "Parent Relationship": "SubPlan",
      "Total Cost": 253.98,
      "Relation Name": "dependent",
      "Parallel Aware": false,
      "Filter": "((e.fname \u003c\u003e dependent_name) AND (e.sex \u003c\u003e sex))",
      "Subplan Name": "SubPlan 1",
      "Alias": "d",
      "Node Type": "Seq Scan",
      "Plan Width": 4,
      "Startup Cost": 0.0,
      "Plan Rows": 4999
    }
  ],
  "Relation Name": "employee",
  "Parallel Aware": false,
  "Filter": "(SubPlan 1)",
  "Alias": "e",
  "Node Type": "Seq Scan",
  "Plan Width": 42,
  "Startup Cost": 0.0,
  "Plan Rows": 2501
}

------------------------------

Indicies Configuration #9:
Index hash on column sex in table dependent
Index hash on column fname in table employee

------------------------------

1. The Total Cost of the Plan = 666617.26
2. The Estimated Size of the Result Set = 2501
3. The Plan of the Query:
{
  "Total Cost": 666617.26,
  "Plans": [
    {
      "Parent Relationship": "SubPlan",
      "Total Cost": 253.98,
      "Relation Name": "dependent",
      "Parallel Aware": false,
      "Filter": "((e.fname \u003c\u003e dependent_name) AND (e.sex \u003c\u003e sex))",
      "Subplan Name": "SubPlan 1",
      "Alias": "d",
      "Node Type": "Seq Scan",
      "Plan Width": 4,
      "Startup Cost": 0.0,
      "Plan Rows": 4999
    }
  ],
  "Relation Name": "employee",
  "Parallel Aware": false,
  "Filter": "(SubPlan 1)",
  "Alias": "e",
  "Node Type": "Seq Scan",
  "Plan Width": 42,
  "Startup Cost": 0.0,
  "Plan Rows": 2501
}

------------------------------

Indicies Configuration #10:
Index btree on column sex in table employee

------------------------------

1. The Total Cost of the Plan = 666617.26
2. The Estimated Size of the Result Set = 2501
3. The Plan of the Query:
{
  "Total Cost": 666617.26,
  "Plans": [
    {
      "Parent Relationship": "SubPlan",
      "Total Cost": 253.98,
      "Relation Name": "dependent",
      "Parallel Aware": false,
      "Filter": "((e.fname \u003c\u003e dependent_name) AND (e.sex \u003c\u003e sex))",
      "Subplan Name": "SubPlan 1",
      "Alias": "d",
      "Node Type": "Seq Scan",
      "Plan Width": 4,
      "Startup Cost": 0.0,
      "Plan Rows": 4999
    }
  ],
  "Relation Name": "employee",
  "Parallel Aware": false,
  "Filter": "(SubPlan 1)",
  "Alias": "e",
  "Node Type": "Seq Scan",
  "Plan Width": 42,
  "Startup Cost": 0.0,
  "Plan Rows": 2501
}

------------------------------

Indicies Configuration #11:
Index btree on column sex in table employee
Index btree on column fname in table employee

------------------------------

1. The Total Cost of the Plan = 666617.26
2. The Estimated Size of the Result Set = 2501
3. The Plan of the Query:
{
  "Total Cost": 666617.26,
  "Plans": [
    {
      "Parent Relationship": "SubPlan",
      "Total Cost": 253.98,
      "Relation Name": "dependent",
      "Parallel Aware": false,
      "Filter": "((e.fname \u003c\u003e dependent_name) AND (e.sex \u003c\u003e sex))",
      "Subplan Name": "SubPlan 1",
      "Alias": "d",
      "Node Type": "Seq Scan",
      "Plan Width": 4,
      "Startup Cost": 0.0,
      "Plan Rows": 4999
    }
  ],
  "Relation Name": "employee",
  "Parallel Aware": false,
  "Filter": "(SubPlan 1)",
  "Alias": "e",
  "Node Type": "Seq Scan",
  "Plan Width": 42,
  "Startup Cost": 0.0,
  "Plan Rows": 2501
}

------------------------------

Indicies Configuration #12:
Index btree on column sex in table employee
Index hash on column fname in table employee

------------------------------

1. The Total Cost of the Plan = 666617.26
2. The Estimated Size of the Result Set = 2501
3. The Plan of the Query:
{
  "Total Cost": 666617.26,
  "Plans": [
    {
      "Parent Relationship": "SubPlan",
      "Total Cost": 253.98,
      "Relation Name": "dependent",
      "Parallel Aware": false,
      "Filter": "((e.fname \u003c\u003e dependent_name) AND (e.sex \u003c\u003e sex))",
      "Subplan Name": "SubPlan 1",
      "Alias": "d",
      "Node Type": "Seq Scan",
      "Plan Width": 4,
      "Startup Cost": 0.0,
      "Plan Rows": 4999
    }
  ],
  "Relation Name": "employee",
  "Parallel Aware": false,
  "Filter": "(SubPlan 1)",
  "Alias": "e",
  "Node Type": "Seq Scan",
  "Plan Width": 42,
  "Startup Cost": 0.0,
  "Plan Rows": 2501
}

------------------------------

Indicies Configuration #13:
Index btree on column sex in table employee
Index btree on column sex in table dependent

------------------------------

1. The Total Cost of the Plan = 666617.26
2. The Estimated Size of the Result Set = 2501
3. The Plan of the Query:
{
  "Total Cost": 666617.26,
  "Plans": [
    {
      "Parent Relationship": "SubPlan",
      "Total Cost": 253.98,
      "Relation Name": "dependent",
      "Parallel Aware": false,
      "Filter": "((e.fname \u003c\u003e dependent_name) AND (e.sex \u003c\u003e sex))",
      "Subplan Name": "SubPlan 1",
      "Alias": "d",
      "Node Type": "Seq Scan",
      "Plan Width": 4,
      "Startup Cost": 0.0,
      "Plan Rows": 4999
    }
  ],
  "Relation Name": "employee",
  "Parallel Aware": false,
  "Filter": "(SubPlan 1)",
  "Alias": "e",
  "Node Type": "Seq Scan",
  "Plan Width": 42,
  "Startup Cost": 0.0,
  "Plan Rows": 2501
}

------------------------------

Indicies Configuration #14:
Index btree on column sex in table employee
Index btree on column sex in table dependent
Index btree on column fname in table employee

------------------------------

1. The Total Cost of the Plan = 666617.26
2. The Estimated Size of the Result Set = 2501
3. The Plan of the Query:
{
  "Total Cost": 666617.26,
  "Plans": [
    {
      "Parent Relationship": "SubPlan",
      "Total Cost": 253.98,
      "Relation Name": "dependent",
      "Parallel Aware": false,
      "Filter": "((e.fname \u003c\u003e dependent_name) AND (e.sex \u003c\u003e sex))",
      "Subplan Name": "SubPlan 1",
      "Alias": "d",
      "Node Type": "Seq Scan",
      "Plan Width": 4,
      "Startup Cost": 0.0,
      "Plan Rows": 4999
    }
  ],
  "Relation Name": "employee",
  "Parallel Aware": false,
  "Filter": "(SubPlan 1)",
  "Alias": "e",
  "Node Type": "Seq Scan",
  "Plan Width": 42,
  "Startup Cost": 0.0,
  "Plan Rows": 2501
}

------------------------------

Indicies Configuration #15:
Index btree on column sex in table employee
Index btree on column sex in table dependent
Index hash on column fname in table employee

------------------------------

1. The Total Cost of the Plan = 666617.26
2. The Estimated Size of the Result Set = 2501
3. The Plan of the Query:
{
  "Total Cost": 666617.26,
  "Plans": [
    {
      "Parent Relationship": "SubPlan",
      "Total Cost": 253.98,
      "Relation Name": "dependent",
      "Parallel Aware": false,
      "Filter": "((e.fname \u003c\u003e dependent_name) AND (e.sex \u003c\u003e sex))",
      "Subplan Name": "SubPlan 1",
      "Alias": "d",
      "Node Type": "Seq Scan",
      "Plan Width": 4,
      "Startup Cost": 0.0,
      "Plan Rows": 4999
    }
  ],
  "Relation Name": "employee",
  "Parallel Aware": false,
  "Filter": "(SubPlan 1)",
  "Alias": "e",
  "Node Type": "Seq Scan",
  "Plan Width": 42,
  "Startup Cost": 0.0,
  "Plan Rows": 2501
}

------------------------------

Indicies Configuration #16:
Index btree on column sex in table employee
Index hash on column sex in table dependent

------------------------------

1. The Total Cost of the Plan = 666617.26
2. The Estimated Size of the Result Set = 2501
3. The Plan of the Query:
{
  "Total Cost": 666617.26,
  "Plans": [
    {
      "Parent Relationship": "SubPlan",
      "Total Cost": 253.98,
      "Relation Name": "dependent",
      "Parallel Aware": false,
      "Filter": "((e.fname \u003c\u003e dependent_name) AND (e.sex \u003c\u003e sex))",
      "Subplan Name": "SubPlan 1",
      "Alias": "d",
      "Node Type": "Seq Scan",
      "Plan Width": 4,
      "Startup Cost": 0.0,
      "Plan Rows": 4999
    }
  ],
  "Relation Name": "employee",
  "Parallel Aware": false,
  "Filter": "(SubPlan 1)",
  "Alias": "e",
  "Node Type": "Seq Scan",
  "Plan Width": 42,
  "Startup Cost": 0.0,
  "Plan Rows": 2501
}

------------------------------

Indicies Configuration #17:
Index btree on column sex in table employee
Index hash on column sex in table dependent
Index btree on column fname in table employee

------------------------------

1. The Total Cost of the Plan = 666617.26
2. The Estimated Size of the Result Set = 2501
3. The Plan of the Query:
{
  "Total Cost": 666617.26,
  "Plans": [
    {
      "Parent Relationship": "SubPlan",
      "Total Cost": 253.98,
      "Relation Name": "dependent",
      "Parallel Aware": false,
      "Filter": "((e.fname \u003c\u003e dependent_name) AND (e.sex \u003c\u003e sex))",
      "Subplan Name": "SubPlan 1",
      "Alias": "d",
      "Node Type": "Seq Scan",
      "Plan Width": 4,
      "Startup Cost": 0.0,
      "Plan Rows": 4999
    }
  ],
  "Relation Name": "employee",
  "Parallel Aware": false,
  "Filter": "(SubPlan 1)",
  "Alias": "e",
  "Node Type": "Seq Scan",
  "Plan Width": 42,
  "Startup Cost": 0.0,
  "Plan Rows": 2501
}

------------------------------

Indicies Configuration #18:
Index btree on column sex in table employee
Index hash on column sex in table dependent
Index hash on column fname in table employee

------------------------------

1. The Total Cost of the Plan = 666617.26
2. The Estimated Size of the Result Set = 2501
3. The Plan of the Query:
{
  "Total Cost": 666617.26,
  "Plans": [
    {
      "Parent Relationship": "SubPlan",
      "Total Cost": 253.98,
      "Relation Name": "dependent",
      "Parallel Aware": false,
      "Filter": "((e.fname \u003c\u003e dependent_name) AND (e.sex \u003c\u003e sex))",
      "Subplan Name": "SubPlan 1",
      "Alias": "d",
      "Node Type": "Seq Scan",
      "Plan Width": 4,
      "Startup Cost": 0.0,
      "Plan Rows": 4999
    }
  ],
  "Relation Name": "employee",
  "Parallel Aware": false,
  "Filter": "(SubPlan 1)",
  "Alias": "e",
  "Node Type": "Seq Scan",
  "Plan Width": 42,
  "Startup Cost": 0.0,
  "Plan Rows": 2501
}

------------------------------

Indicies Configuration #19:
Index hash on column sex in table employee

------------------------------

1. The Total Cost of the Plan = 666617.26
2. The Estimated Size of the Result Set = 2501
3. The Plan of the Query:
{
  "Total Cost": 666617.26,
  "Plans": [
    {
      "Parent Relationship": "SubPlan",
      "Total Cost": 253.98,
      "Relation Name": "dependent",
      "Parallel Aware": false,
      "Filter": "((e.fname \u003c\u003e dependent_name) AND (e.sex \u003c\u003e sex))",
      "Subplan Name": "SubPlan 1",
      "Alias": "d",
      "Node Type": "Seq Scan",
      "Plan Width": 4,
      "Startup Cost": 0.0,
      "Plan Rows": 4999
    }
  ],
  "Relation Name": "employee",
  "Parallel Aware": false,
  "Filter": "(SubPlan 1)",
  "Alias": "e",
  "Node Type": "Seq Scan",
  "Plan Width": 42,
  "Startup Cost": 0.0,
  "Plan Rows": 2501
}

------------------------------

Indicies Configuration #20:
Index hash on column sex in table employee
Index btree on column fname in table employee

------------------------------

1. The Total Cost of the Plan = 666617.26
2. The Estimated Size of the Result Set = 2501
3. The Plan of the Query:
{
  "Total Cost": 666617.26,
  "Plans": [
    {
      "Parent Relationship": "SubPlan",
      "Total Cost": 253.98,
      "Relation Name": "dependent",
      "Parallel Aware": false,
      "Filter": "((e.fname \u003c\u003e dependent_name) AND (e.sex \u003c\u003e sex))",
      "Subplan Name": "SubPlan 1",
      "Alias": "d",
      "Node Type": "Seq Scan",
      "Plan Width": 4,
      "Startup Cost": 0.0,
      "Plan Rows": 4999
    }
  ],
  "Relation Name": "employee",
  "Parallel Aware": false,
  "Filter": "(SubPlan 1)",
  "Alias": "e",
  "Node Type": "Seq Scan",
  "Plan Width": 42,
  "Startup Cost": 0.0,
  "Plan Rows": 2501
}

------------------------------

Indicies Configuration #21:
Index hash on column sex in table employee
Index hash on column fname in table employee

------------------------------

1. The Total Cost of the Plan = 666617.26
2. The Estimated Size of the Result Set = 2501
3. The Plan of the Query:
{
  "Total Cost": 666617.26,
  "Plans": [
    {
      "Parent Relationship": "SubPlan",
      "Total Cost": 253.98,
      "Relation Name": "dependent",
      "Parallel Aware": false,
      "Filter": "((e.fname \u003c\u003e dependent_name) AND (e.sex \u003c\u003e sex))",
      "Subplan Name": "SubPlan 1",
      "Alias": "d",
      "Node Type": "Seq Scan",
      "Plan Width": 4,
      "Startup Cost": 0.0,
      "Plan Rows": 4999
    }
  ],
  "Relation Name": "employee",
  "Parallel Aware": false,
  "Filter": "(SubPlan 1)",
  "Alias": "e",
  "Node Type": "Seq Scan",
  "Plan Width": 42,
  "Startup Cost": 0.0,
  "Plan Rows": 2501
}

------------------------------

Indicies Configuration #22:
Index hash on column sex in table employee
Index btree on column sex in table dependent

------------------------------

1. The Total Cost of the Plan = 666617.26
2. The Estimated Size of the Result Set = 2501
3. The Plan of the Query:
{
  "Total Cost": 666617.26,
  "Plans": [
    {
      "Parent Relationship": "SubPlan",
      "Total Cost": 253.98,
      "Relation Name": "dependent",
      "Parallel Aware": false,
      "Filter": "((e.fname \u003c\u003e dependent_name) AND (e.sex \u003c\u003e sex))",
      "Subplan Name": "SubPlan 1",
      "Alias": "d",
      "Node Type": "Seq Scan",
      "Plan Width": 4,
      "Startup Cost": 0.0,
      "Plan Rows": 4999
    }
  ],
  "Relation Name": "employee",
  "Parallel Aware": false,
  "Filter": "(SubPlan 1)",
  "Alias": "e",
  "Node Type": "Seq Scan",
  "Plan Width": 42,
  "Startup Cost": 0.0,
  "Plan Rows": 2501
}

------------------------------

Indicies Configuration #23:
Index hash on column sex in table employee
Index btree on column sex in table dependent
Index btree on column fname in table employee

------------------------------

1. The Total Cost of the Plan = 666617.26
2. The Estimated Size of the Result Set = 2501
3. The Plan of the Query:
{
  "Total Cost": 666617.26,
  "Plans": [
    {
      "Parent Relationship": "SubPlan",
      "Total Cost": 253.98,
      "Relation Name": "dependent",
      "Parallel Aware": false,
      "Filter": "((e.fname \u003c\u003e dependent_name) AND (e.sex \u003c\u003e sex))",
      "Subplan Name": "SubPlan 1",
      "Alias": "d",
      "Node Type": "Seq Scan",
      "Plan Width": 4,
      "Startup Cost": 0.0,
      "Plan Rows": 4999
    }
  ],
  "Relation Name": "employee",
  "Parallel Aware": false,
  "Filter": "(SubPlan 1)",
  "Alias": "e",
  "Node Type": "Seq Scan",
  "Plan Width": 42,
  "Startup Cost": 0.0,
  "Plan Rows": 2501
}

------------------------------

Indicies Configuration #24:
Index hash on column sex in table employee
Index btree on column sex in table dependent
Index hash on column fname in table employee

------------------------------

1. The Total Cost of the Plan = 666617.26
2. The Estimated Size of the Result Set = 2501
3. The Plan of the Query:
{
  "Total Cost": 666617.26,
  "Plans": [
    {
      "Parent Relationship": "SubPlan",
      "Total Cost": 253.98,
      "Relation Name": "dependent",
      "Parallel Aware": false,
      "Filter": "((e.fname \u003c\u003e dependent_name) AND (e.sex \u003c\u003e sex))",
      "Subplan Name": "SubPlan 1",
      "Alias": "d",
      "Node Type": "Seq Scan",
      "Plan Width": 4,
      "Startup Cost": 0.0,
      "Plan Rows": 4999
    }
  ],
  "Relation Name": "employee",
  "Parallel Aware": false,
  "Filter": "(SubPlan 1)",
  "Alias": "e",
  "Node Type": "Seq Scan",
  "Plan Width": 42,
  "Startup Cost": 0.0,
  "Plan Rows": 2501
}

------------------------------

Indicies Configuration #25:
Index hash on column sex in table employee
Index hash on column sex in table dependent

------------------------------

1. The Total Cost of the Plan = 666617.26
2. The Estimated Size of the Result Set = 2501
3. The Plan of the Query:
{
  "Total Cost": 666617.26,
  "Plans": [
    {
      "Parent Relationship": "SubPlan",
      "Total Cost": 253.98,
      "Relation Name": "dependent",
      "Parallel Aware": false,
      "Filter": "((e.fname \u003c\u003e dependent_name) AND (e.sex \u003c\u003e sex))",
      "Subplan Name": "SubPlan 1",
      "Alias": "d",
      "Node Type": "Seq Scan",
      "Plan Width": 4,
      "Startup Cost": 0.0,
      "Plan Rows": 4999
    }
  ],
  "Relation Name": "employee",
  "Parallel Aware": false,
  "Filter": "(SubPlan 1)",
  "Alias": "e",
  "Node Type": "Seq Scan",
  "Plan Width": 42,
  "Startup Cost": 0.0,
  "Plan Rows": 2501
}

------------------------------

Indicies Configuration #26:
Index hash on column sex in table employee
Index hash on column sex in table dependent
Index btree on column fname in table employee

------------------------------

1. The Total Cost of the Plan = 666617.26
2. The Estimated Size of the Result Set = 2501
3. The Plan of the Query:
{
  "Total Cost": 666617.26,
  "Plans": [
    {
      "Parent Relationship": "SubPlan",
      "Total Cost": 253.98,
      "Relation Name": "dependent",
      "Parallel Aware": false,
      "Filter": "((e.fname \u003c\u003e dependent_name) AND (e.sex \u003c\u003e sex))",
      "Subplan Name": "SubPlan 1",
      "Alias": "d",
      "Node Type": "Seq Scan",
      "Plan Width": 4,
      "Startup Cost": 0.0,
      "Plan Rows": 4999
    }
  ],
  "Relation Name": "employee",
  "Parallel Aware": false,
  "Filter": "(SubPlan 1)",
  "Alias": "e",
  "Node Type": "Seq Scan",
  "Plan Width": 42,
  "Startup Cost": 0.0,
  "Plan Rows": 2501
}

------------------------------

Indicies Configuration #27:
Index hash on column sex in table employee
Index hash on column sex in table dependent
Index hash on column fname in table employee

------------------------------

1. The Total Cost of the Plan = 666617.26
2. The Estimated Size of the Result Set = 2501
3. The Plan of the Query:
{
  "Total Cost": 666617.26,
  "Plans": [
    {
      "Parent Relationship": "SubPlan",
      "Total Cost": 253.98,
      "Relation Name": "dependent",
      "Parallel Aware": false,
      "Filter": "((e.fname \u003c\u003e dependent_name) AND (e.sex \u003c\u003e sex))",
      "Subplan Name": "SubPlan 1",
      "Alias": "d",
      "Node Type": "Seq Scan",
      "Plan Width": 4,
      "Startup Cost": 0.0,
      "Plan Rows": 4999
    }
  ],
  "Relation Name": "employee",
  "Parallel Aware": false,
  "Filter": "(SubPlan 1)",
  "Alias": "e",
  "Node Type": "Seq Scan",
  "Plan Width": 42,
  "Startup Cost": 0.0,
  "Plan Rows": 2501
}

------------------------------

Indicies Configuration #28:
Index btree on column dependent_name in table dependent

------------------------------

1. The Total Cost of the Plan = 666617.26
2. The Estimated Size of the Result Set = 2501
3. The Plan of the Query:
{
  "Total Cost": 666617.26,
  "Plans": [
    {
      "Parent Relationship": "SubPlan",
      "Total Cost": 253.98,
      "Relation Name": "dependent",
      "Parallel Aware": false,
      "Filter": "((e.fname \u003c\u003e dependent_name) AND (e.sex \u003c\u003e sex))",
      "Subplan Name": "SubPlan 1",
      "Alias": "d",
      "Node Type": "Seq Scan",
      "Plan Width": 4,
      "Startup Cost": 0.0,
      "Plan Rows": 4999
    }
  ],
  "Relation Name": "employee",
  "Parallel Aware": false,
  "Filter": "(SubPlan 1)",
  "Alias": "e",
  "Node Type": "Seq Scan",
  "Plan Width": 42,
  "Startup Cost": 0.0,
  "Plan Rows": 2501
}

------------------------------

Indicies Configuration #29:
Index btree on column dependent_name in table dependent
Index btree on column fname in table employee

------------------------------

1. The Total Cost of the Plan = 666617.26
2. The Estimated Size of the Result Set = 2501
3. The Plan of the Query:
{
  "Total Cost": 666617.26,
  "Plans": [
    {
      "Parent Relationship": "SubPlan",
      "Total Cost": 253.98,
      "Relation Name": "dependent",
      "Parallel Aware": false,
      "Filter": "((e.fname \u003c\u003e dependent_name) AND (e.sex \u003c\u003e sex))",
      "Subplan Name": "SubPlan 1",
      "Alias": "d",
      "Node Type": "Seq Scan",
      "Plan Width": 4,
      "Startup Cost": 0.0,
      "Plan Rows": 4999
    }
  ],
  "Relation Name": "employee",
  "Parallel Aware": false,
  "Filter": "(SubPlan 1)",
  "Alias": "e",
  "Node Type": "Seq Scan",
  "Plan Width": 42,
  "Startup Cost": 0.0,
  "Plan Rows": 2501
}

------------------------------

Indicies Configuration #30:
Index btree on column dependent_name in table dependent
Index hash on column fname in table employee

------------------------------

1. The Total Cost of the Plan = 666617.26
2. The Estimated Size of the Result Set = 2501
3. The Plan of the Query:
{
  "Total Cost": 666617.26,
  "Plans": [
    {
      "Parent Relationship": "SubPlan",
      "Total Cost": 253.98,
      "Relation Name": "dependent",
      "Parallel Aware": false,
      "Filter": "((e.fname \u003c\u003e dependent_name) AND (e.sex \u003c\u003e sex))",
      "Subplan Name": "SubPlan 1",
      "Alias": "d",
      "Node Type": "Seq Scan",
      "Plan Width": 4,
      "Startup Cost": 0.0,
      "Plan Rows": 4999
    }
  ],
  "Relation Name": "employee",
  "Parallel Aware": false,
  "Filter": "(SubPlan 1)",
  "Alias": "e",
  "Node Type": "Seq Scan",
  "Plan Width": 42,
  "Startup Cost": 0.0,
  "Plan Rows": 2501
}

------------------------------

Indicies Configuration #31:
Index btree on column dependent_name in table dependent
Index btree on column sex in table dependent

------------------------------

1. The Total Cost of the Plan = 666617.26
2. The Estimated Size of the Result Set = 2501
3. The Plan of the Query:
{
  "Total Cost": 666617.26,
  "Plans": [
    {
      "Parent Relationship": "SubPlan",
      "Total Cost": 253.98,
      "Relation Name": "dependent",
      "Parallel Aware": false,
      "Filter": "((e.fname \u003c\u003e dependent_name) AND (e.sex \u003c\u003e sex))",
      "Subplan Name": "SubPlan 1",
      "Alias": "d",
      "Node Type": "Seq Scan",
      "Plan Width": 4,
      "Startup Cost": 0.0,
      "Plan Rows": 4999
    }
  ],
  "Relation Name": "employee",
  "Parallel Aware": false,
  "Filter": "(SubPlan 1)",
  "Alias": "e",
  "Node Type": "Seq Scan",
  "Plan Width": 42,
  "Startup Cost": 0.0,
  "Plan Rows": 2501
}

------------------------------

Indicies Configuration #32:
Index btree on column dependent_name in table dependent
Index btree on column sex in table dependent
Index btree on column fname in table employee

------------------------------

1. The Total Cost of the Plan = 666617.26
2. The Estimated Size of the Result Set = 2501
3. The Plan of the Query:
{
  "Total Cost": 666617.26,
  "Plans": [
    {
      "Parent Relationship": "SubPlan",
      "Total Cost": 253.98,
      "Relation Name": "dependent",
      "Parallel Aware": false,
      "Filter": "((e.fname \u003c\u003e dependent_name) AND (e.sex \u003c\u003e sex))",
      "Subplan Name": "SubPlan 1",
      "Alias": "d",
      "Node Type": "Seq Scan",
      "Plan Width": 4,
      "Startup Cost": 0.0,
      "Plan Rows": 4999
    }
  ],
  "Relation Name": "employee",
  "Parallel Aware": false,
  "Filter": "(SubPlan 1)",
  "Alias": "e",
  "Node Type": "Seq Scan",
  "Plan Width": 42,
  "Startup Cost": 0.0,
  "Plan Rows": 2501
}

------------------------------

Indicies Configuration #33:
Index btree on column dependent_name in table dependent
Index btree on column sex in table dependent
Index hash on column fname in table employee

------------------------------

1. The Total Cost of the Plan = 666617.26
2. The Estimated Size of the Result Set = 2501
3. The Plan of the Query:
{
  "Total Cost": 666617.26,
  "Plans": [
    {
      "Parent Relationship": "SubPlan",
      "Total Cost": 253.98,
      "Relation Name": "dependent",
      "Parallel Aware": false,
      "Filter": "((e.fname \u003c\u003e dependent_name) AND (e.sex \u003c\u003e sex))",
      "Subplan Name": "SubPlan 1",
      "Alias": "d",
      "Node Type": "Seq Scan",
      "Plan Width": 4,
      "Startup Cost": 0.0,
      "Plan Rows": 4999
    }
  ],
  "Relation Name": "employee",
  "Parallel Aware": false,
  "Filter": "(SubPlan 1)",
  "Alias": "e",
  "Node Type": "Seq Scan",
  "Plan Width": 42,
  "Startup Cost": 0.0,
  "Plan Rows": 2501
}

------------------------------

Indicies Configuration #34:
Index btree on column dependent_name in table dependent
Index hash on column sex in table dependent

------------------------------

1. The Total Cost of the Plan = 666617.26
2. The Estimated Size of the Result Set = 2501
3. The Plan of the Query:
{
  "Total Cost": 666617.26,
  "Plans": [
    {
      "Parent Relationship": "SubPlan",
      "Total Cost": 253.98,
      "Relation Name": "dependent",
      "Parallel Aware": false,
      "Filter": "((e.fname \u003c\u003e dependent_name) AND (e.sex \u003c\u003e sex))",
      "Subplan Name": "SubPlan 1",
      "Alias": "d",
      "Node Type": "Seq Scan",
      "Plan Width": 4,
      "Startup Cost": 0.0,
      "Plan Rows": 4999
    }
  ],
  "Relation Name": "employee",
  "Parallel Aware": false,
  "Filter": "(SubPlan 1)",
  "Alias": "e",
  "Node Type": "Seq Scan",
  "Plan Width": 42,
  "Startup Cost": 0.0,
  "Plan Rows": 2501
}

------------------------------

Indicies Configuration #35:
Index btree on column dependent_name in table dependent
Index hash on column sex in table dependent
Index btree on column fname in table employee

------------------------------

1. The Total Cost of the Plan = 666617.26
2. The Estimated Size of the Result Set = 2501
3. The Plan of the Query:
{
  "Total Cost": 666617.26,
  "Plans": [
    {
      "Parent Relationship": "SubPlan",
      "Total Cost": 253.98,
      "Relation Name": "dependent",
      "Parallel Aware": false,
      "Filter": "((e.fname \u003c\u003e dependent_name) AND (e.sex \u003c\u003e sex))",
      "Subplan Name": "SubPlan 1",
      "Alias": "d",
      "Node Type": "Seq Scan",
      "Plan Width": 4,
      "Startup Cost": 0.0,
      "Plan Rows": 4999
    }
  ],
  "Relation Name": "employee",
  "Parallel Aware": false,
  "Filter": "(SubPlan 1)",
  "Alias": "e",
  "Node Type": "Seq Scan",
  "Plan Width": 42,
  "Startup Cost": 0.0,
  "Plan Rows": 2501
}

------------------------------

Indicies Configuration #36:
Index btree on column dependent_name in table dependent
Index hash on column sex in table dependent
Index hash on column fname in table employee

------------------------------

1. The Total Cost of the Plan = 666617.26
2. The Estimated Size of the Result Set = 2501
3. The Plan of the Query:
{
  "Total Cost": 666617.26,
  "Plans": [
    {
      "Parent Relationship": "SubPlan",
      "Total Cost": 253.98,
      "Relation Name": "dependent",
      "Parallel Aware": false,
      "Filter": "((e.fname \u003c\u003e dependent_name) AND (e.sex \u003c\u003e sex))",
      "Subplan Name": "SubPlan 1",
      "Alias": "d",
      "Node Type": "Seq Scan",
      "Plan Width": 4,
      "Startup Cost": 0.0,
      "Plan Rows": 4999
    }
  ],
  "Relation Name": "employee",
  "Parallel Aware": false,
  "Filter": "(SubPlan 1)",
  "Alias": "e",
  "Node Type": "Seq Scan",
  "Plan Width": 42,
  "Startup Cost": 0.0,
  "Plan Rows": 2501
}

------------------------------

Indicies Configuration #37:
Index btree on column dependent_name in table dependent
Index btree on column sex in table employee

------------------------------

1. The Total Cost of the Plan = 666617.26
2. The Estimated Size of the Result Set = 2501
3. The Plan of the Query:
{
  "Total Cost": 666617.26,
  "Plans": [
    {
      "Parent Relationship": "SubPlan",
      "Total Cost": 253.98,
      "Relation Name": "dependent",
      "Parallel Aware": false,
      "Filter": "((e.fname \u003c\u003e dependent_name) AND (e.sex \u003c\u003e sex))",
      "Subplan Name": "SubPlan 1",
      "Alias": "d",
      "Node Type": "Seq Scan",
      "Plan Width": 4,
      "Startup Cost": 0.0,
      "Plan Rows": 4999
    }
  ],
  "Relation Name": "employee",
  "Parallel Aware": false,
  "Filter": "(SubPlan 1)",
  "Alias": "e",
  "Node Type": "Seq Scan",
  "Plan Width": 42,
  "Startup Cost": 0.0,
  "Plan Rows": 2501
}

------------------------------

Indicies Configuration #38:
Index btree on column dependent_name in table dependent
Index btree on column sex in table employee
Index btree on column fname in table employee

------------------------------

1. The Total Cost of the Plan = 666617.26
2. The Estimated Size of the Result Set = 2501
3. The Plan of the Query:
{
  "Total Cost": 666617.26,
  "Plans": [
    {
      "Parent Relationship": "SubPlan",
      "Total Cost": 253.98,
      "Relation Name": "dependent",
      "Parallel Aware": false,
      "Filter": "((e.fname \u003c\u003e dependent_name) AND (e.sex \u003c\u003e sex))",
      "Subplan Name": "SubPlan 1",
      "Alias": "d",
      "Node Type": "Seq Scan",
      "Plan Width": 4,
      "Startup Cost": 0.0,
      "Plan Rows": 4999
    }
  ],
  "Relation Name": "employee",
  "Parallel Aware": false,
  "Filter": "(SubPlan 1)",
  "Alias": "e",
  "Node Type": "Seq Scan",
  "Plan Width": 42,
  "Startup Cost": 0.0,
  "Plan Rows": 2501
}

------------------------------

Indicies Configuration #39:
Index btree on column dependent_name in table dependent
Index btree on column sex in table employee
Index hash on column fname in table employee

------------------------------

1. The Total Cost of the Plan = 666617.26
2. The Estimated Size of the Result Set = 2501
3. The Plan of the Query:
{
  "Total Cost": 666617.26,
  "Plans": [
    {
      "Parent Relationship": "SubPlan",
      "Total Cost": 253.98,
      "Relation Name": "dependent",
      "Parallel Aware": false,
      "Filter": "((e.fname \u003c\u003e dependent_name) AND (e.sex \u003c\u003e sex))",
      "Subplan Name": "SubPlan 1",
      "Alias": "d",
      "Node Type": "Seq Scan",
      "Plan Width": 4,
      "Startup Cost": 0.0,
      "Plan Rows": 4999
    }
  ],
  "Relation Name": "employee",
  "Parallel Aware": false,
  "Filter": "(SubPlan 1)",
  "Alias": "e",
  "Node Type": "Seq Scan",
  "Plan Width": 42,
  "Startup Cost": 0.0,
  "Plan Rows": 2501
}

------------------------------

Indicies Configuration #40:
Index btree on column dependent_name in table dependent
Index btree on column sex in table employee
Index btree on column sex in table dependent

------------------------------

1. The Total Cost of the Plan = 666617.26
2. The Estimated Size of the Result Set = 2501
3. The Plan of the Query:
{
  "Total Cost": 666617.26,
  "Plans": [
    {
      "Parent Relationship": "SubPlan",
      "Total Cost": 253.98,
      "Relation Name": "dependent",
      "Parallel Aware": false,
      "Filter": "((e.fname \u003c\u003e dependent_name) AND (e.sex \u003c\u003e sex))",
      "Subplan Name": "SubPlan 1",
      "Alias": "d",
      "Node Type": "Seq Scan",
      "Plan Width": 4,
      "Startup Cost": 0.0,
      "Plan Rows": 4999
    }
  ],
  "Relation Name": "employee",
  "Parallel Aware": false,
  "Filter": "(SubPlan 1)",
  "Alias": "e",
  "Node Type": "Seq Scan",
  "Plan Width": 42,
  "Startup Cost": 0.0,
  "Plan Rows": 2501
}

------------------------------

Indicies Configuration #41:
Index btree on column dependent_name in table dependent
Index btree on column sex in table employee
Index btree on column sex in table dependent
Index btree on column fname in table employee

------------------------------

1. The Total Cost of the Plan = 666617.26
2. The Estimated Size of the Result Set = 2501
3. The Plan of the Query:
{
  "Total Cost": 666617.26,
  "Plans": [
    {
      "Parent Relationship": "SubPlan",
      "Total Cost": 253.98,
      "Relation Name": "dependent",
      "Parallel Aware": false,
      "Filter": "((e.fname \u003c\u003e dependent_name) AND (e.sex \u003c\u003e sex))",
      "Subplan Name": "SubPlan 1",
      "Alias": "d",
      "Node Type": "Seq Scan",
      "Plan Width": 4,
      "Startup Cost": 0.0,
      "Plan Rows": 4999
    }
  ],
  "Relation Name": "employee",
  "Parallel Aware": false,
  "Filter": "(SubPlan 1)",
  "Alias": "e",
  "Node Type": "Seq Scan",
  "Plan Width": 42,
  "Startup Cost": 0.0,
  "Plan Rows": 2501
}

------------------------------

Indicies Configuration #42:
Index btree on column dependent_name in table dependent
Index btree on column sex in table employee
Index btree on column sex in table dependent
Index hash on column fname in table employee

------------------------------

1. The Total Cost of the Plan = 666617.26
2. The Estimated Size of the Result Set = 2501
3. The Plan of the Query:
{
  "Total Cost": 666617.26,
  "Plans": [
    {
      "Parent Relationship": "SubPlan",
      "Total Cost": 253.98,
      "Relation Name": "dependent",
      "Parallel Aware": false,
      "Filter": "((e.fname \u003c\u003e dependent_name) AND (e.sex \u003c\u003e sex))",
      "Subplan Name": "SubPlan 1",
      "Alias": "d",
      "Node Type": "Seq Scan",
      "Plan Width": 4,
      "Startup Cost": 0.0,
      "Plan Rows": 4999
    }
  ],
  "Relation Name": "employee",
  "Parallel Aware": false,
  "Filter": "(SubPlan 1)",
  "Alias": "e",
  "Node Type": "Seq Scan",
  "Plan Width": 42,
  "Startup Cost": 0.0,
  "Plan Rows": 2501
}

------------------------------

Indicies Configuration #43:
Index btree on column dependent_name in table dependent
Index btree on column sex in table employee
Index hash on column sex in table dependent

------------------------------

1. The Total Cost of the Plan = 666617.26
2. The Estimated Size of the Result Set = 2501
3. The Plan of the Query:
{
  "Total Cost": 666617.26,
  "Plans": [
    {
      "Parent Relationship": "SubPlan",
      "Total Cost": 253.98,
      "Relation Name": "dependent",
      "Parallel Aware": false,
      "Filter": "((e.fname \u003c\u003e dependent_name) AND (e.sex \u003c\u003e sex))",
      "Subplan Name": "SubPlan 1",
      "Alias": "d",
      "Node Type": "Seq Scan",
      "Plan Width": 4,
      "Startup Cost": 0.0,
      "Plan Rows": 4999
    }
  ],
  "Relation Name": "employee",
  "Parallel Aware": false,
  "Filter": "(SubPlan 1)",
  "Alias": "e",
  "Node Type": "Seq Scan",
  "Plan Width": 42,
  "Startup Cost": 0.0,
  "Plan Rows": 2501
}

------------------------------

Indicies Configuration #44:
Index btree on column dependent_name in table dependent
Index btree on column sex in table employee
Index hash on column sex in table dependent
Index btree on column fname in table employee

------------------------------

1. The Total Cost of the Plan = 666617.26
2. The Estimated Size of the Result Set = 2501
3. The Plan of the Query:
{
  "Total Cost": 666617.26,
  "Plans": [
    {
      "Parent Relationship": "SubPlan",
      "Total Cost": 253.98,
      "Relation Name": "dependent",
      "Parallel Aware": false,
      "Filter": "((e.fname \u003c\u003e dependent_name) AND (e.sex \u003c\u003e sex))",
      "Subplan Name": "SubPlan 1",
      "Alias": "d",
      "Node Type": "Seq Scan",
      "Plan Width": 4,
      "Startup Cost": 0.0,
      "Plan Rows": 4999
    }
  ],
  "Relation Name": "employee",
  "Parallel Aware": false,
  "Filter": "(SubPlan 1)",
  "Alias": "e",
  "Node Type": "Seq Scan",
  "Plan Width": 42,
  "Startup Cost": 0.0,
  "Plan Rows": 2501
}

------------------------------

Indicies Configuration #45:
Index btree on column dependent_name in table dependent
Index btree on column sex in table employee
Index hash on column sex in table dependent
Index hash on column fname in table employee

------------------------------

1. The Total Cost of the Plan = 666617.26
2. The Estimated Size of the Result Set = 2501
3. The Plan of the Query:
{
  "Total Cost": 666617.26,
  "Plans": [
    {
      "Parent Relationship": "SubPlan",
      "Total Cost": 253.98,
      "Relation Name": "dependent",
      "Parallel Aware": false,
      "Filter": "((e.fname \u003c\u003e dependent_name) AND (e.sex \u003c\u003e sex))",
      "Subplan Name": "SubPlan 1",
      "Alias": "d",
      "Node Type": "Seq Scan",
      "Plan Width": 4,
      "Startup Cost": 0.0,
      "Plan Rows": 4999
    }
  ],
  "Relation Name": "employee",
  "Parallel Aware": false,
  "Filter": "(SubPlan 1)",
  "Alias": "e",
  "Node Type": "Seq Scan",
  "Plan Width": 42,
  "Startup Cost": 0.0,
  "Plan Rows": 2501
}

------------------------------

Indicies Configuration #46:
Index btree on column dependent_name in table dependent
Index hash on column sex in table employee

------------------------------

1. The Total Cost of the Plan = 666617.26
2. The Estimated Size of the Result Set = 2501
3. The Plan of the Query:
{
  "Total Cost": 666617.26,
  "Plans": [
    {
      "Parent Relationship": "SubPlan",
      "Total Cost": 253.98,
      "Relation Name": "dependent",
      "Parallel Aware": false,
      "Filter": "((e.fname \u003c\u003e dependent_name) AND (e.sex \u003c\u003e sex))",
      "Subplan Name": "SubPlan 1",
      "Alias": "d",
      "Node Type": "Seq Scan",
      "Plan Width": 4,
      "Startup Cost": 0.0,
      "Plan Rows": 4999
    }
  ],
  "Relation Name": "employee",
  "Parallel Aware": false,
  "Filter": "(SubPlan 1)",
  "Alias": "e",
  "Node Type": "Seq Scan",
  "Plan Width": 42,
  "Startup Cost": 0.0,
  "Plan Rows": 2501
}

------------------------------

Indicies Configuration #47:
Index btree on column dependent_name in table dependent
Index hash on column sex in table employee
Index btree on column fname in table employee

------------------------------

1. The Total Cost of the Plan = 666617.26
2. The Estimated Size of the Result Set = 2501
3. The Plan of the Query:
{
  "Total Cost": 666617.26,
  "Plans": [
    {
      "Parent Relationship": "SubPlan",
      "Total Cost": 253.98,
      "Relation Name": "dependent",
      "Parallel Aware": false,
      "Filter": "((e.fname \u003c\u003e dependent_name) AND (e.sex \u003c\u003e sex))",
      "Subplan Name": "SubPlan 1",
      "Alias": "d",
      "Node Type": "Seq Scan",
      "Plan Width": 4,
      "Startup Cost": 0.0,
      "Plan Rows": 4999
    }
  ],
  "Relation Name": "employee",
  "Parallel Aware": false,
  "Filter": "(SubPlan 1)",
  "Alias": "e",
  "Node Type": "Seq Scan",
  "Plan Width": 42,
  "Startup Cost": 0.0,
  "Plan Rows": 2501
}

------------------------------

Indicies Configuration #48:
Index btree on column dependent_name in table dependent
Index hash on column sex in table employee
Index hash on column fname in table employee

------------------------------

1. The Total Cost of the Plan = 666617.26
2. The Estimated Size of the Result Set = 2501
3. The Plan of the Query:
{
  "Total Cost": 666617.26,
  "Plans": [
    {
      "Parent Relationship": "SubPlan",
      "Total Cost": 253.98,
      "Relation Name": "dependent",
      "Parallel Aware": false,
      "Filter": "((e.fname \u003c\u003e dependent_name) AND (e.sex \u003c\u003e sex))",
      "Subplan Name": "SubPlan 1",
      "Alias": "d",
      "Node Type": "Seq Scan",
      "Plan Width": 4,
      "Startup Cost": 0.0,
      "Plan Rows": 4999
    }
  ],
  "Relation Name": "employee",
  "Parallel Aware": false,
  "Filter": "(SubPlan 1)",
  "Alias": "e",
  "Node Type": "Seq Scan",
  "Plan Width": 42,
  "Startup Cost": 0.0,
  "Plan Rows": 2501
}

------------------------------

Indicies Configuration #49:
Index btree on column dependent_name in table dependent
Index hash on column sex in table employee
Index btree on column sex in table dependent

------------------------------

1. The Total Cost of the Plan = 666617.26
2. The Estimated Size of the Result Set = 2501
3. The Plan of the Query:
{
  "Total Cost": 666617.26,
  "Plans": [
    {
      "Parent Relationship": "SubPlan",
      "Total Cost": 253.98,
      "Relation Name": "dependent",
      "Parallel Aware": false,
      "Filter": "((e.fname \u003c\u003e dependent_name) AND (e.sex \u003c\u003e sex))",
      "Subplan Name": "SubPlan 1",
      "Alias": "d",
      "Node Type": "Seq Scan",
      "Plan Width": 4,
      "Startup Cost": 0.0,
      "Plan Rows": 4999
    }
  ],
  "Relation Name": "employee",
  "Parallel Aware": false,
  "Filter": "(SubPlan 1)",
  "Alias": "e",
  "Node Type": "Seq Scan",
  "Plan Width": 42,
  "Startup Cost": 0.0,
  "Plan Rows": 2501
}

------------------------------

Indicies Configuration #50:
Index btree on column dependent_name in table dependent
Index hash on column sex in table employee
Index btree on column sex in table dependent
Index btree on column fname in table employee

------------------------------

1. The Total Cost of the Plan = 666617.26
2. The Estimated Size of the Result Set = 2501
3. The Plan of the Query:
{
  "Total Cost": 666617.26,
  "Plans": [
    {
      "Parent Relationship": "SubPlan",
      "Total Cost": 253.98,
      "Relation Name": "dependent",
      "Parallel Aware": false,
      "Filter": "((e.fname \u003c\u003e dependent_name) AND (e.sex \u003c\u003e sex))",
      "Subplan Name": "SubPlan 1",
      "Alias": "d",
      "Node Type": "Seq Scan",
      "Plan Width": 4,
      "Startup Cost": 0.0,
      "Plan Rows": 4999
    }
  ],
  "Relation Name": "employee",
  "Parallel Aware": false,
  "Filter": "(SubPlan 1)",
  "Alias": "e",
  "Node Type": "Seq Scan",
  "Plan Width": 42,
  "Startup Cost": 0.0,
  "Plan Rows": 2501
}

------------------------------

Indicies Configuration #51:
Index btree on column dependent_name in table dependent
Index hash on column sex in table employee
Index btree on column sex in table dependent
Index hash on column fname in table employee

------------------------------

1. The Total Cost of the Plan = 666617.26
2. The Estimated Size of the Result Set = 2501
3. The Plan of the Query:
{
  "Total Cost": 666617.26,
  "Plans": [
    {
      "Parent Relationship": "SubPlan",
      "Total Cost": 253.98,
      "Relation Name": "dependent",
      "Parallel Aware": false,
      "Filter": "((e.fname \u003c\u003e dependent_name) AND (e.sex \u003c\u003e sex))",
      "Subplan Name": "SubPlan 1",
      "Alias": "d",
      "Node Type": "Seq Scan",
      "Plan Width": 4,
      "Startup Cost": 0.0,
      "Plan Rows": 4999
    }
  ],
  "Relation Name": "employee",
  "Parallel Aware": false,
  "Filter": "(SubPlan 1)",
  "Alias": "e",
  "Node Type": "Seq Scan",
  "Plan Width": 42,
  "Startup Cost": 0.0,
  "Plan Rows": 2501
}

------------------------------

Indicies Configuration #52:
Index btree on column dependent_name in table dependent
Index hash on column sex in table employee
Index hash on column sex in table dependent

------------------------------

1. The Total Cost of the Plan = 666617.26
2. The Estimated Size of the Result Set = 2501
3. The Plan of the Query:
{
  "Total Cost": 666617.26,
  "Plans": [
    {
      "Parent Relationship": "SubPlan",
      "Total Cost": 253.98,
      "Relation Name": "dependent",
      "Parallel Aware": false,
      "Filter": "((e.fname \u003c\u003e dependent_name) AND (e.sex \u003c\u003e sex))",
      "Subplan Name": "SubPlan 1",
      "Alias": "d",
      "Node Type": "Seq Scan",
      "Plan Width": 4,
      "Startup Cost": 0.0,
      "Plan Rows": 4999
    }
  ],
  "Relation Name": "employee",
  "Parallel Aware": false,
  "Filter": "(SubPlan 1)",
  "Alias": "e",
  "Node Type": "Seq Scan",
  "Plan Width": 42,
  "Startup Cost": 0.0,
  "Plan Rows": 2501
}

------------------------------

Indicies Configuration #53:
Index btree on column dependent_name in table dependent
Index hash on column sex in table employee
Index hash on column sex in table dependent
Index btree on column fname in table employee

------------------------------

1. The Total Cost of the Plan = 666617.26
2. The Estimated Size of the Result Set = 2501
3. The Plan of the Query:
{
  "Total Cost": 666617.26,
  "Plans": [
    {
      "Parent Relationship": "SubPlan",
      "Total Cost": 253.98,
      "Relation Name": "dependent",
      "Parallel Aware": false,
      "Filter": "((e.fname \u003c\u003e dependent_name) AND (e.sex \u003c\u003e sex))",
      "Subplan Name": "SubPlan 1",
      "Alias": "d",
      "Node Type": "Seq Scan",
      "Plan Width": 4,
      "Startup Cost": 0.0,
      "Plan Rows": 4999
    }
  ],
  "Relation Name": "employee",
  "Parallel Aware": false,
  "Filter": "(SubPlan 1)",
  "Alias": "e",
  "Node Type": "Seq Scan",
  "Plan Width": 42,
  "Startup Cost": 0.0,
  "Plan Rows": 2501
}

------------------------------

Indicies Configuration #54:
Index btree on column dependent_name in table dependent
Index hash on column sex in table employee
Index hash on column sex in table dependent
Index hash on column fname in table employee

------------------------------

1. The Total Cost of the Plan = 666617.26
2. The Estimated Size of the Result Set = 2501
3. The Plan of the Query:
{
  "Total Cost": 666617.26,
  "Plans": [
    {
      "Parent Relationship": "SubPlan",
      "Total Cost": 253.98,
      "Relation Name": "dependent",
      "Parallel Aware": false,
      "Filter": "((e.fname \u003c\u003e dependent_name) AND (e.sex \u003c\u003e sex))",
      "Subplan Name": "SubPlan 1",
      "Alias": "d",
      "Node Type": "Seq Scan",
      "Plan Width": 4,
      "Startup Cost": 0.0,
      "Plan Rows": 4999
    }
  ],
  "Relation Name": "employee",
  "Parallel Aware": false,
  "Filter": "(SubPlan 1)",
  "Alias": "e",
  "Node Type": "Seq Scan",
  "Plan Width": 42,
  "Startup Cost": 0.0,
  "Plan Rows": 2501
}

------------------------------

Indicies Configuration #55:
Index hash on column dependent_name in table dependent

------------------------------

1. The Total Cost of the Plan = 666617.26
2. The Estimated Size of the Result Set = 2501
3. The Plan of the Query:
{
  "Total Cost": 666617.26,
  "Plans": [
    {
      "Parent Relationship": "SubPlan",
      "Total Cost": 253.98,
      "Relation Name": "dependent",
      "Parallel Aware": false,
      "Filter": "((e.fname \u003c\u003e dependent_name) AND (e.sex \u003c\u003e sex))",
      "Subplan Name": "SubPlan 1",
      "Alias": "d",
      "Node Type": "Seq Scan",
      "Plan Width": 4,
      "Startup Cost": 0.0,
      "Plan Rows": 4999
    }
  ],
  "Relation Name": "employee",
  "Parallel Aware": false,
  "Filter": "(SubPlan 1)",
  "Alias": "e",
  "Node Type": "Seq Scan",
  "Plan Width": 42,
  "Startup Cost": 0.0,
  "Plan Rows": 2501
}

------------------------------

Indicies Configuration #56:
Index hash on column dependent_name in table dependent
Index btree on column fname in table employee

------------------------------

1. The Total Cost of the Plan = 666617.26
2. The Estimated Size of the Result Set = 2501
3. The Plan of the Query:
{
  "Total Cost": 666617.26,
  "Plans": [
    {
      "Parent Relationship": "SubPlan",
      "Total Cost": 253.98,
      "Relation Name": "dependent",
      "Parallel Aware": false,
      "Filter": "((e.fname \u003c\u003e dependent_name) AND (e.sex \u003c\u003e sex))",
      "Subplan Name": "SubPlan 1",
      "Alias": "d",
      "Node Type": "Seq Scan",
      "Plan Width": 4,
      "Startup Cost": 0.0,
      "Plan Rows": 4999
    }
  ],
  "Relation Name": "employee",
  "Parallel Aware": false,
  "Filter": "(SubPlan 1)",
  "Alias": "e",
  "Node Type": "Seq Scan",
  "Plan Width": 42,
  "Startup Cost": 0.0,
  "Plan Rows": 2501
}

------------------------------

Indicies Configuration #57:
Index hash on column dependent_name in table dependent
Index hash on column fname in table employee

------------------------------

1. The Total Cost of the Plan = 666617.26
2. The Estimated Size of the Result Set = 2501
3. The Plan of the Query:
{
  "Total Cost": 666617.26,
  "Plans": [
    {
      "Parent Relationship": "SubPlan",
      "Total Cost": 253.98,
      "Relation Name": "dependent",
      "Parallel Aware": false,
      "Filter": "((e.fname \u003c\u003e dependent_name) AND (e.sex \u003c\u003e sex))",
      "Subplan Name": "SubPlan 1",
      "Alias": "d",
      "Node Type": "Seq Scan",
      "Plan Width": 4,
      "Startup Cost": 0.0,
      "Plan Rows": 4999
    }
  ],
  "Relation Name": "employee",
  "Parallel Aware": false,
  "Filter": "(SubPlan 1)",
  "Alias": "e",
  "Node Type": "Seq Scan",
  "Plan Width": 42,
  "Startup Cost": 0.0,
  "Plan Rows": 2501
}

------------------------------

Indicies Configuration #58:
Index hash on column dependent_name in table dependent
Index btree on column sex in table dependent

------------------------------

1. The Total Cost of the Plan = 666617.26
2. The Estimated Size of the Result Set = 2501
3. The Plan of the Query:
{
  "Total Cost": 666617.26,
  "Plans": [
    {
      "Parent Relationship": "SubPlan",
      "Total Cost": 253.98,
      "Relation Name": "dependent",
      "Parallel Aware": false,
      "Filter": "((e.fname \u003c\u003e dependent_name) AND (e.sex \u003c\u003e sex))",
      "Subplan Name": "SubPlan 1",
      "Alias": "d",
      "Node Type": "Seq Scan",
      "Plan Width": 4,
      "Startup Cost": 0.0,
      "Plan Rows": 4999
    }
  ],
  "Relation Name": "employee",
  "Parallel Aware": false,
  "Filter": "(SubPlan 1)",
  "Alias": "e",
  "Node Type": "Seq Scan",
  "Plan Width": 42,
  "Startup Cost": 0.0,
  "Plan Rows": 2501
}

------------------------------

Indicies Configuration #59:
Index hash on column dependent_name in table dependent
Index btree on column sex in table dependent
Index btree on column fname in table employee

------------------------------

1. The Total Cost of the Plan = 666617.26
2. The Estimated Size of the Result Set = 2501
3. The Plan of the Query:
{
  "Total Cost": 666617.26,
  "Plans": [
    {
      "Parent Relationship": "SubPlan",
      "Total Cost": 253.98,
      "Relation Name": "dependent",
      "Parallel Aware": false,
      "Filter": "((e.fname \u003c\u003e dependent_name) AND (e.sex \u003c\u003e sex))",
      "Subplan Name": "SubPlan 1",
      "Alias": "d",
      "Node Type": "Seq Scan",
      "Plan Width": 4,
      "Startup Cost": 0.0,
      "Plan Rows": 4999
    }
  ],
  "Relation Name": "employee",
  "Parallel Aware": false,
  "Filter": "(SubPlan 1)",
  "Alias": "e",
  "Node Type": "Seq Scan",
  "Plan Width": 42,
  "Startup Cost": 0.0,
  "Plan Rows": 2501
}

------------------------------

Indicies Configuration #60:
Index hash on column dependent_name in table dependent
Index btree on column sex in table dependent
Index hash on column fname in table employee

------------------------------

1. The Total Cost of the Plan = 666617.26
2. The Estimated Size of the Result Set = 2501
3. The Plan of the Query:
{
  "Total Cost": 666617.26,
  "Plans": [
    {
      "Parent Relationship": "SubPlan",
      "Total Cost": 253.98,
      "Relation Name": "dependent",
      "Parallel Aware": false,
      "Filter": "((e.fname \u003c\u003e dependent_name) AND (e.sex \u003c\u003e sex))",
      "Subplan Name": "SubPlan 1",
      "Alias": "d",
      "Node Type": "Seq Scan",
      "Plan Width": 4,
      "Startup Cost": 0.0,
      "Plan Rows": 4999
    }
  ],
  "Relation Name": "employee",
  "Parallel Aware": false,
  "Filter": "(SubPlan 1)",
  "Alias": "e",
  "Node Type": "Seq Scan",
  "Plan Width": 42,
  "Startup Cost": 0.0,
  "Plan Rows": 2501
}

------------------------------

Indicies Configuration #61:
Index hash on column dependent_name in table dependent
Index hash on column sex in table dependent

------------------------------

1. The Total Cost of the Plan = 666617.26
2. The Estimated Size of the Result Set = 2501
3. The Plan of the Query:
{
  "Total Cost": 666617.26,
  "Plans": [
    {
      "Parent Relationship": "SubPlan",
      "Total Cost": 253.98,
      "Relation Name": "dependent",
      "Parallel Aware": false,
      "Filter": "((e.fname \u003c\u003e dependent_name) AND (e.sex \u003c\u003e sex))",
      "Subplan Name": "SubPlan 1",
      "Alias": "d",
      "Node Type": "Seq Scan",
      "Plan Width": 4,
      "Startup Cost": 0.0,
      "Plan Rows": 4999
    }
  ],
  "Relation Name": "employee",
  "Parallel Aware": false,
  "Filter": "(SubPlan 1)",
  "Alias": "e",
  "Node Type": "Seq Scan",
  "Plan Width": 42,
  "Startup Cost": 0.0,
  "Plan Rows": 2501
}

------------------------------

Indicies Configuration #62:
Index hash on column dependent_name in table dependent
Index hash on column sex in table dependent
Index btree on column fname in table employee

------------------------------

1. The Total Cost of the Plan = 666617.26
2. The Estimated Size of the Result Set = 2501
3. The Plan of the Query:
{
  "Total Cost": 666617.26,
  "Plans": [
    {
      "Parent Relationship": "SubPlan",
      "Total Cost": 253.98,
      "Relation Name": "dependent",
      "Parallel Aware": false,
      "Filter": "((e.fname \u003c\u003e dependent_name) AND (e.sex \u003c\u003e sex))",
      "Subplan Name": "SubPlan 1",
      "Alias": "d",
      "Node Type": "Seq Scan",
      "Plan Width": 4,
      "Startup Cost": 0.0,
      "Plan Rows": 4999
    }
  ],
  "Relation Name": "employee",
  "Parallel Aware": false,
  "Filter": "(SubPlan 1)",
  "Alias": "e",
  "Node Type": "Seq Scan",
  "Plan Width": 42,
  "Startup Cost": 0.0,
  "Plan Rows": 2501
}

------------------------------

Indicies Configuration #63:
Index hash on column dependent_name in table dependent
Index hash on column sex in table dependent
Index hash on column fname in table employee

------------------------------

1. The Total Cost of the Plan = 666617.26
2. The Estimated Size of the Result Set = 2501
3. The Plan of the Query:
{
  "Total Cost": 666617.26,
  "Plans": [
    {
      "Parent Relationship": "SubPlan",
      "Total Cost": 253.98,
      "Relation Name": "dependent",
      "Parallel Aware": false,
      "Filter": "((e.fname \u003c\u003e dependent_name) AND (e.sex \u003c\u003e sex))",
      "Subplan Name": "SubPlan 1",
      "Alias": "d",
      "Node Type": "Seq Scan",
      "Plan Width": 4,
      "Startup Cost": 0.0,
      "Plan Rows": 4999
    }
  ],
  "Relation Name": "employee",
  "Parallel Aware": false,
  "Filter": "(SubPlan 1)",
  "Alias": "e",
  "Node Type": "Seq Scan",
  "Plan Width": 42,
  "Startup Cost": 0.0,
  "Plan Rows": 2501
}

------------------------------

Indicies Configuration #64:
Index hash on column dependent_name in table dependent
Index btree on column sex in table employee

------------------------------

1. The Total Cost of the Plan = 666617.26
2. The Estimated Size of the Result Set = 2501
3. The Plan of the Query:
{
  "Total Cost": 666617.26,
  "Plans": [
    {
      "Parent Relationship": "SubPlan",
      "Total Cost": 253.98,
      "Relation Name": "dependent",
      "Parallel Aware": false,
      "Filter": "((e.fname \u003c\u003e dependent_name) AND (e.sex \u003c\u003e sex))",
      "Subplan Name": "SubPlan 1",
      "Alias": "d",
      "Node Type": "Seq Scan",
      "Plan Width": 4,
      "Startup Cost": 0.0,
      "Plan Rows": 4999
    }
  ],
  "Relation Name": "employee",
  "Parallel Aware": false,
  "Filter": "(SubPlan 1)",
  "Alias": "e",
  "Node Type": "Seq Scan",
  "Plan Width": 42,
  "Startup Cost": 0.0,
  "Plan Rows": 2501
}

------------------------------

Indicies Configuration #65:
Index hash on column dependent_name in table dependent
Index btree on column sex in table employee
Index btree on column fname in table employee

------------------------------

1. The Total Cost of the Plan = 666617.26
2. The Estimated Size of the Result Set = 2501
3. The Plan of the Query:
{
  "Total Cost": 666617.26,
  "Plans": [
    {
      "Parent Relationship": "SubPlan",
      "Total Cost": 253.98,
      "Relation Name": "dependent",
      "Parallel Aware": false,
      "Filter": "((e.fname \u003c\u003e dependent_name) AND (e.sex \u003c\u003e sex))",
      "Subplan Name": "SubPlan 1",
      "Alias": "d",
      "Node Type": "Seq Scan",
      "Plan Width": 4,
      "Startup Cost": 0.0,
      "Plan Rows": 4999
    }
  ],
  "Relation Name": "employee",
  "Parallel Aware": false,
  "Filter": "(SubPlan 1)",
  "Alias": "e",
  "Node Type": "Seq Scan",
  "Plan Width": 42,
  "Startup Cost": 0.0,
  "Plan Rows": 2501
}

------------------------------

Indicies Configuration #66:
Index hash on column dependent_name in table dependent
Index btree on column sex in table employee
Index hash on column fname in table employee

------------------------------

1. The Total Cost of the Plan = 666617.26
2. The Estimated Size of the Result Set = 2501
3. The Plan of the Query:
{
  "Total Cost": 666617.26,
  "Plans": [
    {
      "Parent Relationship": "SubPlan",
      "Total Cost": 253.98,
      "Relation Name": "dependent",
      "Parallel Aware": false,
      "Filter": "((e.fname \u003c\u003e dependent_name) AND (e.sex \u003c\u003e sex))",
      "Subplan Name": "SubPlan 1",
      "Alias": "d",
      "Node Type": "Seq Scan",
      "Plan Width": 4,
      "Startup Cost": 0.0,
      "Plan Rows": 4999
    }
  ],
  "Relation Name": "employee",
  "Parallel Aware": false,
  "Filter": "(SubPlan 1)",
  "Alias": "e",
  "Node Type": "Seq Scan",
  "Plan Width": 42,
  "Startup Cost": 0.0,
  "Plan Rows": 2501
}

------------------------------

Indicies Configuration #67:
Index hash on column dependent_name in table dependent
Index btree on column sex in table employee
Index btree on column sex in table dependent

------------------------------

1. The Total Cost of the Plan = 666617.26
2. The Estimated Size of the Result Set = 2501
3. The Plan of the Query:
{
  "Total Cost": 666617.26,
  "Plans": [
    {
      "Parent Relationship": "SubPlan",
      "Total Cost": 253.98,
      "Relation Name": "dependent",
      "Parallel Aware": false,
      "Filter": "((e.fname \u003c\u003e dependent_name) AND (e.sex \u003c\u003e sex))",
      "Subplan Name": "SubPlan 1",
      "Alias": "d",
      "Node Type": "Seq Scan",
      "Plan Width": 4,
      "Startup Cost": 0.0,
      "Plan Rows": 4999
    }
  ],
  "Relation Name": "employee",
  "Parallel Aware": false,
  "Filter": "(SubPlan 1)",
  "Alias": "e",
  "Node Type": "Seq Scan",
  "Plan Width": 42,
  "Startup Cost": 0.0,
  "Plan Rows": 2501
}

------------------------------

Indicies Configuration #68:
Index hash on column dependent_name in table dependent
Index btree on column sex in table employee
Index btree on column sex in table dependent
Index btree on column fname in table employee

------------------------------

1. The Total Cost of the Plan = 666617.26
2. The Estimated Size of the Result Set = 2501
3. The Plan of the Query:
{
  "Total Cost": 666617.26,
  "Plans": [
    {
      "Parent Relationship": "SubPlan",
      "Total Cost": 253.98,
      "Relation Name": "dependent",
      "Parallel Aware": false,
      "Filter": "((e.fname \u003c\u003e dependent_name) AND (e.sex \u003c\u003e sex))",
      "Subplan Name": "SubPlan 1",
      "Alias": "d",
      "Node Type": "Seq Scan",
      "Plan Width": 4,
      "Startup Cost": 0.0,
      "Plan Rows": 4999
    }
  ],
  "Relation Name": "employee",
  "Parallel Aware": false,
  "Filter": "(SubPlan 1)",
  "Alias": "e",
  "Node Type": "Seq Scan",
  "Plan Width": 42,
  "Startup Cost": 0.0,
  "Plan Rows": 2501
}

------------------------------

Indicies Configuration #69:
Index hash on column dependent_name in table dependent
Index btree on column sex in table employee
Index btree on column sex in table dependent
Index hash on column fname in table employee

------------------------------

1. The Total Cost of the Plan = 666617.26
2. The Estimated Size of the Result Set = 2501
3. The Plan of the Query:
{
  "Total Cost": 666617.26,
  "Plans": [
    {
      "Parent Relationship": "SubPlan",
      "Total Cost": 253.98,
      "Relation Name": "dependent",
      "Parallel Aware": false,
      "Filter": "((e.fname \u003c\u003e dependent_name) AND (e.sex \u003c\u003e sex))",
      "Subplan Name": "SubPlan 1",
      "Alias": "d",
      "Node Type": "Seq Scan",
      "Plan Width": 4,
      "Startup Cost": 0.0,
      "Plan Rows": 4999
    }
  ],
  "Relation Name": "employee",
  "Parallel Aware": false,
  "Filter": "(SubPlan 1)",
  "Alias": "e",
  "Node Type": "Seq Scan",
  "Plan Width": 42,
  "Startup Cost": 0.0,
  "Plan Rows": 2501
}

------------------------------

Indicies Configuration #70:
Index hash on column dependent_name in table dependent
Index btree on column sex in table employee
Index hash on column sex in table dependent

------------------------------

1. The Total Cost of the Plan = 666617.26
2. The Estimated Size of the Result Set = 2501
3. The Plan of the Query:
{
  "Total Cost": 666617.26,
  "Plans": [
    {
      "Parent Relationship": "SubPlan",
      "Total Cost": 253.98,
      "Relation Name": "dependent",
      "Parallel Aware": false,
      "Filter": "((e.fname \u003c\u003e dependent_name) AND (e.sex \u003c\u003e sex))",
      "Subplan Name": "SubPlan 1",
      "Alias": "d",
      "Node Type": "Seq Scan",
      "Plan Width": 4,
      "Startup Cost": 0.0,
      "Plan Rows": 4999
    }
  ],
  "Relation Name": "employee",
  "Parallel Aware": false,
  "Filter": "(SubPlan 1)",
  "Alias": "e",
  "Node Type": "Seq Scan",
  "Plan Width": 42,
  "Startup Cost": 0.0,
  "Plan Rows": 2501
}

------------------------------

Indicies Configuration #71:
Index hash on column dependent_name in table dependent
Index btree on column sex in table employee
Index hash on column sex in table dependent
Index btree on column fname in table employee

------------------------------

1. The Total Cost of the Plan = 666617.26
2. The Estimated Size of the Result Set = 2501
3. The Plan of the Query:
{
  "Total Cost": 666617.26,
  "Plans": [
    {
      "Parent Relationship": "SubPlan",
      "Total Cost": 253.98,
      "Relation Name": "dependent",
      "Parallel Aware": false,
      "Filter": "((e.fname \u003c\u003e dependent_name) AND (e.sex \u003c\u003e sex))",
      "Subplan Name": "SubPlan 1",
      "Alias": "d",
      "Node Type": "Seq Scan",
      "Plan Width": 4,
      "Startup Cost": 0.0,
      "Plan Rows": 4999
    }
  ],
  "Relation Name": "employee",
  "Parallel Aware": false,
  "Filter": "(SubPlan 1)",
  "Alias": "e",
  "Node Type": "Seq Scan",
  "Plan Width": 42,
  "Startup Cost": 0.0,
  "Plan Rows": 2501
}

------------------------------

Indicies Configuration #72:
Index hash on column dependent_name in table dependent
Index btree on column sex in table employee
Index hash on column sex in table dependent
Index hash on column fname in table employee

------------------------------

1. The Total Cost of the Plan = 666617.26
2. The Estimated Size of the Result Set = 2501
3. The Plan of the Query:
{
  "Total Cost": 666617.26,
  "Plans": [
    {
      "Parent Relationship": "SubPlan",
      "Total Cost": 253.98,
      "Relation Name": "dependent",
      "Parallel Aware": false,
      "Filter": "((e.fname \u003c\u003e dependent_name) AND (e.sex \u003c\u003e sex))",
      "Subplan Name": "SubPlan 1",
      "Alias": "d",
      "Node Type": "Seq Scan",
      "Plan Width": 4,
      "Startup Cost": 0.0,
      "Plan Rows": 4999
    }
  ],
  "Relation Name": "employee",
  "Parallel Aware": false,
  "Filter": "(SubPlan 1)",
  "Alias": "e",
  "Node Type": "Seq Scan",
  "Plan Width": 42,
  "Startup Cost": 0.0,
  "Plan Rows": 2501
}

------------------------------

Indicies Configuration #73:
Index hash on column dependent_name in table dependent
Index hash on column sex in table employee

------------------------------

1. The Total Cost of the Plan = 666617.26
2. The Estimated Size of the Result Set = 2501
3. The Plan of the Query:
{
  "Total Cost": 666617.26,
  "Plans": [
    {
      "Parent Relationship": "SubPlan",
      "Total Cost": 253.98,
      "Relation Name": "dependent",
      "Parallel Aware": false,
      "Filter": "((e.fname \u003c\u003e dependent_name) AND (e.sex \u003c\u003e sex))",
      "Subplan Name": "SubPlan 1",
      "Alias": "d",
      "Node Type": "Seq Scan",
      "Plan Width": 4,
      "Startup Cost": 0.0,
      "Plan Rows": 4999
    }
  ],
  "Relation Name": "employee",
  "Parallel Aware": false,
  "Filter": "(SubPlan 1)",
  "Alias": "e",
  "Node Type": "Seq Scan",
  "Plan Width": 42,
  "Startup Cost": 0.0,
  "Plan Rows": 2501
}

------------------------------

Indicies Configuration #74:
Index hash on column dependent_name in table dependent
Index hash on column sex in table employee
Index btree on column fname in table employee

------------------------------

1. The Total Cost of the Plan = 666617.26
2. The Estimated Size of the Result Set = 2501
3. The Plan of the Query:
{
  "Total Cost": 666617.26,
  "Plans": [
    {
      "Parent Relationship": "SubPlan",
      "Total Cost": 253.98,
      "Relation Name": "dependent",
      "Parallel Aware": false,
      "Filter": "((e.fname \u003c\u003e dependent_name) AND (e.sex \u003c\u003e sex))",
      "Subplan Name": "SubPlan 1",
      "Alias": "d",
      "Node Type": "Seq Scan",
      "Plan Width": 4,
      "Startup Cost": 0.0,
      "Plan Rows": 4999
    }
  ],
  "Relation Name": "employee",
  "Parallel Aware": false,
  "Filter": "(SubPlan 1)",
  "Alias": "e",
  "Node Type": "Seq Scan",
  "Plan Width": 42,
  "Startup Cost": 0.0,
  "Plan Rows": 2501
}

------------------------------

Indicies Configuration #75:
Index hash on column dependent_name in table dependent
Index hash on column sex in table employee
Index hash on column fname in table employee

------------------------------

1. The Total Cost of the Plan = 666617.26
2. The Estimated Size of the Result Set = 2501
3. The Plan of the Query:
{
  "Total Cost": 666617.26,
  "Plans": [
    {
      "Parent Relationship": "SubPlan",
      "Total Cost": 253.98,
      "Relation Name": "dependent",
      "Parallel Aware": false,
      "Filter": "((e.fname \u003c\u003e dependent_name) AND (e.sex \u003c\u003e sex))",
      "Subplan Name": "SubPlan 1",
      "Alias": "d",
      "Node Type": "Seq Scan",
      "Plan Width": 4,
      "Startup Cost": 0.0,
      "Plan Rows": 4999
    }
  ],
  "Relation Name": "employee",
  "Parallel Aware": false,
  "Filter": "(SubPlan 1)",
  "Alias": "e",
  "Node Type": "Seq Scan",
  "Plan Width": 42,
  "Startup Cost": 0.0,
  "Plan Rows": 2501
}

------------------------------

Indicies Configuration #76:
Index hash on column dependent_name in table dependent
Index hash on column sex in table employee
Index btree on column sex in table dependent

------------------------------

1. The Total Cost of the Plan = 666617.26
2. The Estimated Size of the Result Set = 2501
3. The Plan of the Query:
{
  "Total Cost": 666617.26,
  "Plans": [
    {
      "Parent Relationship": "SubPlan",
      "Total Cost": 253.98,
      "Relation Name": "dependent",
      "Parallel Aware": false,
      "Filter": "((e.fname \u003c\u003e dependent_name) AND (e.sex \u003c\u003e sex))",
      "Subplan Name": "SubPlan 1",
      "Alias": "d",
      "Node Type": "Seq Scan",
      "Plan Width": 4,
      "Startup Cost": 0.0,
      "Plan Rows": 4999
    }
  ],
  "Relation Name": "employee",
  "Parallel Aware": false,
  "Filter": "(SubPlan 1)",
  "Alias": "e",
  "Node Type": "Seq Scan",
  "Plan Width": 42,
  "Startup Cost": 0.0,
  "Plan Rows": 2501
}

------------------------------

Indicies Configuration #77:
Index hash on column dependent_name in table dependent
Index hash on column sex in table employee
Index btree on column sex in table dependent
Index btree on column fname in table employee

------------------------------

1. The Total Cost of the Plan = 666617.26
2. The Estimated Size of the Result Set = 2501
3. The Plan of the Query:
{
  "Total Cost": 666617.26,
  "Plans": [
    {
      "Parent Relationship": "SubPlan",
      "Total Cost": 253.98,
      "Relation Name": "dependent",
      "Parallel Aware": false,
      "Filter": "((e.fname \u003c\u003e dependent_name) AND (e.sex \u003c\u003e sex))",
      "Subplan Name": "SubPlan 1",
      "Alias": "d",
      "Node Type": "Seq Scan",
      "Plan Width": 4,
      "Startup Cost": 0.0,
      "Plan Rows": 4999
    }
  ],
  "Relation Name": "employee",
  "Parallel Aware": false,
  "Filter": "(SubPlan 1)",
  "Alias": "e",
  "Node Type": "Seq Scan",
  "Plan Width": 42,
  "Startup Cost": 0.0,
  "Plan Rows": 2501
}

------------------------------

Indicies Configuration #78:
Index hash on column dependent_name in table dependent
Index hash on column sex in table employee
Index btree on column sex in table dependent
Index hash on column fname in table employee

------------------------------

1. The Total Cost of the Plan = 666617.26
2. The Estimated Size of the Result Set = 2501
3. The Plan of the Query:
{
  "Total Cost": 666617.26,
  "Plans": [
    {
      "Parent Relationship": "SubPlan",
      "Total Cost": 253.98,
      "Relation Name": "dependent",
      "Parallel Aware": false,
      "Filter": "((e.fname \u003c\u003e dependent_name) AND (e.sex \u003c\u003e sex))",
      "Subplan Name": "SubPlan 1",
      "Alias": "d",
      "Node Type": "Seq Scan",
      "Plan Width": 4,
      "Startup Cost": 0.0,
      "Plan Rows": 4999
    }
  ],
  "Relation Name": "employee",
  "Parallel Aware": false,
  "Filter": "(SubPlan 1)",
  "Alias": "e",
  "Node Type": "Seq Scan",
  "Plan Width": 42,
  "Startup Cost": 0.0,
  "Plan Rows": 2501
}

------------------------------

Indicies Configuration #79:
Index hash on column dependent_name in table dependent
Index hash on column sex in table employee
Index hash on column sex in table dependent

------------------------------

1. The Total Cost of the Plan = 666617.26
2. The Estimated Size of the Result Set = 2501
3. The Plan of the Query:
{
  "Total Cost": 666617.26,
  "Plans": [
    {
      "Parent Relationship": "SubPlan",
      "Total Cost": 253.98,
      "Relation Name": "dependent",
      "Parallel Aware": false,
      "Filter": "((e.fname \u003c\u003e dependent_name) AND (e.sex \u003c\u003e sex))",
      "Subplan Name": "SubPlan 1",
      "Alias": "d",
      "Node Type": "Seq Scan",
      "Plan Width": 4,
      "Startup Cost": 0.0,
      "Plan Rows": 4999
    }
  ],
  "Relation Name": "employee",
  "Parallel Aware": false,
  "Filter": "(SubPlan 1)",
  "Alias": "e",
  "Node Type": "Seq Scan",
  "Plan Width": 42,
  "Startup Cost": 0.0,
  "Plan Rows": 2501
}

------------------------------

Indicies Configuration #80:
Index hash on column dependent_name in table dependent
Index hash on column sex in table employee
Index hash on column sex in table dependent
Index btree on column fname in table employee

------------------------------

1. The Total Cost of the Plan = 666617.26
2. The Estimated Size of the Result Set = 2501
3. The Plan of the Query:
{
  "Total Cost": 666617.26,
  "Plans": [
    {
      "Parent Relationship": "SubPlan",
      "Total Cost": 253.98,
      "Relation Name": "dependent",
      "Parallel Aware": false,
      "Filter": "((e.fname \u003c\u003e dependent_name) AND (e.sex \u003c\u003e sex))",
      "Subplan Name": "SubPlan 1",
      "Alias": "d",
      "Node Type": "Seq Scan",
      "Plan Width": 4,
      "Startup Cost": 0.0,
      "Plan Rows": 4999
    }
  ],
  "Relation Name": "employee",
  "Parallel Aware": false,
  "Filter": "(SubPlan 1)",
  "Alias": "e",
  "Node Type": "Seq Scan",
  "Plan Width": 42,
  "Startup Cost": 0.0,
  "Plan Rows": 2501
}

------------------------------

Indicies Configuration #81:
Index hash on column dependent_name in table dependent
Index hash on column sex in table employee
Index hash on column sex in table dependent
Index hash on column fname in table employee

------------------------------

1. The Total Cost of the Plan = 666617.26
2. The Estimated Size of the Result Set = 2501
3. The Plan of the Query:
{
  "Total Cost": 666617.26,
  "Plans": [
    {
      "Parent Relationship": "SubPlan",
      "Total Cost": 253.98,
      "Relation Name": "dependent",
      "Parallel Aware": false,
      "Filter": "((e.fname \u003c\u003e dependent_name) AND (e.sex \u003c\u003e sex))",
      "Subplan Name": "SubPlan 1",
      "Alias": "d",
      "Node Type": "Seq Scan",
      "Plan Width": 4,
      "Startup Cost": 0.0,
      "Plan Rows": 4999
    }
  ],
  "Relation Name": "employee",
  "Parallel Aware": false,
  "Filter": "(SubPlan 1)",
  "Alias": "e",
  "Node Type": "Seq Scan",
  "Plan Width": 42,
  "Startup Cost": 0.0,
  "Plan Rows": 2501
}

------------------------------

Indicies Configuration #82:
Index btree on column ssn in table employee

------------------------------

1. The Total Cost of the Plan = 666617.26
2. The Estimated Size of the Result Set = 2501
3. The Plan of the Query:
{
  "Total Cost": 666617.26,
  "Plans": [
    {
      "Parent Relationship": "SubPlan",
      "Total Cost": 253.98,
      "Relation Name": "dependent",
      "Parallel Aware": false,
      "Filter": "((e.fname \u003c\u003e dependent_name) AND (e.sex \u003c\u003e sex))",
      "Subplan Name": "SubPlan 1",
      "Alias": "d",
      "Node Type": "Seq Scan",
      "Plan Width": 4,
      "Startup Cost": 0.0,
      "Plan Rows": 4999
    }
  ],
  "Relation Name": "employee",
  "Parallel Aware": false,
  "Filter": "(SubPlan 1)",
  "Alias": "e",
  "Node Type": "Seq Scan",
  "Plan Width": 42,
  "Startup Cost": 0.0,
  "Plan Rows": 2501
}

------------------------------

Indicies Configuration #83:
Index btree on column ssn in table employee
Index btree on column fname in table employee

------------------------------

1. The Total Cost of the Plan = 666617.26
2. The Estimated Size of the Result Set = 2501
3. The Plan of the Query:
{
  "Total Cost": 666617.26,
  "Plans": [
    {
      "Parent Relationship": "SubPlan",
      "Total Cost": 253.98,
      "Relation Name": "dependent",
      "Parallel Aware": false,
      "Filter": "((e.fname \u003c\u003e dependent_name) AND (e.sex \u003c\u003e sex))",
      "Subplan Name": "SubPlan 1",
      "Alias": "d",
      "Node Type": "Seq Scan",
      "Plan Width": 4,
      "Startup Cost": 0.0,
      "Plan Rows": 4999
    }
  ],
  "Relation Name": "employee",
  "Parallel Aware": false,
  "Filter": "(SubPlan 1)",
  "Alias": "e",
  "Node Type": "Seq Scan",
  "Plan Width": 42,
  "Startup Cost": 0.0,
  "Plan Rows": 2501
}

------------------------------

Indicies Configuration #84:
Index btree on column ssn in table employee
Index hash on column fname in table employee

------------------------------

1. The Total Cost of the Plan = 666617.26
2. The Estimated Size of the Result Set = 2501
3. The Plan of the Query:
{
  "Total Cost": 666617.26,
  "Plans": [
    {
      "Parent Relationship": "SubPlan",
      "Total Cost": 253.98,
      "Relation Name": "dependent",
      "Parallel Aware": false,
      "Filter": "((e.fname \u003c\u003e dependent_name) AND (e.sex \u003c\u003e sex))",
      "Subplan Name": "SubPlan 1",
      "Alias": "d",
      "Node Type": "Seq Scan",
      "Plan Width": 4,
      "Startup Cost": 0.0,
      "Plan Rows": 4999
    }
  ],
  "Relation Name": "employee",
  "Parallel Aware": false,
  "Filter": "(SubPlan 1)",
  "Alias": "e",
  "Node Type": "Seq Scan",
  "Plan Width": 42,
  "Startup Cost": 0.0,
  "Plan Rows": 2501
}

------------------------------

Indicies Configuration #85:
Index btree on column ssn in table employee
Index btree on column sex in table dependent

------------------------------

1. The Total Cost of the Plan = 666617.26
2. The Estimated Size of the Result Set = 2501
3. The Plan of the Query:
{
  "Total Cost": 666617.26,
  "Plans": [
    {
      "Parent Relationship": "SubPlan",
      "Total Cost": 253.98,
      "Relation Name": "dependent",
      "Parallel Aware": false,
      "Filter": "((e.fname \u003c\u003e dependent_name) AND (e.sex \u003c\u003e sex))",
      "Subplan Name": "SubPlan 1",
      "Alias": "d",
      "Node Type": "Seq Scan",
      "Plan Width": 4,
      "Startup Cost": 0.0,
      "Plan Rows": 4999
    }
  ],
  "Relation Name": "employee",
  "Parallel Aware": false,
  "Filter": "(SubPlan 1)",
  "Alias": "e",
  "Node Type": "Seq Scan",
  "Plan Width": 42,
  "Startup Cost": 0.0,
  "Plan Rows": 2501
}

------------------------------

Indicies Configuration #86:
Index btree on column ssn in table employee
Index btree on column sex in table dependent
Index btree on column fname in table employee

------------------------------

1. The Total Cost of the Plan = 666617.26
2. The Estimated Size of the Result Set = 2501
3. The Plan of the Query:
{
  "Total Cost": 666617.26,
  "Plans": [
    {
      "Parent Relationship": "SubPlan",
      "Total Cost": 253.98,
      "Relation Name": "dependent",
      "Parallel Aware": false,
      "Filter": "((e.fname \u003c\u003e dependent_name) AND (e.sex \u003c\u003e sex))",
      "Subplan Name": "SubPlan 1",
      "Alias": "d",
      "Node Type": "Seq Scan",
      "Plan Width": 4,
      "Startup Cost": 0.0,
      "Plan Rows": 4999
    }
  ],
  "Relation Name": "employee",
  "Parallel Aware": false,
  "Filter": "(SubPlan 1)",
  "Alias": "e",
  "Node Type": "Seq Scan",
  "Plan Width": 42,
  "Startup Cost": 0.0,
  "Plan Rows": 2501
}

------------------------------

Indicies Configuration #87:
Index btree on column ssn in table employee
Index btree on column sex in table dependent
Index hash on column fname in table employee

------------------------------

1. The Total Cost of the Plan = 666617.26
2. The Estimated Size of the Result Set = 2501
3. The Plan of the Query:
{
  "Total Cost": 666617.26,
  "Plans": [
    {
      "Parent Relationship": "SubPlan",
      "Total Cost": 253.98,
      "Relation Name": "dependent",
      "Parallel Aware": false,
      "Filter": "((e.fname \u003c\u003e dependent_name) AND (e.sex \u003c\u003e sex))",
      "Subplan Name": "SubPlan 1",
      "Alias": "d",
      "Node Type": "Seq Scan",
      "Plan Width": 4,
      "Startup Cost": 0.0,
      "Plan Rows": 4999
    }
  ],
  "Relation Name": "employee",
  "Parallel Aware": false,
  "Filter": "(SubPlan 1)",
  "Alias": "e",
  "Node Type": "Seq Scan",
  "Plan Width": 42,
  "Startup Cost": 0.0,
  "Plan Rows": 2501
}

------------------------------

Indicies Configuration #88:
Index btree on column ssn in table employee
Index hash on column sex in table dependent

------------------------------

1. The Total Cost of the Plan = 666617.26
2. The Estimated Size of the Result Set = 2501
3. The Plan of the Query:
{
  "Total Cost": 666617.26,
  "Plans": [
    {
      "Parent Relationship": "SubPlan",
      "Total Cost": 253.98,
      "Relation Name": "dependent",
      "Parallel Aware": false,
      "Filter": "((e.fname \u003c\u003e dependent_name) AND (e.sex \u003c\u003e sex))",
      "Subplan Name": "SubPlan 1",
      "Alias": "d",
      "Node Type": "Seq Scan",
      "Plan Width": 4,
      "Startup Cost": 0.0,
      "Plan Rows": 4999
    }
  ],
  "Relation Name": "employee",
  "Parallel Aware": false,
  "Filter": "(SubPlan 1)",
  "Alias": "e",
  "Node Type": "Seq Scan",
  "Plan Width": 42,
  "Startup Cost": 0.0,
  "Plan Rows": 2501
}

------------------------------

Indicies Configuration #89:
Index btree on column ssn in table employee
Index hash on column sex in table dependent
Index btree on column fname in table employee

------------------------------

1. The Total Cost of the Plan = 666617.26
2. The Estimated Size of the Result Set = 2501
3. The Plan of the Query:
{
  "Total Cost": 666617.26,
  "Plans": [
    {
      "Parent Relationship": "SubPlan",
      "Total Cost": 253.98,
      "Relation Name": "dependent",
      "Parallel Aware": false,
      "Filter": "((e.fname \u003c\u003e dependent_name) AND (e.sex \u003c\u003e sex))",
      "Subplan Name": "SubPlan 1",
      "Alias": "d",
      "Node Type": "Seq Scan",
      "Plan Width": 4,
      "Startup Cost": 0.0,
      "Plan Rows": 4999
    }
  ],
  "Relation Name": "employee",
  "Parallel Aware": false,
  "Filter": "(SubPlan 1)",
  "Alias": "e",
  "Node Type": "Seq Scan",
  "Plan Width": 42,
  "Startup Cost": 0.0,
  "Plan Rows": 2501
}

------------------------------

Indicies Configuration #90:
Index btree on column ssn in table employee
Index hash on column sex in table dependent
Index hash on column fname in table employee

------------------------------

1. The Total Cost of the Plan = 666617.26
2. The Estimated Size of the Result Set = 2501
3. The Plan of the Query:
{
  "Total Cost": 666617.26,
  "Plans": [
    {
      "Parent Relationship": "SubPlan",
      "Total Cost": 253.98,
      "Relation Name": "dependent",
      "Parallel Aware": false,
      "Filter": "((e.fname \u003c\u003e dependent_name) AND (e.sex \u003c\u003e sex))",
      "Subplan Name": "SubPlan 1",
      "Alias": "d",
      "Node Type": "Seq Scan",
      "Plan Width": 4,
      "Startup Cost": 0.0,
      "Plan Rows": 4999
    }
  ],
  "Relation Name": "employee",
  "Parallel Aware": false,
  "Filter": "(SubPlan 1)",
  "Alias": "e",
  "Node Type": "Seq Scan",
  "Plan Width": 42,
  "Startup Cost": 0.0,
  "Plan Rows": 2501
}

------------------------------

Indicies Configuration #91:
Index btree on column ssn in table employee
Index btree on column sex in table employee

------------------------------

1. The Total Cost of the Plan = 666617.26
2. The Estimated Size of the Result Set = 2501
3. The Plan of the Query:
{
  "Total Cost": 666617.26,
  "Plans": [
    {
      "Parent Relationship": "SubPlan",
      "Total Cost": 253.98,
      "Relation Name": "dependent",
      "Parallel Aware": false,
      "Filter": "((e.fname \u003c\u003e dependent_name) AND (e.sex \u003c\u003e sex))",
      "Subplan Name": "SubPlan 1",
      "Alias": "d",
      "Node Type": "Seq Scan",
      "Plan Width": 4,
      "Startup Cost": 0.0,
      "Plan Rows": 4999
    }
  ],
  "Relation Name": "employee",
  "Parallel Aware": false,
  "Filter": "(SubPlan 1)",
  "Alias": "e",
  "Node Type": "Seq Scan",
  "Plan Width": 42,
  "Startup Cost": 0.0,
  "Plan Rows": 2501
}

------------------------------

Indicies Configuration #92:
Index btree on column ssn in table employee
Index btree on column sex in table employee
Index btree on column fname in table employee

------------------------------

1. The Total Cost of the Plan = 666617.26
2. The Estimated Size of the Result Set = 2501
3. The Plan of the Query:
{
  "Total Cost": 666617.26,
  "Plans": [
    {
      "Parent Relationship": "SubPlan",
      "Total Cost": 253.98,
      "Relation Name": "dependent",
      "Parallel Aware": false,
      "Filter": "((e.fname \u003c\u003e dependent_name) AND (e.sex \u003c\u003e sex))",
      "Subplan Name": "SubPlan 1",
      "Alias": "d",
      "Node Type": "Seq Scan",
      "Plan Width": 4,
      "Startup Cost": 0.0,
      "Plan Rows": 4999
    }
  ],
  "Relation Name": "employee",
  "Parallel Aware": false,
  "Filter": "(SubPlan 1)",
  "Alias": "e",
  "Node Type": "Seq Scan",
  "Plan Width": 42,
  "Startup Cost": 0.0,
  "Plan Rows": 2501
}

------------------------------

Indicies Configuration #93:
Index btree on column ssn in table employee
Index btree on column sex in table employee
Index hash on column fname in table employee

------------------------------

1. The Total Cost of the Plan = 666617.26
2. The Estimated Size of the Result Set = 2501
3. The Plan of the Query:
{
  "Total Cost": 666617.26,
  "Plans": [
    {
      "Parent Relationship": "SubPlan",
      "Total Cost": 253.98,
      "Relation Name": "dependent",
      "Parallel Aware": false,
      "Filter": "((e.fname \u003c\u003e dependent_name) AND (e.sex \u003c\u003e sex))",
      "Subplan Name": "SubPlan 1",
      "Alias": "d",
      "Node Type": "Seq Scan",
      "Plan Width": 4,
      "Startup Cost": 0.0,
      "Plan Rows": 4999
    }
  ],
  "Relation Name": "employee",
  "Parallel Aware": false,
  "Filter": "(SubPlan 1)",
  "Alias": "e",
  "Node Type": "Seq Scan",
  "Plan Width": 42,
  "Startup Cost": 0.0,
  "Plan Rows": 2501
}

------------------------------

Indicies Configuration #94:
Index btree on column ssn in table employee
Index btree on column sex in table employee
Index btree on column sex in table dependent

------------------------------

1. The Total Cost of the Plan = 666617.26
2. The Estimated Size of the Result Set = 2501
3. The Plan of the Query:
{
  "Total Cost": 666617.26,
  "Plans": [
    {
      "Parent Relationship": "SubPlan",
      "Total Cost": 253.98,
      "Relation Name": "dependent",
      "Parallel Aware": false,
      "Filter": "((e.fname \u003c\u003e dependent_name) AND (e.sex \u003c\u003e sex))",
      "Subplan Name": "SubPlan 1",
      "Alias": "d",
      "Node Type": "Seq Scan",
      "Plan Width": 4,
      "Startup Cost": 0.0,
      "Plan Rows": 4999
    }
  ],
  "Relation Name": "employee",
  "Parallel Aware": false,
  "Filter": "(SubPlan 1)",
  "Alias": "e",
  "Node Type": "Seq Scan",
  "Plan Width": 42,
  "Startup Cost": 0.0,
  "Plan Rows": 2501
}

------------------------------

Indicies Configuration #95:
Index btree on column ssn in table employee
Index btree on column sex in table employee
Index btree on column sex in table dependent
Index btree on column fname in table employee

------------------------------

1. The Total Cost of the Plan = 666617.26
2. The Estimated Size of the Result Set = 2501
3. The Plan of the Query:
{
  "Total Cost": 666617.26,
  "Plans": [
    {
      "Parent Relationship": "SubPlan",
      "Total Cost": 253.98,
      "Relation Name": "dependent",
      "Parallel Aware": false,
      "Filter": "((e.fname \u003c\u003e dependent_name) AND (e.sex \u003c\u003e sex))",
      "Subplan Name": "SubPlan 1",
      "Alias": "d",
      "Node Type": "Seq Scan",
      "Plan Width": 4,
      "Startup Cost": 0.0,
      "Plan Rows": 4999
    }
  ],
  "Relation Name": "employee",
  "Parallel Aware": false,
  "Filter": "(SubPlan 1)",
  "Alias": "e",
  "Node Type": "Seq Scan",
  "Plan Width": 42,
  "Startup Cost": 0.0,
  "Plan Rows": 2501
}

------------------------------

Indicies Configuration #96:
Index btree on column ssn in table employee
Index btree on column sex in table employee
Index btree on column sex in table dependent
Index hash on column fname in table employee

------------------------------

1. The Total Cost of the Plan = 666617.26
2. The Estimated Size of the Result Set = 2501
3. The Plan of the Query:
{
  "Total Cost": 666617.26,
  "Plans": [
    {
      "Parent Relationship": "SubPlan",
      "Total Cost": 253.98,
      "Relation Name": "dependent",
      "Parallel Aware": false,
      "Filter": "((e.fname \u003c\u003e dependent_name) AND (e.sex \u003c\u003e sex))",
      "Subplan Name": "SubPlan 1",
      "Alias": "d",
      "Node Type": "Seq Scan",
      "Plan Width": 4,
      "Startup Cost": 0.0,
      "Plan Rows": 4999
    }
  ],
  "Relation Name": "employee",
  "Parallel Aware": false,
  "Filter": "(SubPlan 1)",
  "Alias": "e",
  "Node Type": "Seq Scan",
  "Plan Width": 42,
  "Startup Cost": 0.0,
  "Plan Rows": 2501
}

------------------------------

Indicies Configuration #97:
Index btree on column ssn in table employee
Index btree on column sex in table employee
Index hash on column sex in table dependent

------------------------------

1. The Total Cost of the Plan = 666617.26
2. The Estimated Size of the Result Set = 2501
3. The Plan of the Query:
{
  "Total Cost": 666617.26,
  "Plans": [
    {
      "Parent Relationship": "SubPlan",
      "Total Cost": 253.98,
      "Relation Name": "dependent",
      "Parallel Aware": false,
      "Filter": "((e.fname \u003c\u003e dependent_name) AND (e.sex \u003c\u003e sex))",
      "Subplan Name": "SubPlan 1",
      "Alias": "d",
      "Node Type": "Seq Scan",
      "Plan Width": 4,
      "Startup Cost": 0.0,
      "Plan Rows": 4999
    }
  ],
  "Relation Name": "employee",
  "Parallel Aware": false,
  "Filter": "(SubPlan 1)",
  "Alias": "e",
  "Node Type": "Seq Scan",
  "Plan Width": 42,
  "Startup Cost": 0.0,
  "Plan Rows": 2501
}

------------------------------

Indicies Configuration #98:
Index btree on column ssn in table employee
Index btree on column sex in table employee
Index hash on column sex in table dependent
Index btree on column fname in table employee

------------------------------

1. The Total Cost of the Plan = 666617.26
2. The Estimated Size of the Result Set = 2501
3. The Plan of the Query:
{
  "Total Cost": 666617.26,
  "Plans": [
    {
      "Parent Relationship": "SubPlan",
      "Total Cost": 253.98,
      "Relation Name": "dependent",
      "Parallel Aware": false,
      "Filter": "((e.fname \u003c\u003e dependent_name) AND (e.sex \u003c\u003e sex))",
      "Subplan Name": "SubPlan 1",
      "Alias": "d",
      "Node Type": "Seq Scan",
      "Plan Width": 4,
      "Startup Cost": 0.0,
      "Plan Rows": 4999
    }
  ],
  "Relation Name": "employee",
  "Parallel Aware": false,
  "Filter": "(SubPlan 1)",
  "Alias": "e",
  "Node Type": "Seq Scan",
  "Plan Width": 42,
  "Startup Cost": 0.0,
  "Plan Rows": 2501
}

------------------------------

Indicies Configuration #99:
Index btree on column ssn in table employee
Index btree on column sex in table employee
Index hash on column sex in table dependent
Index hash on column fname in table employee

------------------------------

1. The Total Cost of the Plan = 666617.26
2. The Estimated Size of the Result Set = 2501
3. The Plan of the Query:
{
  "Total Cost": 666617.26,
  "Plans": [
    {
      "Parent Relationship": "SubPlan",
      "Total Cost": 253.98,
      "Relation Name": "dependent",
      "Parallel Aware": false,
      "Filter": "((e.fname \u003c\u003e dependent_name) AND (e.sex \u003c\u003e sex))",
      "Subplan Name": "SubPlan 1",
      "Alias": "d",
      "Node Type": "Seq Scan",
      "Plan Width": 4,
      "Startup Cost": 0.0,
      "Plan Rows": 4999
    }
  ],
  "Relation Name": "employee",
  "Parallel Aware": false,
  "Filter": "(SubPlan 1)",
  "Alias": "e",
  "Node Type": "Seq Scan",
  "Plan Width": 42,
  "Startup Cost": 0.0,
  "Plan Rows": 2501
}

------------------------------

Indicies Configuration #100:
Index btree on column ssn in table employee
Index hash on column sex in table employee

------------------------------

1. The Total Cost of the Plan = 666617.26
2. The Estimated Size of the Result Set = 2501
3. The Plan of the Query:
{
  "Total Cost": 666617.26,
  "Plans": [
    {
      "Parent Relationship": "SubPlan",
      "Total Cost": 253.98,
      "Relation Name": "dependent",
      "Parallel Aware": false,
      "Filter": "((e.fname \u003c\u003e dependent_name) AND (e.sex \u003c\u003e sex))",
      "Subplan Name": "SubPlan 1",
      "Alias": "d",
      "Node Type": "Seq Scan",
      "Plan Width": 4,
      "Startup Cost": 0.0,
      "Plan Rows": 4999
    }
  ],
  "Relation Name": "employee",
  "Parallel Aware": false,
  "Filter": "(SubPlan 1)",
  "Alias": "e",
  "Node Type": "Seq Scan",
  "Plan Width": 42,
  "Startup Cost": 0.0,
  "Plan Rows": 2501
}

------------------------------

Indicies Configuration #101:
Index btree on column ssn in table employee
Index hash on column sex in table employee
Index btree on column fname in table employee

------------------------------

1. The Total Cost of the Plan = 666617.26
2. The Estimated Size of the Result Set = 2501
3. The Plan of the Query:
{
  "Total Cost": 666617.26,
  "Plans": [
    {
      "Parent Relationship": "SubPlan",
      "Total Cost": 253.98,
      "Relation Name": "dependent",
      "Parallel Aware": false,
      "Filter": "((e.fname \u003c\u003e dependent_name) AND (e.sex \u003c\u003e sex))",
      "Subplan Name": "SubPlan 1",
      "Alias": "d",
      "Node Type": "Seq Scan",
      "Plan Width": 4,
      "Startup Cost": 0.0,
      "Plan Rows": 4999
    }
  ],
  "Relation Name": "employee",
  "Parallel Aware": false,
  "Filter": "(SubPlan 1)",
  "Alias": "e",
  "Node Type": "Seq Scan",
  "Plan Width": 42,
  "Startup Cost": 0.0,
  "Plan Rows": 2501
}

------------------------------

Indicies Configuration #102:
Index btree on column ssn in table employee
Index hash on column sex in table employee
Index hash on column fname in table employee

------------------------------

1. The Total Cost of the Plan = 666617.26
2. The Estimated Size of the Result Set = 2501
3. The Plan of the Query:
{
  "Total Cost": 666617.26,
  "Plans": [
    {
      "Parent Relationship": "SubPlan",
      "Total Cost": 253.98,
      "Relation Name": "dependent",
      "Parallel Aware": false,
      "Filter": "((e.fname \u003c\u003e dependent_name) AND (e.sex \u003c\u003e sex))",
      "Subplan Name": "SubPlan 1",
      "Alias": "d",
      "Node Type": "Seq Scan",
      "Plan Width": 4,
      "Startup Cost": 0.0,
      "Plan Rows": 4999
    }
  ],
  "Relation Name": "employee",
  "Parallel Aware": false,
  "Filter": "(SubPlan 1)",
  "Alias": "e",
  "Node Type": "Seq Scan",
  "Plan Width": 42,
  "Startup Cost": 0.0,
  "Plan Rows": 2501
}

------------------------------

Indicies Configuration #103:
Index btree on column ssn in table employee
Index hash on column sex in table employee
Index btree on column sex in table dependent

------------------------------

1. The Total Cost of the Plan = 666617.26
2. The Estimated Size of the Result Set = 2501
3. The Plan of the Query:
{
  "Total Cost": 666617.26,
  "Plans": [
    {
      "Parent Relationship": "SubPlan",
      "Total Cost": 253.98,
      "Relation Name": "dependent",
      "Parallel Aware": false,
      "Filter": "((e.fname \u003c\u003e dependent_name) AND (e.sex \u003c\u003e sex))",
      "Subplan Name": "SubPlan 1",
      "Alias": "d",
      "Node Type": "Seq Scan",
      "Plan Width": 4,
      "Startup Cost": 0.0,
      "Plan Rows": 4999
    }
  ],
  "Relation Name": "employee",
  "Parallel Aware": false,
  "Filter": "(SubPlan 1)",
  "Alias": "e",
  "Node Type": "Seq Scan",
  "Plan Width": 42,
  "Startup Cost": 0.0,
  "Plan Rows": 2501
}

------------------------------

Indicies Configuration #104:
Index btree on column ssn in table employee
Index hash on column sex in table employee
Index btree on column sex in table dependent
Index btree on column fname in table employee

------------------------------

1. The Total Cost of the Plan = 666617.26
2. The Estimated Size of the Result Set = 2501
3. The Plan of the Query:
{
  "Total Cost": 666617.26,
  "Plans": [
    {
      "Parent Relationship": "SubPlan",
      "Total Cost": 253.98,
      "Relation Name": "dependent",
      "Parallel Aware": false,
      "Filter": "((e.fname \u003c\u003e dependent_name) AND (e.sex \u003c\u003e sex))",
      "Subplan Name": "SubPlan 1",
      "Alias": "d",
      "Node Type": "Seq Scan",
      "Plan Width": 4,
      "Startup Cost": 0.0,
      "Plan Rows": 4999
    }
  ],
  "Relation Name": "employee",
  "Parallel Aware": false,
  "Filter": "(SubPlan 1)",
  "Alias": "e",
  "Node Type": "Seq Scan",
  "Plan Width": 42,
  "Startup Cost": 0.0,
  "Plan Rows": 2501
}

------------------------------

Indicies Configuration #105:
Index btree on column ssn in table employee
Index hash on column sex in table employee
Index btree on column sex in table dependent
Index hash on column fname in table employee

------------------------------

1. The Total Cost of the Plan = 666617.26
2. The Estimated Size of the Result Set = 2501
3. The Plan of the Query:
{
  "Total Cost": 666617.26,
  "Plans": [
    {
      "Parent Relationship": "SubPlan",
      "Total Cost": 253.98,
      "Relation Name": "dependent",
      "Parallel Aware": false,
      "Filter": "((e.fname \u003c\u003e dependent_name) AND (e.sex \u003c\u003e sex))",
      "Subplan Name": "SubPlan 1",
      "Alias": "d",
      "Node Type": "Seq Scan",
      "Plan Width": 4,
      "Startup Cost": 0.0,
      "Plan Rows": 4999
    }
  ],
  "Relation Name": "employee",
  "Parallel Aware": false,
  "Filter": "(SubPlan 1)",
  "Alias": "e",
  "Node Type": "Seq Scan",
  "Plan Width": 42,
  "Startup Cost": 0.0,
  "Plan Rows": 2501
}

------------------------------

Indicies Configuration #106:
Index btree on column ssn in table employee
Index hash on column sex in table employee
Index hash on column sex in table dependent

------------------------------

1. The Total Cost of the Plan = 666617.26
2. The Estimated Size of the Result Set = 2501
3. The Plan of the Query:
{
  "Total Cost": 666617.26,
  "Plans": [
    {
      "Parent Relationship": "SubPlan",
      "Total Cost": 253.98,
      "Relation Name": "dependent",
      "Parallel Aware": false,
      "Filter": "((e.fname \u003c\u003e dependent_name) AND (e.sex \u003c\u003e sex))",
      "Subplan Name": "SubPlan 1",
      "Alias": "d",
      "Node Type": "Seq Scan",
      "Plan Width": 4,
      "Startup Cost": 0.0,
      "Plan Rows": 4999
    }
  ],
  "Relation Name": "employee",
  "Parallel Aware": false,
  "Filter": "(SubPlan 1)",
  "Alias": "e",
  "Node Type": "Seq Scan",
  "Plan Width": 42,
  "Startup Cost": 0.0,
  "Plan Rows": 2501
}

------------------------------

Indicies Configuration #107:
Index btree on column ssn in table employee
Index hash on column sex in table employee
Index hash on column sex in table dependent
Index btree on column fname in table employee

------------------------------

1. The Total Cost of the Plan = 666617.26
2. The Estimated Size of the Result Set = 2501
3. The Plan of the Query:
{
  "Total Cost": 666617.26,
  "Plans": [
    {
      "Parent Relationship": "SubPlan",
      "Total Cost": 253.98,
      "Relation Name": "dependent",
      "Parallel Aware": false,
      "Filter": "((e.fname \u003c\u003e dependent_name) AND (e.sex \u003c\u003e sex))",
      "Subplan Name": "SubPlan 1",
      "Alias": "d",
      "Node Type": "Seq Scan",
      "Plan Width": 4,
      "Startup Cost": 0.0,
      "Plan Rows": 4999
    }
  ],
  "Relation Name": "employee",
  "Parallel Aware": false,
  "Filter": "(SubPlan 1)",
  "Alias": "e",
  "Node Type": "Seq Scan",
  "Plan Width": 42,
  "Startup Cost": 0.0,
  "Plan Rows": 2501
}

------------------------------

Indicies Configuration #108:
Index btree on column ssn in table employee
Index hash on column sex in table employee
Index hash on column sex in table dependent
Index hash on column fname in table employee

------------------------------

1. The Total Cost of the Plan = 666617.26
2. The Estimated Size of the Result Set = 2501
3. The Plan of the Query:
{
  "Total Cost": 666617.26,
  "Plans": [
    {
      "Parent Relationship": "SubPlan",
      "Total Cost": 253.98,
      "Relation Name": "dependent",
      "Parallel Aware": false,
      "Filter": "((e.fname \u003c\u003e dependent_name) AND (e.sex \u003c\u003e sex))",
      "Subplan Name": "SubPlan 1",
      "Alias": "d",
      "Node Type": "Seq Scan",
      "Plan Width": 4,
      "Startup Cost": 0.0,
      "Plan Rows": 4999
    }
  ],
  "Relation Name": "employee",
  "Parallel Aware": false,
  "Filter": "(SubPlan 1)",
  "Alias": "e",
  "Node Type": "Seq Scan",
  "Plan Width": 42,
  "Startup Cost": 0.0,
  "Plan Rows": 2501
}

------------------------------

Indicies Configuration #109:
Index btree on column ssn in table employee
Index btree on column dependent_name in table dependent

------------------------------

1. The Total Cost of the Plan = 666617.26
2. The Estimated Size of the Result Set = 2501
3. The Plan of the Query:
{
  "Total Cost": 666617.26,
  "Plans": [
    {
      "Parent Relationship": "SubPlan",
      "Total Cost": 253.98,
      "Relation Name": "dependent",
      "Parallel Aware": false,
      "Filter": "((e.fname \u003c\u003e dependent_name) AND (e.sex \u003c\u003e sex))",
      "Subplan Name": "SubPlan 1",
      "Alias": "d",
      "Node Type": "Seq Scan",
      "Plan Width": 4,
      "Startup Cost": 0.0,
      "Plan Rows": 4999
    }
  ],
  "Relation Name": "employee",
  "Parallel Aware": false,
  "Filter": "(SubPlan 1)",
  "Alias": "e",
  "Node Type": "Seq Scan",
  "Plan Width": 42,
  "Startup Cost": 0.0,
  "Plan Rows": 2501
}

------------------------------

Indicies Configuration #110:
Index btree on column ssn in table employee
Index btree on column dependent_name in table dependent
Index btree on column fname in table employee

------------------------------

1. The Total Cost of the Plan = 666617.26
2. The Estimated Size of the Result Set = 2501
3. The Plan of the Query:
{
  "Total Cost": 666617.26,
  "Plans": [
    {
      "Parent Relationship": "SubPlan",
      "Total Cost": 253.98,
      "Relation Name": "dependent",
      "Parallel Aware": false,
      "Filter": "((e.fname \u003c\u003e dependent_name) AND (e.sex \u003c\u003e sex))",
      "Subplan Name": "SubPlan 1",
      "Alias": "d",
      "Node Type": "Seq Scan",
      "Plan Width": 4,
      "Startup Cost": 0.0,
      "Plan Rows": 4999
    }
  ],
  "Relation Name": "employee",
  "Parallel Aware": false,
  "Filter": "(SubPlan 1)",
  "Alias": "e",
  "Node Type": "Seq Scan",
  "Plan Width": 42,
  "Startup Cost": 0.0,
  "Plan Rows": 2501
}

------------------------------

Indicies Configuration #111:
Index btree on column ssn in table employee
Index btree on column dependent_name in table dependent
Index hash on column fname in table employee

------------------------------

1. The Total Cost of the Plan = 666617.26
2. The Estimated Size of the Result Set = 2501
3. The Plan of the Query:
{
  "Total Cost": 666617.26,
  "Plans": [
    {
      "Parent Relationship": "SubPlan",
      "Total Cost": 253.98,
      "Relation Name": "dependent",
      "Parallel Aware": false,
      "Filter": "((e.fname \u003c\u003e dependent_name) AND (e.sex \u003c\u003e sex))",
      "Subplan Name": "SubPlan 1",
      "Alias": "d",
      "Node Type": "Seq Scan",
      "Plan Width": 4,
      "Startup Cost": 0.0,
      "Plan Rows": 4999
    }
  ],
  "Relation Name": "employee",
  "Parallel Aware": false,
  "Filter": "(SubPlan 1)",
  "Alias": "e",
  "Node Type": "Seq Scan",
  "Plan Width": 42,
  "Startup Cost": 0.0,
  "Plan Rows": 2501
}

------------------------------

Indicies Configuration #112:
Index btree on column ssn in table employee
Index btree on column dependent_name in table dependent
Index btree on column sex in table dependent

------------------------------

1. The Total Cost of the Plan = 666617.26
2. The Estimated Size of the Result Set = 2501
3. The Plan of the Query:
{
  "Total Cost": 666617.26,
  "Plans": [
    {
      "Parent Relationship": "SubPlan",
      "Total Cost": 253.98,
      "Relation Name": "dependent",
      "Parallel Aware": false,
      "Filter": "((e.fname \u003c\u003e dependent_name) AND (e.sex \u003c\u003e sex))",
      "Subplan Name": "SubPlan 1",
      "Alias": "d",
      "Node Type": "Seq Scan",
      "Plan Width": 4,
      "Startup Cost": 0.0,
      "Plan Rows": 4999
    }
  ],
  "Relation Name": "employee",
  "Parallel Aware": false,
  "Filter": "(SubPlan 1)",
  "Alias": "e",
  "Node Type": "Seq Scan",
  "Plan Width": 42,
  "Startup Cost": 0.0,
  "Plan Rows": 2501
}

------------------------------

Indicies Configuration #113:
Index btree on column ssn in table employee
Index btree on column dependent_name in table dependent
Index btree on column sex in table dependent
Index btree on column fname in table employee

------------------------------

1. The Total Cost of the Plan = 666617.26
2. The Estimated Size of the Result Set = 2501
3. The Plan of the Query:
{
  "Total Cost": 666617.26,
  "Plans": [
    {
      "Parent Relationship": "SubPlan",
      "Total Cost": 253.98,
      "Relation Name": "dependent",
      "Parallel Aware": false,
      "Filter": "((e.fname \u003c\u003e dependent_name) AND (e.sex \u003c\u003e sex))",
      "Subplan Name": "SubPlan 1",
      "Alias": "d",
      "Node Type": "Seq Scan",
      "Plan Width": 4,
      "Startup Cost": 0.0,
      "Plan Rows": 4999
    }
  ],
  "Relation Name": "employee",
  "Parallel Aware": false,
  "Filter": "(SubPlan 1)",
  "Alias": "e",
  "Node Type": "Seq Scan",
  "Plan Width": 42,
  "Startup Cost": 0.0,
  "Plan Rows": 2501
}

------------------------------

Indicies Configuration #114:
Index btree on column ssn in table employee
Index btree on column dependent_name in table dependent
Index btree on column sex in table dependent
Index hash on column fname in table employee

------------------------------

1. The Total Cost of the Plan = 666617.26
2. The Estimated Size of the Result Set = 2501
3. The Plan of the Query:
{
  "Total Cost": 666617.26,
  "Plans": [
    {
      "Parent Relationship": "SubPlan",
      "Total Cost": 253.98,
      "Relation Name": "dependent",
      "Parallel Aware": false,
      "Filter": "((e.fname \u003c\u003e dependent_name) AND (e.sex \u003c\u003e sex))",
      "Subplan Name": "SubPlan 1",
      "Alias": "d",
      "Node Type": "Seq Scan",
      "Plan Width": 4,
      "Startup Cost": 0.0,
      "Plan Rows": 4999
    }
  ],
  "Relation Name": "employee",
  "Parallel Aware": false,
  "Filter": "(SubPlan 1)",
  "Alias": "e",
  "Node Type": "Seq Scan",
  "Plan Width": 42,
  "Startup Cost": 0.0,
  "Plan Rows": 2501
}

------------------------------

Indicies Configuration #115:
Index btree on column ssn in table employee
Index btree on column dependent_name in table dependent
Index hash on column sex in table dependent

------------------------------

1. The Total Cost of the Plan = 666617.26
2. The Estimated Size of the Result Set = 2501
3. The Plan of the Query:
{
  "Total Cost": 666617.26,
  "Plans": [
    {
      "Parent Relationship": "SubPlan",
      "Total Cost": 253.98,
      "Relation Name": "dependent",
      "Parallel Aware": false,
      "Filter": "((e.fname \u003c\u003e dependent_name) AND (e.sex \u003c\u003e sex))",
      "Subplan Name": "SubPlan 1",
      "Alias": "d",
      "Node Type": "Seq Scan",
      "Plan Width": 4,
      "Startup Cost": 0.0,
      "Plan Rows": 4999
    }
  ],
  "Relation Name": "employee",
  "Parallel Aware": false,
  "Filter": "(SubPlan 1)",
  "Alias": "e",
  "Node Type": "Seq Scan",
  "Plan Width": 42,
  "Startup Cost": 0.0,
  "Plan Rows": 2501
}

------------------------------

Indicies Configuration #116:
Index btree on column ssn in table employee
Index btree on column dependent_name in table dependent
Index hash on column sex in table dependent
Index btree on column fname in table employee

------------------------------

1. The Total Cost of the Plan = 666617.26
2. The Estimated Size of the Result Set = 2501
3. The Plan of the Query:
{
  "Total Cost": 666617.26,
  "Plans": [
    {
      "Parent Relationship": "SubPlan",
      "Total Cost": 253.98,
      "Relation Name": "dependent",
      "Parallel Aware": false,
      "Filter": "((e.fname \u003c\u003e dependent_name) AND (e.sex \u003c\u003e sex))",
      "Subplan Name": "SubPlan 1",
      "Alias": "d",
      "Node Type": "Seq Scan",
      "Plan Width": 4,
      "Startup Cost": 0.0,
      "Plan Rows": 4999
    }
  ],
  "Relation Name": "employee",
  "Parallel Aware": false,
  "Filter": "(SubPlan 1)",
  "Alias": "e",
  "Node Type": "Seq Scan",
  "Plan Width": 42,
  "Startup Cost": 0.0,
  "Plan Rows": 2501
}

------------------------------

Indicies Configuration #117:
Index btree on column ssn in table employee
Index btree on column dependent_name in table dependent
Index hash on column sex in table dependent
Index hash on column fname in table employee

------------------------------

1. The Total Cost of the Plan = 666617.26
2. The Estimated Size of the Result Set = 2501
3. The Plan of the Query:
{
  "Total Cost": 666617.26,
  "Plans": [
    {
      "Parent Relationship": "SubPlan",
      "Total Cost": 253.98,
      "Relation Name": "dependent",
      "Parallel Aware": false,
      "Filter": "((e.fname \u003c\u003e dependent_name) AND (e.sex \u003c\u003e sex))",
      "Subplan Name": "SubPlan 1",
      "Alias": "d",
      "Node Type": "Seq Scan",
      "Plan Width": 4,
      "Startup Cost": 0.0,
      "Plan Rows": 4999
    }
  ],
  "Relation Name": "employee",
  "Parallel Aware": false,
  "Filter": "(SubPlan 1)",
  "Alias": "e",
  "Node Type": "Seq Scan",
  "Plan Width": 42,
  "Startup Cost": 0.0,
  "Plan Rows": 2501
}

------------------------------

Indicies Configuration #118:
Index btree on column ssn in table employee
Index btree on column dependent_name in table dependent
Index btree on column sex in table employee

------------------------------

1. The Total Cost of the Plan = 666617.26
2. The Estimated Size of the Result Set = 2501
3. The Plan of the Query:
{
  "Total Cost": 666617.26,
  "Plans": [
    {
      "Parent Relationship": "SubPlan",
      "Total Cost": 253.98,
      "Relation Name": "dependent",
      "Parallel Aware": false,
      "Filter": "((e.fname \u003c\u003e dependent_name) AND (e.sex \u003c\u003e sex))",
      "Subplan Name": "SubPlan 1",
      "Alias": "d",
      "Node Type": "Seq Scan",
      "Plan Width": 4,
      "Startup Cost": 0.0,
      "Plan Rows": 4999
    }
  ],
  "Relation Name": "employee",
  "Parallel Aware": false,
  "Filter": "(SubPlan 1)",
  "Alias": "e",
  "Node Type": "Seq Scan",
  "Plan Width": 42,
  "Startup Cost": 0.0,
  "Plan Rows": 2501
}

------------------------------

Indicies Configuration #119:
Index btree on column ssn in table employee
Index btree on column dependent_name in table dependent
Index btree on column sex in table employee
Index btree on column fname in table employee

------------------------------

1. The Total Cost of the Plan = 666617.26
2. The Estimated Size of the Result Set = 2501
3. The Plan of the Query:
{
  "Total Cost": 666617.26,
  "Plans": [
    {
      "Parent Relationship": "SubPlan",
      "Total Cost": 253.98,
      "Relation Name": "dependent",
      "Parallel Aware": false,
      "Filter": "((e.fname \u003c\u003e dependent_name) AND (e.sex \u003c\u003e sex))",
      "Subplan Name": "SubPlan 1",
      "Alias": "d",
      "Node Type": "Seq Scan",
      "Plan Width": 4,
      "Startup Cost": 0.0,
      "Plan Rows": 4999
    }
  ],
  "Relation Name": "employee",
  "Parallel Aware": false,
  "Filter": "(SubPlan 1)",
  "Alias": "e",
  "Node Type": "Seq Scan",
  "Plan Width": 42,
  "Startup Cost": 0.0,
  "Plan Rows": 2501
}

------------------------------

Indicies Configuration #120:
Index btree on column ssn in table employee
Index btree on column dependent_name in table dependent
Index btree on column sex in table employee
Index hash on column fname in table employee

------------------------------

1. The Total Cost of the Plan = 666617.26
2. The Estimated Size of the Result Set = 2501
3. The Plan of the Query:
{
  "Total Cost": 666617.26,
  "Plans": [
    {
      "Parent Relationship": "SubPlan",
      "Total Cost": 253.98,
      "Relation Name": "dependent",
      "Parallel Aware": false,
      "Filter": "((e.fname \u003c\u003e dependent_name) AND (e.sex \u003c\u003e sex))",
      "Subplan Name": "SubPlan 1",
      "Alias": "d",
      "Node Type": "Seq Scan",
      "Plan Width": 4,
      "Startup Cost": 0.0,
      "Plan Rows": 4999
    }
  ],
  "Relation Name": "employee",
  "Parallel Aware": false,
  "Filter": "(SubPlan 1)",
  "Alias": "e",
  "Node Type": "Seq Scan",
  "Plan Width": 42,
  "Startup Cost": 0.0,
  "Plan Rows": 2501
}

------------------------------

Indicies Configuration #121:
Index btree on column ssn in table employee
Index btree on column dependent_name in table dependent
Index btree on column sex in table employee
Index btree on column sex in table dependent

------------------------------

1. The Total Cost of the Plan = 666617.26
2. The Estimated Size of the Result Set = 2501
3. The Plan of the Query:
{
  "Total Cost": 666617.26,
  "Plans": [
    {
      "Parent Relationship": "SubPlan",
      "Total Cost": 253.98,
      "Relation Name": "dependent",
      "Parallel Aware": false,
      "Filter": "((e.fname \u003c\u003e dependent_name) AND (e.sex \u003c\u003e sex))",
      "Subplan Name": "SubPlan 1",
      "Alias": "d",
      "Node Type": "Seq Scan",
      "Plan Width": 4,
      "Startup Cost": 0.0,
      "Plan Rows": 4999
    }
  ],
  "Relation Name": "employee",
  "Parallel Aware": false,
  "Filter": "(SubPlan 1)",
  "Alias": "e",
  "Node Type": "Seq Scan",
  "Plan Width": 42,
  "Startup Cost": 0.0,
  "Plan Rows": 2501
}

------------------------------

Indicies Configuration #122:
Index btree on column ssn in table employee
Index btree on column dependent_name in table dependent
Index btree on column sex in table employee
Index btree on column sex in table dependent
Index btree on column fname in table employee

------------------------------

1. The Total Cost of the Plan = 666617.26
2. The Estimated Size of the Result Set = 2501
3. The Plan of the Query:
{
  "Total Cost": 666617.26,
  "Plans": [
    {
      "Parent Relationship": "SubPlan",
      "Total Cost": 253.98,
      "Relation Name": "dependent",
      "Parallel Aware": false,
      "Filter": "((e.fname \u003c\u003e dependent_name) AND (e.sex \u003c\u003e sex))",
      "Subplan Name": "SubPlan 1",
      "Alias": "d",
      "Node Type": "Seq Scan",
      "Plan Width": 4,
      "Startup Cost": 0.0,
      "Plan Rows": 4999
    }
  ],
  "Relation Name": "employee",
  "Parallel Aware": false,
  "Filter": "(SubPlan 1)",
  "Alias": "e",
  "Node Type": "Seq Scan",
  "Plan Width": 42,
  "Startup Cost": 0.0,
  "Plan Rows": 2501
}

------------------------------

Indicies Configuration #123:
Index btree on column ssn in table employee
Index btree on column dependent_name in table dependent
Index btree on column sex in table employee
Index btree on column sex in table dependent
Index hash on column fname in table employee

------------------------------

1. The Total Cost of the Plan = 666617.26
2. The Estimated Size of the Result Set = 2501
3. The Plan of the Query:
{
  "Total Cost": 666617.26,
  "Plans": [
    {
      "Parent Relationship": "SubPlan",
      "Total Cost": 253.98,
      "Relation Name": "dependent",
      "Parallel Aware": false,
      "Filter": "((e.fname \u003c\u003e dependent_name) AND (e.sex \u003c\u003e sex))",
      "Subplan Name": "SubPlan 1",
      "Alias": "d",
      "Node Type": "Seq Scan",
      "Plan Width": 4,
      "Startup Cost": 0.0,
      "Plan Rows": 4999
    }
  ],
  "Relation Name": "employee",
  "Parallel Aware": false,
  "Filter": "(SubPlan 1)",
  "Alias": "e",
  "Node Type": "Seq Scan",
  "Plan Width": 42,
  "Startup Cost": 0.0,
  "Plan Rows": 2501
}

------------------------------

Indicies Configuration #124:
Index btree on column ssn in table employee
Index btree on column dependent_name in table dependent
Index btree on column sex in table employee
Index hash on column sex in table dependent

------------------------------

1. The Total Cost of the Plan = 666617.26
2. The Estimated Size of the Result Set = 2501
3. The Plan of the Query:
{
  "Total Cost": 666617.26,
  "Plans": [
    {
      "Parent Relationship": "SubPlan",
      "Total Cost": 253.98,
      "Relation Name": "dependent",
      "Parallel Aware": false,
      "Filter": "((e.fname \u003c\u003e dependent_name) AND (e.sex \u003c\u003e sex))",
      "Subplan Name": "SubPlan 1",
      "Alias": "d",
      "Node Type": "Seq Scan",
      "Plan Width": 4,
      "Startup Cost": 0.0,
      "Plan Rows": 4999
    }
  ],
  "Relation Name": "employee",
  "Parallel Aware": false,
  "Filter": "(SubPlan 1)",
  "Alias": "e",
  "Node Type": "Seq Scan",
  "Plan Width": 42,
  "Startup Cost": 0.0,
  "Plan Rows": 2501
}

------------------------------

Indicies Configuration #125:
Index btree on column ssn in table employee
Index btree on column dependent_name in table dependent
Index btree on column sex in table employee
Index hash on column sex in table dependent
Index btree on column fname in table employee

------------------------------

1. The Total Cost of the Plan = 666617.26
2. The Estimated Size of the Result Set = 2501
3. The Plan of the Query:
{
  "Total Cost": 666617.26,
  "Plans": [
    {
      "Parent Relationship": "SubPlan",
      "Total Cost": 253.98,
      "Relation Name": "dependent",
      "Parallel Aware": false,
      "Filter": "((e.fname \u003c\u003e dependent_name) AND (e.sex \u003c\u003e sex))",
      "Subplan Name": "SubPlan 1",
      "Alias": "d",
      "Node Type": "Seq Scan",
      "Plan Width": 4,
      "Startup Cost": 0.0,
      "Plan Rows": 4999
    }
  ],
  "Relation Name": "employee",
  "Parallel Aware": false,
  "Filter": "(SubPlan 1)",
  "Alias": "e",
  "Node Type": "Seq Scan",
  "Plan Width": 42,
  "Startup Cost": 0.0,
  "Plan Rows": 2501
}

------------------------------

Indicies Configuration #126:
Index btree on column ssn in table employee
Index btree on column dependent_name in table dependent
Index btree on column sex in table employee
Index hash on column sex in table dependent
Index hash on column fname in table employee

------------------------------

1. The Total Cost of the Plan = 666617.26
2. The Estimated Size of the Result Set = 2501
3. The Plan of the Query:
{
  "Total Cost": 666617.26,
  "Plans": [
    {
      "Parent Relationship": "SubPlan",
      "Total Cost": 253.98,
      "Relation Name": "dependent",
      "Parallel Aware": false,
      "Filter": "((e.fname \u003c\u003e dependent_name) AND (e.sex \u003c\u003e sex))",
      "Subplan Name": "SubPlan 1",
      "Alias": "d",
      "Node Type": "Seq Scan",
      "Plan Width": 4,
      "Startup Cost": 0.0,
      "Plan Rows": 4999
    }
  ],
  "Relation Name": "employee",
  "Parallel Aware": false,
  "Filter": "(SubPlan 1)",
  "Alias": "e",
  "Node Type": "Seq Scan",
  "Plan Width": 42,
  "Startup Cost": 0.0,
  "Plan Rows": 2501
}

------------------------------

Indicies Configuration #127:
Index btree on column ssn in table employee
Index btree on column dependent_name in table dependent
Index hash on column sex in table employee

------------------------------

1. The Total Cost of the Plan = 666617.26
2. The Estimated Size of the Result Set = 2501
3. The Plan of the Query:
{
  "Total Cost": 666617.26,
  "Plans": [
    {
      "Parent Relationship": "SubPlan",
      "Total Cost": 253.98,
      "Relation Name": "dependent",
      "Parallel Aware": false,
      "Filter": "((e.fname \u003c\u003e dependent_name) AND (e.sex \u003c\u003e sex))",
      "Subplan Name": "SubPlan 1",
      "Alias": "d",
      "Node Type": "Seq Scan",
      "Plan Width": 4,
      "Startup Cost": 0.0,
      "Plan Rows": 4999
    }
  ],
  "Relation Name": "employee",
  "Parallel Aware": false,
  "Filter": "(SubPlan 1)",
  "Alias": "e",
  "Node Type": "Seq Scan",
  "Plan Width": 42,
  "Startup Cost": 0.0,
  "Plan Rows": 2501
}

------------------------------

Indicies Configuration #128:
Index btree on column ssn in table employee
Index btree on column dependent_name in table dependent
Index hash on column sex in table employee
Index btree on column fname in table employee

------------------------------

1. The Total Cost of the Plan = 666617.26
2. The Estimated Size of the Result Set = 2501
3. The Plan of the Query:
{
  "Total Cost": 666617.26,
  "Plans": [
    {
      "Parent Relationship": "SubPlan",
      "Total Cost": 253.98,
      "Relation Name": "dependent",
      "Parallel Aware": false,
      "Filter": "((e.fname \u003c\u003e dependent_name) AND (e.sex \u003c\u003e sex))",
      "Subplan Name": "SubPlan 1",
      "Alias": "d",
      "Node Type": "Seq Scan",
      "Plan Width": 4,
      "Startup Cost": 0.0,
      "Plan Rows": 4999
    }
  ],
  "Relation Name": "employee",
  "Parallel Aware": false,
  "Filter": "(SubPlan 1)",
  "Alias": "e",
  "Node Type": "Seq Scan",
  "Plan Width": 42,
  "Startup Cost": 0.0,
  "Plan Rows": 2501
}

------------------------------

Indicies Configuration #129:
Index btree on column ssn in table employee
Index btree on column dependent_name in table dependent
Index hash on column sex in table employee
Index hash on column fname in table employee

------------------------------

1. The Total Cost of the Plan = 666617.26
2. The Estimated Size of the Result Set = 2501
3. The Plan of the Query:
{
  "Total Cost": 666617.26,
  "Plans": [
    {
      "Parent Relationship": "SubPlan",
      "Total Cost": 253.98,
      "Relation Name": "dependent",
      "Parallel Aware": false,
      "Filter": "((e.fname \u003c\u003e dependent_name) AND (e.sex \u003c\u003e sex))",
      "Subplan Name": "SubPlan 1",
      "Alias": "d",
      "Node Type": "Seq Scan",
      "Plan Width": 4,
      "Startup Cost": 0.0,
      "Plan Rows": 4999
    }
  ],
  "Relation Name": "employee",
  "Parallel Aware": false,
  "Filter": "(SubPlan 1)",
  "Alias": "e",
  "Node Type": "Seq Scan",
  "Plan Width": 42,
  "Startup Cost": 0.0,
  "Plan Rows": 2501
}

------------------------------

Indicies Configuration #130:
Index btree on column ssn in table employee
Index btree on column dependent_name in table dependent
Index hash on column sex in table employee
Index btree on column sex in table dependent

------------------------------

1. The Total Cost of the Plan = 666617.26
2. The Estimated Size of the Result Set = 2501
3. The Plan of the Query:
{
  "Total Cost": 666617.26,
  "Plans": [
    {
      "Parent Relationship": "SubPlan",
      "Total Cost": 253.98,
      "Relation Name": "dependent",
      "Parallel Aware": false,
      "Filter": "((e.fname \u003c\u003e dependent_name) AND (e.sex \u003c\u003e sex))",
      "Subplan Name": "SubPlan 1",
      "Alias": "d",
      "Node Type": "Seq Scan",
      "Plan Width": 4,
      "Startup Cost": 0.0,
      "Plan Rows": 4999
    }
  ],
  "Relation Name": "employee",
  "Parallel Aware": false,
  "Filter": "(SubPlan 1)",
  "Alias": "e",
  "Node Type": "Seq Scan",
  "Plan Width": 42,
  "Startup Cost": 0.0,
  "Plan Rows": 2501
}

------------------------------

Indicies Configuration #131:
Index btree on column ssn in table employee
Index btree on column dependent_name in table dependent
Index hash on column sex in table employee
Index btree on column sex in table dependent
Index btree on column fname in table employee

------------------------------

1. The Total Cost of the Plan = 666617.26
2. The Estimated Size of the Result Set = 2501
3. The Plan of the Query:
{
  "Total Cost": 666617.26,
  "Plans": [
    {
      "Parent Relationship": "SubPlan",
      "Total Cost": 253.98,
      "Relation Name": "dependent",
      "Parallel Aware": false,
      "Filter": "((e.fname \u003c\u003e dependent_name) AND (e.sex \u003c\u003e sex))",
      "Subplan Name": "SubPlan 1",
      "Alias": "d",
      "Node Type": "Seq Scan",
      "Plan Width": 4,
      "Startup Cost": 0.0,
      "Plan Rows": 4999
    }
  ],
  "Relation Name": "employee",
  "Parallel Aware": false,
  "Filter": "(SubPlan 1)",
  "Alias": "e",
  "Node Type": "Seq Scan",
  "Plan Width": 42,
  "Startup Cost": 0.0,
  "Plan Rows": 2501
}

------------------------------

Indicies Configuration #132:
Index btree on column ssn in table employee
Index btree on column dependent_name in table dependent
Index hash on column sex in table employee
Index btree on column sex in table dependent
Index hash on column fname in table employee

------------------------------

1. The Total Cost of the Plan = 666617.26
2. The Estimated Size of the Result Set = 2501
3. The Plan of the Query:
{
  "Total Cost": 666617.26,
  "Plans": [
    {
      "Parent Relationship": "SubPlan",
      "Total Cost": 253.98,
      "Relation Name": "dependent",
      "Parallel Aware": false,
      "Filter": "((e.fname \u003c\u003e dependent_name) AND (e.sex \u003c\u003e sex))",
      "Subplan Name": "SubPlan 1",
      "Alias": "d",
      "Node Type": "Seq Scan",
      "Plan Width": 4,
      "Startup Cost": 0.0,
      "Plan Rows": 4999
    }
  ],
  "Relation Name": "employee",
  "Parallel Aware": false,
  "Filter": "(SubPlan 1)",
  "Alias": "e",
  "Node Type": "Seq Scan",
  "Plan Width": 42,
  "Startup Cost": 0.0,
  "Plan Rows": 2501
}

------------------------------

Indicies Configuration #133:
Index btree on column ssn in table employee
Index btree on column dependent_name in table dependent
Index hash on column sex in table employee
Index hash on column sex in table dependent

------------------------------

1. The Total Cost of the Plan = 666617.26
2. The Estimated Size of the Result Set = 2501
3. The Plan of the Query:
{
  "Total Cost": 666617.26,
  "Plans": [
    {
      "Parent Relationship": "SubPlan",
      "Total Cost": 253.98,
      "Relation Name": "dependent",
      "Parallel Aware": false,
      "Filter": "((e.fname \u003c\u003e dependent_name) AND (e.sex \u003c\u003e sex))",
      "Subplan Name": "SubPlan 1",
      "Alias": "d",
      "Node Type": "Seq Scan",
      "Plan Width": 4,
      "Startup Cost": 0.0,
      "Plan Rows": 4999
    }
  ],
  "Relation Name": "employee",
  "Parallel Aware": false,
  "Filter": "(SubPlan 1)",
  "Alias": "e",
  "Node Type": "Seq Scan",
  "Plan Width": 42,
  "Startup Cost": 0.0,
  "Plan Rows": 2501
}

------------------------------

Indicies Configuration #134:
Index btree on column ssn in table employee
Index btree on column dependent_name in table dependent
Index hash on column sex in table employee
Index hash on column sex in table dependent
Index btree on column fname in table employee

------------------------------

1. The Total Cost of the Plan = 666617.26
2. The Estimated Size of the Result Set = 2501
3. The Plan of the Query:
{
  "Total Cost": 666617.26,
  "Plans": [
    {
      "Parent Relationship": "SubPlan",
      "Total Cost": 253.98,
      "Relation Name": "dependent",
      "Parallel Aware": false,
      "Filter": "((e.fname \u003c\u003e dependent_name) AND (e.sex \u003c\u003e sex))",
      "Subplan Name": "SubPlan 1",
      "Alias": "d",
      "Node Type": "Seq Scan",
      "Plan Width": 4,
      "Startup Cost": 0.0,
      "Plan Rows": 4999
    }
  ],
  "Relation Name": "employee",
  "Parallel Aware": false,
  "Filter": "(SubPlan 1)",
  "Alias": "e",
  "Node Type": "Seq Scan",
  "Plan Width": 42,
  "Startup Cost": 0.0,
  "Plan Rows": 2501
}

------------------------------

Indicies Configuration #135:
Index btree on column ssn in table employee
Index btree on column dependent_name in table dependent
Index hash on column sex in table employee
Index hash on column sex in table dependent
Index hash on column fname in table employee

------------------------------

1. The Total Cost of the Plan = 666617.26
2. The Estimated Size of the Result Set = 2501
3. The Plan of the Query:
{
  "Total Cost": 666617.26,
  "Plans": [
    {
      "Parent Relationship": "SubPlan",
      "Total Cost": 253.98,
      "Relation Name": "dependent",
      "Parallel Aware": false,
      "Filter": "((e.fname \u003c\u003e dependent_name) AND (e.sex \u003c\u003e sex))",
      "Subplan Name": "SubPlan 1",
      "Alias": "d",
      "Node Type": "Seq Scan",
      "Plan Width": 4,
      "Startup Cost": 0.0,
      "Plan Rows": 4999
    }
  ],
  "Relation Name": "employee",
  "Parallel Aware": false,
  "Filter": "(SubPlan 1)",
  "Alias": "e",
  "Node Type": "Seq Scan",
  "Plan Width": 42,
  "Startup Cost": 0.0,
  "Plan Rows": 2501
}

------------------------------

Indicies Configuration #136:
Index btree on column ssn in table employee
Index hash on column dependent_name in table dependent

------------------------------

1. The Total Cost of the Plan = 666617.26
2. The Estimated Size of the Result Set = 2501
3. The Plan of the Query:
{
  "Total Cost": 666617.26,
  "Plans": [
    {
      "Parent Relationship": "SubPlan",
      "Total Cost": 253.98,
      "Relation Name": "dependent",
      "Parallel Aware": false,
      "Filter": "((e.fname \u003c\u003e dependent_name) AND (e.sex \u003c\u003e sex))",
      "Subplan Name": "SubPlan 1",
      "Alias": "d",
      "Node Type": "Seq Scan",
      "Plan Width": 4,
      "Startup Cost": 0.0,
      "Plan Rows": 4999
    }
  ],
  "Relation Name": "employee",
  "Parallel Aware": false,
  "Filter": "(SubPlan 1)",
  "Alias": "e",
  "Node Type": "Seq Scan",
  "Plan Width": 42,
  "Startup Cost": 0.0,
  "Plan Rows": 2501
}

------------------------------

Indicies Configuration #137:
Index btree on column ssn in table employee
Index hash on column dependent_name in table dependent
Index btree on column fname in table employee

------------------------------

1. The Total Cost of the Plan = 666617.26
2. The Estimated Size of the Result Set = 2501
3. The Plan of the Query:
{
  "Total Cost": 666617.26,
  "Plans": [
    {
      "Parent Relationship": "SubPlan",
      "Total Cost": 253.98,
      "Relation Name": "dependent",
      "Parallel Aware": false,
      "Filter": "((e.fname \u003c\u003e dependent_name) AND (e.sex \u003c\u003e sex))",
      "Subplan Name": "SubPlan 1",
      "Alias": "d",
      "Node Type": "Seq Scan",
      "Plan Width": 4,
      "Startup Cost": 0.0,
      "Plan Rows": 4999
    }
  ],
  "Relation Name": "employee",
  "Parallel Aware": false,
  "Filter": "(SubPlan 1)",
  "Alias": "e",
  "Node Type": "Seq Scan",
  "Plan Width": 42,
  "Startup Cost": 0.0,
  "Plan Rows": 2501
}

------------------------------

Indicies Configuration #138:
Index btree on column ssn in table employee
Index hash on column dependent_name in table dependent
Index hash on column fname in table employee

------------------------------

1. The Total Cost of the Plan = 666617.26
2. The Estimated Size of the Result Set = 2501
3. The Plan of the Query:
{
  "Total Cost": 666617.26,
  "Plans": [
    {
      "Parent Relationship": "SubPlan",
      "Total Cost": 253.98,
      "Relation Name": "dependent",
      "Parallel Aware": false,
      "Filter": "((e.fname \u003c\u003e dependent_name) AND (e.sex \u003c\u003e sex))",
      "Subplan Name": "SubPlan 1",
      "Alias": "d",
      "Node Type": "Seq Scan",
      "Plan Width": 4,
      "Startup Cost": 0.0,
      "Plan Rows": 4999
    }
  ],
  "Relation Name": "employee",
  "Parallel Aware": false,
  "Filter": "(SubPlan 1)",
  "Alias": "e",
  "Node Type": "Seq Scan",
  "Plan Width": 42,
  "Startup Cost": 0.0,
  "Plan Rows": 2501
}

------------------------------

Indicies Configuration #139:
Index btree on column ssn in table employee
Index hash on column dependent_name in table dependent
Index btree on column sex in table dependent

------------------------------

1. The Total Cost of the Plan = 666617.26
2. The Estimated Size of the Result Set = 2501
3. The Plan of the Query:
{
  "Total Cost": 666617.26,
  "Plans": [
    {
      "Parent Relationship": "SubPlan",
      "Total Cost": 253.98,
      "Relation Name": "dependent",
      "Parallel Aware": false,
      "Filter": "((e.fname \u003c\u003e dependent_name) AND (e.sex \u003c\u003e sex))",
      "Subplan Name": "SubPlan 1",
      "Alias": "d",
      "Node Type": "Seq Scan",
      "Plan Width": 4,
      "Startup Cost": 0.0,
      "Plan Rows": 4999
    }
  ],
  "Relation Name": "employee",
  "Parallel Aware": false,
  "Filter": "(SubPlan 1)",
  "Alias": "e",
  "Node Type": "Seq Scan",
  "Plan Width": 42,
  "Startup Cost": 0.0,
  "Plan Rows": 2501
}

------------------------------

Indicies Configuration #140:
Index btree on column ssn in table employee
Index hash on column dependent_name in table dependent
Index btree on column sex in table dependent
Index btree on column fname in table employee

------------------------------

1. The Total Cost of the Plan = 666617.26
2. The Estimated Size of the Result Set = 2501
3. The Plan of the Query:
{
  "Total Cost": 666617.26,
  "Plans": [
    {
      "Parent Relationship": "SubPlan",
      "Total Cost": 253.98,
      "Relation Name": "dependent",
      "Parallel Aware": false,
      "Filter": "((e.fname \u003c\u003e dependent_name) AND (e.sex \u003c\u003e sex))",
      "Subplan Name": "SubPlan 1",
      "Alias": "d",
      "Node Type": "Seq Scan",
      "Plan Width": 4,
      "Startup Cost": 0.0,
      "Plan Rows": 4999
    }
  ],
  "Relation Name": "employee",
  "Parallel Aware": false,
  "Filter": "(SubPlan 1)",
  "Alias": "e",
  "Node Type": "Seq Scan",
  "Plan Width": 42,
  "Startup Cost": 0.0,
  "Plan Rows": 2501
}

------------------------------

Indicies Configuration #141:
Index btree on column ssn in table employee
Index hash on column dependent_name in table dependent
Index btree on column sex in table dependent
Index hash on column fname in table employee

------------------------------

1. The Total Cost of the Plan = 666617.26
2. The Estimated Size of the Result Set = 2501
3. The Plan of the Query:
{
  "Total Cost": 666617.26,
  "Plans": [
    {
      "Parent Relationship": "SubPlan",
      "Total Cost": 253.98,
      "Relation Name": "dependent",
      "Parallel Aware": false,
      "Filter": "((e.fname \u003c\u003e dependent_name) AND (e.sex \u003c\u003e sex))",
      "Subplan Name": "SubPlan 1",
      "Alias": "d",
      "Node Type": "Seq Scan",
      "Plan Width": 4,
      "Startup Cost": 0.0,
      "Plan Rows": 4999
    }
  ],
  "Relation Name": "employee",
  "Parallel Aware": false,
  "Filter": "(SubPlan 1)",
  "Alias": "e",
  "Node Type": "Seq Scan",
  "Plan Width": 42,
  "Startup Cost": 0.0,
  "Plan Rows": 2501
}

------------------------------

Indicies Configuration #142:
Index btree on column ssn in table employee
Index hash on column dependent_name in table dependent
Index hash on column sex in table dependent

------------------------------

1. The Total Cost of the Plan = 666617.26
2. The Estimated Size of the Result Set = 2501
3. The Plan of the Query:
{
  "Total Cost": 666617.26,
  "Plans": [
    {
      "Parent Relationship": "SubPlan",
      "Total Cost": 253.98,
      "Relation Name": "dependent",
      "Parallel Aware": false,
      "Filter": "((e.fname \u003c\u003e dependent_name) AND (e.sex \u003c\u003e sex))",
      "Subplan Name": "SubPlan 1",
      "Alias": "d",
      "Node Type": "Seq Scan",
      "Plan Width": 4,
      "Startup Cost": 0.0,
      "Plan Rows": 4999
    }
  ],
  "Relation Name": "employee",
  "Parallel Aware": false,
  "Filter": "(SubPlan 1)",
  "Alias": "e",
  "Node Type": "Seq Scan",
  "Plan Width": 42,
  "Startup Cost": 0.0,
  "Plan Rows": 2501
}

------------------------------

Indicies Configuration #143:
Index btree on column ssn in table employee
Index hash on column dependent_name in table dependent
Index hash on column sex in table dependent
Index btree on column fname in table employee

------------------------------

1. The Total Cost of the Plan = 666617.26
2. The Estimated Size of the Result Set = 2501
3. The Plan of the Query:
{
  "Total Cost": 666617.26,
  "Plans": [
    {
      "Parent Relationship": "SubPlan",
      "Total Cost": 253.98,
      "Relation Name": "dependent",
      "Parallel Aware": false,
      "Filter": "((e.fname \u003c\u003e dependent_name) AND (e.sex \u003c\u003e sex))",
      "Subplan Name": "SubPlan 1",
      "Alias": "d",
      "Node Type": "Seq Scan",
      "Plan Width": 4,
      "Startup Cost": 0.0,
      "Plan Rows": 4999
    }
  ],
  "Relation Name": "employee",
  "Parallel Aware": false,
  "Filter": "(SubPlan 1)",
  "Alias": "e",
  "Node Type": "Seq Scan",
  "Plan Width": 42,
  "Startup Cost": 0.0,
  "Plan Rows": 2501
}

------------------------------

Indicies Configuration #144:
Index btree on column ssn in table employee
Index hash on column dependent_name in table dependent
Index hash on column sex in table dependent
Index hash on column fname in table employee

------------------------------

1. The Total Cost of the Plan = 666617.26
2. The Estimated Size of the Result Set = 2501
3. The Plan of the Query:
{
  "Total Cost": 666617.26,
  "Plans": [
    {
      "Parent Relationship": "SubPlan",
      "Total Cost": 253.98,
      "Relation Name": "dependent",
      "Parallel Aware": false,
      "Filter": "((e.fname \u003c\u003e dependent_name) AND (e.sex \u003c\u003e sex))",
      "Subplan Name": "SubPlan 1",
      "Alias": "d",
      "Node Type": "Seq Scan",
      "Plan Width": 4,
      "Startup Cost": 0.0,
      "Plan Rows": 4999
    }
  ],
  "Relation Name": "employee",
  "Parallel Aware": false,
  "Filter": "(SubPlan 1)",
  "Alias": "e",
  "Node Type": "Seq Scan",
  "Plan Width": 42,
  "Startup Cost": 0.0,
  "Plan Rows": 2501
}

------------------------------

Indicies Configuration #145:
Index btree on column ssn in table employee
Index hash on column dependent_name in table dependent
Index btree on column sex in table employee

------------------------------

1. The Total Cost of the Plan = 666617.26
2. The Estimated Size of the Result Set = 2501
3. The Plan of the Query:
{
  "Total Cost": 666617.26,
  "Plans": [
    {
      "Parent Relationship": "SubPlan",
      "Total Cost": 253.98,
      "Relation Name": "dependent",
      "Parallel Aware": false,
      "Filter": "((e.fname \u003c\u003e dependent_name) AND (e.sex \u003c\u003e sex))",
      "Subplan Name": "SubPlan 1",
      "Alias": "d",
      "Node Type": "Seq Scan",
      "Plan Width": 4,
      "Startup Cost": 0.0,
      "Plan Rows": 4999
    }
  ],
  "Relation Name": "employee",
  "Parallel Aware": false,
  "Filter": "(SubPlan 1)",
  "Alias": "e",
  "Node Type": "Seq Scan",
  "Plan Width": 42,
  "Startup Cost": 0.0,
  "Plan Rows": 2501
}

------------------------------

Indicies Configuration #146:
Index btree on column ssn in table employee
Index hash on column dependent_name in table dependent
Index btree on column sex in table employee
Index btree on column fname in table employee

------------------------------

1. The Total Cost of the Plan = 666617.26
2. The Estimated Size of the Result Set = 2501
3. The Plan of the Query:
{
  "Total Cost": 666617.26,
  "Plans": [
    {
      "Parent Relationship": "SubPlan",
      "Total Cost": 253.98,
      "Relation Name": "dependent",
      "Parallel Aware": false,
      "Filter": "((e.fname \u003c\u003e dependent_name) AND (e.sex \u003c\u003e sex))",
      "Subplan Name": "SubPlan 1",
      "Alias": "d",
      "Node Type": "Seq Scan",
      "Plan Width": 4,
      "Startup Cost": 0.0,
      "Plan Rows": 4999
    }
  ],
  "Relation Name": "employee",
  "Parallel Aware": false,
  "Filter": "(SubPlan 1)",
  "Alias": "e",
  "Node Type": "Seq Scan",
  "Plan Width": 42,
  "Startup Cost": 0.0,
  "Plan Rows": 2501
}

------------------------------

Indicies Configuration #147:
Index btree on column ssn in table employee
Index hash on column dependent_name in table dependent
Index btree on column sex in table employee
Index hash on column fname in table employee

------------------------------

1. The Total Cost of the Plan = 666617.26
2. The Estimated Size of the Result Set = 2501
3. The Plan of the Query:
{
  "Total Cost": 666617.26,
  "Plans": [
    {
      "Parent Relationship": "SubPlan",
      "Total Cost": 253.98,
      "Relation Name": "dependent",
      "Parallel Aware": false,
      "Filter": "((e.fname \u003c\u003e dependent_name) AND (e.sex \u003c\u003e sex))",
      "Subplan Name": "SubPlan 1",
      "Alias": "d",
      "Node Type": "Seq Scan",
      "Plan Width": 4,
      "Startup Cost": 0.0,
      "Plan Rows": 4999
    }
  ],
  "Relation Name": "employee",
  "Parallel Aware": false,
  "Filter": "(SubPlan 1)",
  "Alias": "e",
  "Node Type": "Seq Scan",
  "Plan Width": 42,
  "Startup Cost": 0.0,
  "Plan Rows": 2501
}

------------------------------

Indicies Configuration #148:
Index btree on column ssn in table employee
Index hash on column dependent_name in table dependent
Index btree on column sex in table employee
Index btree on column sex in table dependent

------------------------------

1. The Total Cost of the Plan = 666617.26
2. The Estimated Size of the Result Set = 2501
3. The Plan of the Query:
{
  "Total Cost": 666617.26,
  "Plans": [
    {
      "Parent Relationship": "SubPlan",
      "Total Cost": 253.98,
      "Relation Name": "dependent",
      "Parallel Aware": false,
      "Filter": "((e.fname \u003c\u003e dependent_name) AND (e.sex \u003c\u003e sex))",
      "Subplan Name": "SubPlan 1",
      "Alias": "d",
      "Node Type": "Seq Scan",
      "Plan Width": 4,
      "Startup Cost": 0.0,
      "Plan Rows": 4999
    }
  ],
  "Relation Name": "employee",
  "Parallel Aware": false,
  "Filter": "(SubPlan 1)",
  "Alias": "e",
  "Node Type": "Seq Scan",
  "Plan Width": 42,
  "Startup Cost": 0.0,
  "Plan Rows": 2501
}

------------------------------

Indicies Configuration #149:
Index btree on column ssn in table employee
Index hash on column dependent_name in table dependent
Index btree on column sex in table employee
Index btree on column sex in table dependent
Index btree on column fname in table employee

------------------------------

1. The Total Cost of the Plan = 666617.26
2. The Estimated Size of the Result Set = 2501
3. The Plan of the Query:
{
  "Total Cost": 666617.26,
  "Plans": [
    {
      "Parent Relationship": "SubPlan",
      "Total Cost": 253.98,
      "Relation Name": "dependent",
      "Parallel Aware": false,
      "Filter": "((e.fname \u003c\u003e dependent_name) AND (e.sex \u003c\u003e sex))",
      "Subplan Name": "SubPlan 1",
      "Alias": "d",
      "Node Type": "Seq Scan",
      "Plan Width": 4,
      "Startup Cost": 0.0,
      "Plan Rows": 4999
    }
  ],
  "Relation Name": "employee",
  "Parallel Aware": false,
  "Filter": "(SubPlan 1)",
  "Alias": "e",
  "Node Type": "Seq Scan",
  "Plan Width": 42,
  "Startup Cost": 0.0,
  "Plan Rows": 2501
}

------------------------------

Indicies Configuration #150:
Index btree on column ssn in table employee
Index hash on column dependent_name in table dependent
Index btree on column sex in table employee
Index btree on column sex in table dependent
Index hash on column fname in table employee

------------------------------

1. The Total Cost of the Plan = 666617.26
2. The Estimated Size of the Result Set = 2501
3. The Plan of the Query:
{
  "Total Cost": 666617.26,
  "Plans": [
    {
      "Parent Relationship": "SubPlan",
      "Total Cost": 253.98,
      "Relation Name": "dependent",
      "Parallel Aware": false,
      "Filter": "((e.fname \u003c\u003e dependent_name) AND (e.sex \u003c\u003e sex))",
      "Subplan Name": "SubPlan 1",
      "Alias": "d",
      "Node Type": "Seq Scan",
      "Plan Width": 4,
      "Startup Cost": 0.0,
      "Plan Rows": 4999
    }
  ],
  "Relation Name": "employee",
  "Parallel Aware": false,
  "Filter": "(SubPlan 1)",
  "Alias": "e",
  "Node Type": "Seq Scan",
  "Plan Width": 42,
  "Startup Cost": 0.0,
  "Plan Rows": 2501
}

------------------------------

Indicies Configuration #151:
Index btree on column ssn in table employee
Index hash on column dependent_name in table dependent
Index btree on column sex in table employee
Index hash on column sex in table dependent

------------------------------

1. The Total Cost of the Plan = 666617.26
2. The Estimated Size of the Result Set = 2501
3. The Plan of the Query:
{
  "Total Cost": 666617.26,
  "Plans": [
    {
      "Parent Relationship": "SubPlan",
      "Total Cost": 253.98,
      "Relation Name": "dependent",
      "Parallel Aware": false,
      "Filter": "((e.fname \u003c\u003e dependent_name) AND (e.sex \u003c\u003e sex))",
      "Subplan Name": "SubPlan 1",
      "Alias": "d",
      "Node Type": "Seq Scan",
      "Plan Width": 4,
      "Startup Cost": 0.0,
      "Plan Rows": 4999
    }
  ],
  "Relation Name": "employee",
  "Parallel Aware": false,
  "Filter": "(SubPlan 1)",
  "Alias": "e",
  "Node Type": "Seq Scan",
  "Plan Width": 42,
  "Startup Cost": 0.0,
  "Plan Rows": 2501
}

------------------------------

Indicies Configuration #152:
Index btree on column ssn in table employee
Index hash on column dependent_name in table dependent
Index btree on column sex in table employee
Index hash on column sex in table dependent
Index btree on column fname in table employee

------------------------------

1. The Total Cost of the Plan = 666617.26
2. The Estimated Size of the Result Set = 2501
3. The Plan of the Query:
{
  "Total Cost": 666617.26,
  "Plans": [
    {
      "Parent Relationship": "SubPlan",
      "Total Cost": 253.98,
      "Relation Name": "dependent",
      "Parallel Aware": false,
      "Filter": "((e.fname \u003c\u003e dependent_name) AND (e.sex \u003c\u003e sex))",
      "Subplan Name": "SubPlan 1",
      "Alias": "d",
      "Node Type": "Seq Scan",
      "Plan Width": 4,
      "Startup Cost": 0.0,
      "Plan Rows": 4999
    }
  ],
  "Relation Name": "employee",
  "Parallel Aware": false,
  "Filter": "(SubPlan 1)",
  "Alias": "e",
  "Node Type": "Seq Scan",
  "Plan Width": 42,
  "Startup Cost": 0.0,
  "Plan Rows": 2501
}

------------------------------

Indicies Configuration #153:
Index btree on column ssn in table employee
Index hash on column dependent_name in table dependent
Index btree on column sex in table employee
Index hash on column sex in table dependent
Index hash on column fname in table employee

------------------------------

1. The Total Cost of the Plan = 666617.26
2. The Estimated Size of the Result Set = 2501
3. The Plan of the Query:
{
  "Total Cost": 666617.26,
  "Plans": [
    {
      "Parent Relationship": "SubPlan",
      "Total Cost": 253.98,
      "Relation Name": "dependent",
      "Parallel Aware": false,
      "Filter": "((e.fname \u003c\u003e dependent_name) AND (e.sex \u003c\u003e sex))",
      "Subplan Name": "SubPlan 1",
      "Alias": "d",
      "Node Type": "Seq Scan",
      "Plan Width": 4,
      "Startup Cost": 0.0,
      "Plan Rows": 4999
    }
  ],
  "Relation Name": "employee",
  "Parallel Aware": false,
  "Filter": "(SubPlan 1)",
  "Alias": "e",
  "Node Type": "Seq Scan",
  "Plan Width": 42,
  "Startup Cost": 0.0,
  "Plan Rows": 2501
}

------------------------------

Indicies Configuration #154:
Index btree on column ssn in table employee
Index hash on column dependent_name in table dependent
Index hash on column sex in table employee

------------------------------

1. The Total Cost of the Plan = 666617.26
2. The Estimated Size of the Result Set = 2501
3. The Plan of the Query:
{
  "Total Cost": 666617.26,
  "Plans": [
    {
      "Parent Relationship": "SubPlan",
      "Total Cost": 253.98,
      "Relation Name": "dependent",
      "Parallel Aware": false,
      "Filter": "((e.fname \u003c\u003e dependent_name) AND (e.sex \u003c\u003e sex))",
      "Subplan Name": "SubPlan 1",
      "Alias": "d",
      "Node Type": "Seq Scan",
      "Plan Width": 4,
      "Startup Cost": 0.0,
      "Plan Rows": 4999
    }
  ],
  "Relation Name": "employee",
  "Parallel Aware": false,
  "Filter": "(SubPlan 1)",
  "Alias": "e",
  "Node Type": "Seq Scan",
  "Plan Width": 42,
  "Startup Cost": 0.0,
  "Plan Rows": 2501
}

------------------------------

Indicies Configuration #155:
Index btree on column ssn in table employee
Index hash on column dependent_name in table dependent
Index hash on column sex in table employee
Index btree on column fname in table employee

------------------------------

1. The Total Cost of the Plan = 666617.26
2. The Estimated Size of the Result Set = 2501
3. The Plan of the Query:
{
  "Total Cost": 666617.26,
  "Plans": [
    {
      "Parent Relationship": "SubPlan",
      "Total Cost": 253.98,
      "Relation Name": "dependent",
      "Parallel Aware": false,
      "Filter": "((e.fname \u003c\u003e dependent_name) AND (e.sex \u003c\u003e sex))",
      "Subplan Name": "SubPlan 1",
      "Alias": "d",
      "Node Type": "Seq Scan",
      "Plan Width": 4,
      "Startup Cost": 0.0,
      "Plan Rows": 4999
    }
  ],
  "Relation Name": "employee",
  "Parallel Aware": false,
  "Filter": "(SubPlan 1)",
  "Alias": "e",
  "Node Type": "Seq Scan",
  "Plan Width": 42,
  "Startup Cost": 0.0,
  "Plan Rows": 2501
}

------------------------------

Indicies Configuration #156:
Index btree on column ssn in table employee
Index hash on column dependent_name in table dependent
Index hash on column sex in table employee
Index hash on column fname in table employee

------------------------------

1. The Total Cost of the Plan = 666617.26
2. The Estimated Size of the Result Set = 2501
3. The Plan of the Query:
{
  "Total Cost": 666617.26,
  "Plans": [
    {
      "Parent Relationship": "SubPlan",
      "Total Cost": 253.98,
      "Relation Name": "dependent",
      "Parallel Aware": false,
      "Filter": "((e.fname \u003c\u003e dependent_name) AND (e.sex \u003c\u003e sex))",
      "Subplan Name": "SubPlan 1",
      "Alias": "d",
      "Node Type": "Seq Scan",
      "Plan Width": 4,
      "Startup Cost": 0.0,
      "Plan Rows": 4999
    }
  ],
  "Relation Name": "employee",
  "Parallel Aware": false,
  "Filter": "(SubPlan 1)",
  "Alias": "e",
  "Node Type": "Seq Scan",
  "Plan Width": 42,
  "Startup Cost": 0.0,
  "Plan Rows": 2501
}

------------------------------

Indicies Configuration #157:
Index btree on column ssn in table employee
Index hash on column dependent_name in table dependent
Index hash on column sex in table employee
Index btree on column sex in table dependent

------------------------------

1. The Total Cost of the Plan = 666617.26
2. The Estimated Size of the Result Set = 2501
3. The Plan of the Query:
{
  "Total Cost": 666617.26,
  "Plans": [
    {
      "Parent Relationship": "SubPlan",
      "Total Cost": 253.98,
      "Relation Name": "dependent",
      "Parallel Aware": false,
      "Filter": "((e.fname \u003c\u003e dependent_name) AND (e.sex \u003c\u003e sex))",
      "Subplan Name": "SubPlan 1",
      "Alias": "d",
      "Node Type": "Seq Scan",
      "Plan Width": 4,
      "Startup Cost": 0.0,
      "Plan Rows": 4999
    }
  ],
  "Relation Name": "employee",
  "Parallel Aware": false,
  "Filter": "(SubPlan 1)",
  "Alias": "e",
  "Node Type": "Seq Scan",
  "Plan Width": 42,
  "Startup Cost": 0.0,
  "Plan Rows": 2501
}

------------------------------

Indicies Configuration #158:
Index btree on column ssn in table employee
Index hash on column dependent_name in table dependent
Index hash on column sex in table employee
Index btree on column sex in table dependent
Index btree on column fname in table employee

------------------------------

1. The Total Cost of the Plan = 666617.26
2. The Estimated Size of the Result Set = 2501
3. The Plan of the Query:
{
  "Total Cost": 666617.26,
  "Plans": [
    {
      "Parent Relationship": "SubPlan",
      "Total Cost": 253.98,
      "Relation Name": "dependent",
      "Parallel Aware": false,
      "Filter": "((e.fname \u003c\u003e dependent_name) AND (e.sex \u003c\u003e sex))",
      "Subplan Name": "SubPlan 1",
      "Alias": "d",
      "Node Type": "Seq Scan",
      "Plan Width": 4,
      "Startup Cost": 0.0,
      "Plan Rows": 4999
    }
  ],
  "Relation Name": "employee",
  "Parallel Aware": false,
  "Filter": "(SubPlan 1)",
  "Alias": "e",
  "Node Type": "Seq Scan",
  "Plan Width": 42,
  "Startup Cost": 0.0,
  "Plan Rows": 2501
}

------------------------------

Indicies Configuration #159:
Index btree on column ssn in table employee
Index hash on column dependent_name in table dependent
Index hash on column sex in table employee
Index btree on column sex in table dependent
Index hash on column fname in table employee

------------------------------

1. The Total Cost of the Plan = 666617.26
2. The Estimated Size of the Result Set = 2501
3. The Plan of the Query:
{
  "Total Cost": 666617.26,
  "Plans": [
    {
      "Parent Relationship": "SubPlan",
      "Total Cost": 253.98,
      "Relation Name": "dependent",
      "Parallel Aware": false,
      "Filter": "((e.fname \u003c\u003e dependent_name) AND (e.sex \u003c\u003e sex))",
      "Subplan Name": "SubPlan 1",
      "Alias": "d",
      "Node Type": "Seq Scan",
      "Plan Width": 4,
      "Startup Cost": 0.0,
      "Plan Rows": 4999
    }
  ],
  "Relation Name": "employee",
  "Parallel Aware": false,
  "Filter": "(SubPlan 1)",
  "Alias": "e",
  "Node Type": "Seq Scan",
  "Plan Width": 42,
  "Startup Cost": 0.0,
  "Plan Rows": 2501
}

------------------------------

Indicies Configuration #160:
Index btree on column ssn in table employee
Index hash on column dependent_name in table dependent
Index hash on column sex in table employee
Index hash on column sex in table dependent

------------------------------

1. The Total Cost of the Plan = 666617.26
2. The Estimated Size of the Result Set = 2501
3. The Plan of the Query:
{
  "Total Cost": 666617.26,
  "Plans": [
    {
      "Parent Relationship": "SubPlan",
      "Total Cost": 253.98,
      "Relation Name": "dependent",
      "Parallel Aware": false,
      "Filter": "((e.fname \u003c\u003e dependent_name) AND (e.sex \u003c\u003e sex))",
      "Subplan Name": "SubPlan 1",
      "Alias": "d",
      "Node Type": "Seq Scan",
      "Plan Width": 4,
      "Startup Cost": 0.0,
      "Plan Rows": 4999
    }
  ],
  "Relation Name": "employee",
  "Parallel Aware": false,
  "Filter": "(SubPlan 1)",
  "Alias": "e",
  "Node Type": "Seq Scan",
  "Plan Width": 42,
  "Startup Cost": 0.0,
  "Plan Rows": 2501
}

------------------------------

Indicies Configuration #161:
Index btree on column ssn in table employee
Index hash on column dependent_name in table dependent
Index hash on column sex in table employee
Index hash on column sex in table dependent
Index btree on column fname in table employee

------------------------------

1. The Total Cost of the Plan = 666617.26
2. The Estimated Size of the Result Set = 2501
3. The Plan of the Query:
{
  "Total Cost": 666617.26,
  "Plans": [
    {
      "Parent Relationship": "SubPlan",
      "Total Cost": 253.98,
      "Relation Name": "dependent",
      "Parallel Aware": false,
      "Filter": "((e.fname \u003c\u003e dependent_name) AND (e.sex \u003c\u003e sex))",
      "Subplan Name": "SubPlan 1",
      "Alias": "d",
      "Node Type": "Seq Scan",
      "Plan Width": 4,
      "Startup Cost": 0.0,
      "Plan Rows": 4999
    }
  ],
  "Relation Name": "employee",
  "Parallel Aware": false,
  "Filter": "(SubPlan 1)",
  "Alias": "e",
  "Node Type": "Seq Scan",
  "Plan Width": 42,
  "Startup Cost": 0.0,
  "Plan Rows": 2501
}

------------------------------

Indicies Configuration #162:
Index btree on column ssn in table employee
Index hash on column dependent_name in table dependent
Index hash on column sex in table employee
Index hash on column sex in table dependent
Index hash on column fname in table employee

------------------------------

1. The Total Cost of the Plan = 666617.26
2. The Estimated Size of the Result Set = 2501
3. The Plan of the Query:
{
  "Total Cost": 666617.26,
  "Plans": [
    {
      "Parent Relationship": "SubPlan",
      "Total Cost": 253.98,
      "Relation Name": "dependent",
      "Parallel Aware": false,
      "Filter": "((e.fname \u003c\u003e dependent_name) AND (e.sex \u003c\u003e sex))",
      "Subplan Name": "SubPlan 1",
      "Alias": "d",
      "Node Type": "Seq Scan",
      "Plan Width": 4,
      "Startup Cost": 0.0,
      "Plan Rows": 4999
    }
  ],
  "Relation Name": "employee",
  "Parallel Aware": false,
  "Filter": "(SubPlan 1)",
  "Alias": "e",
  "Node Type": "Seq Scan",
  "Plan Width": 42,
  "Startup Cost": 0.0,
  "Plan Rows": 2501
}

------------------------------

Indicies Configuration #163:
Index hash on column ssn in table employee

------------------------------

1. The Total Cost of the Plan = 666617.26
2. The Estimated Size of the Result Set = 2501
3. The Plan of the Query:
{
  "Total Cost": 666617.26,
  "Plans": [
    {
      "Parent Relationship": "SubPlan",
      "Total Cost": 253.98,
      "Relation Name": "dependent",
      "Parallel Aware": false,
      "Filter": "((e.fname \u003c\u003e dependent_name) AND (e.sex \u003c\u003e sex))",
      "Subplan Name": "SubPlan 1",
      "Alias": "d",
      "Node Type": "Seq Scan",
      "Plan Width": 4,
      "Startup Cost": 0.0,
      "Plan Rows": 4999
    }
  ],
  "Relation Name": "employee",
  "Parallel Aware": false,
  "Filter": "(SubPlan 1)",
  "Alias": "e",
  "Node Type": "Seq Scan",
  "Plan Width": 42,
  "Startup Cost": 0.0,
  "Plan Rows": 2501
}

------------------------------

Indicies Configuration #164:
Index hash on column ssn in table employee
Index btree on column fname in table employee

------------------------------

1. The Total Cost of the Plan = 666617.26
2. The Estimated Size of the Result Set = 2501
3. The Plan of the Query:
{
  "Total Cost": 666617.26,
  "Plans": [
    {
      "Parent Relationship": "SubPlan",
      "Total Cost": 253.98,
      "Relation Name": "dependent",
      "Parallel Aware": false,
      "Filter": "((e.fname \u003c\u003e dependent_name) AND (e.sex \u003c\u003e sex))",
      "Subplan Name": "SubPlan 1",
      "Alias": "d",
      "Node Type": "Seq Scan",
      "Plan Width": 4,
      "Startup Cost": 0.0,
      "Plan Rows": 4999
    }
  ],
  "Relation Name": "employee",
  "Parallel Aware": false,
  "Filter": "(SubPlan 1)",
  "Alias": "e",
  "Node Type": "Seq Scan",
  "Plan Width": 42,
  "Startup Cost": 0.0,
  "Plan Rows": 2501
}

------------------------------

Indicies Configuration #165:
Index hash on column ssn in table employee
Index hash on column fname in table employee

------------------------------

1. The Total Cost of the Plan = 666617.26
2. The Estimated Size of the Result Set = 2501
3. The Plan of the Query:
{
  "Total Cost": 666617.26,
  "Plans": [
    {
      "Parent Relationship": "SubPlan",
      "Total Cost": 253.98,
      "Relation Name": "dependent",
      "Parallel Aware": false,
      "Filter": "((e.fname \u003c\u003e dependent_name) AND (e.sex \u003c\u003e sex))",
      "Subplan Name": "SubPlan 1",
      "Alias": "d",
      "Node Type": "Seq Scan",
      "Plan Width": 4,
      "Startup Cost": 0.0,
      "Plan Rows": 4999
    }
  ],
  "Relation Name": "employee",
  "Parallel Aware": false,
  "Filter": "(SubPlan 1)",
  "Alias": "e",
  "Node Type": "Seq Scan",
  "Plan Width": 42,
  "Startup Cost": 0.0,
  "Plan Rows": 2501
}

------------------------------

Indicies Configuration #166:
Index hash on column ssn in table employee
Index btree on column sex in table dependent

------------------------------

1. The Total Cost of the Plan = 666617.26
2. The Estimated Size of the Result Set = 2501
3. The Plan of the Query:
{
  "Total Cost": 666617.26,
  "Plans": [
    {
      "Parent Relationship": "SubPlan",
      "Total Cost": 253.98,
      "Relation Name": "dependent",
      "Parallel Aware": false,
      "Filter": "((e.fname \u003c\u003e dependent_name) AND (e.sex \u003c\u003e sex))",
      "Subplan Name": "SubPlan 1",
      "Alias": "d",
      "Node Type": "Seq Scan",
      "Plan Width": 4,
      "Startup Cost": 0.0,
      "Plan Rows": 4999
    }
  ],
  "Relation Name": "employee",
  "Parallel Aware": false,
  "Filter": "(SubPlan 1)",
  "Alias": "e",
  "Node Type": "Seq Scan",
  "Plan Width": 42,
  "Startup Cost": 0.0,
  "Plan Rows": 2501
}

------------------------------

Indicies Configuration #167:
Index hash on column ssn in table employee
Index btree on column sex in table dependent
Index btree on column fname in table employee

------------------------------

1. The Total Cost of the Plan = 666617.26
2. The Estimated Size of the Result Set = 2501
3. The Plan of the Query:
{
  "Total Cost": 666617.26,
  "Plans": [
    {
      "Parent Relationship": "SubPlan",
      "Total Cost": 253.98,
      "Relation Name": "dependent",
      "Parallel Aware": false,
      "Filter": "((e.fname \u003c\u003e dependent_name) AND (e.sex \u003c\u003e sex))",
      "Subplan Name": "SubPlan 1",
      "Alias": "d",
      "Node Type": "Seq Scan",
      "Plan Width": 4,
      "Startup Cost": 0.0,
      "Plan Rows": 4999
    }
  ],
  "Relation Name": "employee",
  "Parallel Aware": false,
  "Filter": "(SubPlan 1)",
  "Alias": "e",
  "Node Type": "Seq Scan",
  "Plan Width": 42,
  "Startup Cost": 0.0,
  "Plan Rows": 2501
}

------------------------------

Indicies Configuration #168:
Index hash on column ssn in table employee
Index btree on column sex in table dependent
Index hash on column fname in table employee

------------------------------

1. The Total Cost of the Plan = 666617.26
2. The Estimated Size of the Result Set = 2501
3. The Plan of the Query:
{
  "Total Cost": 666617.26,
  "Plans": [
    {
      "Parent Relationship": "SubPlan",
      "Total Cost": 253.98,
      "Relation Name": "dependent",
      "Parallel Aware": false,
      "Filter": "((e.fname \u003c\u003e dependent_name) AND (e.sex \u003c\u003e sex))",
      "Subplan Name": "SubPlan 1",
      "Alias": "d",
      "Node Type": "Seq Scan",
      "Plan Width": 4,
      "Startup Cost": 0.0,
      "Plan Rows": 4999
    }
  ],
  "Relation Name": "employee",
  "Parallel Aware": false,
  "Filter": "(SubPlan 1)",
  "Alias": "e",
  "Node Type": "Seq Scan",
  "Plan Width": 42,
  "Startup Cost": 0.0,
  "Plan Rows": 2501
}

------------------------------

Indicies Configuration #169:
Index hash on column ssn in table employee
Index hash on column sex in table dependent

------------------------------

1. The Total Cost of the Plan = 666617.26
2. The Estimated Size of the Result Set = 2501
3. The Plan of the Query:
{
  "Total Cost": 666617.26,
  "Plans": [
    {
      "Parent Relationship": "SubPlan",
      "Total Cost": 253.98,
      "Relation Name": "dependent",
      "Parallel Aware": false,
      "Filter": "((e.fname \u003c\u003e dependent_name) AND (e.sex \u003c\u003e sex))",
      "Subplan Name": "SubPlan 1",
      "Alias": "d",
      "Node Type": "Seq Scan",
      "Plan Width": 4,
      "Startup Cost": 0.0,
      "Plan Rows": 4999
    }
  ],
  "Relation Name": "employee",
  "Parallel Aware": false,
  "Filter": "(SubPlan 1)",
  "Alias": "e",
  "Node Type": "Seq Scan",
  "Plan Width": 42,
  "Startup Cost": 0.0,
  "Plan Rows": 2501
}

------------------------------

Indicies Configuration #170:
Index hash on column ssn in table employee
Index hash on column sex in table dependent
Index btree on column fname in table employee

------------------------------

1. The Total Cost of the Plan = 666617.26
2. The Estimated Size of the Result Set = 2501
3. The Plan of the Query:
{
  "Total Cost": 666617.26,
  "Plans": [
    {
      "Parent Relationship": "SubPlan",
      "Total Cost": 253.98,
      "Relation Name": "dependent",
      "Parallel Aware": false,
      "Filter": "((e.fname \u003c\u003e dependent_name) AND (e.sex \u003c\u003e sex))",
      "Subplan Name": "SubPlan 1",
      "Alias": "d",
      "Node Type": "Seq Scan",
      "Plan Width": 4,
      "Startup Cost": 0.0,
      "Plan Rows": 4999
    }
  ],
  "Relation Name": "employee",
  "Parallel Aware": false,
  "Filter": "(SubPlan 1)",
  "Alias": "e",
  "Node Type": "Seq Scan",
  "Plan Width": 42,
  "Startup Cost": 0.0,
  "Plan Rows": 2501
}

------------------------------

Indicies Configuration #171:
Index hash on column ssn in table employee
Index hash on column sex in table dependent
Index hash on column fname in table employee

------------------------------

1. The Total Cost of the Plan = 666617.26
2. The Estimated Size of the Result Set = 2501
3. The Plan of the Query:
{
  "Total Cost": 666617.26,
  "Plans": [
    {
      "Parent Relationship": "SubPlan",
      "Total Cost": 253.98,
      "Relation Name": "dependent",
      "Parallel Aware": false,
      "Filter": "((e.fname \u003c\u003e dependent_name) AND (e.sex \u003c\u003e sex))",
      "Subplan Name": "SubPlan 1",
      "Alias": "d",
      "Node Type": "Seq Scan",
      "Plan Width": 4,
      "Startup Cost": 0.0,
      "Plan Rows": 4999
    }
  ],
  "Relation Name": "employee",
  "Parallel Aware": false,
  "Filter": "(SubPlan 1)",
  "Alias": "e",
  "Node Type": "Seq Scan",
  "Plan Width": 42,
  "Startup Cost": 0.0,
  "Plan Rows": 2501
}

------------------------------

Indicies Configuration #172:
Index hash on column ssn in table employee
Index btree on column sex in table employee

------------------------------

1. The Total Cost of the Plan = 666617.26
2. The Estimated Size of the Result Set = 2501
3. The Plan of the Query:
{
  "Total Cost": 666617.26,
  "Plans": [
    {
      "Parent Relationship": "SubPlan",
      "Total Cost": 253.98,
      "Relation Name": "dependent",
      "Parallel Aware": false,
      "Filter": "((e.fname \u003c\u003e dependent_name) AND (e.sex \u003c\u003e sex))",
      "Subplan Name": "SubPlan 1",
      "Alias": "d",
      "Node Type": "Seq Scan",
      "Plan Width": 4,
      "Startup Cost": 0.0,
      "Plan Rows": 4999
    }
  ],
  "Relation Name": "employee",
  "Parallel Aware": false,
  "Filter": "(SubPlan 1)",
  "Alias": "e",
  "Node Type": "Seq Scan",
  "Plan Width": 42,
  "Startup Cost": 0.0,
  "Plan Rows": 2501
}

------------------------------

Indicies Configuration #173:
Index hash on column ssn in table employee
Index btree on column sex in table employee
Index btree on column fname in table employee

------------------------------

1. The Total Cost of the Plan = 666617.26
2. The Estimated Size of the Result Set = 2501
3. The Plan of the Query:
{
  "Total Cost": 666617.26,
  "Plans": [
    {
      "Parent Relationship": "SubPlan",
      "Total Cost": 253.98,
      "Relation Name": "dependent",
      "Parallel Aware": false,
      "Filter": "((e.fname \u003c\u003e dependent_name) AND (e.sex \u003c\u003e sex))",
      "Subplan Name": "SubPlan 1",
      "Alias": "d",
      "Node Type": "Seq Scan",
      "Plan Width": 4,
      "Startup Cost": 0.0,
      "Plan Rows": 4999
    }
  ],
  "Relation Name": "employee",
  "Parallel Aware": false,
  "Filter": "(SubPlan 1)",
  "Alias": "e",
  "Node Type": "Seq Scan",
  "Plan Width": 42,
  "Startup Cost": 0.0,
  "Plan Rows": 2501
}

------------------------------

Indicies Configuration #174:
Index hash on column ssn in table employee
Index btree on column sex in table employee
Index hash on column fname in table employee

------------------------------

1. The Total Cost of the Plan = 666617.26
2. The Estimated Size of the Result Set = 2501
3. The Plan of the Query:
{
  "Total Cost": 666617.26,
  "Plans": [
    {
      "Parent Relationship": "SubPlan",
      "Total Cost": 253.98,
      "Relation Name": "dependent",
      "Parallel Aware": false,
      "Filter": "((e.fname \u003c\u003e dependent_name) AND (e.sex \u003c\u003e sex))",
      "Subplan Name": "SubPlan 1",
      "Alias": "d",
      "Node Type": "Seq Scan",
      "Plan Width": 4,
      "Startup Cost": 0.0,
      "Plan Rows": 4999
    }
  ],
  "Relation Name": "employee",
  "Parallel Aware": false,
  "Filter": "(SubPlan 1)",
  "Alias": "e",
  "Node Type": "Seq Scan",
  "Plan Width": 42,
  "Startup Cost": 0.0,
  "Plan Rows": 2501
}

------------------------------

Indicies Configuration #175:
Index hash on column ssn in table employee
Index btree on column sex in table employee
Index btree on column sex in table dependent

------------------------------

1. The Total Cost of the Plan = 666617.26
2. The Estimated Size of the Result Set = 2501
3. The Plan of the Query:
{
  "Total Cost": 666617.26,
  "Plans": [
    {
      "Parent Relationship": "SubPlan",
      "Total Cost": 253.98,
      "Relation Name": "dependent",
      "Parallel Aware": false,
      "Filter": "((e.fname \u003c\u003e dependent_name) AND (e.sex \u003c\u003e sex))",
      "Subplan Name": "SubPlan 1",
      "Alias": "d",
      "Node Type": "Seq Scan",
      "Plan Width": 4,
      "Startup Cost": 0.0,
      "Plan Rows": 4999
    }
  ],
  "Relation Name": "employee",
  "Parallel Aware": false,
  "Filter": "(SubPlan 1)",
  "Alias": "e",
  "Node Type": "Seq Scan",
  "Plan Width": 42,
  "Startup Cost": 0.0,
  "Plan Rows": 2501
}

------------------------------

Indicies Configuration #176:
Index hash on column ssn in table employee
Index btree on column sex in table employee
Index btree on column sex in table dependent
Index btree on column fname in table employee

------------------------------

1. The Total Cost of the Plan = 666617.26
2. The Estimated Size of the Result Set = 2501
3. The Plan of the Query:
{
  "Total Cost": 666617.26,
  "Plans": [
    {
      "Parent Relationship": "SubPlan",
      "Total Cost": 253.98,
      "Relation Name": "dependent",
      "Parallel Aware": false,
      "Filter": "((e.fname \u003c\u003e dependent_name) AND (e.sex \u003c\u003e sex))",
      "Subplan Name": "SubPlan 1",
      "Alias": "d",
      "Node Type": "Seq Scan",
      "Plan Width": 4,
      "Startup Cost": 0.0,
      "Plan Rows": 4999
    }
  ],
  "Relation Name": "employee",
  "Parallel Aware": false,
  "Filter": "(SubPlan 1)",
  "Alias": "e",
  "Node Type": "Seq Scan",
  "Plan Width": 42,
  "Startup Cost": 0.0,
  "Plan Rows": 2501
}

------------------------------

Indicies Configuration #177:
Index hash on column ssn in table employee
Index btree on column sex in table employee
Index btree on column sex in table dependent
Index hash on column fname in table employee

------------------------------

1. The Total Cost of the Plan = 666617.26
2. The Estimated Size of the Result Set = 2501
3. The Plan of the Query:
{
  "Total Cost": 666617.26,
  "Plans": [
    {
      "Parent Relationship": "SubPlan",
      "Total Cost": 253.98,
      "Relation Name": "dependent",
      "Parallel Aware": false,
      "Filter": "((e.fname \u003c\u003e dependent_name) AND (e.sex \u003c\u003e sex))",
      "Subplan Name": "SubPlan 1",
      "Alias": "d",
      "Node Type": "Seq Scan",
      "Plan Width": 4,
      "Startup Cost": 0.0,
      "Plan Rows": 4999
    }
  ],
  "Relation Name": "employee",
  "Parallel Aware": false,
  "Filter": "(SubPlan 1)",
  "Alias": "e",
  "Node Type": "Seq Scan",
  "Plan Width": 42,
  "Startup Cost": 0.0,
  "Plan Rows": 2501
}

------------------------------

Indicies Configuration #178:
Index hash on column ssn in table employee
Index btree on column sex in table employee
Index hash on column sex in table dependent

------------------------------

1. The Total Cost of the Plan = 666617.26
2. The Estimated Size of the Result Set = 2501
3. The Plan of the Query:
{
  "Total Cost": 666617.26,
  "Plans": [
    {
      "Parent Relationship": "SubPlan",
      "Total Cost": 253.98,
      "Relation Name": "dependent",
      "Parallel Aware": false,
      "Filter": "((e.fname \u003c\u003e dependent_name) AND (e.sex \u003c\u003e sex))",
      "Subplan Name": "SubPlan 1",
      "Alias": "d",
      "Node Type": "Seq Scan",
      "Plan Width": 4,
      "Startup Cost": 0.0,
      "Plan Rows": 4999
    }
  ],
  "Relation Name": "employee",
  "Parallel Aware": false,
  "Filter": "(SubPlan 1)",
  "Alias": "e",
  "Node Type": "Seq Scan",
  "Plan Width": 42,
  "Startup Cost": 0.0,
  "Plan Rows": 2501
}

------------------------------

Indicies Configuration #179:
Index hash on column ssn in table employee
Index btree on column sex in table employee
Index hash on column sex in table dependent
Index btree on column fname in table employee

------------------------------

1. The Total Cost of the Plan = 666617.26
2. The Estimated Size of the Result Set = 2501
3. The Plan of the Query:
{
  "Total Cost": 666617.26,
  "Plans": [
    {
      "Parent Relationship": "SubPlan",
      "Total Cost": 253.98,
      "Relation Name": "dependent",
      "Parallel Aware": false,
      "Filter": "((e.fname \u003c\u003e dependent_name) AND (e.sex \u003c\u003e sex))",
      "Subplan Name": "SubPlan 1",
      "Alias": "d",
      "Node Type": "Seq Scan",
      "Plan Width": 4,
      "Startup Cost": 0.0,
      "Plan Rows": 4999
    }
  ],
  "Relation Name": "employee",
  "Parallel Aware": false,
  "Filter": "(SubPlan 1)",
  "Alias": "e",
  "Node Type": "Seq Scan",
  "Plan Width": 42,
  "Startup Cost": 0.0,
  "Plan Rows": 2501
}

------------------------------

Indicies Configuration #180:
Index hash on column ssn in table employee
Index btree on column sex in table employee
Index hash on column sex in table dependent
Index hash on column fname in table employee

------------------------------

1. The Total Cost of the Plan = 666617.26
2. The Estimated Size of the Result Set = 2501
3. The Plan of the Query:
{
  "Total Cost": 666617.26,
  "Plans": [
    {
      "Parent Relationship": "SubPlan",
      "Total Cost": 253.98,
      "Relation Name": "dependent",
      "Parallel Aware": false,
      "Filter": "((e.fname \u003c\u003e dependent_name) AND (e.sex \u003c\u003e sex))",
      "Subplan Name": "SubPlan 1",
      "Alias": "d",
      "Node Type": "Seq Scan",
      "Plan Width": 4,
      "Startup Cost": 0.0,
      "Plan Rows": 4999
    }
  ],
  "Relation Name": "employee",
  "Parallel Aware": false,
  "Filter": "(SubPlan 1)",
  "Alias": "e",
  "Node Type": "Seq Scan",
  "Plan Width": 42,
  "Startup Cost": 0.0,
  "Plan Rows": 2501
}

------------------------------

Indicies Configuration #181:
Index hash on column ssn in table employee
Index hash on column sex in table employee

------------------------------

1. The Total Cost of the Plan = 666617.26
2. The Estimated Size of the Result Set = 2501
3. The Plan of the Query:
{
  "Total Cost": 666617.26,
  "Plans": [
    {
      "Parent Relationship": "SubPlan",
      "Total Cost": 253.98,
      "Relation Name": "dependent",
      "Parallel Aware": false,
      "Filter": "((e.fname \u003c\u003e dependent_name) AND (e.sex \u003c\u003e sex))",
      "Subplan Name": "SubPlan 1",
      "Alias": "d",
      "Node Type": "Seq Scan",
      "Plan Width": 4,
      "Startup Cost": 0.0,
      "Plan Rows": 4999
    }
  ],
  "Relation Name": "employee",
  "Parallel Aware": false,
  "Filter": "(SubPlan 1)",
  "Alias": "e",
  "Node Type": "Seq Scan",
  "Plan Width": 42,
  "Startup Cost": 0.0,
  "Plan Rows": 2501
}

------------------------------

Indicies Configuration #182:
Index hash on column ssn in table employee
Index hash on column sex in table employee
Index btree on column fname in table employee

------------------------------

1. The Total Cost of the Plan = 666617.26
2. The Estimated Size of the Result Set = 2501
3. The Plan of the Query:
{
  "Total Cost": 666617.26,
  "Plans": [
    {
      "Parent Relationship": "SubPlan",
      "Total Cost": 253.98,
      "Relation Name": "dependent",
      "Parallel Aware": false,
      "Filter": "((e.fname \u003c\u003e dependent_name) AND (e.sex \u003c\u003e sex))",
      "Subplan Name": "SubPlan 1",
      "Alias": "d",
      "Node Type": "Seq Scan",
      "Plan Width": 4,
      "Startup Cost": 0.0,
      "Plan Rows": 4999
    }
  ],
  "Relation Name": "employee",
  "Parallel Aware": false,
  "Filter": "(SubPlan 1)",
  "Alias": "e",
  "Node Type": "Seq Scan",
  "Plan Width": 42,
  "Startup Cost": 0.0,
  "Plan Rows": 2501
}

------------------------------

Indicies Configuration #183:
Index hash on column ssn in table employee
Index hash on column sex in table employee
Index hash on column fname in table employee

------------------------------

1. The Total Cost of the Plan = 666617.26
2. The Estimated Size of the Result Set = 2501
3. The Plan of the Query:
{
  "Total Cost": 666617.26,
  "Plans": [
    {
      "Parent Relationship": "SubPlan",
      "Total Cost": 253.98,
      "Relation Name": "dependent",
      "Parallel Aware": false,
      "Filter": "((e.fname \u003c\u003e dependent_name) AND (e.sex \u003c\u003e sex))",
      "Subplan Name": "SubPlan 1",
      "Alias": "d",
      "Node Type": "Seq Scan",
      "Plan Width": 4,
      "Startup Cost": 0.0,
      "Plan Rows": 4999
    }
  ],
  "Relation Name": "employee",
  "Parallel Aware": false,
  "Filter": "(SubPlan 1)",
  "Alias": "e",
  "Node Type": "Seq Scan",
  "Plan Width": 42,
  "Startup Cost": 0.0,
  "Plan Rows": 2501
}

------------------------------

Indicies Configuration #184:
Index hash on column ssn in table employee
Index hash on column sex in table employee
Index btree on column sex in table dependent

------------------------------

1. The Total Cost of the Plan = 666617.26
2. The Estimated Size of the Result Set = 2501
3. The Plan of the Query:
{
  "Total Cost": 666617.26,
  "Plans": [
    {
      "Parent Relationship": "SubPlan",
      "Total Cost": 253.98,
      "Relation Name": "dependent",
      "Parallel Aware": false,
      "Filter": "((e.fname \u003c\u003e dependent_name) AND (e.sex \u003c\u003e sex))",
      "Subplan Name": "SubPlan 1",
      "Alias": "d",
      "Node Type": "Seq Scan",
      "Plan Width": 4,
      "Startup Cost": 0.0,
      "Plan Rows": 4999
    }
  ],
  "Relation Name": "employee",
  "Parallel Aware": false,
  "Filter": "(SubPlan 1)",
  "Alias": "e",
  "Node Type": "Seq Scan",
  "Plan Width": 42,
  "Startup Cost": 0.0,
  "Plan Rows": 2501
}

------------------------------

Indicies Configuration #185:
Index hash on column ssn in table employee
Index hash on column sex in table employee
Index btree on column sex in table dependent
Index btree on column fname in table employee

------------------------------

1. The Total Cost of the Plan = 666617.26
2. The Estimated Size of the Result Set = 2501
3. The Plan of the Query:
{
  "Total Cost": 666617.26,
  "Plans": [
    {
      "Parent Relationship": "SubPlan",
      "Total Cost": 253.98,
      "Relation Name": "dependent",
      "Parallel Aware": false,
      "Filter": "((e.fname \u003c\u003e dependent_name) AND (e.sex \u003c\u003e sex))",
      "Subplan Name": "SubPlan 1",
      "Alias": "d",
      "Node Type": "Seq Scan",
      "Plan Width": 4,
      "Startup Cost": 0.0,
      "Plan Rows": 4999
    }
  ],
  "Relation Name": "employee",
  "Parallel Aware": false,
  "Filter": "(SubPlan 1)",
  "Alias": "e",
  "Node Type": "Seq Scan",
  "Plan Width": 42,
  "Startup Cost": 0.0,
  "Plan Rows": 2501
}

------------------------------

Indicies Configuration #186:
Index hash on column ssn in table employee
Index hash on column sex in table employee
Index btree on column sex in table dependent
Index hash on column fname in table employee

------------------------------

1. The Total Cost of the Plan = 666617.26
2. The Estimated Size of the Result Set = 2501
3. The Plan of the Query:
{
  "Total Cost": 666617.26,
  "Plans": [
    {
      "Parent Relationship": "SubPlan",
      "Total Cost": 253.98,
      "Relation Name": "dependent",
      "Parallel Aware": false,
      "Filter": "((e.fname \u003c\u003e dependent_name) AND (e.sex \u003c\u003e sex))",
      "Subplan Name": "SubPlan 1",
      "Alias": "d",
      "Node Type": "Seq Scan",
      "Plan Width": 4,
      "Startup Cost": 0.0,
      "Plan Rows": 4999
    }
  ],
  "Relation Name": "employee",
  "Parallel Aware": false,
  "Filter": "(SubPlan 1)",
  "Alias": "e",
  "Node Type": "Seq Scan",
  "Plan Width": 42,
  "Startup Cost": 0.0,
  "Plan Rows": 2501
}

------------------------------

Indicies Configuration #187:
Index hash on column ssn in table employee
Index hash on column sex in table employee
Index hash on column sex in table dependent

------------------------------

1. The Total Cost of the Plan = 666617.26
2. The Estimated Size of the Result Set = 2501
3. The Plan of the Query:
{
  "Total Cost": 666617.26,
  "Plans": [
    {
      "Parent Relationship": "SubPlan",
      "Total Cost": 253.98,
      "Relation Name": "dependent",
      "Parallel Aware": false,
      "Filter": "((e.fname \u003c\u003e dependent_name) AND (e.sex \u003c\u003e sex))",
      "Subplan Name": "SubPlan 1",
      "Alias": "d",
      "Node Type": "Seq Scan",
      "Plan Width": 4,
      "Startup Cost": 0.0,
      "Plan Rows": 4999
    }
  ],
  "Relation Name": "employee",
  "Parallel Aware": false,
  "Filter": "(SubPlan 1)",
  "Alias": "e",
  "Node Type": "Seq Scan",
  "Plan Width": 42,
  "Startup Cost": 0.0,
  "Plan Rows": 2501
}

------------------------------

Indicies Configuration #188:
Index hash on column ssn in table employee
Index hash on column sex in table employee
Index hash on column sex in table dependent
Index btree on column fname in table employee

------------------------------

1. The Total Cost of the Plan = 666617.26
2. The Estimated Size of the Result Set = 2501
3. The Plan of the Query:
{
  "Total Cost": 666617.26,
  "Plans": [
    {
      "Parent Relationship": "SubPlan",
      "Total Cost": 253.98,
      "Relation Name": "dependent",
      "Parallel Aware": false,
      "Filter": "((e.fname \u003c\u003e dependent_name) AND (e.sex \u003c\u003e sex))",
      "Subplan Name": "SubPlan 1",
      "Alias": "d",
      "Node Type": "Seq Scan",
      "Plan Width": 4,
      "Startup Cost": 0.0,
      "Plan Rows": 4999
    }
  ],
  "Relation Name": "employee",
  "Parallel Aware": false,
  "Filter": "(SubPlan 1)",
  "Alias": "e",
  "Node Type": "Seq Scan",
  "Plan Width": 42,
  "Startup Cost": 0.0,
  "Plan Rows": 2501
}

------------------------------

Indicies Configuration #189:
Index hash on column ssn in table employee
Index hash on column sex in table employee
Index hash on column sex in table dependent
Index hash on column fname in table employee

------------------------------

1. The Total Cost of the Plan = 666617.26
2. The Estimated Size of the Result Set = 2501
3. The Plan of the Query:
{
  "Total Cost": 666617.26,
  "Plans": [
    {
      "Parent Relationship": "SubPlan",
      "Total Cost": 253.98,
      "Relation Name": "dependent",
      "Parallel Aware": false,
      "Filter": "((e.fname \u003c\u003e dependent_name) AND (e.sex \u003c\u003e sex))",
      "Subplan Name": "SubPlan 1",
      "Alias": "d",
      "Node Type": "Seq Scan",
      "Plan Width": 4,
      "Startup Cost": 0.0,
      "Plan Rows": 4999
    }
  ],
  "Relation Name": "employee",
  "Parallel Aware": false,
  "Filter": "(SubPlan 1)",
  "Alias": "e",
  "Node Type": "Seq Scan",
  "Plan Width": 42,
  "Startup Cost": 0.0,
  "Plan Rows": 2501
}

------------------------------

Indicies Configuration #190:
Index hash on column ssn in table employee
Index btree on column dependent_name in table dependent

------------------------------

1. The Total Cost of the Plan = 666617.26
2. The Estimated Size of the Result Set = 2501
3. The Plan of the Query:
{
  "Total Cost": 666617.26,
  "Plans": [
    {
      "Parent Relationship": "SubPlan",
      "Total Cost": 253.98,
      "Relation Name": "dependent",
      "Parallel Aware": false,
      "Filter": "((e.fname \u003c\u003e dependent_name) AND (e.sex \u003c\u003e sex))",
      "Subplan Name": "SubPlan 1",
      "Alias": "d",
      "Node Type": "Seq Scan",
      "Plan Width": 4,
      "Startup Cost": 0.0,
      "Plan Rows": 4999
    }
  ],
  "Relation Name": "employee",
  "Parallel Aware": false,
  "Filter": "(SubPlan 1)",
  "Alias": "e",
  "Node Type": "Seq Scan",
  "Plan Width": 42,
  "Startup Cost": 0.0,
  "Plan Rows": 2501
}

------------------------------

Indicies Configuration #191:
Index hash on column ssn in table employee
Index btree on column dependent_name in table dependent
Index btree on column fname in table employee

------------------------------

1. The Total Cost of the Plan = 666617.26
2. The Estimated Size of the Result Set = 2501
3. The Plan of the Query:
{
  "Total Cost": 666617.26,
  "Plans": [
    {
      "Parent Relationship": "SubPlan",
      "Total Cost": 253.98,
      "Relation Name": "dependent",
      "Parallel Aware": false,
      "Filter": "((e.fname \u003c\u003e dependent_name) AND (e.sex \u003c\u003e sex))",
      "Subplan Name": "SubPlan 1",
      "Alias": "d",
      "Node Type": "Seq Scan",
      "Plan Width": 4,
      "Startup Cost": 0.0,
      "Plan Rows": 4999
    }
  ],
  "Relation Name": "employee",
  "Parallel Aware": false,
  "Filter": "(SubPlan 1)",
  "Alias": "e",
  "Node Type": "Seq Scan",
  "Plan Width": 42,
  "Startup Cost": 0.0,
  "Plan Rows": 2501
}

------------------------------

Indicies Configuration #192:
Index hash on column ssn in table employee
Index btree on column dependent_name in table dependent
Index hash on column fname in table employee

------------------------------

1. The Total Cost of the Plan = 666617.26
2. The Estimated Size of the Result Set = 2501
3. The Plan of the Query:
{
  "Total Cost": 666617.26,
  "Plans": [
    {
      "Parent Relationship": "SubPlan",
      "Total Cost": 253.98,
      "Relation Name": "dependent",
      "Parallel Aware": false,
      "Filter": "((e.fname \u003c\u003e dependent_name) AND (e.sex \u003c\u003e sex))",
      "Subplan Name": "SubPlan 1",
      "Alias": "d",
      "Node Type": "Seq Scan",
      "Plan Width": 4,
      "Startup Cost": 0.0,
      "Plan Rows": 4999
    }
  ],
  "Relation Name": "employee",
  "Parallel Aware": false,
  "Filter": "(SubPlan 1)",
  "Alias": "e",
  "Node Type": "Seq Scan",
  "Plan Width": 42,
  "Startup Cost": 0.0,
  "Plan Rows": 2501
}

------------------------------

Indicies Configuration #193:
Index hash on column ssn in table employee
Index btree on column dependent_name in table dependent
Index btree on column sex in table dependent

------------------------------

1. The Total Cost of the Plan = 666617.26
2. The Estimated Size of the Result Set = 2501
3. The Plan of the Query:
{
  "Total Cost": 666617.26,
  "Plans": [
    {
      "Parent Relationship": "SubPlan",
      "Total Cost": 253.98,
      "Relation Name": "dependent",
      "Parallel Aware": false,
      "Filter": "((e.fname \u003c\u003e dependent_name) AND (e.sex \u003c\u003e sex))",
      "Subplan Name": "SubPlan 1",
      "Alias": "d",
      "Node Type": "Seq Scan",
      "Plan Width": 4,
      "Startup Cost": 0.0,
      "Plan Rows": 4999
    }
  ],
  "Relation Name": "employee",
  "Parallel Aware": false,
  "Filter": "(SubPlan 1)",
  "Alias": "e",
  "Node Type": "Seq Scan",
  "Plan Width": 42,
  "Startup Cost": 0.0,
  "Plan Rows": 2501
}

------------------------------

Indicies Configuration #194:
Index hash on column ssn in table employee
Index btree on column dependent_name in table dependent
Index btree on column sex in table dependent
Index btree on column fname in table employee

------------------------------

1. The Total Cost of the Plan = 666617.26
2. The Estimated Size of the Result Set = 2501
3. The Plan of the Query:
{
  "Total Cost": 666617.26,
  "Plans": [
    {
      "Parent Relationship": "SubPlan",
      "Total Cost": 253.98,
      "Relation Name": "dependent",
      "Parallel Aware": false,
      "Filter": "((e.fname \u003c\u003e dependent_name) AND (e.sex \u003c\u003e sex))",
      "Subplan Name": "SubPlan 1",
      "Alias": "d",
      "Node Type": "Seq Scan",
      "Plan Width": 4,
      "Startup Cost": 0.0,
      "Plan Rows": 4999
    }
  ],
  "Relation Name": "employee",
  "Parallel Aware": false,
  "Filter": "(SubPlan 1)",
  "Alias": "e",
  "Node Type": "Seq Scan",
  "Plan Width": 42,
  "Startup Cost": 0.0,
  "Plan Rows": 2501
}

------------------------------

Indicies Configuration #195:
Index hash on column ssn in table employee
Index btree on column dependent_name in table dependent
Index btree on column sex in table dependent
Index hash on column fname in table employee

------------------------------

1. The Total Cost of the Plan = 666617.26
2. The Estimated Size of the Result Set = 2501
3. The Plan of the Query:
{
  "Total Cost": 666617.26,
  "Plans": [
    {
      "Parent Relationship": "SubPlan",
      "Total Cost": 253.98,
      "Relation Name": "dependent",
      "Parallel Aware": false,
      "Filter": "((e.fname \u003c\u003e dependent_name) AND (e.sex \u003c\u003e sex))",
      "Subplan Name": "SubPlan 1",
      "Alias": "d",
      "Node Type": "Seq Scan",
      "Plan Width": 4,
      "Startup Cost": 0.0,
      "Plan Rows": 4999
    }
  ],
  "Relation Name": "employee",
  "Parallel Aware": false,
  "Filter": "(SubPlan 1)",
  "Alias": "e",
  "Node Type": "Seq Scan",
  "Plan Width": 42,
  "Startup Cost": 0.0,
  "Plan Rows": 2501
}

------------------------------

Indicies Configuration #196:
Index hash on column ssn in table employee
Index btree on column dependent_name in table dependent
Index hash on column sex in table dependent

------------------------------

1. The Total Cost of the Plan = 666617.26
2. The Estimated Size of the Result Set = 2501
3. The Plan of the Query:
{
  "Total Cost": 666617.26,
  "Plans": [
    {
      "Parent Relationship": "SubPlan",
      "Total Cost": 253.98,
      "Relation Name": "dependent",
      "Parallel Aware": false,
      "Filter": "((e.fname \u003c\u003e dependent_name) AND (e.sex \u003c\u003e sex))",
      "Subplan Name": "SubPlan 1",
      "Alias": "d",
      "Node Type": "Seq Scan",
      "Plan Width": 4,
      "Startup Cost": 0.0,
      "Plan Rows": 4999
    }
  ],
  "Relation Name": "employee",
  "Parallel Aware": false,
  "Filter": "(SubPlan 1)",
  "Alias": "e",
  "Node Type": "Seq Scan",
  "Plan Width": 42,
  "Startup Cost": 0.0,
  "Plan Rows": 2501
}

------------------------------

Indicies Configuration #197:
Index hash on column ssn in table employee
Index btree on column dependent_name in table dependent
Index hash on column sex in table dependent
Index btree on column fname in table employee

------------------------------

1. The Total Cost of the Plan = 666617.26
2. The Estimated Size of the Result Set = 2501
3. The Plan of the Query:
{
  "Total Cost": 666617.26,
  "Plans": [
    {
      "Parent Relationship": "SubPlan",
      "Total Cost": 253.98,
      "Relation Name": "dependent",
      "Parallel Aware": false,
      "Filter": "((e.fname \u003c\u003e dependent_name) AND (e.sex \u003c\u003e sex))",
      "Subplan Name": "SubPlan 1",
      "Alias": "d",
      "Node Type": "Seq Scan",
      "Plan Width": 4,
      "Startup Cost": 0.0,
      "Plan Rows": 4999
    }
  ],
  "Relation Name": "employee",
  "Parallel Aware": false,
  "Filter": "(SubPlan 1)",
  "Alias": "e",
  "Node Type": "Seq Scan",
  "Plan Width": 42,
  "Startup Cost": 0.0,
  "Plan Rows": 2501
}

------------------------------

Indicies Configuration #198:
Index hash on column ssn in table employee
Index btree on column dependent_name in table dependent
Index hash on column sex in table dependent
Index hash on column fname in table employee

------------------------------

1. The Total Cost of the Plan = 666617.26
2. The Estimated Size of the Result Set = 2501
3. The Plan of the Query:
{
  "Total Cost": 666617.26,
  "Plans": [
    {
      "Parent Relationship": "SubPlan",
      "Total Cost": 253.98,
      "Relation Name": "dependent",
      "Parallel Aware": false,
      "Filter": "((e.fname \u003c\u003e dependent_name) AND (e.sex \u003c\u003e sex))",
      "Subplan Name": "SubPlan 1",
      "Alias": "d",
      "Node Type": "Seq Scan",
      "Plan Width": 4,
      "Startup Cost": 0.0,
      "Plan Rows": 4999
    }
  ],
  "Relation Name": "employee",
  "Parallel Aware": false,
  "Filter": "(SubPlan 1)",
  "Alias": "e",
  "Node Type": "Seq Scan",
  "Plan Width": 42,
  "Startup Cost": 0.0,
  "Plan Rows": 2501
}

------------------------------

Indicies Configuration #199:
Index hash on column ssn in table employee
Index btree on column dependent_name in table dependent
Index btree on column sex in table employee

------------------------------

1. The Total Cost of the Plan = 666617.26
2. The Estimated Size of the Result Set = 2501
3. The Plan of the Query:
{
  "Total Cost": 666617.26,
  "Plans": [
    {
      "Parent Relationship": "SubPlan",
      "Total Cost": 253.98,
      "Relation Name": "dependent",
      "Parallel Aware": false,
      "Filter": "((e.fname \u003c\u003e dependent_name) AND (e.sex \u003c\u003e sex))",
      "Subplan Name": "SubPlan 1",
      "Alias": "d",
      "Node Type": "Seq Scan",
      "Plan Width": 4,
      "Startup Cost": 0.0,
      "Plan Rows": 4999
    }
  ],
  "Relation Name": "employee",
  "Parallel Aware": false,
  "Filter": "(SubPlan 1)",
  "Alias": "e",
  "Node Type": "Seq Scan",
  "Plan Width": 42,
  "Startup Cost": 0.0,
  "Plan Rows": 2501
}

------------------------------

Indicies Configuration #200:
Index hash on column ssn in table employee
Index btree on column dependent_name in table dependent
Index btree on column sex in table employee
Index btree on column fname in table employee

------------------------------

1. The Total Cost of the Plan = 666617.26
2. The Estimated Size of the Result Set = 2501
3. The Plan of the Query:
{
  "Total Cost": 666617.26,
  "Plans": [
    {
      "Parent Relationship": "SubPlan",
      "Total Cost": 253.98,
      "Relation Name": "dependent",
      "Parallel Aware": false,
      "Filter": "((e.fname \u003c\u003e dependent_name) AND (e.sex \u003c\u003e sex))",
      "Subplan Name": "SubPlan 1",
      "Alias": "d",
      "Node Type": "Seq Scan",
      "Plan Width": 4,
      "Startup Cost": 0.0,
      "Plan Rows": 4999
    }
  ],
  "Relation Name": "employee",
  "Parallel Aware": false,
  "Filter": "(SubPlan 1)",
  "Alias": "e",
  "Node Type": "Seq Scan",
  "Plan Width": 42,
  "Startup Cost": 0.0,
  "Plan Rows": 2501
}

------------------------------

Indicies Configuration #201:
Index hash on column ssn in table employee
Index btree on column dependent_name in table dependent
Index btree on column sex in table employee
Index hash on column fname in table employee

------------------------------

1. The Total Cost of the Plan = 666617.26
2. The Estimated Size of the Result Set = 2501
3. The Plan of the Query:
{
  "Total Cost": 666617.26,
  "Plans": [
    {
      "Parent Relationship": "SubPlan",
      "Total Cost": 253.98,
      "Relation Name": "dependent",
      "Parallel Aware": false,
      "Filter": "((e.fname \u003c\u003e dependent_name) AND (e.sex \u003c\u003e sex))",
      "Subplan Name": "SubPlan 1",
      "Alias": "d",
      "Node Type": "Seq Scan",
      "Plan Width": 4,
      "Startup Cost": 0.0,
      "Plan Rows": 4999
    }
  ],
  "Relation Name": "employee",
  "Parallel Aware": false,
  "Filter": "(SubPlan 1)",
  "Alias": "e",
  "Node Type": "Seq Scan",
  "Plan Width": 42,
  "Startup Cost": 0.0,
  "Plan Rows": 2501
}

------------------------------

Indicies Configuration #202:
Index hash on column ssn in table employee
Index btree on column dependent_name in table dependent
Index btree on column sex in table employee
Index btree on column sex in table dependent

------------------------------

1. The Total Cost of the Plan = 666617.26
2. The Estimated Size of the Result Set = 2501
3. The Plan of the Query:
{
  "Total Cost": 666617.26,
  "Plans": [
    {
      "Parent Relationship": "SubPlan",
      "Total Cost": 253.98,
      "Relation Name": "dependent",
      "Parallel Aware": false,
      "Filter": "((e.fname \u003c\u003e dependent_name) AND (e.sex \u003c\u003e sex))",
      "Subplan Name": "SubPlan 1",
      "Alias": "d",
      "Node Type": "Seq Scan",
      "Plan Width": 4,
      "Startup Cost": 0.0,
      "Plan Rows": 4999
    }
  ],
  "Relation Name": "employee",
  "Parallel Aware": false,
  "Filter": "(SubPlan 1)",
  "Alias": "e",
  "Node Type": "Seq Scan",
  "Plan Width": 42,
  "Startup Cost": 0.0,
  "Plan Rows": 2501
}

------------------------------

Indicies Configuration #203:
Index hash on column ssn in table employee
Index btree on column dependent_name in table dependent
Index btree on column sex in table employee
Index btree on column sex in table dependent
Index btree on column fname in table employee

------------------------------

1. The Total Cost of the Plan = 666617.26
2. The Estimated Size of the Result Set = 2501
3. The Plan of the Query:
{
  "Total Cost": 666617.26,
  "Plans": [
    {
      "Parent Relationship": "SubPlan",
      "Total Cost": 253.98,
      "Relation Name": "dependent",
      "Parallel Aware": false,
      "Filter": "((e.fname \u003c\u003e dependent_name) AND (e.sex \u003c\u003e sex))",
      "Subplan Name": "SubPlan 1",
      "Alias": "d",
      "Node Type": "Seq Scan",
      "Plan Width": 4,
      "Startup Cost": 0.0,
      "Plan Rows": 4999
    }
  ],
  "Relation Name": "employee",
  "Parallel Aware": false,
  "Filter": "(SubPlan 1)",
  "Alias": "e",
  "Node Type": "Seq Scan",
  "Plan Width": 42,
  "Startup Cost": 0.0,
  "Plan Rows": 2501
}

------------------------------

Indicies Configuration #204:
Index hash on column ssn in table employee
Index btree on column dependent_name in table dependent
Index btree on column sex in table employee
Index btree on column sex in table dependent
Index hash on column fname in table employee

------------------------------

1. The Total Cost of the Plan = 666617.26
2. The Estimated Size of the Result Set = 2501
3. The Plan of the Query:
{
  "Total Cost": 666617.26,
  "Plans": [
    {
      "Parent Relationship": "SubPlan",
      "Total Cost": 253.98,
      "Relation Name": "dependent",
      "Parallel Aware": false,
      "Filter": "((e.fname \u003c\u003e dependent_name) AND (e.sex \u003c\u003e sex))",
      "Subplan Name": "SubPlan 1",
      "Alias": "d",
      "Node Type": "Seq Scan",
      "Plan Width": 4,
      "Startup Cost": 0.0,
      "Plan Rows": 4999
    }
  ],
  "Relation Name": "employee",
  "Parallel Aware": false,
  "Filter": "(SubPlan 1)",
  "Alias": "e",
  "Node Type": "Seq Scan",
  "Plan Width": 42,
  "Startup Cost": 0.0,
  "Plan Rows": 2501
}

------------------------------

Indicies Configuration #205:
Index hash on column ssn in table employee
Index btree on column dependent_name in table dependent
Index btree on column sex in table employee
Index hash on column sex in table dependent

------------------------------

1. The Total Cost of the Plan = 666617.26
2. The Estimated Size of the Result Set = 2501
3. The Plan of the Query:
{
  "Total Cost": 666617.26,
  "Plans": [
    {
      "Parent Relationship": "SubPlan",
      "Total Cost": 253.98,
      "Relation Name": "dependent",
      "Parallel Aware": false,
      "Filter": "((e.fname \u003c\u003e dependent_name) AND (e.sex \u003c\u003e sex))",
      "Subplan Name": "SubPlan 1",
      "Alias": "d",
      "Node Type": "Seq Scan",
      "Plan Width": 4,
      "Startup Cost": 0.0,
      "Plan Rows": 4999
    }
  ],
  "Relation Name": "employee",
  "Parallel Aware": false,
  "Filter": "(SubPlan 1)",
  "Alias": "e",
  "Node Type": "Seq Scan",
  "Plan Width": 42,
  "Startup Cost": 0.0,
  "Plan Rows": 2501
}

------------------------------

Indicies Configuration #206:
Index hash on column ssn in table employee
Index btree on column dependent_name in table dependent
Index btree on column sex in table employee
Index hash on column sex in table dependent
Index btree on column fname in table employee

------------------------------

1. The Total Cost of the Plan = 666617.26
2. The Estimated Size of the Result Set = 2501
3. The Plan of the Query:
{
  "Total Cost": 666617.26,
  "Plans": [
    {
      "Parent Relationship": "SubPlan",
      "Total Cost": 253.98,
      "Relation Name": "dependent",
      "Parallel Aware": false,
      "Filter": "((e.fname \u003c\u003e dependent_name) AND (e.sex \u003c\u003e sex))",
      "Subplan Name": "SubPlan 1",
      "Alias": "d",
      "Node Type": "Seq Scan",
      "Plan Width": 4,
      "Startup Cost": 0.0,
      "Plan Rows": 4999
    }
  ],
  "Relation Name": "employee",
  "Parallel Aware": false,
  "Filter": "(SubPlan 1)",
  "Alias": "e",
  "Node Type": "Seq Scan",
  "Plan Width": 42,
  "Startup Cost": 0.0,
  "Plan Rows": 2501
}

------------------------------

Indicies Configuration #207:
Index hash on column ssn in table employee
Index btree on column dependent_name in table dependent
Index btree on column sex in table employee
Index hash on column sex in table dependent
Index hash on column fname in table employee

------------------------------

1. The Total Cost of the Plan = 666617.26
2. The Estimated Size of the Result Set = 2501
3. The Plan of the Query:
{
  "Total Cost": 666617.26,
  "Plans": [
    {
      "Parent Relationship": "SubPlan",
      "Total Cost": 253.98,
      "Relation Name": "dependent",
      "Parallel Aware": false,
      "Filter": "((e.fname \u003c\u003e dependent_name) AND (e.sex \u003c\u003e sex))",
      "Subplan Name": "SubPlan 1",
      "Alias": "d",
      "Node Type": "Seq Scan",
      "Plan Width": 4,
      "Startup Cost": 0.0,
      "Plan Rows": 4999
    }
  ],
  "Relation Name": "employee",
  "Parallel Aware": false,
  "Filter": "(SubPlan 1)",
  "Alias": "e",
  "Node Type": "Seq Scan",
  "Plan Width": 42,
  "Startup Cost": 0.0,
  "Plan Rows": 2501
}

------------------------------

Indicies Configuration #208:
Index hash on column ssn in table employee
Index btree on column dependent_name in table dependent
Index hash on column sex in table employee

------------------------------

1. The Total Cost of the Plan = 666617.26
2. The Estimated Size of the Result Set = 2501
3. The Plan of the Query:
{
  "Total Cost": 666617.26,
  "Plans": [
    {
      "Parent Relationship": "SubPlan",
      "Total Cost": 253.98,
      "Relation Name": "dependent",
      "Parallel Aware": false,
      "Filter": "((e.fname \u003c\u003e dependent_name) AND (e.sex \u003c\u003e sex))",
      "Subplan Name": "SubPlan 1",
      "Alias": "d",
      "Node Type": "Seq Scan",
      "Plan Width": 4,
      "Startup Cost": 0.0,
      "Plan Rows": 4999
    }
  ],
  "Relation Name": "employee",
  "Parallel Aware": false,
  "Filter": "(SubPlan 1)",
  "Alias": "e",
  "Node Type": "Seq Scan",
  "Plan Width": 42,
  "Startup Cost": 0.0,
  "Plan Rows": 2501
}

------------------------------

Indicies Configuration #209:
Index hash on column ssn in table employee
Index btree on column dependent_name in table dependent
Index hash on column sex in table employee
Index btree on column fname in table employee

------------------------------

1. The Total Cost of the Plan = 666617.26
2. The Estimated Size of the Result Set = 2501
3. The Plan of the Query:
{
  "Total Cost": 666617.26,
  "Plans": [
    {
      "Parent Relationship": "SubPlan",
      "Total Cost": 253.98,
      "Relation Name": "dependent",
      "Parallel Aware": false,
      "Filter": "((e.fname \u003c\u003e dependent_name) AND (e.sex \u003c\u003e sex))",
      "Subplan Name": "SubPlan 1",
      "Alias": "d",
      "Node Type": "Seq Scan",
      "Plan Width": 4,
      "Startup Cost": 0.0,
      "Plan Rows": 4999
    }
  ],
  "Relation Name": "employee",
  "Parallel Aware": false,
  "Filter": "(SubPlan 1)",
  "Alias": "e",
  "Node Type": "Seq Scan",
  "Plan Width": 42,
  "Startup Cost": 0.0,
  "Plan Rows": 2501
}

------------------------------

Indicies Configuration #210:
Index hash on column ssn in table employee
Index btree on column dependent_name in table dependent
Index hash on column sex in table employee
Index hash on column fname in table employee

------------------------------

1. The Total Cost of the Plan = 666617.26
2. The Estimated Size of the Result Set = 2501
3. The Plan of the Query:
{
  "Total Cost": 666617.26,
  "Plans": [
    {
      "Parent Relationship": "SubPlan",
      "Total Cost": 253.98,
      "Relation Name": "dependent",
      "Parallel Aware": false,
      "Filter": "((e.fname \u003c\u003e dependent_name) AND (e.sex \u003c\u003e sex))",
      "Subplan Name": "SubPlan 1",
      "Alias": "d",
      "Node Type": "Seq Scan",
      "Plan Width": 4,
      "Startup Cost": 0.0,
      "Plan Rows": 4999
    }
  ],
  "Relation Name": "employee",
  "Parallel Aware": false,
  "Filter": "(SubPlan 1)",
  "Alias": "e",
  "Node Type": "Seq Scan",
  "Plan Width": 42,
  "Startup Cost": 0.0,
  "Plan Rows": 2501
}

------------------------------

Indicies Configuration #211:
Index hash on column ssn in table employee
Index btree on column dependent_name in table dependent
Index hash on column sex in table employee
Index btree on column sex in table dependent

------------------------------

1. The Total Cost of the Plan = 666617.26
2. The Estimated Size of the Result Set = 2501
3. The Plan of the Query:
{
  "Total Cost": 666617.26,
  "Plans": [
    {
      "Parent Relationship": "SubPlan",
      "Total Cost": 253.98,
      "Relation Name": "dependent",
      "Parallel Aware": false,
      "Filter": "((e.fname \u003c\u003e dependent_name) AND (e.sex \u003c\u003e sex))",
      "Subplan Name": "SubPlan 1",
      "Alias": "d",
      "Node Type": "Seq Scan",
      "Plan Width": 4,
      "Startup Cost": 0.0,
      "Plan Rows": 4999
    }
  ],
  "Relation Name": "employee",
  "Parallel Aware": false,
  "Filter": "(SubPlan 1)",
  "Alias": "e",
  "Node Type": "Seq Scan",
  "Plan Width": 42,
  "Startup Cost": 0.0,
  "Plan Rows": 2501
}

------------------------------

Indicies Configuration #212:
Index hash on column ssn in table employee
Index btree on column dependent_name in table dependent
Index hash on column sex in table employee
Index btree on column sex in table dependent
Index btree on column fname in table employee

------------------------------

1. The Total Cost of the Plan = 666617.26
2. The Estimated Size of the Result Set = 2501
3. The Plan of the Query:
{
  "Total Cost": 666617.26,
  "Plans": [
    {
      "Parent Relationship": "SubPlan",
      "Total Cost": 253.98,
      "Relation Name": "dependent",
      "Parallel Aware": false,
      "Filter": "((e.fname \u003c\u003e dependent_name) AND (e.sex \u003c\u003e sex))",
      "Subplan Name": "SubPlan 1",
      "Alias": "d",
      "Node Type": "Seq Scan",
      "Plan Width": 4,
      "Startup Cost": 0.0,
      "Plan Rows": 4999
    }
  ],
  "Relation Name": "employee",
  "Parallel Aware": false,
  "Filter": "(SubPlan 1)",
  "Alias": "e",
  "Node Type": "Seq Scan",
  "Plan Width": 42,
  "Startup Cost": 0.0,
  "Plan Rows": 2501
}

------------------------------

Indicies Configuration #213:
Index hash on column ssn in table employee
Index btree on column dependent_name in table dependent
Index hash on column sex in table employee
Index btree on column sex in table dependent
Index hash on column fname in table employee

------------------------------

1. The Total Cost of the Plan = 666617.26
2. The Estimated Size of the Result Set = 2501
3. The Plan of the Query:
{
  "Total Cost": 666617.26,
  "Plans": [
    {
      "Parent Relationship": "SubPlan",
      "Total Cost": 253.98,
      "Relation Name": "dependent",
      "Parallel Aware": false,
      "Filter": "((e.fname \u003c\u003e dependent_name) AND (e.sex \u003c\u003e sex))",
      "Subplan Name": "SubPlan 1",
      "Alias": "d",
      "Node Type": "Seq Scan",
      "Plan Width": 4,
      "Startup Cost": 0.0,
      "Plan Rows": 4999
    }
  ],
  "Relation Name": "employee",
  "Parallel Aware": false,
  "Filter": "(SubPlan 1)",
  "Alias": "e",
  "Node Type": "Seq Scan",
  "Plan Width": 42,
  "Startup Cost": 0.0,
  "Plan Rows": 2501
}

------------------------------

Indicies Configuration #214:
Index hash on column ssn in table employee
Index btree on column dependent_name in table dependent
Index hash on column sex in table employee
Index hash on column sex in table dependent

------------------------------

1. The Total Cost of the Plan = 666617.26
2. The Estimated Size of the Result Set = 2501
3. The Plan of the Query:
{
  "Total Cost": 666617.26,
  "Plans": [
    {
      "Parent Relationship": "SubPlan",
      "Total Cost": 253.98,
      "Relation Name": "dependent",
      "Parallel Aware": false,
      "Filter": "((e.fname \u003c\u003e dependent_name) AND (e.sex \u003c\u003e sex))",
      "Subplan Name": "SubPlan 1",
      "Alias": "d",
      "Node Type": "Seq Scan",
      "Plan Width": 4,
      "Startup Cost": 0.0,
      "Plan Rows": 4999
    }
  ],
  "Relation Name": "employee",
  "Parallel Aware": false,
  "Filter": "(SubPlan 1)",
  "Alias": "e",
  "Node Type": "Seq Scan",
  "Plan Width": 42,
  "Startup Cost": 0.0,
  "Plan Rows": 2501
}

------------------------------

Indicies Configuration #215:
Index hash on column ssn in table employee
Index btree on column dependent_name in table dependent
Index hash on column sex in table employee
Index hash on column sex in table dependent
Index btree on column fname in table employee

------------------------------

1. The Total Cost of the Plan = 666617.26
2. The Estimated Size of the Result Set = 2501
3. The Plan of the Query:
{
  "Total Cost": 666617.26,
  "Plans": [
    {
      "Parent Relationship": "SubPlan",
      "Total Cost": 253.98,
      "Relation Name": "dependent",
      "Parallel Aware": false,
      "Filter": "((e.fname \u003c\u003e dependent_name) AND (e.sex \u003c\u003e sex))",
      "Subplan Name": "SubPlan 1",
      "Alias": "d",
      "Node Type": "Seq Scan",
      "Plan Width": 4,
      "Startup Cost": 0.0,
      "Plan Rows": 4999
    }
  ],
  "Relation Name": "employee",
  "Parallel Aware": false,
  "Filter": "(SubPlan 1)",
  "Alias": "e",
  "Node Type": "Seq Scan",
  "Plan Width": 42,
  "Startup Cost": 0.0,
  "Plan Rows": 2501
}

------------------------------

Indicies Configuration #216:
Index hash on column ssn in table employee
Index btree on column dependent_name in table dependent
Index hash on column sex in table employee
Index hash on column sex in table dependent
Index hash on column fname in table employee

------------------------------

1. The Total Cost of the Plan = 666617.26
2. The Estimated Size of the Result Set = 2501
3. The Plan of the Query:
{
  "Total Cost": 666617.26,
  "Plans": [
    {
      "Parent Relationship": "SubPlan",
      "Total Cost": 253.98,
      "Relation Name": "dependent",
      "Parallel Aware": false,
      "Filter": "((e.fname \u003c\u003e dependent_name) AND (e.sex \u003c\u003e sex))",
      "Subplan Name": "SubPlan 1",
      "Alias": "d",
      "Node Type": "Seq Scan",
      "Plan Width": 4,
      "Startup Cost": 0.0,
      "Plan Rows": 4999
    }
  ],
  "Relation Name": "employee",
  "Parallel Aware": false,
  "Filter": "(SubPlan 1)",
  "Alias": "e",
  "Node Type": "Seq Scan",
  "Plan Width": 42,
  "Startup Cost": 0.0,
  "Plan Rows": 2501
}

------------------------------

Indicies Configuration #217:
Index hash on column ssn in table employee
Index hash on column dependent_name in table dependent

------------------------------

1. The Total Cost of the Plan = 666617.26
2. The Estimated Size of the Result Set = 2501
3. The Plan of the Query:
{
  "Total Cost": 666617.26,
  "Plans": [
    {
      "Parent Relationship": "SubPlan",
      "Total Cost": 253.98,
      "Relation Name": "dependent",
      "Parallel Aware": false,
      "Filter": "((e.fname \u003c\u003e dependent_name) AND (e.sex \u003c\u003e sex))",
      "Subplan Name": "SubPlan 1",
      "Alias": "d",
      "Node Type": "Seq Scan",
      "Plan Width": 4,
      "Startup Cost": 0.0,
      "Plan Rows": 4999
    }
  ],
  "Relation Name": "employee",
  "Parallel Aware": false,
  "Filter": "(SubPlan 1)",
  "Alias": "e",
  "Node Type": "Seq Scan",
  "Plan Width": 42,
  "Startup Cost": 0.0,
  "Plan Rows": 2501
}

------------------------------

Indicies Configuration #218:
Index hash on column ssn in table employee
Index hash on column dependent_name in table dependent
Index btree on column fname in table employee

------------------------------

1. The Total Cost of the Plan = 666617.26
2. The Estimated Size of the Result Set = 2501
3. The Plan of the Query:
{
  "Total Cost": 666617.26,
  "Plans": [
    {
      "Parent Relationship": "SubPlan",
      "Total Cost": 253.98,
      "Relation Name": "dependent",
      "Parallel Aware": false,
      "Filter": "((e.fname \u003c\u003e dependent_name) AND (e.sex \u003c\u003e sex))",
      "Subplan Name": "SubPlan 1",
      "Alias": "d",
      "Node Type": "Seq Scan",
      "Plan Width": 4,
      "Startup Cost": 0.0,
      "Plan Rows": 4999
    }
  ],
  "Relation Name": "employee",
  "Parallel Aware": false,
  "Filter": "(SubPlan 1)",
  "Alias": "e",
  "Node Type": "Seq Scan",
  "Plan Width": 42,
  "Startup Cost": 0.0,
  "Plan Rows": 2501
}

------------------------------

Indicies Configuration #219:
Index hash on column ssn in table employee
Index hash on column dependent_name in table dependent
Index hash on column fname in table employee

------------------------------

1. The Total Cost of the Plan = 666617.26
2. The Estimated Size of the Result Set = 2501
3. The Plan of the Query:
{
  "Total Cost": 666617.26,
  "Plans": [
    {
      "Parent Relationship": "SubPlan",
      "Total Cost": 253.98,
      "Relation Name": "dependent",
      "Parallel Aware": false,
      "Filter": "((e.fname \u003c\u003e dependent_name) AND (e.sex \u003c\u003e sex))",
      "Subplan Name": "SubPlan 1",
      "Alias": "d",
      "Node Type": "Seq Scan",
      "Plan Width": 4,
      "Startup Cost": 0.0,
      "Plan Rows": 4999
    }
  ],
  "Relation Name": "employee",
  "Parallel Aware": false,
  "Filter": "(SubPlan 1)",
  "Alias": "e",
  "Node Type": "Seq Scan",
  "Plan Width": 42,
  "Startup Cost": 0.0,
  "Plan Rows": 2501
}

------------------------------

Indicies Configuration #220:
Index hash on column ssn in table employee
Index hash on column dependent_name in table dependent
Index btree on column sex in table dependent

------------------------------

1. The Total Cost of the Plan = 666617.26
2. The Estimated Size of the Result Set = 2501
3. The Plan of the Query:
{
  "Total Cost": 666617.26,
  "Plans": [
    {
      "Parent Relationship": "SubPlan",
      "Total Cost": 253.98,
      "Relation Name": "dependent",
      "Parallel Aware": false,
      "Filter": "((e.fname \u003c\u003e dependent_name) AND (e.sex \u003c\u003e sex))",
      "Subplan Name": "SubPlan 1",
      "Alias": "d",
      "Node Type": "Seq Scan",
      "Plan Width": 4,
      "Startup Cost": 0.0,
      "Plan Rows": 4999
    }
  ],
  "Relation Name": "employee",
  "Parallel Aware": false,
  "Filter": "(SubPlan 1)",
  "Alias": "e",
  "Node Type": "Seq Scan",
  "Plan Width": 42,
  "Startup Cost": 0.0,
  "Plan Rows": 2501
}

------------------------------

Indicies Configuration #221:
Index hash on column ssn in table employee
Index hash on column dependent_name in table dependent
Index btree on column sex in table dependent
Index btree on column fname in table employee

------------------------------

1. The Total Cost of the Plan = 666617.26
2. The Estimated Size of the Result Set = 2501
3. The Plan of the Query:
{
  "Total Cost": 666617.26,
  "Plans": [
    {
      "Parent Relationship": "SubPlan",
      "Total Cost": 253.98,
      "Relation Name": "dependent",
      "Parallel Aware": false,
      "Filter": "((e.fname \u003c\u003e dependent_name) AND (e.sex \u003c\u003e sex))",
      "Subplan Name": "SubPlan 1",
      "Alias": "d",
      "Node Type": "Seq Scan",
      "Plan Width": 4,
      "Startup Cost": 0.0,
      "Plan Rows": 4999
    }
  ],
  "Relation Name": "employee",
  "Parallel Aware": false,
  "Filter": "(SubPlan 1)",
  "Alias": "e",
  "Node Type": "Seq Scan",
  "Plan Width": 42,
  "Startup Cost": 0.0,
  "Plan Rows": 2501
}

------------------------------

Indicies Configuration #222:
Index hash on column ssn in table employee
Index hash on column dependent_name in table dependent
Index btree on column sex in table dependent
Index hash on column fname in table employee

------------------------------

1. The Total Cost of the Plan = 666617.26
2. The Estimated Size of the Result Set = 2501
3. The Plan of the Query:
{
  "Total Cost": 666617.26,
  "Plans": [
    {
      "Parent Relationship": "SubPlan",
      "Total Cost": 253.98,
      "Relation Name": "dependent",
      "Parallel Aware": false,
      "Filter": "((e.fname \u003c\u003e dependent_name) AND (e.sex \u003c\u003e sex))",
      "Subplan Name": "SubPlan 1",
      "Alias": "d",
      "Node Type": "Seq Scan",
      "Plan Width": 4,
      "Startup Cost": 0.0,
      "Plan Rows": 4999
    }
  ],
  "Relation Name": "employee",
  "Parallel Aware": false,
  "Filter": "(SubPlan 1)",
  "Alias": "e",
  "Node Type": "Seq Scan",
  "Plan Width": 42,
  "Startup Cost": 0.0,
  "Plan Rows": 2501
}

------------------------------

Indicies Configuration #223:
Index hash on column ssn in table employee
Index hash on column dependent_name in table dependent
Index hash on column sex in table dependent

------------------------------

1. The Total Cost of the Plan = 666617.26
2. The Estimated Size of the Result Set = 2501
3. The Plan of the Query:
{
  "Total Cost": 666617.26,
  "Plans": [
    {
      "Parent Relationship": "SubPlan",
      "Total Cost": 253.98,
      "Relation Name": "dependent",
      "Parallel Aware": false,
      "Filter": "((e.fname \u003c\u003e dependent_name) AND (e.sex \u003c\u003e sex))",
      "Subplan Name": "SubPlan 1",
      "Alias": "d",
      "Node Type": "Seq Scan",
      "Plan Width": 4,
      "Startup Cost": 0.0,
      "Plan Rows": 4999
    }
  ],
  "Relation Name": "employee",
  "Parallel Aware": false,
  "Filter": "(SubPlan 1)",
  "Alias": "e",
  "Node Type": "Seq Scan",
  "Plan Width": 42,
  "Startup Cost": 0.0,
  "Plan Rows": 2501
}

------------------------------

Indicies Configuration #224:
Index hash on column ssn in table employee
Index hash on column dependent_name in table dependent
Index hash on column sex in table dependent
Index btree on column fname in table employee

------------------------------

1. The Total Cost of the Plan = 666617.26
2. The Estimated Size of the Result Set = 2501
3. The Plan of the Query:
{
  "Total Cost": 666617.26,
  "Plans": [
    {
      "Parent Relationship": "SubPlan",
      "Total Cost": 253.98,
      "Relation Name": "dependent",
      "Parallel Aware": false,
      "Filter": "((e.fname \u003c\u003e dependent_name) AND (e.sex \u003c\u003e sex))",
      "Subplan Name": "SubPlan 1",
      "Alias": "d",
      "Node Type": "Seq Scan",
      "Plan Width": 4,
      "Startup Cost": 0.0,
      "Plan Rows": 4999
    }
  ],
  "Relation Name": "employee",
  "Parallel Aware": false,
  "Filter": "(SubPlan 1)",
  "Alias": "e",
  "Node Type": "Seq Scan",
  "Plan Width": 42,
  "Startup Cost": 0.0,
  "Plan Rows": 2501
}

------------------------------

Indicies Configuration #225:
Index hash on column ssn in table employee
Index hash on column dependent_name in table dependent
Index hash on column sex in table dependent
Index hash on column fname in table employee

------------------------------

1. The Total Cost of the Plan = 666617.26
2. The Estimated Size of the Result Set = 2501
3. The Plan of the Query:
{
  "Total Cost": 666617.26,
  "Plans": [
    {
      "Parent Relationship": "SubPlan",
      "Total Cost": 253.98,
      "Relation Name": "dependent",
      "Parallel Aware": false,
      "Filter": "((e.fname \u003c\u003e dependent_name) AND (e.sex \u003c\u003e sex))",
      "Subplan Name": "SubPlan 1",
      "Alias": "d",
      "Node Type": "Seq Scan",
      "Plan Width": 4,
      "Startup Cost": 0.0,
      "Plan Rows": 4999
    }
  ],
  "Relation Name": "employee",
  "Parallel Aware": false,
  "Filter": "(SubPlan 1)",
  "Alias": "e",
  "Node Type": "Seq Scan",
  "Plan Width": 42,
  "Startup Cost": 0.0,
  "Plan Rows": 2501
}

------------------------------

Indicies Configuration #226:
Index hash on column ssn in table employee
Index hash on column dependent_name in table dependent
Index btree on column sex in table employee

------------------------------

1. The Total Cost of the Plan = 666617.26
2. The Estimated Size of the Result Set = 2501
3. The Plan of the Query:
{
  "Total Cost": 666617.26,
  "Plans": [
    {
      "Parent Relationship": "SubPlan",
      "Total Cost": 253.98,
      "Relation Name": "dependent",
      "Parallel Aware": false,
      "Filter": "((e.fname \u003c\u003e dependent_name) AND (e.sex \u003c\u003e sex))",
      "Subplan Name": "SubPlan 1",
      "Alias": "d",
      "Node Type": "Seq Scan",
      "Plan Width": 4,
      "Startup Cost": 0.0,
      "Plan Rows": 4999
    }
  ],
  "Relation Name": "employee",
  "Parallel Aware": false,
  "Filter": "(SubPlan 1)",
  "Alias": "e",
  "Node Type": "Seq Scan",
  "Plan Width": 42,
  "Startup Cost": 0.0,
  "Plan Rows": 2501
}

------------------------------

Indicies Configuration #227:
Index hash on column ssn in table employee
Index hash on column dependent_name in table dependent
Index btree on column sex in table employee
Index btree on column fname in table employee

------------------------------

1. The Total Cost of the Plan = 666617.26
2. The Estimated Size of the Result Set = 2501
3. The Plan of the Query:
{
  "Total Cost": 666617.26,
  "Plans": [
    {
      "Parent Relationship": "SubPlan",
      "Total Cost": 253.98,
      "Relation Name": "dependent",
      "Parallel Aware": false,
      "Filter": "((e.fname \u003c\u003e dependent_name) AND (e.sex \u003c\u003e sex))",
      "Subplan Name": "SubPlan 1",
      "Alias": "d",
      "Node Type": "Seq Scan",
      "Plan Width": 4,
      "Startup Cost": 0.0,
      "Plan Rows": 4999
    }
  ],
  "Relation Name": "employee",
  "Parallel Aware": false,
  "Filter": "(SubPlan 1)",
  "Alias": "e",
  "Node Type": "Seq Scan",
  "Plan Width": 42,
  "Startup Cost": 0.0,
  "Plan Rows": 2501
}

------------------------------

Indicies Configuration #228:
Index hash on column ssn in table employee
Index hash on column dependent_name in table dependent
Index btree on column sex in table employee
Index hash on column fname in table employee

------------------------------

1. The Total Cost of the Plan = 666617.26
2. The Estimated Size of the Result Set = 2501
3. The Plan of the Query:
{
  "Total Cost": 666617.26,
  "Plans": [
    {
      "Parent Relationship": "SubPlan",
      "Total Cost": 253.98,
      "Relation Name": "dependent",
      "Parallel Aware": false,
      "Filter": "((e.fname \u003c\u003e dependent_name) AND (e.sex \u003c\u003e sex))",
      "Subplan Name": "SubPlan 1",
      "Alias": "d",
      "Node Type": "Seq Scan",
      "Plan Width": 4,
      "Startup Cost": 0.0,
      "Plan Rows": 4999
    }
  ],
  "Relation Name": "employee",
  "Parallel Aware": false,
  "Filter": "(SubPlan 1)",
  "Alias": "e",
  "Node Type": "Seq Scan",
  "Plan Width": 42,
  "Startup Cost": 0.0,
  "Plan Rows": 2501
}

------------------------------

Indicies Configuration #229:
Index hash on column ssn in table employee
Index hash on column dependent_name in table dependent
Index btree on column sex in table employee
Index btree on column sex in table dependent

------------------------------

1. The Total Cost of the Plan = 666617.26
2. The Estimated Size of the Result Set = 2501
3. The Plan of the Query:
{
  "Total Cost": 666617.26,
  "Plans": [
    {
      "Parent Relationship": "SubPlan",
      "Total Cost": 253.98,
      "Relation Name": "dependent",
      "Parallel Aware": false,
      "Filter": "((e.fname \u003c\u003e dependent_name) AND (e.sex \u003c\u003e sex))",
      "Subplan Name": "SubPlan 1",
      "Alias": "d",
      "Node Type": "Seq Scan",
      "Plan Width": 4,
      "Startup Cost": 0.0,
      "Plan Rows": 4999
    }
  ],
  "Relation Name": "employee",
  "Parallel Aware": false,
  "Filter": "(SubPlan 1)",
  "Alias": "e",
  "Node Type": "Seq Scan",
  "Plan Width": 42,
  "Startup Cost": 0.0,
  "Plan Rows": 2501
}

------------------------------

Indicies Configuration #230:
Index hash on column ssn in table employee
Index hash on column dependent_name in table dependent
Index btree on column sex in table employee
Index btree on column sex in table dependent
Index btree on column fname in table employee

------------------------------

1. The Total Cost of the Plan = 666617.26
2. The Estimated Size of the Result Set = 2501
3. The Plan of the Query:
{
  "Total Cost": 666617.26,
  "Plans": [
    {
      "Parent Relationship": "SubPlan",
      "Total Cost": 253.98,
      "Relation Name": "dependent",
      "Parallel Aware": false,
      "Filter": "((e.fname \u003c\u003e dependent_name) AND (e.sex \u003c\u003e sex))",
      "Subplan Name": "SubPlan 1",
      "Alias": "d",
      "Node Type": "Seq Scan",
      "Plan Width": 4,
      "Startup Cost": 0.0,
      "Plan Rows": 4999
    }
  ],
  "Relation Name": "employee",
  "Parallel Aware": false,
  "Filter": "(SubPlan 1)",
  "Alias": "e",
  "Node Type": "Seq Scan",
  "Plan Width": 42,
  "Startup Cost": 0.0,
  "Plan Rows": 2501
}

------------------------------

Indicies Configuration #231:
Index hash on column ssn in table employee
Index hash on column dependent_name in table dependent
Index btree on column sex in table employee
Index btree on column sex in table dependent
Index hash on column fname in table employee

------------------------------

1. The Total Cost of the Plan = 666617.26
2. The Estimated Size of the Result Set = 2501
3. The Plan of the Query:
{
  "Total Cost": 666617.26,
  "Plans": [
    {
      "Parent Relationship": "SubPlan",
      "Total Cost": 253.98,
      "Relation Name": "dependent",
      "Parallel Aware": false,
      "Filter": "((e.fname \u003c\u003e dependent_name) AND (e.sex \u003c\u003e sex))",
      "Subplan Name": "SubPlan 1",
      "Alias": "d",
      "Node Type": "Seq Scan",
      "Plan Width": 4,
      "Startup Cost": 0.0,
      "Plan Rows": 4999
    }
  ],
  "Relation Name": "employee",
  "Parallel Aware": false,
  "Filter": "(SubPlan 1)",
  "Alias": "e",
  "Node Type": "Seq Scan",
  "Plan Width": 42,
  "Startup Cost": 0.0,
  "Plan Rows": 2501
}

------------------------------

Indicies Configuration #232:
Index hash on column ssn in table employee
Index hash on column dependent_name in table dependent
Index btree on column sex in table employee
Index hash on column sex in table dependent

------------------------------

1. The Total Cost of the Plan = 666617.26
2. The Estimated Size of the Result Set = 2501
3. The Plan of the Query:
{
  "Total Cost": 666617.26,
  "Plans": [
    {
      "Parent Relationship": "SubPlan",
      "Total Cost": 253.98,
      "Relation Name": "dependent",
      "Parallel Aware": false,
      "Filter": "((e.fname \u003c\u003e dependent_name) AND (e.sex \u003c\u003e sex))",
      "Subplan Name": "SubPlan 1",
      "Alias": "d",
      "Node Type": "Seq Scan",
      "Plan Width": 4,
      "Startup Cost": 0.0,
      "Plan Rows": 4999
    }
  ],
  "Relation Name": "employee",
  "Parallel Aware": false,
  "Filter": "(SubPlan 1)",
  "Alias": "e",
  "Node Type": "Seq Scan",
  "Plan Width": 42,
  "Startup Cost": 0.0,
  "Plan Rows": 2501
}

------------------------------

Indicies Configuration #233:
Index hash on column ssn in table employee
Index hash on column dependent_name in table dependent
Index btree on column sex in table employee
Index hash on column sex in table dependent
Index btree on column fname in table employee

------------------------------

1. The Total Cost of the Plan = 666617.26
2. The Estimated Size of the Result Set = 2501
3. The Plan of the Query:
{
  "Total Cost": 666617.26,
  "Plans": [
    {
      "Parent Relationship": "SubPlan",
      "Total Cost": 253.98,
      "Relation Name": "dependent",
      "Parallel Aware": false,
      "Filter": "((e.fname \u003c\u003e dependent_name) AND (e.sex \u003c\u003e sex))",
      "Subplan Name": "SubPlan 1",
      "Alias": "d",
      "Node Type": "Seq Scan",
      "Plan Width": 4,
      "Startup Cost": 0.0,
      "Plan Rows": 4999
    }
  ],
  "Relation Name": "employee",
  "Parallel Aware": false,
  "Filter": "(SubPlan 1)",
  "Alias": "e",
  "Node Type": "Seq Scan",
  "Plan Width": 42,
  "Startup Cost": 0.0,
  "Plan Rows": 2501
}

------------------------------

Indicies Configuration #234:
Index hash on column ssn in table employee
Index hash on column dependent_name in table dependent
Index btree on column sex in table employee
Index hash on column sex in table dependent
Index hash on column fname in table employee

------------------------------

1. The Total Cost of the Plan = 666617.26
2. The Estimated Size of the Result Set = 2501
3. The Plan of the Query:
{
  "Total Cost": 666617.26,
  "Plans": [
    {
      "Parent Relationship": "SubPlan",
      "Total Cost": 253.98,
      "Relation Name": "dependent",
      "Parallel Aware": false,
      "Filter": "((e.fname \u003c\u003e dependent_name) AND (e.sex \u003c\u003e sex))",
      "Subplan Name": "SubPlan 1",
      "Alias": "d",
      "Node Type": "Seq Scan",
      "Plan Width": 4,
      "Startup Cost": 0.0,
      "Plan Rows": 4999
    }
  ],
  "Relation Name": "employee",
  "Parallel Aware": false,
  "Filter": "(SubPlan 1)",
  "Alias": "e",
  "Node Type": "Seq Scan",
  "Plan Width": 42,
  "Startup Cost": 0.0,
  "Plan Rows": 2501
}

------------------------------

Indicies Configuration #235:
Index hash on column ssn in table employee
Index hash on column dependent_name in table dependent
Index hash on column sex in table employee

------------------------------

1. The Total Cost of the Plan = 666617.26
2. The Estimated Size of the Result Set = 2501
3. The Plan of the Query:
{
  "Total Cost": 666617.26,
  "Plans": [
    {
      "Parent Relationship": "SubPlan",
      "Total Cost": 253.98,
      "Relation Name": "dependent",
      "Parallel Aware": false,
      "Filter": "((e.fname \u003c\u003e dependent_name) AND (e.sex \u003c\u003e sex))",
      "Subplan Name": "SubPlan 1",
      "Alias": "d",
      "Node Type": "Seq Scan",
      "Plan Width": 4,
      "Startup Cost": 0.0,
      "Plan Rows": 4999
    }
  ],
  "Relation Name": "employee",
  "Parallel Aware": false,
  "Filter": "(SubPlan 1)",
  "Alias": "e",
  "Node Type": "Seq Scan",
  "Plan Width": 42,
  "Startup Cost": 0.0,
  "Plan Rows": 2501
}

------------------------------

Indicies Configuration #236:
Index hash on column ssn in table employee
Index hash on column dependent_name in table dependent
Index hash on column sex in table employee
Index btree on column fname in table employee

------------------------------

1. The Total Cost of the Plan = 666617.26
2. The Estimated Size of the Result Set = 2501
3. The Plan of the Query:
{
  "Total Cost": 666617.26,
  "Plans": [
    {
      "Parent Relationship": "SubPlan",
      "Total Cost": 253.98,
      "Relation Name": "dependent",
      "Parallel Aware": false,
      "Filter": "((e.fname \u003c\u003e dependent_name) AND (e.sex \u003c\u003e sex))",
      "Subplan Name": "SubPlan 1",
      "Alias": "d",
      "Node Type": "Seq Scan",
      "Plan Width": 4,
      "Startup Cost": 0.0,
      "Plan Rows": 4999
    }
  ],
  "Relation Name": "employee",
  "Parallel Aware": false,
  "Filter": "(SubPlan 1)",
  "Alias": "e",
  "Node Type": "Seq Scan",
  "Plan Width": 42,
  "Startup Cost": 0.0,
  "Plan Rows": 2501
}

------------------------------

Indicies Configuration #237:
Index hash on column ssn in table employee
Index hash on column dependent_name in table dependent
Index hash on column sex in table employee
Index hash on column fname in table employee

------------------------------

1. The Total Cost of the Plan = 666617.26
2. The Estimated Size of the Result Set = 2501
3. The Plan of the Query:
{
  "Total Cost": 666617.26,
  "Plans": [
    {
      "Parent Relationship": "SubPlan",
      "Total Cost": 253.98,
      "Relation Name": "dependent",
      "Parallel Aware": false,
      "Filter": "((e.fname \u003c\u003e dependent_name) AND (e.sex \u003c\u003e sex))",
      "Subplan Name": "SubPlan 1",
      "Alias": "d",
      "Node Type": "Seq Scan",
      "Plan Width": 4,
      "Startup Cost": 0.0,
      "Plan Rows": 4999
    }
  ],
  "Relation Name": "employee",
  "Parallel Aware": false,
  "Filter": "(SubPlan 1)",
  "Alias": "e",
  "Node Type": "Seq Scan",
  "Plan Width": 42,
  "Startup Cost": 0.0,
  "Plan Rows": 2501
}

------------------------------

Indicies Configuration #238:
Index hash on column ssn in table employee
Index hash on column dependent_name in table dependent
Index hash on column sex in table employee
Index btree on column sex in table dependent

------------------------------

1. The Total Cost of the Plan = 666617.26
2. The Estimated Size of the Result Set = 2501
3. The Plan of the Query:
{
  "Total Cost": 666617.26,
  "Plans": [
    {
      "Parent Relationship": "SubPlan",
      "Total Cost": 253.98,
      "Relation Name": "dependent",
      "Parallel Aware": false,
      "Filter": "((e.fname \u003c\u003e dependent_name) AND (e.sex \u003c\u003e sex))",
      "Subplan Name": "SubPlan 1",
      "Alias": "d",
      "Node Type": "Seq Scan",
      "Plan Width": 4,
      "Startup Cost": 0.0,
      "Plan Rows": 4999
    }
  ],
  "Relation Name": "employee",
  "Parallel Aware": false,
  "Filter": "(SubPlan 1)",
  "Alias": "e",
  "Node Type": "Seq Scan",
  "Plan Width": 42,
  "Startup Cost": 0.0,
  "Plan Rows": 2501
}

------------------------------

Indicies Configuration #239:
Index hash on column ssn in table employee
Index hash on column dependent_name in table dependent
Index hash on column sex in table employee
Index btree on column sex in table dependent
Index btree on column fname in table employee

------------------------------

1. The Total Cost of the Plan = 666617.26
2. The Estimated Size of the Result Set = 2501
3. The Plan of the Query:
{
  "Total Cost": 666617.26,
  "Plans": [
    {
      "Parent Relationship": "SubPlan",
      "Total Cost": 253.98,
      "Relation Name": "dependent",
      "Parallel Aware": false,
      "Filter": "((e.fname \u003c\u003e dependent_name) AND (e.sex \u003c\u003e sex))",
      "Subplan Name": "SubPlan 1",
      "Alias": "d",
      "Node Type": "Seq Scan",
      "Plan Width": 4,
      "Startup Cost": 0.0,
      "Plan Rows": 4999
    }
  ],
  "Relation Name": "employee",
  "Parallel Aware": false,
  "Filter": "(SubPlan 1)",
  "Alias": "e",
  "Node Type": "Seq Scan",
  "Plan Width": 42,
  "Startup Cost": 0.0,
  "Plan Rows": 2501
}

------------------------------

Indicies Configuration #240:
Index hash on column ssn in table employee
Index hash on column dependent_name in table dependent
Index hash on column sex in table employee
Index btree on column sex in table dependent
Index hash on column fname in table employee

------------------------------

1. The Total Cost of the Plan = 666617.26
2. The Estimated Size of the Result Set = 2501
3. The Plan of the Query:
{
  "Total Cost": 666617.26,
  "Plans": [
    {
      "Parent Relationship": "SubPlan",
      "Total Cost": 253.98,
      "Relation Name": "dependent",
      "Parallel Aware": false,
      "Filter": "((e.fname \u003c\u003e dependent_name) AND (e.sex \u003c\u003e sex))",
      "Subplan Name": "SubPlan 1",
      "Alias": "d",
      "Node Type": "Seq Scan",
      "Plan Width": 4,
      "Startup Cost": 0.0,
      "Plan Rows": 4999
    }
  ],
  "Relation Name": "employee",
  "Parallel Aware": false,
  "Filter": "(SubPlan 1)",
  "Alias": "e",
  "Node Type": "Seq Scan",
  "Plan Width": 42,
  "Startup Cost": 0.0,
  "Plan Rows": 2501
}

------------------------------

Indicies Configuration #241:
Index hash on column ssn in table employee
Index hash on column dependent_name in table dependent
Index hash on column sex in table employee
Index hash on column sex in table dependent

------------------------------

1. The Total Cost of the Plan = 666617.26
2. The Estimated Size of the Result Set = 2501
3. The Plan of the Query:
{
  "Total Cost": 666617.26,
  "Plans": [
    {
      "Parent Relationship": "SubPlan",
      "Total Cost": 253.98,
      "Relation Name": "dependent",
      "Parallel Aware": false,
      "Filter": "((e.fname \u003c\u003e dependent_name) AND (e.sex \u003c\u003e sex))",
      "Subplan Name": "SubPlan 1",
      "Alias": "d",
      "Node Type": "Seq Scan",
      "Plan Width": 4,
      "Startup Cost": 0.0,
      "Plan Rows": 4999
    }
  ],
  "Relation Name": "employee",
  "Parallel Aware": false,
  "Filter": "(SubPlan 1)",
  "Alias": "e",
  "Node Type": "Seq Scan",
  "Plan Width": 42,
  "Startup Cost": 0.0,
  "Plan Rows": 2501
}

------------------------------

Indicies Configuration #242:
Index hash on column ssn in table employee
Index hash on column dependent_name in table dependent
Index hash on column sex in table employee
Index hash on column sex in table dependent
Index btree on column fname in table employee

------------------------------

1. The Total Cost of the Plan = 666617.26
2. The Estimated Size of the Result Set = 2501
3. The Plan of the Query:
{
  "Total Cost": 666617.26,
  "Plans": [
    {
      "Parent Relationship": "SubPlan",
      "Total Cost": 253.98,
      "Relation Name": "dependent",
      "Parallel Aware": false,
      "Filter": "((e.fname \u003c\u003e dependent_name) AND (e.sex \u003c\u003e sex))",
      "Subplan Name": "SubPlan 1",
      "Alias": "d",
      "Node Type": "Seq Scan",
      "Plan Width": 4,
      "Startup Cost": 0.0,
      "Plan Rows": 4999
    }
  ],
  "Relation Name": "employee",
  "Parallel Aware": false,
  "Filter": "(SubPlan 1)",
  "Alias": "e",
  "Node Type": "Seq Scan",
  "Plan Width": 42,
  "Startup Cost": 0.0,
  "Plan Rows": 2501
}

------------------------------

Indicies Configuration #243:
Index hash on column ssn in table employee
Index hash on column dependent_name in table dependent
Index hash on column sex in table employee
Index hash on column sex in table dependent
Index hash on column fname in table employee

------------------------------

1. The Total Cost of the Plan = 666617.26
2. The Estimated Size of the Result Set = 2501
3. The Plan of the Query:
{
  "Total Cost": 666617.26,
  "Plans": [
    {
      "Parent Relationship": "SubPlan",
      "Total Cost": 253.98,
      "Relation Name": "dependent",
      "Parallel Aware": false,
      "Filter": "((e.fname \u003c\u003e dependent_name) AND (e.sex \u003c\u003e sex))",
      "Subplan Name": "SubPlan 1",
      "Alias": "d",
      "Node Type": "Seq Scan",
      "Plan Width": 4,
      "Startup Cost": 0.0,
      "Plan Rows": 4999
    }
  ],
  "Relation Name": "employee",
  "Parallel Aware": false,
  "Filter": "(SubPlan 1)",
  "Alias": "e",
  "Node Type": "Seq Scan",
  "Plan Width": 42,
  "Startup Cost": 0.0,
  "Plan Rows": 2501
}
The Optimal Configuration is Number 1 with Total Cost = 666617.260000

##############################

End of Query Analyzation

##############################

