Query #12:
Connected to Database: "schema4"

Running Query:
 select mov_title 
from   movie 
where  mov_id=(
select mov_id 
from movie_direction 
where dir_id=
(select dir_id 
from director 
where dir_fname='actor1'
and 
dir_lname='actor1'));

Query Result Set:

------------------------------

mov_title                     
movie1                                             


End of Results
The Size of the Result Set = 1

##############################


------------------------------

Indicies Configuration #1:
No Indicies Used

------------------------------

1. The Total Cost of the Plan = 65.59
2. The Estimated Size of the Result Set = 1
3. The Plan of the Query:
{
  "Total Cost": 65.59,
  "Plans": [
    {
      "Parent Relationship": "InitPlan",
      "Relation Name": "movie_direction",
      "Subplan Name": "InitPlan 2 (returns $1)",
      "Index Name": "movie_direction_pkey",
      "Plan Width": 4,
      "Plan Rows": 1,
      "Total Cost": 57.29,
      "Plans": [
        {
          "Parent Relationship": "InitPlan",
          "Total Cost": 49.0,
          "Relation Name": "director",
          "Parallel Aware": false,
          "Filter": "((dir_fname \u003d \u0027actor1\u0027::bpchar) AND (dir_lname \u003d \u0027actor1\u0027::bpchar))",
          "Subplan Name": "InitPlan 1 (returns $0)",
          "Alias": "director",
          "Node Type": "Seq Scan",
          "Plan Width": 4,
          "Startup Cost": 0.0,
          "Plan Rows": 1
        }
      ],
      "Scan Direction": "Forward",
      "Parallel Aware": false,
      "Alias": "movie_direction",
      "Node Type": "Index Only Scan",
      "Startup Cost": 49.27,
      "Index Cond": "(dir_id \u003d $0)"
    }
  ],
  "Scan Direction": "Forward",
  "Relation Name": "movie",
  "Parallel Aware": false,
  "Alias": "movie",
  "Node Type": "Index Scan",
  "Index Name": "movie_pkey",
  "Plan Width": 51,
  "Startup Cost": 57.57,
  "Index Cond": "(mov_id \u003d $1)",
  "Plan Rows": 1
}

------------------------------

Indicies Configuration #2:
Index btree on column dir_lname in table director

------------------------------

1. The Total Cost of the Plan = 24.88
2. The Estimated Size of the Result Set = 1
3. The Plan of the Query:
{
  "Total Cost": 24.88,
  "Plans": [
    {
      "Parent Relationship": "InitPlan",
      "Relation Name": "movie_direction",
      "Subplan Name": "InitPlan 2 (returns $1)",
      "Index Name": "movie_direction_pkey",
      "Plan Width": 4,
      "Plan Rows": 1,
      "Total Cost": 16.59,
      "Plans": [
        {
          "Parent Relationship": "InitPlan",
          "Relation Name": "director",
          "Subplan Name": "InitPlan 1 (returns $0)",
          "Index Name": "idx_director_dir_lname",
          "Plan Width": 4,
          "Plan Rows": 1,
          "Total Cost": 8.3,
          "Scan Direction": "Forward",
          "Parallel Aware": false,
          "Filter": "(dir_fname \u003d \u0027actor1\u0027::bpchar)",
          "Alias": "director",
          "Node Type": "Index Scan",
          "Startup Cost": 0.28,
          "Index Cond": "(dir_lname \u003d \u0027actor1\u0027::bpchar)"
        }
      ],
      "Scan Direction": "Forward",
      "Parallel Aware": false,
      "Alias": "movie_direction",
      "Node Type": "Index Only Scan",
      "Startup Cost": 8.57,
      "Index Cond": "(dir_id \u003d $0)"
    }
  ],
  "Scan Direction": "Forward",
  "Relation Name": "movie",
  "Parallel Aware": false,
  "Alias": "movie",
  "Node Type": "Index Scan",
  "Index Name": "movie_pkey",
  "Plan Width": 51,
  "Startup Cost": 16.86,
  "Index Cond": "(mov_id \u003d $1)",
  "Plan Rows": 1
}

------------------------------

Indicies Configuration #3:
Index hash on column dir_lname in table director

------------------------------

1. The Total Cost of the Plan = 24.61
2. The Estimated Size of the Result Set = 1
3. The Plan of the Query:
{
  "Total Cost": 24.61,
  "Plans": [
    {
      "Parent Relationship": "InitPlan",
      "Relation Name": "movie_direction",
      "Subplan Name": "InitPlan 2 (returns $1)",
      "Index Name": "movie_direction_pkey",
      "Plan Width": 4,
      "Plan Rows": 1,
      "Total Cost": 16.31,
      "Plans": [
        {
          "Parent Relationship": "InitPlan",
          "Relation Name": "director",
          "Subplan Name": "InitPlan 1 (returns $0)",
          "Index Name": "idx_director_dir_lname",
          "Plan Width": 4,
          "Plan Rows": 1,
          "Total Cost": 8.02,
          "Scan Direction": "NoMovement",
          "Parallel Aware": false,
          "Filter": "(dir_fname \u003d \u0027actor1\u0027::bpchar)",
          "Alias": "director",
          "Node Type": "Index Scan",
          "Startup Cost": 0.0,
          "Index Cond": "(dir_lname \u003d \u0027actor1\u0027::bpchar)"
        }
      ],
      "Scan Direction": "Forward",
      "Parallel Aware": false,
      "Alias": "movie_direction",
      "Node Type": "Index Only Scan",
      "Startup Cost": 8.29,
      "Index Cond": "(dir_id \u003d $0)"
    }
  ],
  "Scan Direction": "Forward",
  "Relation Name": "movie",
  "Parallel Aware": false,
  "Alias": "movie",
  "Node Type": "Index Scan",
  "Index Name": "movie_pkey",
  "Plan Width": 51,
  "Startup Cost": 16.59,
  "Index Cond": "(mov_id \u003d $1)",
  "Plan Rows": 1
}

------------------------------

Indicies Configuration #4:
Index btree on column dir_fname in table director

------------------------------

1. The Total Cost of the Plan = 24.88
2. The Estimated Size of the Result Set = 1
3. The Plan of the Query:
{
  "Total Cost": 24.88,
  "Plans": [
    {
      "Parent Relationship": "InitPlan",
      "Relation Name": "movie_direction",
      "Subplan Name": "InitPlan 2 (returns $1)",
      "Index Name": "movie_direction_pkey",
      "Plan Width": 4,
      "Plan Rows": 1,
      "Total Cost": 16.59,
      "Plans": [
        {
          "Parent Relationship": "InitPlan",
          "Relation Name": "director",
          "Subplan Name": "InitPlan 1 (returns $0)",
          "Index Name": "idx_director_dir_fname",
          "Plan Width": 4,
          "Plan Rows": 1,
          "Total Cost": 8.3,
          "Scan Direction": "Forward",
          "Parallel Aware": false,
          "Filter": "(dir_lname \u003d \u0027actor1\u0027::bpchar)",
          "Alias": "director",
          "Node Type": "Index Scan",
          "Startup Cost": 0.28,
          "Index Cond": "(dir_fname \u003d \u0027actor1\u0027::bpchar)"
        }
      ],
      "Scan Direction": "Forward",
      "Parallel Aware": false,
      "Alias": "movie_direction",
      "Node Type": "Index Only Scan",
      "Startup Cost": 8.57,
      "Index Cond": "(dir_id \u003d $0)"
    }
  ],
  "Scan Direction": "Forward",
  "Relation Name": "movie",
  "Parallel Aware": false,
  "Alias": "movie",
  "Node Type": "Index Scan",
  "Index Name": "movie_pkey",
  "Plan Width": 51,
  "Startup Cost": 16.86,
  "Index Cond": "(mov_id \u003d $1)",
  "Plan Rows": 1
}

------------------------------

Indicies Configuration #5:
Index btree on column dir_fname in table director
Index btree on column dir_lname in table director

------------------------------

1. The Total Cost of the Plan = 24.88
2. The Estimated Size of the Result Set = 1
3. The Plan of the Query:
{
  "Total Cost": 24.88,
  "Plans": [
    {
      "Parent Relationship": "InitPlan",
      "Relation Name": "movie_direction",
      "Subplan Name": "InitPlan 2 (returns $1)",
      "Index Name": "movie_direction_pkey",
      "Plan Width": 4,
      "Plan Rows": 1,
      "Total Cost": 16.59,
      "Plans": [
        {
          "Parent Relationship": "InitPlan",
          "Relation Name": "director",
          "Subplan Name": "InitPlan 1 (returns $0)",
          "Index Name": "idx_director_dir_lname",
          "Plan Width": 4,
          "Plan Rows": 1,
          "Total Cost": 8.3,
          "Scan Direction": "Forward",
          "Parallel Aware": false,
          "Filter": "(dir_fname \u003d \u0027actor1\u0027::bpchar)",
          "Alias": "director",
          "Node Type": "Index Scan",
          "Startup Cost": 0.28,
          "Index Cond": "(dir_lname \u003d \u0027actor1\u0027::bpchar)"
        }
      ],
      "Scan Direction": "Forward",
      "Parallel Aware": false,
      "Alias": "movie_direction",
      "Node Type": "Index Only Scan",
      "Startup Cost": 8.57,
      "Index Cond": "(dir_id \u003d $0)"
    }
  ],
  "Scan Direction": "Forward",
  "Relation Name": "movie",
  "Parallel Aware": false,
  "Alias": "movie",
  "Node Type": "Index Scan",
  "Index Name": "movie_pkey",
  "Plan Width": 51,
  "Startup Cost": 16.86,
  "Index Cond": "(mov_id \u003d $1)",
  "Plan Rows": 1
}

------------------------------

Indicies Configuration #6:
Index btree on column dir_fname in table director
Index hash on column dir_lname in table director

------------------------------

1. The Total Cost of the Plan = 24.61
2. The Estimated Size of the Result Set = 1
3. The Plan of the Query:
{
  "Total Cost": 24.61,
  "Plans": [
    {
      "Parent Relationship": "InitPlan",
      "Relation Name": "movie_direction",
      "Subplan Name": "InitPlan 2 (returns $1)",
      "Index Name": "movie_direction_pkey",
      "Plan Width": 4,
      "Plan Rows": 1,
      "Total Cost": 16.31,
      "Plans": [
        {
          "Parent Relationship": "InitPlan",
          "Relation Name": "director",
          "Subplan Name": "InitPlan 1 (returns $0)",
          "Index Name": "idx_director_dir_lname",
          "Plan Width": 4,
          "Plan Rows": 1,
          "Total Cost": 8.02,
          "Scan Direction": "NoMovement",
          "Parallel Aware": false,
          "Filter": "(dir_fname \u003d \u0027actor1\u0027::bpchar)",
          "Alias": "director",
          "Node Type": "Index Scan",
          "Startup Cost": 0.0,
          "Index Cond": "(dir_lname \u003d \u0027actor1\u0027::bpchar)"
        }
      ],
      "Scan Direction": "Forward",
      "Parallel Aware": false,
      "Alias": "movie_direction",
      "Node Type": "Index Only Scan",
      "Startup Cost": 8.29,
      "Index Cond": "(dir_id \u003d $0)"
    }
  ],
  "Scan Direction": "Forward",
  "Relation Name": "movie",
  "Parallel Aware": false,
  "Alias": "movie",
  "Node Type": "Index Scan",
  "Index Name": "movie_pkey",
  "Plan Width": 51,
  "Startup Cost": 16.59,
  "Index Cond": "(mov_id \u003d $1)",
  "Plan Rows": 1
}

------------------------------

Indicies Configuration #7:
Index hash on column dir_fname in table director

------------------------------

1. The Total Cost of the Plan = 24.61
2. The Estimated Size of the Result Set = 1
3. The Plan of the Query:
{
  "Total Cost": 24.61,
  "Plans": [
    {
      "Parent Relationship": "InitPlan",
      "Relation Name": "movie_direction",
      "Subplan Name": "InitPlan 2 (returns $1)",
      "Index Name": "movie_direction_pkey",
      "Plan Width": 4,
      "Plan Rows": 1,
      "Total Cost": 16.31,
      "Plans": [
        {
          "Parent Relationship": "InitPlan",
          "Relation Name": "director",
          "Subplan Name": "InitPlan 1 (returns $0)",
          "Index Name": "idx_director_dir_fname",
          "Plan Width": 4,
          "Plan Rows": 1,
          "Total Cost": 8.02,
          "Scan Direction": "NoMovement",
          "Parallel Aware": false,
          "Filter": "(dir_lname \u003d \u0027actor1\u0027::bpchar)",
          "Alias": "director",
          "Node Type": "Index Scan",
          "Startup Cost": 0.0,
          "Index Cond": "(dir_fname \u003d \u0027actor1\u0027::bpchar)"
        }
      ],
      "Scan Direction": "Forward",
      "Parallel Aware": false,
      "Alias": "movie_direction",
      "Node Type": "Index Only Scan",
      "Startup Cost": 8.29,
      "Index Cond": "(dir_id \u003d $0)"
    }
  ],
  "Scan Direction": "Forward",
  "Relation Name": "movie",
  "Parallel Aware": false,
  "Alias": "movie",
  "Node Type": "Index Scan",
  "Index Name": "movie_pkey",
  "Plan Width": 51,
  "Startup Cost": 16.59,
  "Index Cond": "(mov_id \u003d $1)",
  "Plan Rows": 1
}

------------------------------

Indicies Configuration #8:
Index hash on column dir_fname in table director
Index btree on column dir_lname in table director

------------------------------

1. The Total Cost of the Plan = 24.61
2. The Estimated Size of the Result Set = 1
3. The Plan of the Query:
{
  "Total Cost": 24.61,
  "Plans": [
    {
      "Parent Relationship": "InitPlan",
      "Relation Name": "movie_direction",
      "Subplan Name": "InitPlan 2 (returns $1)",
      "Index Name": "movie_direction_pkey",
      "Plan Width": 4,
      "Plan Rows": 1,
      "Total Cost": 16.31,
      "Plans": [
        {
          "Parent Relationship": "InitPlan",
          "Relation Name": "director",
          "Subplan Name": "InitPlan 1 (returns $0)",
          "Index Name": "idx_director_dir_fname",
          "Plan Width": 4,
          "Plan Rows": 1,
          "Total Cost": 8.02,
          "Scan Direction": "NoMovement",
          "Parallel Aware": false,
          "Filter": "(dir_lname \u003d \u0027actor1\u0027::bpchar)",
          "Alias": "director",
          "Node Type": "Index Scan",
          "Startup Cost": 0.0,
          "Index Cond": "(dir_fname \u003d \u0027actor1\u0027::bpchar)"
        }
      ],
      "Scan Direction": "Forward",
      "Parallel Aware": false,
      "Alias": "movie_direction",
      "Node Type": "Index Only Scan",
      "Startup Cost": 8.29,
      "Index Cond": "(dir_id \u003d $0)"
    }
  ],
  "Scan Direction": "Forward",
  "Relation Name": "movie",
  "Parallel Aware": false,
  "Alias": "movie",
  "Node Type": "Index Scan",
  "Index Name": "movie_pkey",
  "Plan Width": 51,
  "Startup Cost": 16.59,
  "Index Cond": "(mov_id \u003d $1)",
  "Plan Rows": 1
}

------------------------------

Indicies Configuration #9:
Index hash on column dir_fname in table director
Index hash on column dir_lname in table director

------------------------------

1. The Total Cost of the Plan = 24.61
2. The Estimated Size of the Result Set = 1
3. The Plan of the Query:
{
  "Total Cost": 24.61,
  "Plans": [
    {
      "Parent Relationship": "InitPlan",
      "Relation Name": "movie_direction",
      "Subplan Name": "InitPlan 2 (returns $1)",
      "Index Name": "movie_direction_pkey",
      "Plan Width": 4,
      "Plan Rows": 1,
      "Total Cost": 16.31,
      "Plans": [
        {
          "Parent Relationship": "InitPlan",
          "Relation Name": "director",
          "Subplan Name": "InitPlan 1 (returns $0)",
          "Index Name": "idx_director_dir_lname",
          "Plan Width": 4,
          "Plan Rows": 1,
          "Total Cost": 8.02,
          "Scan Direction": "NoMovement",
          "Parallel Aware": false,
          "Filter": "(dir_fname \u003d \u0027actor1\u0027::bpchar)",
          "Alias": "director",
          "Node Type": "Index Scan",
          "Startup Cost": 0.0,
          "Index Cond": "(dir_lname \u003d \u0027actor1\u0027::bpchar)"
        }
      ],
      "Scan Direction": "Forward",
      "Parallel Aware": false,
      "Alias": "movie_direction",
      "Node Type": "Index Only Scan",
      "Startup Cost": 8.29,
      "Index Cond": "(dir_id \u003d $0)"
    }
  ],
  "Scan Direction": "Forward",
  "Relation Name": "movie",
  "Parallel Aware": false,
  "Alias": "movie",
  "Node Type": "Index Scan",
  "Index Name": "movie_pkey",
  "Plan Width": 51,
  "Startup Cost": 16.59,
  "Index Cond": "(mov_id \u003d $1)",
  "Plan Rows": 1
}

------------------------------

Indicies Configuration #10:
Index btree on column dir_id in table movie_direction

------------------------------

1. The Total Cost of the Plan = 65.59
2. The Estimated Size of the Result Set = 1
3. The Plan of the Query:
{
  "Total Cost": 65.59,
  "Plans": [
    {
      "Parent Relationship": "InitPlan",
      "Relation Name": "movie_direction",
      "Subplan Name": "InitPlan 2 (returns $1)",
      "Index Name": "idx_movie_direction_dir_id",
      "Plan Width": 4,
      "Plan Rows": 1,
      "Total Cost": 57.29,
      "Plans": [
        {
          "Parent Relationship": "InitPlan",
          "Total Cost": 49.0,
          "Relation Name": "director",
          "Parallel Aware": false,
          "Filter": "((dir_fname \u003d \u0027actor1\u0027::bpchar) AND (dir_lname \u003d \u0027actor1\u0027::bpchar))",
          "Subplan Name": "InitPlan 1 (returns $0)",
          "Alias": "director",
          "Node Type": "Seq Scan",
          "Plan Width": 4,
          "Startup Cost": 0.0,
          "Plan Rows": 1
        }
      ],
      "Scan Direction": "Forward",
      "Parallel Aware": false,
      "Alias": "movie_direction",
      "Node Type": "Index Scan",
      "Startup Cost": 49.27,
      "Index Cond": "(dir_id \u003d $0)"
    }
  ],
  "Scan Direction": "Forward",
  "Relation Name": "movie",
  "Parallel Aware": false,
  "Alias": "movie",
  "Node Type": "Index Scan",
  "Index Name": "movie_pkey",
  "Plan Width": 51,
  "Startup Cost": 57.57,
  "Index Cond": "(mov_id \u003d $1)",
  "Plan Rows": 1
}

------------------------------

Indicies Configuration #11:
Index btree on column dir_id in table movie_direction
Index btree on column dir_lname in table director

------------------------------

1. The Total Cost of the Plan = 24.88
2. The Estimated Size of the Result Set = 1
3. The Plan of the Query:
{
  "Total Cost": 24.88,
  "Plans": [
    {
      "Parent Relationship": "InitPlan",
      "Relation Name": "movie_direction",
      "Subplan Name": "InitPlan 2 (returns $1)",
      "Index Name": "idx_movie_direction_dir_id",
      "Plan Width": 4,
      "Plan Rows": 1,
      "Total Cost": 16.59,
      "Plans": [
        {
          "Parent Relationship": "InitPlan",
          "Relation Name": "director",
          "Subplan Name": "InitPlan 1 (returns $0)",
          "Index Name": "idx_director_dir_lname",
          "Plan Width": 4,
          "Plan Rows": 1,
          "Total Cost": 8.3,
          "Scan Direction": "Forward",
          "Parallel Aware": false,
          "Filter": "(dir_fname \u003d \u0027actor1\u0027::bpchar)",
          "Alias": "director",
          "Node Type": "Index Scan",
          "Startup Cost": 0.28,
          "Index Cond": "(dir_lname \u003d \u0027actor1\u0027::bpchar)"
        }
      ],
      "Scan Direction": "Forward",
      "Parallel Aware": false,
      "Alias": "movie_direction",
      "Node Type": "Index Scan",
      "Startup Cost": 8.57,
      "Index Cond": "(dir_id \u003d $0)"
    }
  ],
  "Scan Direction": "Forward",
  "Relation Name": "movie",
  "Parallel Aware": false,
  "Alias": "movie",
  "Node Type": "Index Scan",
  "Index Name": "movie_pkey",
  "Plan Width": 51,
  "Startup Cost": 16.86,
  "Index Cond": "(mov_id \u003d $1)",
  "Plan Rows": 1
}

------------------------------

Indicies Configuration #12:
Index btree on column dir_id in table movie_direction
Index hash on column dir_lname in table director

------------------------------

1. The Total Cost of the Plan = 24.61
2. The Estimated Size of the Result Set = 1
3. The Plan of the Query:
{
  "Total Cost": 24.61,
  "Plans": [
    {
      "Parent Relationship": "InitPlan",
      "Relation Name": "movie_direction",
      "Subplan Name": "InitPlan 2 (returns $1)",
      "Index Name": "idx_movie_direction_dir_id",
      "Plan Width": 4,
      "Plan Rows": 1,
      "Total Cost": 16.31,
      "Plans": [
        {
          "Parent Relationship": "InitPlan",
          "Relation Name": "director",
          "Subplan Name": "InitPlan 1 (returns $0)",
          "Index Name": "idx_director_dir_lname",
          "Plan Width": 4,
          "Plan Rows": 1,
          "Total Cost": 8.02,
          "Scan Direction": "NoMovement",
          "Parallel Aware": false,
          "Filter": "(dir_fname \u003d \u0027actor1\u0027::bpchar)",
          "Alias": "director",
          "Node Type": "Index Scan",
          "Startup Cost": 0.0,
          "Index Cond": "(dir_lname \u003d \u0027actor1\u0027::bpchar)"
        }
      ],
      "Scan Direction": "Forward",
      "Parallel Aware": false,
      "Alias": "movie_direction",
      "Node Type": "Index Scan",
      "Startup Cost": 8.29,
      "Index Cond": "(dir_id \u003d $0)"
    }
  ],
  "Scan Direction": "Forward",
  "Relation Name": "movie",
  "Parallel Aware": false,
  "Alias": "movie",
  "Node Type": "Index Scan",
  "Index Name": "movie_pkey",
  "Plan Width": 51,
  "Startup Cost": 16.59,
  "Index Cond": "(mov_id \u003d $1)",
  "Plan Rows": 1
}

------------------------------

Indicies Configuration #13:
Index btree on column dir_id in table movie_direction
Index btree on column dir_fname in table director

------------------------------

1. The Total Cost of the Plan = 24.88
2. The Estimated Size of the Result Set = 1
3. The Plan of the Query:
{
  "Total Cost": 24.88,
  "Plans": [
    {
      "Parent Relationship": "InitPlan",
      "Relation Name": "movie_direction",
      "Subplan Name": "InitPlan 2 (returns $1)",
      "Index Name": "idx_movie_direction_dir_id",
      "Plan Width": 4,
      "Plan Rows": 1,
      "Total Cost": 16.59,
      "Plans": [
        {
          "Parent Relationship": "InitPlan",
          "Relation Name": "director",
          "Subplan Name": "InitPlan 1 (returns $0)",
          "Index Name": "idx_director_dir_fname",
          "Plan Width": 4,
          "Plan Rows": 1,
          "Total Cost": 8.3,
          "Scan Direction": "Forward",
          "Parallel Aware": false,
          "Filter": "(dir_lname \u003d \u0027actor1\u0027::bpchar)",
          "Alias": "director",
          "Node Type": "Index Scan",
          "Startup Cost": 0.28,
          "Index Cond": "(dir_fname \u003d \u0027actor1\u0027::bpchar)"
        }
      ],
      "Scan Direction": "Forward",
      "Parallel Aware": false,
      "Alias": "movie_direction",
      "Node Type": "Index Scan",
      "Startup Cost": 8.57,
      "Index Cond": "(dir_id \u003d $0)"
    }
  ],
  "Scan Direction": "Forward",
  "Relation Name": "movie",
  "Parallel Aware": false,
  "Alias": "movie",
  "Node Type": "Index Scan",
  "Index Name": "movie_pkey",
  "Plan Width": 51,
  "Startup Cost": 16.86,
  "Index Cond": "(mov_id \u003d $1)",
  "Plan Rows": 1
}

------------------------------

Indicies Configuration #14:
Index btree on column dir_id in table movie_direction
Index btree on column dir_fname in table director
Index btree on column dir_lname in table director

------------------------------

1. The Total Cost of the Plan = 24.88
2. The Estimated Size of the Result Set = 1
3. The Plan of the Query:
{
  "Total Cost": 24.88,
  "Plans": [
    {
      "Parent Relationship": "InitPlan",
      "Relation Name": "movie_direction",
      "Subplan Name": "InitPlan 2 (returns $1)",
      "Index Name": "idx_movie_direction_dir_id",
      "Plan Width": 4,
      "Plan Rows": 1,
      "Total Cost": 16.59,
      "Plans": [
        {
          "Parent Relationship": "InitPlan",
          "Relation Name": "director",
          "Subplan Name": "InitPlan 1 (returns $0)",
          "Index Name": "idx_director_dir_lname",
          "Plan Width": 4,
          "Plan Rows": 1,
          "Total Cost": 8.3,
          "Scan Direction": "Forward",
          "Parallel Aware": false,
          "Filter": "(dir_fname \u003d \u0027actor1\u0027::bpchar)",
          "Alias": "director",
          "Node Type": "Index Scan",
          "Startup Cost": 0.28,
          "Index Cond": "(dir_lname \u003d \u0027actor1\u0027::bpchar)"
        }
      ],
      "Scan Direction": "Forward",
      "Parallel Aware": false,
      "Alias": "movie_direction",
      "Node Type": "Index Scan",
      "Startup Cost": 8.57,
      "Index Cond": "(dir_id \u003d $0)"
    }
  ],
  "Scan Direction": "Forward",
  "Relation Name": "movie",
  "Parallel Aware": false,
  "Alias": "movie",
  "Node Type": "Index Scan",
  "Index Name": "movie_pkey",
  "Plan Width": 51,
  "Startup Cost": 16.86,
  "Index Cond": "(mov_id \u003d $1)",
  "Plan Rows": 1
}

------------------------------

Indicies Configuration #15:
Index btree on column dir_id in table movie_direction
Index btree on column dir_fname in table director
Index hash on column dir_lname in table director

------------------------------

1. The Total Cost of the Plan = 24.61
2. The Estimated Size of the Result Set = 1
3. The Plan of the Query:
{
  "Total Cost": 24.61,
  "Plans": [
    {
      "Parent Relationship": "InitPlan",
      "Relation Name": "movie_direction",
      "Subplan Name": "InitPlan 2 (returns $1)",
      "Index Name": "idx_movie_direction_dir_id",
      "Plan Width": 4,
      "Plan Rows": 1,
      "Total Cost": 16.31,
      "Plans": [
        {
          "Parent Relationship": "InitPlan",
          "Relation Name": "director",
          "Subplan Name": "InitPlan 1 (returns $0)",
          "Index Name": "idx_director_dir_lname",
          "Plan Width": 4,
          "Plan Rows": 1,
          "Total Cost": 8.02,
          "Scan Direction": "NoMovement",
          "Parallel Aware": false,
          "Filter": "(dir_fname \u003d \u0027actor1\u0027::bpchar)",
          "Alias": "director",
          "Node Type": "Index Scan",
          "Startup Cost": 0.0,
          "Index Cond": "(dir_lname \u003d \u0027actor1\u0027::bpchar)"
        }
      ],
      "Scan Direction": "Forward",
      "Parallel Aware": false,
      "Alias": "movie_direction",
      "Node Type": "Index Scan",
      "Startup Cost": 8.29,
      "Index Cond": "(dir_id \u003d $0)"
    }
  ],
  "Scan Direction": "Forward",
  "Relation Name": "movie",
  "Parallel Aware": false,
  "Alias": "movie",
  "Node Type": "Index Scan",
  "Index Name": "movie_pkey",
  "Plan Width": 51,
  "Startup Cost": 16.59,
  "Index Cond": "(mov_id \u003d $1)",
  "Plan Rows": 1
}

------------------------------

Indicies Configuration #16:
Index btree on column dir_id in table movie_direction
Index hash on column dir_fname in table director

------------------------------

1. The Total Cost of the Plan = 24.61
2. The Estimated Size of the Result Set = 1
3. The Plan of the Query:
{
  "Total Cost": 24.61,
  "Plans": [
    {
      "Parent Relationship": "InitPlan",
      "Relation Name": "movie_direction",
      "Subplan Name": "InitPlan 2 (returns $1)",
      "Index Name": "idx_movie_direction_dir_id",
      "Plan Width": 4,
      "Plan Rows": 1,
      "Total Cost": 16.31,
      "Plans": [
        {
          "Parent Relationship": "InitPlan",
          "Relation Name": "director",
          "Subplan Name": "InitPlan 1 (returns $0)",
          "Index Name": "idx_director_dir_fname",
          "Plan Width": 4,
          "Plan Rows": 1,
          "Total Cost": 8.02,
          "Scan Direction": "NoMovement",
          "Parallel Aware": false,
          "Filter": "(dir_lname \u003d \u0027actor1\u0027::bpchar)",
          "Alias": "director",
          "Node Type": "Index Scan",
          "Startup Cost": 0.0,
          "Index Cond": "(dir_fname \u003d \u0027actor1\u0027::bpchar)"
        }
      ],
      "Scan Direction": "Forward",
      "Parallel Aware": false,
      "Alias": "movie_direction",
      "Node Type": "Index Scan",
      "Startup Cost": 8.29,
      "Index Cond": "(dir_id \u003d $0)"
    }
  ],
  "Scan Direction": "Forward",
  "Relation Name": "movie",
  "Parallel Aware": false,
  "Alias": "movie",
  "Node Type": "Index Scan",
  "Index Name": "movie_pkey",
  "Plan Width": 51,
  "Startup Cost": 16.59,
  "Index Cond": "(mov_id \u003d $1)",
  "Plan Rows": 1
}

------------------------------

Indicies Configuration #17:
Index btree on column dir_id in table movie_direction
Index hash on column dir_fname in table director
Index btree on column dir_lname in table director

------------------------------

1. The Total Cost of the Plan = 24.61
2. The Estimated Size of the Result Set = 1
3. The Plan of the Query:
{
  "Total Cost": 24.61,
  "Plans": [
    {
      "Parent Relationship": "InitPlan",
      "Relation Name": "movie_direction",
      "Subplan Name": "InitPlan 2 (returns $1)",
      "Index Name": "idx_movie_direction_dir_id",
      "Plan Width": 4,
      "Plan Rows": 1,
      "Total Cost": 16.31,
      "Plans": [
        {
          "Parent Relationship": "InitPlan",
          "Relation Name": "director",
          "Subplan Name": "InitPlan 1 (returns $0)",
          "Index Name": "idx_director_dir_fname",
          "Plan Width": 4,
          "Plan Rows": 1,
          "Total Cost": 8.02,
          "Scan Direction": "NoMovement",
          "Parallel Aware": false,
          "Filter": "(dir_lname \u003d \u0027actor1\u0027::bpchar)",
          "Alias": "director",
          "Node Type": "Index Scan",
          "Startup Cost": 0.0,
          "Index Cond": "(dir_fname \u003d \u0027actor1\u0027::bpchar)"
        }
      ],
      "Scan Direction": "Forward",
      "Parallel Aware": false,
      "Alias": "movie_direction",
      "Node Type": "Index Scan",
      "Startup Cost": 8.29,
      "Index Cond": "(dir_id \u003d $0)"
    }
  ],
  "Scan Direction": "Forward",
  "Relation Name": "movie",
  "Parallel Aware": false,
  "Alias": "movie",
  "Node Type": "Index Scan",
  "Index Name": "movie_pkey",
  "Plan Width": 51,
  "Startup Cost": 16.59,
  "Index Cond": "(mov_id \u003d $1)",
  "Plan Rows": 1
}

------------------------------

Indicies Configuration #18:
Index btree on column dir_id in table movie_direction
Index hash on column dir_fname in table director
Index hash on column dir_lname in table director

------------------------------

1. The Total Cost of the Plan = 24.61
2. The Estimated Size of the Result Set = 1
3. The Plan of the Query:
{
  "Total Cost": 24.61,
  "Plans": [
    {
      "Parent Relationship": "InitPlan",
      "Relation Name": "movie_direction",
      "Subplan Name": "InitPlan 2 (returns $1)",
      "Index Name": "idx_movie_direction_dir_id",
      "Plan Width": 4,
      "Plan Rows": 1,
      "Total Cost": 16.31,
      "Plans": [
        {
          "Parent Relationship": "InitPlan",
          "Relation Name": "director",
          "Subplan Name": "InitPlan 1 (returns $0)",
          "Index Name": "idx_director_dir_lname",
          "Plan Width": 4,
          "Plan Rows": 1,
          "Total Cost": 8.02,
          "Scan Direction": "NoMovement",
          "Parallel Aware": false,
          "Filter": "(dir_fname \u003d \u0027actor1\u0027::bpchar)",
          "Alias": "director",
          "Node Type": "Index Scan",
          "Startup Cost": 0.0,
          "Index Cond": "(dir_lname \u003d \u0027actor1\u0027::bpchar)"
        }
      ],
      "Scan Direction": "Forward",
      "Parallel Aware": false,
      "Alias": "movie_direction",
      "Node Type": "Index Scan",
      "Startup Cost": 8.29,
      "Index Cond": "(dir_id \u003d $0)"
    }
  ],
  "Scan Direction": "Forward",
  "Relation Name": "movie",
  "Parallel Aware": false,
  "Alias": "movie",
  "Node Type": "Index Scan",
  "Index Name": "movie_pkey",
  "Plan Width": 51,
  "Startup Cost": 16.59,
  "Index Cond": "(mov_id \u003d $1)",
  "Plan Rows": 1
}

------------------------------

Indicies Configuration #19:
Index hash on column dir_id in table movie_direction

------------------------------

1. The Total Cost of the Plan = 65.31
2. The Estimated Size of the Result Set = 1
3. The Plan of the Query:
{
  "Total Cost": 65.31,
  "Plans": [
    {
      "Parent Relationship": "InitPlan",
      "Relation Name": "movie_direction",
      "Subplan Name": "InitPlan 2 (returns $1)",
      "Index Name": "idx_movie_direction_dir_id",
      "Plan Width": 4,
      "Plan Rows": 1,
      "Total Cost": 57.02,
      "Plans": [
        {
          "Parent Relationship": "InitPlan",
          "Total Cost": 49.0,
          "Relation Name": "director",
          "Parallel Aware": false,
          "Filter": "((dir_fname \u003d \u0027actor1\u0027::bpchar) AND (dir_lname \u003d \u0027actor1\u0027::bpchar))",
          "Subplan Name": "InitPlan 1 (returns $0)",
          "Alias": "director",
          "Node Type": "Seq Scan",
          "Plan Width": 4,
          "Startup Cost": 0.0,
          "Plan Rows": 1
        }
      ],
      "Scan Direction": "NoMovement",
      "Parallel Aware": false,
      "Alias": "movie_direction",
      "Node Type": "Index Scan",
      "Startup Cost": 49.0,
      "Index Cond": "(dir_id \u003d $0)"
    }
  ],
  "Scan Direction": "Forward",
  "Relation Name": "movie",
  "Parallel Aware": false,
  "Alias": "movie",
  "Node Type": "Index Scan",
  "Index Name": "movie_pkey",
  "Plan Width": 51,
  "Startup Cost": 57.29,
  "Index Cond": "(mov_id \u003d $1)",
  "Plan Rows": 1
}

------------------------------

Indicies Configuration #20:
Index hash on column dir_id in table movie_direction
Index btree on column dir_lname in table director

------------------------------

1. The Total Cost of the Plan = 24.61
2. The Estimated Size of the Result Set = 1
3. The Plan of the Query:
{
  "Total Cost": 24.61,
  "Plans": [
    {
      "Parent Relationship": "InitPlan",
      "Relation Name": "movie_direction",
      "Subplan Name": "InitPlan 2 (returns $1)",
      "Index Name": "idx_movie_direction_dir_id",
      "Plan Width": 4,
      "Plan Rows": 1,
      "Total Cost": 16.31,
      "Plans": [
        {
          "Parent Relationship": "InitPlan",
          "Relation Name": "director",
          "Subplan Name": "InitPlan 1 (returns $0)",
          "Index Name": "idx_director_dir_lname",
          "Plan Width": 4,
          "Plan Rows": 1,
          "Total Cost": 8.3,
          "Scan Direction": "Forward",
          "Parallel Aware": false,
          "Filter": "(dir_fname \u003d \u0027actor1\u0027::bpchar)",
          "Alias": "director",
          "Node Type": "Index Scan",
          "Startup Cost": 0.28,
          "Index Cond": "(dir_lname \u003d \u0027actor1\u0027::bpchar)"
        }
      ],
      "Scan Direction": "NoMovement",
      "Parallel Aware": false,
      "Alias": "movie_direction",
      "Node Type": "Index Scan",
      "Startup Cost": 8.3,
      "Index Cond": "(dir_id \u003d $0)"
    }
  ],
  "Scan Direction": "Forward",
  "Relation Name": "movie",
  "Parallel Aware": false,
  "Alias": "movie",
  "Node Type": "Index Scan",
  "Index Name": "movie_pkey",
  "Plan Width": 51,
  "Startup Cost": 16.59,
  "Index Cond": "(mov_id \u003d $1)",
  "Plan Rows": 1
}

------------------------------

Indicies Configuration #21:
Index hash on column dir_id in table movie_direction
Index hash on column dir_lname in table director

------------------------------

1. The Total Cost of the Plan = 24.33
2. The Estimated Size of the Result Set = 1
3. The Plan of the Query:
{
  "Total Cost": 24.33,
  "Plans": [
    {
      "Parent Relationship": "InitPlan",
      "Relation Name": "movie_direction",
      "Subplan Name": "InitPlan 2 (returns $1)",
      "Index Name": "idx_movie_direction_dir_id",
      "Plan Width": 4,
      "Plan Rows": 1,
      "Total Cost": 16.04,
      "Plans": [
        {
          "Parent Relationship": "InitPlan",
          "Relation Name": "director",
          "Subplan Name": "InitPlan 1 (returns $0)",
          "Index Name": "idx_director_dir_lname",
          "Plan Width": 4,
          "Plan Rows": 1,
          "Total Cost": 8.02,
          "Scan Direction": "NoMovement",
          "Parallel Aware": false,
          "Filter": "(dir_fname \u003d \u0027actor1\u0027::bpchar)",
          "Alias": "director",
          "Node Type": "Index Scan",
          "Startup Cost": 0.0,
          "Index Cond": "(dir_lname \u003d \u0027actor1\u0027::bpchar)"
        }
      ],
      "Scan Direction": "NoMovement",
      "Parallel Aware": false,
      "Alias": "movie_direction",
      "Node Type": "Index Scan",
      "Startup Cost": 8.02,
      "Index Cond": "(dir_id \u003d $0)"
    }
  ],
  "Scan Direction": "Forward",
  "Relation Name": "movie",
  "Parallel Aware": false,
  "Alias": "movie",
  "Node Type": "Index Scan",
  "Index Name": "movie_pkey",
  "Plan Width": 51,
  "Startup Cost": 16.31,
  "Index Cond": "(mov_id \u003d $1)",
  "Plan Rows": 1
}

------------------------------

Indicies Configuration #22:
Index hash on column dir_id in table movie_direction
Index btree on column dir_fname in table director

------------------------------

1. The Total Cost of the Plan = 24.61
2. The Estimated Size of the Result Set = 1
3. The Plan of the Query:
{
  "Total Cost": 24.61,
  "Plans": [
    {
      "Parent Relationship": "InitPlan",
      "Relation Name": "movie_direction",
      "Subplan Name": "InitPlan 2 (returns $1)",
      "Index Name": "idx_movie_direction_dir_id",
      "Plan Width": 4,
      "Plan Rows": 1,
      "Total Cost": 16.31,
      "Plans": [
        {
          "Parent Relationship": "InitPlan",
          "Relation Name": "director",
          "Subplan Name": "InitPlan 1 (returns $0)",
          "Index Name": "idx_director_dir_fname",
          "Plan Width": 4,
          "Plan Rows": 1,
          "Total Cost": 8.3,
          "Scan Direction": "Forward",
          "Parallel Aware": false,
          "Filter": "(dir_lname \u003d \u0027actor1\u0027::bpchar)",
          "Alias": "director",
          "Node Type": "Index Scan",
          "Startup Cost": 0.28,
          "Index Cond": "(dir_fname \u003d \u0027actor1\u0027::bpchar)"
        }
      ],
      "Scan Direction": "NoMovement",
      "Parallel Aware": false,
      "Alias": "movie_direction",
      "Node Type": "Index Scan",
      "Startup Cost": 8.3,
      "Index Cond": "(dir_id \u003d $0)"
    }
  ],
  "Scan Direction": "Forward",
  "Relation Name": "movie",
  "Parallel Aware": false,
  "Alias": "movie",
  "Node Type": "Index Scan",
  "Index Name": "movie_pkey",
  "Plan Width": 51,
  "Startup Cost": 16.59,
  "Index Cond": "(mov_id \u003d $1)",
  "Plan Rows": 1
}

------------------------------

Indicies Configuration #23:
Index hash on column dir_id in table movie_direction
Index btree on column dir_fname in table director
Index btree on column dir_lname in table director

------------------------------

1. The Total Cost of the Plan = 24.61
2. The Estimated Size of the Result Set = 1
3. The Plan of the Query:
{
  "Total Cost": 24.61,
  "Plans": [
    {
      "Parent Relationship": "InitPlan",
      "Relation Name": "movie_direction",
      "Subplan Name": "InitPlan 2 (returns $1)",
      "Index Name": "idx_movie_direction_dir_id",
      "Plan Width": 4,
      "Plan Rows": 1,
      "Total Cost": 16.31,
      "Plans": [
        {
          "Parent Relationship": "InitPlan",
          "Relation Name": "director",
          "Subplan Name": "InitPlan 1 (returns $0)",
          "Index Name": "idx_director_dir_lname",
          "Plan Width": 4,
          "Plan Rows": 1,
          "Total Cost": 8.3,
          "Scan Direction": "Forward",
          "Parallel Aware": false,
          "Filter": "(dir_fname \u003d \u0027actor1\u0027::bpchar)",
          "Alias": "director",
          "Node Type": "Index Scan",
          "Startup Cost": 0.28,
          "Index Cond": "(dir_lname \u003d \u0027actor1\u0027::bpchar)"
        }
      ],
      "Scan Direction": "NoMovement",
      "Parallel Aware": false,
      "Alias": "movie_direction",
      "Node Type": "Index Scan",
      "Startup Cost": 8.3,
      "Index Cond": "(dir_id \u003d $0)"
    }
  ],
  "Scan Direction": "Forward",
  "Relation Name": "movie",
  "Parallel Aware": false,
  "Alias": "movie",
  "Node Type": "Index Scan",
  "Index Name": "movie_pkey",
  "Plan Width": 51,
  "Startup Cost": 16.59,
  "Index Cond": "(mov_id \u003d $1)",
  "Plan Rows": 1
}

------------------------------

Indicies Configuration #24:
Index hash on column dir_id in table movie_direction
Index btree on column dir_fname in table director
Index hash on column dir_lname in table director

------------------------------

1. The Total Cost of the Plan = 24.33
2. The Estimated Size of the Result Set = 1
3. The Plan of the Query:
{
  "Total Cost": 24.33,
  "Plans": [
    {
      "Parent Relationship": "InitPlan",
      "Relation Name": "movie_direction",
      "Subplan Name": "InitPlan 2 (returns $1)",
      "Index Name": "idx_movie_direction_dir_id",
      "Plan Width": 4,
      "Plan Rows": 1,
      "Total Cost": 16.04,
      "Plans": [
        {
          "Parent Relationship": "InitPlan",
          "Relation Name": "director",
          "Subplan Name": "InitPlan 1 (returns $0)",
          "Index Name": "idx_director_dir_lname",
          "Plan Width": 4,
          "Plan Rows": 1,
          "Total Cost": 8.02,
          "Scan Direction": "NoMovement",
          "Parallel Aware": false,
          "Filter": "(dir_fname \u003d \u0027actor1\u0027::bpchar)",
          "Alias": "director",
          "Node Type": "Index Scan",
          "Startup Cost": 0.0,
          "Index Cond": "(dir_lname \u003d \u0027actor1\u0027::bpchar)"
        }
      ],
      "Scan Direction": "NoMovement",
      "Parallel Aware": false,
      "Alias": "movie_direction",
      "Node Type": "Index Scan",
      "Startup Cost": 8.02,
      "Index Cond": "(dir_id \u003d $0)"
    }
  ],
  "Scan Direction": "Forward",
  "Relation Name": "movie",
  "Parallel Aware": false,
  "Alias": "movie",
  "Node Type": "Index Scan",
  "Index Name": "movie_pkey",
  "Plan Width": 51,
  "Startup Cost": 16.31,
  "Index Cond": "(mov_id \u003d $1)",
  "Plan Rows": 1
}

------------------------------

Indicies Configuration #25:
Index hash on column dir_id in table movie_direction
Index hash on column dir_fname in table director

------------------------------

1. The Total Cost of the Plan = 24.33
2. The Estimated Size of the Result Set = 1
3. The Plan of the Query:
{
  "Total Cost": 24.33,
  "Plans": [
    {
      "Parent Relationship": "InitPlan",
      "Relation Name": "movie_direction",
      "Subplan Name": "InitPlan 2 (returns $1)",
      "Index Name": "idx_movie_direction_dir_id",
      "Plan Width": 4,
      "Plan Rows": 1,
      "Total Cost": 16.04,
      "Plans": [
        {
          "Parent Relationship": "InitPlan",
          "Relation Name": "director",
          "Subplan Name": "InitPlan 1 (returns $0)",
          "Index Name": "idx_director_dir_fname",
          "Plan Width": 4,
          "Plan Rows": 1,
          "Total Cost": 8.02,
          "Scan Direction": "NoMovement",
          "Parallel Aware": false,
          "Filter": "(dir_lname \u003d \u0027actor1\u0027::bpchar)",
          "Alias": "director",
          "Node Type": "Index Scan",
          "Startup Cost": 0.0,
          "Index Cond": "(dir_fname \u003d \u0027actor1\u0027::bpchar)"
        }
      ],
      "Scan Direction": "NoMovement",
      "Parallel Aware": false,
      "Alias": "movie_direction",
      "Node Type": "Index Scan",
      "Startup Cost": 8.02,
      "Index Cond": "(dir_id \u003d $0)"
    }
  ],
  "Scan Direction": "Forward",
  "Relation Name": "movie",
  "Parallel Aware": false,
  "Alias": "movie",
  "Node Type": "Index Scan",
  "Index Name": "movie_pkey",
  "Plan Width": 51,
  "Startup Cost": 16.31,
  "Index Cond": "(mov_id \u003d $1)",
  "Plan Rows": 1
}

------------------------------

Indicies Configuration #26:
Index hash on column dir_id in table movie_direction
Index hash on column dir_fname in table director
Index btree on column dir_lname in table director

------------------------------

1. The Total Cost of the Plan = 24.33
2. The Estimated Size of the Result Set = 1
3. The Plan of the Query:
{
  "Total Cost": 24.33,
  "Plans": [
    {
      "Parent Relationship": "InitPlan",
      "Relation Name": "movie_direction",
      "Subplan Name": "InitPlan 2 (returns $1)",
      "Index Name": "idx_movie_direction_dir_id",
      "Plan Width": 4,
      "Plan Rows": 1,
      "Total Cost": 16.04,
      "Plans": [
        {
          "Parent Relationship": "InitPlan",
          "Relation Name": "director",
          "Subplan Name": "InitPlan 1 (returns $0)",
          "Index Name": "idx_director_dir_fname",
          "Plan Width": 4,
          "Plan Rows": 1,
          "Total Cost": 8.02,
          "Scan Direction": "NoMovement",
          "Parallel Aware": false,
          "Filter": "(dir_lname \u003d \u0027actor1\u0027::bpchar)",
          "Alias": "director",
          "Node Type": "Index Scan",
          "Startup Cost": 0.0,
          "Index Cond": "(dir_fname \u003d \u0027actor1\u0027::bpchar)"
        }
      ],
      "Scan Direction": "NoMovement",
      "Parallel Aware": false,
      "Alias": "movie_direction",
      "Node Type": "Index Scan",
      "Startup Cost": 8.02,
      "Index Cond": "(dir_id \u003d $0)"
    }
  ],
  "Scan Direction": "Forward",
  "Relation Name": "movie",
  "Parallel Aware": false,
  "Alias": "movie",
  "Node Type": "Index Scan",
  "Index Name": "movie_pkey",
  "Plan Width": 51,
  "Startup Cost": 16.31,
  "Index Cond": "(mov_id \u003d $1)",
  "Plan Rows": 1
}

------------------------------

Indicies Configuration #27:
Index hash on column dir_id in table movie_direction
Index hash on column dir_fname in table director
Index hash on column dir_lname in table director

------------------------------

1. The Total Cost of the Plan = 24.33
2. The Estimated Size of the Result Set = 1
3. The Plan of the Query:
{
  "Total Cost": 24.33,
  "Plans": [
    {
      "Parent Relationship": "InitPlan",
      "Relation Name": "movie_direction",
      "Subplan Name": "InitPlan 2 (returns $1)",
      "Index Name": "idx_movie_direction_dir_id",
      "Plan Width": 4,
      "Plan Rows": 1,
      "Total Cost": 16.04,
      "Plans": [
        {
          "Parent Relationship": "InitPlan",
          "Relation Name": "director",
          "Subplan Name": "InitPlan 1 (returns $0)",
          "Index Name": "idx_director_dir_lname",
          "Plan Width": 4,
          "Plan Rows": 1,
          "Total Cost": 8.02,
          "Scan Direction": "NoMovement",
          "Parallel Aware": false,
          "Filter": "(dir_fname \u003d \u0027actor1\u0027::bpchar)",
          "Alias": "director",
          "Node Type": "Index Scan",
          "Startup Cost": 0.0,
          "Index Cond": "(dir_lname \u003d \u0027actor1\u0027::bpchar)"
        }
      ],
      "Scan Direction": "NoMovement",
      "Parallel Aware": false,
      "Alias": "movie_direction",
      "Node Type": "Index Scan",
      "Startup Cost": 8.02,
      "Index Cond": "(dir_id \u003d $0)"
    }
  ],
  "Scan Direction": "Forward",
  "Relation Name": "movie",
  "Parallel Aware": false,
  "Alias": "movie",
  "Node Type": "Index Scan",
  "Index Name": "movie_pkey",
  "Plan Width": 51,
  "Startup Cost": 16.31,
  "Index Cond": "(mov_id \u003d $1)",
  "Plan Rows": 1
}

------------------------------

Indicies Configuration #28:
Index btree on column mov_id in table movie

------------------------------

1. The Total Cost of the Plan = 65.59
2. The Estimated Size of the Result Set = 1
3. The Plan of the Query:
{
  "Total Cost": 65.59,
  "Plans": [
    {
      "Parent Relationship": "InitPlan",
      "Relation Name": "movie_direction",
      "Subplan Name": "InitPlan 2 (returns $1)",
      "Index Name": "movie_direction_pkey",
      "Plan Width": 4,
      "Plan Rows": 1,
      "Total Cost": 57.29,
      "Plans": [
        {
          "Parent Relationship": "InitPlan",
          "Total Cost": 49.0,
          "Relation Name": "director",
          "Parallel Aware": false,
          "Filter": "((dir_fname \u003d \u0027actor1\u0027::bpchar) AND (dir_lname \u003d \u0027actor1\u0027::bpchar))",
          "Subplan Name": "InitPlan 1 (returns $0)",
          "Alias": "director",
          "Node Type": "Seq Scan",
          "Plan Width": 4,
          "Startup Cost": 0.0,
          "Plan Rows": 1
        }
      ],
      "Scan Direction": "Forward",
      "Parallel Aware": false,
      "Alias": "movie_direction",
      "Node Type": "Index Only Scan",
      "Startup Cost": 49.27,
      "Index Cond": "(dir_id \u003d $0)"
    }
  ],
  "Scan Direction": "Forward",
  "Relation Name": "movie",
  "Parallel Aware": false,
  "Alias": "movie",
  "Node Type": "Index Scan",
  "Index Name": "idx_movie_mov_id",
  "Plan Width": 51,
  "Startup Cost": 57.57,
  "Index Cond": "(mov_id \u003d $1)",
  "Plan Rows": 1
}

------------------------------

Indicies Configuration #29:
Index btree on column mov_id in table movie
Index btree on column dir_lname in table director

------------------------------

1. The Total Cost of the Plan = 24.88
2. The Estimated Size of the Result Set = 1
3. The Plan of the Query:
{
  "Total Cost": 24.88,
  "Plans": [
    {
      "Parent Relationship": "InitPlan",
      "Relation Name": "movie_direction",
      "Subplan Name": "InitPlan 2 (returns $1)",
      "Index Name": "movie_direction_pkey",
      "Plan Width": 4,
      "Plan Rows": 1,
      "Total Cost": 16.59,
      "Plans": [
        {
          "Parent Relationship": "InitPlan",
          "Relation Name": "director",
          "Subplan Name": "InitPlan 1 (returns $0)",
          "Index Name": "idx_director_dir_lname",
          "Plan Width": 4,
          "Plan Rows": 1,
          "Total Cost": 8.3,
          "Scan Direction": "Forward",
          "Parallel Aware": false,
          "Filter": "(dir_fname \u003d \u0027actor1\u0027::bpchar)",
          "Alias": "director",
          "Node Type": "Index Scan",
          "Startup Cost": 0.28,
          "Index Cond": "(dir_lname \u003d \u0027actor1\u0027::bpchar)"
        }
      ],
      "Scan Direction": "Forward",
      "Parallel Aware": false,
      "Alias": "movie_direction",
      "Node Type": "Index Only Scan",
      "Startup Cost": 8.57,
      "Index Cond": "(dir_id \u003d $0)"
    }
  ],
  "Scan Direction": "Forward",
  "Relation Name": "movie",
  "Parallel Aware": false,
  "Alias": "movie",
  "Node Type": "Index Scan",
  "Index Name": "idx_movie_mov_id",
  "Plan Width": 51,
  "Startup Cost": 16.86,
  "Index Cond": "(mov_id \u003d $1)",
  "Plan Rows": 1
}

------------------------------

Indicies Configuration #30:
Index btree on column mov_id in table movie
Index hash on column dir_lname in table director

------------------------------

1. The Total Cost of the Plan = 24.61
2. The Estimated Size of the Result Set = 1
3. The Plan of the Query:
{
  "Total Cost": 24.61,
  "Plans": [
    {
      "Parent Relationship": "InitPlan",
      "Relation Name": "movie_direction",
      "Subplan Name": "InitPlan 2 (returns $1)",
      "Index Name": "movie_direction_pkey",
      "Plan Width": 4,
      "Plan Rows": 1,
      "Total Cost": 16.31,
      "Plans": [
        {
          "Parent Relationship": "InitPlan",
          "Relation Name": "director",
          "Subplan Name": "InitPlan 1 (returns $0)",
          "Index Name": "idx_director_dir_lname",
          "Plan Width": 4,
          "Plan Rows": 1,
          "Total Cost": 8.02,
          "Scan Direction": "NoMovement",
          "Parallel Aware": false,
          "Filter": "(dir_fname \u003d \u0027actor1\u0027::bpchar)",
          "Alias": "director",
          "Node Type": "Index Scan",
          "Startup Cost": 0.0,
          "Index Cond": "(dir_lname \u003d \u0027actor1\u0027::bpchar)"
        }
      ],
      "Scan Direction": "Forward",
      "Parallel Aware": false,
      "Alias": "movie_direction",
      "Node Type": "Index Only Scan",
      "Startup Cost": 8.29,
      "Index Cond": "(dir_id \u003d $0)"
    }
  ],
  "Scan Direction": "Forward",
  "Relation Name": "movie",
  "Parallel Aware": false,
  "Alias": "movie",
  "Node Type": "Index Scan",
  "Index Name": "idx_movie_mov_id",
  "Plan Width": 51,
  "Startup Cost": 16.59,
  "Index Cond": "(mov_id \u003d $1)",
  "Plan Rows": 1
}

------------------------------

Indicies Configuration #31:
Index btree on column mov_id in table movie
Index btree on column dir_fname in table director

------------------------------

1. The Total Cost of the Plan = 24.88
2. The Estimated Size of the Result Set = 1
3. The Plan of the Query:
{
  "Total Cost": 24.88,
  "Plans": [
    {
      "Parent Relationship": "InitPlan",
      "Relation Name": "movie_direction",
      "Subplan Name": "InitPlan 2 (returns $1)",
      "Index Name": "movie_direction_pkey",
      "Plan Width": 4,
      "Plan Rows": 1,
      "Total Cost": 16.59,
      "Plans": [
        {
          "Parent Relationship": "InitPlan",
          "Relation Name": "director",
          "Subplan Name": "InitPlan 1 (returns $0)",
          "Index Name": "idx_director_dir_fname",
          "Plan Width": 4,
          "Plan Rows": 1,
          "Total Cost": 8.3,
          "Scan Direction": "Forward",
          "Parallel Aware": false,
          "Filter": "(dir_lname \u003d \u0027actor1\u0027::bpchar)",
          "Alias": "director",
          "Node Type": "Index Scan",
          "Startup Cost": 0.28,
          "Index Cond": "(dir_fname \u003d \u0027actor1\u0027::bpchar)"
        }
      ],
      "Scan Direction": "Forward",
      "Parallel Aware": false,
      "Alias": "movie_direction",
      "Node Type": "Index Only Scan",
      "Startup Cost": 8.57,
      "Index Cond": "(dir_id \u003d $0)"
    }
  ],
  "Scan Direction": "Forward",
  "Relation Name": "movie",
  "Parallel Aware": false,
  "Alias": "movie",
  "Node Type": "Index Scan",
  "Index Name": "idx_movie_mov_id",
  "Plan Width": 51,
  "Startup Cost": 16.86,
  "Index Cond": "(mov_id \u003d $1)",
  "Plan Rows": 1
}

------------------------------

Indicies Configuration #32:
Index btree on column mov_id in table movie
Index btree on column dir_fname in table director
Index btree on column dir_lname in table director

------------------------------

1. The Total Cost of the Plan = 24.88
2. The Estimated Size of the Result Set = 1
3. The Plan of the Query:
{
  "Total Cost": 24.88,
  "Plans": [
    {
      "Parent Relationship": "InitPlan",
      "Relation Name": "movie_direction",
      "Subplan Name": "InitPlan 2 (returns $1)",
      "Index Name": "movie_direction_pkey",
      "Plan Width": 4,
      "Plan Rows": 1,
      "Total Cost": 16.59,
      "Plans": [
        {
          "Parent Relationship": "InitPlan",
          "Relation Name": "director",
          "Subplan Name": "InitPlan 1 (returns $0)",
          "Index Name": "idx_director_dir_lname",
          "Plan Width": 4,
          "Plan Rows": 1,
          "Total Cost": 8.3,
          "Scan Direction": "Forward",
          "Parallel Aware": false,
          "Filter": "(dir_fname \u003d \u0027actor1\u0027::bpchar)",
          "Alias": "director",
          "Node Type": "Index Scan",
          "Startup Cost": 0.28,
          "Index Cond": "(dir_lname \u003d \u0027actor1\u0027::bpchar)"
        }
      ],
      "Scan Direction": "Forward",
      "Parallel Aware": false,
      "Alias": "movie_direction",
      "Node Type": "Index Only Scan",
      "Startup Cost": 8.57,
      "Index Cond": "(dir_id \u003d $0)"
    }
  ],
  "Scan Direction": "Forward",
  "Relation Name": "movie",
  "Parallel Aware": false,
  "Alias": "movie",
  "Node Type": "Index Scan",
  "Index Name": "idx_movie_mov_id",
  "Plan Width": 51,
  "Startup Cost": 16.86,
  "Index Cond": "(mov_id \u003d $1)",
  "Plan Rows": 1
}

------------------------------

Indicies Configuration #33:
Index btree on column mov_id in table movie
Index btree on column dir_fname in table director
Index hash on column dir_lname in table director

------------------------------

1. The Total Cost of the Plan = 24.61
2. The Estimated Size of the Result Set = 1
3. The Plan of the Query:
{
  "Total Cost": 24.61,
  "Plans": [
    {
      "Parent Relationship": "InitPlan",
      "Relation Name": "movie_direction",
      "Subplan Name": "InitPlan 2 (returns $1)",
      "Index Name": "movie_direction_pkey",
      "Plan Width": 4,
      "Plan Rows": 1,
      "Total Cost": 16.31,
      "Plans": [
        {
          "Parent Relationship": "InitPlan",
          "Relation Name": "director",
          "Subplan Name": "InitPlan 1 (returns $0)",
          "Index Name": "idx_director_dir_lname",
          "Plan Width": 4,
          "Plan Rows": 1,
          "Total Cost": 8.02,
          "Scan Direction": "NoMovement",
          "Parallel Aware": false,
          "Filter": "(dir_fname \u003d \u0027actor1\u0027::bpchar)",
          "Alias": "director",
          "Node Type": "Index Scan",
          "Startup Cost": 0.0,
          "Index Cond": "(dir_lname \u003d \u0027actor1\u0027::bpchar)"
        }
      ],
      "Scan Direction": "Forward",
      "Parallel Aware": false,
      "Alias": "movie_direction",
      "Node Type": "Index Only Scan",
      "Startup Cost": 8.29,
      "Index Cond": "(dir_id \u003d $0)"
    }
  ],
  "Scan Direction": "Forward",
  "Relation Name": "movie",
  "Parallel Aware": false,
  "Alias": "movie",
  "Node Type": "Index Scan",
  "Index Name": "idx_movie_mov_id",
  "Plan Width": 51,
  "Startup Cost": 16.59,
  "Index Cond": "(mov_id \u003d $1)",
  "Plan Rows": 1
}

------------------------------

Indicies Configuration #34:
Index btree on column mov_id in table movie
Index hash on column dir_fname in table director

------------------------------

1. The Total Cost of the Plan = 24.61
2. The Estimated Size of the Result Set = 1
3. The Plan of the Query:
{
  "Total Cost": 24.61,
  "Plans": [
    {
      "Parent Relationship": "InitPlan",
      "Relation Name": "movie_direction",
      "Subplan Name": "InitPlan 2 (returns $1)",
      "Index Name": "movie_direction_pkey",
      "Plan Width": 4,
      "Plan Rows": 1,
      "Total Cost": 16.31,
      "Plans": [
        {
          "Parent Relationship": "InitPlan",
          "Relation Name": "director",
          "Subplan Name": "InitPlan 1 (returns $0)",
          "Index Name": "idx_director_dir_fname",
          "Plan Width": 4,
          "Plan Rows": 1,
          "Total Cost": 8.02,
          "Scan Direction": "NoMovement",
          "Parallel Aware": false,
          "Filter": "(dir_lname \u003d \u0027actor1\u0027::bpchar)",
          "Alias": "director",
          "Node Type": "Index Scan",
          "Startup Cost": 0.0,
          "Index Cond": "(dir_fname \u003d \u0027actor1\u0027::bpchar)"
        }
      ],
      "Scan Direction": "Forward",
      "Parallel Aware": false,
      "Alias": "movie_direction",
      "Node Type": "Index Only Scan",
      "Startup Cost": 8.29,
      "Index Cond": "(dir_id \u003d $0)"
    }
  ],
  "Scan Direction": "Forward",
  "Relation Name": "movie",
  "Parallel Aware": false,
  "Alias": "movie",
  "Node Type": "Index Scan",
  "Index Name": "idx_movie_mov_id",
  "Plan Width": 51,
  "Startup Cost": 16.59,
  "Index Cond": "(mov_id \u003d $1)",
  "Plan Rows": 1
}

------------------------------

Indicies Configuration #35:
Index btree on column mov_id in table movie
Index hash on column dir_fname in table director
Index btree on column dir_lname in table director

------------------------------

1. The Total Cost of the Plan = 24.61
2. The Estimated Size of the Result Set = 1
3. The Plan of the Query:
{
  "Total Cost": 24.61,
  "Plans": [
    {
      "Parent Relationship": "InitPlan",
      "Relation Name": "movie_direction",
      "Subplan Name": "InitPlan 2 (returns $1)",
      "Index Name": "movie_direction_pkey",
      "Plan Width": 4,
      "Plan Rows": 1,
      "Total Cost": 16.31,
      "Plans": [
        {
          "Parent Relationship": "InitPlan",
          "Relation Name": "director",
          "Subplan Name": "InitPlan 1 (returns $0)",
          "Index Name": "idx_director_dir_fname",
          "Plan Width": 4,
          "Plan Rows": 1,
          "Total Cost": 8.02,
          "Scan Direction": "NoMovement",
          "Parallel Aware": false,
          "Filter": "(dir_lname \u003d \u0027actor1\u0027::bpchar)",
          "Alias": "director",
          "Node Type": "Index Scan",
          "Startup Cost": 0.0,
          "Index Cond": "(dir_fname \u003d \u0027actor1\u0027::bpchar)"
        }
      ],
      "Scan Direction": "Forward",
      "Parallel Aware": false,
      "Alias": "movie_direction",
      "Node Type": "Index Only Scan",
      "Startup Cost": 8.29,
      "Index Cond": "(dir_id \u003d $0)"
    }
  ],
  "Scan Direction": "Forward",
  "Relation Name": "movie",
  "Parallel Aware": false,
  "Alias": "movie",
  "Node Type": "Index Scan",
  "Index Name": "idx_movie_mov_id",
  "Plan Width": 51,
  "Startup Cost": 16.59,
  "Index Cond": "(mov_id \u003d $1)",
  "Plan Rows": 1
}

------------------------------

Indicies Configuration #36:
Index btree on column mov_id in table movie
Index hash on column dir_fname in table director
Index hash on column dir_lname in table director

------------------------------

1. The Total Cost of the Plan = 24.61
2. The Estimated Size of the Result Set = 1
3. The Plan of the Query:
{
  "Total Cost": 24.61,
  "Plans": [
    {
      "Parent Relationship": "InitPlan",
      "Relation Name": "movie_direction",
      "Subplan Name": "InitPlan 2 (returns $1)",
      "Index Name": "movie_direction_pkey",
      "Plan Width": 4,
      "Plan Rows": 1,
      "Total Cost": 16.31,
      "Plans": [
        {
          "Parent Relationship": "InitPlan",
          "Relation Name": "director",
          "Subplan Name": "InitPlan 1 (returns $0)",
          "Index Name": "idx_director_dir_lname",
          "Plan Width": 4,
          "Plan Rows": 1,
          "Total Cost": 8.02,
          "Scan Direction": "NoMovement",
          "Parallel Aware": false,
          "Filter": "(dir_fname \u003d \u0027actor1\u0027::bpchar)",
          "Alias": "director",
          "Node Type": "Index Scan",
          "Startup Cost": 0.0,
          "Index Cond": "(dir_lname \u003d \u0027actor1\u0027::bpchar)"
        }
      ],
      "Scan Direction": "Forward",
      "Parallel Aware": false,
      "Alias": "movie_direction",
      "Node Type": "Index Only Scan",
      "Startup Cost": 8.29,
      "Index Cond": "(dir_id \u003d $0)"
    }
  ],
  "Scan Direction": "Forward",
  "Relation Name": "movie",
  "Parallel Aware": false,
  "Alias": "movie",
  "Node Type": "Index Scan",
  "Index Name": "idx_movie_mov_id",
  "Plan Width": 51,
  "Startup Cost": 16.59,
  "Index Cond": "(mov_id \u003d $1)",
  "Plan Rows": 1
}

------------------------------

Indicies Configuration #37:
Index btree on column mov_id in table movie
Index btree on column dir_id in table movie_direction

------------------------------

1. The Total Cost of the Plan = 65.59
2. The Estimated Size of the Result Set = 1
3. The Plan of the Query:
{
  "Total Cost": 65.59,
  "Plans": [
    {
      "Parent Relationship": "InitPlan",
      "Relation Name": "movie_direction",
      "Subplan Name": "InitPlan 2 (returns $1)",
      "Index Name": "idx_movie_direction_dir_id",
      "Plan Width": 4,
      "Plan Rows": 1,
      "Total Cost": 57.29,
      "Plans": [
        {
          "Parent Relationship": "InitPlan",
          "Total Cost": 49.0,
          "Relation Name": "director",
          "Parallel Aware": false,
          "Filter": "((dir_fname \u003d \u0027actor1\u0027::bpchar) AND (dir_lname \u003d \u0027actor1\u0027::bpchar))",
          "Subplan Name": "InitPlan 1 (returns $0)",
          "Alias": "director",
          "Node Type": "Seq Scan",
          "Plan Width": 4,
          "Startup Cost": 0.0,
          "Plan Rows": 1
        }
      ],
      "Scan Direction": "Forward",
      "Parallel Aware": false,
      "Alias": "movie_direction",
      "Node Type": "Index Scan",
      "Startup Cost": 49.27,
      "Index Cond": "(dir_id \u003d $0)"
    }
  ],
  "Scan Direction": "Forward",
  "Relation Name": "movie",
  "Parallel Aware": false,
  "Alias": "movie",
  "Node Type": "Index Scan",
  "Index Name": "idx_movie_mov_id",
  "Plan Width": 51,
  "Startup Cost": 57.57,
  "Index Cond": "(mov_id \u003d $1)",
  "Plan Rows": 1
}

------------------------------

Indicies Configuration #38:
Index btree on column mov_id in table movie
Index btree on column dir_id in table movie_direction
Index btree on column dir_lname in table director

------------------------------

1. The Total Cost of the Plan = 24.88
2. The Estimated Size of the Result Set = 1
3. The Plan of the Query:
{
  "Total Cost": 24.88,
  "Plans": [
    {
      "Parent Relationship": "InitPlan",
      "Relation Name": "movie_direction",
      "Subplan Name": "InitPlan 2 (returns $1)",
      "Index Name": "idx_movie_direction_dir_id",
      "Plan Width": 4,
      "Plan Rows": 1,
      "Total Cost": 16.59,
      "Plans": [
        {
          "Parent Relationship": "InitPlan",
          "Relation Name": "director",
          "Subplan Name": "InitPlan 1 (returns $0)",
          "Index Name": "idx_director_dir_lname",
          "Plan Width": 4,
          "Plan Rows": 1,
          "Total Cost": 8.3,
          "Scan Direction": "Forward",
          "Parallel Aware": false,
          "Filter": "(dir_fname \u003d \u0027actor1\u0027::bpchar)",
          "Alias": "director",
          "Node Type": "Index Scan",
          "Startup Cost": 0.28,
          "Index Cond": "(dir_lname \u003d \u0027actor1\u0027::bpchar)"
        }
      ],
      "Scan Direction": "Forward",
      "Parallel Aware": false,
      "Alias": "movie_direction",
      "Node Type": "Index Scan",
      "Startup Cost": 8.57,
      "Index Cond": "(dir_id \u003d $0)"
    }
  ],
  "Scan Direction": "Forward",
  "Relation Name": "movie",
  "Parallel Aware": false,
  "Alias": "movie",
  "Node Type": "Index Scan",
  "Index Name": "idx_movie_mov_id",
  "Plan Width": 51,
  "Startup Cost": 16.86,
  "Index Cond": "(mov_id \u003d $1)",
  "Plan Rows": 1
}

------------------------------

Indicies Configuration #39:
Index btree on column mov_id in table movie
Index btree on column dir_id in table movie_direction
Index hash on column dir_lname in table director

------------------------------

1. The Total Cost of the Plan = 24.61
2. The Estimated Size of the Result Set = 1
3. The Plan of the Query:
{
  "Total Cost": 24.61,
  "Plans": [
    {
      "Parent Relationship": "InitPlan",
      "Relation Name": "movie_direction",
      "Subplan Name": "InitPlan 2 (returns $1)",
      "Index Name": "idx_movie_direction_dir_id",
      "Plan Width": 4,
      "Plan Rows": 1,
      "Total Cost": 16.31,
      "Plans": [
        {
          "Parent Relationship": "InitPlan",
          "Relation Name": "director",
          "Subplan Name": "InitPlan 1 (returns $0)",
          "Index Name": "idx_director_dir_lname",
          "Plan Width": 4,
          "Plan Rows": 1,
          "Total Cost": 8.02,
          "Scan Direction": "NoMovement",
          "Parallel Aware": false,
          "Filter": "(dir_fname \u003d \u0027actor1\u0027::bpchar)",
          "Alias": "director",
          "Node Type": "Index Scan",
          "Startup Cost": 0.0,
          "Index Cond": "(dir_lname \u003d \u0027actor1\u0027::bpchar)"
        }
      ],
      "Scan Direction": "Forward",
      "Parallel Aware": false,
      "Alias": "movie_direction",
      "Node Type": "Index Scan",
      "Startup Cost": 8.29,
      "Index Cond": "(dir_id \u003d $0)"
    }
  ],
  "Scan Direction": "Forward",
  "Relation Name": "movie",
  "Parallel Aware": false,
  "Alias": "movie",
  "Node Type": "Index Scan",
  "Index Name": "idx_movie_mov_id",
  "Plan Width": 51,
  "Startup Cost": 16.59,
  "Index Cond": "(mov_id \u003d $1)",
  "Plan Rows": 1
}

------------------------------

Indicies Configuration #40:
Index btree on column mov_id in table movie
Index btree on column dir_id in table movie_direction
Index btree on column dir_fname in table director

------------------------------

1. The Total Cost of the Plan = 24.88
2. The Estimated Size of the Result Set = 1
3. The Plan of the Query:
{
  "Total Cost": 24.88,
  "Plans": [
    {
      "Parent Relationship": "InitPlan",
      "Relation Name": "movie_direction",
      "Subplan Name": "InitPlan 2 (returns $1)",
      "Index Name": "idx_movie_direction_dir_id",
      "Plan Width": 4,
      "Plan Rows": 1,
      "Total Cost": 16.59,
      "Plans": [
        {
          "Parent Relationship": "InitPlan",
          "Relation Name": "director",
          "Subplan Name": "InitPlan 1 (returns $0)",
          "Index Name": "idx_director_dir_fname",
          "Plan Width": 4,
          "Plan Rows": 1,
          "Total Cost": 8.3,
          "Scan Direction": "Forward",
          "Parallel Aware": false,
          "Filter": "(dir_lname \u003d \u0027actor1\u0027::bpchar)",
          "Alias": "director",
          "Node Type": "Index Scan",
          "Startup Cost": 0.28,
          "Index Cond": "(dir_fname \u003d \u0027actor1\u0027::bpchar)"
        }
      ],
      "Scan Direction": "Forward",
      "Parallel Aware": false,
      "Alias": "movie_direction",
      "Node Type": "Index Scan",
      "Startup Cost": 8.57,
      "Index Cond": "(dir_id \u003d $0)"
    }
  ],
  "Scan Direction": "Forward",
  "Relation Name": "movie",
  "Parallel Aware": false,
  "Alias": "movie",
  "Node Type": "Index Scan",
  "Index Name": "idx_movie_mov_id",
  "Plan Width": 51,
  "Startup Cost": 16.86,
  "Index Cond": "(mov_id \u003d $1)",
  "Plan Rows": 1
}

------------------------------

Indicies Configuration #41:
Index btree on column mov_id in table movie
Index btree on column dir_id in table movie_direction
Index btree on column dir_fname in table director
Index btree on column dir_lname in table director

------------------------------

1. The Total Cost of the Plan = 24.88
2. The Estimated Size of the Result Set = 1
3. The Plan of the Query:
{
  "Total Cost": 24.88,
  "Plans": [
    {
      "Parent Relationship": "InitPlan",
      "Relation Name": "movie_direction",
      "Subplan Name": "InitPlan 2 (returns $1)",
      "Index Name": "idx_movie_direction_dir_id",
      "Plan Width": 4,
      "Plan Rows": 1,
      "Total Cost": 16.59,
      "Plans": [
        {
          "Parent Relationship": "InitPlan",
          "Relation Name": "director",
          "Subplan Name": "InitPlan 1 (returns $0)",
          "Index Name": "idx_director_dir_lname",
          "Plan Width": 4,
          "Plan Rows": 1,
          "Total Cost": 8.3,
          "Scan Direction": "Forward",
          "Parallel Aware": false,
          "Filter": "(dir_fname \u003d \u0027actor1\u0027::bpchar)",
          "Alias": "director",
          "Node Type": "Index Scan",
          "Startup Cost": 0.28,
          "Index Cond": "(dir_lname \u003d \u0027actor1\u0027::bpchar)"
        }
      ],
      "Scan Direction": "Forward",
      "Parallel Aware": false,
      "Alias": "movie_direction",
      "Node Type": "Index Scan",
      "Startup Cost": 8.57,
      "Index Cond": "(dir_id \u003d $0)"
    }
  ],
  "Scan Direction": "Forward",
  "Relation Name": "movie",
  "Parallel Aware": false,
  "Alias": "movie",
  "Node Type": "Index Scan",
  "Index Name": "idx_movie_mov_id",
  "Plan Width": 51,
  "Startup Cost": 16.86,
  "Index Cond": "(mov_id \u003d $1)",
  "Plan Rows": 1
}

------------------------------

Indicies Configuration #42:
Index btree on column mov_id in table movie
Index btree on column dir_id in table movie_direction
Index btree on column dir_fname in table director
Index hash on column dir_lname in table director

------------------------------

1. The Total Cost of the Plan = 24.61
2. The Estimated Size of the Result Set = 1
3. The Plan of the Query:
{
  "Total Cost": 24.61,
  "Plans": [
    {
      "Parent Relationship": "InitPlan",
      "Relation Name": "movie_direction",
      "Subplan Name": "InitPlan 2 (returns $1)",
      "Index Name": "idx_movie_direction_dir_id",
      "Plan Width": 4,
      "Plan Rows": 1,
      "Total Cost": 16.31,
      "Plans": [
        {
          "Parent Relationship": "InitPlan",
          "Relation Name": "director",
          "Subplan Name": "InitPlan 1 (returns $0)",
          "Index Name": "idx_director_dir_lname",
          "Plan Width": 4,
          "Plan Rows": 1,
          "Total Cost": 8.02,
          "Scan Direction": "NoMovement",
          "Parallel Aware": false,
          "Filter": "(dir_fname \u003d \u0027actor1\u0027::bpchar)",
          "Alias": "director",
          "Node Type": "Index Scan",
          "Startup Cost": 0.0,
          "Index Cond": "(dir_lname \u003d \u0027actor1\u0027::bpchar)"
        }
      ],
      "Scan Direction": "Forward",
      "Parallel Aware": false,
      "Alias": "movie_direction",
      "Node Type": "Index Scan",
      "Startup Cost": 8.29,
      "Index Cond": "(dir_id \u003d $0)"
    }
  ],
  "Scan Direction": "Forward",
  "Relation Name": "movie",
  "Parallel Aware": false,
  "Alias": "movie",
  "Node Type": "Index Scan",
  "Index Name": "idx_movie_mov_id",
  "Plan Width": 51,
  "Startup Cost": 16.59,
  "Index Cond": "(mov_id \u003d $1)",
  "Plan Rows": 1
}

------------------------------

Indicies Configuration #43:
Index btree on column mov_id in table movie
Index btree on column dir_id in table movie_direction
Index hash on column dir_fname in table director

------------------------------

1. The Total Cost of the Plan = 24.61
2. The Estimated Size of the Result Set = 1
3. The Plan of the Query:
{
  "Total Cost": 24.61,
  "Plans": [
    {
      "Parent Relationship": "InitPlan",
      "Relation Name": "movie_direction",
      "Subplan Name": "InitPlan 2 (returns $1)",
      "Index Name": "idx_movie_direction_dir_id",
      "Plan Width": 4,
      "Plan Rows": 1,
      "Total Cost": 16.31,
      "Plans": [
        {
          "Parent Relationship": "InitPlan",
          "Relation Name": "director",
          "Subplan Name": "InitPlan 1 (returns $0)",
          "Index Name": "idx_director_dir_fname",
          "Plan Width": 4,
          "Plan Rows": 1,
          "Total Cost": 8.02,
          "Scan Direction": "NoMovement",
          "Parallel Aware": false,
          "Filter": "(dir_lname \u003d \u0027actor1\u0027::bpchar)",
          "Alias": "director",
          "Node Type": "Index Scan",
          "Startup Cost": 0.0,
          "Index Cond": "(dir_fname \u003d \u0027actor1\u0027::bpchar)"
        }
      ],
      "Scan Direction": "Forward",
      "Parallel Aware": false,
      "Alias": "movie_direction",
      "Node Type": "Index Scan",
      "Startup Cost": 8.29,
      "Index Cond": "(dir_id \u003d $0)"
    }
  ],
  "Scan Direction": "Forward",
  "Relation Name": "movie",
  "Parallel Aware": false,
  "Alias": "movie",
  "Node Type": "Index Scan",
  "Index Name": "idx_movie_mov_id",
  "Plan Width": 51,
  "Startup Cost": 16.59,
  "Index Cond": "(mov_id \u003d $1)",
  "Plan Rows": 1
}

------------------------------

Indicies Configuration #44:
Index btree on column mov_id in table movie
Index btree on column dir_id in table movie_direction
Index hash on column dir_fname in table director
Index btree on column dir_lname in table director

------------------------------

1. The Total Cost of the Plan = 24.61
2. The Estimated Size of the Result Set = 1
3. The Plan of the Query:
{
  "Total Cost": 24.61,
  "Plans": [
    {
      "Parent Relationship": "InitPlan",
      "Relation Name": "movie_direction",
      "Subplan Name": "InitPlan 2 (returns $1)",
      "Index Name": "idx_movie_direction_dir_id",
      "Plan Width": 4,
      "Plan Rows": 1,
      "Total Cost": 16.31,
      "Plans": [
        {
          "Parent Relationship": "InitPlan",
          "Relation Name": "director",
          "Subplan Name": "InitPlan 1 (returns $0)",
          "Index Name": "idx_director_dir_fname",
          "Plan Width": 4,
          "Plan Rows": 1,
          "Total Cost": 8.02,
          "Scan Direction": "NoMovement",
          "Parallel Aware": false,
          "Filter": "(dir_lname \u003d \u0027actor1\u0027::bpchar)",
          "Alias": "director",
          "Node Type": "Index Scan",
          "Startup Cost": 0.0,
          "Index Cond": "(dir_fname \u003d \u0027actor1\u0027::bpchar)"
        }
      ],
      "Scan Direction": "Forward",
      "Parallel Aware": false,
      "Alias": "movie_direction",
      "Node Type": "Index Scan",
      "Startup Cost": 8.29,
      "Index Cond": "(dir_id \u003d $0)"
    }
  ],
  "Scan Direction": "Forward",
  "Relation Name": "movie",
  "Parallel Aware": false,
  "Alias": "movie",
  "Node Type": "Index Scan",
  "Index Name": "idx_movie_mov_id",
  "Plan Width": 51,
  "Startup Cost": 16.59,
  "Index Cond": "(mov_id \u003d $1)",
  "Plan Rows": 1
}

------------------------------

Indicies Configuration #45:
Index btree on column mov_id in table movie
Index btree on column dir_id in table movie_direction
Index hash on column dir_fname in table director
Index hash on column dir_lname in table director

------------------------------

1. The Total Cost of the Plan = 24.61
2. The Estimated Size of the Result Set = 1
3. The Plan of the Query:
{
  "Total Cost": 24.61,
  "Plans": [
    {
      "Parent Relationship": "InitPlan",
      "Relation Name": "movie_direction",
      "Subplan Name": "InitPlan 2 (returns $1)",
      "Index Name": "idx_movie_direction_dir_id",
      "Plan Width": 4,
      "Plan Rows": 1,
      "Total Cost": 16.31,
      "Plans": [
        {
          "Parent Relationship": "InitPlan",
          "Relation Name": "director",
          "Subplan Name": "InitPlan 1 (returns $0)",
          "Index Name": "idx_director_dir_lname",
          "Plan Width": 4,
          "Plan Rows": 1,
          "Total Cost": 8.02,
          "Scan Direction": "NoMovement",
          "Parallel Aware": false,
          "Filter": "(dir_fname \u003d \u0027actor1\u0027::bpchar)",
          "Alias": "director",
          "Node Type": "Index Scan",
          "Startup Cost": 0.0,
          "Index Cond": "(dir_lname \u003d \u0027actor1\u0027::bpchar)"
        }
      ],
      "Scan Direction": "Forward",
      "Parallel Aware": false,
      "Alias": "movie_direction",
      "Node Type": "Index Scan",
      "Startup Cost": 8.29,
      "Index Cond": "(dir_id \u003d $0)"
    }
  ],
  "Scan Direction": "Forward",
  "Relation Name": "movie",
  "Parallel Aware": false,
  "Alias": "movie",
  "Node Type": "Index Scan",
  "Index Name": "idx_movie_mov_id",
  "Plan Width": 51,
  "Startup Cost": 16.59,
  "Index Cond": "(mov_id \u003d $1)",
  "Plan Rows": 1
}

------------------------------

Indicies Configuration #46:
Index btree on column mov_id in table movie
Index hash on column dir_id in table movie_direction

------------------------------

1. The Total Cost of the Plan = 65.31
2. The Estimated Size of the Result Set = 1
3. The Plan of the Query:
{
  "Total Cost": 65.31,
  "Plans": [
    {
      "Parent Relationship": "InitPlan",
      "Relation Name": "movie_direction",
      "Subplan Name": "InitPlan 2 (returns $1)",
      "Index Name": "idx_movie_direction_dir_id",
      "Plan Width": 4,
      "Plan Rows": 1,
      "Total Cost": 57.02,
      "Plans": [
        {
          "Parent Relationship": "InitPlan",
          "Total Cost": 49.0,
          "Relation Name": "director",
          "Parallel Aware": false,
          "Filter": "((dir_fname \u003d \u0027actor1\u0027::bpchar) AND (dir_lname \u003d \u0027actor1\u0027::bpchar))",
          "Subplan Name": "InitPlan 1 (returns $0)",
          "Alias": "director",
          "Node Type": "Seq Scan",
          "Plan Width": 4,
          "Startup Cost": 0.0,
          "Plan Rows": 1
        }
      ],
      "Scan Direction": "NoMovement",
      "Parallel Aware": false,
      "Alias": "movie_direction",
      "Node Type": "Index Scan",
      "Startup Cost": 49.0,
      "Index Cond": "(dir_id \u003d $0)"
    }
  ],
  "Scan Direction": "Forward",
  "Relation Name": "movie",
  "Parallel Aware": false,
  "Alias": "movie",
  "Node Type": "Index Scan",
  "Index Name": "idx_movie_mov_id",
  "Plan Width": 51,
  "Startup Cost": 57.29,
  "Index Cond": "(mov_id \u003d $1)",
  "Plan Rows": 1
}

------------------------------

Indicies Configuration #47:
Index btree on column mov_id in table movie
Index hash on column dir_id in table movie_direction
Index btree on column dir_lname in table director

------------------------------

1. The Total Cost of the Plan = 24.61
2. The Estimated Size of the Result Set = 1
3. The Plan of the Query:
{
  "Total Cost": 24.61,
  "Plans": [
    {
      "Parent Relationship": "InitPlan",
      "Relation Name": "movie_direction",
      "Subplan Name": "InitPlan 2 (returns $1)",
      "Index Name": "idx_movie_direction_dir_id",
      "Plan Width": 4,
      "Plan Rows": 1,
      "Total Cost": 16.31,
      "Plans": [
        {
          "Parent Relationship": "InitPlan",
          "Relation Name": "director",
          "Subplan Name": "InitPlan 1 (returns $0)",
          "Index Name": "idx_director_dir_lname",
          "Plan Width": 4,
          "Plan Rows": 1,
          "Total Cost": 8.3,
          "Scan Direction": "Forward",
          "Parallel Aware": false,
          "Filter": "(dir_fname \u003d \u0027actor1\u0027::bpchar)",
          "Alias": "director",
          "Node Type": "Index Scan",
          "Startup Cost": 0.28,
          "Index Cond": "(dir_lname \u003d \u0027actor1\u0027::bpchar)"
        }
      ],
      "Scan Direction": "NoMovement",
      "Parallel Aware": false,
      "Alias": "movie_direction",
      "Node Type": "Index Scan",
      "Startup Cost": 8.3,
      "Index Cond": "(dir_id \u003d $0)"
    }
  ],
  "Scan Direction": "Forward",
  "Relation Name": "movie",
  "Parallel Aware": false,
  "Alias": "movie",
  "Node Type": "Index Scan",
  "Index Name": "idx_movie_mov_id",
  "Plan Width": 51,
  "Startup Cost": 16.59,
  "Index Cond": "(mov_id \u003d $1)",
  "Plan Rows": 1
}

------------------------------

Indicies Configuration #48:
Index btree on column mov_id in table movie
Index hash on column dir_id in table movie_direction
Index hash on column dir_lname in table director

------------------------------

1. The Total Cost of the Plan = 24.33
2. The Estimated Size of the Result Set = 1
3. The Plan of the Query:
{
  "Total Cost": 24.33,
  "Plans": [
    {
      "Parent Relationship": "InitPlan",
      "Relation Name": "movie_direction",
      "Subplan Name": "InitPlan 2 (returns $1)",
      "Index Name": "idx_movie_direction_dir_id",
      "Plan Width": 4,
      "Plan Rows": 1,
      "Total Cost": 16.04,
      "Plans": [
        {
          "Parent Relationship": "InitPlan",
          "Relation Name": "director",
          "Subplan Name": "InitPlan 1 (returns $0)",
          "Index Name": "idx_director_dir_lname",
          "Plan Width": 4,
          "Plan Rows": 1,
          "Total Cost": 8.02,
          "Scan Direction": "NoMovement",
          "Parallel Aware": false,
          "Filter": "(dir_fname \u003d \u0027actor1\u0027::bpchar)",
          "Alias": "director",
          "Node Type": "Index Scan",
          "Startup Cost": 0.0,
          "Index Cond": "(dir_lname \u003d \u0027actor1\u0027::bpchar)"
        }
      ],
      "Scan Direction": "NoMovement",
      "Parallel Aware": false,
      "Alias": "movie_direction",
      "Node Type": "Index Scan",
      "Startup Cost": 8.02,
      "Index Cond": "(dir_id \u003d $0)"
    }
  ],
  "Scan Direction": "Forward",
  "Relation Name": "movie",
  "Parallel Aware": false,
  "Alias": "movie",
  "Node Type": "Index Scan",
  "Index Name": "idx_movie_mov_id",
  "Plan Width": 51,
  "Startup Cost": 16.31,
  "Index Cond": "(mov_id \u003d $1)",
  "Plan Rows": 1
}

------------------------------

Indicies Configuration #49:
Index btree on column mov_id in table movie
Index hash on column dir_id in table movie_direction
Index btree on column dir_fname in table director

------------------------------

1. The Total Cost of the Plan = 24.61
2. The Estimated Size of the Result Set = 1
3. The Plan of the Query:
{
  "Total Cost": 24.61,
  "Plans": [
    {
      "Parent Relationship": "InitPlan",
      "Relation Name": "movie_direction",
      "Subplan Name": "InitPlan 2 (returns $1)",
      "Index Name": "idx_movie_direction_dir_id",
      "Plan Width": 4,
      "Plan Rows": 1,
      "Total Cost": 16.31,
      "Plans": [
        {
          "Parent Relationship": "InitPlan",
          "Relation Name": "director",
          "Subplan Name": "InitPlan 1 (returns $0)",
          "Index Name": "idx_director_dir_fname",
          "Plan Width": 4,
          "Plan Rows": 1,
          "Total Cost": 8.3,
          "Scan Direction": "Forward",
          "Parallel Aware": false,
          "Filter": "(dir_lname \u003d \u0027actor1\u0027::bpchar)",
          "Alias": "director",
          "Node Type": "Index Scan",
          "Startup Cost": 0.28,
          "Index Cond": "(dir_fname \u003d \u0027actor1\u0027::bpchar)"
        }
      ],
      "Scan Direction": "NoMovement",
      "Parallel Aware": false,
      "Alias": "movie_direction",
      "Node Type": "Index Scan",
      "Startup Cost": 8.3,
      "Index Cond": "(dir_id \u003d $0)"
    }
  ],
  "Scan Direction": "Forward",
  "Relation Name": "movie",
  "Parallel Aware": false,
  "Alias": "movie",
  "Node Type": "Index Scan",
  "Index Name": "idx_movie_mov_id",
  "Plan Width": 51,
  "Startup Cost": 16.59,
  "Index Cond": "(mov_id \u003d $1)",
  "Plan Rows": 1
}

------------------------------

Indicies Configuration #50:
Index btree on column mov_id in table movie
Index hash on column dir_id in table movie_direction
Index btree on column dir_fname in table director
Index btree on column dir_lname in table director

------------------------------

1. The Total Cost of the Plan = 24.61
2. The Estimated Size of the Result Set = 1
3. The Plan of the Query:
{
  "Total Cost": 24.61,
  "Plans": [
    {
      "Parent Relationship": "InitPlan",
      "Relation Name": "movie_direction",
      "Subplan Name": "InitPlan 2 (returns $1)",
      "Index Name": "idx_movie_direction_dir_id",
      "Plan Width": 4,
      "Plan Rows": 1,
      "Total Cost": 16.31,
      "Plans": [
        {
          "Parent Relationship": "InitPlan",
          "Relation Name": "director",
          "Subplan Name": "InitPlan 1 (returns $0)",
          "Index Name": "idx_director_dir_lname",
          "Plan Width": 4,
          "Plan Rows": 1,
          "Total Cost": 8.3,
          "Scan Direction": "Forward",
          "Parallel Aware": false,
          "Filter": "(dir_fname \u003d \u0027actor1\u0027::bpchar)",
          "Alias": "director",
          "Node Type": "Index Scan",
          "Startup Cost": 0.28,
          "Index Cond": "(dir_lname \u003d \u0027actor1\u0027::bpchar)"
        }
      ],
      "Scan Direction": "NoMovement",
      "Parallel Aware": false,
      "Alias": "movie_direction",
      "Node Type": "Index Scan",
      "Startup Cost": 8.3,
      "Index Cond": "(dir_id \u003d $0)"
    }
  ],
  "Scan Direction": "Forward",
  "Relation Name": "movie",
  "Parallel Aware": false,
  "Alias": "movie",
  "Node Type": "Index Scan",
  "Index Name": "idx_movie_mov_id",
  "Plan Width": 51,
  "Startup Cost": 16.59,
  "Index Cond": "(mov_id \u003d $1)",
  "Plan Rows": 1
}

------------------------------

Indicies Configuration #51:
Index btree on column mov_id in table movie
Index hash on column dir_id in table movie_direction
Index btree on column dir_fname in table director
Index hash on column dir_lname in table director

------------------------------

1. The Total Cost of the Plan = 24.33
2. The Estimated Size of the Result Set = 1
3. The Plan of the Query:
{
  "Total Cost": 24.33,
  "Plans": [
    {
      "Parent Relationship": "InitPlan",
      "Relation Name": "movie_direction",
      "Subplan Name": "InitPlan 2 (returns $1)",
      "Index Name": "idx_movie_direction_dir_id",
      "Plan Width": 4,
      "Plan Rows": 1,
      "Total Cost": 16.04,
      "Plans": [
        {
          "Parent Relationship": "InitPlan",
          "Relation Name": "director",
          "Subplan Name": "InitPlan 1 (returns $0)",
          "Index Name": "idx_director_dir_lname",
          "Plan Width": 4,
          "Plan Rows": 1,
          "Total Cost": 8.02,
          "Scan Direction": "NoMovement",
          "Parallel Aware": false,
          "Filter": "(dir_fname \u003d \u0027actor1\u0027::bpchar)",
          "Alias": "director",
          "Node Type": "Index Scan",
          "Startup Cost": 0.0,
          "Index Cond": "(dir_lname \u003d \u0027actor1\u0027::bpchar)"
        }
      ],
      "Scan Direction": "NoMovement",
      "Parallel Aware": false,
      "Alias": "movie_direction",
      "Node Type": "Index Scan",
      "Startup Cost": 8.02,
      "Index Cond": "(dir_id \u003d $0)"
    }
  ],
  "Scan Direction": "Forward",
  "Relation Name": "movie",
  "Parallel Aware": false,
  "Alias": "movie",
  "Node Type": "Index Scan",
  "Index Name": "idx_movie_mov_id",
  "Plan Width": 51,
  "Startup Cost": 16.31,
  "Index Cond": "(mov_id \u003d $1)",
  "Plan Rows": 1
}

------------------------------

Indicies Configuration #52:
Index btree on column mov_id in table movie
Index hash on column dir_id in table movie_direction
Index hash on column dir_fname in table director

------------------------------

1. The Total Cost of the Plan = 24.33
2. The Estimated Size of the Result Set = 1
3. The Plan of the Query:
{
  "Total Cost": 24.33,
  "Plans": [
    {
      "Parent Relationship": "InitPlan",
      "Relation Name": "movie_direction",
      "Subplan Name": "InitPlan 2 (returns $1)",
      "Index Name": "idx_movie_direction_dir_id",
      "Plan Width": 4,
      "Plan Rows": 1,
      "Total Cost": 16.04,
      "Plans": [
        {
          "Parent Relationship": "InitPlan",
          "Relation Name": "director",
          "Subplan Name": "InitPlan 1 (returns $0)",
          "Index Name": "idx_director_dir_fname",
          "Plan Width": 4,
          "Plan Rows": 1,
          "Total Cost": 8.02,
          "Scan Direction": "NoMovement",
          "Parallel Aware": false,
          "Filter": "(dir_lname \u003d \u0027actor1\u0027::bpchar)",
          "Alias": "director",
          "Node Type": "Index Scan",
          "Startup Cost": 0.0,
          "Index Cond": "(dir_fname \u003d \u0027actor1\u0027::bpchar)"
        }
      ],
      "Scan Direction": "NoMovement",
      "Parallel Aware": false,
      "Alias": "movie_direction",
      "Node Type": "Index Scan",
      "Startup Cost": 8.02,
      "Index Cond": "(dir_id \u003d $0)"
    }
  ],
  "Scan Direction": "Forward",
  "Relation Name": "movie",
  "Parallel Aware": false,
  "Alias": "movie",
  "Node Type": "Index Scan",
  "Index Name": "idx_movie_mov_id",
  "Plan Width": 51,
  "Startup Cost": 16.31,
  "Index Cond": "(mov_id \u003d $1)",
  "Plan Rows": 1
}

------------------------------

Indicies Configuration #53:
Index btree on column mov_id in table movie
Index hash on column dir_id in table movie_direction
Index hash on column dir_fname in table director
Index btree on column dir_lname in table director

------------------------------

1. The Total Cost of the Plan = 24.33
2. The Estimated Size of the Result Set = 1
3. The Plan of the Query:
{
  "Total Cost": 24.33,
  "Plans": [
    {
      "Parent Relationship": "InitPlan",
      "Relation Name": "movie_direction",
      "Subplan Name": "InitPlan 2 (returns $1)",
      "Index Name": "idx_movie_direction_dir_id",
      "Plan Width": 4,
      "Plan Rows": 1,
      "Total Cost": 16.04,
      "Plans": [
        {
          "Parent Relationship": "InitPlan",
          "Relation Name": "director",
          "Subplan Name": "InitPlan 1 (returns $0)",
          "Index Name": "idx_director_dir_fname",
          "Plan Width": 4,
          "Plan Rows": 1,
          "Total Cost": 8.02,
          "Scan Direction": "NoMovement",
          "Parallel Aware": false,
          "Filter": "(dir_lname \u003d \u0027actor1\u0027::bpchar)",
          "Alias": "director",
          "Node Type": "Index Scan",
          "Startup Cost": 0.0,
          "Index Cond": "(dir_fname \u003d \u0027actor1\u0027::bpchar)"
        }
      ],
      "Scan Direction": "NoMovement",
      "Parallel Aware": false,
      "Alias": "movie_direction",
      "Node Type": "Index Scan",
      "Startup Cost": 8.02,
      "Index Cond": "(dir_id \u003d $0)"
    }
  ],
  "Scan Direction": "Forward",
  "Relation Name": "movie",
  "Parallel Aware": false,
  "Alias": "movie",
  "Node Type": "Index Scan",
  "Index Name": "idx_movie_mov_id",
  "Plan Width": 51,
  "Startup Cost": 16.31,
  "Index Cond": "(mov_id \u003d $1)",
  "Plan Rows": 1
}

------------------------------

Indicies Configuration #54:
Index btree on column mov_id in table movie
Index hash on column dir_id in table movie_direction
Index hash on column dir_fname in table director
Index hash on column dir_lname in table director

------------------------------

1. The Total Cost of the Plan = 24.33
2. The Estimated Size of the Result Set = 1
3. The Plan of the Query:
{
  "Total Cost": 24.33,
  "Plans": [
    {
      "Parent Relationship": "InitPlan",
      "Relation Name": "movie_direction",
      "Subplan Name": "InitPlan 2 (returns $1)",
      "Index Name": "idx_movie_direction_dir_id",
      "Plan Width": 4,
      "Plan Rows": 1,
      "Total Cost": 16.04,
      "Plans": [
        {
          "Parent Relationship": "InitPlan",
          "Relation Name": "director",
          "Subplan Name": "InitPlan 1 (returns $0)",
          "Index Name": "idx_director_dir_lname",
          "Plan Width": 4,
          "Plan Rows": 1,
          "Total Cost": 8.02,
          "Scan Direction": "NoMovement",
          "Parallel Aware": false,
          "Filter": "(dir_fname \u003d \u0027actor1\u0027::bpchar)",
          "Alias": "director",
          "Node Type": "Index Scan",
          "Startup Cost": 0.0,
          "Index Cond": "(dir_lname \u003d \u0027actor1\u0027::bpchar)"
        }
      ],
      "Scan Direction": "NoMovement",
      "Parallel Aware": false,
      "Alias": "movie_direction",
      "Node Type": "Index Scan",
      "Startup Cost": 8.02,
      "Index Cond": "(dir_id \u003d $0)"
    }
  ],
  "Scan Direction": "Forward",
  "Relation Name": "movie",
  "Parallel Aware": false,
  "Alias": "movie",
  "Node Type": "Index Scan",
  "Index Name": "idx_movie_mov_id",
  "Plan Width": 51,
  "Startup Cost": 16.31,
  "Index Cond": "(mov_id \u003d $1)",
  "Plan Rows": 1
}

------------------------------

Indicies Configuration #55:
Index hash on column mov_id in table movie

------------------------------

1. The Total Cost of the Plan = 65.31
2. The Estimated Size of the Result Set = 1
3. The Plan of the Query:
{
  "Total Cost": 65.31,
  "Plans": [
    {
      "Parent Relationship": "InitPlan",
      "Relation Name": "movie_direction",
      "Subplan Name": "InitPlan 2 (returns $1)",
      "Index Name": "movie_direction_pkey",
      "Plan Width": 4,
      "Plan Rows": 1,
      "Total Cost": 57.29,
      "Plans": [
        {
          "Parent Relationship": "InitPlan",
          "Total Cost": 49.0,
          "Relation Name": "director",
          "Parallel Aware": false,
          "Filter": "((dir_fname \u003d \u0027actor1\u0027::bpchar) AND (dir_lname \u003d \u0027actor1\u0027::bpchar))",
          "Subplan Name": "InitPlan 1 (returns $0)",
          "Alias": "director",
          "Node Type": "Seq Scan",
          "Plan Width": 4,
          "Startup Cost": 0.0,
          "Plan Rows": 1
        }
      ],
      "Scan Direction": "Forward",
      "Parallel Aware": false,
      "Alias": "movie_direction",
      "Node Type": "Index Only Scan",
      "Startup Cost": 49.27,
      "Index Cond": "(dir_id \u003d $0)"
    }
  ],
  "Scan Direction": "NoMovement",
  "Relation Name": "movie",
  "Parallel Aware": false,
  "Alias": "movie",
  "Node Type": "Index Scan",
  "Index Name": "idx_movie_mov_id",
  "Plan Width": 51,
  "Startup Cost": 57.29,
  "Index Cond": "(mov_id \u003d $1)",
  "Plan Rows": 1
}

------------------------------

Indicies Configuration #56:
Index hash on column mov_id in table movie
Index btree on column dir_lname in table director

------------------------------

1. The Total Cost of the Plan = 24.61
2. The Estimated Size of the Result Set = 1
3. The Plan of the Query:
{
  "Total Cost": 24.61,
  "Plans": [
    {
      "Parent Relationship": "InitPlan",
      "Relation Name": "movie_direction",
      "Subplan Name": "InitPlan 2 (returns $1)",
      "Index Name": "movie_direction_pkey",
      "Plan Width": 4,
      "Plan Rows": 1,
      "Total Cost": 16.59,
      "Plans": [
        {
          "Parent Relationship": "InitPlan",
          "Relation Name": "director",
          "Subplan Name": "InitPlan 1 (returns $0)",
          "Index Name": "idx_director_dir_lname",
          "Plan Width": 4,
          "Plan Rows": 1,
          "Total Cost": 8.3,
          "Scan Direction": "Forward",
          "Parallel Aware": false,
          "Filter": "(dir_fname \u003d \u0027actor1\u0027::bpchar)",
          "Alias": "director",
          "Node Type": "Index Scan",
          "Startup Cost": 0.28,
          "Index Cond": "(dir_lname \u003d \u0027actor1\u0027::bpchar)"
        }
      ],
      "Scan Direction": "Forward",
      "Parallel Aware": false,
      "Alias": "movie_direction",
      "Node Type": "Index Only Scan",
      "Startup Cost": 8.57,
      "Index Cond": "(dir_id \u003d $0)"
    }
  ],
  "Scan Direction": "NoMovement",
  "Relation Name": "movie",
  "Parallel Aware": false,
  "Alias": "movie",
  "Node Type": "Index Scan",
  "Index Name": "idx_movie_mov_id",
  "Plan Width": 51,
  "Startup Cost": 16.59,
  "Index Cond": "(mov_id \u003d $1)",
  "Plan Rows": 1
}

------------------------------

Indicies Configuration #57:
Index hash on column mov_id in table movie
Index hash on column dir_lname in table director

------------------------------

1. The Total Cost of the Plan = 24.33
2. The Estimated Size of the Result Set = 1
3. The Plan of the Query:
{
  "Total Cost": 24.33,
  "Plans": [
    {
      "Parent Relationship": "InitPlan",
      "Relation Name": "movie_direction",
      "Subplan Name": "InitPlan 2 (returns $1)",
      "Index Name": "movie_direction_pkey",
      "Plan Width": 4,
      "Plan Rows": 1,
      "Total Cost": 16.31,
      "Plans": [
        {
          "Parent Relationship": "InitPlan",
          "Relation Name": "director",
          "Subplan Name": "InitPlan 1 (returns $0)",
          "Index Name": "idx_director_dir_lname",
          "Plan Width": 4,
          "Plan Rows": 1,
          "Total Cost": 8.02,
          "Scan Direction": "NoMovement",
          "Parallel Aware": false,
          "Filter": "(dir_fname \u003d \u0027actor1\u0027::bpchar)",
          "Alias": "director",
          "Node Type": "Index Scan",
          "Startup Cost": 0.0,
          "Index Cond": "(dir_lname \u003d \u0027actor1\u0027::bpchar)"
        }
      ],
      "Scan Direction": "Forward",
      "Parallel Aware": false,
      "Alias": "movie_direction",
      "Node Type": "Index Only Scan",
      "Startup Cost": 8.29,
      "Index Cond": "(dir_id \u003d $0)"
    }
  ],
  "Scan Direction": "NoMovement",
  "Relation Name": "movie",
  "Parallel Aware": false,
  "Alias": "movie",
  "Node Type": "Index Scan",
  "Index Name": "idx_movie_mov_id",
  "Plan Width": 51,
  "Startup Cost": 16.31,
  "Index Cond": "(mov_id \u003d $1)",
  "Plan Rows": 1
}

------------------------------

Indicies Configuration #58:
Index hash on column mov_id in table movie
Index btree on column dir_fname in table director

------------------------------

1. The Total Cost of the Plan = 24.61
2. The Estimated Size of the Result Set = 1
3. The Plan of the Query:
{
  "Total Cost": 24.61,
  "Plans": [
    {
      "Parent Relationship": "InitPlan",
      "Relation Name": "movie_direction",
      "Subplan Name": "InitPlan 2 (returns $1)",
      "Index Name": "movie_direction_pkey",
      "Plan Width": 4,
      "Plan Rows": 1,
      "Total Cost": 16.59,
      "Plans": [
        {
          "Parent Relationship": "InitPlan",
          "Relation Name": "director",
          "Subplan Name": "InitPlan 1 (returns $0)",
          "Index Name": "idx_director_dir_fname",
          "Plan Width": 4,
          "Plan Rows": 1,
          "Total Cost": 8.3,
          "Scan Direction": "Forward",
          "Parallel Aware": false,
          "Filter": "(dir_lname \u003d \u0027actor1\u0027::bpchar)",
          "Alias": "director",
          "Node Type": "Index Scan",
          "Startup Cost": 0.28,
          "Index Cond": "(dir_fname \u003d \u0027actor1\u0027::bpchar)"
        }
      ],
      "Scan Direction": "Forward",
      "Parallel Aware": false,
      "Alias": "movie_direction",
      "Node Type": "Index Only Scan",
      "Startup Cost": 8.57,
      "Index Cond": "(dir_id \u003d $0)"
    }
  ],
  "Scan Direction": "NoMovement",
  "Relation Name": "movie",
  "Parallel Aware": false,
  "Alias": "movie",
  "Node Type": "Index Scan",
  "Index Name": "idx_movie_mov_id",
  "Plan Width": 51,
  "Startup Cost": 16.59,
  "Index Cond": "(mov_id \u003d $1)",
  "Plan Rows": 1
}

------------------------------

Indicies Configuration #59:
Index hash on column mov_id in table movie
Index btree on column dir_fname in table director
Index btree on column dir_lname in table director

------------------------------

1. The Total Cost of the Plan = 24.61
2. The Estimated Size of the Result Set = 1
3. The Plan of the Query:
{
  "Total Cost": 24.61,
  "Plans": [
    {
      "Parent Relationship": "InitPlan",
      "Relation Name": "movie_direction",
      "Subplan Name": "InitPlan 2 (returns $1)",
      "Index Name": "movie_direction_pkey",
      "Plan Width": 4,
      "Plan Rows": 1,
      "Total Cost": 16.59,
      "Plans": [
        {
          "Parent Relationship": "InitPlan",
          "Relation Name": "director",
          "Subplan Name": "InitPlan 1 (returns $0)",
          "Index Name": "idx_director_dir_lname",
          "Plan Width": 4,
          "Plan Rows": 1,
          "Total Cost": 8.3,
          "Scan Direction": "Forward",
          "Parallel Aware": false,
          "Filter": "(dir_fname \u003d \u0027actor1\u0027::bpchar)",
          "Alias": "director",
          "Node Type": "Index Scan",
          "Startup Cost": 0.28,
          "Index Cond": "(dir_lname \u003d \u0027actor1\u0027::bpchar)"
        }
      ],
      "Scan Direction": "Forward",
      "Parallel Aware": false,
      "Alias": "movie_direction",
      "Node Type": "Index Only Scan",
      "Startup Cost": 8.57,
      "Index Cond": "(dir_id \u003d $0)"
    }
  ],
  "Scan Direction": "NoMovement",
  "Relation Name": "movie",
  "Parallel Aware": false,
  "Alias": "movie",
  "Node Type": "Index Scan",
  "Index Name": "idx_movie_mov_id",
  "Plan Width": 51,
  "Startup Cost": 16.59,
  "Index Cond": "(mov_id \u003d $1)",
  "Plan Rows": 1
}

------------------------------

Indicies Configuration #60:
Index hash on column mov_id in table movie
Index btree on column dir_fname in table director
Index hash on column dir_lname in table director

------------------------------

1. The Total Cost of the Plan = 24.33
2. The Estimated Size of the Result Set = 1
3. The Plan of the Query:
{
  "Total Cost": 24.33,
  "Plans": [
    {
      "Parent Relationship": "InitPlan",
      "Relation Name": "movie_direction",
      "Subplan Name": "InitPlan 2 (returns $1)",
      "Index Name": "movie_direction_pkey",
      "Plan Width": 4,
      "Plan Rows": 1,
      "Total Cost": 16.31,
      "Plans": [
        {
          "Parent Relationship": "InitPlan",
          "Relation Name": "director",
          "Subplan Name": "InitPlan 1 (returns $0)",
          "Index Name": "idx_director_dir_lname",
          "Plan Width": 4,
          "Plan Rows": 1,
          "Total Cost": 8.02,
          "Scan Direction": "NoMovement",
          "Parallel Aware": false,
          "Filter": "(dir_fname \u003d \u0027actor1\u0027::bpchar)",
          "Alias": "director",
          "Node Type": "Index Scan",
          "Startup Cost": 0.0,
          "Index Cond": "(dir_lname \u003d \u0027actor1\u0027::bpchar)"
        }
      ],
      "Scan Direction": "Forward",
      "Parallel Aware": false,
      "Alias": "movie_direction",
      "Node Type": "Index Only Scan",
      "Startup Cost": 8.29,
      "Index Cond": "(dir_id \u003d $0)"
    }
  ],
  "Scan Direction": "NoMovement",
  "Relation Name": "movie",
  "Parallel Aware": false,
  "Alias": "movie",
  "Node Type": "Index Scan",
  "Index Name": "idx_movie_mov_id",
  "Plan Width": 51,
  "Startup Cost": 16.31,
  "Index Cond": "(mov_id \u003d $1)",
  "Plan Rows": 1
}

------------------------------

Indicies Configuration #61:
Index hash on column mov_id in table movie
Index hash on column dir_fname in table director

------------------------------

1. The Total Cost of the Plan = 24.33
2. The Estimated Size of the Result Set = 1
3. The Plan of the Query:
{
  "Total Cost": 24.33,
  "Plans": [
    {
      "Parent Relationship": "InitPlan",
      "Relation Name": "movie_direction",
      "Subplan Name": "InitPlan 2 (returns $1)",
      "Index Name": "movie_direction_pkey",
      "Plan Width": 4,
      "Plan Rows": 1,
      "Total Cost": 16.31,
      "Plans": [
        {
          "Parent Relationship": "InitPlan",
          "Relation Name": "director",
          "Subplan Name": "InitPlan 1 (returns $0)",
          "Index Name": "idx_director_dir_fname",
          "Plan Width": 4,
          "Plan Rows": 1,
          "Total Cost": 8.02,
          "Scan Direction": "NoMovement",
          "Parallel Aware": false,
          "Filter": "(dir_lname \u003d \u0027actor1\u0027::bpchar)",
          "Alias": "director",
          "Node Type": "Index Scan",
          "Startup Cost": 0.0,
          "Index Cond": "(dir_fname \u003d \u0027actor1\u0027::bpchar)"
        }
      ],
      "Scan Direction": "Forward",
      "Parallel Aware": false,
      "Alias": "movie_direction",
      "Node Type": "Index Only Scan",
      "Startup Cost": 8.29,
      "Index Cond": "(dir_id \u003d $0)"
    }
  ],
  "Scan Direction": "NoMovement",
  "Relation Name": "movie",
  "Parallel Aware": false,
  "Alias": "movie",
  "Node Type": "Index Scan",
  "Index Name": "idx_movie_mov_id",
  "Plan Width": 51,
  "Startup Cost": 16.31,
  "Index Cond": "(mov_id \u003d $1)",
  "Plan Rows": 1
}

------------------------------

Indicies Configuration #62:
Index hash on column mov_id in table movie
Index hash on column dir_fname in table director
Index btree on column dir_lname in table director

------------------------------

1. The Total Cost of the Plan = 24.33
2. The Estimated Size of the Result Set = 1
3. The Plan of the Query:
{
  "Total Cost": 24.33,
  "Plans": [
    {
      "Parent Relationship": "InitPlan",
      "Relation Name": "movie_direction",
      "Subplan Name": "InitPlan 2 (returns $1)",
      "Index Name": "movie_direction_pkey",
      "Plan Width": 4,
      "Plan Rows": 1,
      "Total Cost": 16.31,
      "Plans": [
        {
          "Parent Relationship": "InitPlan",
          "Relation Name": "director",
          "Subplan Name": "InitPlan 1 (returns $0)",
          "Index Name": "idx_director_dir_fname",
          "Plan Width": 4,
          "Plan Rows": 1,
          "Total Cost": 8.02,
          "Scan Direction": "NoMovement",
          "Parallel Aware": false,
          "Filter": "(dir_lname \u003d \u0027actor1\u0027::bpchar)",
          "Alias": "director",
          "Node Type": "Index Scan",
          "Startup Cost": 0.0,
          "Index Cond": "(dir_fname \u003d \u0027actor1\u0027::bpchar)"
        }
      ],
      "Scan Direction": "Forward",
      "Parallel Aware": false,
      "Alias": "movie_direction",
      "Node Type": "Index Only Scan",
      "Startup Cost": 8.29,
      "Index Cond": "(dir_id \u003d $0)"
    }
  ],
  "Scan Direction": "NoMovement",
  "Relation Name": "movie",
  "Parallel Aware": false,
  "Alias": "movie",
  "Node Type": "Index Scan",
  "Index Name": "idx_movie_mov_id",
  "Plan Width": 51,
  "Startup Cost": 16.31,
  "Index Cond": "(mov_id \u003d $1)",
  "Plan Rows": 1
}

------------------------------

Indicies Configuration #63:
Index hash on column mov_id in table movie
Index hash on column dir_fname in table director
Index hash on column dir_lname in table director

------------------------------

1. The Total Cost of the Plan = 24.33
2. The Estimated Size of the Result Set = 1
3. The Plan of the Query:
{
  "Total Cost": 24.33,
  "Plans": [
    {
      "Parent Relationship": "InitPlan",
      "Relation Name": "movie_direction",
      "Subplan Name": "InitPlan 2 (returns $1)",
      "Index Name": "movie_direction_pkey",
      "Plan Width": 4,
      "Plan Rows": 1,
      "Total Cost": 16.31,
      "Plans": [
        {
          "Parent Relationship": "InitPlan",
          "Relation Name": "director",
          "Subplan Name": "InitPlan 1 (returns $0)",
          "Index Name": "idx_director_dir_lname",
          "Plan Width": 4,
          "Plan Rows": 1,
          "Total Cost": 8.02,
          "Scan Direction": "NoMovement",
          "Parallel Aware": false,
          "Filter": "(dir_fname \u003d \u0027actor1\u0027::bpchar)",
          "Alias": "director",
          "Node Type": "Index Scan",
          "Startup Cost": 0.0,
          "Index Cond": "(dir_lname \u003d \u0027actor1\u0027::bpchar)"
        }
      ],
      "Scan Direction": "Forward",
      "Parallel Aware": false,
      "Alias": "movie_direction",
      "Node Type": "Index Only Scan",
      "Startup Cost": 8.29,
      "Index Cond": "(dir_id \u003d $0)"
    }
  ],
  "Scan Direction": "NoMovement",
  "Relation Name": "movie",
  "Parallel Aware": false,
  "Alias": "movie",
  "Node Type": "Index Scan",
  "Index Name": "idx_movie_mov_id",
  "Plan Width": 51,
  "Startup Cost": 16.31,
  "Index Cond": "(mov_id \u003d $1)",
  "Plan Rows": 1
}

------------------------------

Indicies Configuration #64:
Index hash on column mov_id in table movie
Index btree on column dir_id in table movie_direction

------------------------------

1. The Total Cost of the Plan = 65.31
2. The Estimated Size of the Result Set = 1
3. The Plan of the Query:
{
  "Total Cost": 65.31,
  "Plans": [
    {
      "Parent Relationship": "InitPlan",
      "Relation Name": "movie_direction",
      "Subplan Name": "InitPlan 2 (returns $1)",
      "Index Name": "idx_movie_direction_dir_id",
      "Plan Width": 4,
      "Plan Rows": 1,
      "Total Cost": 57.29,
      "Plans": [
        {
          "Parent Relationship": "InitPlan",
          "Total Cost": 49.0,
          "Relation Name": "director",
          "Parallel Aware": false,
          "Filter": "((dir_fname \u003d \u0027actor1\u0027::bpchar) AND (dir_lname \u003d \u0027actor1\u0027::bpchar))",
          "Subplan Name": "InitPlan 1 (returns $0)",
          "Alias": "director",
          "Node Type": "Seq Scan",
          "Plan Width": 4,
          "Startup Cost": 0.0,
          "Plan Rows": 1
        }
      ],
      "Scan Direction": "Forward",
      "Parallel Aware": false,
      "Alias": "movie_direction",
      "Node Type": "Index Scan",
      "Startup Cost": 49.27,
      "Index Cond": "(dir_id \u003d $0)"
    }
  ],
  "Scan Direction": "NoMovement",
  "Relation Name": "movie",
  "Parallel Aware": false,
  "Alias": "movie",
  "Node Type": "Index Scan",
  "Index Name": "idx_movie_mov_id",
  "Plan Width": 51,
  "Startup Cost": 57.29,
  "Index Cond": "(mov_id \u003d $1)",
  "Plan Rows": 1
}

------------------------------

Indicies Configuration #65:
Index hash on column mov_id in table movie
Index btree on column dir_id in table movie_direction
Index btree on column dir_lname in table director

------------------------------

1. The Total Cost of the Plan = 24.61
2. The Estimated Size of the Result Set = 1
3. The Plan of the Query:
{
  "Total Cost": 24.61,
  "Plans": [
    {
      "Parent Relationship": "InitPlan",
      "Relation Name": "movie_direction",
      "Subplan Name": "InitPlan 2 (returns $1)",
      "Index Name": "idx_movie_direction_dir_id",
      "Plan Width": 4,
      "Plan Rows": 1,
      "Total Cost": 16.59,
      "Plans": [
        {
          "Parent Relationship": "InitPlan",
          "Relation Name": "director",
          "Subplan Name": "InitPlan 1 (returns $0)",
          "Index Name": "idx_director_dir_lname",
          "Plan Width": 4,
          "Plan Rows": 1,
          "Total Cost": 8.3,
          "Scan Direction": "Forward",
          "Parallel Aware": false,
          "Filter": "(dir_fname \u003d \u0027actor1\u0027::bpchar)",
          "Alias": "director",
          "Node Type": "Index Scan",
          "Startup Cost": 0.28,
          "Index Cond": "(dir_lname \u003d \u0027actor1\u0027::bpchar)"
        }
      ],
      "Scan Direction": "Forward",
      "Parallel Aware": false,
      "Alias": "movie_direction",
      "Node Type": "Index Scan",
      "Startup Cost": 8.57,
      "Index Cond": "(dir_id \u003d $0)"
    }
  ],
  "Scan Direction": "NoMovement",
  "Relation Name": "movie",
  "Parallel Aware": false,
  "Alias": "movie",
  "Node Type": "Index Scan",
  "Index Name": "idx_movie_mov_id",
  "Plan Width": 51,
  "Startup Cost": 16.59,
  "Index Cond": "(mov_id \u003d $1)",
  "Plan Rows": 1
}

------------------------------

Indicies Configuration #66:
Index hash on column mov_id in table movie
Index btree on column dir_id in table movie_direction
Index hash on column dir_lname in table director

------------------------------

1. The Total Cost of the Plan = 24.33
2. The Estimated Size of the Result Set = 1
3. The Plan of the Query:
{
  "Total Cost": 24.33,
  "Plans": [
    {
      "Parent Relationship": "InitPlan",
      "Relation Name": "movie_direction",
      "Subplan Name": "InitPlan 2 (returns $1)",
      "Index Name": "idx_movie_direction_dir_id",
      "Plan Width": 4,
      "Plan Rows": 1,
      "Total Cost": 16.31,
      "Plans": [
        {
          "Parent Relationship": "InitPlan",
          "Relation Name": "director",
          "Subplan Name": "InitPlan 1 (returns $0)",
          "Index Name": "idx_director_dir_lname",
          "Plan Width": 4,
          "Plan Rows": 1,
          "Total Cost": 8.02,
          "Scan Direction": "NoMovement",
          "Parallel Aware": false,
          "Filter": "(dir_fname \u003d \u0027actor1\u0027::bpchar)",
          "Alias": "director",
          "Node Type": "Index Scan",
          "Startup Cost": 0.0,
          "Index Cond": "(dir_lname \u003d \u0027actor1\u0027::bpchar)"
        }
      ],
      "Scan Direction": "Forward",
      "Parallel Aware": false,
      "Alias": "movie_direction",
      "Node Type": "Index Scan",
      "Startup Cost": 8.29,
      "Index Cond": "(dir_id \u003d $0)"
    }
  ],
  "Scan Direction": "NoMovement",
  "Relation Name": "movie",
  "Parallel Aware": false,
  "Alias": "movie",
  "Node Type": "Index Scan",
  "Index Name": "idx_movie_mov_id",
  "Plan Width": 51,
  "Startup Cost": 16.31,
  "Index Cond": "(mov_id \u003d $1)",
  "Plan Rows": 1
}

------------------------------

Indicies Configuration #67:
Index hash on column mov_id in table movie
Index btree on column dir_id in table movie_direction
Index btree on column dir_fname in table director

------------------------------

1. The Total Cost of the Plan = 24.61
2. The Estimated Size of the Result Set = 1
3. The Plan of the Query:
{
  "Total Cost": 24.61,
  "Plans": [
    {
      "Parent Relationship": "InitPlan",
      "Relation Name": "movie_direction",
      "Subplan Name": "InitPlan 2 (returns $1)",
      "Index Name": "idx_movie_direction_dir_id",
      "Plan Width": 4,
      "Plan Rows": 1,
      "Total Cost": 16.59,
      "Plans": [
        {
          "Parent Relationship": "InitPlan",
          "Relation Name": "director",
          "Subplan Name": "InitPlan 1 (returns $0)",
          "Index Name": "idx_director_dir_fname",
          "Plan Width": 4,
          "Plan Rows": 1,
          "Total Cost": 8.3,
          "Scan Direction": "Forward",
          "Parallel Aware": false,
          "Filter": "(dir_lname \u003d \u0027actor1\u0027::bpchar)",
          "Alias": "director",
          "Node Type": "Index Scan",
          "Startup Cost": 0.28,
          "Index Cond": "(dir_fname \u003d \u0027actor1\u0027::bpchar)"
        }
      ],
      "Scan Direction": "Forward",
      "Parallel Aware": false,
      "Alias": "movie_direction",
      "Node Type": "Index Scan",
      "Startup Cost": 8.57,
      "Index Cond": "(dir_id \u003d $0)"
    }
  ],
  "Scan Direction": "NoMovement",
  "Relation Name": "movie",
  "Parallel Aware": false,
  "Alias": "movie",
  "Node Type": "Index Scan",
  "Index Name": "idx_movie_mov_id",
  "Plan Width": 51,
  "Startup Cost": 16.59,
  "Index Cond": "(mov_id \u003d $1)",
  "Plan Rows": 1
}

------------------------------

Indicies Configuration #68:
Index hash on column mov_id in table movie
Index btree on column dir_id in table movie_direction
Index btree on column dir_fname in table director
Index btree on column dir_lname in table director

------------------------------

1. The Total Cost of the Plan = 24.61
2. The Estimated Size of the Result Set = 1
3. The Plan of the Query:
{
  "Total Cost": 24.61,
  "Plans": [
    {
      "Parent Relationship": "InitPlan",
      "Relation Name": "movie_direction",
      "Subplan Name": "InitPlan 2 (returns $1)",
      "Index Name": "idx_movie_direction_dir_id",
      "Plan Width": 4,
      "Plan Rows": 1,
      "Total Cost": 16.59,
      "Plans": [
        {
          "Parent Relationship": "InitPlan",
          "Relation Name": "director",
          "Subplan Name": "InitPlan 1 (returns $0)",
          "Index Name": "idx_director_dir_lname",
          "Plan Width": 4,
          "Plan Rows": 1,
          "Total Cost": 8.3,
          "Scan Direction": "Forward",
          "Parallel Aware": false,
          "Filter": "(dir_fname \u003d \u0027actor1\u0027::bpchar)",
          "Alias": "director",
          "Node Type": "Index Scan",
          "Startup Cost": 0.28,
          "Index Cond": "(dir_lname \u003d \u0027actor1\u0027::bpchar)"
        }
      ],
      "Scan Direction": "Forward",
      "Parallel Aware": false,
      "Alias": "movie_direction",
      "Node Type": "Index Scan",
      "Startup Cost": 8.57,
      "Index Cond": "(dir_id \u003d $0)"
    }
  ],
  "Scan Direction": "NoMovement",
  "Relation Name": "movie",
  "Parallel Aware": false,
  "Alias": "movie",
  "Node Type": "Index Scan",
  "Index Name": "idx_movie_mov_id",
  "Plan Width": 51,
  "Startup Cost": 16.59,
  "Index Cond": "(mov_id \u003d $1)",
  "Plan Rows": 1
}

------------------------------

Indicies Configuration #69:
Index hash on column mov_id in table movie
Index btree on column dir_id in table movie_direction
Index btree on column dir_fname in table director
Index hash on column dir_lname in table director

------------------------------

1. The Total Cost of the Plan = 24.33
2. The Estimated Size of the Result Set = 1
3. The Plan of the Query:
{
  "Total Cost": 24.33,
  "Plans": [
    {
      "Parent Relationship": "InitPlan",
      "Relation Name": "movie_direction",
      "Subplan Name": "InitPlan 2 (returns $1)",
      "Index Name": "idx_movie_direction_dir_id",
      "Plan Width": 4,
      "Plan Rows": 1,
      "Total Cost": 16.31,
      "Plans": [
        {
          "Parent Relationship": "InitPlan",
          "Relation Name": "director",
          "Subplan Name": "InitPlan 1 (returns $0)",
          "Index Name": "idx_director_dir_lname",
          "Plan Width": 4,
          "Plan Rows": 1,
          "Total Cost": 8.02,
          "Scan Direction": "NoMovement",
          "Parallel Aware": false,
          "Filter": "(dir_fname \u003d \u0027actor1\u0027::bpchar)",
          "Alias": "director",
          "Node Type": "Index Scan",
          "Startup Cost": 0.0,
          "Index Cond": "(dir_lname \u003d \u0027actor1\u0027::bpchar)"
        }
      ],
      "Scan Direction": "Forward",
      "Parallel Aware": false,
      "Alias": "movie_direction",
      "Node Type": "Index Scan",
      "Startup Cost": 8.29,
      "Index Cond": "(dir_id \u003d $0)"
    }
  ],
  "Scan Direction": "NoMovement",
  "Relation Name": "movie",
  "Parallel Aware": false,
  "Alias": "movie",
  "Node Type": "Index Scan",
  "Index Name": "idx_movie_mov_id",
  "Plan Width": 51,
  "Startup Cost": 16.31,
  "Index Cond": "(mov_id \u003d $1)",
  "Plan Rows": 1
}

------------------------------

Indicies Configuration #70:
Index hash on column mov_id in table movie
Index btree on column dir_id in table movie_direction
Index hash on column dir_fname in table director

------------------------------

1. The Total Cost of the Plan = 24.33
2. The Estimated Size of the Result Set = 1
3. The Plan of the Query:
{
  "Total Cost": 24.33,
  "Plans": [
    {
      "Parent Relationship": "InitPlan",
      "Relation Name": "movie_direction",
      "Subplan Name": "InitPlan 2 (returns $1)",
      "Index Name": "idx_movie_direction_dir_id",
      "Plan Width": 4,
      "Plan Rows": 1,
      "Total Cost": 16.31,
      "Plans": [
        {
          "Parent Relationship": "InitPlan",
          "Relation Name": "director",
          "Subplan Name": "InitPlan 1 (returns $0)",
          "Index Name": "idx_director_dir_fname",
          "Plan Width": 4,
          "Plan Rows": 1,
          "Total Cost": 8.02,
          "Scan Direction": "NoMovement",
          "Parallel Aware": false,
          "Filter": "(dir_lname \u003d \u0027actor1\u0027::bpchar)",
          "Alias": "director",
          "Node Type": "Index Scan",
          "Startup Cost": 0.0,
          "Index Cond": "(dir_fname \u003d \u0027actor1\u0027::bpchar)"
        }
      ],
      "Scan Direction": "Forward",
      "Parallel Aware": false,
      "Alias": "movie_direction",
      "Node Type": "Index Scan",
      "Startup Cost": 8.29,
      "Index Cond": "(dir_id \u003d $0)"
    }
  ],
  "Scan Direction": "NoMovement",
  "Relation Name": "movie",
  "Parallel Aware": false,
  "Alias": "movie",
  "Node Type": "Index Scan",
  "Index Name": "idx_movie_mov_id",
  "Plan Width": 51,
  "Startup Cost": 16.31,
  "Index Cond": "(mov_id \u003d $1)",
  "Plan Rows": 1
}

------------------------------

Indicies Configuration #71:
Index hash on column mov_id in table movie
Index btree on column dir_id in table movie_direction
Index hash on column dir_fname in table director
Index btree on column dir_lname in table director

------------------------------

1. The Total Cost of the Plan = 24.33
2. The Estimated Size of the Result Set = 1
3. The Plan of the Query:
{
  "Total Cost": 24.33,
  "Plans": [
    {
      "Parent Relationship": "InitPlan",
      "Relation Name": "movie_direction",
      "Subplan Name": "InitPlan 2 (returns $1)",
      "Index Name": "idx_movie_direction_dir_id",
      "Plan Width": 4,
      "Plan Rows": 1,
      "Total Cost": 16.31,
      "Plans": [
        {
          "Parent Relationship": "InitPlan",
          "Relation Name": "director",
          "Subplan Name": "InitPlan 1 (returns $0)",
          "Index Name": "idx_director_dir_fname",
          "Plan Width": 4,
          "Plan Rows": 1,
          "Total Cost": 8.02,
          "Scan Direction": "NoMovement",
          "Parallel Aware": false,
          "Filter": "(dir_lname \u003d \u0027actor1\u0027::bpchar)",
          "Alias": "director",
          "Node Type": "Index Scan",
          "Startup Cost": 0.0,
          "Index Cond": "(dir_fname \u003d \u0027actor1\u0027::bpchar)"
        }
      ],
      "Scan Direction": "Forward",
      "Parallel Aware": false,
      "Alias": "movie_direction",
      "Node Type": "Index Scan",
      "Startup Cost": 8.29,
      "Index Cond": "(dir_id \u003d $0)"
    }
  ],
  "Scan Direction": "NoMovement",
  "Relation Name": "movie",
  "Parallel Aware": false,
  "Alias": "movie",
  "Node Type": "Index Scan",
  "Index Name": "idx_movie_mov_id",
  "Plan Width": 51,
  "Startup Cost": 16.31,
  "Index Cond": "(mov_id \u003d $1)",
  "Plan Rows": 1
}

------------------------------

Indicies Configuration #72:
Index hash on column mov_id in table movie
Index btree on column dir_id in table movie_direction
Index hash on column dir_fname in table director
Index hash on column dir_lname in table director

------------------------------

1. The Total Cost of the Plan = 24.33
2. The Estimated Size of the Result Set = 1
3. The Plan of the Query:
{
  "Total Cost": 24.33,
  "Plans": [
    {
      "Parent Relationship": "InitPlan",
      "Relation Name": "movie_direction",
      "Subplan Name": "InitPlan 2 (returns $1)",
      "Index Name": "idx_movie_direction_dir_id",
      "Plan Width": 4,
      "Plan Rows": 1,
      "Total Cost": 16.31,
      "Plans": [
        {
          "Parent Relationship": "InitPlan",
          "Relation Name": "director",
          "Subplan Name": "InitPlan 1 (returns $0)",
          "Index Name": "idx_director_dir_lname",
          "Plan Width": 4,
          "Plan Rows": 1,
          "Total Cost": 8.02,
          "Scan Direction": "NoMovement",
          "Parallel Aware": false,
          "Filter": "(dir_fname \u003d \u0027actor1\u0027::bpchar)",
          "Alias": "director",
          "Node Type": "Index Scan",
          "Startup Cost": 0.0,
          "Index Cond": "(dir_lname \u003d \u0027actor1\u0027::bpchar)"
        }
      ],
      "Scan Direction": "Forward",
      "Parallel Aware": false,
      "Alias": "movie_direction",
      "Node Type": "Index Scan",
      "Startup Cost": 8.29,
      "Index Cond": "(dir_id \u003d $0)"
    }
  ],
  "Scan Direction": "NoMovement",
  "Relation Name": "movie",
  "Parallel Aware": false,
  "Alias": "movie",
  "Node Type": "Index Scan",
  "Index Name": "idx_movie_mov_id",
  "Plan Width": 51,
  "Startup Cost": 16.31,
  "Index Cond": "(mov_id \u003d $1)",
  "Plan Rows": 1
}

------------------------------

Indicies Configuration #73:
Index hash on column mov_id in table movie
Index hash on column dir_id in table movie_direction

------------------------------

1. The Total Cost of the Plan = 65.03
2. The Estimated Size of the Result Set = 1
3. The Plan of the Query:
{
  "Total Cost": 65.03,
  "Plans": [
    {
      "Parent Relationship": "InitPlan",
      "Relation Name": "movie_direction",
      "Subplan Name": "InitPlan 2 (returns $1)",
      "Index Name": "idx_movie_direction_dir_id",
      "Plan Width": 4,
      "Plan Rows": 1,
      "Total Cost": 57.02,
      "Plans": [
        {
          "Parent Relationship": "InitPlan",
          "Total Cost": 49.0,
          "Relation Name": "director",
          "Parallel Aware": false,
          "Filter": "((dir_fname \u003d \u0027actor1\u0027::bpchar) AND (dir_lname \u003d \u0027actor1\u0027::bpchar))",
          "Subplan Name": "InitPlan 1 (returns $0)",
          "Alias": "director",
          "Node Type": "Seq Scan",
          "Plan Width": 4,
          "Startup Cost": 0.0,
          "Plan Rows": 1
        }
      ],
      "Scan Direction": "NoMovement",
      "Parallel Aware": false,
      "Alias": "movie_direction",
      "Node Type": "Index Scan",
      "Startup Cost": 49.0,
      "Index Cond": "(dir_id \u003d $0)"
    }
  ],
  "Scan Direction": "NoMovement",
  "Relation Name": "movie",
  "Parallel Aware": false,
  "Alias": "movie",
  "Node Type": "Index Scan",
  "Index Name": "idx_movie_mov_id",
  "Plan Width": 51,
  "Startup Cost": 57.02,
  "Index Cond": "(mov_id \u003d $1)",
  "Plan Rows": 1
}

------------------------------

Indicies Configuration #74:
Index hash on column mov_id in table movie
Index hash on column dir_id in table movie_direction
Index btree on column dir_lname in table director

------------------------------

1. The Total Cost of the Plan = 24.33
2. The Estimated Size of the Result Set = 1
3. The Plan of the Query:
{
  "Total Cost": 24.33,
  "Plans": [
    {
      "Parent Relationship": "InitPlan",
      "Relation Name": "movie_direction",
      "Subplan Name": "InitPlan 2 (returns $1)",
      "Index Name": "idx_movie_direction_dir_id",
      "Plan Width": 4,
      "Plan Rows": 1,
      "Total Cost": 16.31,
      "Plans": [
        {
          "Parent Relationship": "InitPlan",
          "Relation Name": "director",
          "Subplan Name": "InitPlan 1 (returns $0)",
          "Index Name": "idx_director_dir_lname",
          "Plan Width": 4,
          "Plan Rows": 1,
          "Total Cost": 8.3,
          "Scan Direction": "Forward",
          "Parallel Aware": false,
          "Filter": "(dir_fname \u003d \u0027actor1\u0027::bpchar)",
          "Alias": "director",
          "Node Type": "Index Scan",
          "Startup Cost": 0.28,
          "Index Cond": "(dir_lname \u003d \u0027actor1\u0027::bpchar)"
        }
      ],
      "Scan Direction": "NoMovement",
      "Parallel Aware": false,
      "Alias": "movie_direction",
      "Node Type": "Index Scan",
      "Startup Cost": 8.3,
      "Index Cond": "(dir_id \u003d $0)"
    }
  ],
  "Scan Direction": "NoMovement",
  "Relation Name": "movie",
  "Parallel Aware": false,
  "Alias": "movie",
  "Node Type": "Index Scan",
  "Index Name": "idx_movie_mov_id",
  "Plan Width": 51,
  "Startup Cost": 16.31,
  "Index Cond": "(mov_id \u003d $1)",
  "Plan Rows": 1
}

------------------------------

Indicies Configuration #75:
Index hash on column mov_id in table movie
Index hash on column dir_id in table movie_direction
Index hash on column dir_lname in table director

------------------------------

1. The Total Cost of the Plan = 24.05
2. The Estimated Size of the Result Set = 1
3. The Plan of the Query:
{
  "Total Cost": 24.05,
  "Plans": [
    {
      "Parent Relationship": "InitPlan",
      "Relation Name": "movie_direction",
      "Subplan Name": "InitPlan 2 (returns $1)",
      "Index Name": "idx_movie_direction_dir_id",
      "Plan Width": 4,
      "Plan Rows": 1,
      "Total Cost": 16.04,
      "Plans": [
        {
          "Parent Relationship": "InitPlan",
          "Relation Name": "director",
          "Subplan Name": "InitPlan 1 (returns $0)",
          "Index Name": "idx_director_dir_lname",
          "Plan Width": 4,
          "Plan Rows": 1,
          "Total Cost": 8.02,
          "Scan Direction": "NoMovement",
          "Parallel Aware": false,
          "Filter": "(dir_fname \u003d \u0027actor1\u0027::bpchar)",
          "Alias": "director",
          "Node Type": "Index Scan",
          "Startup Cost": 0.0,
          "Index Cond": "(dir_lname \u003d \u0027actor1\u0027::bpchar)"
        }
      ],
      "Scan Direction": "NoMovement",
      "Parallel Aware": false,
      "Alias": "movie_direction",
      "Node Type": "Index Scan",
      "Startup Cost": 8.02,
      "Index Cond": "(dir_id \u003d $0)"
    }
  ],
  "Scan Direction": "NoMovement",
  "Relation Name": "movie",
  "Parallel Aware": false,
  "Alias": "movie",
  "Node Type": "Index Scan",
  "Index Name": "idx_movie_mov_id",
  "Plan Width": 51,
  "Startup Cost": 16.04,
  "Index Cond": "(mov_id \u003d $1)",
  "Plan Rows": 1
}

------------------------------

Indicies Configuration #76:
Index hash on column mov_id in table movie
Index hash on column dir_id in table movie_direction
Index btree on column dir_fname in table director

------------------------------

1. The Total Cost of the Plan = 24.33
2. The Estimated Size of the Result Set = 1
3. The Plan of the Query:
{
  "Total Cost": 24.33,
  "Plans": [
    {
      "Parent Relationship": "InitPlan",
      "Relation Name": "movie_direction",
      "Subplan Name": "InitPlan 2 (returns $1)",
      "Index Name": "idx_movie_direction_dir_id",
      "Plan Width": 4,
      "Plan Rows": 1,
      "Total Cost": 16.31,
      "Plans": [
        {
          "Parent Relationship": "InitPlan",
          "Relation Name": "director",
          "Subplan Name": "InitPlan 1 (returns $0)",
          "Index Name": "idx_director_dir_fname",
          "Plan Width": 4,
          "Plan Rows": 1,
          "Total Cost": 8.3,
          "Scan Direction": "Forward",
          "Parallel Aware": false,
          "Filter": "(dir_lname \u003d \u0027actor1\u0027::bpchar)",
          "Alias": "director",
          "Node Type": "Index Scan",
          "Startup Cost": 0.28,
          "Index Cond": "(dir_fname \u003d \u0027actor1\u0027::bpchar)"
        }
      ],
      "Scan Direction": "NoMovement",
      "Parallel Aware": false,
      "Alias": "movie_direction",
      "Node Type": "Index Scan",
      "Startup Cost": 8.3,
      "Index Cond": "(dir_id \u003d $0)"
    }
  ],
  "Scan Direction": "NoMovement",
  "Relation Name": "movie",
  "Parallel Aware": false,
  "Alias": "movie",
  "Node Type": "Index Scan",
  "Index Name": "idx_movie_mov_id",
  "Plan Width": 51,
  "Startup Cost": 16.31,
  "Index Cond": "(mov_id \u003d $1)",
  "Plan Rows": 1
}

------------------------------

Indicies Configuration #77:
Index hash on column mov_id in table movie
Index hash on column dir_id in table movie_direction
Index btree on column dir_fname in table director
Index btree on column dir_lname in table director

------------------------------

1. The Total Cost of the Plan = 24.33
2. The Estimated Size of the Result Set = 1
3. The Plan of the Query:
{
  "Total Cost": 24.33,
  "Plans": [
    {
      "Parent Relationship": "InitPlan",
      "Relation Name": "movie_direction",
      "Subplan Name": "InitPlan 2 (returns $1)",
      "Index Name": "idx_movie_direction_dir_id",
      "Plan Width": 4,
      "Plan Rows": 1,
      "Total Cost": 16.31,
      "Plans": [
        {
          "Parent Relationship": "InitPlan",
          "Relation Name": "director",
          "Subplan Name": "InitPlan 1 (returns $0)",
          "Index Name": "idx_director_dir_lname",
          "Plan Width": 4,
          "Plan Rows": 1,
          "Total Cost": 8.3,
          "Scan Direction": "Forward",
          "Parallel Aware": false,
          "Filter": "(dir_fname \u003d \u0027actor1\u0027::bpchar)",
          "Alias": "director",
          "Node Type": "Index Scan",
          "Startup Cost": 0.28,
          "Index Cond": "(dir_lname \u003d \u0027actor1\u0027::bpchar)"
        }
      ],
      "Scan Direction": "NoMovement",
      "Parallel Aware": false,
      "Alias": "movie_direction",
      "Node Type": "Index Scan",
      "Startup Cost": 8.3,
      "Index Cond": "(dir_id \u003d $0)"
    }
  ],
  "Scan Direction": "NoMovement",
  "Relation Name": "movie",
  "Parallel Aware": false,
  "Alias": "movie",
  "Node Type": "Index Scan",
  "Index Name": "idx_movie_mov_id",
  "Plan Width": 51,
  "Startup Cost": 16.31,
  "Index Cond": "(mov_id \u003d $1)",
  "Plan Rows": 1
}

------------------------------

Indicies Configuration #78:
Index hash on column mov_id in table movie
Index hash on column dir_id in table movie_direction
Index btree on column dir_fname in table director
Index hash on column dir_lname in table director

------------------------------

1. The Total Cost of the Plan = 24.05
2. The Estimated Size of the Result Set = 1
3. The Plan of the Query:
{
  "Total Cost": 24.05,
  "Plans": [
    {
      "Parent Relationship": "InitPlan",
      "Relation Name": "movie_direction",
      "Subplan Name": "InitPlan 2 (returns $1)",
      "Index Name": "idx_movie_direction_dir_id",
      "Plan Width": 4,
      "Plan Rows": 1,
      "Total Cost": 16.04,
      "Plans": [
        {
          "Parent Relationship": "InitPlan",
          "Relation Name": "director",
          "Subplan Name": "InitPlan 1 (returns $0)",
          "Index Name": "idx_director_dir_lname",
          "Plan Width": 4,
          "Plan Rows": 1,
          "Total Cost": 8.02,
          "Scan Direction": "NoMovement",
          "Parallel Aware": false,
          "Filter": "(dir_fname \u003d \u0027actor1\u0027::bpchar)",
          "Alias": "director",
          "Node Type": "Index Scan",
          "Startup Cost": 0.0,
          "Index Cond": "(dir_lname \u003d \u0027actor1\u0027::bpchar)"
        }
      ],
      "Scan Direction": "NoMovement",
      "Parallel Aware": false,
      "Alias": "movie_direction",
      "Node Type": "Index Scan",
      "Startup Cost": 8.02,
      "Index Cond": "(dir_id \u003d $0)"
    }
  ],
  "Scan Direction": "NoMovement",
  "Relation Name": "movie",
  "Parallel Aware": false,
  "Alias": "movie",
  "Node Type": "Index Scan",
  "Index Name": "idx_movie_mov_id",
  "Plan Width": 51,
  "Startup Cost": 16.04,
  "Index Cond": "(mov_id \u003d $1)",
  "Plan Rows": 1
}

------------------------------

Indicies Configuration #79:
Index hash on column mov_id in table movie
Index hash on column dir_id in table movie_direction
Index hash on column dir_fname in table director

------------------------------

1. The Total Cost of the Plan = 24.05
2. The Estimated Size of the Result Set = 1
3. The Plan of the Query:
{
  "Total Cost": 24.05,
  "Plans": [
    {
      "Parent Relationship": "InitPlan",
      "Relation Name": "movie_direction",
      "Subplan Name": "InitPlan 2 (returns $1)",
      "Index Name": "idx_movie_direction_dir_id",
      "Plan Width": 4,
      "Plan Rows": 1,
      "Total Cost": 16.04,
      "Plans": [
        {
          "Parent Relationship": "InitPlan",
          "Relation Name": "director",
          "Subplan Name": "InitPlan 1 (returns $0)",
          "Index Name": "idx_director_dir_fname",
          "Plan Width": 4,
          "Plan Rows": 1,
          "Total Cost": 8.02,
          "Scan Direction": "NoMovement",
          "Parallel Aware": false,
          "Filter": "(dir_lname \u003d \u0027actor1\u0027::bpchar)",
          "Alias": "director",
          "Node Type": "Index Scan",
          "Startup Cost": 0.0,
          "Index Cond": "(dir_fname \u003d \u0027actor1\u0027::bpchar)"
        }
      ],
      "Scan Direction": "NoMovement",
      "Parallel Aware": false,
      "Alias": "movie_direction",
      "Node Type": "Index Scan",
      "Startup Cost": 8.02,
      "Index Cond": "(dir_id \u003d $0)"
    }
  ],
  "Scan Direction": "NoMovement",
  "Relation Name": "movie",
  "Parallel Aware": false,
  "Alias": "movie",
  "Node Type": "Index Scan",
  "Index Name": "idx_movie_mov_id",
  "Plan Width": 51,
  "Startup Cost": 16.04,
  "Index Cond": "(mov_id \u003d $1)",
  "Plan Rows": 1
}

------------------------------

Indicies Configuration #80:
Index hash on column mov_id in table movie
Index hash on column dir_id in table movie_direction
Index hash on column dir_fname in table director
Index btree on column dir_lname in table director

------------------------------

1. The Total Cost of the Plan = 24.05
2. The Estimated Size of the Result Set = 1
3. The Plan of the Query:
{
  "Total Cost": 24.05,
  "Plans": [
    {
      "Parent Relationship": "InitPlan",
      "Relation Name": "movie_direction",
      "Subplan Name": "InitPlan 2 (returns $1)",
      "Index Name": "idx_movie_direction_dir_id",
      "Plan Width": 4,
      "Plan Rows": 1,
      "Total Cost": 16.04,
      "Plans": [
        {
          "Parent Relationship": "InitPlan",
          "Relation Name": "director",
          "Subplan Name": "InitPlan 1 (returns $0)",
          "Index Name": "idx_director_dir_fname",
          "Plan Width": 4,
          "Plan Rows": 1,
          "Total Cost": 8.02,
          "Scan Direction": "NoMovement",
          "Parallel Aware": false,
          "Filter": "(dir_lname \u003d \u0027actor1\u0027::bpchar)",
          "Alias": "director",
          "Node Type": "Index Scan",
          "Startup Cost": 0.0,
          "Index Cond": "(dir_fname \u003d \u0027actor1\u0027::bpchar)"
        }
      ],
      "Scan Direction": "NoMovement",
      "Parallel Aware": false,
      "Alias": "movie_direction",
      "Node Type": "Index Scan",
      "Startup Cost": 8.02,
      "Index Cond": "(dir_id \u003d $0)"
    }
  ],
  "Scan Direction": "NoMovement",
  "Relation Name": "movie",
  "Parallel Aware": false,
  "Alias": "movie",
  "Node Type": "Index Scan",
  "Index Name": "idx_movie_mov_id",
  "Plan Width": 51,
  "Startup Cost": 16.04,
  "Index Cond": "(mov_id \u003d $1)",
  "Plan Rows": 1
}

------------------------------

Indicies Configuration #81:
Index hash on column mov_id in table movie
Index hash on column dir_id in table movie_direction
Index hash on column dir_fname in table director
Index hash on column dir_lname in table director

------------------------------

1. The Total Cost of the Plan = 24.05
2. The Estimated Size of the Result Set = 1
3. The Plan of the Query:
{
  "Total Cost": 24.05,
  "Plans": [
    {
      "Parent Relationship": "InitPlan",
      "Relation Name": "movie_direction",
      "Subplan Name": "InitPlan 2 (returns $1)",
      "Index Name": "idx_movie_direction_dir_id",
      "Plan Width": 4,
      "Plan Rows": 1,
      "Total Cost": 16.04,
      "Plans": [
        {
          "Parent Relationship": "InitPlan",
          "Relation Name": "director",
          "Subplan Name": "InitPlan 1 (returns $0)",
          "Index Name": "idx_director_dir_lname",
          "Plan Width": 4,
          "Plan Rows": 1,
          "Total Cost": 8.02,
          "Scan Direction": "NoMovement",
          "Parallel Aware": false,
          "Filter": "(dir_fname \u003d \u0027actor1\u0027::bpchar)",
          "Alias": "director",
          "Node Type": "Index Scan",
          "Startup Cost": 0.0,
          "Index Cond": "(dir_lname \u003d \u0027actor1\u0027::bpchar)"
        }
      ],
      "Scan Direction": "NoMovement",
      "Parallel Aware": false,
      "Alias": "movie_direction",
      "Node Type": "Index Scan",
      "Startup Cost": 8.02,
      "Index Cond": "(dir_id \u003d $0)"
    }
  ],
  "Scan Direction": "NoMovement",
  "Relation Name": "movie",
  "Parallel Aware": false,
  "Alias": "movie",
  "Node Type": "Index Scan",
  "Index Name": "idx_movie_mov_id",
  "Plan Width": 51,
  "Startup Cost": 16.04,
  "Index Cond": "(mov_id \u003d $1)",
  "Plan Rows": 1
}
The Optimal Configuration is Number 75 with Total Cost = 24.050000

##############################

End of Query Analyzation

##############################

